*** Life<FredkinCell> 9x9 ***

Generation = 0, Population = 3.
---------
---------
---------
---------
---000---
---------
---------
---------
---------

Generation = 1, Population = 10.
---------
---------
---------
---000---
--01-10--
---000---
---------
---------
---------

Generation = 2, Population = 12.
---------
---------
---000---
---------
-012-210-
---------
---000---
---------
---------

Generation = 3, Population = 30.
---------
---000---
--01-10--
-00-0-00-
01-3-3-10
-00-0-00-
--01-10--
---000---
---------

*** Life<FredkinCell> 10x10 ***

Generation = 0, Population = 4.
----------
----------
----------
----------
----00----
----00----
----------
----------
----------
----------

Generation = 1, Population = 8.
----------
----------
----------
----00----
---0--0---
---0--0---
----00----
----------
----------
----------

Generation = 2, Population = 16.
----------
----------
----00----
----11----
--01--10--
--01--10--
----11----
----00----
----------
----------

Generation = 3, Population = 16.
----------
----00----
---0--0---
--0----0--
-0------0-
-0------0-
--0----0--
---0--0---
----00----
----------

*** Life<FredkinCell> 30x7 ***

Generation = 0, Population = 112.
-0-0000
--0----
-000--0
00--000
---0-00
000--00
-0-000-
000--00
-0-----
0--0--0
000----
000---0
000---0
-00-000
-----0-
---00-0
000-000
00000--
0-0--0-
0000--0
--000-0
00---0-
-0-000-
----00-
--0-00-
0----0-
-00000-
000-0-0
---0-0-
0000000

Generation = 13, Population = 100.
6-3-2--
-6--1--
----46-
26-2--4
---3--2
-2---4-
-6---43
5166---
---5224
----2--
4-3-335
4075---
2-3-72-
--3-3--
1-2--3-
-4--1--
-643-14
751---5
2331--3
4-2----
2-----6
-2-54-2
04182--
-53--55
4-54634
0--4-24
-5-8-12
--1--4-
-1--34-
43-4---

*** Life<FredkinCell> 10x26 ***

Generation = 0, Population = 125.
00-0-00000---00--00--0000-
00--0--000---000-0--0-----
-0--00--0-0-0---00000--0-0
----0-----00----0-0-----0-
-000---0---0-0-0-0---0--00
-00000--0---000-00---0-000
0-00--0---00---0-0-000-00-
0-000-00-00-0--0----00--00
0000--0-00-0--0-000000000-
0-------0---000-00-----0--

Generation = 1, Population = 134.
----01-11-0-0---0-10-1--10
-10-10--------110-0-1-0-00
-100110-1010--0--11--00-0-
--0-1--000---0--1-1-00--10
0-1-000----1010--1--010-1-
-----1---000111-1100------
10110-1-0--100-101-111--10
-01-1-110----0-1--0011-011
1-1--010--0-0-10-1--11-1--
1-00--001---1------000-1--

Generation = 2, Population = 138.
-000---22----00-1--10--0--
0--021-0-0-000---0-0--1-1-
0----210-1-10-1-02200----0
0--0-0011----100--2--10021
--2--11-0---1--0020--21-2-
-0-0020--1-----0----0-0--0
212--0201---110-1--22-0---
0-202022-000010--011-2--2-
20---1-100--102----022---0
2--10--120002000-0011--20-

Generation = 3, Population = 132.
-1---10-3--0--1---1-11----
1-----0-01--1-1-010-10-0--
-1---32112----2013311--001
10---1-2---0021-10----1-3-
0--0-2201--1---1---0--2030
-1-1--1-0-0--1-1110-10-0--
-2-101-1200--2-1-----11010
------33------11-1-2-3-0--
31--021211002-3---013-010-
3-021-0-31--3111-1-2--031-

Generation = 4, Population = 121.
--0-02--4-0--0201-2---00--
-1---1-01-0----1-2102--1-0
020-1-322-11--3---4-----12
--001---100---------012--1
1021--31-0-2---20------141
-2---22--11-12-2--102---0-
23---2--3--1130---02-2---1
0--0-0-40--00-----1314--21
-2-----322---0-0-11-42---0
401--011------22--03-0-4-0

Generation = 5, Population = 148.
----1-0-5-1001-1203-111-10
-20-220-2----01203--30-211
13-02343322200----5--00-23
-011-1-2-1-0--101-201-3-3-
213----21----10-1200-2-25-
0--10-----2---13-1-13---10
--210---4----41--113-31-12
102--1--1-0--111--24250032
33-0---43300--31-22--301--
512211---1----3-0--411---1

Generation = 6, Population = 146.
-100221-6-2---2-314--220--
--103310----11-31-10-1-3-2
24--3-5443-3--3---6-1--03-
112-120--201-2---0312-40--
-2-1023-2-02121--311--236-
1-0--2-0-1-0-2241--2400-2-
---2---150--1-211-24---023
-1-0--3--01-0---0135---14-
44-1--1544112-4-03-1441---
-2-3-211-2-0-142---5---41-

Generation = 7, Population = 138.
021133-2---00--1----1---10
12-1-4--210-22-4-321321-1-
--0---65--24-0--1---2--14-
--31231-1-12031-1--2---13-
23-21--2----------220-34-1
-2-1-321-221---5--13------
23-302---1--24-221-5-3---4
-2--214411-0-1--1246-5----
55--0-26--22-051--22--21--
-3-4-32-33013253-106-1-521

Generation = 8, Population = 131.
-3-2-----0-1--22314-2-20-1
---235-03------514----23--
2-1033-64-3-----2-613---53
1--23------3-42-20-32--2--
3-33-233-0--121213--1-4-6-
1----------2-226---4-000--
34--132----13---3----41-2-
1-2-3255--110--1-357-6-1-2
661-1-3-44-3216--333443--0
-4--14-14-12-36--21---0--2

Generation = 9, Population = 122.
0--3-3-2----0133425-------
12-34-----00------21-2----
3-2----------03---72-00164
-133-31-12--0--03-3-31--31
--4-13-4--022--32-22225--1
--010--1-223--3-111-4--12-
45-3-4-----2--22--2-25----
--3-43-6--2-1---1-6-2---43
-7----4--5-432--04-4-5--0-
-5-4-522-32-3--30---1-1523

Generation = 10, Population = 141.
1-143---6-2-1--------2----
231-5--0-111---51-3--3-312
4-30336-4334-14-238-31--7-
-2-43-2223--1--------24--2
------35-0-3-2--333--36-62
1--2-322-334-24---24-0-23-
56-4-52--103-4-33---3610-4
12-05-5-1---2-1-237736-1-4
68-1125646-5-36-153------0
56---633--324-64-----12-34

Generation = 11, Population = 133.
23---3---031-1-34-5-232011
3-2----------2-6-441---423
5--1------4-0250----42--84
--3--33334-3-42------3-233
33--1-462-0423-34---24-4--
2-03-----445-35----54----0
6---1-3---1-35-4---5---125
23-1---62121--21348-4-02--
79--23-75726-471-6--4-31--
--24--4---4353-5-21-123-4-

Generation = 12, Population = 122.
-4--3-1-61-2-2--52613--12-
-3---5---1-1--1-15523----4
643-33664--41-6-238-5-0195
-----44445-4-5-03---3---4-
-44--3-7-----4-453-----5--
-2140--2-5---4661-2------1
--24----51--4--5-1-63-----
3---53--32---1---5975--3-4
---1345-68-73-821-34-54---
5-35----4--4--66--2----5-4

Generation = 13, Population = 134.
2514-3--7--3---3-372-3223-
----561032----2-2--3432-25
754-4-77-345227034-2--1-+-
1----55-56-5162-403343425-
3----44----42-15-4--2-6--2
2--51-23064---------4--23-
6---15---213-5-632---6-1--
-331---643212-----+-------
----456-7---44-3264-4651--
--4--6435-45-3---23--2----

Generation = 14, Population = 116.
3--534--8-3-1---54--3-3---
-----7214---2-3-35-4-43436
--5-5-8--4-633----8-52-1--
--3---646-16-73----45-----
-4-3--5------4-655---4756-
-216-----7-5146-1--55---4-
7-24-6--53--4--7-3-----2--
-4-25--75432-1---5+75-0---
-9--56-----7---4-75-57-20-
-6-5--5---565466---6-3-5--

Generation = 15, Population = 134.
-516----9---2233--7--34-31
3-235-3---1--2----5---45-7
-56--3-74-4-4-7-3-----12-5
--4-357-762-184-40-5-34-5-
35-4146-200----7663-25---2
--27132--8-6257-21266-0251
---51-3--4-355--34--------
-53--35865--2-2-36+--6-34-
7-11-7-7782----5------5-10
57-----3-367----02--14-6--

Generation = 16, Population = 142.
-62---12-13333-4548234-24-
--3467---22123363564--5-3-
-67-54-8-4--5-8-4-82--2-+6
1254---4873----05-3-5--2-3
46----7-------18------7563
2-3--433--4-36863-3--01---
-62-----------274526361--5
-6-2--6976--31-1-7+75-04--
8--2-8688---4---2-5-57---1
-8-5-6545-785---1336253--4

*** Life<FredkinCell> 17x28 ***

Generation = 0, Population = 163.
--0-0------0-00-0000--0-----
-0--0--0-00---00-----000----
0-00---0-0-00---0---0-0--0--
---000---00--0--0-0-0--00-00
0-0---0-00------000---------
-----0-0-0-0000----0---0---0
0---0--0---0-00--00---00-0--
-00-0--0----00-----00---0--0
---0----0--0-00--0--0--00--0
--0---0--00------0--00---0--
----0----000------0-000-000-
--0-----0-0-----0--0---0-0--
-0----000---0-------00-0--0-
--0-0---0-----------0-----0-
-----0---0--00-0-0---0--0--0
--------00-----00-0-0--00---
00000----000-0--00--0-0-----

Generation = 8, Population = 228.
1-0--031-1-21-0---1134------
-32------223------22082---2-
113-0---2---3-2120-4-024-2--
--5-1----241---2224-4-1-3--1
1-321---4--3--1--1---0042---
-23323032502-223-0---0-4-233
---41---3-13---2534----11--0
--1-----4-24------66---3---2
-2-0-22---233-31--143-2-0---
1-0----0----33-3--1--11--8-2
---51--1----1-2-30-4--3141-1
0-30-3-----3-3--202----3142-
1-0-3-5-31----40----130-32--
1----3-02220111-1-144-21--51
20---41143-3432-5-12-1126-01
3---3--------1-322--4---1-32
-1-1--0-23-3-2-----2--101--2

Generation = 16, Population = 230.
33-6627----5---55------6--23
6-6---6-3-3--4----36---3--3-
-----6--6-1--333-1-+623-133+
71---3-22-5--337647-713---54
136-6-4-7-54-23423--2-46--38
349-431-8-63-5-------2-7----
224----5-73753-37-5-255-5--0
--23-------+-7---38-42--43--
---13-4-545---4-1--8-3------
-71--312+344-447-43--23---78
2-------5--7-1-4---44-74752-
243-652---4----242-3-2-6----
---2-17-353-7---4232--1-5---
-3---52---28-634--36-26-3--2
4-4-3-4-------3-5----353---5
5-43--22552--5---44---745-74
----4634-744----8-5-1--32-1-

*** Life<FredkinCell> 17x6 ***

Generation = 0, Population = 4.
------
--0---
------
------
------
------
------
----0-
------
------
------
---0--
------
------
------
------
0-----

Generation = 1, Population = 14.
--0---
-0-0--
--0---
------
------
------
----0-
---0-0
----0-
------
---0--
--0-0-
---0--
------
------
0-----
-0----

Generation = 2, Population = 12.
------
0---0-
------
--0---
------
----0-
------
--0---
------
---00-
------
-0---0
------
---0--
0-----
------
--0---

Generation = 3, Population = 44.
0---0-
-0-0-0
0-0-0-
-0-0--
--0-0-
---0-0
--0-0-
-0-0--
--000-
--0110
-0-000
0-0-0-
-0-0-0
0-0-0-
-0-0--
0-0---
-0-0--

Generation = 4, Population = 14.
------
0-0---
------
----0-
------
--0---
------
0--10-
------
------
------
----10
0-----
------
0-----
---0--
--0-0-

Generation = 5, Population = 39.
0-0---
---0--
0-0-0-
---0-0
--0-0-
-0-0--
0-000-
-00210
0--00-
------
----00
0--021
-0--00
------
-0-0--
0-----
-0-0-0

Generation = 6, Population = 23.
------
--0---
------
0-0---
------
---10-
------
011--1
------
0--1-0
0-----
--01-2
--0---
---000
----0-
-0---0
------

Generation = 7, Population = 49.
--0---
-0-0--
0-----
---0--
0-000-
--0210
000000
1-221-
-000--
100---
100---
00-2--
-0100-
---111
-0--10
0-0---
-0---0

Generation = 8, Population = 14.
------
--0-0-
------
---1--
------
--1---
------
2-3---
0-----
--1---
2-----
-1-3--
------
------
------
---00-
----0-

Generation = 9, Population = 32.
--0-0-
-0---0
--000-
--0-0-
--00--
-0-2--
0-----
3--2--
10----
-0-1--
--00--
----2-
-0-0--
------
---01-
--01-0
----10

Generation = 10, Population = 32.
------
0-000-
------
-0--10
------
--131-
1-----
--3-1-
--0---
-1121-
--1---
-103-2
0-----
-0--1-
----2-
-01--1
--0-2-

Generation = 11, Population = 60.
0-000-
--1-10
0000-0
0-0121
-000-0
002-20
-0-0--
314--1
------
12--20
-0-000
-214--
-01000
--0121
--003-
01-10-
--1---

Generation = 12, Population = 32.
------
------
------
1-1--2
0-----
1---3-
1-----
425-1-
--0-0-
2-1---
--1-1-
03252-
0---1-
--1---
0---4-
12---1
0---2-

Generation = 13, Population = 39.
------
------
0-0--0
2--12-
-00-00
-0-3-0
--0---
----21
----10
---2--
---020
--3-32
1---20
-0-1--
1-00--
231-0-
1--0--

Generation = 14, Population = 34.
------
0-1--0
1-----
3-12-2
--1---
11--31
----0-
--52--
------
--132-
----3-
03-543
--1---
0-12-1
2-----
3----1
2-----

Generation = 15, Population = 50.
0-0--0
1--01-
-0-0--
4--3--
--2-0-
22-3-2
100-1-
-263--
----1-
-22--0
2010--
143654
--202-
1--3--
-000--
-3--0-
30---0

Generation = 16, Population = 14.
1-----
2---2-
1-----
---4--
------
------
------
--742-
------
------
------
-5--65
------
--1---
------
------
4-1---

Generation = 17, Population = 42.
20--0-
-0-0-0
20-00-
4-1-2-
---0--
------
--001-
-28-31
--001-
------
-0--30
1-3676
-02-20
-0-3--
--0---
3-1---
---0--

*** Life<FredkinCell> 7x2 ***

Generation = 0, Population = 3.
--
0-
0-
--
--
--
0-

Generation = 6, Population = 4.
--
--
--
3-
3-
2-
1-

Generation = 12, Population = 3.
6-
--
--
--
4-
2-
--

*** Life<FredkinCell> 18x1 ***

Generation = 0, Population = 11.
0
0
0
0
0
-
0
-
-
0
-
-
0
0
-
0
-
0

Generation = 4, Population = 9.
-
0
-
-
1
-
0
1
-
0
1
1
-
-
-
1
0
-

Generation = 8, Population = 14.
1
1
3
1
-
-
2
5
3
-
2
-
4
3
2
3
2
1

Generation = 12, Population = 10.
3
3
-
5
-
2
-
6
5
1
-
-
-
3
3
4
-
-

Generation = 16, Population = 6.
-
-
5
6
-
-
-
8
-
-
5
-
8
7
-
-
-
-

*** Life<FredkinCell> 8x27 ***

Generation = 0, Population = 27.
------0-0-0----------0--0--
-------------------0----0--
----0----------------------
-----------0-0-------0----0
---0-0-0-0---------------0-
------------------0--------
----------------0-----0----
-00-----00-0------0---0----

Generation = 1, Population = 75.
-----0-----0-------00-0010-
----0-0-0-0-------0-00-010-
---0-0-----0-0-----0-0--0-0
---000-0-00---0-----0-0----
--0-------00-0----0--0--0--
---0-0-0-0------00-0--0--0-
-00-----00-0---0-0---010---
0110---011--0---00-0-010---

Generation = 2, Population = 70.
--------0---0------1-0112-0
-----------0-0---0----0----
--01-1-0000----------1--10-
---------1-0-0-0--0----0--0
-0-00----0-1----0-----00---
-00-----01---0--1-0-001---0
---0-0-0-1----0---0-0---00-
12210-012-0--0--1-----2-0--

Generation = 3, Population = 101.
-------0-0-------00--12-3--
--00-0-0-0--0-0-0-00-01--00
-012---1-110---0-00-0---21-
-00-00-0--01-----0-0-0-1---
010110-----20---10--0---0--
0-1000--12000--02-1-----0--
0-010-01-2---0-0-01-1--0-1-
2--2101231-00--0-00-00--1--

Generation = 4, Population = 74.
--00-001-10-0-0--1--0-----0
---------------0--110--01-1
0-----0---2-----0----10-3--
-11----10--2---0--0-----00-
-2-2-1000003-0----------10-
-02-----23-1--0---20----1--
----1-------0---0-2-2-1---0
32--2-23---11-01-----12----

Generation = 5, Population = 110.
-011-1-2-21-----0---11-1301
0-00-0-0-0--0-----2----1--2
--1--1--01-----0-0-0-210--0
--2--00---03000--0-0-0011-0
0----2-1-1-4---0---0---02-0
0-3-000---02---020-1--102-0
0-01200102-010----30-02001-
43223-343-02--12--0--2-0--0

Generation = 6, Population = 104.
-12--2-3--200--0-10122-----
-01----10--0-0-00---0------
00--0---1--0-0---101--21-1-
0130011-0114--1001----1----
12-----------0-1--0-00013--
--40---02313-00--12-0---301
-012-1-213-1-1--0-----3-120
--33-0-5-11---23101-0321---

*** Life<FredkinCell> 6x12 ***

Generation = 0, Population = 20.
--0--000--0-
----0--0---0
0----0------
-------0--0-
00--0-0--0--
-0----0-0---

Generation = 17, Population = 32.
6----3-23-43
3--55--5-55-
---65743-2-4
---1----5625
-53--8------
---33--5-55-

*** Life<FredkinCell> 25x10 ***

Generation = 0, Population = 117.
---0--0000
-----0-0-0
0-0-00--0-
0-0--0-000
000-0000--
0--000----
0---0-----
0-----0000
0000-00-00
-0----00--
-000000-00
00--0-0---
--0--00-0-
--0000----
-0-000---0
0-0-----00
----0-0000
-0----0---
-0--0000-0
00--------
---0-0--0-
0---0-0---
--0000---0
0-000-0000
00-000-0--

Generation = 1, Population = 130.
--0-0-11--
0-00-101-1
1-1-110010
-0-00-0-11
1--0-----0
---1---0--
-0--1-0000
--000---1-
-1-1-11---
--0-00110-
-1--1-1011
1-0-1--0-0
0-1-0----0
---111--00
----1-0--1
-0---00--1
0000----1-
010----00-
--001-11--
1-000-0000
-00-0--0-0
-0001--000
-0-1-100-1
10--1-11--
-10-1101-0
