*** Life<ConwayCell> 4x4 ***

Generation = 0, Population = 4.
....
.**.
.**.
....

Generation = 1, Population = 4.
....
.**.
.**.
....

*** Life<ConwayCell> 5x5 ***

Generation = 0, Population = 3.
.....
.....
.***.
.....
.....

Generation = 1, Population = 3.
.....
..*..
..*..
..*..
.....

Generation = 2, Population = 3.
.....
.....
.***.
.....
.....

*** Life<ConwayCell> 5x5 ***

Generation = 0, Population = 4.
.....
..*..
.*.*.
..*..
.....

Generation = 1, Population = 4.
.....
..*..
.*.*.
..*..
.....

*** Life<ConwayCell> 5x6 ***

Generation = 0, Population = 6.
......
..**..
.*..*.
..**..
......

Generation = 1, Population = 6.
......
..**..
.*..*.
..**..
......

*** Life<ConwayCell> 6x6 ***

Generation = 0, Population = 5.
......
..*...
...*..
.***..
......
......

Generation = 1, Population = 5.
......
......
.*.*..
..**..
..*...
......

Generation = 2, Population = 5.
......
......
...*..
.*.*..
..**..
......

Generation = 3, Population = 5.
......
......
..*...
...**.
..**..
......

Generation = 4, Population = 5.
......
......
...*..
....*.
..***.
......

*** Life<ConwayCell> 8x9 ***

Generation = 0, Population = 16.
..*.**...
...*..*..
*........
*....*..*
.*.......
..*......
.**.*....
..*.....*

*** Life<ConwayCell> 12x46 ***

Generation = 0, Population = 159.
..........**...*........**..**...............*
.*....*....**.........**.*....*.*......*...*.*
*..*.**.....*..***...*.*.........*........*...
..*..*...***...*.....*..**.....*..**.*..**....
.*....*....*.**..*.....*......*.*.***..*.*.*.*
*....***..*.***......*.....**...***..*....*.*.
.*.*...*.*.....*.....*..*......**..*.*.*.*..*.
.....*.....*...*....*.....*....**.***.*.*.*.*.
*......*.*...**...........*..*.........*..*...
*...**..***.**...*....**.......*......***.*...
...**......*.*...*..........**.......*.*..*...
.*...*.*..**.**..*..***..*....*......*......**

Generation = 7, Population = 99.
.............................*...*............
.........**..*...............*...*.....**.....
.....**.....***.............*....*....*..*....
....*....*...**..............**........**.....
.....*....*..................**...............
....*.....*..*..*...*..*.......*..**........**
.....*.**..***.*....*..*.......******.......**
........*****........*.*.......*****........**
......***.**.*..........................**....
............**.........................****.*.
.......**...**..***.....................*..*..
.........................................***..

Generation = 14, Population = 85.
..............................................
.............**...........**...........**.....
...**...*....**..........**.**........*..*....
..***..***................*.***........**.....
.*..*..***.................*...*...*..........
..**..................*.........*.*.**........
...*....***..........*.*........***...........
.....................*.*.....*...*...****.....
......*...*...........*......*.....******.....
......****....................**.*....*.......
.......*........................*......*..*...
.......................................*..*...

Generation = 21, Population = 87.
...........................**.................
........*....**.........***.*..........**.....
.*...*.***...**.........****..........*..*....
*.*.*...*.*.............*..............**.....
***.*.*.........................**............
...***...***..........*........*.**...........
............*........*.*......*........**.....
.....**.**..*........*.*.......*.*....*..*....
.....*.***..*.........*.......*.......*..*....
.....*..*.....................**.......**.....
.....**..**..................**...............
..............................................

Generation = 28, Population = 86.
........................*****.................
........*.*............*....*..........**.....
.**...***.*.*..........*.*............*..*....
*.*.......*.**..........**.............**.....
*...**...*.**.................................
....**.***.*..........*.......................
**.**...**.*.........*.*...............**.....
....**...**..........*.*.....*........*..*....
....***.*.............*....***........*..*....
......*....................***.........**.....
.............................***..............
.............................***..............

Generation = 35, Population = 65.
.......**...............*****.................
.**...*................*....*..........**.....
**.....**.....*........*.*............*..*....
.*.*....*..*............**.............**.....
..*........*..*...............................
......................*.......................
.....................*.*...............**.....
.......*..**.........*.*..............*..*....
.....**..*.*..........*...............*..*....
.....*..****...........................**.....
......****....................................
.......*......................................

Generation = 42, Population = 50.
........................*****.................
..**...................*....*..........**.....
.*..*..................*.*............*..*....
..**....*...............**.............**.....
......*.*.....................................
......***.............*.......................
.....*.**............*.*...............**.....
.....*..*............*.*..............*..*....
......**..............*...............*..*....
.......................................**.....
..............................................
..............................................

Generation = 49, Population = 53.
........................*****.................
..*....................*....*..........**.....
.*.*...................*.*............*..*....
.**.....................**.............**.....
...........*..................................
.......**...*.........*.......................
......**..*.*........*.*...............**.....
........****.........*.*..............*..*....
.......***............*...............*..*....
.......**..............................**.....
..............................................
..............................................

*** Life<ConwayCell> 8x29 ***

Generation = 0, Population = 44.
...*..*.*.....*...*.*....*...
......*.....*..*..*........*.
...........*.*......*..*.....
.*.*......*.*...*............
.*..*..*.*.......**..*..*....
..............*......*.......
.*.........**...**.....*.*...
.........*..*..*..*........**

Generation = 9, Population = 21.
.............................
.............................
........***..................
........**.**................
.........*.**.....**.........
.........*..*........*.......
..........**.....*...*.......
.................*..*........

Generation = 18, Population = 24.
.........**..................
.........**..................
..........***................
..........*..**..............
..........*....**...*........
..........*.****...*.*.......
...................*.*.......
....................*........

Generation = 27, Population = 6.
.............................
.............................
.............................
.............................
....................*........
...................*.*.......
...................*.*.......
....................*........

Generation = 36, Population = 6.
.............................
.............................
.............................
.............................
....................*........
...................*.*.......
...................*.*.......
....................*........

*** Life<ConwayCell> 42x41 ***

Generation = 0, Population = 582.
*....*..***..*...*..**...........*.*..*.*
.*.**..***..*.....*..*..*..*.***.**.*....
****....*.**.....**..*.**.....***.*.....*
..**..*.*.*...*.*..............*....*..*.
.**.....*..*.*.**..*......*...*.*.....*.*
...***.........*.*.*..*...*....*.*.....**
......*.*..*.*.*......*.........****.....
..**..*******..**.*.*..***.*.*...**.*....
*.....***.**.*....**..**.....***.*..*.**.
.......***.*..*.*..*..**......*.*........
......*.*.*.*......*....*....*.**.*..*...
.**.........*.***.**.*.*.*....*.*..*....*
*...***.....*...*.........*....*.*....**.
**.*..*.*....*...**..**.....***.*...*.**.
*.*...***.....*.*......**...*.*.**.*..*..
...**.**....*.*.*.*..*..***....****..*..*
..*.*.**..**.....****..*...*..**.*.*.**..
................*.*.*...*..*.**..........
*..*...*.......*...*.**.*.*..*...*...*...
..*.*..*.*.*.**.....***.*.....*....*..***
..*..**.*..**.*....*....*..*.**..*..***..
.*.....*...*....*..*.**..*....**.**..*.*.
...**.*...**.....***.....**.*..**.*......
.*....*....**....**.......*...**..**...*.
......**.*.*.............*...*..***...*..
....*.*..*.*....*..*.....**.........***..
..*.....*.....***.*..*.....*...*..**.*...
.**..**.*.**.**....**..**.*.........*..*.
.....***..*.........*..*.*...*........*.*
*.*.....**.........*..*.*..*........*....
...*..**.*..***...*.***.**.....*.*.*.*...
*..*....*...*.....*.**...*.......**.*.*..
.*.**.*.*..**.**.**...*.*.**....*****..*.
*....**....*..**.....*...*..*...*.....*.*
.**..**....*.*.....*.*..*.*..*.**.*....*.
**....*............**....*.*...****...*.*
..**.*..***..*...*..***.**.......*..*....
....*..****.*.**.***.**...*.*...*.*......
........*...*.*.*.***.....*.**..*..**.*..
*...**..*.**.*.*...*.*..**.*.*..**.......
..*.**.....**.......*..**..*.***..*..*...
*...*.....*..*......*.***.....*......*...

Generation = 6, Population = 395.
...**....*.*........***..................
...**....*.*........*****................
........................*......***.....**
........*..*..........*.*........*....*.*
.......*.*.**.**.....**........*.*.....*.
.......*..**.*.**....**....*.............
....*..*....**.......***....*............
....*.*......**...***.*..*.*.**..........
.....*.....................*.**.......**.
..............**.....*.....**..*..*..*.**
.......**.*....**....*...****.*.**.*.....
......**...*.......**...*****...*........
.....*...*.*.....**.*.*..*.*.*.****......
...*..................*......*....*......
**....*..........**.*.*.*..*.**..........
........*.****......*.*.*..*........***..
......**..***.**..*.*............***.**..
........*.****.**.....*.*.*******.***..*.
..**......**..*......**...*.**.*.......**
..**......***..*...*.**.***...**.****..*.
...........*....**.....*..*...*...**.....
.......*....*................*..*........
......**.....................****........
.....*...........*.*......*...*..****....
...*.........*...**.****..............***
..*....*.....*.....*.......*..**......*.*
..****.**.....................*.**......*
..*..............*.**.*...*......***....*
...**........**..*.*.*.***.........*.....
*..**.......*..*.*...................**..
...**.......*.*.............*........*...
..............*...........***............
..*...**......*..........*...............
......**......**...*...**................
*.....**.*..*.**..*.*...**........**..*..
.**...**..**.***......*.**............*..
..*....*****...........***...............
................*.......**...............
...........*..*..*...*...................
..........**...*.*....*.....****..**.....
..........**..*...*..*.....**.**.........
............***.....**.....**............

Generation = 12, Population = 307.
...**....................................
...**........*..................**.......
........**..*.........***......*..*....**
......***....***.....*..*.....**..*...*.*
......*...*.....*...*.***....*****.....*.
......**..*..*..*...*.......*.*.*........
.........**..*..............*............
............................**.*.........
.............****............**..........
....**...................................
....**...........................*.......
..........**....*..*.....**.......*......
.........*.*....*....***.**.*...**.......
.........**.....*.**...*.*.....**........
.................****..*.**....*......**.
......**...........*.**..**.*.**.....*..*
......**..........**....*.*..*...**..***.
......**.........***..**......**.....***.
..**.............*........*...**....*....
..**...........**.**...**..*.............
...............*.*.*........**......*....
.................*.*....*.....***...*....
....***.........**.***.*........*........
.................*.*..**.........**......
.....**..........*.*..**.........*.*...*.
..................**..**........**.*...*.
...............*..............***......*.
.....**......**...............***........
......*......***.................*.*.***.
...*..*...........................**.**..
..*.***......**............*......**.**..
...**.**......**............**...........
......***.....**..........*.*............
.......*.*.....**........***.............
.........*.....*.........***.............
.....****.....***........................
.....***........*........................
............*....*.*.........**..........
..........*..*...*...........*.*.........
..........*...*....**........*.**........
.............*......*.........**.........
..........****................*..........
