*** Life<Cell> 20x16 ***

Generation = 0, Population = 138.
0---0-----00000-
00------00-00--0
0---------0000-0
0000----00--000-
-0-0-00--0--0---
-0-0000-000----0
-00--000-000--0-
-0----0-------0-
--0-0000---0----
0---00-00------0
0-00-------00-00
00-0---00-000-0-
00-000000-0---0-
--0---------0---
-----0-0-----0--
0000-00-0-0----0
0----0-0--00-0--
--0--00000-000--
0--00000-0-00---
00----0-0-0-0---

Generation = 2, Population = 185.
*---0-0-10**-0--
-*----01*--**1-*
-111000-0---00--
0*0----1--00--*0
0-1-1-011001*0-1
10-000*-*000---0
1**000-*-0--11--
1*--1-01011-0---
-00-----001-10-1
-----01-*1-010-*
0--001--00-00--0
-0-00100----0000
-01000---0*001*1
1-0-1010--110--0
-1--1*1000---011
-00-----00*00--0
--0-100*10-----1
0-0---*-0---*01-
-0-*0*000-----0-
-*-110*1-101*10-

Generation = 4, Population = 153.
.00100-110.*-*-1
1*0100*-*1-..*-.
0*.--0-----*----
-.-----.*00-*-*-
00*-.10..*--.---
.00--**0*-*---1-
.*.---0*00*1-.*1
1*1-.1-*-110-11-
0-*11-1-*--1*-0*
*---00*0.*1--00.
00--**---0------
1*----0---1**---
--.*0*-11-.-0..*
--*-.0.-011*0110
-*11-***-0-0--1.
1--*--1--0.-*0--
*-0-*0-*1-010--.
---00-*0----.---
---.*.0---1-1--1
-*01**.-1*--*-01
*** Life<Cell> 17x12 ***

Generation = 0, Population = 132.
0--00-0-00--
-0000000-000
000-00--0000
-000-0--00-0
-000-0---00-
00-000000000
-0--0-0-000-
---00--000--
000-00-0-0-0
000000-0-0--
000000000000
000--0000000
-0---0--0--0
--00-0000--0
000000-000-0
-0-00000-00-
---00-0-00--

Generation = 1, Population = 107.
-----0101--0
0-11-111-11-
1-1--1----11
-1--0-00-1-1
-1110--001-0
110-111-1--1
-100-01-1---
0--11---11-0
-1--1---0---
1--1-10-0---
1--11-1-1-1-
-----111-111
-1000-00----
00--01-11-0-
111-11-11-01
-101-11--11-
-00--0101---

Generation = 2, Population = 103.
0-000-*1*---
1--*-**-0*-0
*0*--*0--0--
-*0-101-0*0-
-**-1-0-1---
*-1--*-0--0*
0-1---------
-0----00**--
0-00*-00---0
*-0*-*---00-
*00-*--0*0*-
000-0*--0***
-------1-0-0
-10-1-0*--1-
---0-*0--01*
-*-*0*-00*--
0---0-*-*-0-

Generation = 3, Population = 107.
1-1110*-*--0
--1.0..1-*--
*1.--.100--1
-.1--1*--.11
-..-*-10*--0
*1-0-*1--01.
11*0-01-1000
0-0110-1*.00
11-1*0------
*01.-*------
.111.011.-.-
-1---*11-..*
0----0-*01-1
0*10-1-*10*0
---1-.-1--**
-.-*1.-11.10
----10*0*0-0
*** Life<Cell> 16x24 ***

Generation = 0, Population = 53.
-------0-0-0-0----------
---0-----0-------0------
-0-00---------0---------
--------------------0---
-00--0--0---00----------
-00------------0-----0--
--0-0---0--------------0
---------------------00-
------------------0--0-0
------------0---------0-
---------0-----------0--
--00---0-0----------0-0-
----0-------------0-----
0----------------0000---
-----0-------------0----
-------------0-------00-

Generation = 1, Population = 132.
---0--0--1----0--0------
-001---00100-00-0-0-----
0---10---0---0-0-0--0---
--0000--0---000----0-0--
0--00-00-0-01100----00--
0-1000------000-0---0-00
--1--0-0-0-----0--------
--0-0---0---------0-0-10
------------0----0-001--
---------0-0-0----0--0--
--00---0010-0---------0-
-011--0--10-------00-0-0
0-0--0-0-0--------1---0-
-0--00----------011110--
0---0-0------0---0-1-00-
-----0------0-0----00110

Generation = 2, Population = 132.
-0-100---*-0--10--------
-1---0-1---1---0---00---
---0--0001-0----0-------
-011-----0-----0-00--10-
10011-110--1---1-------0
1--11--------1---0-01011
00--01--0-0-00----0-----
-01---------0--0---010*1
--0-0---00------0--11--0
--00---0-10---0------1--
----0--1---0-------0-0--
-1--0--0-*-00----0-1----
--1--10--1------0--000--
0--0---0-0---0-01***--0-
---01--0---------10--1--
0----------0-0-0-00--**1

Generation = 3, Population = 183.
01-*--000.-100*-0--00---
0*0--10*--0-0--1--0110--
---11-11---10--0--00000-
--**----010---0101100*1-
-11---*-1-0-110*0-000-01
-0--*-00--00-*000-01----
-----*00------00---0----
---0-0---0001-0-----*-*-
---0-0--1---0-0--00--1-1
-0-10-010-1--0-00----*00
-00-100-0--1--0--001-10-
0--11--1-.--10----------
0----*100-0000--10-1-1--
-0-1-0-1-10-0--1*...-0-0
--0-*00100-0-----*1-0*00
-0-00--0--0--------00***

Generation = 4, Population = 147.
--0.0--11.-*1-*0-0------
-.11-*-.-1-----*-0------
000-*0---10*-0----1----0
--..------------1----.*-
1---10*1*0-1**-.101--0-*
11-1.01--0-10.-----*--11
-0-0-.1-00--0-1----1--0-
--11---0-1-------00-*0*-
-00-01--*---101--111-*-*
010-----1------110-00.1-
--1-*---11---0---1-*----
1--*-00*0*00----0-0---0-
1----*--11----0--1---*00
--0-0-------1-0*...*--01
-0--.1---------0-**1-.11
0-01---1---------0-11..*

Generation = 5, Population = 175.
-11.--0**.0.*-*--10-----
0.**-*0.-*--00-*-1-----0
1--1*-1-0--.--000--0----
-0.*--000-0-0--1*----.*0
*---*1.-*---.*0.--*-0--*
---*.-*-0---1.0-00-*1---
-11-0**0110-1--0-0-*----
-0---0---*0--0--0---.1.-
--101*0-*--0*-*--**--.-*
1*11-0-1----0--*-1011*--
--*0*-0-*--10-000*0*----
*1-*1--.-.-11000------1-
*010-*-----0001----10*--
0----0--01-0---*.*.*1-1*
--00*-01----0--1-*.*-*-*
-01*000-0------0010-*.**

Generation = 6, Population = 190.
-*-*---***-**0*-0-10---0
1...0.1.0*-1-1-.0*-1--0-
*--*.0-11-0*--1---1-0-0-
0-**0---1-----0-*1100.*-
.--1**.-*00-*.-.--*010-*
11-*.0.0--01*.101-0.-0-1
0-*01..-**--*----1-*-0--
01110-000.--1----000.-.1
00-1-.10*--1*0*--..-1*0.
*.-*-1--1--0-00.1*-*-.10
-0.-.0-1.10-10---.1.-10-
*--.--0.0.0*-1---00-0--0
.1--0*1-110111-0-11-1.00
1----1--1*-110-*....--**
0--1.--*00---00-0...-.-.
01*.1--1-0--0-0--*11****

Generation = 7, Population = 196.
-.-.---*.*-*.1*-11*-0---
****-*-.1.0-0*0.-.-*-01-
*0-..-1**11*0-*0-0*-1--0
1-*.-0-----0001-.--11.*-
*1-*.**-*--1*.-.--.1*-0*
-*1..1*-00--*.*-*01.---*
--.--..0.*--*010-*-*-10-
1**----11.----0-0---.-.-
1-1--.-1.00-.1*00..1**-.
*.1.-*-1*--1-1-***0*-.*1
0-.0*10-.*--*1--0.*.-*-0
*1-.101.1.1.--000-1-1-11
*-101.--**1-**-1----*.-1
*--1-*--*.0-*10*.*..10**
----*10*11000--1-***0.-.
--**-00*0100-010-*--***.

Generation = 8, Population = 175.
0*1.-00.**0*.-*-*-*0--0-
*.*.-.-.*.1--.1.0.0.-1*-
.-0**0***-*.1-.1-1*-*-0-
--*.0100-1-1----.1--*.*0
*--*...-*-0-..-*10.-*--*
-**.*-.0--0-..*0*1*.101*
0-.--..1.*00*--1-.0.-*1-
-.*1--0**.0-10--1---.-*-
-0-1-.1-.11-*-.11..-**-.
*.*.-*0-.1--0-0...1.-..-
--*1.---.*--*--0-...-*--
**-.*1-.*.*.-111--*-*0**
*1*1-.10*.*-*.---111*.0-
.0-*-.--..-1.*-*.*..*-**
0-01.-1.-*-1-00--*..1.-*
-1.*1-1.1*1-01---*--**..

Generation = 9, Population = 181.
-.-.011**.1*.1.-.-*10-10
*...0.-...--0**.1.-.-**0
.01..1...1*.-0.-0-*-*0--
10*.-*1---------.--1*.*-
.-1....1*01-..-.*1.1*-0.
1***.1.1----..*-.**.-1**
--.01..-..--*--*0.1*-.*-
1**-00-...-0*100*00-*1*1
---*1.--.---*-**-*.1.*-.
....0*-1*--1---.*.-.1*.-
--**.-0-**-1*-010..*-*-0
*.1.**-.*.*.1*--0-*1.1.*
.-.--**-*.*1*.1-1-*-..-1
.1-.0.-1**-*.*0..*..*-**
--1*.1**-*0*011-0***-.-*
--.**-*****01---0.11**..

Generation = 10, Population = 155.
0.-.---*..**.**-.1.-10--
.*.*1.1**.--1.***.-.1..-
.--****..*..-1*11-.0.-00
*1.*0**-1----0--*1--..*0
.1-.**.-*-*1..0.*-.-.0-.
**...-**-00-...-....-*.*
--.--.*1..--*-1.-.*.-..0
***-110...01.-1-.1--.*.*
10-.*.-1.--1.1..-..-..-.
..*.-*0**-1*0--..*-***.1
00*..1-1..0-.11-1.**0*-1
.**.*.1.*...*.1---*-.*.*
.1.-1.*0...*..*-*1*-**--
.--*-.0-..-...1......-**
--*..*..-.1.1*---...1.-*
--***0.....1--101.-**...

Generation = 11, Population = 143.
-.-.0--**..****-*-.1-11-
..**-.-.**1--....*-**.*0
*-1......*..--.**-.-.0--
*-..-..-*-01011-.*11.*.-
.-1*...-*0**..-**-.-.1-*
**...-..01--.*.-....1...
--*-1..-**--.-*.-...-..-
*.*----...1-.-*0.---..*.
--1.*.1**-1-.-..-.*1.*-.
..**-*-.*--.110..*1..*.*
11..**-*..1-.*---...1.--
....*.*.*..**.-1--.-....
.*.-*.*1......*-.-*-**--
.1-*-.1-..0**.**.*.**-**
-0*..**.-.-***110..***-*
-1***-.....---*-*.1**...

Generation = 12, Population = 162.
-.1*-11**.****.-.-**1*--
.***-.-*..*-1**..*-*...1
.-**........11***1.-.1-0
.1**-..0*--*--*1.*-*.*.0
*-*....1.1....-**-*1.*-.
.*...-.*1*-1..*0....-...
--*--..1*.--.-**-...0..-
..*1--0...*1.1*1.-00....
10-.*****-*1.1.*-*****-.
..*.-.-.*1-***1..*-..**.
***...0***--..-1-...-.-1
**.**...*..***--0-.-**..
..*-*.**..*...*1*-*1**-1
*-0*-.--..1......*...-.*
01...**.-.-...-*-.....1*
0-.**-.....11-*0***..*..

Generation = 13, Population = 151.
-*-*-*-****...*-.-**-.10
.*..1.-****1*....*0*.*.*
.0..*..**...-*...*.-.*--
.*..0..-*-0.--.*..1*.*.1
*-.*..*-.*....0..1*-..0.
.**..-*.**--...1...*1...
--*--.*-..0-*-..0..*-..-
..**--1...*-.-.*.---.*..
*11.***.*1.*.-.*-*...*-.
..**0.-..-1*.***.*-*.**.
*.....1...1-..---...1.--
*...*.....****-110.-.*..
*..-**.*.**.***-*1*-.*-*
*1-*-.-1..*...*..****0.*
1*...*..-.1*..-*-.*...**
1-..*-.....**-*1**....*.

Generation = 14, Population = 151.
0.-.0.-*.......0.-.*1.*-
**.***1....-**...*1*.*.*
*-****......-...**.-.*0-
****1*.-*1-.-1*.*.-***.-
*1.*.*.1..*...-***.1.*-.
.***.1*.**--...-**.**...
--.--**1..1-.0.*-..*-..-
....---...*-.-.*.1-0*...
.-*...**.*.**1.*-.*..*-.
*.*.-.-*.--**.**..-..**.
.*..**-..*-1..1-1**.-.0-
**..*.*.......1**-*-***.
*..-***.**.....1.-.-.*-.
.--.-*1**...*.*.....*-.*
*.*.*...-.-.**1.-...*..*
*-...-....***-****....**

Generation = 15, Population = 142.
1*-*1.-........-.1.****-
*.....*....1.....*-*...*
.-..........1.***..-..1-
....*..-**-.0**...1*...-
.*.....-..*...-....-.*0.
**.*.*..**0-..*1.*.*....
-1*01*.**.*0.-**-*..0..-
....-1-.***-.-.*.-0-*...
.1....***....*.*1.**.*-.
..**0*-*.-1.......-..**.
..****-...-**.---.**1.-1
**.*..*****...-..0*-*.*.
**.1*...**...*.**-.-..-.
.-0*0.*.**..*.**....*-*.
.*...***1.1...*.0....*.*
.1...-.....**1***.....**
*** Life<Cell> 20x28 ***

Generation = 0, Population = 51.
------0------0-----------0--
---------------------0------
------0---------------0--00-
--0-------------------------
0-----0---0--0----0-------0-
-------------0-----00-0-----
0-0-----0-----0-------------
----------------------------
----00---0------0-----------
--0-0----------------0---0--
----------------0------0----
----------0-0---------------
-0-----------------0--------
-0------------0-------------
----0---------------0-----0-
---0-------------0-0--------
------------------0---------
---------0------------------
--------0----0-------------0
--------------------0-------

Generation = 1, Population = 143.
-----0-0----0-0------0--0-0-
-------------0------0-----0-
--0--0-0---------------00110
00-0------0--0----0---0--0--
-00--0-0-0-0010--0--0-0--0-0
--0---0-0-0-01-----11--0--0-
---0---0-0-----0---00-0-----
0-0-00--00----0-0-----------
--00-10-0-0----0-0---0---0--
-0--1----0----------0-000-0-
--0-0-----0-0--0-0---00-00--
-0-------0---0--0--0---0----
010-------0-0-0---0-0-------
010-0--------0-0---00-----0-
-0---0--------0--0---0---0-0
--0-------------0-0-------0-
---0-----0------------------
----------0--0----0--------0
-------0----0-0-----0-----0-
--------0----0-----0-0-----0

Generation = 2, Population = 149.
----0---0--0-0-0------00--10
--0----------------0---0----
0---0---0-0-------0-0--1-**1
1---0--------1-----0001-----
----0-0-0--11-100---1-1-010-
--1--------0---0-00-*00-0---
0-0--0---1--00----0-------0-
--1-1--------0-----0000--0--
0--1--1-1--0----0-0----0----
0-0-*-0---0-0------0-------0
-0--10---0----0-0-00-1---1--
-10-0---0-0-0--------0---0--
---00-----------00--10-0--0-
----------0-----00-1--------
-10---0------------0--0-0---
-----0---0----00-0-0-0------
----0---0----0--0---------00
---0---0---0-----0-00-------
------0---00---0--0------0-0
---------0--------0-0-0-----

Generation = 3, Population = 250.
--00-0-0-00-----0--0-01-00*1
00-0------00-0-0--------00--
100010-0---0-0---0--1--*-.**
*0-0-00---00---00--1----0--0
0-001----00-*1*11-0-------10
00*0000-000101-101--*---1---
---0--0-0-0-1-00--1-----0--0
-0*0--0-00-0-10-0-01--1-0---
100-01*--0---0-0---000--00-0
10-0*0100--0-00---0100-0-00-
-100*1----0--0----1--*0-0*00
0-10---0-0---00--000--0001--
-1-1-0--0---0--0--0-*---0--0
-1000-0--0-0---0---*-0000-0-
0*10---0-00---000-0-0----0--
-00-------0---110--1----0-00
-----------00----0--00---011
--0--------100-0--0110---00-
---0-0----1-0-0-0-1---0-0---
------0-0--0---0-01----0-0-0

Generation = 4, Population = 160.
0-1------1---0---00--1*--1**
-------------1---0-0000---0-
*-----0-0-0--10---0--00*0.**
.-----1------------------00-
-----0----1-.*.-*0--1----1*-
--.-1----1-----*1*01.0-0*00-
0-0-------1-*---0-*-0-00-00-
--.-------0-0---------------
-----*.-110-0-----011-----0-
-1--.-*-1----11--0-*110--1-0
0-1-.---0---0-0----0-.---.11
---1--0-0-----1-01-1--------
-*--0----0-----10-1-*--0----
-*1-10---10-------0.-1---0--
1.-----------0--------000-00
-------0--1-00-*----00-0----
-0------------0----0--0-----
-0---0-------10-----*-------
--------00--10---0--0--0-000
---0-----0------01-0----0---

Generation = 5, Population = 242.
---0----0-0-010-0-1---*00***
--0---0-000-0---01-1--1-0--0
.0---01----00-10------1*1..*
.-----*00-----0-000-0010--1-
-----------1...-.------0-*.0
0-.0----0-0-010*-.1*.-0-.-10
---00-----*-.0--10*0-01-0--0
0-.--0--0----1--0--1--10-0--
-0--0..0----1-0---1*--0-----
----.-.---0-0*-00-0.*-100--1
-1--.--0-0-0-0-00-1--*0--.*-
01---0--1---00*0-*0*---0--00
0*--1-0--1-----*-0*0*-0-00--
-**--10-0-10-0-0001*-------0
-*1-00-0-0---100--0-00111011
00----0-00--1-1.0---11-1--00
010--0-0--0-001---0-0-------
010-0-0-00-----0-0--*000-000
-0-0-0-01-10*----11-100-01-1
--0-0----10-00-01---------00

Generation = 6, Population = 234.
----0-00111---1-10---1*-1***
------1----0-----*0-00------
.---11*--0-1---10-001-*.-***
.0----*-10--01101-1-1-*1---0
0--0--00----*..1*0-01011-*.1
-0.1---0--111*-*-.-**-1-*-*1
--0-1----1.0.-----.1-1*0---1
--.01-0--00--*-01-0-0-*10-00
--01-..---00*----0-.-0-000-0
----.-.----0-.1----.*1*-11--
-*1-.10-0-0---01-0---*-00**1
-*1------0--11.10.-.-00----1
-.-1--100--00--.01.-*--011--
-..01--0--*1-101-1-.01-0---1
-.--1----1-0--1-0-10-1-*--**
-10-00--1--0*--.-0-1*-0*----
1--0----00------0----00--0--
---0-----101-1---101.1110---
-1----01----*-----*--1-01---
---0---0-*-0-1-1*-1-000-0-1-

Generation = 7, Population = 242.
---0------*--1--*-----*-***.
--------0--10-000.-1--1-0---
.0-0*-*0-1-*-1---01-*0**1.**
.-000-.0*-0-----*0*--0.-0---
-00110---01-...*.10-----0*.-
--.*---10-****-*-.1..---*0.*
----*0000*.1.---1-**-*.-0-0-
--.----00--0-.-1*0-1--.--011
-01--..----1*-00---*11----01
-1-0.0.-1-01-**----.*-.-**--
0*-0.*1--0--0---0-1--.-11..-
0*---0-01----*.--.-.--10---*
-.-*-0*11----00.--.0*0---*0-
-..--1-1--.*0*1*-*-.-----0-*
-.1----0--0---*0--*--*1*10**
-*10-100*01-*01*0-0-.--*0000
---1-0-0----00-0-00---10--1-
01010-00---*0-0--*1*.***----
0-0--01-1-10.0-00-.-----*10-
-00-0--1-.--0--*.-*-11101--0

Generation = 8, Population = 213.
--1-0---11.-----*0-0-1.-**..
-0--0-1-----1-1--.-----0---0
.-0-*-*---0*0--10--0*1..*...
.0--1-.-.-1--1--.-.1-1.---10
011-*10-01*-*.**.-10-0-11.*1
-0..1-----..*.-*-.-..0-0.-..
----*----..-.0-0*0.*-..01-11
-0.-10----0--.--.10---.--1--
1-*--..0---*.0---01***0-00--
--01.1*0-01--.*-0-0.*-.-**-1
-.-1.**-0----001---00.---*.1
-*1-0--------**-0.0*0-*--1-.
0.0.-1.--1-0-1-*-1.1*1-01*10
-..01*0---.*-.-.-.-*0-00---*
-**-------1--1.1--*00.-.*-..
0**-----.---*1*.10-1.10.11--
1-0-01---00-1--10-1----1--*-
--1*1------.---0-.**.*..-0--
1---01----*-.-0-1-.01--0.-1-
-1-------.0---0**1.-*-------
*** Life<Cell> 28x4 ***

Generation = 0, Population = 53.
0000
0-0-
0000
-000
0000
000-
0-0-
--0-
-000
0---
0---
---0
-0--
0-0-
--0-
0--0
--0-
-000
--00
---0
-00-
----
-0-0
-0--
00--
--00
00--
----

Generation = 1, Population = 62.
--11
---0
-1--
01-1
----
111-
10-0
0---
-111
1-00
10-0
000-
---0
-010
-01-
-00-
0-10
01--
---1
-001
011-
--00
01--
--00
1--0
-011
11-0
00--

Generation = 2, Population = 59.
-0*-
-0-1
-*0-
1---
--00
-**-
*-0-
100-
0**-
*--1
*--1
-110
0-01
0-*-
01*-
--1-
1--1
-*--
0--*
--1-
1**0
-0-1
1*0-
--1-
--0-
0--*
-*01
--00

Generation = 3, Population = 48.
0-*-
0---
-*1-
---1
0--1
-..-
*--0
*110
1..-
*--*
*---
0**1
101-
-0.-
--*0
--*-
----
0*0-
---.
--*1
*..-
0--*
*.--
0--0
101-
--1*
-*1*
----

Generation = 4, Population = 56.
1-.1
1---
-**-
11-*
-00*
-..-
*--1
*---
-..-
*00.
*-0-
1..*
----
-1.0
--*1
-0*-
10--
1*10
00-*
00.*
.**-
-00.
**--
----
---0
00*.
1***
-000

Generation = 5, Population = 48.
*0.-
*-01
0.*-
**-*
---*
1*.-
.00-
.1-0
-..-
*--.
*01-
**..
10--
0-.1
-1.-
--.-
-111
*.--
110*
-1.*
...-
-1-.
**--
00-0
10--
-1..
-...
--1-

Generation = 6, Population = 56.
*1*1
*0-*
-..0
**0*
--0.
**.0
.11-
.*1-
1..1
*-0.
.1*1
....
*-11
11*-
--.1
--.0
-*-*
*.--
-*-*
-*.*
..*0
-*0.
..00
11--
-110
-*..
-...
-0-0

Generation = 7, Population = 47.
**.-
*-0*
-..-
.*1*
-01.
*..-
.*--
*.--
*..-
*01.
.***
....
*0-*
--.1
01.*
-0.-
-.-.
**--
-*-.
0*.*
...-
0*1.
*.-1
*-1-
-*-1
0*..
-.*.
0---

Generation = 8, Population = 56.
***1
*01.
0..-
.***
---*
*.*-
**1-
**--
*..-
*1-*
*..*
*..*
.1-.
--.-
1-..
-1*0
1*-.
**1-
1.0.
1**.
...0
-**.
*.0-
*1-0
1.1-
1*..
-...
-01-

Generation = 9, Population = 53.
*..*
.1-*
1..0
.***
001*
*.*-
..-1
..--
..*1
**-.
*..*
***.
.-1.
11.-
--*.
0-*1
-.1*
..-0
-.-*
-.**
*..-
-***
*.1-
**--
-.--
-*..
1.*.
01*0

Generation = 10, Population = 43.
..*.
*--*
-..-
....
-1-.
*..0
..--
..1-
.***
**-*
....
*.**
.1*.
***-
--**
--.-
1*-.
..--
-.-*
1.**
...-
0.**
*.*-
**--
1*--
-*..
*..*
--*1

Generation = 11, Population = 47.
....
.1-.
1..0
....
--1.
...-
..11
.**-
*..*
**1*
*..*
..**
.-..
*..-
1-**
01*1
*.1.
..-0
1.-*
-.**
...-
1.**
*.*-
..--
-.1-
1**.
.*.*
01*-

Generation = 12, Population = 43.
....
.-1.
-..-
....
-1-.
..*0
.*-*
.*.0
*..*
*.-*
*...
..**
.-..
.*.1
-1.*
1-.-
*.*.
.*-1
-.-*
1.**
.*.-
*.**
..*-
.*--
1.*1
*..*
...*
1**-

Generation = 13, Population = 51.
....
.1-.
-..-
....
0--.
.*.-
.*1*
**.-
**.*
**1.
.***
....
.1.*
...*
-*..
*-*1
*.*.
.*1*
1*-*
-***
*..-
..**
..*-
.*10
*.*-
.*.*
*..*
***-

Generation = 14, Population = 36.
....
.-1.
-..-
....
---.
**.0
..-.
...-
....
..-.
*..*
.*.*
.-*.
....
-*.*
*1**
*...
..**
*.-.
1..*
...-
.***
...1
..-1
*..1
**.*
*..*
***-
*** Life<Cell> 5x11 ***

Generation = 0, Population = 12.
0-----0----
--0--------
-00-----000
---0-------
---0--0---0

Generation = 1, Population = 28.
-00--0-0---
0-10--0-000
01-----01-1
-0-10-0-00-
--0100-0-0-

Generation = 2, Population = 24.
-1--0-0--00
1--10------
----0-01*-*
-10--0-----
--1*110-010

Generation = 3, Population = 31.
--0-1--0011
--1*10-000-
010-101-.-.
0*--0100-0-
---*-*1-1-1

Generation = 4, Population = 24.
-110*-0-1**
1-*.--0-1--
-*-0*--1.-.
-.-----10--
001.1.-0-1-

Generation = 5, Population = 26.
-**-.-1--*.
--..-010*-0
-*01.0-*.-.
0.01--0*1--
1-*.-.111-1

Generation = 6, Population = 22.
0..0.-*--*.
--.*1-*1*0-
-*1-.1-..-.
1.1-0--.-00
*-**-.-*---

Generation = 7, Population = 27.
-..1*0*--*.
10.**0*-*-0
-*--.--*.-*
*.-1---.111
.-**-.1.111

Generation = 8, Population = 31.
0.*-.1*0-*.
*-.*.1.1*01
0*1-.1-*.-*
.*-*0-0.-**
.0**1.-*-*-

Generation = 9, Population = 23.
1*.-*-.-1**
*-.*.-.*.1-
-.*1.*1*.0.
..-.-1-*1**
.-..-*-.-*-

Generation = 10, Population = 20.
-*.-.1.-***
*-.*.1.*.--
0.*-.*-..-.
..1.0-0*-.*
.-..1.1.-*-

Generation = 11, Population = 26.
-..1***-**.
*-*..-..*11
1.*-.*-*.-.
.**.11-*1..
.-.**.**1.-

Generation = 12, Population = 24.
1..***.-*.*
.-*..-...**
*.*1**-*.0.
.**.--0.-..
.0***.*.-.-

Generation = 13, Population = 19.
-..**..0..*
.0*..-*...*
...-**1.*1*
*...--1*-..
.-.*.*..-.-

Generation = 14, Population = 17.
-.**...-...
.1*..-*.*.*
.*.1..*.*-*
....11-*-*.
.-....*.-.-

Generation = 15, Population = 17.
-***...-...
.-...1.....
.*.-*.*.*1*
....**-*1*.
.-...**.-.-
*** Life<Cell> 5x12 ***

Generation = 0, Population = 13.
------0-----
-----0------
0----0000---
-0--------0-
--0--0----00

Generation = 1, Population = 21.
-------0----
0---01000---
----0---100-
------00001-
---00-0--0-1

Generation = 2, Population = 24.
0---00-1----
-0-0---1--0-
0--01--0*1-0
---0-0--1---
--011-1--10-
*** Life<Cell> 2x7 ***

Generation = 0, Population = 2.
--0----
----0--

Generation = 5, Population = 4.
1-.-.-*
*-.-.-1

Generation = 10, Population = 6.
*-.-.**
**.-.-*
*** Life<Cell> 25x16 ***

Generation = 0, Population = 128.
---0-0-00---0000
-----00----00000
-000--0---0-0---
00-0000000--0-0-
-------0--00----
--0---00----0---
--0-----0--0-0--
----0----0000---
--0000-0---000--
---------00-00-0
-----------0----
-0--0-------00--
0-00---0--0-----
-0--000-----0---
-0--------0-0-0-
0-0----0-------0
--00----0----0--
000-0---00--0--0
--00------00----
----00-----0--00
0-0---0-----000-
------0--0-00---
-----------0-0-0
00--0-0-0--0----
--00-0--0-------

Generation = 2, Population = 198.
--10-*--*1000--0
01---00---0*----
00------1--1-0-1
*01-00-*0*--*0-1
-1-1-11---**----
-1-1--*0-0-1----
0-*1-01--0-*0--0
--------0--00-00
01-0*-001-10--11
-0-----11*-00-0-
0---10---1001---
-00001---0-0-*1-
--*-1---1101--0-
0*----*-0-0-*110
0--0---1-----00-
0---0-1-0----1--
0-**000---0-0-10
*-*0-1-------0-0
-0-*110--0---01-
10-0*--000-*0---
---1----0--1000-
10--01*1-000-1-1
1--0-00-11-0100-
*--00-0-*-1*11--
10*-1-01*-01-0-0

Generation = 4, Population = 177.
--*-0*0*.1*--**0
-1---0----0.0--0
**-0----.-0*---.
.-.1*--.-.--.-0*
--1.1--111.*----
0.*1--.*0*1---0-
01.10-10-*-.0---
---0*---*1-*---*
*11*.1*-.-.---*-
-*1---01..-*--*0
-11----10.001000
-*--01-0--00**--
11.-.0--1.--0-0-
-*0-*1.-*1--.*--
-110-01-1-------
01--*1.----00*11
00..-----10--0.0
*-.-011--*--0---
1*1.**----*-00*-
*-0*.-0--0-.010-
0--.11--*1-*-**0
1*--*...-00-01--
1----0*1110-.0--
.1----01.-1...0-
10.-*---*--1--00
*** Life<Cell> 21x16 ***

Generation = 0, Population = 54.
------00--0--00-
-----00--------0
-0----------0---
0----------0----
------------0---
-0----------0---
----------0-----
-0----0-------0-
-0-0------------
---0---0--------
-0---------00---
------0----0----
--0-----00----00
----0----0--0---
---0--00----0---
-------0--0-----
----0--------0--
-----0----00----
----------0--0--
----0---------0-
0-----0--------0

Generation = 1, Population = 139.
-------100-0011-
-0--01----0-00--
--0--00------0-0
----------0-0---
00----------10--
0-0-------0010--
------0--0-00-0-
0100-0-0--0--0-0
01-10-00------0-
--010-0-0--00---
0-00--00--0-10--
-00--0-00001--00
-0-00-001-000011
--0--000-1001000
--0--01-000010--
---00--100-000--
---0---0---00-0-
------0--0-10---
----00---01-0---
0--0-00---0-----
-0--00-0--------

Generation = 2, Population = 122.
-0--000*-1011**0
0--01--00--0-1-0
---0--10----01--
000--00--0--10-0
-1----------*-0-
10-0--0---11----
-0-0----0-------
-*--0--10-------
---*-0----000---
---------0-1--0-
-01-----0-1--1-0
---0---11---00--
01-11-----1-11-*
--1-----------1-
-01-------1--1-0
----1---1-01----
--01---1--0110-0
---00---010-100-
0---1-0-0--010--
--0--11---100---
--0-1-0-0-0-----

Generation = 3, Population = 157.
--0----*0*-*-*.-
--0---011--1--01
-0-1-----0---*0-
111-01--0-00*-0-
0--0-0---00-*0--
*1-100-000**--0-
---1--0-1000----
0.00--0*-0000---
-10.0-000-11100-
-001-0-----*----
01*-----10---*0-
0--1--0*-0-1-10-
1*0-*0-010----1.
00*-0-------10-0
01-00---00*-1-0-
-0---0----1-----
-01-0-0-0-1**-0-
0----00-----*-1-
-00-*01-1-1-----
00100**0-0-1----
-01--01---1-0---

Generation = 4, Population = 132.
-010---.1*-.-.*0
--1--11*-00*01-*
-1---0100----.1-
-**-1-00----.-10
-1-1--000-1-.10-
**-*--011-..---0
-0----1----1--0-
-.---01.------0-
--1.-0-110--*-10
-1-*0--0-0-*----
-*.0-00-*-1-1*-0
-00---1.------10
*.-1*10---1011**
1-.0---0--00-1--
-*11---01-*-*1--
---01-----------
--*---1----.*-10
-0--0-10----*-*0
0--0.-*0-0--1-0-
1---1..10-------
-----------0-0--

Generation = 5, Population = 173.
01*1000***-*1**-
-0*-1-*.---*-*-*
0*0-----1-000.*0
1*.0-1110-0-.-*1
--0*-01----0.*-0
**-.001*-0..-00-
-101----1-0-001-
-.0-0--.00-000--
---*-10---1-.--1
0*0*10-1-10*000-
0*.101-0*0-0**01
--1100-.1--1-1-1
*.--*----0-1-*.*
*-.--0-1-11----0
-*-*--1-*-*0*-0-
-00-*0011-1--000
--*--0*----..---
------*-01-1*-.-
1-0-*0.11-10*-1-
*0---.*-1--1000-
0---1--00-1---0-
*** Life<Cell> 1x29 ***

Generation = 0, Population = 17.
00-0-0-0--0--0-00--00000--000

Generation = 1, Population = 16.
11------00-00--11001---1001-1

Generation = 2, Population = 16.
**0----011-1100*---*0-0*--*--

Generation = 3, Population = 14.
.*10--01-*-*---.1-0.1-1.00.0-

Generation = 4, Population = 9.
..-1001*-.-.1--.---.---.11.-1

Generation = 5, Population = 7.
..1*---.1.-.-0-.---.---.**.0-

Generation = 6, Population = 5.
..*.0--.-.-.1-0.---.---....-1

Generation = 7, Population = 2.
....-0-.-.-.---.---.---....0-

Generation = 8, Population = 3.
....0-1.-.-.---.---.---....-1
*** Life<Cell> 7x15 ***

Generation = 0, Population = 49.
-00-00-0-0--00-
--0000-0--00-0-
-0000--0-00---0
00--00-0---00--
----000--0-000-
--0----0---000-
-0-0--00----0-0

Generation = 9, Population = 44.
.*0.**-.1****.1
1*..**--..1.*.1
....*.*-1.--1-.
..*..0..0...-.*
1*0.1..**...-1*
-01--...-....-*
--1*01.0*1--.*-
*** Life<Cell> 15x22 ***

Generation = 0, Population = 39.
----0------0----------
-----------0--0-------
0--0------------------
-------0--------------
-----00-----0-0-------
-----00---0-0---------
-0----0-----0---0---0-
-0----0---------------
------------------0---
-------0----------0-0-
--0-------------------
0-----------0----0----
-----0----------------
------0-0-------------
-0-0------0-00-------0

Generation = 6, Population = 144.
--*-10***-1*---0-0--0-
-1--10-*0--.*----1--1-
*1*-10*-101..-.-1-----
-0000------.10-00---1-
-0--.1--.1----0-*-1-1-
1*--.-.*-.*-.0--*0--1-
0*0*-.--.1.**-*01-*---
0.*0-.*---.---00-1*---
----0-1---00--1-1-1--0
101*00---011.1--...*--
101.-11-01.0-*01---10-
--.--0*1.-1-00-*.1---0
0-01-00--*--*.101-.---
00.-000*.-*1.-----.-00
1*0--111.-00-.1--1-0--

Generation = 12, Population = 141.
--.--*...-.*.-1-11-*.*
-..****..1-....-**-..-
.*.0.......**.***101--
*..---.*1....-...---.*
111*.1.*..-*..1-.-.-**
.*1*.-.*...*.1.-.1.*.1
*...***-..*...******--
*.*.****0-.0*.--0..0*0
*.11..*-1.*0.*.-*0**--
-..*.0.111...*.1..*.-0
**.*-.*1*1....*1*1.---
-....*..*.*1.-.**-1*-1
-...*.-*..*-..***-**.*
.-.-.*0*.-.-.1**--.01.
***--*.1**0-..11*----1

Generation = 18, Population = 113.
0-..-....-..**-1-1..*.
-.......*-*.*.*1..-.*0
...**.......*.*..*1.*-
.*.**1.....**-*...-**.
*..........**.1**1.-..
*....*.....**-.-..**..
.*...***.**.*..*....00
....**...-..*..1*.****
.*.-*.*1*..1*..*.0*.-*
1...*-*111.****.....*1
*...-.*..-..*..-.**.1.
*.........*..0..*.**1.
1..........*.*.**...*.
...1.*-*...-*...*1.-..
...*-*.-......-..*-.*.
*** Life<Cell> 19x10 ***

Generation = 0, Population = 20.
------0---
-----0--0-
-----0-0--
----------
----------
------0---
-0---0----
------0---
----------
-----0---0
----------
----------
----------
---0-----0
--------0-
0-------0-
---00----0
----------
-----0----

Generation = 2, Population = 62.
----00011-
---0--00--
---0-*00-0
-----10-0-
-0-----0--
----0-0-0-
-------0--
----000-00
-0---1----
---0--1--0
----------
---0-0----
--------0-
00---0-000
---10-0--0
0-01--0--0
-01---0000
0-------0-
----10-0-0
*** Life<Cell> 8x8 ***

Generation = 0, Population = 6.
----0---
-------0
----0--0
--------
--------
-----0--
--------
----0---

Generation = 1, Population = 18.
---0-0-0
------01
---0-001
----0--0
-----0--
----0-0-
----00--
---0-0--

Generation = 2, Population = 21.
--0---01
-----0-*
--0-011*
-----0-1
----0--0
---01--0
--------
--0-010-

Generation = 3, Population = 27.
-0-0--1-
-----1-.
-0--1--*
--0-010-
----1-0-
--01-001
--00-000
-0--1-10

Generation = 4, Population = 16.
0---0--1
---0---.
0--0*1-.
----1---
----*---
-0--1---
----0--1
0----1--

Generation = 5, Population = 29.
-0---01-
--0101-.
-00-.*1.
0-------
-0-0*0--
0-01-0-1
00-01-0-
-0----10

Generation = 6, Population = 35.
0--0--*1
-0---*0.
-1--.**.
-0001-0-
0-0-.-00
1-1*-10-
--0-*011
-10011-1

Generation = 7, Population = 33.
--0-0-**
-1010.1.
0--0...*
--1-*1--
10-0.-11
*-*.1-11
0---.-*-
0*1-*-1*

Generation = 8, Population = 25.
--101-**
-*1*-.*.
--01..*.
----**--
-1--.---
*0**--*-
----.0.1
-**-.--*
*** Life<Cell> 9x22 ***

Generation = 0, Population = 94.
-00--000000-0-0-0-0-0-
--0-00-----00-0-00--0-
-0-0000-0-----000-000-
00---00--0-000-00-0-00
--00-0--00000--0---0-0
0----000---0-0--0-0--0
--0--0-0-000-0----0-0-
-0----00000--0-0------
00-0-0--0---0-00--0--0

Generation = 3, Population = 99.
-1-*11--00***01-1---.-
-*.--.-*-01.00--11--1*
---..1--10111-0.*-11-0
1--001-**.*0..-.1-*-0-
--*---01----1*-.-00---
0-1*-1-00--0*.*10-11--
-11--*00*1.1-1*-----1-
---*-01-1.-----.*110--
1-01011-*1*---110*0-00
*** Life<Cell> 3x4 ***

Generation = 0, Population = 1.
----
0---
----

Generation = 5, Population = 4.
--0-
-0-0
--0-

Generation = 10, Population = 1.
----
--0-
----

Generation = 15, Population = 5.
0-0-
---0
0-0-

Generation = 20, Population = 2.
----
0-0-
----
*** Life<Cell> 15x8 ***

Generation = 0, Population = 37.
----0---
-0---00-
00-0--00
00------
----0---
00-----0
------00
00--000-
------00
0-------
0-0-0---
0-0000--
-------0
00-0----
--------

Generation = 1, Population = 60.
-0-0--0-
-100-1--
-1--0--1
--000-00
---0-0-0
110-0--1
----0---
11001-10
-0--0--1
100-0-00
--101---
1---1100
-00-000-
11--0--0
00-0----

Generation = 2, Population = 59.
01010--0
0*--0--0
0*001--*
--11-011
0001--0-
*-101-0*
-----00-
**--*-*-
0-0--00-
*1-0--1-
----*---
----**11
0-1-11-0
-*--1---
-------0

Generation = 3, Population = 63.
-*---001
1.00-10-
-.11---*
-0**01*-
---*---0
*1-1*01*
-000011-
**-0*-.0
-----111
**0---*0
00--*--0
1-00..--
-0--*-01
-*-0*---
-0--0-0-

Generation = 4, Population = 70.
-*-10-1*
-.-----0
0.**--0*
01..--*1
0--.0-01
*-1*.1**
01---*-0
**0-.0.1
--00-***
*.100-.1
1-1-.0-1
*-11**1-
-1-0*-1*
1*-1*0-0
010-1--0

Generation = 5, Population = 67.
0.-*1-**
1*0-0-0-
1.*.10-.
1***01.*
--0*-01*
*1**.-..
1-000*1-
*.--.-.-
--1-0*.*
..*110.-
---0.10*
*0-*..-1
0*11.--*
-.0-.10-
-*10*-01

Generation = 6, Population = 55.
1.-*--**
*.-0-11-
-...*--.
-...1*.*
-01.0--*
*-...-.*
-1-1-**0
..-0.-.1
00*0-**.
..***1.-
10--.--*
*-1*..--
-.*-*1-*
1.-1.*-0
0**-*0-*

Generation = 7, Population = 53.
*.0.1-**
..010*--
1..*.00.
-...***.
-1**1-1*
*1.**1.*
---*-..1
*.--.-.*
1-.10**.
.....-.1
-11-.10.
*0-**.--
-.*-.--.
*.0-..--
-**0*--.

Generation = 8, Population = 45.
.*1.*0*.
..-*1.10
-.*..1-.
1*......
--..*--*
*-...*.*
-10*-..-
..--.0.*
*0.*-***
.***.-.-
--*-**1.
*--***1-
-.*-.--.
..--..--
-**-.0-.

Generation = 9, Population = 44.
..*.*-**
.*0.-.-1
1****--.
**......
-1...-1.
.-***.*.
-*-.0..-
*.0-.1.*
*-.*-*.*
*....-.1
1-.-..-.
.01...-1
0..-*11.
.*--..--
0..0.-0.

Generation = 10, Population = 49.
.***.-**
*.1.-*-*
-..*.1-.
...*....
-*.*.0*.
.1***...
-*0.1.*1
*.--.*..
*0..-..*
**...1**
*-.-..-.
*1*..*--
-.*1.-*.
**01*.--
-..-.0-.
*** Life<Cell> 11x13 ***

Generation = 0, Population = 32.
-0---------00
-------0-----
----------0-0
--------0--0-
------0---0--
---0----0000-
-0--0--00---0
----0---00-0-
0-----------0
----0---0--00
----0------0-

Generation = 1, Population = 63.
0-0----0--011
-0----0-0-00-
-------000-0-
------00-00--
---0-0-0--10-
-00---0---11-
0-0-10011000-
00-010---1--0
-0-------0-01
0--010-0-00--
---010--0-01-

Generation = 2, Population = 65.
-0-0-----0-**
-----0--10-1-
-0----0-1--10
---0--110--0-
-0-----10-*-0
-1--00100-**0
1-10-11--11--
--01*--0---01
010----00-01-
--0-*---0--00
0-0-*-0--0-*0

Generation = 3, Population = 67.
0---00---1-**
---00--0----0
0-00--10--0*1
--0-00-*10-10
0100000*1-*-1
-*--11*1-0..-
-0-----1-*-0-
--1**--1-10-*
1-1---0---1*1
----.00-1--1-
--1-.--0---*-

Generation = 4, Population = 57.
-0---1000--**
-------11001-
----0-*1--1.*
-------.*1--1
1*1---1.--*0*
-.---*.*01.*0
11-0-1---*1--
0--*.0-*----*
--*-0-1-0--.-
0---.1-0-0---
-0-0.0----0.0

Generation = 5, Population = 65.
0-0-0*-1---**
-0--000**-1-0
---0--*-10*.*
000-0--.**0--
***0---.-0.1.
-.001*.*--..-
-*-1--1--**--
1--*.10*-100.
-1.0-------.1
--00.*0-1---0
----*100---.-
*** Life<Cell> 5x27 ***

Generation = 0, Population = 22.
0----0-----00---0--0-0--00-
-------0--------------0----
-----0-------------------0-
------0---0---0------------
---------0--0-------000---0

Generation = 1, Population = 51.
-0--0-00--0110-0-00----0110
0-----0-0--00---0--0---00--
----0--0--0---0-------0-0-0
-------0---000-0----000--00
------0-0--0-00----01-10-0-

Generation = 2, Population = 51.
--00---1-01**1--011---0-*-1
-----01--00---0-----0---1--
0--0-0-1-0-0----0--00-10101
----0--1--------0-----1----
-----0-0-0010-1---01-0-1-1-

Generation = 3, Population = 72.
-01100----****-01-*000--.--
0-0-0-*001-00--0-00-10-----
-00-010*-10-0-001001----*-*
0----00-0-0-0-00100-0-*00-0
-------1-1--1--0001*--1---0

Generation = 4, Population = 49.
-1*-11-10-*..*--*1*-1-0-.--
---0--.1----1-----1---0-1-0
01---*-.---0----*--*001-*-.
--0-------1-------1---*----
0----0--0--1*0--11**-0*-011

Generation = 5, Population = 60.
0**1**--1-....00.-*---10.-1
0-----.*--0-------*-----*--
1*-00.0.-------0.00*--*-.0.
---0----00-000----*000.0-00
-00-0-01-1-**110*-**-1*-1-*

Generation = 6, Population = 60.
-**-*.0--0....11.1.0-0*1.1-
-00--0**-1-0--0---.-----*-0
-*--1.-*0100000-.1-.--*-.1*
0--10---1---1---1-.---.-0--
0110--1*0*-*.*--.-*.1-*1-1*

Generation = 7, Population = 64.
0**-..1-11*...-*.-.--1***--
01-001..0-01------*0-0--*-1
-*--*.-.1*-11--0.-0.-0.0***
10---001-010*000--.-0-*--0-
-----0**1*-.*.1-.1..--.*1*.

Generation = 8, Population = 56.
-.*-**----**..1..-.01-***11
-*011*..---------0*1---0.0*
1.0-..0.-.-*---1.11.-1.1..*
*-0---1--1-1.-1-10.0-0*00--
01--0-..-*-.*.*-.-..1-.*-*.

Generation = 9, Population = 56.
-**1.*1--1....-..1.-*-**.*-
-.--*.*.--0---000-.--0--.-.
*.--*.1.-.0.1---.*-.0*.-..*
*01100*11*-**0*0*-.-0-.-1-0
-*-0-0..1.0..*.0.1..--.*1..

Generation = 10, Population = 65.
0.****-11-....1**-.0.1*...1
0*0-*.**--11101-10.-11-0.0.
*.0-..-.1.1.*---.*1.-*.-.*.
*1-*11.-*.-..1.1.0.01-.-*-1
-*1101..*.-*.*.1.-..1-.*-*.

Generation = 11, Population = 64.
1.*.**1-*1.**.-.*-.-.-*...-
1.11*.*.01--*--0--.-**0-*1*
..1-..1.*.*..001..*.0**1.**
*--.*-.1*.1*.*.*.1.1--.-*--
-*-*1-....0.*..**1.**1..1*.

Generation = 12, Population = 57.
*.*.*.--*-***.-..1.-.-**.*1
*.*-*.*.1---*--1--.1*.10***
..*-*.*...*..--*..*.-..*..*
.-1.*1.**.*..*...*.*1-.-.01
-.-*-1...*1.*.**.-.***..-*.

Generation = 13, Population = 59.
.....*11.-.**.-..-.0.1*...-
..*-*...*1--*01*10**.*--...
..*-*.*.*..*.00.*.*.-***...
.1*..-.**.*..*.**...--.0*--
-.-*1**.**-*.**..1**.*..1**

Generation = 14, Population = 57.
.....*-**1.**.1**1.1.-*...-
...-*...**11.1*.*-.*..10...
..*-.*....**.1-...**0*.**..
.**..1....**....*..*--.-.-1
-.-*-**.**1.*******....*-*.
*** Life<Cell> 29x4 ***

Generation = 0, Population = 65.
----
0000
000-
-0-0
0--0
-000
0-0-
0000
0-00
---0
--0-
--00
0-00
0-0-
0-00
----
000-
-00-
0000
0-00
00-0
--00
0---
---0
-0--
0---
0-0-
-000
0000

Generation = 20, Population = 32.
....
..*.
.*.*
.*0*
..*.
....
....
.1*1
.**.
..*.
...*
1..1
....
***.
*.*.
....
..**
....
...*
.*..
**..
.*.*
-...
.***
-...
..--
...-
....
-...
*** Life<Cell> 21x29 ***

Generation = 0, Population = 174.
-----0-0----0---------00---00
0-00--00-0-------0--0-0-00000
000-----0---0-00--00---00---0
0------------00--0-----0-0--0
---0--0-0----00---0-----0---0
--00----------0----0--0----0-
-0------000---0----00-00--0--
-000--------0----00-0-0-----0
00-0-----0------------00---0-
00-0----0----------0-00000---
--0------------00------0---0-
-0-0---0---------0-------0--0
----0--------------0------00-
---0000--------000---00---00-
0---00-0----0------0--00--0--
-0---000----0--0--0---00-----
---0-----0------0--0-0----0--
000---0---0-0-0-------0---0--
-00--0-----00---0-0-------00-
--0----00-0--0--0-----------0
-00000---------0-----00---0--

Generation = 2, Population = 297.
1011----110----0--00110---000
*10----010-0-011-0000------**
--0-00-00---------*-0--001-00
--1---10-0-00-*-10--00-*0--1-
100-110-01-0------0-----0-0--
--*010-------00-000--1*01----
1*-0---1-0*1-1*-01--0--*11-0-
--0010--1-1----01-*1-001-0100
0--0-0-00010--000--1-0*-0-10-
00-*-001--0-0----010----0-10-
-1-1-----0---01--001-10*--1--
1--0001-10------00------10--0
0---*011----0--110-0-11-00000
-01-0--00---101-----1-0------
0---0*0*--0---0-11--10---1-00
0011---011--*1-0--------10-0-
1-0-11--------1-01---01-0--10
-*-0-00-0---*001--1-0-01-----
00*--0-1--1--0-1--010-1-01--0
-10-10--*0-0---0--1---1-----0
1**0-*11---001-000001**1---11

Generation = 4, Population = 269.
--..--0-1*-001-*1-0-*---0--*0
*.-111---010--1-0*-*--*111-*.
--0---1*-1-0---*11.---10*.-*0
-0-10----*0-*0*-.-110-0.*-0.0
*0**1*--------1--1*-1---0-0--
01.-.---101----0-*-*0..**---0
**--1-1-*-..-1*1--1---*.*-1--
---0-01-.-------.-*--0*---.--
-10---10*-----*-------.1*-.*0
-00.--01----0-0-0-.-1--0-1.01
-*-100010*00--.------.-*--*--
*01-*-1-.--0-1-0-*--0--01-1-*
-0-0.*.-1------**--0-*-0--0-0
1**10**--1-1-01--10-.-*-1--00
*-00-*-.10------**-1--1--*-0*
-0*.---0-*-1..0--00---1--000-
*-*0.--1-----1.--*-00*-1-0-1*
-.00--*-0---.-*1-0.--1-.---10
--*0-01-10----1-*--100---.-**
1.-1.-0-.*1*0010101-00101-0-0
*..-1*-*0---0.---0--1.**-01.1

Generation = 6, Population = 275.
-1..--0-***-0.-*1-0*.--1-0***
..1*1**11*1*0---*.1*11..1*-*.
--011-..0---01-.*-*-11.-.*0.0
--110-*-1*-1.0*0*-1-01-..-*.-
*-*.*.1-*--110.0-1.-1--0-----
-..-.1-110.1---*-*-.-...*10--
..1--1.1*1.*1..---*01-*.*-1*-
--10**.0.---0-01.-.*-**1--.1-
------.*.--11-.-1----1.1.-**-
-*0*1--.1-*000*001.-1--0*1*0-
-.-*-00.0.-00*.**--1-.1.00.0-
.-*0*1*0.1--01-*-.-00-1-.--0.
*0--...*---0-0-..-0--.--1--1-
-*.10*.-*.--1-.-11*-.-.1---0-
*0--1.-..-10111-..-1**-10*--.
--*.----*.-1*.0---*1--.0**-*1
.1.0*10.-1-111.1*.1--.*1-**..
*.**11.1*---.1*.1*.0*-*.--1.*
*-.-0-.-1-1--1-1.-1.-----.-.*
**-*.**-..-.*-*0.-.--*.*.1-1-
...-*.***--0*.-10*1-..*.---*.

Generation = 8, Population = 264.
-1**---*...1-*1*--0..*--*0...
*.1.*.*--*..*11-*.*..-..**-..
-1-1*1..--1--1-**1.-..*-.*0*0
**..*0.-..-..-.-.-.--1-..-***
.0....*1.--*--.-1..-*010---01
***1*.-1-0.111-*-.0.0...*1-00
*.*0--...1**1..---.*.1****-*-
0*-0**.-.--1---.*1..-.*-00.--
-*000-..*-1-*-.*.--*0..-.0..-
-.-**0*.*-.0--**0*.-111-...**
-*-.100**.-0-...*-**-.*.0-.--
.-**...0*--*-*0*-*----*-*1--*
.00-.**.-110-*-.*-*--.-11**1-
-*.****1*.1*.*.**-*-*-..*---*
*-1-..-.*-.*-111..--*.-.*.*-.
--..-11*.*0**.----.-01.*..-.*
*1*-.*-.1-01*-***..*-..--**.*
.*.*1-..*-1-.*.*1..-.1..-0...
*-.--**-.-1*0*-.*0-.*---1.1..
**-*..*1..-..1.*.-.-*....11*-
...-.***.-1-.*010*.1.*..0**..

Generation = 10, Population = 248.
-***0-1....--...-1-...***0...
*......--.**.1--..*..-...*-..
*.**.1*.0-1*-*-*.**-.*.**.-.-
*..*.-*-*.*..-.*.**1-*-..0**.
*0***.*-.*1.1-.0-..1.-1*----*
...*..-*-*.*.*0.0*0.-....10--
..***-*.*1..1*****....**..1*0
-.1*...0*1-*-01.....-..*0*.*-
1.0-*-.*.--1.1*..0-.-**-.***-
-*0..-..*1.*-*.***.-1-1-..**.
-*-.1-*.*.--1..**-..0*..-0.-0
.-*.*..-*-0.0*-.0.1111.-*-1-*
.00-....-**--*0.*1.11.-*1..*1
-.***..1*.1*.*..*-.-.-**.01-*
.1-0*.-..-..---1*.1-**1***.-.
-*.*--1.*.*.**10-1.1-*....0*.
*..-..-.*-****..**..-**-*..*.
...*.-.*.---....*.***-..-*..*
*-*11..-.--.-.*..*-..-1-1....
**1.*..1*.-..-...-*-**...--.1
...-*....---..-.0..1**..-..**
*** Life<Cell> 15x10 ***

Generation = 0, Population = 59.
0-0-0-0-00
----0-0---
--0---0--0
0--0----0-
-----00--0
0--0--0000
000-0-----
--0000-00-
-00-00----
-000---0--
0------000
------000-
0-0-----00
-0--0-0---
--00-00---

Generation = 1, Population = 70.
----1-1-11
0--01--00-
00--0010--
-0--00-0-0
----01--01
1---------
----1-0--0
001----110
0-1---0-0-
--11-001-0
--00---111
--0--01110
-0-00----1
--0--01000
--1101-0--

Generation = 2, Population = 78.
0---*--0-*
1-01*-0---
--0-11-1-0
-100110101
00-0--0-1-
-0---00-0-
-000-----1
---00-0**-
10----1-10
00*--11--1
-01-0-0***
--10-1-**1
0--110--0-
--100--1--
-0----01-0

Generation = 3, Population = 65.
100-*0---.
*---.0-0--
0---*--*01
--11**1*1-
1101-1-0--
----01--1-
0----0-00-
0---1--..0
---00--0--
--.1-**-0-
--*0---...
0----*1..-
-00**-001-
0-*1---*-0
0--1011---

Generation = 4, Population = 70.
--1-*-10-.
*-0-.1-1-0
100-.1-.1*
---*..-.--
*-1---011-
-00-1*00*0
10--11-1--
10--*--*.-
1-1------0
--.-0**1-1
00*-0--*..
-----*-..-
011.*0-1*-
10.*001.0-
10----*--0

Generation = 5, Population = 84.
10*-.0*-1.
*0-1**0*01
----**1.**
-11*..1.-1
.1*-0--*--
1----.1-.1
-1-0*-0--1
*--0*-0.*0
*0-0-01-11
-0*1-**--*
1-.-10-**.
----0*1**-
-**..10**1
*1.*11-.1-
--110-*1--

Generation = 6, Population = 69.
-1*-.-.0**
*-0*..-.--
1-00..*...
0-*...*.-*
*-.1-10*1-
-000-.*-**
1---*--1--
*011.0-..1
*-1-0-*--*
0-.-0..-0*
--*--1-..*
0010-.*..-
-**..*1..*
*-..*-1.*-
1-**-1**--

Generation = 7, Population = 65.
-**-.-.1*.
*01...0*01
--1-......
--*.*...-.
*-.*-*-.-1
11---..-.*
*1-0*-----
*-**.--.**
*0*010.0-*
10.11..11*
--*----.**
11-10.*..-
0...*.*...
*-..*--.*-
*-.*0***--
*** Life<Cell> 2x11 ***

Generation = 0, Population = 10.
---0---0000
----00-000-

Generation = 3, Population = 12.
0-01-0--11.
--11*1-1.-1

Generation = 6, Population = 12.
--01*1*0**.
--1.*-1-*--

Generation = 9, Population = 12.
-*0-.-*-**.
*1*..1*1*--

Generation = 12, Population = 12.
1*--.-*0**.
***..**-*--

Generation = 15, Population = 8.
-.-1.-*-**.
.....**1*--

Generation = 18, Population = 8.
-.0-.-*0**.
.....**-*--
*** Life<Cell> 25x3 ***

Generation = 0, Population = 44.
0-0
00-
000
00-
0-0
00-
000
-00
-00
00-
00-
0-0
0--
0-0
---
--0
--0
0-0
-0-
-00
-00
00-
-00
---
0-0

Generation = 9, Population = 32.
-*-
*1*
1..
.1*
*-*
*-.
0-*
.*.
--1
*..
.--
..-
1-1
.-1
*1.
--*
*.-
1*.
-.1
..0
-.-
***
-.*
*..
0-.
*** Life<Cell> 15x21 ***

Generation = 0, Population = 81.
0-----00---0--0-----0
0-----------000--0---
-------0--------0---0
---00-0000---------0-
-0-0--00-00----------
------0---------000--
0-------0-----0-----0
---------000--000-0--
-0---------0----0----
------00--0-0-0--0---
---------00000---00--
0----00---------0----
-0--000-----00-000---
--0-----0------00----
00--0--0---00--------

Generation = 1, Population = 138.
10---0110-0---10-0-0-
10----0-----1--0--0--
0--00--1-0--0000-----
-00-1-----------0-0--
0--1-01-0-10----0000-
00-0-01-000---001-100
-0----00--00-01--0-0-
00-------1--00-----00
0-0---00-001----1-0--
-0---0110-1-10-0-1---
0----0-0011-11----10-
-------0-000----100--
---011-00--011---10--
00-0-00--0-0-00------
11-0-00---0110-00----

Generation = 2, Population = 142.
--0-01*-1--000*---0-0
*-000-100000*-0-0----
10-1-0----00---------
011-*-000000000-101--
10-*0---10-10-0-1----
---1--*0--10--------1
0-00---1-0-10-----0-0
--------0*001---00--1
1--0----0-1*0----0--0
0---0-*----0----0-00-
----01011**0--0000-10
0--00-0---1-0--0*11--
000---0-10-1-------0-
----01----0--11-000--
---1---0--1*--0110---

Generation = 3, Population = 147.
1010--*1*---1-*000---
*0-1----1-1-.01--00-0
*--*--0--01100---00--
1-*-.01-111-1-----*0-
--0.-0-0---*-01-*-0-0
-0---0*--0*10-0-1-10*
--1-0--*01-*-0--0----
--0------.1-*0-01--0-
*00---0010-.-0--11--1
10--10*--01---0-1-1-0
----1----*.--111----1
1--1-0---0*--0--.**00
--1---1-*1---100--0-0
000-1*-00-100*-0-11--
--0--00-00-*1---*----
*** Life<Cell> 28x16 ***

Generation = 0, Population = 47.
---------------0
-0--00---------0
------00-----00-
0--0-------0---0
--0--0----------
0---------------
-------0--------
-----0--------0-
--------0--0----
-----------0----
--0-------------
----------------
-----------0----
---------0------
------0-----0---
--0-0----00----0
----------------
--0-------------
--------------0-
----------------
-----------0-0--
----0-----------
--0-0-----------
-0--------------
-0-0-----0------
----------------
---0-------0----
-------00-------

Generation = 17, Population = 178.
00..-.-.-..***..
*-*.**0..-*..*..
**..*0..**.**...
..**...***-*..*1
..**.-**...*..**
-.**.*0..0.*.***
.**.***1**.*.***
***...1...1...1*
*..*...*....**.*
*.-*...*...*.*.*
*1-*.-.*...*.**-
*.*....*1..*-.--
*-.-..**.*.**-*.
.....1.*-**.0..-
**.-1.*...*..*.*
**1-.-.-..1..*.*
-.-..*.1.*.-*..*
**..*-.*....**.*
..**-**.-..**...
..*-..0.....*.**
...-**1-..-.1...
...-.*.*..-**0.1
...**.......-***
...**..**.*.-*-*
-.....1***..*...
..*.*..**.-.....
..*.**10.*.*...*
-.....-..***...1
*** Life<Cell> 12x18 ***

Generation = 0, Population = 125.
0--000---000--0-0-
00000-000-0000-000
0000--00------0-00
-0-00------0-0--0-
---000000---000000
000-0----0-0-----0
0--0----0-00---000
--000000-0--0000-0
0-0-00-000-0000--0
00000000-----0-000
0-0000000-000-0-0-
0000---000-----000

Generation = 1, Population = 107.
1---11-0-11----01-
111--0-110-1-1-1--
--1100----0-00-01-
-101----0-0-010--0
0-------1--011--1-
--1-1-000-01-00-0-
1-01000---1--0---1
-0-111---1-0-11-0-
10--11-1---11--0--
1--1--11000-01-11-
--1-111--01-10---0
--1--0--11-00--111

Generation = 2, Population = 113.
*-00*--10-*--00-*0
----0-------0*--0-
00**--00--10-10-*-
-*1--0-01-101-1-0-
---00-0--00-**00*-
-0*0*0------011-1-
-0-*-1--0-*00-0-0-
010--*-00-010-*0--
--00--0*-----0-10-
*---00-*-1-01---*-
00*0**--01-0*-0-01
-0*0-1-0*-01--0*--

Generation = 3, Population = 98.
.-1-*10*1-.0--1-*1
-1-0100-1---1.01--
11.*--1--0------*0
-.-1----*0*1---0-0
--0------1-0..--*0
0-.-.---00--1**0-0
---.0-0-1-*110-011
1*-11*0----*-1.-0-
---1-11.-00-1-0--0
*--1--1*0*----0-.-
-1.1..10--11.-10-*
--.-0*-1*11--0-*-1

Generation = 4, Population = 106.
.--0.*1.-1.--0*0**
-*1-*111*----*-*0-
*-.*--*001-00-00.-
0*-*0-00*-.-1-1---
00------1-01.*00.1
-0.-.-00---1-..---
-0-*111-*0***10-*-
*.--*.10010.-*.-10
-00-1-*.--11-011--
.-0-0-*.-.0011--*-
--**..-101-*.----.
-0.-1*0-*---0-0*-*

Generation = 5, Population = 92.
.0--..-.--.-0-.1.*
-**-.*-*.0-1-.-.--
*1..0-.--*-1-1--*-
1.-*1--1.-.1*1-0-0
-1000--0*-1-.*11.-
--.0*--1000--..010
-1-**-*-.1...*1-*-
*.0-..*-1*1.-..--1
-1----*.0-*-11-*00
.--11-*.0.------.0
--*...1*1*1..0100.
0-*-**11*-----1.-.

Generation = 6, Population = 87.
.1--..-.-1.--0.-..
-.*0..-.*1-*-.-.00
*-..1-*-0.--0*0-*-
*.-.*00*.0.-.*110-
-*--1001.1*-.*-*.-
--.1.0--11-1-..-*1
--0.*-*-.-....*0.1
*.--..*--.-*0..01*
---111*.-0*-**-.-1
.0-**-*.-.--1-0-.1
01*...*.-.*..1*-1.
--.-.***.-1---*.1.

Generation = 7, Population = 109.
.--0..-.-**00-.-..
1**1..1**--.-.0*-1
.1..*0*01.--1.-0.-
**-*.1-..1*-..**-0
-.0---1-.*.-**1..1
-0*-.10-*-0-1..0.-
11-**1*0.1***.*-.-
..01..*0-.-*-..--*
110-*-**01*1..-*--
*10..0**-*-0*-11**
1****...-..*.**-**
00.-.***.1*1--*.*.

Generation = 8, Population = 89.
.1-1..1*-**-10.1..
**.-..-..-0.-*1*--
.-...1.1-.11-*0-.-
**1*.*0..-*1*..*-1
0.1--0*1*..1*.-..*
--.-.-11*-11-..-.1
*--..*.-.*..**.-.1
..--...1-.1.-..01.
-*11*1..-*.*..-*--
.-1..1..0*01.1-*.*
*..**...-*.....0..
--.0***..**-0-*.**

Generation = 9, Population = 90.
**--..*.-**-*-.*..
***1..1**--.-.**0-
.-..**.-1**-1.-0*0
*.**..-.*1.-..*.-*
1.*-1-.**..*..-..*
--.-.1-*.1*-1*.-*-
.1-....-.*..*..0.*
.*01.**-1*-*0.*-*.
1**-*-*.-..**.1*-1
.-*..*..1.--*--*..
..*...*.-...**.1.*
0-.-.*...**---.**.

Generation = 10, Population = 91.
*.-1..*.-*.-.0***.
*.***.-..1-.-**.--
*1..***-*.*--*0-.-
..*..*-..-.1...*-*
*.*0--**...***1.**
00.-.--*.-*1-*.-*1
.*-.**.0......*-.*
..1****-**-.1.*-.*
*..1*-*.-**...-.0-
.-*..***-.--.--*..
.*...**.1*.***.-..
-0.-.......100***.
*** Life<Cell> 14x26 ***

Generation = 0, Population = 31.
0-------0--0--------------
---------------0-0------0-
-------------------------0
0---0--0------------0-----
0----------0--------------
------0-------------------
---00-0-------------------
----------------00--0-----
----------0---------------
0-----------------0-----0-
------0--0-----------0----
----0---------------0----0
--------------------------
-------------0------------

Generation = 1, Population = 102.
-0-----0-00-0--0-0------0-
0-------0--0--0---0----0--
0---0--0-------0-0--0-----
10-0-00-0--0-------0-0---0
10--0-00--0-0-------0-----
0--00010---0--------------
--011-10--------00--0-----
---00-0---0----01100-0----
0--------0-0----000-0---0-
-0----0--00------0-0-0-0-0
0---00-00-0-------0---0-00
---0-00--0---------0----0-
----0--------0------0----0
------------0-0-----------

Generation = 2, Population = 95.
--0---0-0110-0-----------0
1---0--0-----0-0-0-00-0---
--------0--------------0-0
*----1---0-----0-00---0-0-
*-001-1--0---0-----------0
1------10-------00--------
001-*0*-0-00--------------
0-----1-------01--11--0-0-
---00---01--0--------0----
0-0-0------------1--0-0--1
----1--11-10-------0---0--
0-0---1------0--------0010
------0--0-----------0----
----0------0-0-0----0----0

Generation = 3, Population = 182.
00-000-01--1-100-0-00-0-0-
-000-0--000001-----11-----
----00-------0----000-0-0-
.000-----10--00--110-0-0-0
*-1-*0---10-0-000-0---0---
---0-01*--00-0-0110------0
1-*-.-*01-110-000000--0-0-
1-00--*0-000001*11**0----0
---1-0001*00-000-000--0-00
---0-0-0-0000---0-0--0--0-
---0*0-**-*100---00---01--
---000*-00000-0----0--11-1
0-0-00100-00---0-------00-
---0-00--00-----0--0----0-

Generation = 4, Population = 100.
1-0----1---*0--1---------0
------0----1-*-0-0-**0----
---01-0-0--0---------0-0--
.1110---0--0-----*--0---0-
.0*-.--00-10---1----------
--0-0-*.--1----1-*1-------
*-*1*-.-*0*----------0---0
*---0-.1----11-.*-..10--01
0-----1--.-1--1-----------
--0-0-0------00-----0-0-1-
--01.10..-.--1---1-------0
0-----.-1----0---0--00-*1-
----------1---------------
0---0----1-------00-0---10

Generation = 5, Population = 170.
---0----1-1*1-0*00-000--0-
1-00001-0-0-0.-1---.*-00-0
-0----1-100-00-0---001----
.-**-10--1--0--00.10-----0
.-.-*--1----0-0*0-0-0---0-
1--01-..------0*-.*0-0---0
.-*-*0.-*-*100-0000--10--1
*00-10.--00-**-..1..*-001-
100--0*--.0--0*00----00--0
0010-0-0---00--0-1-0------
00-***-*.-.-0---0*0--0010-
-000-0.0-00-010-010011-.*-
----0---0--0-0----0--0-0-0
-0-0-0--0-------011--0-0*1

Generation = 6, Population = 146.
1--1-001*--.--1*-1-111----
-011-----0-1-.---0-..-110-
--0-10---1--11------1*-0--
.-**0*---*-0---1-.--00----
.-*0.---01-01--.-------0-0
-0-1*-..0-10---.1..101---1
*-*1.-.0.0*-1-0--1-------*
*11--1.--110..-..**.*-1-*1
*-1--1.--*1-0-.110-0-1----
1-*-0-010--1---1-*0-0--011
-1-..*-*.0*---0--.-0-----0
-----1.11110-*1--*---*-..-
--00-0--1---01---0-----1-1
0---0-0011-0-0-01--001--.-

Generation = 7, Population = 181.
---*-1--*--.-1*.-*-*-*-00-
-1*---10-1---*01010*.0**10
------1-1-00**00-0-0-.01--
.1..1*0--*-1000-0.-0--0--0
.-.1.0-1--11*0-.0--0--0--1
---**0.*1---0-0.-..*-*000-
*-.-.0.-.-.----0-*-0-10--*
*-*-1**10*-1**1*...**0--*-
*0-1-*.0-.---0.--1-----0--
*0*---1*100----*0*1---01--
---.**0..-.1--1--*---0-1-1
-0000-.-***10.-00.001.1.*-
001101-0-0101*-0-1000-0---
-00--01-**--01-1*-11-*00.1

Generation = 8, Population = 152.
-0-.----*--.1-..-*0*-*0---
1**----1---1-.-*---*.-..*1
--0-1--0--11..---10-1.1---
.-..*.---*-*---11*1-00--01
.0**.-1*--**.-0.100-0----*
1-0*.1.**01-10-*1..*-.--11
.0.1.-.-.0.1-001-.--0*--0*
*1*0*..*-.-***-*...*.---*-
.---0..-1.11-1.--*-001-1--
*1*-00-.--1--0-*-.*0--1*11
0--.*.-..-.*-1-00.00---*0-
--1111.-*..--.--1.-1-.*.*-
1--*1-1--1*1-.---*---0--01
------*0**------*1--0*11.-
*** Life<Cell> 6x8 ***

Generation = 0, Population = 15.
--0-----
-------0
-00---0-
0--0-00-
00-0-0-0
--0-----

Generation = 1, Population = 18.
-0-0---0
-0------
-11---1-
10-1----
-101-10-
0----0-0

Generation = 2, Population = 24.
01--0-0-
0--0--00
-**--0-0
*1-*00--
0-----1-
--00010-

Generation = 3, Population = 23.
-*0---1-
10------
0..0-111
*-0*---0
1-0--1*0
001----0

Generation = 4, Population = 21.
-*10-0-0
---0-0-0
-..1-*--
*--*0-0-
-1--0*.1
---0-1-1

Generation = 5, Population = 20.
0.---1-1
-0-----1
0.*-0*-1
.-0*----
--01-..*
-01-0*-*

Generation = 6, Population = 18.
-.--0--*
1---0-0-
-.*11.-*
.11.-0--
--1--.*.
01-01.-.

Generation = 7, Population = 23.
0.-011-.
-00----1
0.*--.-.
.**.---0
11*-0*..
1*11*.0.

Generation = 8, Population = 18.
-*-1-*1.
11--000-
-..1-.-.
....000-
--.1-**.
-.*-*.-.
*** Life<Cell> 4x25 ***

Generation = 0, Population = 5.
------0------------------
------------0-0----------
-0--------------0--------
-------------------------

Generation = 1, Population = 17.
-----0-0----0-0----------
-0----0----0---00--------
0-0---------0-00-0-------
-0--------------0--------

Generation = 2, Population = 15.
-0--0-0-0-------0--------
----------0-0-0-1--------
---0--0-------1---0------
------------0-0----------

Generation = 3, Population = 35.
0-00-----00-0-0010-------
-0-00---00----1-*00------
--0-00-0--0--0-000-0-----
---0--0----0--10--0------

Generation = 4, Population = 16.
-01-------1-----*--------
--------1-0-0-*-.-1------
-----10-----0---1---0----
------------0-*----------

Generation = 5, Population = 44.
01*0----00*00-00.00------
-00--000--1-1-.0.0-00----
----0*100-00-0-0-000-0---
-----00----01-.00---0----

Generation = 6, Population = 28.
1*.1000-1-*---1-.-1-0----
------1-1---*-.-.---1----
-0001.-11-------1-----0--
--------0---*-*-1-0------

Generation = 7, Population = 47.
*..*----*-.000-0.0--10---
0-0---*0-010.0.-.-10*00--
01--*.-**0----10*00-00-0-
-0000---10-0.-.-*--0--0--

Generation = 8, Population = 20.
.*..0-0-*-.-----.--------
-0--00*-----.1.-.0--.-1--
--0-**-..1----*-*-------0
-----0------.-.-*--------

Generation = 9, Population = 31.
....101-.0.--0--.0----0--
01-011*010--.-.-.-1-.0-00
----..-..-0---.-*-----00-
--0--10--0--.-.0.0------0

Generation = 10, Population = 34.
...*-1--.1.-0-1-.-------0
1*-1**.-----.1.-.--0.---1
0100..-..1-0--.-*-0---1-0
-0-00*101---.-.-*-0---0--

Generation = 11, Population = 41.
..**1*1-.-.0-0-0.--0---01
-.0*.*.----0*-.-.---.-10-
---1..1**---00.0.-1--0*-1
-10--*--*--0.-.0.-10-0100

Generation = 12, Population = 46.
..*.-**0.-.10---.-1-1---*
-.-....01-1-.1.-.-10.---1
-10*.****1-0-1*1.0*-0-.-*
0*1-0.--*00-*0*1.0-1--*--

Generation = 13, Population = 45.
....1.*-*-.*1---.0*0-0-0.
-*-**..1-0-0.*.0.-*1*--0-
--1****..---0*.-.-.--0.0.
1.-0-*1-.110*1.-.11--0.00
*** Life<Cell> 27x5 ***

Generation = 0, Population = 32.
0----
---0-
-0---
----0
-----
0----
-----
-0-0-
--0--
-----
0-0--
--0--
-0---
0----
000-0
-----
--0--
---0-
0--0-
0-00-
-----
0-00-
-00--
-----
----0
--0--
--0--

Generation = 14, Population = 48.
--.**
-..**
..*.*
.***.
**..*
***-.
****.
*.-*.
*.*1-
*--1.
-.*-.
*-*.0
***.-
.*-..
..**.
.1*..
.....
.-...
...**
..*.-
.....
....*
...*1
*--**
...-.
*.-..
....-
*** Life<Cell> 3x17 ***

Generation = 0, Population = 18.
0----00000-----0-
----00--0-0---0--
--00-0-00-------0

Generation = 1, Population = 23.
-0------11------0
0-0-11-0-0-0-0--0
-01101-1-00---00-

Generation = 2, Population = 21.
----00--*-00-0-01
--10---10-0-----1
-1*-1--*--1---11-

Generation = 3, Population = 28.
--0-110-*--1---1-
---1110------000*
0**1-10*-0*0-0**-

Generation = 4, Population = 28.
-0-0-*--.10-00-*-
001-*-1-000-0-1-*
1**-1-1*-1*1--..-

Generation = 5, Population = 25.
-10-1*--*----10*-
---1*1*11-1010-0.
-.*-*--*0-.*--..0

Generation = 6, Population = 27.
0*10-.--*101---*1
-01*.*.**-*1--11*
-..1*--.-1**-0..-

Generation = 7, Population = 19.
1.*-1.--*-1-0--.-
--*....*.-.*1-***
-..-*--.-*.*--**0

Generation = 8, Population = 20.
-*.--.--.--1110*1
00......*0..--*.*
-..1.1-.0.**-0*.-

Generation = 9, Population = 20.
-*.--.--.11*--1.-
1-*.....*1..10..*
1..-.-1.1.*.-1**0

Generation = 10, Population = 17.
-*.--.--*--*---.1
*0.....**-..*-..*
**.-.1-**...--**-

Generation = 11, Population = 18.
-*.--.--*11.---.*
.1*...*..1...0..*
**.-.--**...01.*-

Generation = 12, Population = 25.
1**--.00***.-1-..
.**......**.*1***
***-.--**...1-*.-

Generation = 13, Population = 26.
*.*0-.1-*.**-*-*.
...*..*...*.**.*.
*.*1.-1.**.**1*.0

Generation = 14, Population = 24.
..*-1.*-.***1*-..
....***.*......**
..*-.1**.***.***-

Generation = 15, Population = 19.
...-*.*0.***-.1..
....*...*......**
...1*-.****...**-

Generation = 16, Population = 20.
...0.*.1***.1.-*.
....*.*....*....*
...**1.***....**-

Generation = 17, Population = 19.
...-********-.1..
...........*..*.*
...******......*-

Generation = 18, Population = 19.
...0.*******1.**.
...*.......*..*..
....****.......*-

Generation = 19, Population = 22.
...1*.**********.
...*.....*.****..
....***.........0
*** Life<Cell> 25x2 ***

Generation = 0, Population = 14.
--
0-
-0
0-
-0
--
-0
-0
--
--
--
--
--
-0
--
-0
--
0-
0-
--
--
00
0-
--
-0

Generation = 14, Population = 12.
-.
..
-.
1.
1*
**
..
-.
-*
**
-1
..
..
-.
.-
..
--
..
**
.-
-*
-.
..
.-
.-
*** Life<Cell> 8x21 ***

Generation = 0, Population = 95.
00----0--00-00--0---0
--00-00-0-0---00-000-
0-000-00--00--0-0-0--
-0-00-000-0-00-0-000-
-0-0-0-000000--0--0-0
000---0000000-0---000
0000000000---00--0-00
---000-000--0-0--0-0-

Generation = 2, Population = 78.
**-------*00-*00--1--
0---1*--0---1----**-0
01-0-1-01--*--*00---0
0-1-01-0-----*1*1*-*-
-----00--*0-*00----0*
-001---0-0**---0-0---
---*-*-0---1---11*-*-
1---*01--01-0-*11-0*0
*** Life<Cell> 7x1 ***

Generation = 0, Population = 4.
-
0
0
0
-
-
0

Generation = 4, Population = 2.
.
.
-
.
0
.
*

Generation = 8, Population = 0.
.
.
-
.
-
.
.
*** Life<Cell> 25x2 ***

Generation = 0, Population = 15.
--
0-
-0
0-
--
--
--
0-
--
--
-0
--
-0
-0
0-
00
-0
--
--
--
0-
0-
-0
--
0-

Generation = 4, Population = 23.
-0
--
-0
--
--
0-
--
--
-0
-0
11
-0
.-
0*
*-
-0
**
**
*0
11
..
.-
10
--
-1
*** Life<Cell> 10x24 ***

Generation = 0, Population = 116.
--000-0000-0-000----0---
-0-0---0-0-00------00---
-0--0--0-000-0---0-000-0
--0-00--00000-00000---00
----000--00----0-0---00-
0-0000---00--0-000--0-0-
----0-0---0---00000000--
-00--0-00-0---00-----0-0
-000-000000--000--0-00--
---00-0--0-0--00-00-00--

Generation = 7, Population = 119.
---**-*.---**11-*-..1111
1**...*01-*-**0.*.0*1-**
1**-*0111*..1--0*..0..--
0---10--..-1.**-*..-.-*.
11.-.*-11*--*0.0*-.*.*.1
00*-*.*-.-*-0*.*.--*.-*-
*-*1*---..1*00*--.*0*.*.
*01-.*.-.--*--*10..*1-.*
*.--.0-*..--1.1.-1-1*.-*
---1**--**-1-.00--.*00*1
*** Life<Cell> 4x2 ***

Generation = 0, Population = 4.
-0
0-
--
00

Generation = 3, Population = 4.
-0
01
-*
.-

Generation = 6, Population = 4.
-*
**
-*
..

Generation = 9, Population = 4.
-*
**
-*
..

Generation = 12, Population = 4.
-*
**
-*
..
*** Life<Cell> 19x29 ***

Generation = 0, Population = 120.
-----0-------0------0---0----
---000--0---------00---------
0-0---0------0--0---0--------
----0----0--0----0-0--------0
--------------0-0-0-------00-
---0--0-0-0-0----00-0--------
-------0----00-0-----0----0-0
-0--00-00---0-00--------0---0
-------0--------00--------0--
------00---0---0----0--------
------0-------0---------0----
-00-----------0-0--------0---
0-0000--0000------000--0-0---
-------0-0--0---0----0------0
--0---0--0--------0---0---0--
--00---------0----0-----0-0--
0---00-0-00-------0----0-----
----------000--0--0--------0-
--0------00--0-----0---------

Generation = 2, Population = 252.
0-01-*10---0---00-1-----0-0--
-00*00-1-10-0---1--*10------0
--0--0--1--0-0-10-1-0-0-0-00-
--1-01-0---10-10----00----1-0
0-0---10------000-*--0--01*--
----1-0100--*---0*0-0-0-0----
-----1-*-011-*-*--10---01-00-
--11-*--*101-1*00-0---0-----*
-----100-0--10----10-0----0--
--0----0----1--0010---0-10--0
0-10-1-0-0010----0001-01-0---
0--01-1--1-1--*0--1-10-1---00
-1000*--*-0*001-01--*--00*10-
-0-1-1-0-000-10-0--1---101--0
0-*0------------1--10----1--1
11--01-1-01-------0-001-0-*1-
0--0-*--0*0011--0-01001--01--
--10----01*-*01-11*-0---001--
--0--0--1---00-1-000-0-0-----

Generation = 4, Population = 255.
01011*-------01-0010----0-011
0*0.0-1.1.*---01-1*..-00-----
0--01011-00----100-1-0----0-1
11--*--*0---*-1-1----0-0----0
-----0-*--0--10-01.----101*-1
--11-1-1--0-.----.*1010-0-0--
0-11-*1.0**-*.-.1-.*0-1--0*-1
01..1*0-.1*--..*-00-0---100-.
0-0-1----*0-100-1-.*-010-0010
--*---0-10-----*-**110--.---0
------**-0-*01*0----110------
*-1*1-10-.0---.---*-.*---10-*
010-**-0*10*0*.--*10.01--*-0-
--01-*00--*0-1--001*----*.00-
*0*0-0---1------*-11----1*1-*
**----01-0------01--*----0**-
-00--.1--*--*------10-11-0*0-
------0-**.1*0*--..--110----0
--*-1-11.11-0011-0*---0---1--

Generation = 6, Population = 271.
-**-.*-0--101*-*-**---1--0-1.
-.0*0-**1..-00011...*1-*00--0
-10-1-*1--0*1011----0*--0101*
-.-0.*-*-0--.-.*11--1---011-0
--*1-*1*01-1-.010*.-1--1*1*-*
11-11-1*-0-1.-10-*..*---*0---
*111-.1.-.*-**-*-0..*-***0.11
*..*-.0-*..--***--*-*-00.-*-.
*-*0*-0-0*-0*-----..-0---0-1-
1-.--1--.-01-0-.-..**-*1.-1--
-01-1*..-*1.01*0--001-*-0-1-0
**-*-1-*-.--00*---.0.*---1--.
01*0..0**10*-*.--.1-.-.-1*-*0
-----*00-**-1.----1.1-1-*.001
*-.0-*101*0--10-.--1--0--*.-.
..--1--*-0*01--10*1-.*----..0
----1*1-0*-0*1-0*1*.0--10-.--
01--1--1**...*.01..1-*-0*-100
01.-101..1*---*.--.*0--0-1-11

Generation = 8, Population = 233.
1**-**-*0-*0*.-.**.--010-*11.
-.*.0-.....-*0--.....--.*-01-
1.0-*-**11*..*..--1*-.10-1*-*
1.--..0**---.1...1-1-1--*-*1-
--..-.*.0.1*1.---..11-1..1.-.
111..-*.--1..-1*1....*--*--1-
..-*-*1.*..-..-.1-...-.**-...
*...1*01*..*-..**-.0*10-.-*-.
*-**.**00.--.-----.*1-*11-1--
*0.1-.-0.*--1*-.0.***-...0*-*
*-*1....-*1.-1.*----1*.---.--
.*1.-.-*-.1---.100.-..-11.-1.
0**-*.0**.*.-..0-**0*-.-1.*.0
0**-1*--0*.--.-0--..1-.-*.*--
.**0-.*--.--1.--*1-10----..1*
**--.-1*0-.-11--*.10*.---*..0
*11-...--.-0.-0-*...-**1--.10
0-*111-....**..-1.**1.-*.-.-0
--*11-.*.1*-0-**11.**0**11*--
*** Life<Cell> 30x21 ***

Generation = 0, Population = 23.
------------0--------
---------------------
---------------------
---------------------
-----------0---------
---------------------
----0----------------
--0------------------
---------------------
---------------------
--------0---------0--
-------------0-------
------00-----------0-
---------------------
-------------------0-
0-------0----------0-
-------0-------------
---------------------
-------------0-------
---------------------
-----------0---------
---------------------
---------------------
--0---------------0--
-------0-------------
-----------0---------
---------------------
---------------0-----
------0--------------
---------------------

Generation = 19, Population = 266.
*-***0.*-***...-*-**1
*0.-.-*.*.*.*.*1**..1
-*...-*-*.****.***-*-
**.*..1.....*.*-....*
****-..*...-.**-*...*
*.**.-.*.1...**...--.
***-**..*.1..---.1-..
*.1.*..**...--..***.-
.**1*....*1.*..11....
0-...1.*0.*-*.*.-...*
*-..-.....*.*..*.**.*
.....*......-*.****-.
*...***-*...*..*****.
*0.-*.**..--.**.**.*.
.*****.-.-1-0.-*1*.*.
.--1..**.0....**-**.*
-**1*....*..1.**.*...
1*.---..**-010-..*...
*.1.1...*-1*-..-0.0**
0.-.1*.0..1.*....-...
-0110--.*.-1....**-*0
001*--.-...-0...-*..*
.-*1**--..-***--.-..*
*1*.....-***.1*.**.*1
.--.......0*-.*0....-
*.*-.-1*..0-1.11*-1..
*-.*-**...*11-*-.**1*
.0.1--**1*-*1..*...-*
...1....*....**.1..*1
.*.0-*-.*..***-*.....
*** Life<Cell> 8x23 ***

Generation = 0, Population = 44.
00--0---0-0----0-0--0--
00-------0--0----------
---0------0-0------0---
0----000-0---0-0-0-----
------00---------0-----
--000--00----0----0----
------00---------0-----
0-00-----0-00---------0

Generation = 1, Population = 84.
--00-0-0-0-00-0---00-0-
--000-----0010-0-0-00--
-00-0000-0--1--0-00-0--
-0-0011----------100---
0-000--1-0-----001-----
-01-100110--0-0--0-0---
0---001--0-000--0-----0
--110-000--110---0---0-

Generation = 2, Population = 81.
-0--0-----0--0----1-0-0
--11-00--011-101-1-----
0---1111----*-01-1--10-
-1---*-0----0----*11---
---1100*010-0--1-*-----
01-0*11*-10-10--01--0-0
----11*001-----0-0-0---
00*--0--1-0-*-0---0-0--

Generation = 3, Population = 77.
0-----0---1-01-0-------
0-**----01**1-1--*---00
--0-*-*-000-*0------*10
--000.---000-00-0*-*-0-
0-0-*-1.-*----0-0.-00-0
1*--.--.-*---1001*0----
--0---.11-0--0--010-0-0
1-.1-1--*0--.------0-0-
*** Life<Cell> 19x17 ***

Generation = 0, Population = 128.
--0---0-----0---0
0--0-00-0--00---0
0--00--000--000-0
-0--------00-----
------0-0----0-00
---000--0-----0--
-000-00---00--000
--0-000-0----0--0
0--00--000--0--0-
-0----000-0-00000
-00-00-0--0------
---0---0----0--0-
---000--0----0-0-
-000---0-0--0-000
0-0---0-0-----0-0
--0--0-0----0-00-
--0------0--0--0-
0-0--00---000---0
-0-000--0-00---00

Generation = 3, Population = 146.
00-1-0.-0---1-1-.
*01.*.1-.-**---01
*--0-00...--0----
-00**0---1-.0---1
--100--1-*00*-*-.
0------**-0*--1--
-*1--.1----1*----
--.-1.1-.-0*1----
---.-0*-0*0-1*0*-
0-1---111--110--*
--.0.-*0---0----0
-*-.00---0-0-0*-0
1-1.-1*01--10---1
-..-1---0-**--1-0
0--1-1--0--00*--1
0*-0*----0-*.10-1
0---0-**0000--0.0
-0--01--011-0-1**
--0*1-0-00--0-*-0
*** Life<Cell> 10x18 ***

Generation = 0, Population = 91.
-0--0-00-0--0---0-
0-000-------0000--
0--00---00----0-00
0---00--0000000-0-
--00000--0-0--0000
-0---00-0000--0---
0-000---0--000----
-0---000-00-----00
00000--000-0--00-0
00--00--0-000-0--0

Generation = 3, Population = 82.
-11-.1------.---0*
.-111---*-000--*0*
1--1-0--0-1-0---1-
1---.1-000-*1---1-
-11-1--0*--00-1--*
1-00000--.11--.---
---0.0-1.-010.-1--
--0--*-0-0-*00-11-
--100001.--1-*0.*-
0000----1--**--10.

Generation = 6, Population = 76.
-**-.*----**.1---.
*--.*01-*1-11--.-*
.-1..----0*-0--0--
.-.-.*0-110..-1**1
1.**.*01.00.--101.
*-1....*-*1.*-*01-
---..0-..----.**--
-*---.*---..1-11*-
*-.10.1-*0-1-**..-
*0.--1*-*-**.--.1*

Generation = 9, Population = 74.
-*.0..-*-0..**1-1.
.1*..*.0.111*1-*-.
.-1.*-*0-..*-00---
.-....1-.-*.*1-*..
......*-.-1.-**0.*
.1...*.*-.-*.-.0-1
*-***-*.***-0*.**1
-.**-**0*-.*1-..*-
**..1*--.1*.-.....
*-.*-..0.*...--...
*** Life<Cell> 6x21 ***

Generation = 0, Population = 73.
---00-00---0-0---0--0
-00000---000--000000-
000--000-00---00--00-
--0-0-00-0-00-0000-0-
000000000-0000-------
00--00000-000-0-00--0

Generation = 1, Population = 65.
-0---01100-1---0-1---
--111-0-0-1-0--1-11--
111-0-1--1-0001100-10
-0-01-1101---0-1-1010
-11--1---0---100---00
-----111---1-0--1100-

Generation = 2, Population = 56.
0--0-1*-110---01-*---
00---0-01---1---0**-0
**------0*0111---1---
---1-0---*00----0---1
0-*--*0--1000*----01-
-00-0--*000--1--*----

Generation = 3, Population = 63.
1-0---*1--11001*0*--0
1-111101*0--*-0-1.*--
**10-----.1***1-0*---
-0---1---.-10--1--0--
-1*--*1--*-1-*0--01*-
-1-----*-1---*00.100-

Generation = 4, Population = 66.
*-1-0-.---*-1-*.1*-0-
-0**--1**110.--1-.*00
*.*---100**...-1-.0--
--011*---.-*-00--11--
0**00**-0.-*0.-00--.0
0*---1-.-*010*11*-1-0

Generation = 5, Population = 57.
.0*0-1.11-*1--.***01-
11..-1-..*-1.--*-..11
...00--11...*.-*0.--0
--1**.11-.-*0111-*-11
-..11.*--*-.-.0----.1
-.-0-*-.-*-*1*-**---1

Generation = 6, Population = 55.
*-*1-****1*-1-.***---
*-..-*1..*1**-0.1..--
.*.-----*.*...-.1.-1-
-0*...---.0*1-*-0.-**
-..*-.*-0.0.-.1000-.-
-.010*-.0.-.-*1*.1-0*

Generation = 7, Population = 58.
.-.*-*.***.1*0.***0--
*-*.1*-...-.*--.-..1-
***--011......-.-*0*-
0-*...1--.1.*-*1-.1**
-*..-*.-1.1.0.*11-1.-
-.1*-*-*1*0.1**..*-1.

Generation = 8, Population = 57.
.-.*0**.*..**1..**1--
*1*.*.-...-**--.1..*1
*.*0--**...*.*1.1*1.-
1-*...*-0**..-*--.*.*
-*.*1*.-*.-.-..**0*.1
-.*.-.-**.-.-.*.**1-.

Generation = 9, Population = 48.
.0**1*.....*.*..***-0
*-....-...1..00.-..**
*..1-0****.*.*-.-.-.-
*0....*1-**..-*--....
-*.*-**-..1.-.*..1..*
-.**0.1**.-.-.....-1.

Generation = 10, Population = 46.
.1**-.......***..**11
*-....1***-*.11.1****
*..--1.....***1.-.-.0
*-.....-0..*.-*1-....
-*.*1..0..*.-....-...
-.**1.-*..0.-.....1-.

Generation = 11, Population = 47.
.**.1..**...*.***..*-
*-*...***.-*.**.*....
**.-0-*..*.*..*.1*1.1
*-..*..--.**.-**0....
-*..-..1****-....-...
-.*.-.1...1.-.....-1.
*** Life<Cell> 2x11 ***

Generation = 0, Population = 3.
----------0
--------0-0

Generation = 1, Population = 5.
--------001
-------0--1

Generation = 2, Population = 3.
--------1--
------0---*

Generation = 3, Population = 8.
------00-01
-----0-000.

Generation = 4, Population = 6.
------1-1-*
----0-0---*

Generation = 5, Population = 8.
----00*---.
---0--1000.

Generation = 6, Population = 6.
----1-*-10.
--0------1.

Generation = 7, Population = 8.
--00--.-*-.
-0-00-1--*.
*** Life<Cell> 24x25 ***

Generation = 0, Population = 164.
-0-----000---0-0---00----
--0---0--0-0--00--0--0--0
---0--00--0-0---0---0---0
---0------0----0---------
0--00------00------0---00
-00---0000--0--000000----
-0----------0-0-------00-
--00-0----0---0-000---0--
--0-------0----00---0-0-0
-0----0--00-0--0---------
---0000-----0---00---0---
------00---0--------0----
-0--00------0---------0-0
-0---00---0-------0----0-
------0---------------000
--00-------0-0---0-------
0--0-----0------0-0-0-0--
----------00-0----0-0-0--
0--0--0------00--000----0
0---0--------0---0--0-0--
--0--0-0----0------0---00
-------000-----000---0---
-------0--00-0--0-----0-0
--00----00--------0---0--

Generation = 1, Population = 305.
0------1--000-010--11---0
-----010-10---1--0--0-001
---100-10-10-000-000---01
0-0---00-01---0----00--0-
----100000-1-0--00-1--011
--1-001--10--0-1---1100-0
0100-00000001-1----000-10
---1--0--0100010--1000--0
--1--00----00-----00--1--
0--00-1001--100100--000-0
-001--1--00-10--110---0--
-0-0-0-10-0-0---00-0--0-0
01001-00--0--0----0-00-0-
010----0-0-00----0-0--010
-000--10--00-0---00--0111
001-0-0--00---0-----0--00
-0-10---0------0-01-1-10-
------0---11-1--0--01-100
100--0-0--0001100-110--0-
100---00-----1--01-0-----
00-0---1-0-0---00-0--0-11
--0--001-1-0000111000--0-
--00--010011--0-1-0---1--
-0110---11-0-0--00-0-0100

Generation = 2, Population = 281.
-0---0-*0---1---1-0*-00-1
0--0---10*100--0-1-01-11*
0--*---*1-*1-1-1----0--1-
-----0-1---0-01-0--110--0
0--0-1-1-1---1--11--0--*-
0-*0--*00*-0-10--00**1---
1-1-0------1--*0---1-10*1
000*00----*---*100--1---1
00-0-11-0---10--0---00*0-
--0-10*-----*1--1-0-1-1--
---*--*00---*---*-1-0--0-
----0---10--10-0------10-
--11*011--1-0-0-00--11-10
--100-0-----10--01---0---
01-1-0--00--0---0-1--1*-*
1---1-1--1---------01-01-
-10*-0-0---0-0--01*0---10
0-000---00--0*-01-0-*---1
-1-00--100-1----10*--0-1-
*-----11000--*-01*-1-0--0
----000--1-1----1-10----*
0-10011*0-01--1*----1--1-
--1----*1--*-010--100-*00
01**100---01---0-10--1*-1

Generation = 3, Population = 292.
--000--*--0-*0---01*11-0*
1-01001*-.*1--110-0--0-**
100.000.-0.*0*0*-0-0---*1
----01---0-1-1*01-0*-100-
10-1-*0-0*0-0-00---1-00.-
--*---*1-*-1-------..---0
-1--1-0000-*1-.----*---*-
111.1---00.-0-.*111-*0-0*
---1-*---000------001-*1-
0---*1.----0.-01--1--0*0-
---*0-*----0.0--*-*-10010
--001--1-1-0*10-000---*1-
-1-*.-**-------0--00*-0-1
0-----1-0000*1-01------1-
-*0*--101-001--010----.1.
*010-----*0000---00-*0--0
0*1.--0---0-010---.-1----
-------0--111*-1*--0*--0*
1-0--0---10----0*1.--1--0
.--0---*1-100.-1-.-*-10-1
--0--1110*-*0000*0*--0--*
----1**.-11*0--.---0*0-*0
---0--0.-01.-1*11----0.1-
1-**--1-111-00-1-*---**0*

Generation = 4, Population = 261.
00-1---*0010*1-1-1**----*
*01*-1**0*.-00-*1-10-1-..
---.1--*11..-.-.---10--.-
--0--*0---1*--.-*01*--1--
*10-1.-11.1--1-----*---.1
00*-0-.--.0*0-01---.*10--
-*10*--111-*-0.000-*-10*1
***.*-0--1.010..----.101*
-0---*1-------0-0-1---.*-
-0-0.-*--1--.-1*-0--1-.1-
0--.10*--00-.10-*1*-*1--1
--1--00*----.*10--1---.-0
--1**0*.--1----10---.-1--
-11--0----11.*-1--000--*-
0.1*00----1-*00-*---01***
.---1--0-.-1---0--1-*10--
-.-*-0------1-1-01*----1-
-0---0--0-*-*.0-.-01*-11*
----0-0--*11-111.**--*---
.-0-0--.---1-.--1.-.-*1--
-0----**1.-.---1*-*0----*
--1-*...-**.-0-.-1-1.1-*-
0--1---.-1*.0-.**--0--.-0
--**10*-**--1-0*0.0-0*.1*

Generation = 5, Population = 308.
--0*00-.11--.--*1*.*11-0.
*1-*0*..-..----**1-11-1..
10-.-00.*-.*0.-*-00*1-0.-
0-100*11---*01.0.--.-1-00
**1-*.-**.-1---011-*-0-*-
--.0-0.--.-.1-1--0-*.*---
1.--*0-*--0.-1.--1-.0*-.-
*...*01--*.---..-110*-1-.
---1-.*0---01-10-0-010..-
-1--.1.00*--.-*.-110*-**-
--0**1.-0-10.-1-.**-**0-*
00*-11-*11--.**-0-*000.11
--*..-.*-0*----*10-0.1--1
-**00----0**.*0*111---0.-
-.-.1-10-0*-.11-*0--1*..*
.-10*01-0.--000-0-*-**-10
-.1.01000-0-*-*01-.--01*-
0-00-1-0-0*1*.--.01-*0***
-10010-1-**-0******--.010
.---10-.10-*0.01*.-*0**01
0-0--1.***0.-00**0*-0-0-.
0--0...*-.**--1.1-0-.--*0
-01*000.-*..1-...--1--.11
11**--.-**-1*-1.-*-01..**

Generation = 6, Population = 262.
0-1.1-0.**1-.-0***.***0-.
*-1.1..*-*.10-1..*1**1**.
*--.11-..1.*-*0*0--.-01.1
----1.*-0-1.1*.-.-1.-*1-1
*.--..-**.1*01-----.---*-
-0*--1.-0.0*-1-----*.*00-
*.--.10.1--.--.-0--.-.-.-
...*.1-00.*010*.1*-1.--1.
001--..---01*--1---1-1.*-
0---.*.-1*--*1*.1**1.-.*-
00-..*.0--*1.--0*..-..--*
1-.0---**-00.**01-.111.**
01...0**01.---0.---1.*--*
0**--01-01.***1.--*-00-*-
-*-.-0-11-.-.**0.-10-...*
.0--.1*-1.-1-110-0.-..0--
0.-.--11-010.1*---*-11*.0
-01---0-0-.-..--.---*1...
-*11*1-*0..-1......--.1-1
.0---11.-1-.-.1-..0.1..1-
1----*.*..-.-1-..-*01011.
1-11...*-..*--*.*11-.--.-
0-*.--1*-*..*1.*.0-*--***
**..-0.0**-**--.0.--*..**

Generation = 7, Population = 257.
1-*.*--****-.1-***....--.
*-*.-.**0..-10-...-..-...
.00.**-*.*..-.1*1--.-1*.*
---0*.*110*.-..0.0-.1*-0*
.*1-.*-.*.*.1*0---0.--0.-
01.00*.--.-.1*1-0-0...--0
.*10.*1.-1-.1-*01--.-.0*-
*.*.**11-.*1*-*.-*-**11*.
--*--.*0---*.01-0-----.*0
-10-..*-**00.-*.-**-*0**-
110.*..10-.-.-1-...-..-1*
-0*-1--..1--**.1-0.---***
1-..*-..--.-00-.1--*..11*
-.*001--1-*.*.*.-1*-1--*0
-.-.1--**-*-...-*--1-***.
*11-.-.-*.-*-*----.0*.11-
-.1.--**-1--.-.---.--***-
----0-1-1-*1**0-.-11*-...
1.*-*--.-*.1-......--.-1-
*1-0-**.--1.0*-1..1.*..*-
*-000*.**.-.0-0*.-.-*---.
---*...*0...-0****-1.1-.0
-0**--*.1*...***.11*-0*.*
**..1-.-.*-**--.-.--..*.*

Generation = 8, Population = 246.
*-.*.0-..*.0**-.*.....--.
*1*.-...-.*1*--..*-..1...
.1-.*.-...*.0****--.--*.*
--11...**1**1..1.--.*.-1*
***1..-.*.*.-.--1-1*0--.-
1*.--..-0*0.*.*11-1...---
..*-..-*1--.-1.---0*0.-.-
....*.--0.**.0..1*-.*-*..
0-*10..--00..1*--011--..1
--10.**-.*--*-*.-*.-.-..0
*-1..*.*-0.1*-*-***-..0*.
1-*--1-.*-00*..-1-.1-1...
--...-..01.01--*-0-*.*--.
0..--*1-*-..*..*1**---0.-
0.-.*-1**-*-**.0.--*-....
.--0.-*0..-.-.1-0-.-..**0
0.**01*.----.-*---*-1..*0
0--01-*0--.***11.0*-*-.*.
*.*1*--*-*.*1.....*1-.1*1
**-1-.**1--.-*1*..-*....1
*01--*..**0*1--..0*-*--1.
101..*..1...--...*1*.*-*1
--.*-0..-**......--*--*.*
**.*-0.-**-.*-1.-.00.**..

Generation = 9, Population = 227.
*-*..-0....-.*0.......--.
****1...-*.*.01..*1..-...
**0...-.*...1.***--.1-*.*
00--*..**-..-..*.-1.**-**
*..-..-.....-*00*--.-0-.1
-..0-..-1.-*.**----...---
.*.0..1**--.-*.0---.-*0.-
.**.*.--1.**.-..*.1.*-...
--**-..----..-*1-1-*--.**
-1*-.**-.*--*1*.-..1.-..1
.--..*.*01.-.-.-*.*-..1*.
*-.01*0*.-1-...-*0.*-*...
--...-*.1*.-*00*-10*.*--.
1..--*-0.-*....*-*.0---.-
1.-.*0*.*-.-**.1.0-.1.*..
.--1.-.-*.0.0.*0-0.0..*.-
1**.1-..---0*-.-1-*-**..-
-011*1.-10**..**.1.1*1...
*..-.10.0.**-...**.--.*.-
..-*-**.-11.0*-..*1.*.*.*
.---0*....-**-0.*-.-*-1*.
-1-*.**.*...0-...**..*0.-
--.*--*.1.*......11.00..*
..*.-1.0**-..--.-.1-****.

Generation = 10, Population = 244.
*0*..0-....0**-.......--.
....*...-....-*.***..-...
..-.*.-***..-...*--.*1*.*
1--1...**1..1....0-**.1.*
**.1..-**...1*11*11.-10**
1.*10..-*.0....11--..*0-0
.*.1*.*.*10*1*.---0.-*1.-
.*..*.1-**...0..**-**-**.
-0..-*.-000**-**0-1*--.**
0**-***-.*00.-*.1*.*.-*.*
.11*....--*-.1.0*.*0*.**.
.0.1-.1..1-0.**-.-.*-*...
--...0..***0.--*1*-*..1-.
*..--.--.-.*...*-*.1-00.-
*.-.*1*.*0.0**.-.-1*-*...
*1--.1.0.*-.-.*-01.-..*.-
*...*-..-11-*1.0--.-..*.-
0-*-.-*0--.....*.*.*.-*..
.*.-.*-.1...-***...1-.**1
..0.1..*-*-.-*-*..**..*..
.0-01..*.*-..1-.*0.0*0*..
1--*..*..*..10..*.*...-.1
-0.*00..-........-*.-1...
....1-*1**-..--.-**-*.**.

Generation = 11, Population = 247.
.-...-0....1**-..*....--.
.*.***..0...*-.***...1...
..-**.0*.*..1..**00.*-*..
*-1**.*..-..*.*..11*..-.*
*..-..0....*-*-*.***---.*
*..--*.-..1....----.*.101
**.-.....*1*-**0---*-.*.1
**.**.*-.....1..*.-.*1..*
--.*0..0--1.*1*.1-*.--..*
1..0***0*.--.-..*....0*.*
.**...*.-1.1.*.1*..-..**.
.1.*1.-.**-1.*.1.0..1*.*.
11...-..**.1.0-*-*-*..*1.
...-0.1-.-....**1*.----.-
*.-.*****-.-***1.0**-*...
**1-.*.-..-.-.*01**0.**.-
*....-.*0-*-.*.1--*0.***-
10.1.-*1-0..*..*..*..1*..
.**-.*-.-...1*.*...-0**.*
.*-.****1*1.0*1*.*.......
.-1--***.*0..-0**1.-*-**.
-11...*.*...*-..*.*...0.-
--**11..1*.......-*.--**.
...**1*-*.1..--.0**-.**..

Generation = 12, Population = 227.
.0..*--....***0..*....--.
..**....-....-**.....-...
.*-...-**..*-.*..--.*1...
.-*.*.*..1.**.*..*-.*.1*.
*..1*.1....*1*1.**..--0.*
*..-0..-.**..*.--01.**--*
..*1**...***-**1--0*0.*.-
**.***.-.*...-..**1***..*
-0..1..1-0-.***.--..1-*.*
-*.-...1**00.-..*....1*.*
**....*.0*.*...-.*.-*...*
.-.**.1*..--.*.-.1*.**..*
*-***-.***.*.10.1*-.***-.
**.01.*-.1......-..--00.-
*.1**..*.0.0...*.1.*-**..
*.*1**.-.*0.0..--..1...*-
.....1.*11.0.*.---.-...*0
--.-.-*-1-.**..**.*..*...
...-..0.1.*.*..*...11.**.
.*0**...-.-.-.*..*..*....
.0*0-.....-.*--..-*0.-**.
1**.......*..0..*.**..-.-
--..*-..*.......*-**--.*.
..*..**-*.-..--.1**0.***.

Generation = 13, Population = 231.
.-**.0-.....**-*......--.
.***....0..*.-.*.....1...
.*0...-**.**-.*..0-.***..
.-*.*.*.*-....*.**1.*.-*.
.*.**.*..*..*.-**..*--1.*
.**1-..-.*.....1---.*.10.
*.**....*..*-***-11.1.**-
**....*1.*.*.-..***...*..
--.*****0--***.*-1*.*-*.*
-**-..*-..--.1......***.*
***..**.-..**..-***0*.*.*
*1..*.-...--.**-.**...**.
*1...0...**.*-1.**-*...1.
*..1*.*0.-..*.**1**1-11*-
*.-...*..-.-.....-*.-*.*.
..**.*.-..1.-..0-.***..*-
...*.*.**-.1.*.11-.0..**1
--.-.-*1--...****..***..*
..*1.*1.**..****.***-.*..
.*1.*...1.1*-*......*....
.1.--.....0..-0..-.-*0...
*............-......*.0*-
00**.-.*.*.....**1..01.*.
.....*.-..-..--.-..-*.**.

Generation = 14, Population = 225.
.-.**-0.....*.-.......--.
....*..*1***.0.**...***..
..1...-.*.**1.*..1-**.*..
.0..*.*.*-**.**...*.*.1*.
.*..*..***....-...**01*.*
*..*-..-***.**.--01.*.*-*
*..*...***..-.**1--.*...1
**.....-.*.*.-........*..
0-.**...1-1*.**.1-*.*1*..
-..-...-..--.**.......*.*
...*.**.-...*.*1*..-*...*
.*..*.1...11..*1....***.*
.-**.-*....**1-...-***.-*
*..**.*1.1.*..*.*..----*0
.*1...**.-.-..*..-..-*.**
..**.*.0..-.-.*1-**.**..-
..**.*.**1.-**.*-1.-..*.-
--*-.1.-10...........*..*
.*****-.****.....**.1....
.*-.**.**.-*0..*..*.*....
***-1....*1*.--..-.0*1*..
*............-.**..*..1*1
--*..1..........**.*1*..*
.**....1..-..--.1..0*.**.

Generation = 15, Population = 218.
.-.**--******.-......*0-.
....**.**....-***..**.*..
..-*.*0.....*...*-0......
.1**.*...1...**..*....*..
******........1.....--..*
****-..1..*..**1-1-...*-*
*.*....*...*1****-1*....*
*****..1...**1..**.**.**.
1-......-0**.***--...-*..
1..-.*.-..00....**.**.*..
....***.-..**..**..0*.*.*
....*.-*..*-...-*.....*.*
.-*..0*......*1...0*...-*
....*..-*-**..**...11-1.1
.*-......0.0.**.*1..-*.**
.....*.-..-.0..--**.**.*0
.*...*.*.-.1.*.*-**-*.*.1
--.1.-.-*1.**...***..*...
.*....1....**....**.**...
..1...**..1.1....**......
*.*-**..**-**--**-*-.-*..
*.**......*..-.***....-.-
0-*..-...........*..*...*
.**....-..-..--.***-..**.

Generation = 16, Population = 215.
.-.**-0*.***..0*....**-0.
..........*.*0.***.**.*..
..-*..1**.......*1-*.*...
*-.......-...***.*.......
.....**.......-.*...--...
....-.**...*...-1--....-*
....*.***.*.*....-*****.*
*.**...**....*...*.*****.
--***...11...***1-...1*..
*..-***-.*-1.*...****.*..
....*.*.-...*..*..*-*.*..
...**.1*...-***-***.**..*
.1.**1**.***.*-...1***.1*
.....*.1.1**....**.-*1-.-
..1......-.1.**.*-..1....
......*0..-*-..1-...*...1
....*.*.*1**.*..1..-*.*.*
--*-.1*-**...*........*..
..*...*.**...*......**...
..**..****-.-*.......*...
..*0******-.*10*.-*0.1...
*.*.*....***.-.*..*...1.1
10...-.........*.......*.
.**....-..-..--.***0...*.
*** Life<Cell> 7x8 ***

Generation = 0, Population = 35.
0-00-0--
-00-000-
0-00----
00000-00
00000000
-0000--0
---00--0

Generation = 14, Population = 17.
***.*..-
........
**.-.*..
.****.*-
...10.**
....-.1.
........
*** Life<Cell> 30x29 ***

Generation = 0, Population = 80.
------0-------0--0-----------
---------0-----------0-------
--------------0-------0--0---
0-------0--------0-----0-----
------------0---------0------
---0------0------------0-----
------0----0-----------------
------0-----0-0--------------
------------0-----------00---
---0--------000--------00----
--------0------0-------------
-----------------------------
---------0-0---0---------0---
-0-------------------0-------
--0---0----------------------
--------0--------0-----------
-----------------------------
------------------0---------0
-------------0--------------0
---0-----0---0---0---------0-
----0-------------0----------
0----------------------0-----
-----0------0---------0--0-0-
------------------00---0--0--
-----------------------------
----0-------00---------------
------------------------0----
--------0-----0-0------------
0----------------0-00--------
0-----0--------0--0----------

Generation = 7, Population = 412.
-010--0-10--1...---*-.0-0*-10
-1-101--**1-1**1-*-*---1-.000
0-*--0.-010*-0---.-001-*.1-0-
-0.--*.**1*---1**-00-*---.--0
----101*0-...0.--**--1-0*..*1
-*-0-1-*1----.01-----1--0*110
*010*11-.1---1--**--01-*00**-
-1.--0*-1---*-----1-0---*-1--
0---1-.0.-1**-*1*---------.-*
--*101-..1-**0--*0--...-11-1-
1010-*.*1.11*-*10-0*1--0*010*
--0-*1-*1*0-*1*0-----*-01*-10
--0-*..1.--.-------10---1-*1-
--0--.1--1*-1--0-..11-*.*-0-*
001--1111.-*010*0---0*0--01-.
---.0-.-011-1---0-*1--*-0----
-0------*.11110--0-010*--11**
.-10-----1---.*0--0--..1011-.
-00---100.--1.0-0-.*-01*0-.-.
**---*--*1---**-11-.--*-0---1
1----*--*0-0--1-0--1---00-0-0
*-0-1-01001-.*0--1..000-0*0.-
-0----1-*0-01-0-*-.-.0-.*...*
***--1-*--*-*.1***1*.---1**01
**000---*-10.1-00****0--01100
.0--0---0-..11-....-0---0**-*
-11----1-0-01-1-00--*0---*..*
*-0-*-0-1-1**.*.*1.-.-0*--1--
.0.0*-*00----.11...*.**0-----
.--0*-0-0-1--.*-*-0--**-*-1-0
*** Life<Cell> 21x22 ***

Generation = 0, Population = 81.
-00-------------------
00---------0------0-0-
--------------00-----0
--0--0-----00--00-00--
-00-0-----------------
-----000-0--0--00-----
0----------0---0-0----
------0-----------0---
-00----0----0--0---0--
--------0-----0-0-0-0-
--00----------0-------
------0--------------0
--0--------00---0-0---
0---0-----------0-----
------0---0-----0--0--
--00----------0------0
---------------0------
--0-----0------------0
--0-0-0---0----0--0--0
----------0-----------
--0------------0---0--

Generation = 5, Population = 240.
--***--0-0-0-0*10-0-0-
.0--10*00-0**0*.-0*0-0
**101-0000***11--1-.01
-1---0--1**.*0-----.-*
0*001--*-0-**-0-----01
--**1*-1-.*-1.*-.-0**0
0-1-100.-1---1010----0
0-0-1.-00011.0..*--*-*
1-.---*0---.11-.00*--.
*000--1-01*-*-.010.0-1
1--1.101000*0-*-*-.1-0
00--00*-00----.-0*.-.*
---..0*-*00-1*--*--*10
*0.1*00010-01-10-0.-0-
-0---0-00--110.*..---1
-**10-0-0------0111.--
0-1----0---0100**-1---
11.*1-.-0---*0-0-10.-*
---0-0.--0----0-*.-0*.
001*-01000*0-------0-.
--*0-00--0-*0-0-0-..0-

Generation = 10, Population = 198.
-**..1-.--....**.--00-
***..-*-1--.*-..1***..
*.1-1-*.-1..*-*.-.1...
*1.*101.1..*.-----*..*
.*.*..*..**..1*.1*.***
10.*-.*.*......*.0-...
-.1..-..-.-*-*-*-**--.
-0--*.--1**..0...-*.*.
.**.--*01-1.-11*...1..
**0*1*.-1..-.*..-1.-1*
-*.*.*-.1-*.--.1*...-*
---*--.-*111--.-*..**.
111*...-.1.-..*-*-..*1
.-.*.-.-1---.-.-00.0**
--.--.00*111......*11*
...1*01..101-0*..*-.11
*1.1.*-..1**..-*.-*-**
1..*.*.-*11-.*-*0*0.*.
*1.01-*.-.1*1*-*..-0..
.-..--*-.-.1*001.----.
-.*-**-10***.1*11***--
