*** Life<FredkinCell> 30x7 ***

Generation = 0, Population = 112.
-0-0000
--0----
-000--0
00--000
---0-00
000--00
-0-000-
000--00
-0-----
0--0--0
000----
000---0
000---0
-00-000
-----0-
---00-0
000-000
00000--
0-0--0-
0000--0
--000-0
00---0-
-0-000-
----00-
--0-00-
0----0-
-00000-
000-0-0
---0-0-
0000000

Generation = 13, Population = 100.
6-3-2--
-6--1--
----46-
26-2--4
---3--2
-2---4-
-6---43
5166---
---5224
----2--
4-3-335
4075---
2-3-72-
--3-3--
1-2--3-
-4--1--
-643-14
751---5
2331--3
4-2----
2-----6
-2-54-2
04182--
-53--55
4-54634
0--4-24
-5-8-12
--1--4-
-1--34-
43-4---

*** Life<FredkinCell> 10x26 ***

Generation = 0, Population = 125.
00-0-00000---00--00--0000-
00--0--000---000-0--0-----
-0--00--0-0-0---00000--0-0
----0-----00----0-0-----0-
-000---0---0-0-0-0---0--00
-00000--0---000-00---0-000
0-00--0---00---0-0-000-00-
0-000-00-00-0--0----00--00
0000--0-00-0--0-000000000-
0-------0---000-00-----0--

Generation = 1, Population = 134.
----01-11-0-0---0-10-1--10
-10-10--------110-0-1-0-00
-100110-1010--0--11--00-0-
--0-1--000---0--1-1-00--10
0-1-000----1010--1--010-1-
-----1---000111-1100------
10110-1-0--100-101-111--10
-01-1-110----0-1--0011-011
1-1--010--0-0-10-1--11-1--
1-00--001---1------000-1--

Generation = 2, Population = 138.
-000---22----00-1--10--0--
0--021-0-0-000---0-0--1-1-
0----210-1-10-1-02200----0
0--0-0011----100--2--10021
--2--11-0---1--0020--21-2-
-0-0020--1-----0----0-0--0
212--0201---110-1--22-0---
0-202022-000010--011-2--2-
20---1-100--102----022---0
2--10--120002000-0011--20-

Generation = 3, Population = 132.
-1---10-3--0--1---1-11----
1-----0-01--1-1-010-10-0--
-1---32112----2013311--001
10---1-2---0021-10----1-3-
0--0-2201--1---1---0--2030
-1-1--1-0-0--1-1110-10-0--
-2-101-1200--2-1-----11010
------33------11-1-2-3-0--
31--021211002-3---013-010-
3-021-0-31--3111-1-2--031-

Generation = 4, Population = 121.
--0-02--4-0--0201-2---00--
-1---1-01-0----1-2102--1-0
020-1-322-11--3---4-----12
--001---100---------012--1
1021--31-0-2---20------141
-2---22--11-12-2--102---0-
23---2--3--1130---02-2---1
0--0-0-40--00-----1314--21
-2-----322---0-0-11-42---0
401--011------22--03-0-4-0

Generation = 5, Population = 148.
----1-0-5-1001-1203-111-10
-20-220-2----01203--30-211
13-02343322200----5--00-23
-011-1-2-1-0--101-201-3-3-
213----21----10-1200-2-25-
0--10-----2---13-1-13---10
--210---4----41--113-31-12
102--1--1-0--111--24250032
33-0---43300--31-22--301--
512211---1----3-0--411---1

Generation = 6, Population = 146.
-100221-6-2---2-314--220--
--103310----11-31-10-1-3-2
24--3-5443-3--3---6-1--03-
112-120--201-2---0312-40--
-2-1023-2-02121--311--236-
1-0--2-0-1-0-2241--2400-2-
---2---150--1-211-24---023
-1-0--3--01-0---0135---14-
44-1--1544112-4-03-1441---
-2-3-211-2-0-142---5---41-

Generation = 7, Population = 138.
021133-2---00--1----1---10
12-1-4--210-22-4-321321-1-
--0---65--24-0--1---2--14-
--31231-1-12031-1--2---13-
23-21--2----------220-34-1
-2-1-321-221---5--13------
23-302---1--24-221-5-3---4
-2--214411-0-1--1246-5----
55--0-26--22-051--22--21--
-3-4-32-33013253-106-1-521

Generation = 8, Population = 131.
-3-2-----0-1--22314-2-20-1
---235-03------514----23--
2-1033-64-3-----2-613---53
1--23------3-42-20-32--2--
3-33-233-0--121213--1-4-6-
1----------2-226---4-000--
34--132----13---3----41-2-
1-2-3255--110--1-357-6-1-2
661-1-3-44-3216--333443--0
-4--14-14-12-36--21---0--2

Generation = 9, Population = 122.
0--3-3-2----0133425-------
12-34-----00------21-2----
3-2----------03---72-00164
-133-31-12--0--03-3-31--31
--4-13-4--022--32-22225--1
--010--1-223--3-111-4--12-
45-3-4-----2--22--2-25----
--3-43-6--2-1---1-6-2---43
-7----4--5-432--04-4-5--0-
-5-4-522-32-3--30---1-1523

Generation = 10, Population = 141.
1-143---6-2-1--------2----
231-5--0-111---51-3--3-312
4-30336-4334-14-238-31--7-
-2-43-2223--1--------24--2
------35-0-3-2--333--36-62
1--2-322-334-24---24-0-23-
56-4-52--103-4-33---3610-4
12-05-5-1---2-1-237736-1-4
68-1125646-5-36-153------0
56---633--324-64-----12-34

Generation = 11, Population = 133.
23---3---031-1-34-5-232011
3-2----------2-6-441---423
5--1------4-0250----42--84
--3--33334-3-42------3-233
33--1-462-0423-34---24-4--
2-03-----445-35----54----0
6---1-3---1-35-4---5---125
23-1---62121--21348-4-02--
79--23-75726-471-6--4-31--
--24--4---4353-5-21-123-4-

Generation = 12, Population = 122.
-4--3-1-61-2-2--52613--12-
-3---5---1-1--1-15523----4
643-33664--41-6-238-5-0195
-----44445-4-5-03---3---4-
-44--3-7-----4-453-----5--
-2140--2-5---4661-2------1
--24----51--4--5-1-63-----
3---53--32---1---5975--3-4
---1345-68-73-821-34-54---
5-35----4--4--66--2----5-4

Generation = 13, Population = 134.
2514-3--7--3---3-372-3223-
----561032----2-2--3432-25
754-4-77-345227034-2--1-+-
1----55-56-5162-403343425-
3----44----42-15-4--2-6--2
2--51-23064---------4--23-
6---15---213-5-632---6-1--
-331---643212-----+-------
----456-7---44-3264-4651--
--4--6435-45-3---23--2----

Generation = 14, Population = 116.
3--534--8-3-1---54--3-3---
-----7214---2-3-35-4-43436
--5-5-8--4-633----8-52-1--
--3---646-16-73----45-----
-4-3--5------4-655---4756-
-216-----7-5146-1--55---4-
7-24-6--53--4--7-3-----2--
-4-25--75432-1---5+75-0---
-9--56-----7---4-75-57-20-
-6-5--5---565466---6-3-5--

Generation = 15, Population = 134.
-516----9---2233--7--34-31
3-235-3---1--2----5---45-7
-56--3-74-4-4-7-3-----12-5
--4-357-762-184-40-5-34-5-
35-4146-200----7663-25---2
--27132--8-6257-21266-0251
---51-3--4-355--34--------
-53--35865--2-2-36+--6-34-
7-11-7-7782----5------5-10
57-----3-367----02--14-6--

Generation = 16, Population = 142.
-62---12-13333-4548234-24-
--3467---22123363564--5-3-
-67-54-8-4--5-8-4-82--2-+6
1254---4873----05-3-5--2-3
46----7-------18------7563
2-3--433--4-36863-3--01---
-62-----------274526361--5
-6-2--6976--31-1-7+75-04--
8--2-8688---4---2-5-57---1
-8-5-6545-785---1336253--4

*** Life<FredkinCell> 17x28 ***

Generation = 0, Population = 163.
--0-0------0-00-0000--0-----
-0--0--0-00---00-----000----
0-00---0-0-00---0---0-0--0--
---000---00--0--0-0-0--00-00
0-0---0-00------000---------
-----0-0-0-0000----0---0---0
0---0--0---0-00--00---00-0--
-00-0--0----00-----00---0--0
---0----0--0-00--0--0--00--0
--0---0--00------0--00---0--
----0----000------0-000-000-
--0-----0-0-----0--0---0-0--
-0----000---0-------00-0--0-
--0-0---0-----------0-----0-
-----0---0--00-0-0---0--0--0
--------00-----00-0-0--00---
00000----000-0--00--0-0-----

Generation = 8, Population = 228.
1-0--031-1-21-0---1134------
-32------223------22082---2-
113-0---2---3-2120-4-024-2--
--5-1----241---2224-4-1-3--1
1-321---4--3--1--1---0042---
-23323032502-223-0---0-4-233
---41---3-13---2534----11--0
--1-----4-24------66---3---2
-2-0-22---233-31--143-2-0---
1-0----0----33-3--1--11--8-2
---51--1----1-2-30-4--3141-1
0-30-3-----3-3--202----3142-
1-0-3-5-31----40----130-32--
1----3-02220111-1-144-21--51
20---41143-3432-5-12-1126-01
3---3--------1-322--4---1-32
-1-1--0-23-3-2-----2--101--2

Generation = 16, Population = 230.
33-6627----5---55------6--23
6-6---6-3-3--4----36---3--3-
-----6--6-1--333-1-+623-133+
71---3-22-5--337647-713---54
136-6-4-7-54-23423--2-46--38
349-431-8-63-5-------2-7----
224----5-73753-37-5-255-5--0
--23-------+-7---38-42--43--
---13-4-545---4-1--8-3------
-71--312+344-447-43--23---78
2-------5--7-1-4---44-74752-
243-652---4----242-3-2-6----
---2-17-353-7---4232--1-5---
-3---52---28-634--36-26-3--2
4-4-3-4-------3-5----353---5
5-43--22552--5---44---745-74
----4634-744----8-5-1--32-1-

*** Life<FredkinCell> 17x6 ***

Generation = 0, Population = 4.
------
--0---
------
------
------
------
------
----0-
------
------
------
---0--
------
------
------
------
0-----

Generation = 1, Population = 14.
--0---
-0-0--
--0---
------
------
------
----0-
---0-0
----0-
------
---0--
--0-0-
---0--
------
------
0-----
-0----

Generation = 2, Population = 12.
------
0---0-
------
--0---
------
----0-
------
--0---
------
---00-
------
-0---0
------
---0--
0-----
------
--0---

Generation = 3, Population = 44.
0---0-
-0-0-0
0-0-0-
-0-0--
--0-0-
---0-0
--0-0-
-0-0--
--000-
--0110
-0-000
0-0-0-
-0-0-0
0-0-0-
-0-0--
0-0---
-0-0--

Generation = 4, Population = 14.
------
0-0---
------
----0-
------
--0---
------
0--10-
------
------
------
----10
0-----
------
0-----
---0--
--0-0-

Generation = 5, Population = 39.
0-0---
---0--
0-0-0-
---0-0
--0-0-
-0-0--
0-000-
-00210
0--00-
------
----00
0--021
-0--00
------
-0-0--
0-----
-0-0-0

Generation = 6, Population = 23.
------
--0---
------
0-0---
------
---10-
------
011--1
------
0--1-0
0-----
--01-2
--0---
---000
----0-
-0---0
------

Generation = 7, Population = 49.
--0---
-0-0--
0-----
---0--
0-000-
--0210
000000
1-221-
-000--
100---
100---
00-2--
-0100-
---111
-0--10
0-0---
-0---0

Generation = 8, Population = 14.
------
--0-0-
------
---1--
------
--1---
------
2-3---
0-----
--1---
2-----
-1-3--
------
------
------
---00-
----0-

Generation = 9, Population = 32.
--0-0-
-0---0
--000-
--0-0-
--00--
-0-2--
0-----
3--2--
10----
-0-1--
--00--
----2-
-0-0--
------
---01-
--01-0
----10

Generation = 10, Population = 32.
------
0-000-
------
-0--10
------
--131-
1-----
--3-1-
--0---
-1121-
--1---
-103-2
0-----
-0--1-
----2-
-01--1
--0-2-

Generation = 11, Population = 60.
0-000-
--1-10
0000-0
0-0121
-000-0
002-20
-0-0--
314--1
------
12--20
-0-000
-214--
-01000
--0121
--003-
01-10-
--1---

Generation = 12, Population = 32.
------
------
------
1-1--2
0-----
1---3-
1-----
425-1-
--0-0-
2-1---
--1-1-
03252-
0---1-
--1---
0---4-
12---1
0---2-

Generation = 13, Population = 39.
------
------
0-0--0
2--12-
-00-00
-0-3-0
--0---
----21
----10
---2--
---020
--3-32
1---20
-0-1--
1-00--
231-0-
1--0--

Generation = 14, Population = 34.
------
0-1--0
1-----
3-12-2
--1---
11--31
----0-
--52--
------
--132-
----3-
03-543
--1---
0-12-1
2-----
3----1
2-----

Generation = 15, Population = 50.
0-0--0
1--01-
-0-0--
4--3--
--2-0-
22-3-2
100-1-
-263--
----1-
-22--0
2010--
143654
--202-
1--3--
-000--
-3--0-
30---0

Generation = 16, Population = 14.
1-----
2---2-
1-----
---4--
------
------
------
--742-
------
------
------
-5--65
------
--1---
------
------
4-1---

Generation = 17, Population = 42.
20--0-
-0-0-0
20-00-
4-1-2-
---0--
------
--001-
-28-31
--001-
------
-0--30
1-3676
-02-20
-0-3--
--0---
3-1---
---0--

*** Life<FredkinCell> 7x2 ***

Generation = 0, Population = 3.
--
0-
0-
--
--
--
0-

Generation = 6, Population = 4.
--
--
--
3-
3-
2-
1-

Generation = 12, Population = 3.
6-
--
--
--
4-
2-
--

*** Life<FredkinCell> 18x1 ***

Generation = 0, Population = 11.
0
0
0
0
0
-
0
-
-
0
-
-
0
0
-
0
-
0

Generation = 4, Population = 9.
-
0
-
-
1
-
0
1
-
0
1
1
-
-
-
1
0
-

Generation = 8, Population = 14.
1
1
3
1
-
-
2
5
3
-
2
-
4
3
2
3
2
1

Generation = 12, Population = 10.
3
3
-
5
-
2
-
6
5
1
-
-
-
3
3
4
-
-

Generation = 16, Population = 6.
-
-
5
6
-
-
-
8
-
-
5
-
8
7
-
-
-
-

*** Life<FredkinCell> 8x27 ***

Generation = 0, Population = 27.
------0-0-0----------0--0--
-------------------0----0--
----0----------------------
-----------0-0-------0----0
---0-0-0-0---------------0-
------------------0--------
----------------0-----0----
-00-----00-0------0---0----

Generation = 1, Population = 75.
-----0-----0-------00-0010-
----0-0-0-0-------0-00-010-
---0-0-----0-0-----0-0--0-0
---000-0-00---0-----0-0----
--0-------00-0----0--0--0--
---0-0-0-0------00-0--0--0-
-00-----00-0---0-0---010---
0110---011--0---00-0-010---

Generation = 2, Population = 70.
--------0---0------1-0112-0
-----------0-0---0----0----
--01-1-0000----------1--10-
---------1-0-0-0--0----0--0
-0-00----0-1----0-----00---
-00-----01---0--1-0-001---0
---0-0-0-1----0---0-0---00-
12210-012-0--0--1-----2-0--

Generation = 3, Population = 101.
-------0-0-------00--12-3--
--00-0-0-0--0-0-0-00-01--00
-012---1-110---0-00-0---21-
-00-00-0--01-----0-0-0-1---
010110-----20---10--0---0--
0-1000--12000--02-1-----0--
0-010-01-2---0-0-01-1--0-1-
2--2101231-00--0-00-00--1--

Generation = 4, Population = 74.
--00-001-10-0-0--1--0-----0
---------------0--110--01-1
0-----0---2-----0----10-3--
-11----10--2---0--0-----00-
-2-2-1000003-0----------10-
-02-----23-1--0---20----1--
----1-------0---0-2-2-1---0
32--2-23---11-01-----12----

Generation = 5, Population = 110.
-011-1-2-21-----0---11-1301
0-00-0-0-0--0-----2----1--2
--1--1--01-----0-0-0-210--0
--2--00---03000--0-0-0011-0
0----2-1-1-4---0---0---02-0
0-3-000---02---020-1--102-0
0-01200102-010----30-02001-
43223-343-02--12--0--2-0--0

Generation = 6, Population = 104.
-12--2-3--200--0-10122-----
-01----10--0-0-00---0------
00--0---1--0-0---101--21-1-
0130011-0114--1001----1----
12-----------0-1--0-00013--
--40---02313-00--12-0---301
-012-1-213-1-1--0-----3-120
--33-0-5-11---23101-0321---

*** Life<FredkinCell> 6x12 ***

Generation = 0, Population = 20.
--0--000--0-
----0--0---0
0----0------
-------0--0-
00--0-0--0--
-0----0-0---

Generation = 17, Population = 32.
6----3-23-43
3--55--5-55-
---65743-2-4
---1----5625
-53--8------
---33--5-55-

*** Life<FredkinCell> 25x10 ***

Generation = 0, Population = 117.
---0--0000
-----0-0-0
0-0-00--0-
0-0--0-000
000-0000--
0--000----
0---0-----
0-----0000
0000-00-00
-0----00--
-000000-00
00--0-0---
--0--00-0-
--0000----
-0-000---0
0-0-----00
----0-0000
-0----0---
-0--0000-0
00--------
---0-0--0-
0---0-0---
--0000---0
0-000-0000
00-000-0--

Generation = 1, Population = 130.
--0-0-11--
0-00-101-1
1-1-110010
-0-00-0-11
1--0-----0
---1---0--
-0--1-0000
--000---1-
-1-1-11---
--0-00110-
-1--1-1011
1-0-1--0-0
0-1-0----0
---111--00
----1-0--1
-0---00--1
0000----1-
010----00-
--001-11--
1-000-0000
-00-0--0-0
-0001--000
-0-1-100-1
10--1-11--
-10-1101-0

*** Life<FredkinCell> 17x25 ***

Generation = 0, Population = 135.
-0---0---00-0-0---0-----0
-----------000-----0-----
----0---0-00---0--00-0-0-
--0--0--0---0-----0-0-0-0
--00------0-0-0----0---0-
00--00------0-------0-000
--0---00--00-0-00-0------
0--0-----0---0----------0
------0---00---0--0----0-
-0-0-0---0-000-0--0-00--0
--0-0-----00-0-0---0-----
---0-0-0-0---0-00--0-----
0----00-00------00---0-0-
0----000--0--0--0--0-0--0
-0--0------0-0-0---0--00-
000-0---0-00--00----0----
------0----00----00----0-

Generation = 9, Population = 230.
0--142-3--44-1-42---3---2
11--24--363-3-0------320-
--3---01-1-0--2-8-201-233
2-2-014----0-4--2--3--1-0
--14253-1-33-1-0-3-513-7-
3-4-6-0-2-1-53-6--120-923
-04-01--61-32-0-53-4-4--1
-32--3-211202-33-2--1---3
--1---2--4--10-3-244-1202
2300-21-1-330-233-4---2-3
0001-3----23----055110-01
3-41--2--3--643--5--1--02
3-2442-1-2---10-3-22262-4
312---2---33--62----15-11
42-2-54-20-2-5-301-34--32
---37-12-1211-162-----24-
--3--1-2---331--34--421--

*** Life<FredkinCell> 2x22 ***

Generation = 0, Population = 23.
00----0-00000----0-00-
000--0-----0--00-00000

Generation = 1, Population = 22.
--------1--11000010---
-1100---00-1-011---111

Generation = 2, Population = 25.
-0000--02-0--111--1-00
02--10-0-1-20-2--0-2-2

Generation = 3, Population = 22.
------0-30---2220--01-
1----1-10-03103-0-0-13

Generation = 4, Population = 18.
0------0-1-1--3--1-1--
-2--1-02-11--1-11--2-4

Generation = 5, Population = 18.
----0--1-20-1------210
--10--1---2-1-322-03--

*** Life<FredkinCell> 15x22 ***

Generation = 0, Population = 146.
0-00--0----000----000-
-0--00-----0----00--0-
0--00000-0-----0---00-
-0-000--0--00-0-0---0-
----00--0---0---0-----
00-0-------0--0000--0-
--00-0--0--00-0-0-0-00
----0--0------00-00-00
00-0-00-000--0-0-00---
--0000-0-00-000-0-0-00
-------000-0-000-0--0-
0-00--0-000-0000---0--
-----0--0--00------000
000---0-0-00-0-0000--0
-0--0--0-0-0-0--0--0-0

Generation = 1, Population = 167.
-011---0--0--10-0-1--0
0--0--00-001-0--11-0-0
-00----10-0-0---000110
-----1--1-01---010--10
0--0--0010-010--------
1101------0100---1-01-
0-1-0-0--00-1---1-1-1-
0000-0--00000---0-1---
1101--1-11-0-1-10-10--
0-11--01-1-01-----1--1
0---00--11---1--0---1-
--110--0111--11-000100
-0-00-00--0--00-00----
11100--0101101-11-10--
-1-0-0--0-01-10-1----1

Generation = 2, Population = 172.
-1--0--10-1-0-1-10--01
-001001101-201-02--10-
-11--0---0------1--221
00000--0-0--00012-----
1--10-1-21-12-000--0-0
2-1----000-2--0---01-0
-----0-0--1----0202020
11--0-00--11--------0-
22-20-20-20----2--2100
-0-----2----20-0-02---
10-0-1-0-2-0-2-01---20
0-221---22-002--11--11
-1-11-1100---1-01-0-00
2-------2--2-2-2202100
-2010-0-10--0-1020000-

*** Life<FredkinCell> 3x18 ***

Generation = 0, Population = 26.
--00-0-00-0-00----
000--00-00-----00-
0000-0--0-00----0-

Generation = 5, Population = 21.
-1-531-21---32----
--300-------0-2-2-
1--11---22-2--3---

Generation = 10, Population = 28.
-127-6242--3-5-141
--50325--141---131
---11-----6--2--4-

Generation = 15, Population = 22.
-2---7443-1----16-
22---56--47--17-5-
--5---1-5---5-9---

*** Life<FredkinCell> 1x9 ***

Generation = 0, Population = 6.
-00-0000-

Generation = 5, Population = 6.
-132-3-32

Generation = 10, Population = 5.
-435-41--

Generation = 15, Population = 4.
---617--8

Generation = 20, Population = 6.
9+59--3-+

*** Life<FredkinCell> 16x15 ***

Generation = 0, Population = 78.
-00----0--0-0--
----0-0000000--
0-00----00-0-0-
-0---0---0000--
-0--00----0--0-
-0-----0--000-0
0-0---0-0---0--
--00-----0-----
-0--0--0--00--0
--0--0-----0000
------0----0--0
-----0--0---0--
---0-0----0--0-
--00---------00
----000-----0--
-0-----0---0---

Generation = 3, Population = 120.
03-0-1-300-----
021-1--3-------
0----02-0-10100
03----2-00--3-0
-0-2---211--0-0
031--000--0--20
0--0-2---0--1-0
2-11-0-000120-0
-00---2-0-11-11
10--110--013-11
--0-0-022103--1
-------2000---2
---3---1-0-001-
--1----110-----
0-2--1---0-0012
01-0-201--0-0-1

Generation = 6, Population = 95.
133--10----1---
-5-22--4-------
----1-----2--11
-3--0232-0-3---
-1---0---1-0--0
----0-10---003-
112-03--0---23-
-21--1--332----
--1-----312----
2--22---0------
---1----52--31-
1-2022--110001-
-1--2-212-0-12-
-2211------1-02
--------01--1-2
---11--4200----

Generation = 9, Population = 119.
46---4-4----11-
--4-3-152---1-1
---------4-1---
0-3---33-124---
24----0----122-
0------301-01-3
2431---23-20--0
--2--2--4-----0
11-1---3---4-1-
-01-53-100-6---
101-340-63-3423
--5--50-2---123
0-2-3--12---25-
0322202313--00-
124-422--123133
-2--2---3-1-415

Generation = 12, Population = 124.
5950-4250131--1
-64-3-4-52---01
0----331-7-2332
---2-64--22-540
---22--4-------
-541---3---1---
2-62-----2---5-
-4-4--35-----21
-241-----5-7-1-
4--264---0-----
-34---03--04553
-052-505-31-23-
--23----52233-1
143-33-44-2-113
2-5-7-31--53-3-
131--3274342-2-

*** Life<FredkinCell> 7x27 ***

Generation = 0, Population = 22.
--------0--------0------0--
-------------00-------0----
------0-0--------00-----0--
---0----0--------00--------
-----------0---------------
0----------0-------0-------
---------0----0-----------0

Generation = 2, Population = 62.
----------0----0--10--1---0
---0----0--01--1001-0---0--
----0-0---00---010-10-1-0-0
00---01---01-0001---0-0----
------0-1----00--11-----0-0
0-00----01---0----1--0-----
-------0-0--0-0-0-------0--

*** Life<FredkinCell> 18x8 ***

Generation = 0, Population = 49.
-000----
--000--0
-00-0---
-0-0--0-
-0---0--
00-00---
--00--00
00------
--0--00-
0---0---
-00----0
--00-0--
0-0-----
-0---0--
-0------
00-0-0--
-----00-
-0----0-

Generation = 13, Population = 73.
-8---425
24-301--
512243-3
-33-4-5-
-6-41-3-
-6-462--
6-----93
-6-13--2
13345554
13--3---
-3------
-43-25--
---173-0
242----4
5-----3-
6---48-4
--1-3-14
2---3-75

*** Life<FredkinCell> 18x23 ***

Generation = 0, Population = 131.
--0--00-0--0-0-0----0--
00----0---0-00----0-000
-0---0--0-0---000------
0-00--0-0-0--0-0----0--
-0-0--------0---00--0--
-00--0--------00---0---
---0-00-----0----0-----
---0-------------00--00
00---0---0-0-0----0---0
0---0-0--00-----0--00--
--00------00---------00
0--000--0---0--0-----00
--00----0----00-00--0--
0-----00-0-----00-0-0--
----0-0----0---00----0-
--00-0-0--0-------0-00-
-0-----0-------00--0-0-
0--0--0--00-0--00------

Generation = 3, Population = 213.
2--2---11200--1-2--03--
1--0-0--1---311-201--01
---20-0--01--033--20-0-
1--0--001--200---20--2-
010--2-0200-1-20-3011-1
0---21-11010--1-----1--
-201-01-11--1-22231-1--
-0--202--210-010--0-211
110---1---21-1---1---11
1-00--1-2---00--001-1-1
0-31-0000----11-21-2-0-
---31-0--0-00---0------
-2--0-0--00---31--0---0
0-0--2-10--2121-----10-
-1-1-0320-00-1010-1023-
1-11----2-1---001002---
0-01---1---1---1101--10
0-0-20100----20-12--120

*** Life<FredkinCell> 30x11 ***

Generation = 0, Population = 106.
0----------
0----00--00
-----0-0---
---0--0-0-0
000000-----
00-----0-0-
--0---0----
------0----
---0-------
--0--0--0-0
-----00--0-
0--------00
-0--------0
-----0----0
-0-000--0--
---0--00--0
-0-0-0-----
--0-0-00---
0-----0-0--
-00-00-0-0-
--0--0--0-0
00-0-0----0
0----------
-000-----0-
0---0-00-0-
00-------00
0--00--00--
-------00-0
0--000--00-
----0---000

Generation = 10, Population = 163.
-4---1-22-1
2--1-2-----
-3--6--4021
3------4--1
----3164-50
4---24-16--
2-532-3----
-17--2--41-
4022-31--05
1-2-75-4---
--0150-2--3
-136--0322-
--232--2435
--31---3-4-
-023150----
2-4-43-52--
-7---3-4--1
-2---4-4-3-
--0-1--4--1
--22-10---3
--58-1---31
--33341-526
-022122-332
--1-35---42
-1------522
-2-0-1----6
--22-4--224
--51--51---
15-------13
14-17030335

Generation = 20, Population = 165.
-7423336--6
----46--574
-----3---76
750--3-7---
--28-----8-
974356-6-4-
539-5--16--
-3+-4--5-15
82-8-65---+
9---+778282
3--6-4--54-
-6-922---2-
------4-838
-8--5+56---
01-73-----+
--+55-9+4--
4+0-8----8-
-5--++48054
--19-648-5-
-68-43--665
827-----6--
4--59--36-9
----1-2374-
--34-767---
-53-----965
8-7--46----
-248-6-7---
-5-4---62-5
36-4-4-4--4
28-6+3---5-

*** Life<FredkinCell> 28x26 ***

Generation = 0, Population = 10.
--------------------------
--------------------------
--------------------------
--------------------------
-0------------------------
--------------------------
--------------------------
----------0----------0----
--------0---------------0-
--------------------------
--------------------------
--------------------------
-----------0--------------
--------------------------
-------------0------------
--------------------------
--------------------------
--------------------------
--------------------------
----0---------------------
--------------------------
-------------------0------
--------------------------
--------------------------
--------------------------
-------0------------------
--------------------------
--------------------------

Generation = 1, Population = 40.
--------------------------
--------------------------
--------------------------
-0------------------------
0-0-----------------------
-0------------------------
----------0----------0----
--------00-0--------0-0-0-
-------0-00----------0-0-0
--------0---------------0-
--------------------------
-----------0--------------
----------0-0-------------
-----------0-0------------
------------0-0-----------
-------------0------------
--------------------------
--------------------------
----0---------------------
---0-0--------------------
----0--------------0------
------------------0-0-----
-------------------0------
--------------------------
-------0------------------
------0-0-----------------
-------0------------------
--------------------------

Generation = 2, Population = 34.
--------------------------
--------------------------
-0------------------------
--------------------------
---0----------------------
----------0----------0----
-0------0---------------0-
--------1---0------0---0--
------0---1-----------0---
----------0----------0----
--------0--0------------0-
--------------------------
---------0----------------
--------------------------
---------------0----------
--------------------------
-------------0------------
----0---------------------
--------------------------
--0---0------------0------
--------------------------
----0------------0---0----
--------------------------
-------0-----------0------
--------------------------
-----0---0----------------
--------------------------
-------0------------------

Generation = 3, Population = 119.
--------------------------
-0------------------------
0-0-----------------------
-0-0----------------------
--0-0-----0----------0----
-0-0----00-0--------0-0-0-
0-0----0100-0------0-0---0
-0----002000-0----0-0-----
-----0-000200------0------
------0-001---------0---0-
-------0-0--0--------0-0-0
--------00-0------------0-
--------0-0---------------
---------0-----0----------
--------------0-0---------
-------------0-0----------
----0-------0-0-----------
---0-0-------0------------
--0-0-0------------0------
-0-0-0-0----------0-0-----
--0-0-0----------0-0-0----
---0-0----------0-0-0-0---
----0--0---------0-0-0----
------0-0---------0-0-----
-----0-0-0---------0------
----0-0-0-0---------------
-----0-0-0----------------
------0-0-----------------

Generation = 4, Population = 40.
-0------------------------
--------------------------
--------------------------
----------0----------0----
-0---0--0---------------0-
--------------------------
--------------------------
------1-------0--0-------0
-0--0------11-------0---0-
--------------------------
-------------0------------
----------0----------0----
-------01------0--------0-
--------------------------
---------0-------0--------
----0---------------------
-----------0--------------
-------------------0------
-------------0------------
0-------0-----------------
--------------------------
-------0-------0-------0--
--------------------------
----0---------------------
--------------------------
---0-------0-------0------
--------------------------
-------0------------------

Generation = 5, Population = 152.
0-0-----------------------
-0------------------------
----------0----------0----
-0---0--00-0--------0-0-0-
0-0-0-00-00----------0-0-0
-0---0--0---------------0-
------0-------0--0-------0
-0--00-0---000-00-0-0-----
0-00-00---22200--0-0-0-0--
-0--0------000------0---0-
----------0-0-0------0----
-------000-0-0-0----0-0-0-
------01200---0-0----0-0-0
-------000-----0-0------0-
----0---0-0-----0-0-------
---0-0---0-0-----0--------
----0-----0-0------0------
-----------0-0----0-0-----
0-------0---0-0----0------
-0-----0-0---0------------
0------00------0-------0--
------0-0-----0-0-----0-0-
----0--0-------0-------0--
---0-0--------------------
---00------0-------0------
--0-0-----0-0-----0-0-----
---0---0---0-------0------
------0-0-----------------

Generation = 6, Population = 118.
-0-0----------------------
----------0----------0----
-----0--0---------------0-
--------1---0------0---0--
------11--1-----------0---
------0---0---0--0---0---0
----00--1--00-------0-----
----1---2---1--11--0---0-0
--11--1--03---1---0-------
------0---1---0--0---0---0
-0--0--00---1-------0-----
--------1---0------0---0--
-----01---1-----------0---
----0-----0----------0----
--------1----------0----0-
--0---0------------0------
-----------------0--------
0---0---0--------0---0----
---------------0----------
0-0---01--0----0---0---0--
-------------0------------
0---00--10---0---0---0---0
--------------------------
--01--00---0---0---0---0--
--------------------------
-0--10-0-0---0---0---0----
--------------------------
---0-0-0-0-0-------0------

Generation = 7, Population = 327.
0---0-----0----------0----
-0-0-0--00-0--------0-0-0-
----0-00100-0------0-0---0
-----00-2000-0----0-0-----
-----0-2-0200-0--0-0-----0
----0-1-001-00-00-0-----0-
---0-1-020-1-00000-----0--
--0-2-103-0-20-220----0---
-022-020-1-2202-0----0-0--
-000001-0-2000100-----0-0-
0-00-0-1-000200--0-----0-0
-0--000-200010----0-----0-
-----12120200------0------
---0--0-0010-------00---0-
--0-0-00-00-------0100-0-0
-0-0-0-00--------0010---0-
0-0-0-0-0-------0100-0----
-0-0-0-0-0-----0010-0-0---
--0-0-000-0---0100-0-0-0--
---0-01200-0-0010-0-0-0-0-
--0-0000000-0100-0-0-0-0-0
-0-01100210-010-0-0-0-0-0-
0-00000000-0-0-0-0-0-0-0-0
-01200110-0-0-0-0-0-0-0-0-
-000000--0-0-0-0-0-0-0-0--
0-0021----0-0-0-0-0-0-0---
-0-00------0-0---0-0-0----
--0---------0-----0-0-----

Generation = 8, Population = 35.
--------0---------------0-
--------------------------
-0------------------------
--------------------------
-----1---1-1--------------
--------------------------
-------------1------------
--1----------1----0----0--
0-------------------0-----
--------------------------
--------------------------
----1---------------------
-0-0---------------1------
-------------------1------
-----0---------------1----
----------0----------0----
--------1---------------0-
-------1------------------
--------------------------
--0---------0-------------
-----------0--------------
-----------0-------------0
-------------1------------
-------2------------------
--------------------------
---------------0----------
--------------------------
----0--------------0------

Generation = 9, Population = 118.
-------0-0-------------0-0
-0------0---------------0-
0-0-----------------------
-0---0---0-0--------------
----0-1-0---0-------------
-----0---0-0-0------------
--0---------020---0----0--
00-0--------220--0-00-0-0-
-02----------0----00-0-0--
0-------------------0-----
----0---------------------
-0---0-------------0------
0-----------------020-----
-0-0-0------------0200----
----0-0---0--------1020---
-----0--00-0--------010-0-
---------00----------0-0-0
------0-----------------0-
--0----0----0-------------
-0-0---------0------------
--0-------01-------------0
----------0101----------0-
-------0---00-0----------0
------1-0----0------------
-------0-------0----------
--------------0-0---------
----0----------0---0------
---0-0------------0-0-----

Generation = 10, Population = 114.
-0----0-0-0-----------0-0-
--------------------------
---0-0--10-0------------0-
--------------------------
-0-0-----1-1--------------
--0----------1----0----0--
0----1---0-----0----0-----
1---2------0---22---10---0
0-3----------1----1---0---
--0-0--------0----0----0--
00-0---------------00-----
--0---0------------1------
-0-0-------------0--------
----0-----1------0--------
-0-----01--------------00-
-------01---0----------0--
-----00---1----------10---
--0--0---00-0--------0----
--------0--0------------0-
0---0--2--00--0----------0
---------0----------------
--0----0-1--12---------0-0
---------------0----------
-----0---0-0---0---------0
-------------0------------
----2--0-----0---0-0------
--------------------------
--0-0-0--------0-0-0-0----

Generation = 11, Population = 256.
0-0--0-----0---------0---0
-0-0-00--000----------0---
--0---0021--0----------0-0
-0---0--2---------------0-
0-0-0---0---00----0----0--
0----0-----00-00-0-00-0-0-
100---0-2-01-201--001--0-0
-010-----00-220-3000-1--0-
1-42-------2222000200----0
--10-0------011--01-0---0-
11----0------0------10-0--
00-0-0-0---------002------
0-0---2---2-----0102------
-----0-000-0----010----00-
0-0-0-0--00-0----0----0-10
-0---0---000-0-------1-1--
--0-0-1-1-20--------0-1---
-0-001---1-0-0------01--0-
0-0-00----01--0------0-0--
-0-0-01---1-00-1----------
0-0-0---01-1010--------0--
-0-0--0--2012300------0---
--0--0-0---001010------0--
----0-1-0---00010-------0-
----00-0-0-00100-0-0-----0
---0-10-0---010-0---0-----
--0---00-----0-0-----0----
-0-----0------0-------0---

Generation = 12, Population = 127.
-0--01---0-10-------0---0-
--------------------------
-0---0--3----0----------0-
--0----------0----0----0--
10---1-211---1-0----0---0-
--------------------------
-1-------0-------0--------
1---2-1--1----1--1-1--0--0
-05300---1-3----1--1----0-
-------------------0------
-----0-------1-------1----
1-0-----2-0--0----1--0-0--
10---1-12------0----0--00-
-------1-------0-------1--
-0-------1-------1-------1
--0-0-0-----0-0--0-------0
-0-01------10------01---0-
---1---------------0-----0
-----1-------0-------1----
0-----220-2-----0----0----
-------01------0--------0-
---------------------0-0--
---------0-------0--------
--121------01------0------
-----------1--------------
----2--------------------0
-------------1------------
0------10--------------0--

Generation = 13, Population = 311.
0-00120-0--210-----0-0-0-0
----0---00-000------0-----
0---0-00-1--010---0------0
00-0---0-0--0-00-0-00-0-0-
21--0--3-22-02--0-00-0---0
0----0-00----1-0-0--0---0-
--0-0-0-210---0-0100--0--0
-01-30-03-00-2-2-2-211-0--
-1--11--02--2-20--2-0-00--
-0100----0-0-1--0-1100--0-
1-0-0-0-0-0-220---001200--
20-0----3--01100-0-2-1-1--
-1--0----02--0010-02--0110
0----002-0----0101--0-02-0
0---0-001-0-0-00020----012
-0-01--0-0--1--001010----1
0-0--01---22-00--10-21-0-0
-002-1-----000----01-1----
0--00--00-0-0-0-0--0020--0
-0----33---0-0---0--010-0-
0--------10---0----------0
-------022-----0-0--0-----
--000---0-000---0-00-0-0--
-02-20---00-20---00-0-----
--00------02-------0-----0
---0-1-----0-1----------0-
0---0--00---0-0--------0-0
-0----0210---0--------0-0-

Generation = 14, Population = 238.
--1-2-1-1-0-2-0---0-0-----
--0----------1----0----0--
1---1-1-3-0-12--------0---
1---0------0---10---10---0
3-0---1-1-3----0--1-----0-
1-0-0-1--0---20--100--00-0
1-1-1---3----2--1---1-----
1---4-114--12--333--22-100
1-5-2-2----3--3---3---1---
--2-1-1-012--21---22--00-0
2-1-1---10------0---2-----
--0-1-004-012---0---02---0
120---21--3-------1-------
1---011-011-0-1---0----3--
1---10--2---1------------3
0-01--011-0-2-0-1---------
--10--2---3---1---1------1
011-02-10-0-1-0-0------0--
-0--1---1---1-------1--0--
0-00004--02-0-0---0--2---0
------0---1----------00---
0-001-013-012---0------0-0
--------1----------1----0-
013--11--11--10--1-----0-0
-----------------0--------
0--12-000--10------0-----0
---------------0----------
--0-0013210----------0-0--

Generation = 15, Population = 343.
-02----------0-0-01--0-0--
0010--------02---0100---0-
20002------02-000-0-0----0
-00010----0--00-100021----
--10-12--2---2-1--2-000--0
----1-200---0-1--211-0110-
--2--1--4--1-3--210-2-0-0-
-0-0-----10-3--444-2-302-1
2-6------2-4--4-1-4-0-200-
-0----2--23-03-000-3-0-1--
-----0--2-002200100-3-00--
----2--1-0--31-01012-30-0-
---0--3-2-----0-012200-1-0
--00-2-2----1--1-112--0-00
-00---0----0-0--0-0----01-
1---------1-3-1--10-------
--2---30-0-2-0-0-1-0---00-
12-2-302--1-2-1--10-0-0100
010--10-2--1-0--0-00--0100
-01-1--3-1--1--1-0-0-3-00-
--------1-----0-0-0-0-1---
--1-2-------33-0-0-0-0--0-
-0-000--2--0010-000-0--0-0
1-422222-22022110200--0-0-
-00000-00002010-0100---0--
-0023-1-100211-0-00-0---0-
0-00-0---0000-0-0--0-0-0-0
-0--1-----10---0----0---0-

Generation = 16, Population = 38.
-------------1------------
--------------------------
-----------1--------------
----2---------------------
-------------3---0--------
-------------------2------
--------5---------------1-
----40----1----5-----4----
------2-0---2-----------1-
-------0------------------
-1------------------------
--------------------------
---1---------------------1
--------------------------
-1---------------------1--
-------1------------------
--------------------------
--------------------------
--------------------------
----------2--------10-----
-0------------------------
---03------------1--------
--------------------------
----------3----------0----
--------1---------------0-
-------0---------------0--
-------------1------------
--------------------------

Generation = 17, Population = 128.
------------2-0-----------
-----------0-2------------
----2-----0-2-------------
---0-0-----0-0---0--------
----0-------0-0-0-20------
--------0----2---21-0---0-
----11-0-10----1---0-0-0-0
---051---1-13-1-4---2-0---
----2--0-234-2-0-----0-0-0
-0----------0-----------0-
2-1----1------------------
-0-0---------------------0
--0-0-------------------1-
-0-0-------------------3-0
1-0----0--------------0-1-
-0----0-1--------------1--
-------0------------------
--------------------------
----------0--------01-----
-0-------1-0------0213----
0-000-----1------0-00-----
-01141----------0-0-------
---00-----0------0---0----
--------02-0--------0-0-0-
---------00----------0---0
------1------1--------0---
-------0----0-0--------0--
-------------0------------

Generation = 18, Population = 101.
-------------1-0----------
----0---------------------
---------1---2---0--------
--0---0------------0------
--------1----------1----0-
-----0----1----0-3--------
--------5-1-03---1----0-1-
--11--1-4---42---4-----2--
-1--3-2-------4-------2-1-
----1----23----0-----0----
------0-2---2-----------00
-------1------------------
-2---1-------------------1
-------2------------------
---------------------2----
-----0---0----------------
-0---------------------0--
-------2--1--------10-----
-1------------------------
---01---0---1-----1--40---
---1----------------------
-12--20--------0----00----
-0------2---------------0-
---22--21---2----2-0------
------0---1--1--------0---
-----1---00--------------0
--------0--0---0--------0-
-------3---------------0--

Generation = 19, Population = 265.
----2-------2---0---------
---0-0---0-----0-0--------
--0-2-1-3-0-2-0-0-00------
-0-0-0-020---0---0012---0-
--1--123-23----1-0220--0-0
----1-2--020021--412--1---
--20-1006-2---012-0--0-0-0
--22-12-5111----450---0-0-
2---4-30023-2----0-----0-0
-0-020---3400---0---0----0
----10-1--00-2-0-----2-011
-0---0------3-----------0-
1-0-0-3-----------------1-
-0---21-0------------0---0
-----0-0-1----------0-0---
-0--1-0-1-1----------1-1--
0-2--0-0-03--------02-1-0-
------0-01-0------0211-1--
0-001--02-0-1-----00120---
-01-20-3-1-0-0---0-21510--
-0-2-00-1---0--0--0-0-1---
0-3-43113-----0-0--0110-0-
01-0000-30--0--1-0-100-0-0
-14332-3-230----0---0-0-0-
---00---1-22--0--1-0-0-0-0
----3----1---1-0------0---
-----0------0-0-0---------
------1----0---0------0---

*** Life<FredkinCell> 29x9 ***

Generation = 0, Population = 80.
-00-----0
0---00--0
--0---0--
---------
--0---0--
----0-00-
---------
---0---00
----0---0
--0--0---
-0------0
-0------0
0--0-0-0-
--0---0-0
----0--0-
0---0-000
-0--0-0--
-0--0---0
0--00---0
---00-0--
--0----0-
0-0------
---------
-0--000--
-0--0----
--0------
-0--0--0-
00-000-0-
0000-0000

Generation = 3, Population = 136.
-3--20-01
-002---23
2200--10-
--0-01---
1-1-00--1
002-1--30
---0--2-2
0-2--103-
-1-0-0-01
---01-00-
2----2-21
---2-2-01
-011-----
0200-001-
--2----30
111-01-1-
-1---0--0
---0-00--
--2-32223
2000-1---
00-10--0-
0-321-000
--20---1-
---0----1
-3123-21-
00--1--2-
1-0-30032
132---210
--01-10-3

Generation = 6, Population = 133.
2---51-1-
1--313--4
5-01002--
--10011--
--213---2
--2-2-163
-02--1-1-
1---023--
12-303---
2--14-1-0
----0-2-1
21--1-1-2
014-2-0-1
3-0121--0
-0-2401--
---032--1
0-10-121-
0---030--
00-----2-
-----2-0-
3--21-01-
3-4211-03
-331---20
-131-1---
0-234131-
01--11---
-----013-
2--1-254-
-3---4---

Generation = 9, Population = 129.
5421---11
243--4--5
---1003--
-220-2--2
--5------
-02432---
03-03--4-
2------3-
4-2--301-
510---21-
-----4--2
-1162--0-
1--3221-2
--0--1---
1-45---41
-511---3-
-34-1452-
--10--111
11-17---5
2-2003---
42---032-
40-----14
---4-12--
214424--3
1----2---
--21--020
232-3-434
23-2-5-5-
0--2----4

Generation = 12, Population = 132.
--3453041
2-3-2-1-6
------60-
-53--5--2
3353-1---
--3---4--
0-2----7-
21-2-26-0
-5-3--124
--0172-1-
2-10----2
--2--61-2
-4--5----
6--42--42
--5--0-5-
4-1-56-4-
--504-8-1
0-1-3-241
-45--3-3-
---1--12-
5-2-10--1
516-3-3-5
-3373-521
-157--3-4
242-6-33-
143-221-1
--203----
-4-5---6-
3-0--703-

*** Life<FredkinCell> 26x25 ***

Generation = 0, Population = 137.
--00---0--0-00----0-----0
----0---------0-0-00-----
-----0-----0-------------
-----0----------0---0----
---0-0--------00-0-0-0--0
------0--0---------------
0---0-0------0---00------
----------------0-00000--
0----00--------------00--
--0-------0--------------
-----------0---0-------0-
----000----0----0--0----0
0-------0--00---0---00--0
--0-----0-------0----0---
------0-0--0-------0-----
--0---0-0----00----0--0--
----0-00----0---0--000000
---0-------0---00--0-----
-0---------0----0-0---000
---0--------0--0--00---00
--------0-----0--0--0----
-----00000---------0---0-
---------------0----0--00
------0--------0--0-00---
----0----0----------0-0-0
-------0------------0----

Generation = 1, Population = 278.
-011--0-00--11--001----0-
--0----0--000------10---0
-----10---0-0-0---000----
---00-0----0--0---------0
--0--1---0---0110---0-00-
0--00-100-0--000--00-0--0
-0-0--10-0--0-0--1--000--
----00-------0-0-0---1-0-
-00-0110--0-----0-00---0-
00-0-00--0-----0-----000-
--0-000----10-0----0--0--
0--01-100-0-----100--0--1
-00-0000100-10-0-0--1-001
00-0--00-0--0--010-0-10-0
-----01--00-000-0-01000--
-0-000-010-0-1100-0---1-0
--0----1------0-1001--1-1
-00---00--01--0110-1-0---
0-0-------01---01-10-011-
-00-0---0----0-----1-----
---0-00-1---00--0--0-0--0
----01--110---00-00-0-01-
-----0-000----010-0-1-0-1
----00-0-0----0100--11-0-
---0-0000-0----0--00-0---
----0-0-00---------0100-0

Generation = 2, Population = 293.
012200-011---2001-2-0-0--
--1--00-----1-0-000--0---
--00-2---01-1-10-011-0---
---11-10-0------0-00--0--
00-00-00---00--2100--0110
----10-11--0------11-10--
---10---0--0--1002--1-1-0
--0---0--00---0-01-0-2010
--10--210--0-0-0-0110---0
1----11-0--00-----0-011-0
-----11-00-21---00--001-0
--012-21-01--00-211---0-2
0-1-----21---1-1--------2
1-0--01-0-00-0--2-01--101
0------0-110-1---0-2-110-
0-01--0---0-0---10-00---1
-01-00---00-----211-0-2-2
-110-01-00--00-2-----1000
---00-0000--00---021---20
-1-0--001000-100----0-000
-0----1---001------10----
----12--22100----1-010-20
----0---11---01---1--01--
----110--1---0--110---0--
--0---11---0---1--1----00
-----010-1-----0-----11--

Generation = 3, Population = 340.
1-3---01-20--31--03--0-0-
0--0-11-0-0020---11--1---
-0--03000-2-2--1-----1---
00-2-0---1-0--001-1-001-0
11--11-1-00-10132-100---1
00-0211--00---0--0-20-1--
---2--1-1--100--1--0---01
-010001-0110--1--201-31-1
00-10-3----10-0-0-22-0---
-0000-20--01---0001012---
0-00--20--0---00--00-12--
00--30-2-12---10-2200-1--
1---00----001-0-00-0-----
--1001201-----0--01-0--1-
-0-0-01-02--020-010-022-0
10-2-----0-0---0-10-----2
--2-1-0----0-0---2211030-
0-2----0-1-1-------1-2111
---11011-1---1--11-2-0131
02-1-011211----100011-11-
01000-2--01---00-00-1-0--
-0-0-3-0-321--0-0-0-2-031
---0-000-2-0--21002-----1
--00-----20001--2-10--1-0
-0-0002-0-0-0002--20-0011
--0-012---00--010-0-122-0

Generation = 4, Population = 292.
2------213----201--001--0
1---0-2-101-3--00--10-00-
01001-1--03-3--2-0------0
-1-------2--0-----20-12-1
2200-20--1-02--4-0-11--12
----32-------01-0-13-----
0---00--200--110-2---011-
----1-2----10-200312--212
11-211--00021-101-330---0
1-1---3-00----0-1----3---
1---0--10----0-1-011---0-
11----23-23-002-2-3-1020-
2-1-11--2---2--111-11-00-
1-211-3---00---021-11----
-10-0--0--1-1--01-1---301
2-03-0---1-1----121-----3
--30------0---002-32-14-2
--3--011-2-20---1---03---
-0---1220--10-0---2-0----
--0----2---0-1--1-12-02--
----1-30-12--0----11---00
-10-14-1-43-00--1---3----
-0----------------3-1----
--11---0--111-01312-1-20-
0---11---0---11-003-0---2
---0-2-001-1---21-1023-01

Generation = 5, Population = 324.
31--0--32---1331-03-12---
--1-1-30----40-1--1--1110
-2----20-1---0130---01--1
0-0-10--0----0---03-0230-
33-11-1102-1----2--22--2-
-00--3--1-00------2--11-0
-0-21--03-1------30-112--
-0-----0--1--03-142----2-
-2132231-1-3--2120-41-0-1
-0-----01--10-1-2-----100
--00-12--00--1---122---10
22----3--34--13-3-4---312
-020-20-----3-----0-20--2
203-21--10-10-01--1--1--1
021-1---0-2--20-2-2-024--
-01-0-001-----102-2--0---
004-1-01-0-0001-32-31-5-3
--4-0-2-0-0--0--20------1
0-0-1-3-1-02-1-0-132101--
---1001--1-102-1--2-113-0
-1-02041------0--0---0-11
0-1--502----1-00-1--40-31
010000---2-0-021--4--010-
0-22-10-0-2-21--423---31-
-0002-2--1---2--1140--013
0-0-03-1----00-3-0--34-1-

Generation = 6, Population = 326.
42-210--33-0-4---1--2--00
10--2--1-0-0-1----2102---
--0-----0-3--1-41--1-2002
1--2-11012-001-0114013---
---2--2--30220-4--13-013-
-1103--1-0--0---0-3-0--0-
0-032-1------11---1-22--1
0----0----2-01-0-----32--
13-----20-04--3---352-1-2
111-0-3-20--1020301-13-11
1011-2-------20-02330-221
3-0--0-30--0--4--2--1-423
21311--02-0-4--111--3----
--41---0-102-0-2-1-11--12
--2---1--2---31-3---1-501
212----1--01012-323-011-3
115---1---01-1-04-3421--4
-------11212-----1---3-12
--11-1--21--0--11-4-21-3-
02---12---1---021032---11
--0-3---11-0--1001--1-0-2
1-20161-24---01--2-05104-
1--1-100--0---3--050--21-
1-33-------132---34---42-
01-1--3-----0-1---51----4
-010-42-01-11---11--4522-

Generation = 7, Population = 318.
---3210-4--1-53-1---3-011
----3-3--111--010-321----
----13201--0------1--3--3
-1-3-22-2---12-12-5--43-1
33----31-4-3---52-2-----2
-22--31--1--101----311-1-
10-4-0---01-0-2-132------
--10---001311---1--20--2-
2---22-3-1-510412-----203
2--0-1-0-1--21--412-24--2
21-203-1-0-2--11--4-11--2
---1-1---3----5-3------3-
---22-01-11------20--00--
2-5----11-130103-2-221---
0----0-0032--4-0412--2-12
-233--0-1--2---04--012-0-
-2-0-0-10-120211----32---
01-0-0-2232--0--2-010----
0-22-2----0--1----523---1
1301--32-1--02---14311---
--1040-1--2-1-2112-1201-3
2--127-2---1112---0-6----
-10-0-11----0041016---321
-04411-0---2430-4-50-1---
----2-4101-0-2-211-2-0-1-
-----5--12-2-00322--5--3-

Generation = 8, Population = 254.
--343------2-6-1213-4-1-2
--------12-24---------11-
-2---4-----1-11--0---4-04
-2--1-3-3--023-----01-4--
44-2-24205--2-----3-2-1-3
033-3---1--------034-2---
2--5-1-0-1-1-13---30-2---
--2---2---422------313-3-
33133---0-0--1--3-35--31-
--11------01--20---------
-2-3-4-2-------20-5---2-3
320--2--0--0-160----1----
2---321-2---41-1--1---1--
3---21-2--2--2--2--3-2-12
1--01-1----0-51152321---3
----00----03---1---123-1-
--5--11-10-3-3--4-344-50-
--4-----3-3--------21---2
---3-3--2112--0-1-6-4--3-
---2-14---11---2--5------
----5-4-1--0---------12--
--2---1-2--2-230-2107--4-
------221--01---1-7-1-4-2
1-5--2---22-5--------2--0
-10-3-521---0-----5301-24
-----------3---43-1---241

Generation = 9, Population = 325.
-24-41--43031--2--4---21-
-01031-123-351010-3-1---0
030------13---241-11----5
--0---404-0-3----1-1-45--
-50--35--60-3-----4-302--
144--31121-0101-01--13--0
3-0-2-1-3-120240---12-21-
--301---0--3313-1-24--242
4--44233---5------4---4-3
21-2-1-021-22-3-4--0---12
-3-4-5----0--2131--311---
-31-----134-0--1---0-0--3
--32--21311-5202-2--3---2
-0--3----1-----33-142-12-
22212-----21---26----2-14
2-3---0-1-140--24232-412-
-260--2--1-4--1---4-526--
-15---22--42-00---0-2311-
---4-4-2----01-1--72511--
--030--2---20----1631131-
--1--0--21--102--2-1-23--
-1-127-2-43-13-1132---0--
1-------------4--18020-23
-064--0-0332-3--4--013---
-2---16-2-0-12-211----0-5
-01-0-211-0---054-2-5-35-

Generation = 10, Population = 336.
4--4--0--4-4---3-1504232-
-1--4--234--6-1----2-21-1
141-142-1------5-0---4006
12-3----5---4301---21--01
--121-620--3--1-20-3---33
-550----3----1-012--2-1--
40-53120-12----113---2--1
-0-12---11-442-0-----335-
5--553--010-11---055-05--
----0-3--20-314051-1-4-2-
--15-622-01-1324-254--22-
3--1-23--45-116--241-1434
-1-3-23-4------31--14-1-3
-1514132-22302-4-22--22-2
-33--01-0-----137----3-25
3--3001--1--11--5-43252--
---111--------2-4--4--70-
0--0----3-5-0----1-23--22
-0251-3-2-12--0-1-83--23-
-3-41143-11312021-7-2--21
--2051413---213----22-4--
--22----2-4----2---0711-1
-10-01221--010--1-913-434
---51-1---4354--53--2--2-
0-01-272-1-02-1--2-3--12-
0-2--5----131-16-2-----6-

Generation = 11, Population = 312.
--4--1---5-------2-1-343-
12--5-334-1----1---3132-2
--20--30-----126--1---117
---412---2--5-1---5-2--12
45--2-7-160--02----43----
--6133-14-001-1--33--3---
51064--1--3-0-422-3--32--
01-2302--2-55--1--241446-
--1--4-3---522-------1-1-
2-121-4--31-4-51-2---5-32
232-0--3-12-2---136511-3-
-----34------2-1--5212-4-
-23-3341-1-0----221-5--0-
3262---3-3---30--33----2-
---12120-321-524---2---3-
----1--1--14222---54-6-23
--622---111-----5---5----
----00224-62-0--2-0343133
-----442312-0-1121--51341
14-5-2---22423----8-313-2
----6252-----2-11---325--
--3-2--2-----------1--242
12----3--20-2-4-21+240-4-
106----00-5----1---0334--
1---3-83---1322------1235
1-3-06-1--24---7-320---71

Generation = 12, Population = 326.
4--4---3-------32--24-54-
231--1-454-3-1-201---43-3
1-3-1----13--23-102----28
12--2340-3-0-----16234---
56-2---2-7--3135-045---33
-5-2-41--11--1---4---4---
-21-51-2--4----333---4---
----41301-4-6--2-4----5-2
--2555--0----3---055--5--
312--1-02--2-16253-1---43
---51-2-----3-24247622---
3---3--3--50----3263----4
---3445--2--5-0-33216-1-3
437-4-3-----0-------2-2-2
23--3--1--3-16-57233135--
--33---2-125-3--526-2---4
-27-3-21--240-2162-4627--
--5--1335-730----11--424-
00-5-553423-1-2-328-6--52
25--1-4---3-3-------4-423
012--3--3120-3-2221--36--
2---3-13244-1332-3-271-53
--0-01-2-3-----13---5--5-
21751-1-136--40--3--4--20
---14294--0---32-25---34-
2----722123--0---4-155---

Generation = 13, Population = 321.
5---4104-5-4-63---5353-5-
3---------1--21----3-5--4
--4-243--2413-46----0--3-
2---------0----1-2-3-55--
-7-3--73----42-6-15---244
--633-214--0-2-----425110
5-26-2-3---2024--43-25--1
-1--5--1--5---331--4--6--
5---66-3-105-4---1--216--
4--21241-31-4-7364---5-54
-3-6-6-30-22-3-5--8--323-
-3-1--4-1-611---4--412445
-2-4----4---6----432--2--
-482-14--323--04---4-2--3
--3-41-20-41---6834----3-
32-41----2---4-26----6-2-
1382-1-2--3--33-73-573--4
016------38410-222--4-3--
--2-1--45-42----43--7-36-
36----5--2-44-02---351-3-
12306-5--2-1-43--32-3--1-
3--24-243--224-3-4238-2-4
--1112-3--0-2-4-41----4-4
3-862-2-24-355-1-4-053-31
-2--53--21-1-2-3-36---4--
-0-0--33---41--74522-6-7-

*** Life<FredkinCell> 27x16 ***

Generation = 0, Population = 34.
---------0--0---
----------------
-----------0----
--------0-0-----
----------------
----------------
-----0--------0-
-----0----------
------00---0----
----------0----0
0---------------
---------0------
------------0---
--------0-------
-------0--------
-0----0---------
----0---------0-
--0-----------0-
----------------
0--0-0----------
-0--------------
----------------
----------------
-0--------------
-----00--------0
--0-------------
--------------0-

Generation = 1, Population = 101.
--------0-00-0--
---------0-00---
--------0---0---
-------0--------
--------0-0-----
-----0--------0-
----010------0-0
----01-0---0--0-
------110---0--0
0-----00-0----0-
-0-------00----0
0-------0-0-0---
--------00-0-0--
---------0--0---
-0--------------
0-0-00--------0-
-000-00------010
-0-00--------010
0-00-0--------0-
--0---0---------
--00-0----------
-0--------------
-0--------------
0-0--00--------0
-00-0110------0-
-0-0-00-------00
--0----------0-0

Generation = 2, Population = 110.
-------0-01-0-0-
--------0-0-----
------------10--
------0-0-0-0---
-----0-----0--0-
-----1--0-0-----
---0--1----00---
---0---1--0----0
0---0---1----00-
-----0--01--00-0
0-0---00---00---
-------01-10---0
0------0--0---0-
-0-------10-----
----00---0--0-0-
--101---------1-
--1---10----0---
-1-1100-----0---
-0--0---------1-
00-0-0-0------0-
---1------------
01-0-0----------
-1---00--------0
--10------------
---01--10----010
01--0-----------
-----00-----0-01

Generation = 3, Population = 166.
------0-01-----0
---------010-00-
------0----0-10-
-----------01-0-
----01----0--0-0
---002-0---00-0-
--010---0-0110-0
0-01-----0--00--
-0------2-0---10
--0------20---0-
---0--1-00------
--0----12-------
------01-----0--
--0-00-00--00---
-00--10-01-0--10
-0----00-0---020
--20---10--0101-
02022------0101-
--001000----0020
1--10---0----010
--0-0--0------0-
1--1-1---------0
-2--0-10------0-
--2--0000----00-
00---11210--01-1
120-1-000---00--
00---110---0--12

Generation = 4, Population = 114.
-----0--1--0-0--
----------------
-----0-0-0--1-10
----000-----2-1-
------00-0-00---
----------0----0
00-------012--0-
-0------0-0-----
--00---1--100--1
------0-0--0-01-
--0-00-0------0-
-0----0------0--
----0-120--0--0-
--1-1-----0-1-00
0--0-------1----
0110-----10-----
00------1-0-2-2-
1-----0-0-0---2-
-------1--------
-00-1-00-0------
-0--1-0-------10
--------------0-
--------------1-
00-0------------
--0------100-21-
2-1---1---------
-----22---0---23

Generation = 5, Population = 194.
----0-00-11---0-
-------000-00000
-----10---002--1
---011-0------2-
----0--1--01-000
00----00-0100---
1-0------1-310--
-1-1-----0-00-00
--110---20-11---
---00----2-101--
----11-----0-010
0-----112--00-0-
-0001---10----1-
00-0200001-----1
1-01-----10---10
12--1----2--0-2-
1--0--1120----30
2----0-01-101030
000-1-02-00---2-
1-1-2-----0---10
01-12-1--0---0-1
-1--0-0------0--
02-0---------020
112-0----000-0--
--1---1-12-1-321
--20--20-0-0-0-0
0-0-03-0-0-0-034

Generation = 6, Population = 199.
---0--1-1-2-0-1-
----000-----1-1-
---0--100-11--12
--012-010---2-30
00--1---0---0111
-1--021---2--000
2-----100-14-1-0
---2-------11011
--2--0-131-22-11
----1----3-21--0
0----2-0000---21
--00--2---1-10--
0--1---22-00002-
---13---12----02
--1-0100-21100--
23-0-000---0---0
--2---223--0--4-
--02---1--------
1---201-011-0--0
--21-0-0-010----
--023-200---0112
1-011-10-0--0---
-30-0-1--00001-1
-2-0-00-------0-
0---1122230--4--
2231----0-------
--101421-1-1----

Generation = 7, Population = 205.
--0---2-----1-20
---01-1-----2---
---10-21--22212-
0-12---2100-3041
1-------1001-2-2
0200-----03--111
---10---1---1---
0---010--0-22122
-0-----2---330-2
0-00-0--0-0--11-
-000--11-1----3-
-01-0--1---0--00
-0-----3-0--11--
0-----00--0--0-3
1----21-0--2-1--
34--1--1-2---0--
1-30----400120--
22-3-00210101-30
-0-0312-12-0-02-
10---1-1--21001-
011--0--100----3
-1122-2-01---00-
----10--0---122-
-32---1-0--000--
1010223-3-110---
--4-1--01000-0--
0--1---20---0---

Generation = 8, Population = 110.
-0--0030---02-31
----------1----0
0--2---------2--
1-2-----211---5-
-----------20---
--------0-------
-0----10-11-21--
------1------2--
0--10----1--41-3
-------0-3------
------2-0--0----
01-0-0--2-1----1
-1--1-------2---
1---------------
-----3--------10
45-------3----2-
--4--022--123--0
--0-2-1---2----1
1-------------3-
-1-1--0-00-2-1--
-----1---1--0-1-
--2-----1-------
-----110-------1
-----02--0------
21--3--2-3---4--
--5-2-----1---0-
-0----2---0-----

Generation = 9, Population = 210.
0-001--11--13-4-
00-01010-0--20-1
10--0---00--2--2
2------23-2-3--1
1-0------0-3121-
-2----1---30-1--
2-0--1-1122-3-0-
01-2012---0-2-22
-022101232135---
0--01---040211-0
00-0---11---0--1
1---0--13---1-0-
020-----2-00-1-0
----30------1-03
-0--0-1--2---1-1
56----010--00030
1-50-1334---40-1
221--02--03-1--2
--003---1210----
----2---1---0-1-
-1123---120--1-3
-1-2--2-----0-00
--0-1-21-0----2-
13-----0010--0-0
32-04----4--0---
22--3020--20---0
0---14-2-111--3-

Generation = 10, Population = 205.
1011----2-22-0--
1-0------11-3112
2-0-1-21---2--2-
--2-2-03---0---2
20-0--01----232-
0-0-----00---21-
3----2-2--34411-
----1--1-0-2---3
0----12-43-46-1-
10-1--001513-2-1
11-11-2-2-0----2
-11--02-401-20-1
--11-0--3-11---1
1-11-1--120---14
-111132---1202--
---01-12--011--1
---1---4--1-5-4-
--23----1--02-33
1-----22-3210-30
-1-1-1-1-0---1--
0--3-120--100--4
12-3213-1-00-0--
03-0----01--1-31
---0------10--0-
43-1--3--51-----
3-5-41--10------
1--1--23-22-00--

Generation = 11, Population = 210.
--221--1-1-331-1
-0--1-10-2--4223
3---2---00-3--32
--323-143-21-05-
-1---1---0--34--
-2---21011-00321
400----3-245-2--
---2-1-2010-222-
1--2-2---41571-3
2--2--1--62-1-12
-20-22-1----0-3-
---0----5-2031--
0-2----3--22-1--
-0223--0--101-2-
-22-24--0-2313--
-6-1-0--03122---
-------5-02---51
223-2-22--3-3-4-
--0---3-1--2-0--
1--2-2---12-0---
111-323----1111-
2--4-2-021------
-----121-200-2-2
--2-0-2-01-1-01-
-412---2------2-
-2--522-212-00--
20----340-3-113-

Generation = 12, Population = 198.
--3--0-2-2-44-42
------2-0-10-334
--0--1-1--24-24-
2-4--12---3-3---
22-0-20-11-3-522
----0--1-23-1--2
511------35---10
-1-3-2----1---3-
202--3-2-5-----4
3--3-0--1--3-2--
-31-332--1---04-
111--0-1---14---
-2311-14-033-2--
------01-22----4
13----2-123--4--
571-111--4-3--31
1-5101-64-3--0-2
3---------40-05-
--1-3-42--2-----
2-2-230--23-111-
2-2-4-4-1--22-24
3---2-------0-00
0-00--3--3---33-
--30-03-1-12----
4-23423-3-110431
----6---------0-
3-1-1----24--244

Generation = 13, Population = 209.
-0-21-3-2-2-51--
-----0---2-14---
301222---03-2---
305-32--3-4--0-2
-30-1--12----6--
--0-----13-0--2-
622-02-31-6542--
0----322-122-243
-1321---4--5-1--
400-1----62--3-2
1--14-3---0---52
2-2-01-25---510-
--4-20-5--4-2-21
1-22311-133---2-
----2--02---1---
68-1-2--05--204-
-0--1-37504251-3
42-3-02-1051--6-
-02-41-31---0---
3---3-1--3-2----
--3--25----3313-
-2--32--21--101-
1-----41---0-4--
-3410-4-21-----0
---453--4--2--42
------2-21-000-0
----24--03511355

Generation = 14, Population = 222.
1--320---2-4-24-
1-0-11---3-25---
-12-332----43--2
--624-2-4151-1--
--1-2-023-0337-2
02-0-2-12431-3-2
----1-1-------10
11-31----23323-4
2-4---2--516----
-1---01--7--1413
--1253--2-1000--
3-301-2-60-1--11
-2-131163-5-3232
-----22----0-03-
-32134-132332---
7------21---315-
1-51------536---
533-----216-3---
1-30---4-322-03-
---24-2----3111-
2--34--01-1-42-4
---44-3-3200---0
-300---20-0-15-2
-4-2-050-21--0-1
-4--6432-513--53
---1-2--3-211---
---135-4-4-224--

*** Life<FredkinCell> 20x6 ***

Generation = 0, Population = 48.
-0--0-
0-00-0
-0-00-
----0-
--0---
--0--0
---0--
00----
-0000-
-0-0--
00---0
-0-0--
0--0--
-00-00
0----0
0--000
--0-0-
--0---
0--000
-0---0

Generation = 11, Population = 55.
13--2-
2-6--6
--34--
2--040
3-6--3
---50-
2-0---
-40--2
1-----
34--34
---11-
----54
-1-5-2
2-32--
--1-24
5-2---
5--4-0
-3-22-
-04---
1032-3

*** Life<FredkinCell> 8x22 ***

Generation = 0, Population = 30.
-----00-0---00------0-
------00---------0----
----0----------0-----0
0---0---------------00
---000--0----0--------
--0-----0------------0
-0-----------0--0---0-
----------------0----0

Generation = 2, Population = 65.
---0-2-1---1221---0-01
0----0--00-----1---011
--012-------00---1-002
0-0----01--------001--
--0222-1--00-0--0---10
------0---0-----1--000
----00--1--0-011------
--0-----0-----0-2-00-0

Generation = 4, Population = 68.
-01004----1-22-0-1--01
---0--112-11-0---1----
01---00----12---13----
0-0-0---3--------0-120
11--2413-----0---0--1-
0---0--0----0---3--2-0
----22---1--02-3-0--10
0-0-1---2---0----0-2--

Generation = 6, Population = 88.
-2-2-6-21---4-20031-2-
100---1-4-1102---1--23
---23-0-00--41----12-3
0--0--0-3--111-00-03-2
-3---4-31----0-01-1131
2----10--11-2----11212
001144-1--1---2---1-30
--0-3--12-----113--2--

Generation = 8, Population = 65.
----06------6-4-0----2
3-2-----42----020--0--
-30251-02---63-13---23
0---1-2------3-00---4-
331-----1--21--01-----
------22--1--0-133--14
----641--1---4-32-----
------114----1-1-2--0-

*** Life<FredkinCell> 10x21 ***

Generation = 0, Population = 57.
----00-------0-0----0
--00-00--------0---0-
-----0-------00--000-
00-0-0--0-----0---0--
--------0-0----------
0-----0--0-0-000-----
0---0-0---0-0-------0
-0---0--0-0-0------00
-----------0-0--0-0--
-00-0-0-0----0-0-----

Generation = 11, Population = 108.
5-6-7-412-3-3--411-4-
202213-4---32---102--
--0--3-58----7---534-
-32-025--533-2---0-5-
22--0--341----4331--3
4----1-7-1--5-34---44
8-0---51--4-8-1--242-
---3347--3---311-312-
---2-0235121-2316----
-----0112--322324--12

*** Life<FredkinCell> 5x2 ***

Generation = 0, Population = 3.
00
--
--
-0
--

Generation = 19, Population = 6.
++
--
++
--
++

*** Life<FredkinCell> 4x14 ***

Generation = 0, Population = 36.
-0000-000---00
00--0-0000000-
0-0-000--00-0-
00000-----0000

Generation = 1, Population = 19.
-------1--0--1
--0--011111-1-
--101-----1---
--1---0-----11

Generation = 2, Population = 27.
--0--0-2--10--
-01--1-2--2---
-02-2--00-20-0
-02-00-0--0022

Generation = 3, Population = 32.
--1001-300-10-
0-20-2---1-0-0
013-30011-3-01
0----1-1-0-1--

Generation = 4, Population = 27.
00-1---4----1-
103-----1221-1
1--04--22---1-
1-2--2020-0--2

*** Life<FredkinCell> 20x24 ***

Generation = 0, Population = 136.
0---0---00-----00---0000
-----00----0-0---000--00
--00-0--0-----00---0----
-----00--------0----0-0-
-----00--0-------------0
--0--0-00-----0---0-0---
--00-00-00------------00
-----00-0---------0-----
0000--0------00----0----
--0-0----000--------0---
--0--------0-0--0----0--
-----00-----0-00-0------
0--0--0---0----0--------
00----0----0-0-0--00----
0-0---------0----00000--
-------0--0----0----0---
-----0--0-000-0---0---0-
---000---0-0---0-0-----0
--0--0--00---0-0-00-0---
000------------0---00-0-

Generation = 8, Population = 203.
--1--41332-----12-2-4-2-
13-43--14----111-2-3--21
154312-1-311----------3-
11-----0-----11--01---51
--1--20-4-5--2-3---4----
----211-----40--22--3-04
--14----234412---0-1--23
-2-----2-----2331---3-1-
---5-0--0--23--41-1-2212
-1----3--21--1-0-2--1-4-
----23--441---1--53210--
--2-05-3-4---13----33-1-
6-52-0-221-2--1---2-----
-2-4-13--432---4--3----0
---1----32-32--3-32142--
--341-3121-02----2--5---
----25--2--45-1-3-0-2-0-
----1-------25-----2----
----02-1-3-3------24-01-
34--1-12314--2---5-322-2

Generation = 16, Population = 221.
--3-4+-9785-3------4-1+1
343763-5547---54-41---53
--5--5--3-436-----5675--
436-14--150---5----453--
--1--2-37--4-4--7-----34
-57---17--33--44---2-224
35-7--43-7784-34-2--5775
--217------3--45-63--032
483---6-429-----243---27
--74----2-----26----4072
-3+5--1--6-5----49--6--4
--8--8--28-3-3-2-3-3-5--
8-7-446---26----43------
-44-----5--412573-6--7-3
6352-+--44------3-5---13
--7-3--1-3437----5--5-+1
216---1-4-2--3-63-35-2-1
-4-6-7-48-2--8-6----2-2-
--6-43-----------57--27-
--335--45-5----43-----8-

*** Life<FredkinCell> 4x5 ***

Generation = 0, Population = 5.
-0---
-0---
--0--
0-0--

Generation = 16, Population = 11.
-99--
+-0--
857-5
236--

*** Life<FredkinCell> 2x14 ***

Generation = 0, Population = 8.
0--0-----0--0-
-0-----0-00---

Generation = 2, Population = 16.
-010-0-1-2010-
-0-1-0--0-211-

Generation = 4, Population = 16.
1-1002-114---1
---3--10-123-1

Generation = 6, Population = 16.
103--4-11-1---
-1-50-3--12513

Generation = 8, Population = 11.
32--0-1--5--1-
--1--2-0---5-5

Generation = 10, Population = 13.
-4-2---235321-
1-171--------5

*** Life<FredkinCell> 29x2 ***

Generation = 0, Population = 12.
--
--
0-
0-
--
--
--
--
--
0-
--
--
--
--
0-
0-
0-
0-
-0
-0
0-
--
0-
--
--
--
--
--
-0

Generation = 12, Population = 23.
--
--
--
5-
--
5-
21
-0
2-
--
-2
53
5-
--
3-
--
63
--
--
-6
42
3-
-3
3-
--
2-
-6
1-
2-

*** Life<FredkinCell> 10x11 ***

Generation = 0, Population = 21.
------0----
----0---000
---------0-
0---0-----0
0---------0
0-0-----0-0
0----------
---0-0-----
--0--------
--------0-0

Generation = 11, Population = 49.
11--4-40-3-
1-30-444215
----1--1-42
--4-4151-4-
1-306-2----
-----------
3--0---1-34
8---301--01
3-----600--
02------43-

*** Life<FredkinCell> 30x1 ***

Generation = 0, Population = 13.
0
0
-
0
-
0
0
0
-
-
-
-
0
-
0
-
-
0
0
-
-
-
-
0
-
-
-
0
-
0

Generation = 1, Population = 14.
1
1
-
-
-
1
-
1
0
-
-
0
-
-
-
0
0
1
1
0
-
-
0
-
0
-
0
-
-
-

Generation = 2, Population = 15.
2
2
0
-
0
-
-
2
1
0
0
-
0
-
0
1
-
-
-
1
0
0
-
-
-
-
-
0
-
-

*** Life<FredkinCell> 3x3 ***

Generation = 0, Population = 2.
---
0--
0--

Generation = 2, Population = 4.
1--
2-0
--0

Generation = 4, Population = 0.
---
---
---

Generation = 6, Population = 0.
---
---
---

Generation = 8, Population = 0.
---
---
---

Generation = 10, Population = 0.
---
---
---

Generation = 12, Population = 0.
---
---
---

*** Life<FredkinCell> 29x10 ***

Generation = 0, Population = 65.
------00--
--0-----0-
--0-0-----
---00-----
--00000---
--00------
------0-00
-----00---
0----0-0--
0---------
0-000--00-
0--0------
--0-------
0--0----0-
---0-00---
--00-0--00
--000--0--
----------
--0------0
------0---
----------
-0--0-----
---0--0--0
---0------
---0-----0
---0------
----------
-0---0---0
--0------0

Generation = 3, Population = 141.
00--023--1
10-200-000
1------1--
0--111----
-201----0-
1-0-----0-
-0----1--3
2-102--1--
1----3--0-
0--2-2---0
-13-320-1-
-2-30--02-
001-0-1-2-
02---02012
0-0--110-0
--0---1--3
1-0-310---
---20-1-1-
-0--000-01
--0---00--
---100-00-
--2000000-
0-0-1--220
--0121--0-
0---0--100
-0--00000-
-0120-----
0-01---00-
---0-00-01

Generation = 6, Population = 131.
1-10-5-312
-1--3--0--
10--212---
-----23--1
0--2---3-2
111-1--2--
21-122--34
3-41-----0
---12-3---
-013--002-
12--453441
-2------5-
--2-3---2-
-30-0--3-3
-2-2---000
---334-0-4
2-344----0
0---31----
2-02-032--
---0000--2
--0-1-----
2-3--3--1-
---321-3-3
1--1---2--
0-0-020---
--1--0----
-143-0010-
----0----3
-0-301-002

*** Life<FredkinCell> 17x27 ***

Generation = 0, Population = 136.
-0----------00--0000---0---
--------0-000-0------------
00--0-0-000-0------0--0----
0--0----0-------00-0-------
00-0--0---00-----0-----0-0-
-0----0-----0--0--000------
-------00--00------------0-
0-0---0--00-0--0------00-0-
-------0---00-00---------00
-----------0-00--0--00-0---
00--00-0-0---00-----000-0--
-00-000--0--0----0-0--00---
----00-0---0------------0--
-0-0-00--0--0-0--0-0---00-0
-0--0-0---0-----0---0-0--00
0-0--0---0--0-----00--0-0--
--0--------0---0-0---------

Generation = 3, Population = 238.
200-1-1-2----3---00-2-21--0
200100---2-012-0-20-00000--
--0--0-1----1---2--32-00110
--2--100-002--00-1---1-000-
00130-32--331-020-0001--00-
0-2---300-0-3--1------02---
2---0--31-1---0--10--0-001-
011-0-1-----0-03-01---1-1-0
-1-01-0-22--0200--00-22-0-3
2-0022---223--11-12---210-0
-00-1--0--00-01-1--111-1-2-
1-3-1--02---1--1---0-1-1-11
-0--0-0-0-2-----1-000--032-
210-0--0-0----12-011--1--2-
01--01-2-0-0-------0-03-21-
---0111-0-11-00-2-13-2---0-
22-00-100-2----0100-102-011

Generation = 6, Population = 223.
3-024---2012-600----323---1
2-11-0-2-2--2----2--1----0-
210011-2--0--2--31163---22-
2--------33-02--211132-----
1-2---6-1-----12-330-1---0-
-3501----01-4---0----1--2--
2-10120-102---1-2--0--00---
0-2--1---3-2121-0--1-0412--
-20--2--3--112----312-52103
-----502033-10---23----4-01
-1--213-1-1-2--01-02-2---3-
1-4-20--242---21---002-2-2-
2----2001-2-2-1----0---0---
3---10011-1-00-3-1440----23
---11--50103-21---0-10-1--0
1-211-1010220--0--1-2-4----
-52-122--1---211-01---3----

Generation = 9, Population = 247.
420-71---12---1-10-2--4--11
34-4-1-31-0-34--25-0--21---
---31105---155-141-7---2332
21-123223--2---021---23-230
-2---2-4-25----5--6--231---
--5-2--12--1-232-2-152-23-1
5123---3--3-332-31-10-1113-
-4---2-2---2-31410-2--5--02
2--25-2-4-0-2--2433--66---3
2--3-8321-45--531343-2-7--2
-220-141-22-5-2-40-31-2-24-
-0--2-105-52-22--0--12--052
3-31231-2----2-2--0130-3-42
--20---12410013--2-------54
---1-----4---2220-0-43-16-3
2-2--521-0-----35-1-5-70112
----132--2-2--12--1-5-6--24

Generation = 12, Population = 240.
5-35--12-43--81---1554----4
-4--32-3251-4---5--13-31-1-
42---1-6503-6542--38-3--6--
-1--3--36-3----15-2---3--4-
3-5---842---224--------222-
--842-525032-3-23342-325---
8--4-----04-63--3--411-2---
35---24-1--3--4-11-51--2-03
35028250----3-055--2--6-2--
--14293523-6----23-4--380-5
43-0-2-2-53-6322--0-15-----
4-4-5141----3-22-10-2-0----
32-----1-121-2-23--1611-5-3
5--11-3----10-3513-7---2-5-
2-24--37-----23502----51-33
22-23--430-4----601--47-225
-7-1262-25-2-622--43637-2--

Generation = 15, Population = 217.
-4--9--3----29-1--4867-----
-7--63-63-4-7----822--4----
---62---51----534-48----7-2
-42----4966-2--281-1---1-7-
3684--953575-35----016-23--
--9----3-1--6-556-43-33--3-
+25-3435---294--44--21-23-1
6-30-3562-53--75-4--1-6-2--
--139----4--45-66---489-514
5-1--94-2-7642--3--5143--1-
56233--2-542-3--433-18--2--
--53------6------4-422-40-4
65---3----3------5-2------4
--------362---4-13--1-2-4-8
-357--4--6-51---05-25-5-66-
23--45-54---3-24-3--5-+---5
----3--225----25-----471334

*** Life<FredkinCell> 18x27 ***

Generation = 0, Population = 66.
0-------0---0----------0---
---0-0-------0----------0--
---0-------0-00--0--------0
----00-------------0-----0-
------0---000-00-----0-----
---------0-----------------
-------------------0-------
-0---0-----0--00----------0
------000------------0----0
------------------0--00---0
----------0------0---00-00-
--------0--0--0---------0--
------------------------0--
----0---0---0--------------
---------------------------
0-----0-0------------0-----
--0------0-------------0-0-
0---------------0----------

Generation = 2, Population = 158.
--01--0-0--100---0---0-0-00
-0-20--0---1---0---0--0--11
00---00-001-00211--1-0-01-0
--0--200-0---1---1---1-01--
---01----020-0--1------0--0
-0--0--0------11---1-----00
-------00-010-11-0---0----1
-------1----1---100--10-0--
----002-21-------0---200-10
-0---0--1------00--1---11--
------00----0--0----100----
----0-0-010--1--0-0--1-----
----------0------0---0--210
0-0---0----1---------0--1--
--0------0-------------000-
--1---0---0-0---0--0---1---
0---0--0---0---------1-0-0-
0-1---0-0-----0-0-0--0-----

Generation = 4, Population = 176.
--21--0-0-1--2-110-1-0----0
-2-2-0-0-1---1---1--1---0-3
2-------223-22-3-013-2101--
1----2--10-1--0------3-2-10
0-0-----1--21-111001-1-2-02
---0--------------1--10-1-2
---0------21-011-----200103
----1--3111---21--2---0--0-
--012-4-------01-2---22--3-
----0---30--1-1--01-----302
------0------01--0103------
00--00212-010-1---0-01-----
--1---0010----------10-1-1-
----0-------1-----0--21---1
----------0------0---11-22-
1-------0-010-0-01------00-
2-0--11--0---0-----1-3-20--
2-1---0-------------12-----

Generation = 6, Population = 239.
-041-0---112-40-1----01----
02---0--0--2--1---02-1-0215
--02---02-51----2-1---1-1-1
1110-222--131---11001-1-210
2-011-0-3--2--11-0-30---1--
10--2--1--10---11-31-3----2
00-2000--0--0--1-10-12-0-23
--1131-5--10204------30000-
0121-1--2-1011--0-10-421-31
001--201-2----1----1-2-252-
---0---1-1-11-32--10-1-0---
2---20-322---2---02121-101-
1----0-232-1-01-----1---2--
-02-01-1--1---0--00104-0211
1----0-0----00-0---0--1--20
----0---01--21-02--10--1---
--21----0-0----0---1-5-40-0
------2---000-0-0000321110-

Generation = 8, Population = 175.
0---0--0-------21--210-0--2
-2-3-2---2-2-1--0-0-------5
-----0---2--3-34-11512--1--
-11-24--3---322--3-2-3--41-
2-0-1-20---2-----2150-14303
-0-220--0---00---0------3--
0-------2--32----------2---
01-1-3-511---2----210520---
0-2-----23--31220-3-0------
0--1-2----0---3-2-2-0----23
--00-----1-3----1-1--11-1-0
---0402---------1--------3-
--2---0--2210-110----202-2-
--4-2-0-00--2---1---26-----
-------------------0-------
-0--000----221-24--------10
-1--0-212-2----2-------60-0
------2-1--0--0---0--41---0

Generation = 10, Population = 243.
----0-10----06--1104--2--1-
--0-2---24--1--2222412---27
--13--1---6-523-41--1-32302
1-1----230----2---1--52-6--
2-----4--0-2-13-2---22--32-
30-442---1-10----2321--1514
2-0-1--12--52--203-1-4042-3
--2-4-0-11--3453---12-20--1
0--23-4023---3-2033-05-30-3
--23121--4---05-2-21-2--543
-1--0021111---4-1--233---1-
31-----5-32-2--------1-2-50
2-40---4--2------1--1-0--42
0260---12---41-0---2--12--1
-11-0--111-10-0-01----1-231
------001-0-2-0262--1-031--
--4323---02-11---0-1-70-21-
-1---14--10---001-02-632-22

Generation = 12, Population = 236.
---3-13203-3--1-13--11----3
----4---46-3-2242-4-3-----7
-1--01-0-46-5-3-413---3252-
32-12-44301-4--11--3-52---1
--23--4--0243---2---22---24
-2--64-2-3230-2-32---5---34
---3-1-32--5--2--3--2-2---3
-3----263--1---5-02--522-21
--3-52604--143-22----54---3
---514-2--0-20---22-----56-
-----24-1--4-163-122---111-
-1015-2---41---02-33--12--0
-0--101-4242---2-11--3-43--
0-602---2--1-3--21---73-3--
--11-----3-3---10-1--2102-1
2-210--21-2-2-02-4121---3-1
2--3-342-040----1---17---1-
-1--01-131-1202--1--36--3--

Generation = 14, Population = 245.
-------------7341-1-13---3-
13136-1-4-----2-42-553--4--
------22-6-37-55-136-2325-3
5--125--3034---3-3-3---2-23
3--320-23----3--2-164-24-2-
5-06841-23--01-2-2-3---1636
-0--232-20--3---0-02-----33
-3--542-5221-657-04-----04-
0-3--48-4--1-3---4----4-15-
-1--3-2--5-02-5--2--1313-63
-3211-4-1--6-1--31224---31-
-1-1--263343--2------23---0
---1301-4-641134---02--4---
0---2223411-43--211-------2
---3-1--23-5--11---0023-4--
4-2120-23---22-27-32-12-5--
42--2----0--23031-12-7-73-0
31-0-----1112-412--3-6-4---

Generation = 16, Population = 188.
------42-3----541------0035
33--8----7-52-2-4--5-5---3-
3--4------739------8-2---4-
7--1----3-34-32-3--316--7--
3--522--523----------3-----
7----41-4---------3---0--36
---3--444----------2-5----3
15-254--7421-659-0---5-40-2
-----4+06-1-6----4-0--64---
--4--62-55024-5-22--1---5--
-5--12--32-631-45----52-512
4--1604-3-----4---53-45--60
---1--34---6-3---2---4-----
-462--4---11-321----3------
1-------4---2------0---0---
-----01-33----1-75----2-5--
6----3442250452---1--7-7-1-
3--01--------14-2--5--4-32-

Generation = 18, Population = 222.
1--3236-1-2--9-4-515--3--57
------3159--2-4--36-6---5--
-2361-23-7--92-552-8---3565
7-3-3-----5-55-4-52---33---
-1-5-254-----------7---5-36
9317-414434----2-3-31------
32-5---46-3-4---------3-3-3
-73--4--9--34-5---5-37-4--4
-3---------1-43-34--0-8----
12-7------2-----223---24775
--22-4--522653-6-23-45-1---
4---8--7-35--4-14--5-6--1-0
3----1--42-----62--2-61-354
-6--33-----1---3---2-83-322
--35-20-632-2-----3----0---
5132----5---2-3---3------22
--55336-4---4744----37-7-3-
-2-23---42-221422-154746524

*** Life<FredkinCell> 15x2 ***

Generation = 0, Population = 4.
--
--
--
--
--
-0
--
--
--
-0
--
--
0-
--
0-

Generation = 1, Population = 9.
--
--
--
--
-0
0-
-0
--
-0
0-
-0
0-
-0
--
-0

Generation = 2, Population = 6.
--
--
--
-0
--
-0
--
--
--
-0
0-
-0
--
--
0-

Generation = 3, Population = 9.
--
--
-0
0-
--
0-
-0
--
-0
--
-0
--
-0
0-
-0

Generation = 4, Population = 4.
--
-0
--
--
--
--
--
--
0-
--
0-
--
--
-0
--

Generation = 5, Population = 10.
-0
0-
-0
--
--
--
--
0-
-0
--
-0
0-
-0
0-
-0

Generation = 6, Population = 6.
--
-0
--
-0
--
--
0-
--
--
--
--
-0
0-
-0
--

*** Life<FredkinCell> 1x1 ***

Generation = 0, Population = 1.
0

Generation = 15, Population = 0.
-

*** Life<FredkinCell> 4x17 ***

Generation = 0, Population = 8.
--------0--------
-----------------
---------0--00---
----00----0---0--

Generation = 4, Population = 18.
----1----1---2---
----22----0---2--
-----0------1---0
01----1-002---2-0

Generation = 8, Population = 24.
1-------13--44--2
----33----0---2--
-0--21--2----22--
-5--321---6--02-4

*** Life<FredkinCell> 27x15 ***

Generation = 0, Population = 116.
----0-000--0-00
----------0-0--
----0----0-----
00-00000------0
-0------------0
-0----0--0---0-
00-----------0-
-0------0---0--
0-0------------
----0------00--
---0---00----0-
0---------00---
-0-0-------000-
0-0-0-0------0-
-0-0----0------
---0--0-----00-
--0--0---0-0---
-00-00--0-000--
---000-0-0----0
--0--0----0-0--
00-----00--0---
---0--0--0---0-
-0-00-0----0-00
-0----0--0--0--
---0--0--0-----
-0--0-0-00--0-0
0-----00---0---

Generation = 3, Population = 205.
0--0-13-12--21-
1--1-122-01-1--
0-10--00-0---1-
300--003-0-0-2-
11-2--00---0-13
10---210-0--21-
-3-1-00--0010--
--01-0-0-------
--12-0-1-0-----
21200010--03311
20-100-1122----
0-0---1022-1-00
0-01--0---1----
-0-1000----0---
-0--0010-2--21-
1-0--01-000----
11-1-3--------1
--02--2---3-30-
---313---0---0-
21-00-21010-02-
-3-2-00-111-000
---1103--1--010
-11--10--0---13
0--00-02-121110
-0-10--01---0-2
-12---12----0-0
---1220-1--1--0

Generation = 6, Population = 209.
32---1--2-00323
10--123-11-04-1
--20---11-02-22
431-2-0-2-1-0--
--0332132-----6
-321-3-01-1222-
2--2111-00-----
-3--0-03---300-
0-251-2-2-0--0-
34-1-1-3-21--1-
311111244--2200
10100121-21101-
-2120-1--02-0--
-3-1313-22110--
0------1---0-20
-10-23-011--2--
22-4------02-12
-13-12-----24--
22-626002-21---
-2-3------1-1-1
2-130--2---0-01
00-22---0----1-
22-0-----110---
1-11----0-----1
0-0-11--4------
--3-1-2-4---11-
-01--212-------

Generation = 9, Population = 208.
330--4--5-1---3
1--1--6-2----2-
0-33--1-40--1--
-34-52---2411--
-4-6--44--13---
165--32--1--3-1
-61-4-111-0---2
----1234---41-2
1--6--3-2-301--
--3--414--23--3
61-12135---3--1
21101222-2-4012
-32-----215--1-
-----2-0-5-2--2
-2111-2215013--
41-3-62-----23-
----2--0013-023
-24-13----33-11
-32--70-3-2--10
-5-3-2-11-42-5-
-52302-32211-12
10-5-25-111-2--
---03-------4-7
--121----1--222
3----4114-010-2
01--2-----022--
0-1-3-431-11---

*** Life<FredkinCell> 12x6 ***

Generation = 0, Population = 5.
0-----
-0----
------
------
------
------
0-----
------
------
-----0
--0---
------

Generation = 1, Population = 12.
------
--0---
-0----
------
------
0-----
-0----
0-----
-----0
--0-0-
-0-0-0
--0---

Generation = 2, Population = 15.
--0---
---0--
0-----
-0----
0-----
------
0-0---
-----0
0-0---
---0-0
0---0-
-----0

Generation = 3, Population = 14.
-0----
0---0-
---0--
0-0---
------
--0---
---0-0
----0-
------
----0-
-0---0
0-----

Generation = 4, Population = 11.
--0-0-
-----0
------
------
0-----
-0---0
----0-
------
------
-0-0--
--0---
-----0

Generation = 5, Population = 17.
-0----
--0---
-----0
0-----
-----0
--0---
-0-0--
----0-
-0-0--
0-0-0-
-----0
--0-0-

Generation = 6, Population = 22.
0-----
---0-0
0-0-0-
-0----
0-0-0-
-----0
0-0---
---0-0
--0-0-
-0-0--
0---0-
-0----

Generation = 7, Population = 18.
-0-0-0
----0-
-0-0--
0-0---
-0----
------
------
0-0-0-
------
--0-0-
-0---0
--0-0-

Generation = 8, Population = 13.
0---0-
---0--
--0---
------
------
-0----
0-0-0-
-----0
0-----
------
0-0-0-
------

Generation = 9, Population = 17.
-0---0
0-----
-0----
--0---
-0----
----0-
-0----
--0---
-0---0
--0-0-
-----0
0-0-0-

Generation = 10, Population = 20.
--0-0-
-0---0
------
-0-0--
0---0-
---0-0
0---0-
-0-0-0
0-0---
-----0
0---0-
------

Generation = 11, Population = 16.
------
0-----
---0-0
------
---0--
--0---
---0-0
0-0-0-
-0----
--0---
-0-0--
0---0-

Generation = 12, Population = 21.
0-----
-0-0-0
0-0---
-----0
----0-
-0-0-0
0-0-0-
-0-0--
--0-0-
-0----
--0---
-----0

*** Life<FredkinCell> 4x14 ***

Generation = 0, Population = 18.
00---0--0----0
--0-0000------
0------0----0-
--000---0----0

Generation = 1, Population = 20.
11---1---0--0-
----11------00
-0-0-0-1---0--
001-10---0----

*** Life<FredkinCell> 15x22 ***

Generation = 0, Population = 69.
--0--0---0--------0---
-----0--0-----0--000--
---0-----0-----0------
--0-----0------0-0----
-00-0----0----00---0--
0-0------0----0------0
----00----0---0--0----
--0--0-----0--000----0
-0--0-0---------0-----
0---0-----------------
0-------00------0--0--
-00---0-0--0----------
-------------------000
-0------0---0-----00-0
0------0------0-------

Generation = 15, Population = 167.
-832-----0---3-44-5-12
657455--41-----44-473-
-----3-52--6-5------61
2152---4--46-2434-3--4
43-47+-4-5+774--3-2835
3-+0---3---13-2-03252-
-46--65-23--43--6-----
6----3341--1-1266--5-2
--222365-33-741------6
-23--50--3-4----51-4-2
62------07---2-4-5--+5
---5---44624--5--322--
33215--3-2-2-4--2-0223
2-----1---53---7-3-2-3
1-6-4-22-0--6-3--362-6

*** Life<FredkinCell> 13x6 ***

Generation = 0, Population = 5.
----0-
------
------
------
------
------
--0-0-
------
------
--0---
------
-----0
------

Generation = 3, Population = 32.
-0---0
--0---
---0-0
--0---
-0---0
0-----
--1--0
00-0--
002-1-
-000-1
0-000-
-011--
--00-0

Generation = 6, Population = 26.
--0-0-
------
----0-
--1---
----0-
0---00
--2-0-
0-10-0
--2---
0110--
1-1-1-
11----
--0-0-

Generation = 9, Population = 26.
-000-0
00-00-
--0--0
----0-
-----0
0-----
-0---0
0-----
---02-
---111
-0--1-
1---0-
-----0

*** Life<FredkinCell> 18x2 ***

Generation = 0, Population = 18.
0-
--
--
0-
00
0-
0-
00
-0
00
0-
00
-0
-0
--
-0
--
0-

Generation = 10, Population = 18.
-3
3-
0-
-0
14
4-
-2
--
-6
--
33
--
0-
2-
--
23
0-
22

*** Life<FredkinCell> 18x11 ***

Generation = 0, Population = 51.
0------0-0-
-00-0-0----
-----00-0--
0--0-------
-00----0---
-----0----0
00--00-----
----0-0--0-
0-------0--
-0-0-0--0--
---0--0---0
0----0-00-0
---0-0---0-
0---0------
-----------
----0--0-00
0-----0-0--
--0--------

Generation = 1, Population = 99.
--0-0-----0
-11--01-00-
0000-1---0-
----00000--
-11--00-0-0
0-0--100-0-
1100-----00
-0-010-0--0
---000001--
---1---0100
000100---01
-0--0101101
--0-0100---
-0-------0-
0------0-00
0--0-0--011
-00-00-0--0
00-0--0-0--

Generation = 2, Population = 101.
--1---0-0--
--2---2-1--
11110-00010
0---1-1---0
-2-0-11-10-
1---0-11010
-21---0-0--
-1012-01--1
-00111-----
00--0---21-
11-21---012
-10-1-12-1-
-0---21---0
----000-01-
1--0-00-01-
1---0100122
0-1-1-0-0-1
1-0----0-00

*** Life<FredkinCell> 3x11 ***

Generation = 0, Population = 20.
-0-0-0--000
-00-0--000-
00-00-000-0

Generation = 2, Population = 19.
12--1--002-
0-2020-0-01
-0-2-022---

Generation = 4, Population = 18.
----3-100-1
-1-24-1-103
10-4-022---

Generation = 6, Population = 19.
1400----033
-33241-0---
--06-2-4-11

Generation = 8, Population = 18.
3-204-1----
133-4-12-0-
---614-6-33

Generation = 10, Population = 19.
562----0144
---2-21212-
31-8-6-80--

*** Life<FredkinCell> 19x27 ***

Generation = 0, Population = 136.
-0---00---------0------0---
-----0--0-0-0------00----0-
--00----0-------0------0---
0----0-0--0------0-00-0--0-
0--0----0---00---0-----00-0
---0--0-00-----0--------00-
-0000-------0--------------
------0-------0--00-00--000
-------00--00--00---0--000-
---0------0-0-------00-----
----------0--0-0000--------
-----0---0-00--0-00---0--0-
-0----0-0000-0-0-0-00-0000-
--0-0---000---0--------00--
0-0--0--0---0-------0------
--0-0--------00-------0----
0--0---0-------------------
00---00----0-----00--0--0--
0-----------------0--0--0--

Generation = 1, Population = 251.
0-0-0-100-0-0--0-0-00-0-00-
-00001-01----0----0110--0-0
00110---10--0--0--------0--
100-0---00-000---1-11--0---
1001000-1-00110001000--1---
00---0---10--00-00-------1-
01-110--00-0-000-00-00----0
-00000--0--0-0---11--10--11
---0---110-1-0-11-00-0011--
--0-0--000101----000-10000-
---0-0----1-0----1-0000--0-
-0--0----1--100-01--001--10
0---0-----1-0-01-1011--11-0
0-1---0011--0----0-0-------
---00-001-00-------0-0000--
-010---00----110----00-0---
1----0--0--0-00--00--00-0--
1100011---0-0---01-0010010-
1----00----0------10010010-

Generation = 2, Population = 255.
-0101021------0---0--0---1-
0--1-20-2-0-0-0---1221-0-0-
---21---2-0-100-000--0--100
2-1---001-0------20--001---
2-1-111-2--12-1-1--1-00200-
11--0---0--0-11--100-0-00--
-20-2100--01-11101--1----01
----1-0--00-------2--2---2-
-001000---0-01-22-1--1-2-00
-0----0-1121---0--1102-11-0
-0----000020--0---0-1-1----
--0-1---0-002--012-011-----
1-00100000---0-202-2---2201
1----0-1220-1000010--00---0
000-1---2011-000-0010--110-
-1---0--100-0-21000-11-10--
20---1--10--0-----1-01--1--
2------000----001---1--1--0
2-00---0--------0-2112112-0

Generation = 3, Population = 246.
-1-1-132--0-0010-01--100020
-------03-1-10-00-2--2--0--
----2-----------111----0211
3-2-----2-1--0--0---111-0-0
-02----0-0--312--102-11-110
--00-0--11--0-2-0---010--10
--1-3-11------2---0--0-0--2
--------011-0-0---30-3000-1
0---1-1110-112--3------31--
0--00--0-2---0-1-02-1-0-201
01--00---1-1-0-00-1-----0-0
0-102--0---13---2-0-22-0010
2---21-1--100103-303---3---
---0010----02-1-1--0-110-01
-11--0--3--2---1-1---0--21-
0----1002--011-2-1102---1--
--0-020-21-010----2-1-00200
--00-11-1-0-001--1---1-2101
3-110-01-0----0-1-3-2--23-1

Generation = 4, Population = 254.
0----2---01--1--01-00---1-1
-0-102--4-2---0----223-0-0-
0-12-0-0----1---2--00--1---
-0300----0-0-1-012--22-1---
-13--11--1-1-2-012-3-22--21
--110--02-0011------1-----1
-221-1220-0--1-1011----1---
0-0----0-220101001-1------2
10--2-2221022------0010-2--
--011--11-2----2-1-----13--
12-0110-02-201---1-0-01----
-02-300101-2-00032-033--1--
30003-02002---14-41--------
10-11-1-2--1-02--1-1----0-2
-22---0-401-00-202---1-----
-----21-3-012--3--2---0--00
20101-10320--1-0-0302111-1-
211---202--0-1-0--0-1-03-12
---210-20---0-1--0----1--02

Generation = 5, Population = 253.
---1-33--1-00--012-------2-
0-0--30--0301--0-023-4-10--
---3-1---00---0-3-1-100-21-
---1100021-102----01--12000
2-41122--20-3---2-----3-13-
-122100--1-1-22---0---00--2
-3--32---0-10-2-122-1-0-0--
1-1-100----121-11-32-30002-
-10-3-3-32-3--0-3-1---13300
-0122-0-2-31-00--22-1-02-0-
2----2--1-2--------11-2----
01--41-2-2033-11-30----0-1-
--114113-130-12-052310----1
-1-----1-20-2--0--0-01-0---
--3-1---5-----0----10---21-
0--0-320--1--12--13-211-1-1
-12-2221---0-2---1--3-----0
-2-0----3---02111110211--2-
30-3-10--0---0--1---222-3--

Generation = 6, Population = 243.
0------2021--11----0-1-0--1
---104-04141-0-1--342502-0-
0--42-00-1-0---0-1--21--3--
3--22-1--2-213---2-2--2---1
-1----3--31-4220-2-3-2----1
--33---02-02-3-0--1011110--
-42-432-01-2--31--30-0--1-2
--2-21-00-2232-2214304-1---
--11-0---30--21240--0-2-4-1
--2--01--2---1-2-3-12-1-31-
320013--22-201-0--12--30---
-2---2030--440-23--0-3-----
302-52-4-2---2--16--2-0----
1-11-1-22--1--2---1-1----02
0--0--00----0-1--202110--2-
--1---3--0--2--30-403-2-202
--3-333-----1-00--3--1--2-1
--11--------1---22---2-3---
4--4-212--0--1--2-3--3-----
