*** Life<ConwayCell> 3x1 ***

Generation = 0, Population = 2.
.
*
*

Generation = 1, Population = 0.
.
.
.

Generation = 2, Population = 0.
.
.
.

Generation = 3, Population = 0.
.
.
.

Generation = 4, Population = 0.
.
.
.

Generation = 5, Population = 0.
.
.
.

Generation = 6, Population = 0.
.
.
.

Generation = 7, Population = 0.
.
.
.

Generation = 8, Population = 0.
.
.
.

Generation = 9, Population = 0.
.
.
.

Generation = 10, Population = 0.
.
.
.

Generation = 11, Population = 0.
.
.
.

Generation = 12, Population = 0.
.
.
.

Generation = 13, Population = 0.
.
.
.

*** Life<ConwayCell> 18x5 ***

Generation = 0, Population = 48.
...*.
*.***
***.*
*.**.
.**..
**.*.
*..**
.****
.*..*
**...
*....
.***.
*...*
.*.*.
.*.**
.*...
*****
.*.**

Generation = 6, Population = 17.
.....
.....
.....
.....
.....
.....
**...
**...
.....
.....
.***.
.***.
....*
.**.*
.***.
.....
.....
.....

*** Life<ConwayCell> 25x9 ***

Generation = 0, Population = 65.
*...*....
...*..***
.*...*.**
..**.....
...*....*
.*......*
...***.**
.........
.**.**...
*........
*....*...
.*....*.*
....*....
..****.*.
...***...
*....**..
......**.
*......**
*.*......
.**..*...
.*.*...*.
*........
.*.*.....
*.*...*.*
.*..*....

Generation = 1, Population = 58.
.......*.
....***.*
...**...*
..***..**
...*.....
..**....*
....*..**
..*...*..
.*.......
*...**...
**.......
.....*...
..*.*.**.
..*...*..
..*......
.......*.
.....*..*
.*....***
*.*......
*..*.....
**.......
**.......
***......
*.**.....
.*.......

Generation = 2, Population = 59.
.....***.
...****.*
..*...*.*
..*....**
.......**
..***..**
..*....**
.......*.
.*...*...
*........
**..**...
.*...**..
...*..**.
.**..***.
.........
.........
........*
.*....***
*.*....*.
*.*......
..*......
.........
...*.....
*..*.....
.**......

Generation = 3, Population = 53.
.......*.
...**...*
..*.*.*.*
......*..
..*...*..
..**..*..
..*...*..
......***
.........
*...**...
**..***..
***....*.
.*..*....
..*..*.*.
......*..
.........
........*
.*....*.*
*.*...***
..**.....
.*.......
.........
.........
.*.*.....
.**......

Generation = 4, Population = 60.
.........
...***..*
....*....
...*..*..
..**.***.
.***.***.
..**.**..
......**.
.....***.
**..*.*..
..***.*..
..***.*..
*..*..*..
.....**..
......*..
.........
.......*.
.*....*.*
..**..*.*
..**...*.
..*......
.........
.........
.*.......
.**......

Generation = 5, Population = 46.
....*....
...***...
.........
..**..**.
.*.......
.*.......
.*.*.....
....*....
.........
.**.*....
......**.
.*....**.
..**..**.
.....***.
.....**..
.........
.......*.
..*...*.*
.*.*..*.*
.*.....*.
..**.....
.........
.........
.**......
.**......

*** Life<ConwayCell> 27x7 ***

Generation = 0, Population = 111.
**....*
*..**.*
..***.*
..***.*
...***.
**.*.**
**....*
**..*..
****...
*.*.**.
..*.**.
*.*.*.*
.****..
.*****.
**.****
.*****.
**.*.**
*..**..
*.**.*.
***..*.
****.**
**..**.
.*.****
*.**.**
.*...**
..****.
***...*

Generation = 1, Population = 45.
**...*.
*...*.*
.*....*
......*
.*.....
**.*..*
....*.*
...*...
.....*.
*....*.
..*...*
.......
*......
......*
*.....*
.......
*.....*
*.....*
*....*.
.....*.
...*..*
.......
.......
*..*...
.*.....
*..**..
.**.**.

Generation = 2, Population = 44.
**...*.
*.....*
......*
.......
***....
***..*.
..****.
....**.
....*..
.....**
.......
.......
.......
.......
.......
.......
.......
**...**
.....**
....***
.......
.......
.......
.......
*****..
*..***.
.**.**.

Generation = 3, Population = 32.
**.....
**...**
.......
.*.....
*.*....
*....*.
..*...*
.......
....*.*
.....*.
.......
.......
.......
.......
.......
.......
.......
.....**
.......
....*.*
.....*.
.......
.......
.***...
***..*.
*......
.**..*.

Generation = 4, Population = 21.
**.....
**.....
**.....
.*.....
*......
.......
.......
.....*.
.....*.
.....*.
.......
.......
.......
.......
.......
.......
.......
.......
......*
.....*.
.....*.
.......
..*....
*..*...
*..*...
*......
.*.....

Generation = 5, Population = 17.
**.....
..*....
..*....
.*.....
.......
.......
.......
.......
....***
.......
.......
.......
.......
.......
.......
.......
.......
.......
.......
.....**
.......
.......
.......
.***...
**.....
**.....
.......

Generation = 6, Population = 13.
.*.....
..*....
.**....
.......
.......
.......
.......
.....*.
.....*.
.....*.
.......
.......
.......
.......
.......
.......
.......
.......
.......
.......
.......
.......
..*....
***....
.......
**.....
.......

Generation = 7, Population = 10.
.......
..*....
.**....
.......
.......
.......
.......
.......
....***
.......
.......
.......
.......
.......
.......
.......
.......
.......
.......
.......
.......
.......
..*....
.**....
..*....
.......
.......

*** Life<ConwayCell> 7x13 ***

Generation = 0, Population = 43.
.***.*.****.*
*.*.*.****...
**.**..*...**
..*.......*..
.....*****...
...*.****.*.*
***...***....

Generation = 2, Population = 27.
.****........
*.*......*...
*.*...*.**..*
.**.....*...*
.........*.*.
.**.*....**..
.***.........

Generation = 4, Population = 19.
.**..........
*......*.*...
*.**.......*.
.*.........**
.*.....*....*
........***..
..*..........

*** Life<ConwayCell> 12x17 ***

Generation = 0, Population = 101.
.....***.**...***
**.*.*..*.*.**...
.*..*.*.**..***..
.****.****..*..**
*.****.*..***..*.
***..**.*..*.***.
...****.*...****.
.*.*.*.*.**.***..
...*.*......*....
....***..***.*..*
.***..***.*..*..*
*.*.*.**....*.*.*

Generation = 1, Population = 61.
....********.***.
***.......*.*....
......*...*...**.
*..............**
*.........*......
*.......***.....*
*..*....*.*......
...*...***.....*.
..**....*.....*..
........****.*...
.**.....*.*..**.*
..*..**.*....*.*.

Generation = 2, Population = 61.
.*...**********..
.*......*...*....
*..........*..***
..............***
**........*....**
**......*.**.....
..........*......
...**..*.........
..**..........*..
.*.*...**.****.*.
.**.....*.**.*.*.
.**....*.*...*.*.

Generation = 3, Population = 58.
......********...
**....*.*........
.............**.*
**...............
**.......***..*.*
**........**.....
.........***.....
..***............
.......**..****..
.*.*...**.*..*.*.
*..*.........*.**
.**.....***.*....

Generation = 4, Population = 58.
......*.*****....
......*.*.**..*..
.................
**........*..**..
..*......*.*.....
**..........*....
.***.....*.*.....
...*....**...*...
....*..***.****..
..*....***.*...**
*..*...*..****.**
.**......*.......

Generation = 5, Population = 53.
........*...*....
........*...*....
.........***.**..
.*........*......
..*.......****...
*..*.......**....
**.*....***.*....
...**..*...*.**..
...*.......*.***.
...*..*.........*
...*...*...**.***
.**.......***....

Generation = 6, Population = 47.
.................
........*.*.*....
.........*****...
..............*..
.**.......*..*...
*..*.............
**.*....***......
...**...**.*...*.
..**.........*.*.
..***......*....*
...*......*.**.**
..*.......*.**.*.

Generation = 7, Population = 41.
.................
..........*.**...
.........**.**...
.........*....*..
.**..............
*..*......*......
**.*....*.*......
.*..*...*.....*..
..........*.*.***
....*......*.*..*
....*.....*..*.**
............**.**

Generation = 8, Population = 39.
.................
.........**.**...
.........**.*.*..
.........**..*...
.**..............
*..*.....*.......
**.**............
***........*.**..
...........**.*.*
..........**.*...
...........*.*...
............**.**

Generation = 9, Population = 39.
.................
.........**.**...
........*...*.*..
.........***.*...
.**......**......
*..**............
...**............
*.**.......*.***.
.*............**.
..........*..**..
..........**.*...
............***..

Generation = 10, Population = 39.
.................
.........*.***...
........*.....*..
........*..***...
.***.....*.*.....
.*..*............
.*............*..
.****........*.*.
.**.........*....
..........****.*.
..........**.....
...........****..

Generation = 11, Population = 37.
............*....
............**...
........***...*..
..*.....******...
.***......**.....
**.*.............
**..*.........*..
*..*.........**..
.*...............
..........*..*...
.................
..........****...

Generation = 12, Population = 32.
............**...
.........*.***...
........*.....*..
.***....*...**...
*..*.............
...**............
...**........**..
*.*..........**..
.............**..
.................
..........*..*...
...........**....

Generation = 13, Population = 30.
...........*.*...
...........*..*..
..*.....**.*..*..
.***.........*...
.*...............
..*..............
..*.*........**..
...*........*..*.
.............**..
.............**..
...........**....
...........**....

Generation = 14, Population = 30.
............*....
...........*.**..
.***......*.***..
.*.*.............
.*.*.............
.***.............
..*..........**..
...*........*..*.
............*..*.
..............*..
...........*.....
...........**....

Generation = 15, Population = 33.
............**...
..*........*..*..
.*.*.......**.*..
**.**........*...
**.**............
.*.*.............
.*...........**..
............*..*.
.............***.
.................
...........**....
...........**....

Generation = 16, Population = 32.
............**...
..*........*..*..
**.**......**.*..
............**...
.................
.*.**............
..*..........**..
............*..*.
.............***.
............***..
...........**....
...........**....

Generation = 17, Population = 28.
............**...
.***.......*..*..
.***.......*..*..
...........***...
.................
..**.............
..**.........**..
............*..*.
...............*.
...........*...*.
.................
...........**....

Generation = 18, Population = 30.
..*.........**...
.*.*.......*..*..
.*.*......**..*..
..*........***...
............*....
..**.............
..**.........**..
.............*.*.
..............***
.................
...........**....
.................

Generation = 19, Population = 33.
..*.........**...
.*.*......**..*..
.*.*......*...*..
..*.......*..*...
..**.......***...
..**.........*...
..**.........**..
.............*..*
..............***
...............*.
.................
.................

*** Life<ConwayCell> 13x17 ***

Generation = 0, Population = 126.
..*..*..*.*.**.**
****..*..*..***.*
**....*.*.*..****
*.....***.***....
.**.**..*..****.*
******..**.*.....
.*..****.**.*****
**.*.*.***....**.
*.***.*****.**.**
*..**.*..*..****.
.****...******.**
*.*.*.**...*.*.*.
...**.*****.**.*.

Generation = 1, Population = 55.
..**.....*.**..**
*..*.**.*.*......
.....**.*.*.....*
*.*...*.*.*.....*
.............*...
*...............*
...........***..*
*................
*.........***...*
*.....*..........
*.....*.**......*
......*........*.
...**.*.******...

Generation = 2, Population = 46.
..***....***.....
..**.**.*.*....**
.*..*...*.**.....
.....**..........
.*...............
.............*...
............*....
..........*..*...
**.........*.....
**.....*.***.....
.....**..........
......*....**....
.....*.*.****....

Generation = 3, Population = 39.
..*.**...***.....
.*...*.**........
..***.....**.....
.....*...........
.................
.................
............**...
...........**....
**.......*.**....
**....*...**.....
.....***....*....
.......*....*....
......*...*.*....

Generation = 4, Population = 37.
....***.***......
.*...**.*........
..*****..........
...**............
.................
.................
...........***...
..........*......
**...............
**...***..*......
.....*.*....*....
.....*.*....**...
...........*.....

Generation = 5, Population = 33.
....*.*.**.......
..*.....*........
..*...**.........
..*..............
.................
............*....
...........**....
...........**....
**....*..........
**...*.*.........
....**.**..***...
...........***...
............*....

Generation = 6, Population = 36.
.......***.......
...*.**.**.......
.***...*.........
.................
.................
...........**....
.............*...
...........**....
**....*..........
**..**.**...*....
....**.**..*.*...
.................
...........***...

Generation = 7, Population = 37.
......**.*.......
...**.*..*.......
..***.***........
..*..............
.................
............*....
.............*...
............*....
**...***...**....
**..*...*...*....
....**.**...*....
...........*.*...
............*....

Generation = 8, Population = 44.
.....****........
..*.*....*.......
..*.*.***........
..*....*.........
.................
.................
............**...
......*....***...
**...***...***...
**..*...*...**...
....**.**..***...
...........*.*...
............*....

Generation = 9, Population = 42.
.....****........
....*....*.......
.**..****........
...*..***........
.................
.................
...........*.*...
.....***......*..
**...***......*..
**..*...*.....*..
....**.**..*..*..
...........*.*...
............*....

Generation = 10, Population = 44.
.....****........
....*....*.......
..****...*.......
..*..*..*........
.......*.........
.................
......*..........
.....*.*.....**..
**..*...*....***.
**..*...*....***.
....**.**...***..
...........*.*...
............*....

Generation = 11, Population = 41.
.....****........
.......*.*.......
..*..*..**.......
..*..**.*........
.................
.................
......*..........
.....***.....*.*.
**..**.**...*....
**.**...**.......
....**.**......*.
...........*..*..
............*....

*** Life<ConwayCell> 18x17 ***

Generation = 0, Population = 30.
...*.*.....*...*.
...........*.....
.................
.**..............
........*....*...
.......*.........
......*..........
........*........
.*...........*...
...*......*......
*................
..*........*.*...
.....*.....*..*..
..........*......
.*...............
..........*....*.
........**.....*.
.................

Generation = 1, Population = 8.
.................
.................
.................
.................
.................
.......*.........
.......*.........
.................
.................
.................
.................
............*....
..........***....
.................
.................
.........*.......
.........*.......
.................

Generation = 2, Population = 4.
.................
.................
.................
.................
.................
.................
.................
.................
.................
.................
.................
............*....
...........**....
...........*.....
.................
.................
.................
.................

Generation = 3, Population = 6.
.................
.................
.................
.................
.................
.................
.................
.................
.................
.................
.................
...........**....
...........**....
...........**....
.................
.................
.................
.................

Generation = 4, Population = 6.
.................
.................
.................
.................
.................
.................
.................
.................
.................
.................
.................
...........**....
..........*..*...
...........**....
.................
.................
.................
.................

*** Life<ConwayCell> 3x28 ***

Generation = 0, Population = 45.
...*...***...*..**...*******
**..*..**..**..**....**.*..*
.**.****.***...****.****...*

Generation = 17, Population = 4.
........................**..
........................**..
............................

*** Life<ConwayCell> 17x13 ***

Generation = 0, Population = 26.
...........*.
.....*...*...
.............
..*....*.*...
.*..........*
...*...*.....
.............
.......*.....
...........*.
..*..........
.............
*......*....*
..........*.*
.............
...*........*
...*........*
.**.*......*.

Generation = 2, Population = 11.
.............
.............
.............
.............
.............
.............
.............
.............
.............
.............
.............
.............
..........***
.............
...........**
..***........
..***........

Generation = 4, Population = 5.
.............
.............
.............
.............
.............
.............
.............
.............
.............
.............
.............
.............
..........**.
.............
...*.........
..*.*........
.............

*** Life<ConwayCell> 2x20 ***

Generation = 0, Population = 7.
..*.*.........*.....
.*.*.............**.

Generation = 1, Population = 4.
..**................
..**................

Generation = 2, Population = 4.
..**................
..**................

Generation = 3, Population = 4.
..**................
..**................

Generation = 4, Population = 4.
..**................
..**................

Generation = 5, Population = 4.
..**................
..**................

Generation = 6, Population = 4.
..**................
..**................

Generation = 7, Population = 4.
..**................
..**................

Generation = 8, Population = 4.
..**................
..**................

Generation = 9, Population = 4.
..**................
..**................

Generation = 10, Population = 4.
..**................
..**................

Generation = 11, Population = 4.
..**................
..**................

Generation = 12, Population = 4.
..**................
..**................

*** Life<ConwayCell> 19x14 ***

Generation = 0, Population = 142.
***..*.**.*.**
...**...*.****
*.*****..**..*
*.***...***...
..*.***...****
.....**.*..***
*.*****.*..***
*.*...*.****.*
..***.*.*..***
..*.......****
*****.***..*..
****...**.***.
*.***.*.**..**
..*.....**.*..
.**.*.*.***..*
..**.*....*.**
*.*...*.....*.
*.**...***.*.*
.**.***.***...

Generation = 2, Population = 76.
.***...***....
.***....**....
.......*......
......*.*...**
.**.....**....
.......***....
.***...***....
..*.**..**....
.....**.*.....
......*.*.....
.....*..*.*.**
.....*......**
.............*
...**........*
...*...**..*.*
...*......****
...**...***..*
.*..*...*..*..
.*.***.....*..

Generation = 4, Population = 53.
........*.....
.*.*.....**...
..*......**...
........**....
.........*....
...**.........
.*............
.*....**......
...**.*.......
........**..*.
.....****.***.
.....**...**.*
...**.......*.
..*.*........*
.............*
.*...........*
..*.*..**....*
.....*......*.
...**.........

Generation = 6, Population = 34.
.........*....
.........*....
.........*....
........**....
........**....
..............
......*.......
.....*.*......
....*...*.....
....*.*.*.....
........*..***
....*....***.*
...**.....**..
...**.........
...........*..
...........*..
............**
..............
..............

Generation = 8, Population = 39.
.........*....
........*.*...
........*..*..
........*.*...
.........*....
..............
.....***......
..............
....*...**....
....**...*..*.
.....***..*..*
....***..*.*.*
.....*...*.**.
....*.....***.
..........**..
..............
..............
..............
..............

*** Life<ConwayCell> 16x5 ***

Generation = 0, Population = 37.
***.*
*..**
....*
...*.
***.*
..*..
..**.
*.***
...*.
*.**.
*.*..
*...*
**..*
*.*..
*..*.
**...

Generation = 19, Population = 0.
.....
.....
.....
.....
.....
.....
.....
.....
.....
.....
.....
.....
.....
.....
.....
.....

*** Life<ConwayCell> 20x16 ***

Generation = 0, Population = 130.
.**..*.*.**..*..
......*.*......*
.**.*.*...*...*.
.*.*******...**.
**..***.*...**..
.*.***....*..*.*
.*..*...***..***
***..**...****.*
.......*....***.
..*.*..**....*..
.*.***..*......*
.**.*.*.**..**..
......**.**..*..
...*.****...*...
*.*...*..*...***
..*..*...*...***
**.*..*.*.**...*
.....*.****.**.*
.*.....*.......*
.......***..*..*

Generation = 4, Population = 91.
...*..**......**
...*..........**
....*.*.*....*..
......*******.**
.......*..*.....
...**.*.*.**..*.
....**..**......
.***..*..**.....
........***.....
****.*..........
.....*..........
......*.........
...*.*......**..
...****.....***.
**....**......*.
***....**.....**
.*..*..**.....**
*...*...**....**
.*.......**.....
.........***....

Generation = 8, Population = 60.
....*.*.......**
....*.....*....*
.....***..*.....
........*.*.....
.....*.*...**...
.....*.*..*..*..
...........***..
....***....*....
..*...**.*......
..**.....*......
..**..***.......
.*.**..*........
.*.*...*........
*...***.........
**.***..........
................
.*.*............
..*.............
..*.............
................

Generation = 12, Population = 52.
.....*........**
....*.*.......**
...*............
....**.....***..
.....***....**..
.....**..*......
....*.....*.....
...........*....
.**.***.........
..*...*....*....
.*....*...*.....
*.....*.**......
***.............
***.............
................
................
.*.*............
*...*...........
.*.*............
..*.............

*** Life<ConwayCell> 29x22 ***

Generation = 0, Population = 157.
...............*......
.*..*....*....*....***
...*....**......*.*..*
.....*.***.*..........
*.***.*.....*...*.....
...*.**..*.*.*....*...
.**.....*......*......
...*...*..*........*..
.*.....*..*.......**..
.*.**.....*......*.*..
.*.........*....*..*.*
.*.***........*...*...
.*...*.*.*...*.......*
.........*..*.....*.*.
......*...**.*........
.*..*.......*......*..
..*........*...*...*.*
........*....*..*.....
*...***...**....*.*...
.*..*...*.............
..**.....*.......*....
.*...***......**...***
..*.*........**.....*.
*.**.....**....**...*.
*.....**....*.*..**.*.
.**...*..*............
**....*.**..*......*.*
*...*.....*..**....*..
......*.*.**...*......

Generation = 1, Population = 178.
....................*.
........**.....*...***
....*..*...........*.*
..*..***.**......*....
..**.....*.**.........
.....***....*.........
..***.*****...........
.*.....***........**..
...**....***.......**.
**........**.....*.*..
**...*...........*.**.
**..***.............*.
..*..**.*....*.....*..
......*.**.***........
..........**.*.....*..
..........*.*.......*.
............*.......*.
.....*....***..***....
....**.*.*.......*....
.**.*....**......*....
.********...........*.
.*..***......***...***
..*.***......*..*.....
..**...........***..**
*..*..*****....***.*..
..*..**..*...*....***.
*.*..*.****..*......*.
**...*..*.*.***.....*.
.........***..*.......

Generation = 2, Population = 171.
...................***
........*..........*.*
.....*.*..*.......**.*
..*.****.***..........
..***....*.**.........
.....*......*.........
..***.....*...........
.....**....*......***.
***........*........*.
***.*....*.*..........
..*.***............**.
*.*.*..*..........*.*.
.*..*...**...*........
.....**.**.*.**.......
.............*........
..........*.**.....**.
..........*.**..*.....
....***...***...**....
...****.**.......**...
.*.......**...........
*......***....*....***
.*...........***...***
.**...*......*...*.*..
.**.....**....*...*.*.
.*.********...**.....*
..****........*.***.*.
*.*.**.*..**........**
**....**....*.*.......
.........****.*.......

Generation = 3, Population = 171.
...................*.*
.....................*
....**.*..**......**..
..*....*.*..*.........
..*.....**..*.........
.....*....*.*.........
...**.*....*.......*..
....**....**.......**.
*.**.*.....**.......*.
*...*.....*........**.
*.*.*.*............**.
..*.*.***...........*.
.*.**.*..**.***.......
.....*.****..**.......
.........***..........
..............*.......
.....*...**.....**....
...*..**..*.**..*.*...
...*..***.......***...
....***...*.......***.
**......***..***...*.*
***....**....*.*.....*
*............*.*.....*
*...*.....*..***..***.
.*....**..*..**.*.*.**
...........*..*.**.**.
*.*....*...*.*.*.*.***
**...*****..*.........
..........***.........

Generation = 4, Population = 164.
....................*.
..................**..
......*.*.**..........
...*..**.*..*.........
........***.**........
...***...**.*.........
...*..*.....*......**.
..*...*...*........**.
.*.*.*......*........*
*.*.*......*.........*
....*.*..............*
..*.*.*.**...*.....**.
..***.....***.*.......
....****......*.......
...........*.**.......
...........*..........
......*..***.*.***....
....**....**...*..*...
...*....**.*....*.....
....***...*...***...*.
*.*..**.*.*..*.*..**.*
..*....**...**.**....*
*...........**.**..*.*
**..........*...***...
..........***...*....*
.*....**..**..........
*......*..**.***.*.*.*
**....****...*......*.
......*******.........

Generation = 5, Population = 165.
...................*..
...................*..
......*.****..........
......*.....**........
...*.***....**........
...***..*.*.*.........
..**..*..**........**.
..*****....*.......*.*
.*.***.....*.........*
.**.*...............**
.*..*..*.............*
..*.*..*.*****......*.
..*.....*****.*.......
....***...*...**......
.....**.....***.......
...........*.*.**.....
.....*...*....****....
....**..*.....**......
...*..*..*.*..*.**....
...**.*.*.**..*.**.**.
.*.**...*..***...*.*.*
......****.*.....***.*
*..........*......*.*.
**................*.*.
**........*.*...*.....
......**.*...****...*.
*..........*.**.....*.
**...........*......*.
......*...***.........

Generation = 6, Population = 135.
......................
.........**...........
.......*.****.........
........***..*........
...*...*..............
........*.*.**........
......**.**........**.
.*....*....*.......*.*
.*....*..............*
**..................**
.*..**..*.***........*
.**....*.....*........
....*.***.....**......
....*.**..*....*......
....*.*....**...*.....
.....**..........*....
....**.......*...*....
....***.***..*........
...*..*.**.*.**..**...
........*.....*....**.
..***.*......*.......*
.......***.*.....*...*
**.....**.*.........**
...........*.....*....
**...........**.**.*..
**........**....*.....
**.................***
**........*..**.......
...........**.........

Generation = 7, Population = 141.
......................
........**............
............*.........
.......*....*.........
.......*..****........
......*.*.**..........
......*****.*......**.
.....**...*........*.*
.**..................*
***..*.....*........**
...........**.......**
.****....*.****.......
...*....*.....**......
...**...*..*..***.....
....*......*....*.....
......*.....*...**....
.......*.*............
...*..*.*.*..*...**...
....*.*.....***...**..
..*.**..**..*.*...***.
...*.....*...........*
.***..*..**..........*
.......*..**........**
................***.*.
**........***..****...
..*............*****..
..*.......**........*.
**.........***......*.
...........***........

Generation = 8, Population = 126.
......................
......................
........*.............
......................
......*****..*........
......*......*........
........*..........**.
.....**.*.**.......*.*
*.*..**..............*
*.*........**.........
*...*...............**
..***.....**..**......
........****....*.....
...**.........*.*.....
...***.....**.........
................**....
......****......*.*...
.....**.**..***..***..
....*.*.*..**.*.....*.
....**..**..*.*...*.*.
.*...*.............*.*
..**....**.*.........*
..*......***.....*.***
............*..*..*.**
.*.........*..........
..*.........*..*...*..
..*.......**....***.*.
.*...........*........
...........*.*........

Generation = 9, Population = 138.
......................
......................
......................
......................
......****............
......*...............
.....**..*.........**.
.....**..*.........*.*
.....***..*.*.......*.
*..*.*..............**
..*.*.....*.*.........
...**......*...*......
..*......*.*..*.*.....
...*.*...*..*..*......
...*.*.........***....
....*****.......**....
.....**..*...*.**..*..
..........***.**.***..
....*.*...**..**.*..*.
....*.****.**.......**
..**.*....*........*.*
.***....**.*......**.*
..**....**.**.....**..
............*.....*..*
...........**......**.
.**.......*.*...****..
.**........**...****..
..........**.....*....
............*.........

Generation = 10, Population = 114.
......................
......................
......................
.......**.............
......***.............
.........*............
.......*...........**.
....*...***........*.*
.......*...........*..
...*.*..............**
..*..*.....*..........
..*.*......**..*......
..*........**.*.*.....
..**......*...*..*....
...*...**......*.*....
.......**.....*...*...
....*...******.....*..
......*..*..*....*.**.
......*.*.....**.*..**
....*.****..*......*.*
.*...**.....*.....**.*
.*......*..**.........
.*.*....**.**....*....
..........*..*....*...
............**......*.
.**.......*..*..*.....
.**.........*......*..
..........*.....**....
...........*..........

Generation = 11, Population = 115.
......................
......................
......................
......*.*.............
......*..*............
......*...............
..........*........**.
.......***........**..
....*...**.........*.*
....*.*.............*.
..*..*.....**.........
.**.......*..*.*......
.**.......*.*.*.*.....
..**.......*.**..*....
..**...***....*****...
..........*****...*...
..........****.....**.
.....*......*.*.*..*.*
......*......*..*....*
........**...*.....*.*
.....**..*..**....**..
**.....****..*....*...
..*.....**...*........
.........**..*........
...........****.......
.**........*.*........
.**........*....**....
...........*..........
......................

Generation = 12, Population = 107.
......................
......................
......................
.......*..............
.....**...............
......................
.......***........***.
.......*..*.......*...
.....*...*........**..
...**...............*.
.***.*.....**.........
...*......*..***......
..........*.*...*.....
........*****.....*...
..**....**......*.*...
........*.......*.*...
..........*....*..***.
..............**...*.*
............****.....*
.....*****...**...**..
......*.....***...***.
.*....**..*..**...**..
.*.....*....***.......
........****..........
...........*..*.......
.**.......**.**.......
.**.......**..........
......................
......................

Generation = 13, Population = 97.
......................
......................
......................
......*...............
......*...............
......***..........*..
.......***........**..
......**..*......*..*.
....*.............**..
...*.*.............*..
...........****.......
...**.....*..***......
............*.**......
........*...*.........
.......*...*......**..
........*......**.*...
..............*****.*.
................*.**.*
......***...*.....**..
.....****.........*...
.........*..*..*.*..*.
......**...*...*..*.*.
......**....*.*.......
........****..*.......
.............**.......
.**..........**.......
.**.......***.........
......................
......................

Generation = 14, Population = 95.
......................
......................
......................
......................
.....**...............
......*..*........**..
.........*........***.
......**.*.......*..*.
....***...........***.
....*.......**....**..
...*.......**..*......
......................
...........**..*......
...........***........
.......**........***..
..............*.......
..............*.....*.
.......*........*.....
.....*..*...........*.
.....*...*.......**...
.....*..........***...
......***..******..*..
......*..*..****......
.......******.**......
.........**.*..*......
.**........*..*.......
.**........***........
...........*..........
......................

Generation = 15, Population = 79.
......................
......................
......................
......................
.....**...............
.....**...........*.*.
......**.**......*..*.
......***........*...*
....*.**.........*..*.
...**......***....*.*.
...........***........
......................
...........*.*........
...........*.*....*...
............**....*...
..................**..
...............*......
......................
......*.*........*....
....***.........*.**..
.....*.**...***....*..
.....****..*......*...
......*...............
.......*........*.....
............*..*......
.**...........*.......
.**.......**.*........
...........*..........
......................

Generation = 16, Population = 80.
......................
......................
......................
......................
.....**...............
...................*..
.........*.......*****
.........*......***.**
...**.*.*...*....*****
...***.....*.*.....*..
...........*.*........
...........*.*........
......................
...........*.**.......
............**...**...
..................**..
......................
......................
......**.........**...
....*...*....*...***..
........*...**...*.*..
.....*..*...**........
.....*..*.............
......................
...............*......
.**........****.......
.**.......***.........
..........***.........
......................

Generation = 17, Population = 65.
......................
......................
......................
......................
......................
...................*..
................*....*
........**......*.....
...*........*...*....*
...*.*.....*.*.....*..
....*.....**.**.......
......................
.............**.......
.............**.......
............***..***..
.................***..
......................
......................
.......*.........*.*..
........*...**..*..*..
.......***....*..*.*..
.......***..**........
......................
......................
............***.......
.**.......*..**.......
.**...................
..........*.*.........
...........*..........

Generation = 18, Population = 54.
......................
......................
......................
......................
......................
......................
......................
...............***....
....*.......*.........
...*......**.**.......
....*.....**.**.......
............*.........
.............**.......
...............*..*...
............*.*..*.*..
.............*...*.*..
..................*...
......................
..................*...
.........*...*..**.**.
..............*...*...
.......*.*...*........
........*.............
.............*........
............*.*.......
.**.........*.*.......
.**........*.*........
...........*..........
...........*..........

*** Life<ConwayCell> 25x19 ***

Generation = 0, Population = 23.
*..................
...................
...................
...*.*.....*.......
.................*.
...................
.......*...........
...................
...................
..........*........
...................
...................
*..................
.........*.........
...................
..*.....*.........*
......*............
...................
.......*...........
..................*
...*...............
.......*...........
.....*.*...*...*...
.......*..*........
...................

Generation = 1, Population = 4.
...................
...................
...................
...................
...................
...................
...................
...................
...................
...................
...................
...................
...................
...................
...................
...................
...................
...................
...................
...................
...................
......*............
.......**..........
......*............
...................

Generation = 2, Population = 4.
...................
...................
...................
...................
...................
...................
...................
...................
...................
...................
...................
...................
...................
...................
...................
...................
...................
...................
...................
...................
...................
.......*...........
......**...........
.......*...........
...................

Generation = 3, Population = 7.
...................
...................
...................
...................
...................
...................
...................
...................
...................
...................
...................
...................
...................
...................
...................
...................
...................
...................
...................
...................
...................
......**...........
......***..........
......**...........
...................

Generation = 4, Population = 6.
...................
...................
...................
...................
...................
...................
...................
...................
...................
...................
...................
...................
...................
...................
...................
...................
...................
...................
...................
...................
...................
......*.*..........
.....*..*..........
......*.*..........
...................

Generation = 5, Population = 6.
...................
...................
...................
...................
...................
...................
...................
...................
...................
...................
...................
...................
...................
...................
...................
...................
...................
...................
...................
...................
...................
.......*...........
.....**.**.........
.......*...........
...................

*** Life<ConwayCell> 12x9 ***

Generation = 0, Population = 58.
***.*.***
..*..**.*
...**...*
****..**.
.**.****.
**.*.*.*.
*..*..**.
*.***..*.
.*..**.**
***.*.***
...**...*
.....**.*

Generation = 1, Population = 34.
.***..*.*
..*...*.*
....*...*
*.......*
........*
*..*....*
*....*.**
*.*......
.........
***...*..
.****...*
....**.*.

Generation = 2, Population = 27.
.***.....
.**..*..*
........*
.......**
.......**
........*
*......**
.*.......
*.*......
*........
*...*.**.
..*.**...

Generation = 3, Population = 19.
.*.*.....
.*.*.....
........*
.........
.........
.........
.......**
**.......
*........
*........
.*.**.*..
...****..

Generation = 4, Population = 11.
.........
.........
.........
.........
.........
.........
.........
**.......
*........
**.......
..**..*..
..**..*..

Generation = 5, Population = 8.
.........
.........
.........
.........
.........
.........
.........
**.......
.........
***......
...*.....
..**.....

Generation = 6, Population = 6.
.........
.........
.........
.........
.........
.........
.........
.........
..*......
.**......
...*.....
..**.....

Generation = 7, Population = 9.
.........
.........
.........
.........
.........
.........
.........
.........
.**......
.***.....
.*.*.....
..**.....

Generation = 8, Population = 8.
.........
.........
.........
.........
.........
.........
.........
.........
.*.*.....
*..*.....
.*..*....
..**.....

Generation = 9, Population = 9.
.........
.........
.........
.........
.........
.........
.........
.........
..*......
**.**....
.*..*....
..**.....

Generation = 10, Population = 12.
.........
.........
.........
.........
.........
.........
.........
.........
.***.....
**.**....
**..*....
..**.....

*** Life<ConwayCell> 6x3 ***

Generation = 0, Population = 5.
...
...
...
***
.*.
..*

Generation = 4, Population = 6.
...
.*.
*.*
*.*
.*.
...

Generation = 8, Population = 6.
...
.*.
*.*
*.*
.*.
...

Generation = 12, Population = 6.
...
.*.
*.*
*.*
.*.
...

Generation = 16, Population = 6.
...
.*.
*.*
*.*
.*.
...

Generation = 20, Population = 6.
...
.*.
*.*
*.*
.*.
...

*** Life<ConwayCell> 25x2 ***

Generation = 0, Population = 36.
**
**
.*
.*
**
*.
.*
.*
**
.*
.*
**
*.
.*
.*
*.
..
**
**
**
**
**
**
**
.*

Generation = 3, Population = 16.
..
..
**
**
**
..
..
..
**
.*
.*
**
..
..
..
..
**
**
..
..
..
..
..
..
..

Generation = 6, Population = 10.
..
..
..
..
..
..
..
..
**
.*
.*
**
..
..
..
..
**
**
..
..
..
..
..
..
..

Generation = 9, Population = 10.
..
..
..
..
..
..
..
..
**
.*
.*
**
..
..
..
..
**
**
..
..
..
..
..
..
..

Generation = 12, Population = 10.
..
..
..
..
..
..
..
..
**
.*
.*
**
..
..
..
..
**
**
..
..
..
..
..
..
..

*** Life<ConwayCell> 3x14 ***

Generation = 0, Population = 28.
***.*.***.****
****.**..*.***
*...*.**.**.*.

Generation = 3, Population = 6.
........*...*.
..........*.*.
........*...*.

Generation = 6, Population = 4.
............*.
............**
............*.

Generation = 9, Population = 4.
............*.
..........**..
............*.

Generation = 12, Population = 6.
..........*.*.
..........*..*
..........*.*.

Generation = 15, Population = 6.
..........*.*.
.........*...*
..........*.*.

*** Life<ConwayCell> 25x21 ***

Generation = 0, Population = 43.
...*.................
..*.....*............
...............*.....
.......*........*....
..*.........*........
.....................
.................*...
..**..........*......
.....*....*..........
......*.....*........
.....*......*........
.........*.....*.**..
...*......*..*.......
.....................
......*.............*
..*.......*..........
.....................
...*...*.............
....*.....*..........
......*....*.........
.....................
..................**.
.*................*..
..........*........*.
........**...........

Generation = 1, Population = 8.
.....................
.....................
.....................
.....................
.....................
.....................
.....................
.....................
.....................
.....**....*.........
.....................
.....................
.....................
.....................
.....................
.....................
.....................
.....................
.....................
.....................
.....................
..................**.
..................*..
.........*...........
.........*...........

Generation = 2, Population = 4.
.....................
.....................
.....................
.....................
.....................
.....................
.....................
.....................
.....................
.....................
.....................
.....................
.....................
.....................
.....................
.....................
.....................
.....................
.....................
.....................
.....................
..................**.
..................**.
.....................
.....................

Generation = 3, Population = 4.
.....................
.....................
.....................
.....................
.....................
.....................
.....................
.....................
.....................
.....................
.....................
.....................
.....................
.....................
.....................
.....................
.....................
.....................
.....................
.....................
.....................
..................**.
..................**.
.....................
.....................

*** Life<ConwayCell> 12x6 ***

Generation = 0, Population = 35.
..**.*
...**.
..**..
**.***
.*.***
..*.*.
*.*..*
.***..
...**.
*....*
..****
.*.**.

Generation = 3, Population = 16.
......
.*....
.**...
*.*...
..*...
.*....
..**..
..*.*.
.....*
.*...*
....**
......

*** Life<ConwayCell> 16x20 ***

Generation = 0, Population = 118.
*.*.......****..*.**
...***.*.........***
....**..**..*....*.*
.*..***.*..**.......
.....*......****.*..
*.........*.*...*.**
..*.......*..*.*....
*.****.*..*.*.*..*..
*.....**.*.*.**.....
..**........**...**.
.**.**.*..**.....*.*
..*....*....*.*.*...
*.*..*.**......***.*
..****.*...*..*....*
.**.*.*.**.**.......
.**.*.*..***.**...*.

Generation = 16, Population = 25.
....................
....................
....................
....................
.....*.*........**..
.*...*..........**.*
.*...***..........*.
*.*.................
..*.................
...*................
...*.........*......
...*.*.......*......
....**..............
....................
....................
....................

*** Life<ConwayCell> 16x6 ***

Generation = 0, Population = 23.
.*.*..
...*.*
***...
......
.****.
*...*.
.***.*
......
.*....
......
......
..*...
......
*...**
...*..
......

Generation = 4, Population = 21.
......
*.....
*...*.
*...*.
...***
.**..*
****.*
*****.
......
......
......
......
......
......
......
......

Generation = 8, Population = 20.
......
......
......
.**...
*..*..
.****.
.**.**
....**
.*.**.
..**..
..*...
......
......
......
......
......

Generation = 12, Population = 5.
......
......
......
......
......
**....
......
......
...*..
..*.*.
......
......
......
......
......
......

*** Life<ConwayCell> 29x19 ***

Generation = 0, Population = 82.
........*..*.......
**......*.*.*.*....
.............*.....
......*.*.........*
.*.................
..*................
*.......*...*...*..
.........*..*..*.*.
.*.......*..*.....*
........****.....*.
...*.*...*..*.....*
..*..........*.....
..*.*....*.....*...
.....*.*.*.........
.......*.*.........
.........***.....*.
...................
.*............*....
.*......*....*.....
..............*....
................*..
*........*.......*.
*..*..*......**...*
.*........*.......*
.*........*...*.*..
.............*....*
........*.*........
*.......*..........
.........*...*.....

Generation = 1, Population = 62.
.........*.*.......
.........*.***.....
.......*.*...*.....
...................
...................
.*.................
................*..
........**.***..**.
............*...***
........*..**....**
........**.**......
..*.*..............
...*....*..........
......*..**........
......*..*.........
........***........
..........*........
...................
.............**....
...................
...................
.................*.
**...............**
***..........***.*.
.................*.
.........*.........
.........*.........
........*..........
...................

Generation = 2, Population = 58.
...........*.......
.........*.*.*.....
........*.*..*.....
...................
...................
...................
............*...**.
...........***.*..*
........***........
........***..*..*.*
........*****......
...*....**.........
...*.....*.........
.......****........
.......*...........
........*.*........
..........*........
...................
...................
...................
...................
.................**
*.*...........*..**
*.*...........*..*.
.*............*.*..
...................
........**.........
...................
...................

*** Life<ConwayCell> 12x11 ***

Generation = 0, Population = 77.
*.*.*..***.
*..*****.**
*.*..**....
*......*.**
**.*.**...*
**.*.***.**
*.**..*****
*.*..*...*.
.*.*.***.**
*.*..*.****
*.*.****..*
**.****.*.*

Generation = 17, Population = 24.
.***.......
*.*.*......
**.***.....
*.*..*.....
.**........
..**.......
...........
...........
...*.......
..*.*......
..*.*......
...*.......

*** Life<ConwayCell> 13x10 ***

Generation = 0, Population = 71.
*..***.***
.**.*...**
*..****.**
**.*.**.*.
*.*.*.*.**
..**..*...
**.*..**.*
.***.....*
*..**....*
.**..*****
...*.****.
.**..*...*
.*.******.

Generation = 8, Population = 42.
..****....
.*....**..
*..*****..
.*.**.*...
***.......
**.....*.*
*.**.....*
*........*
**....*...
.**.......
..*.......
...*..*.**
...*..*...

*** Life<ConwayCell> 4x23 ***

Generation = 0, Population = 2.
.......*...............
.......................
.......................
..............*........

Generation = 1, Population = 0.
.......................
.......................
.......................
.......................

Generation = 2, Population = 0.
.......................
.......................
.......................
.......................

Generation = 3, Population = 0.
.......................
.......................
.......................
.......................

Generation = 4, Population = 0.
.......................
.......................
.......................
.......................

Generation = 5, Population = 0.
.......................
.......................
.......................
.......................

Generation = 6, Population = 0.
.......................
.......................
.......................
.......................

Generation = 7, Population = 0.
.......................
.......................
.......................
.......................

*** Life<ConwayCell> 6x6 ***

Generation = 0, Population = 18.
.*.*.*
.**.*.
*....*
..*.**
*.*..*
*.*.**

Generation = 12, Population = 13.
.*.*..
*...*.
*....*
.....*
*.****
.*....

*** Life<ConwayCell> 5x7 ***

Generation = 0, Population = 3.
*......
.....*.
.......
.......
*......

Generation = 19, Population = 0.
.......
.......
.......
.......
.......

*** Life<ConwayCell> 2x25 ***

Generation = 0, Population = 2.
.........................
.......*.......*.........

Generation = 14, Population = 0.
.........................
.........................

*** Life<ConwayCell> 1x27 ***

Generation = 0, Population = 9.
.**...*........****...*..*.

Generation = 3, Population = 0.
...........................

Generation = 6, Population = 0.
...........................

Generation = 9, Population = 0.
...........................

Generation = 12, Population = 0.
...........................

Generation = 15, Population = 0.
...........................

*** Life<ConwayCell> 15x3 ***

Generation = 0, Population = 16.
**.
..*
.**
.**
*..
.*.
...
...
**.
..*
...
...
.**
**.
...

Generation = 3, Population = 6.
...
...
...
...
...
...
...
...
...
...
...
.*.
*.*
*.*
.*.

*** Life<ConwayCell> 2x10 ***

Generation = 0, Population = 12.
....******
.*..**.***

Generation = 1, Population = 4.
....*....*
....*....*

Generation = 2, Population = 0.
..........
..........

Generation = 3, Population = 0.
..........
..........

Generation = 4, Population = 0.
..........
..........

Generation = 5, Population = 0.
..........
..........

Generation = 6, Population = 0.
..........
..........

Generation = 7, Population = 0.
..........
..........

Generation = 8, Population = 0.
..........
..........

Generation = 9, Population = 0.
..........
..........

Generation = 10, Population = 0.
..........
..........

Generation = 11, Population = 0.
..........
..........

Generation = 12, Population = 0.
..........
..........

*** Life<ConwayCell> 26x30 ***

Generation = 0, Population = 104.
*...**........*.........*.....
.......*..................*...
........*..........*.......*.*
..............**........*.....
.*...*................*..*....
....*...*......*..............
.............*....*.....*.....
..............*.....*........*
.........*....*....*..........
........*......*......**......
**.*......***.*...............
..........*...*..........*..*.
.....*...*......*.......*.....
......*........*....*...*.*...
*........***.*....*........*..
**....*.............*.....*...
*....*......*..............*..
..*...........**....**...*...*
...................*...**.....
*.*.................*.........
*..................*..*.......
.*.........*...............*..
..................**.*.......*
..**.....*...*........*.*.....
...*...................*......
.*..............*.*...........

Generation = 1, Population = 67.
..............................
..............................
..............................
..............................
..............**..............
..............................
..............*...............
.............**....*..........
..............**..............
.........***.***..............
.........***.***..............
.........**..*.*..............
...............*........*.....
.........*...............*....
**........*........*.....***..
**........***.............**..
*...................**....*...
....................*...*.....
.*.................*.*..*.....
.*.................**..*......
*.............................
..................***.........
..*...........................
..**..................**......
...*...................*......
..............................

Generation = 2, Population = 63.
..............................
..............................
..............................
..............................
..............................
..............**..............
.............**...............
.............*................
..........*.*.................
.........*.*....*.............
........*.......*.............
.........*.***.**.............
.........**...*...............
........................**....
**.......**..............*.*..
..........**........*.........
**.........*........**...***..
...................*.....*....
...................*.*.**.....
**.................**.........
..................*...........
...................*..........
..**...............*..........
..**..................**......
..**..................**......
..............................

Generation = 3, Population = 80.
..............................
..............................
..............................
..............................
..............................
.............***..............
.............*.*..............
............***...............
..........***.................
.........***..................
........**.*....**............
........**.******.............
.........*******..............
........................***...
.........***............***...
.........*.*........**...*.*..
..........**.......***...**...
...................*.**..*....
..................**....*.....
..................***.........
..................*.*.........
..................**..........
..**..........................
.*..*.................**......
..**..................**......
..............................

Generation = 4, Population = 55.
..............................
..............................
..............................
..............................
..............*...............
.............*.*..............
...............*..............
..............*...............
.........*....................
........*.....................
.............**.**............
.................*............
........**......*........*....
.............**.........*.*...
.........*.*...............*..
.........*..*......*.*.....*..
..........**.......*....**....
.....................**.***...
.....................*........
.................*..*.........
.................*..*.........
..................**..........
..**..........................
.*..*.................**......
..**..................**......
..............................

Generation = 5, Population = 54.
..............................
..............................
..............................
..............................
..............*...............
...............*..............
...............*..............
..............................
..............................
..............................
................**............
...............*.*............
.........................*....
........***..............**...
..........*.**............**..
.........*..*.......*.....*...
..........**.........****.....
....................*****.*...
....................***..*....
....................**........
.................*..*.........
..................**..........
..**..........................
.*..*.................**......
..**..................**......
..............................

Generation = 6, Population = 50.
..............................
..............................
..............................
..............................
..............................
..............**..............
..............................
..............................
..............................
..............................
................**............
.................*............
.........*...............**...
.........***.............*.*..
........*.*.**.............*..
.........*..**.......***.***..
..........**............*.....
..............................
...................*....**....
...................*..*.......
..................*.**........
..................**..........
..**..........................
.*..*.................**......
..**..................**......
..............................

Generation = 7, Population = 56.
..............................
..............................
..............................
..............................
..............................
..............................
..............................
..............................
..............................
..............................
................**............
................**............
.........*...............**...
........*..**............*.*..
........*....*........*.**.**.
.........*...*........******..
..........***.........*****...
........................**....
..............................
..................**.*........
..................*.**........
..................***.........
..**..........................
.*..*.................**......
..**..................**......
..............................

Generation = 8, Population = 48.
..............................
..............................
..............................
..............................
..............................
..............................
..............................
..............................
..............................
..............................
................**............
................**............
.........................**...
........**..*..............**.
........**...*........*.....*.
.........***.*.......*......*.
..........***.........*....*..
...........*..............*...
..............................
..................**.*........
.................*...*........
..................*.**........
..**...............*..........
.*..*.................**......
..**..................**......
..............................

Generation = 9, Population = 49.
..............................
..............................
..............................
..............................
..............................
..............................
..............................
..............................
..............................
..............................
................**............
................**............
..........................**..
........**................***.
...........*.*..............**
........*....*.......**....**.
.........*.................*..
..........***.................
..............................
..................*.*.........
.................*...**.......
..................****........
..**...............****.......
.*..*.................**......
..**..................**......
..............................

Generation = 10, Population = 40.
..............................
..............................
..............................
..............................
..............................
..............................
..............................
..............................
..............................
..............................
................**............
................**............
..........................*.*.
..........................*..*
........**..*.............*..*
............*..............*.*
.........****..............**.
..........**..................
...........*..................
.....................*........
.................*....*.......
..................*...........
..**..............*....*......
.*..*...............*.........
..**..................**......
..............................

Generation = 11, Population = 36.
..............................
..............................
..............................
..............................
..............................
..............................
..............................
..............................
..............................
..............................
................**............
................**............
...........................*..
.........................**.**
..........................**.*
........*...**............**.*
.........*..*..............**.
.........*....................
..........**..................
..............................
..............................
.................**...........
..**...............*..........
.*..*.................**......
..**..........................
..............................

Generation = 12, Population = 31.
..............................
..............................
..............................
..............................
..............................
..............................
..............................
..............................
..............................
..............................
................**............
................**............
..........................***.
.........................*...*
.............................*
............**...............*
........**..**............***.
.........*.*..................
..........*...................
..............................
..............................
..................*...........
..**..............*...........
.*..*.........................
..**..........................
..............................

Generation = 13, Population = 36.
..............................
..............................
..............................
..............................
..............................
..............................
..............................
..............................
..............................
..............................
................**............
................**.........*..
..........................***.
..........................**.*
............................**
............**.............*.*
........****.*.............**.
........**.**..............*..
..........*...................
..............................
..............................
..............................
..**..........................
.*..*.........................
..**..........................
..............................

Generation = 14, Population = 35.
..............................
..............................
..............................
..............................
..............................
..............................
..............................
..............................
..............................
..............................
................**............
................**........***.
..............................
..........................*..*
..........................*..*
.........*****.............*.*
........*....*............**..
........*...*..............**.
.........***..................
..............................
..............................
..............................
..**..........................
.*..*.........................
..**..........................
..............................

Generation = 15, Population = 41.
..............................
..............................
..............................
..............................
..............................
..............................
..............................
..............................
..............................
..............................
................**.........*..
................**.........*..
..........................*.*.
..............................
..........***.............**.*
.........*****.............*..
........*.*..*............*...
........*.***.............***.
.........***..................
..........*...................
..............................
..............................
..**..........................
.*..*.........................
..**..........................
..............................

Generation = 16, Population = 38.
..............................
..............................
..............................
..............................
..............................
..............................
..............................
..............................
..............................
..............................
................**............
................**........***.
...........................*..
...........*..............*.*.
.........*...*............***.
.............*.............**.
........*....*............*.*.
........*...*.............**..
............*..............*..
.........***..................
..............................
..............................
..**..........................
.*..*.........................
..**..........................
..............................

Generation = 17, Population = 39.
..............................
..............................
..............................
..............................
..............................
..............................
..............................
..............................
..............................
..............................
................**.........*..
................**........***.
..............................
..........................*.*.
............*.............*..*
............***..............*
............**............*.*.
............**............*.*.
.........**.*.............**..
..........**..................
..........*...................
..............................
..**..........................
.*..*.........................
..**..........................
..............................

Generation = 18, Population = 42.
..............................
..............................
..............................
..............................
..............................
..............................
..............................
..............................
..............................
..............................
................**........***.
................**........***.
..........................*.*.
...........................*..
............*..............***
...........*..*............***
...........*................**
.........................**.*.
.........**.**............**..
..............................
..........**..................
..............................
..**..........................
.*..*.........................
..**..........................
..............................

Generation = 19, Population = 36.
..............................
..............................
..............................
..............................
..............................
..............................
..............................
..............................
..............................
...........................*..
................**........*.*.
................**.......*...*
..........................*.*.
..........................*..*
..........................*..*
...........**.................
..........................*...
..........***............**.**
.........................***..
.........*..*.................
..............................
..............................
..**..........................
.*..*.........................
..**..........................
..............................

Generation = 20, Population = 39.
..............................
..............................
..............................
..............................
..............................
..............................
..............................
..............................
..............................
...........................*..
................**........***.
................**.......**.**
.........................*****
.........................**.**
..............................
..............................
..........*..............***..
...........*................*.
..........*.*............*.**.
..........................*...
..............................
..............................
..**..........................
.*..*.........................
..**..........................
..............................

*** Life<ConwayCell> 16x21 ***

Generation = 0, Population = 71.
...*....*.....*......
....................*
.......*..*.*.*...**.
*..**..*.*...**......
...*..*..............
......*.***....*.....
*.*..*......***.*....
..*...........*.**.*.
........**...**......
...**..*.**..........
*.....*...*..*.**....
..**........*......**
..........*..*.*..*..
...*.**..............
.......*......***.*..
*........*..*........

Generation = 3, Population = 49.
.....................
.....................
.......***...***.....
.......***...***.....
..............**.....
.......*..*..........
..........*.....**...
........*.*.....*....
........*.*.....*....
........*......*.....
...*.......*.*.**....
...*.......*****.*...
..**.......**...**...
....*..........***...
.....................
.....................

*** Life<ConwayCell> 14x14 ***

Generation = 0, Population = 109.
***......****.
*..***..**.*.*
*..**.***..**.
..**.*********
*.***.**...*.*
**..****.*.**.
..****.*.**.*.
*.**.*...*****
***..*...****.
.*..*.***..**.
****.**.*.*.*.
.***...**.****
.**....*..*..*
*....*...*....

Generation = 1, Population = 46.
*****...**.**.
*....**......*
.*............
.........*...*
*............*
*........*...*
*......*......
*....*.......*
*....*.*......
....*...*....*
*....*....*...
....*...*.*..*
*..*..**..*..*
.*............

Generation = 2, Population = 36.
******......*.
*..***......*.
..............
..............
............**
**............
**............
**............
....***.......
....***.......
....**........
....****..**..
.......*.*....
..............

Generation = 3, Population = 26.
***..*........
*....*........
....*.........
..............
..............
**............
..*...........
**...*........
....*.*.......
...*..........
...*...*......
....*..**.*...
.....*.**.*...
..............

Generation = 4, Population = 21.
**............
*...**........
..............
..............
..............
.*............
..*...........
.*...*........
....**........
...**.........
...**..**.....
....*.........
......***.....
..............

Generation = 5, Population = 17.
**............
**............
..............
..............
..............
..............
.**...........
....**........
...*.*........
..............
.....*........
...****.......
.......*......
.......*......

Generation = 6, Population = 18.
**............
**............
..............
..............
..............
..............
..............
..****........
.....*........
....*.........
.....**.......
....***.......
....**.*......
..............

Generation = 7, Population = 15.
**............
**............
..............
..............
..............
..............
...**.........
...***........
.....*........
....*.*.......
......*.......
.......*......
....*.........
..............

Generation = 8, Population = 14.
**............
**............
..............
..............
..............
..............
...*.*........
...*.*........
...*..*.......
......*.......
.....***......
..............
..............
..............

Generation = 9, Population = 15.
**............
**............
..............
..............
..............
..............
..............
..**.**.......
....***.......
..............
.....***......
......*.......
..............
..............

Generation = 10, Population = 17.
**............
**............
..............
..............
..............
..............
..............
...*..*.......
...**.*.......
....*..*......
.....***......
.....***......
..............
..............

Generation = 11, Population = 19.
**............
**............
..............
..............
..............
..............
..............
...***........
...**.**......
...**..*......
....*...*.....
.....*.*......
......*.......
..............

Generation = 12, Population = 24.
**............
**............
..............
..............
..............
..............
....*.........
...*.**.......
..*...**......
......***.....
...******.....
.....***......
......*.......
..............

Generation = 13, Population = 19.
**............
**............
..............
..............
..............
..............
....**........
...*****......
........*.....
...**.........
....*.........
........*.....
.....***......
..............

*** Life<ConwayCell> 20x26 ***

Generation = 0, Population = 9.
..........................
..........................
..............*...........
........................*.
..........................
.....*....................
.............*............
..........................
..........................
..*.......................
..........................
.......................*..
........................*.
..........................
....................**....
..........................
..........................
..........................
..........................
..........................

Generation = 3, Population = 0.
..........................
..........................
..........................
..........................
..........................
..........................
..........................
..........................
..........................
..........................
..........................
..........................
..........................
..........................
..........................
..........................
..........................
..........................
..........................
..........................

*** Life<ConwayCell> 27x13 ***

Generation = 0, Population = 97.
.*.*..*......
.*..*.**.....
**.****......
*....**....*.
..**....*..**
.*...........
*..*..***....
.............
*....*.*..*..
..**......*..
*..........*.
**.****....*.
..*..*...*.*.
.........*.*.
..*...*...**.
..*.......*.*
.....**...***
*...*.......*
...*.....*...
......**.....
....**...**.*
*....*...*...
.*.*...*.....
*..*.......*.
***.......**.
*.**...*.*.*.
...**.......*

Generation = 5, Population = 76.
.............
.***....*....
*..*..*.*....
*...***.*..**
*.**..*....**
*.**.........
.*...........
.............
.............
.............
.............
**...........
**...........
.........*.*.
........*..*.
........*..*.
.....*.****..
....*.****.*.
...**.*......
.......**....
.............
**....*......
**...*......*
**.*..**..*..
**.......***.
*****........
**...........

Generation = 10, Population = 66.
**.....*.....
*......*.....
**........**.
*.....*.*.*..
*..*....*..*.
*..**...*....
.******......
.............
.............
.............
.............
**...........
**........***
.........*.**
.........*...
..........***
..........***
....*........
..**.........
......**.....
.............
.....*.......
.....***.....
....*..*.....
....***..*..*
........**..*
.........***.

Generation = 15, Population = 41.
.............
.............
.............
.............
**.*.****....
*..*.*.......
**.*..*......
.....*.......
.............
.............
.............
**...........
**...........
.......*.*...
.......*..*..
.......*.*...
.............
.............
.............
.............
.....*.......
....***......
..***........
..***........
...*.........
....*....*.*.
.........*.*.

*** Life<ConwayCell> 19x4 ***

Generation = 0, Population = 42.
*.**
**..
*..*
.*.*
..*.
.**.
****
*.**
.***
...*
.*..
**..
**..
.*..
****
*.**
*..*
**..
*..*

Generation = 1, Population = 29.
*.*.
*..*
*...
.*.*
...*
*...
*...
*...
.*..
.*.*
***.
..*.
..*.
....
*..*
*...
*..*
***.
**..

Generation = 2, Population = 25.
.*..
*...
***.
..*.
..*.
....
**..
**..
***.
....
*..*
..**
....
....
....
**..
*.*.
..*.
*.*.

Generation = 3, Population = 24.
....
*.*.
*.*.
..**
....
.*..
**..
....
*.*.
*.*.
..**
..**
....
....
....
**..
*.*.
..**
.*..

Generation = 4, Population = 21.
....
....
..*.
.***
..*.
**..
**..
*...
....
..*.
....
..**
....
....
....
**..
*.**
..**
..*.

Generation = 5, Population = 20.
....
....
.***
.*.*
*..*
*.*.
....
**..
....
....
..**
....
....
....
....
***.
*..*
....
..**

Generation = 6, Population = 18.
....
..*.
.*.*
**.*
*..*
.*..
*...
....
....
....
....
....
....
....
.*..
***.
*.*.
..**
....

Generation = 7, Population = 19.
....
..*.
**.*
**.*
*...
**..
....
....
....
....
....
....
....
....
***.
*.*.
*...
.***
....

Generation = 8, Population = 17.
....
.**.
*..*
....
..*.
**..
....
....
....
....
....
....
....
.*..
*.*.
*.*.
*..*
.**.
..*.

Generation = 9, Population = 19.
....
.**.
.**.
....
.*..
.*..
....
....
....
....
....
....
....
.*..
*.*.
*.**
*..*
.***
.**.

Generation = 10, Population = 18.
....
.**.
.**.
.**.
....
....
....
....
....
....
....
....
....
.*..
*.**
*.**
*...
*..*
.*.*

Generation = 11, Population = 20.
....
.**.
*..*
.**.
....
....
....
....
....
....
....
....
....
.**.
*..*
*.**
*.**
***.
..*.

Generation = 12, Population = 14.
....
.**.
*..*
.**.
....
....
....
....
....
....
....
....
....
.**.
*..*
*...
*...
*...
..*.

Generation = 13, Population = 15.
....
.**.
*..*
.**.
....
....
....
....
....
....
....
....
....
.**.
*.*.
**..
**..
.*..
....

Generation = 14, Population = 14.
....
.**.
*..*
.**.
....
....
....
....
....
....
....
....
....
.**.
*.*.
..*.
..*.
**..
....

Generation = 15, Population = 14.
....
.**.
*..*
.**.
....
....
....
....
....
....
....
....
....
.**.
..**
..**
..*.
.*..
....

Generation = 16, Population = 13.
....
.**.
*..*
.**.
....
....
....
....
....
....
....
....
....
.***
....
.*..
.***
....
....

Generation = 17, Population = 13.
....
.**.
*..*
.**.
....
....
....
....
....
....
....
....
..*.
..*.
.*..
.*..
.**.
..*.
....

*** Life<ConwayCell> 11x25 ***

Generation = 0, Population = 15.
...*....*................
.....***.................
.........................
.............*.....*.....
.....**..................
.........................
..*......................
............*............
..........*......*.......
...*.....................
.*.......................

Generation = 1, Population = 5.
......**.................
......**.................
......*..................
.........................
.........................
.........................
.........................
.........................
.........................
.........................
.........................

*** Life<ConwayCell> 30x19 ***

Generation = 0, Population = 87.
.*..*.......*......
..........*...**...
*..*........*......
......*.*....*.....
.*..............*..
...**.......*......
..*..*.*...........
....*..*...........
............*......
...........*.......
*.*................
..*.*..*...........
...........*..*....
.........**..*.*.*.
....*........*....*
............*..*...
.*..*....*....**.*.
......*.....*.*..*.
............*......
...*...*...*..*....
.*...*....*..*.....
........*.**......*
.**........*.......
*.*......*.*.*.....
........*......*...
*..................
.......*..*..*...**
......*..*..*......
........*.*........
..........*....*...

Generation = 2, Population = 52.
...................
............***....
............***....
...................
...*...............
...***.............
...****............
.....**............
...................
...................
...................
...................
...........*.*.....
............*.*....
...........*...**..
............**..*..
.............*.....
.............**.*..
...........*..**...
.............*.....
.........*.........
.**.....*...*......
...*.....*.........
..*.......**.......
...................
...................
........***........
........**.*.......
...........*.......
..........*........

Generation = 4, Population = 36.
.............*.....
............*.*....
............*.*....
.............*.....
...................
..**...............
...................
...................
...................
...................
...................
...................
...........*.......
...........*....*..
...........*.......
............**.....
...............**..
............***....
............*.*....
...................
...................
..*.....**.........
..*.....*..*.......
.........***.......
...................
.........*.........
........*.*........
........*..*.......
..........*........
...................

*** Life<ConwayCell> 6x28 ***

Generation = 0, Population = 65.
*....*..**.**.***.*....*....
...**......*...**.*.*....*.*
*****.*.*.**..***.****....*.
..*..*..*.*..*......****....
******.....*....*......**.*.
....*..*.....*...*...***...*

Generation = 15, Population = 15.
............................
..................*.....*...
..................*....*.*..
.................*.*...*.*..
................*.*.....*...
................***.........

*** Life<ConwayCell> 6x30 ***

Generation = 0, Population = 95.
.*..******...***...*.*.****...
**.****..*..*.*.*...**.**.**..
...**.*....**.*****..*..*..*..
...***..**..*.***.*.**.*.****.
***.*.*.*.******.....*.*.*..**
..*.****..*...***...****...***

Generation = 2, Population = 57.
*.*.....**.****.....*.*...**..
*.....*.......*...***.*...**..
**....*.....*....*...**.......
.**...*.....*....*..*.*.......
.***.**...*......*.....*.**.*.
.***...****.........*.***.....

Generation = 4, Population = 48.
............***.....**....**..
*......*......*...***.**..**..
.*...*..*...*...*.......*.....
.*.*....*.***...***...***.....
..*........*.....*.......*....
...**.*.*.**...........***....

Generation = 6, Population = 50.
.............***...**.**.*.*..
.*......*...*...*..*...*...*..
***.....***.*...**.***........
*..*...*.*****....*...**..*...
..**.....*......*.*.......*...
...*.............*......**....

Generation = 8, Population = 44.
.*..........*****.....*.*.....
*.*.........*.*..*............
*.**.......*.......*...**.....
....*...*..***..*.*.....*.....
.*..*......***....**.*****....
..*.*...................**....

Generation = 10, Population = 41.
.**........**.*.*.............
...*.......**.*.*......**.....
....*.....**.*..*.**...**.....
.**.**....**....*......*......
..*.**.....*.*...*.*.*........
....*.......*.....*...........

Generation = 12, Population = 32.
..**..........................
.**.*.......**.*.......*......
....*...........**...**.......
................*.**.***......
.*..*......*.....**....*......
..***......*.....**...........

Generation = 14, Population = 25.
.*.*..........................
.*..*..........**....*........
..**...........*..*...........
...*..............**.*........
..*.*...........*.***.*.......
..*.*............*............

Generation = 16, Population = 28.
..............................
.*..*..........*..**..........
..*.**.........*.****.........
..*.**..........***..*........
...*..............****........
..................***.........

Generation = 18, Population = 22.
....*.........................
..***...........*.............
.**..*.........*.*..**........
.**.*...............**........
...**...............***.......
..............................

Generation = 20, Population = 22.
...***........................
...***........................
.***..*.............*.........
..*..*.............*..........
..****..............**........
...*.................*........

*** Life<ConwayCell> 1x9 ***

Generation = 0, Population = 6.
*.**.***.

Generation = 2, Population = 0.
.........

Generation = 4, Population = 0.
.........

Generation = 6, Population = 0.
.........

Generation = 8, Population = 0.
.........

Generation = 10, Population = 0.
.........

Generation = 12, Population = 0.
.........

Generation = 14, Population = 0.
.........

*** Life<ConwayCell> 19x21 ***

Generation = 0, Population = 152.
..*....*..*....*....*
.*.*.*...*..**..***.*
.****...***.***..**..
........*.*...****.**
......*.*....*...**.*
.*.....*..*......**.*
*..**.*.*...***...*..
..**.....*.*.*.*.*.**
....**.....***.**...*
*..*.*...*.*..*.**.**
**...*....*****...*.*
*...**..*.......*.*.*
..*..*.*.........*...
**...*.***.**..*.*...
**....***.**.........
*..*..**..*....*..*..
...*.*....*........*.
...*.*.*.***..**..***
**.*.*..***..*.*.....

Generation = 2, Population = 130.
...............****..
.*.*.......*...**.**.
.*.**.....*.**.**..*.
..***..**.*.****...**
........*.*.*.**.....
....***.....*........
..******......*.***.*
.**.*...*......******
..*..**...***.......*
*.*.*.........***.*..
..........*...***.*..
*...*...**....*...*..
*....*..*....*...**..
....**..*.***...*....
*.*..**..**.*........
.....*.***.....*.....
.....*.***....**....*
...*.*..*.......*.*.*
..............**..***

Generation = 4, Population = 102.
..................**.
..........**.......*.
..*.*...***.......***
.......**.**.........
........**.*...**....
.......*.......**....
.**............**....
.*.*...............**
.*****....*****....**
.*.*.*....*.***..****
....*...***.*...*...*
.......*...*..***....
......*...*.....*..*.
......***.*......**..
....**.....**.*......
....**.......**.*....
.......**.....*...**.
.....****.....*.....*
.......**.........*..

Generation = 6, Population = 91.
.....................
....................*
.......**.**......***
.......*..*.......***
........*.*....**....
..............*..*...
.*..........*...*....
*.*........***..*....
**.........**...*.**.
**..**....**.*******.
.......*****......**.
............*..**.**.
......*....*....*.*..
.....**.....*..*..*..
....*..**.***.*****..
...**.**...**.*......
....*........*.......
........**...........
.....................

Generation = 8, Population = 80.
.....................
........***..........
.......*****.....**..
.......*...*.........
...................*.
.....................
.*..........*.**.*...
..*.........*.**.*...
*.*..........*.......
.*......**...***...**
............**.......
......**.*****.***...
.....*..***...*.*.**.
......**.**.*.*.*..*.
...*....*.*...*.*..*.
..*...*....*..*.*.*..
...*.*..**...*.......
....*................
.....................

*** Life<ConwayCell> 22x22 ***

Generation = 0, Population = 61.
..............*.**....
...*.....*............
.............*........
..*..........**.*..*.*
.......*.*............
............*..*.*....
....*....**.....*...*.
...*..*....**.*.....*.
...*..................
..................*...
..............**......
...........*..*.......
....*.........*.......
......................
...*..................
...*..................
.............**.......
.....*....*.*...*.....
......................
...*.**.**...*........
.......*......*.....**
**......*...*.**..*...

Generation = 6, Population = 29.
......................
......................
......................
.........*...**.......
........*.**..........
.......*...*...*......
........*.*.*..*......
..........***.........
............*.*.......
...........*..........
...............*......
.............*.*......
..............*.......
......................
......................
......................
......................
......................
....*.*...............
.....**...............
.....**...............
......................

*** Life<ConwayCell> 28x20 ***

Generation = 0, Population = 63.
*.........*.....*...
*.........*.....**..
.............*......
..........*......*..
....................
**.......**....*....
......*.........*...
..*.......*.........
.*......*........*.*
..**................
..........*.........
..*....*.*.....*....
*.*..*.*............
....*...............
*....*........*.....
.*..*...*.........*.
....................
....................
......*......****...
.......*............
...............*....
....*.*.....*.......
....................
.*..................
......**...*........
....**..............
................*..*
.......*.**.........

Generation = 19, Population = 37.
................**..
...............*..*.
................**..
....................
....................
....................
....................
..*.................
.*.*................
*..*................
.**........*........
............**......
.............**.....
...*...........*....
...**.....*****.....
.............*......
....................
..............**....
..............*.*...
...............*....
....................
....................
....................
....................
.....**.............
.....**.............
....................
....................

*** Life<ConwayCell> 27x10 ***

Generation = 0, Population = 52.
..........
....*..*..
..*..*..**
..........
*.***...**
.*....*...
...*......
..***.....
.**.*.....
*......*..
*.*.*.....
.*........
.*........
...*......
....*.....
...*.**..*
........*.
.*.*......
*.*.*.....
*...*.....
........**
...*......
**....*..*
..........
.......**.
.....*....
..........

Generation = 20, Population = 12.
..........
..........
..........
..........
..........
..........
..........
..........
..........
..........
..........
..........
..........
..........
..........
..........
.***......
..*.......
..*.......
.....**...
..*.......
..*.......
.***......
..........
..........
..........
..........

*** Life<ConwayCell> 29x28 ***

Generation = 0, Population = 23.
............................
............................
............................
............................
............................
................*...........
....................*.......
............................
........................*...
............*...............
............................
.....................*......
*...........................
......................*.....
............................
............................
...........*................
............................
........*......*............
............................
.......*...................*
...........*..............*.
.*..........................
.....*......*......*.*......
.......*....................
............................
............................
........*.............*.....
...........................*

Generation = 7, Population = 0.
............................
............................
............................
............................
............................
............................
............................
............................
............................
............................
............................
............................
............................
............................
............................
............................
............................
............................
............................
............................
............................
............................
............................
............................
............................
............................
............................
............................
............................

