*** Life<FredkinCell> 20x25 ***

Generation = 0, Population = 60.
----------00-------------
-----0----0---0-----0----
-------------00--0-------
00-0----0-----0----------
0-----------------0------
-0-----------------------
------------0---0-----0--
------------0-----------0
0-0--00------0----0-----0
----0--------0---0-0----0
----0------0----0--------
-------------0-0---0-----
-0----------------0------
--------------------0----
-----------00-----0------
----0--------------------
-----0--------0--0--0----
--------0----0-----------
0--------------0----0---0
------0------0--------0--

Generation = 3, Population = 229.
00------1---2-20------0--
-10---0--0-0-03-101--0-0-
--00--00-0--21-0---1--0--
---100-0--00-03-1-0-100--
-01---0-0--01-20--001--00
-10--000-0002-10-00---00-
00-0-1100010-20----0-00-0
0-0-1-000010--1---0-00-01
-----1-2100-11--10-----0-
0-2-1---000223010----110-
11------0-0-0--0-0--0-002
00--2----00--------121001
--0110------------1-2-0-0
-0--1----00--1----12-0-0-
0--------1211-0-1---0-0--
0------0--00010--00-200-0
-0---------10----002--1--
--0----0-01--10---00-010-
---00-----0-0-20-0--10-01
0-00-0-0--0-00--0-002---2

Generation = 6, Population = 223.
--0-00022---30-1-2-1100--
-10012-01-21--3-4-2-0----
----00---3-2-421103---31-
03----111-3-104--0111-0-2
2--1--300--3-0310---21--1
0----0101-31-241-3--011--
1-0--2---1--1-3--0-0--1--
-20020--102110--2--2---1-
0-0---13-----22--310----0
-23-2-20-3032-1-1----44--
-1--2-1---1--01-200------
011-3-11--01-01-1----1-32
--3-2--11--10-11---0----3
0-1-4-1-21010-11--23-0000
-10---0--2--22---2---03--
3-0-1----01-0---0--0-03-0
--0--------2----1---0-21-
1------113---212-0--0----
----1-1--0--------0------
1---2-01--------0-10-----

*** Life<FredkinCell> 28x3 ***

Generation = 0, Population = 52.
00-
-0-
0-0
--0
000
--0
000
0--
-00
0-0
--0
000
00-
00-
-0-
00-
-00
000
000
000
--0
---
0--
0-0
-0-
000
-00
0-0

Generation = 1, Population = 47.
1-0
01-
-01
---
1-1
-0-
---
10-
01-
-0-
---
-1-
11-
-10
0-0
11-
01-
--1
1-1
-11
0-1
0-0
100
10-
010
1--
0-1
-01

Generation = 2, Population = 41.
20-
--0
--2
00-
-0-
---
0--
--0
-20
-10
---
-20
22-
0--
1-1
2--
---
--2
-0-
022
10-
-0-
21-
210
121
---
102
-1-

Generation = 3, Population = 38.
31-
0-1
0-3
1--
-11
00-
-00
1-1
0-1
0--
---
--1
---
--0
---
310
0-0
---
-11
--3
-1-
0-0
-2-
3--
-3-
---
213
-2-

Generation = 4, Population = 42.
-2-
-12
--4
2--
1-2
110
0--
20-
--2
110
0-0
-2-
---
-1-
10-
---
111
00-
12-
-24
--1
---
2--
-1-
--1
1-0
324
-3-

Generation = 5, Population = 37.
33-
0--
0-5
30-
-13
2--
-00
-1-
-23
--1
1-1
---
---
-20
2-1
--0
-22
11-
-3-
---
--2
0-0
---
---
1-2
20-
-3-
-4-

Generation = 6, Population = 41.
-40
--2
-0-
--0
1-4
-1-
--1
2-1
0--
1--
--2
0-1
-20
-3-
-0-
3--
---
22-
-41
-24
113
--1
2-0
3-0
23-
---
--4
051

Generation = 7, Population = 44.
35-
-13
0-5
3-1
-15
--0
0-2
3-2
-23
211
-03
-2-
---
0--
-11
---
-2-
3--
-5-
-35
224
---
3--
-11
-4-
200
3-5
1--

Generation = 8, Population = 42.
4--
0--
10-
40-
-26
2--
1--
41-
0-4
3-2
-1-
03-
22-
--0
-22
--0
--2
-2-
-6-
-4-
33-
-01
--0
--2
--2
-1-
-36
251

*** Life<FredkinCell> 2x4 ***

Generation = 0, Population = 6.
0000
00--

Generation = 4, Population = 5.
-10-
0-01

Generation = 8, Population = 5.
0--5
-203

*** Life<FredkinCell> 4x17 ***

Generation = 0, Population = 16.
--00-0--0-0-0----
------0-0----0--0
-00--------------
-0---0---00------

Generation = 5, Population = 28.
-02-3--42100-03-2
02-0---0--0-02--3
------2--0-------
0--0--20-5--11---

Generation = 10, Population = 30.
1-3--225----0--15
-321---35---2-12-
-2--2--15---20---
1-20-----7--322-0

*** Life<FredkinCell> 29x9 ***

Generation = 0, Population = 42.
--------0
00---0--0
-00------
---0-0---
---------
---------
--00----0
--000----
----0----
------0--
---------
--0------
0-----0-0
--------0
------0--
---------
--0----0-
-----0---
---------
0--0---0-
0----0---
----0----
--0-0-00-
--0------
--0---0--
---------
---0-----
------0--
--------0

Generation = 5, Population = 119.
------301
--1-0----
----11--1
--21-----
0-0-1-0-3
----11101
-2-0-1110
0--312211
---1--2-1
-02-----0
101--04--
--22-----
1040-0--2
---0-2-0-
003-00---
1---01010
3--21----
----2--01
---0-20--
-112210--
-1111041-
------12-
00----3--
--0-00020
-0---11--
---02---0
-1--1-2-3
---0-01-4
-02-101-0

*** Life<FredkinCell> 15x16 ***

Generation = 0, Population = 62.
-000-0--0-------
-0-----0-0------
0--0--0-----0---
-0-------0---0--
---0--00-0-0--0-
--0-00--0------0
0--000-0--00-0--
-00----0--0-----
--0---0-------00
-------------0--
0--------------0
0-00------------
-0----0-000-0---
-----0------0---
-----00--0--000-

Generation = 1, Population = 96.
0--1--0---------
-1---0--0-0-0---
-00-00-----0----
--0----00100----
-0----1101--0---
00-----0--0--0--
--011--1-0-1--00
-1--00-1001--000
--10-0----0---11
0-0---0-----0---
1000---------00-
10110-0-000-0--0
---0----1-1-10--
-0--010-0-00--0-
----0-100-00--10

Generation = 2, Population = 101.
--0-0--00-0-0---
-2-0-1-0---0-0--
0---1-00-001----
-01000--12------
-1---02-1-0-----
1--00----0-----0
001---0-01--00--
0-00-----1--01-1
0--101-00-100---
10-0---0--00---0
21------000-011-
-12-1-------10--
0--100-0-0-0-1-0
0-0----0--1---1-
-0-010------00-1

Generation = 3, Population = 113.
---1--0-1--0----
--0---0--0010-0-
-0002-1-0---00--
----1-0---00----
-2--0-3-2--0---0
20-11---01--000-
1--110--1201--0-
-1---00102--1---
---2-2--10-1----
2--1-0010-1-00--
-2-00---1--0-22-
1-312--00-0--1-0
1-0211-1--1-120-
10-0--010---00-0
--01-110--00111-

Generation = 4, Population = 107.
----001----1--0-
--1001-001-2-0-0
011--------1-1--
--1----0-21--0-0
-30---4-3--1-0--
----2-001--01---
201-2---2--20-10
--0--1---3-0-10-
0013--002-1-00--
--0-0---10--1---
2-01--00-00-033-
21--3-0---1-----
-0--220-102---10
-1---1--10--11--
0-1--22--01-222-

Generation = 5, Population = 116.
--0--12-10020---
0---1-01-2---10-
1-2-20--0--2--0-
00-0----13200---
04-0005-4--20100
2--13---2101--00
3---3-0-3-03-0-1
-1-----10-11----
1--4--1----1----
-----0-1--10-00-
32-200-11-----40
----40--00-011-0
--02-3---1-01-21
-2----01-110--10
-0-11-30--2--331

Generation = 6, Population = 123.
00-1-2-021--1-0-
12-02--2-3---2-0
-1-0-1--10-3--10
1-111-002------0
1--11-6--1031-1-
--0-4--03-12-0-1
4---4--1-214--12
0-000-02---211-1
--1-0--02-1-001-
-0---102-02--1--
43-311----0-03--
2131-10-----22--
--1324-1--21-2-2
13--0-----2---21
01-22---0-3-244-

Generation = 7, Population = 126.
---20-----02-0--
-3-13103--02---1
122----0----0-21
202--0---32-0-01
240-2-71421421-0
-0-1-0--4-231--2
50---0--3325-023
1---1-13-31-2--2
1-241-113021--2-
-1-10---11301---
-40--201--1--44-
-242-21------300
-0-43-0-11-21323
---0---111--11--
---3-2-0--4-3---

Generation = 8, Population = 103.
-00---20-1----00
-41-4---03---2-2
----2--110--1--2
3-31-------0-0-2
---1--8-53-5-21-
2-0-41----3--0--
--11-1---4---1-4
--0-21---42---03
20352--24---00--
-2-----2-2-12---
45-3--12--2-----
235-4-2-0010-4--
11154411---32-3-
-30--1--2---2--1
--14---1----4---

*** Life<FredkinCell> 4x13 ***

Generation = 0, Population = 34.
-0-00-00000-0
-0-00-0--0000
00-0--00--000
-000000--00-0

Generation = 5, Population = 21.
2-----0--1--3
---1---1-00--
-3120-3-1-1--
---210-10-1--

*** Life<FredkinCell> 35x27 ***

Generation = 0, Population = 61.
-------0-------0-----------
---------0-----------------
-------0-------------------
-------------0-------------
---------------------------
--------------0------------
-----00-0------------------
-----------------0----0----
-------------------------0-
----0---------0------------
0-0-----------------0------
---------------------------
---------------------------
---------------------------
---------------------------
---------------------0-----
---------------0-----------
-----------0---------------
-----00--------------------
-----0----0---0--------0---
--0------------0----0-0----
----------0----------------
---------------------------
------0---00---------------
-------------0---0---------
--0-------------------0----
-0-----0-0-------0---------
-------------------0-------
-----------------------0---
-0-------------------------
------------0------0-------
------------00-------------
0-0---------0--------------
---0-----0------0--0---0-0-
------------0--------0--0--

Generation = 1, Population = 185.
------0-00----0-0----------
--------0-0----0-----------
------0-00---0-------------
-------0----0-0------------
-------------00------------
-----00-0----0-0-----------
----011--0----0--0----0----
-----00-0-------0-0--0-0-0-
----0---------0--0----0-0-0
0-00-0-------0-0----0----0-
---00---------0----0-0-----
0-0-----------------0------
---------------------------
---------------------------
---------------------0-----
---------------0----0-0----
-----------0--0-0----0-----
-----00---0-0--0-----------
----0-10--00--0--------0---
--0-01---0-0-0------0---0--
-0-0-0----------0--0-------
--0------0-0---0----0-0----
------0----0---------------
-----0-0-01100---0---------
--0---0---000-0-0-0---0----
---0---0-0---0-------0-0---
0-----0---0-----0-00--0----
-0-----0-0-------00-0--0---
-0-----------------0--0-0--
0-0---------0------0---0---
-0---------01-----0-0------
0-0--------0110----0-------
---------0-01---0--0---0-0-
0---0---0-0----0-00-000-0-0
---0-----0-0-0--0--00-0----

Generation = 2, Population = 209.
-----0---1---0-0-0---------
-------0---0-0-------------
-----0-0-1-----0-----------
---------0-0--10-----------
-----0000------------------
------------01--00----0----
---01-200-0--------------0-
----0----------0---00---0--
0-0--00-0-----------0--0---
--1---0-----0---00----0----
--0-1-------------0---0--0-
----0---------0------------
0-0-----------------0------
---------------------0-----
---------------0-----------
-----------0-------0---0---
-----00------0---0---------
-----1---01--00------0-0---
--001--10-----------0-0----
---0---00-01----0----0---0-
0---010------0---00-0-0-0--
-----00-0--10-0--------0---
--0----------0-0-0--0-0----
--0-0----12-11--------0----
-0-----0-0-1-----0-0-------
0---0-0---00-------00---0--
---0-0-0-0-0-0-0-0-1---0---
-10--------------1---00----
-1-----0-0--0----0-1-0---0-
---0--------10-----1-------
0-0-------0-2-0--0---0-0---
-0-0-----001--100--1---0-0-
--0-0-----0---0----1-0--0--
-0---0-0---0000--11----0-0-
0-0-------0---0----1-0100-0

Generation = 3, Population = 378.
----0-000-0001----0--------
------010-0--10--0---------
----0--1-20--0-10----------
------0--1--002-0----------
----01--1--0000000----0----
---000----001200110--0-0-0-
--01--3-1--000-000-00-0---0
0-0-1--0--0---0-0-01-0-----
--10-1---0--0--000--10-----
00-00-100--0-0-011--001--0-
-01-200-----0-0-0--0-0100-0
0--010-------0-0--0-0-0--0-
---00---------0----0-------
0-0------------0------0----
-----------0--0-0--0-0-0---
-----00---0-00-0-00-0-0-0--
----0-10-00001--0-00-0-----
--00-2-0-1200-10-0----0-0--
-0112-1----0-00-0--0-----0-
0--101----1200-0--0-0-0---0
-0--12----0------11--0-0---
0-0------0021-----0---0----
-010000-0000010---00--1----
--1--0-00-312-00---00010---
---------1-2-0--0--1--0-0--
-----0-0-01100-0--0110---0-
00--0-0---01-----1-2-0-----
0-1--0-----000-00-0-0-1--0-
02-0--0---001---01-2-1--0-0
00--0--0-00021----020--0-0-
-0-0------10301---0-0--100-
--------01-2-12-1-020-010-0
-0-0---0--101---00-2--00-0-
--0-----0-01--100220---1---
-0-0-0-0-0--0-10-0---1-110-

Generation = 4, Population = 207.
---0---1-----------0-------
-----0---0---21------------
---0-0020--0---2-----------
---------2------------0----
-------0-------1---------0-
----1----01---1---1--------
00--1--0-00-1-------1------
------------------1--1----0
---------------------1---0-
1-------1-0---0---0--------
0-2-31--0-------1-------1--
-----------------0---01----
---------------0---------0-
----0------0--0------------
0-0--00-------------0------
-----1----1---0--1-----0-0-
--0--------1---0---10-0----
-------1--3----1-----------
-12------00----------------
-0-------0-3--0---10-0-----
0-----0----0-0-00220----0-0
--1---0----3--0-------1----
-1---110-1-------0---------
--2--101-------1---1---1---
--0------2---1-0-0--0010---
00----0---2-------1-------0
-1-0-------20------3-1-----
------0---0111-1-------0---
1-0---------20---2-3-------
-100-0---1------0--3--01-1-
-1-----000--4--000---0-21--
--------12------20-3-------
0-0-0-0-0---2---1----0-10--
-0-0-0-0-0--00-11---00-----
0-0-----0-------01-10----10

Generation = 5, Population = 391.
--0-000-01---10---0-0------
----01----00032----0-------
--0-----120-00--0-----0----
---0-00---00---------0-0-0-
----0-0-1-0-----0-0---0-0-0
00-020--0--012---1-00----0-
1101213------00----0------0
00--1--0-00-0----0-1-20----
0-------0-0---0-----120-0--
201-00-02--0-0-011-0-0--00-
1---4200100---00--0--010-0-
0-0-10--0------0--0-012000-
----0------0----00---00-0-0
0-00--0---0-00------0----0-
---0--10--00-----0-0-0-0-0-
0---02---0---0--0-00------0
-0-0-0-0--0-0--100021----0-
-0----0-0-4---120--00-0----
0-31---10-----00--00-0-----
-1----0-01140---0-----0-0-0
--0--210-00----1--3-0000---
0--0-----0041---0-00-0-00-0
0-1-0-----00--000-00--10---
--300-1-0----1020-0--0-20--
0-10-0-00---0--1----1---0-0
1--0-0-0----00-0----1-00-0-
-2--0-----0----0------00--0
0110-0-0-012----01---01-0--
-21--00--00---00---40-0--0-
--11--00-20--1--10040-1-0-0
02-0-0011110-011--0-0-0-2--
000-0-0-2-0-----3---0------
-0-0-0-010-03------2-1-210-
0---0-0---01-1-22-----01000
-0---0------00---2-2----121

Generation = 6, Population = 430.
-0---11-12-0---0-0-0-0-----
---0-----0--1--00-----0----
-0--0-022-1----2-0-0-----0-
----01-0--11-0----0-0---0--
00-01-1-2-1000-1-0--0--0---
--0---0010-1------1-100---0
2--2-24-10001-10--0--00----
1---2---01------0--20--00-0
-01--1-0101-0---0--02---1--
3-2---1-3-0------20-0-1---0
---05--1--1---11--1--12---0
1---2---1-00---1--1-1--11--
----1-0-0----0--11--0--01--
--1--01--01-110-0----000-1-
---1---10--1------010----1-
---01---0-10--0-1--1-0-0-0-
-1--011---1-------1--00-0--
-1------1-5000----01-0-0-0-
--422-121--000--001-0-0-0-0
--01--1--22-1000-0-00010---
0---13210110--0-0240111-0--
101--0000--520001-1-01-11--
1-2-111-0------11-1-00210-0
-041-1-11131-21---1---1--00
1--1010--2-211----012-1010-
2--101-1--21-1--0--12---0-0
03-0-0----1-0001-1--0-1----
1-21010----31-011200-120--0
--200--0011---110----1-00--
01--001-031-22002-151---11-
---101-222-1---20-10--1-300
--1---1---12112--00-1-01-0-
010----121--4--0--0-0-0-2--
-0------0-1--2-33-----12---
--0-------0-1-10----0-1--3-

*** Life<FredkinCell> 11x24 ***

Generation = 0, Population = 56.
0--0-0----0---0------00-
--0---0-00---------0-0--
------0--0-0------00----
------0--00--0---------0
---0--------0-0-------0-
---------0------0---0---
-----0---0--0---0---0---
----------------00-0-0--
---0-----0----0----0----
---0-------0----------0-
0-0-0--0--0----0-0-00-0-

Generation = 2, Population = 121.
-10---001001--0-0-0-1021
1------020-1-0---0-2-2--
0---01-1001011--01--1---
--0-0-211---0--00--10--0
-0----1---11--0---00----
------00-210-01-21-1-110
---0-----2110------0----
---1-----0-0--11020-1010
001-1----011---1---2-11-
-0---0---1---0--01-011--
0-01-1101-0-001--002-0--

Generation = 4, Population = 124.
-3210--2--011----101---3
3---11--2-0-12-012-204--
2-11-3-3-2--31--0---30-1
--0--12--01--00-0-------
1----1-110------0--2-1--
--01-10-02-212--4--1131-
001-10111-3120-1-00---0-
------0--00-0--3-2--32-2
2-3210------110--0040--0
---2-----3-1---02-1-1---
--2-01--3---22-1--0-2220

Generation = 6, Population = 131.
--21-02-22-11-01--0--2-3
5-01-12222223-0-3----410
4----3--1--23--00110--01
--2-2-4--231--2-010---0-
110-11--3-----210--41-0-
0003--0-22--3-2-6--1--1-
--1232--13-3-0----2111-0
--0-01200-01--2--2-1----
2--412------1-2---24-22-
-1---100--011-004----220
--2-2--13--0-4--0-2-----

*** Life<FredkinCell> 16x3 ***

Generation = 0, Population = 25.
--0
--0
-00
--0
000
000
0-0
--0
-0-
00-
---
-00
-0-
0--
00-
0-0

Generation = 1, Population = 30.
-01
---
011
00-
-11
111
10-
0-1
-1-
1-0
0-0
0-1
-1-
10-
11-
10-

Generation = 2, Population = 29.
012
0--
-22
-10
02-
---
2-0
1--
0-0
201
---
102
02-
-10
220
--0

Generation = 3, Population = 22.
--3
10-
---
-2-
1--
-11
3--
-0-
-11
---
---
-13
-30
12-
331
1-1

Generation = 4, Population = 28.
0--
21-
0--
--0
-21
122
-00
-1-
0-2
-01
-00
1--
-4-
-30
44-
202

Generation = 5, Population = 25.
1--
320
1-2
0-1
--2
2-3
-1-
-21
--3
--2
---
-13
-5-
-41
-51
-13

Generation = 6, Population = 24.
2-3
4--
-2-
1--
-2-
-24
-20
1--
---
-03
-0-
1-4
0-0
15-
462
2--

Generation = 7, Population = 29.
3--
5-0
1-2
-2-
-3-
23-
---
--1
013
2-4
-10
215
-51
2-1
573
3-3

*** Life<FredkinCell> 33x28 ***

Generation = 0, Population = 45.
----------------------------
0---------------------------
---0------------------------
---------0-----------0------
--0---0----------0----------
----------------------------
--------0----0----------0---
---------------------0------
------------------------0---
---------------------------0
--0-------------------------
----------------------------
---------0--------0-0--0----
--0-------------------------
---------0-----------0------
---0------------------------
----------------------------
-----0-----0----------------
-----0----0-0---------------
-----------------0----------
--0-------------------------
------------------------0---
-----0----------------------
----------------------------
--------------00------------
--------------0-------------
--------------0---0---------
--0-------------------------
--0-----0-------------------
--0---------------------0---
-0------------------------0-
----------------------------
--0----0--------------------

Generation = 3, Population = 372.
0---0----0-----------0------
-01--00-0-0------0--0-0-----
01-0011--0-0----0-00-0-0----
1-00-0--0-0-00-0-0010-0-----
100-0--0-0-00---0-010----0--
0-00----0--0-0---0-0--0---0-
-0-0------110-0---00-0-0----
--------0-00-0-0-00-0-0-0-0-
-0-0---0-0--0-0----0---0-0-0
0-0-0---00---0----0----00-0-
-000-0--0-0------0----011---
00200--0---0----0-----00000-
002-0-0-----0--0-------00-00
-0-210----------0--0--0--0--
00000-0----10----01-20------
0120-0-0---1------0000------
-00-0-000-10-----0--0-0-----
--00-101010-0---0-0--0------
-011010-10-0-0---0-0----0---
0-00--000-0-0---0-0-0--0-0--
-0-0-----0-0-0-0-0-0--0-0-0-
0-000--0--0-0-000-0--0-0-0-0
-0110-0-0----0-100----0-0-0-
--00-0-0----0---000----0-0--
--0-0-0----0------10----0---
-010-0--0--0----1-0-0-------
00-00--0-0-01--2---0-0--0---
103-100-0-0-00----0-0--0-00-
1200---0-0-0-010-0-0--0-0010
10-010000-0---0---0--0-00020
0-0---0110------------00200-
0-2-00--00-------------0100-
1---11----0-------------00-0

*** Life<FredkinCell> 23x18 ***

Generation = 0, Population = 52.
------------------
-0-0--------------
--------0----0----
-------------0----
------------00----
0------0----0--0--
-00---0------0--0-
---0----------0---
--------00--------
-----0--0--0------
---0--0--0------0-
-00----0----------
---0-----------0--
-----------0------
-------------0----
-----0-0--------00
--0--------0-0----
----0----0-----0--
--0--------0-----0
------------------
--0-------00------
-------------0----
--0---------------

Generation = 2, Population = 139.
--------0----0----
-0-0-0-------1----
------0---0012-0--
00-0---0---00-----
-00---0-0-01--110-
0-10-0---00------0
0--0-----0-00000--
01-----01--0---11-
-001--01-211-0----
-00---0--11--00---
-1-010-0-0-1--01--
1--10---11--------
-1-0-00--0------10
-00--0---0---1--00
--00---------0----
---010-0---1--0--2
0-0-1----1-----1-1
--0--10----0-1--1-
0---1----11----1-0
----0----0---0-0--
0---0---01-211---0
-----------1---0--
0---0-----00------

Generation = 4, Population = 128.
--------0---1-----
1--0-0------0--1--
-00-0-0--1--32--10
---0-----0----1--0
----------------20
-11-00-----1----00
0112-1--0-1-00---1
-10-------0--0----
---311---------1--
12--1----3-1------
-3---210--1-10----
12----10---1--1-11
--1----100---1---0
----12-012-0------
--00--0----1----1-
--10---0-1-110-02-
0-21--11-110-----3
0----3--0--------1
0-1---10----------
-----1-0--------10
0------1---2-110--
----0--------1-0-1
0-----0---2------0

Generation = 6, Population = 203.
-00-0---01---20-00
100--0-0-10--1----
0-20--01--2-3---3-
1-0000-0----------
0--1110-010---3222
11-12-10--0----1--
-114--110--12-100-
--0110--31-10--221
11---3--0----2----
--10-----32---0-00
--10----1-11320--1
-2120--2----011031
12121-1--0-011--12
00---41--2021-00-1
-1-0-00--011--0---
-1-------313---2--
2021--------01-205
0----321-01101----
---1-13-0-2--002-0
0--01--010---21--2
0----1-3--221--00-
--0--111---2-3--03
0-0-1-01--21010---

Generation = 8, Population = 152.
-00---0-21---2--2-
1--0---211--0--1--
0--0-12--2--33-1--
-00--0-2-----0-1--
---313--2----1--2-
-1-32-301--1-0-11-
1---1---012-2030--
---3-000---1--0-43
332--------2-2--00
3---3----5---1-020
0332--------542---
----01---31--1-0--
--34---2--1-1-----
0--0---1----13-2-3
-1---00------2-12-
-1-1----13-31204--
--2331--011----2-7
-02--3-31--12----2
--2-3-3---------02
-11----0----------
----1-----44---2--
----01---0-2------
--2-1-----43------

*** Life<FredkinCell> 29x12 ***

Generation = 0, Population = 78.
-000-----00-
-0--0-----00
0----00--00-
--0-0------0
---00-------
0-0-----0---
------------
0----0------
-0-----0-00-
-0-00----0--
00--0--0----
------0---00
----0------0
--------0---
--0----0----
-----0------
-----00-----
-----0---0--
------0-0---
-------0--00
---0----00--
----000---0-
-00-----0---
------------
0---0-00----
0-0--0------
-0-0--------
0----------0
--------00-0

Generation = 5, Population = 159.
0-03311--2-1
--1-1----21-
10--1-20033-
21----2-32-0
----00--1010
30----3---33
-3--1--3-11-
0-0-1---1-1-
0----22-0---
-11-00---1--
---3-201--12
----00-----0
---00--0-0-2
---101-0--01
0---1---1-0-
0----21-----
02---1--2---
0-0----02---
0-203-0----0
00--01--233-
---0-2-011-4
0-103---20-1
2-12-1--112-
-0-0-02-0030
--22-----0-0
---0-202----
---0-4-3--02
2010-1-1----
-10-013-33-3

*** Life<FredkinCell> 12x31 ***

Generation = 0, Population = 54.
------------0-----0-0-----0----
---0----0------------0---0----0
----0-------------0--0---------
---------0---------0---000-----
0-0--0-------------------------
-----0---------0-----------0--0
-----0--00-0---------0---0----0
0-0---0-0---------0----0-------
----00--00-----0-0-----0-0-0--0
---------------------------0---
-0--0--------------------------
----------0------0-0-----0-----

Generation = 2, Population = 140.
----0-----0-0-0-0-0--00-0-0-0--
-0---00--10------------010-00-0
0----10-----0---0-00---1--0----
---0-1-01--0---0-0---112--1----
--01-2-001-0------0------1----1
1-10--1011---0---000----0---112
1-101-0-0-00-0-1-0-0---1-0--0--
--0--10-0-0----10---01---0----0
-01122--021--0-0-0-0---2-0-211-
0-0---0-1-0------100---1-----0-
--11010-00-----0-1-----0-1-1--0
--------0-0-0--0-----0-0-0-----

Generation = 4, Population = 139.
0-0-00--0-----0---0--2--2-----1
---000-11---0--0-0--------0200-
0----3---1-00-0--12-120---2---1
1-0--11-1----0-0--1113-----100-
110--41-0---1--1-12-0--1-100--3
-0-2----11-0-------0-0-0-1011-2
----32-1-2--02-3-21------21-20-
1-----0--1--0-1--1-1--111--1---
-21-2---22-11----------4--0411-
-----1----2----0-3-0---1-0-1--0
1---0----2-0---------1---3----0
0-1-----2----112--0--------1-0-

Generation = 6, Population = 191.
--01---02110-----0-1---12---2-1
00-2-20312----1--21-11--320---1
21110-0--102-1---12-142-0141--1
-122131-300-10--113-1-1---31---
1-0-1-1-0--1----0320---301-21--
-232--211-001-00--201002--031--
3-215-----11-4130-32---1021--2-
101001-0-1--0-1-2--1233-3---10-
--3122---2--1-12-10-----0--4---
--10--20-1-------30---1-0--30-2
312-0-001---11-----1---1--1--02
2---100-2--11-14--010--1---1--0

Generation = 8, Population = 130.
----------121--0-21-03-3--11---
0--2-4-----0-0-114----0-5-----1
21--03----2-13------------4--1-
-1-------201---211-----20--3-11
-2----1-0-1--1----2--1---------
-4-2---11-0--2---0---0041--5--3
50-15-------0---0-341-1-2-1----
----0-0-0-----124---------12---
1-5-42-04----0--11011-0-0-2--31
1-30--2-----------00-1-3-2-3--4
--2-2---1--01-----1------5----4
--2--0-----3---6-123---31----02

Generation = 10, Population = 168.
10--01--3334301-1-----2-2--33--
2-12-6-4--1---111-102-01--0301-
21-----0--4--31--2--2--20-4-1--
11-3-4---40-2-1-1341--34--3-013
----251----223-3--2---030----1-
---40-------2-1--0--102-----2--
--315--2-----------43-3-4---232
11--0-01----2-3-6--1--4-----31-
337-44-2432---1--1--310-02-6---
-0--1-2----1--0---2-1--32-1-2--
-----1-213----0--213--020-2201-
----1010-0-5----03-5201-3-0-122

Generation = 12, Population = 188.
1---21-0---430-2-33----42123-02
2-3-28-62-1-22--1530---1---5---
-121-31---44--30---2-6-422-2-33
-1--2--14--34---3----4-6-2---3-
23----3212-4-5-30--0-2-523-3-34
-4342--3-1--4-1010--1-4-1------
----7--41-110514-------143--45-
11--02--1311----6---3-43---3--0
--91------42--1411-----504---51
2242312-1--1-10--44------43-4--
32213-121--02-22---311--26--014
-0313-1042-5-2-72-452-1----2-44

*** Life<FredkinCell> 29x13 ***

Generation = 0, Population = 93.
----------0--
0------00----
----0-0---0--
-0--------0--
--0---00-----
00--0-0-00---
--00-------00
---------000-
--------0-00-
--------0-0--
0--------0---
0-----0-0----
-00----0-----
---0--0----0-
----0-0------
----0--0--0--
-0000-------0
----00--0----
0----0-----0-
00---0-------
---0---0----0
--0-0--000-0-
-00-0--------
-0-0---0---0-
-0-0-----0-0-
0-00----0---0
----0-------0
00----0----0-
----0-0------

Generation = 1, Population = 174.
0------000-0-
-0--0--110---
00-0----0010-
0---0--0-010-
00-000-1-00--
110---1011000
0-11--0-0---1
--00-----111-
-------0101-0
0------0101--
10----0-0----
1-0--0-0-----
-11---0----0-
-0---01---0-0
----1-1---00-
-00--0--00-00
01--1--00-00-
000---00-0-00
1-----0-0-0-0
-1000100---00
00---001-0---
--10100--1---
0--010--00---
0-01--0-00010
-10-0--0---1-
-01----0----1
-00--00-0---1
110--010--0--
00-0--10---0-

Generation = 2, Population = 183.
----0-0-1---0
010--00--1---
----0--0--2-0
-0-01-0101--0
1-01110-01100
22-00--1221--
102-001010-02
00--0-000-220
0-00--0-2-20-
1--------1-00
21------1-0--
2-100------0-
---0-01------
01---120-01--
--00--200---0
--100----1-11
-200------110
111000-------
20-00----0---
0----2---0-1-
1-0-01---1000
--212-----0--
10012-00-1-00
10--0--0-1-21
--10-0-1-0-20
012000-1----2
-1100----0002
----0----0--0
--0-0---0---0

Generation = 3, Population = 187.
0000-01----0-
1-1001-------
0-0-1-01-0--1
--0-20-21-1--
2-1-----1-2--
3---101----0-
2-311-2------
1-0-101111---
-011-01030-10
--00--0-1---1
32-00--0-0-00
30211-0-0---0
-1-10----000-
12--0---01200
0------1100-1
--2-1000--0-2
---110----22-
--2-110--0000
3-0--0--0100-
--00030-0-02-
2-10--0-0-111
--323-00-110-
-1123-1--20--
--011------32
-1---1---1--1
12--1--20-00-
--211--00---3
-1---0---1---
-0--10-0---01

Generation = 4, Population = 183.
--1-0-20--0-0
-1211-01-1-00
1--0--1-0--0-
-0---10--1200
3-21--0-2-3--
-2-----12---0
----2---10-0-
20---1-22-220
-1--0--1---2-
10-1--1-21-0-
---1-00----11
----2--0-0001
0-1-101-0-1-0
--0-11-----1-
1-0--0--2110-
00-0-1-----13
--02-100--3-0
1130--10----1
----0-00-2-1-
-111-4---013-
--210--1112-2
0-4---110----
12--4-2-0--00
-0-2--0----4-
-2-00-01---22
2---2-0--0112
013---0---0--
12-0011---00-
01002---00012

Generation = 5, Population = 194.
--201---1--01
-232--1-1-0--
-0-1---1-0--1
0---221212311
--321-11314--
---01--23-1--
2--1---021012
3-0-1----13-1
0-1----230---
2--2--2032---
320201--1--2-
3-2-300-01112
--2-2120-02-1
-2---2---122-
201---213--1-
-1-1---0010--
-2-3--1-00-2-
2-4---21000-2
3--0-0---302-
022------12--
2-321---22-1-
105--0-21-10-
-------0120-1
---310--0-0-2
-3----1201-3-
322-3---0122-
124----0---03
23--1--00-1--
-2-1--101-123

Generation = 6, Population = 184.
---1202020-12
1-43-1-121---
-102-012-12-2
--00--2-2-4--
304321---25-0
3--1-0-34---0
30-22-2-32---
--10-1--22-22
--2-0---41--0
--03--31--10-
4-131-0--0-3-
40-14--0-222-
0-3---31013-2
-30--32---3--
3-2---32-1121
--221-0--211-
-304112-11---
31-0----1----
--0----0-4-3-
1--104---2-3-
--4-2------22
--------2----
12124-2---102
-004-1-0--143
-4-0--2----4-
-----002-2-3-
2--1--01000-4
-4---1-1--20-
-3---021----4

Generation = 7, Population = 197.
0----1-13--23
-2-41--232-0-
-2-3--2------
0011-232---1-
--5----133--1
-2---114-2101
-1333--04-01-
3------233-3-
-1----1----21
201-00-2-22--
52----1011--1
51---001033--
1-4-2--2-240-
1410143001---
-0--1-43---32
0-33-1---32--
--1-2------2-
4--1-12-20-0-
---0000-05-40
-222150003---
20-23---222-3
10-2--12-11--
232350--12-1-
-1151---01---
05110132-1---
32--31--0324-
--4-10---1---
-50012-----10
040-2---1-1--

Generation = 8, Population = 177.
---1------0-4
-3--2---43-1-
--0---3201---
112--34--24--
306---12---02
3301-2-5--21-
----4--1---2-
-0101---443--
02--0--24---2
--2-11-33-3--
63--11--2203-
6----11-1---2
--51313--3512
-52---4-----0
31202------43
-1-4---004313
-32--12-1--30
-1-2---------
30-11-1016--1
-----61--4-3-
-143---1-----
215-3-23-2--0
--3-61---31-2
12--210--214-
--22-2-3---4-
--2-42--1--52
2251210--2--4
------1-01-21
15-13--1----4

Generation = 9, Population = 195.
-02-----3--2-
1----11---0--
12131---12-0-
-2312452--5-1
4-7--1--335-3
-4121-1-4232-
3--35-22-2032
----21-2--4-2
1-2---1-5--2-
-0--2---424-1
-4-3-2--3-14-
7-2142--23-23
1----242-4--3
--30--50-132-
4-31304331--4
---5-1-11---4
043422302----
--43-1-1-0-0-
4---20----0--
1-2--7-0-5---
--54-1022--23
3262403--3-01
-34-7-2014-13
231---1-0-2--
0--3--3--1---
3----3----2--
3-6-32-10300-
--0---211--32
26-240---0--5

*** Life<FredkinCell> 7x24 ***

Generation = 0, Population = 41.
0--00-----0000-0--0-----
-----000-0---------00---
-----0-----------0-----0
---0-0-------0-00----00-
--------0--------00-----
-0-----0-----------0---0
-00--0----0-00--0---00--

Generation = 2, Population = 79.
-1-22-1-00---20-1-0-1--0
----0---00-1-1-1010-----
0---1--10-0001---0-1-1-0
---0--10-0-0-002-110----
-10---0-----01-1-2-0-1-1
---------0---1-011---110
102-10-1---0-2-101002211

Generation = 4, Population = 74.
1-0-201-00-1---13120--10
--00--1---13-1-32---2---
0-0031---0-0-3-00-0301--
-1-----0---20-----121-10
1320-1-----023111-2-0-1-
---0--1--0-1---2---003--
3-----------1-0---0-2---

*** Life<FredkinCell> 17x15 ***

Generation = 0, Population = 28.
-------------0-
---0-----0-0---
---------------
---------0-----
----0-0--------
----0-00------0
---------------
-----00--------
---0-----------
-----------0---
-0-------------
--------0-0----
----0----------
-0--00-------0-
-------------00
-------0-------
---------0--0--

Generation = 2, Population = 73.
-----------1-0-
-0---0-0---0-1-
----0-0------0-
---01-1--0----0
--0-2-2-0------
--0-2---1---0-0
---01-0--------
---1--2-0--0--0
-----1---------
-----00-001--0-
----0----------
-1--100-0-0100-
-10---0------10
--1---1-0-00---
----1----0-0--2
-0--0----1---1-
-------1-01101-

Generation = 4, Population = 69.
----0-0--0---2-
---00010-0-2-11
-------------2-
------1------0-
0-21----2-0--0-
0-2-----31-10--
-0-------------
-01-----0------
------10-------
-0---02------01
-1---1-------00
----10-0----0-0
1--1----00--0--
0----2--0--0-2-
-1--------1--0-
---1---11-00---
----10--0------

Generation = 6, Population = 132.
--0----012-----
-0122---0---0-3
0-012-1-0101---
1-12-111---0101
--2-304-4-0002-
-1--2--233-3--0
0-1---100-0--0-
-03301--0100000
----0---00---11
-21--0-----0---
1--0--0-00-0--2
1300-0-001122-2
321---00--10---
2-2-123120--141
0---21--02-2---
01---11---021--
-00032-12----1-

*** Life<FredkinCell> 5x4 ***

Generation = 0, Population = 12.
00--
-000
0000
0-0-
--0-

Generation = 4, Population = 10.
2-1-
14--
-211
--0-
1--3

Generation = 8, Population = 10.
-11-
1-41
0---
1---
1-23

Generation = 12, Population = 12.
43--
-545
0466
1-1-
--4-

*** Life<FredkinCell> 9x8 ***

Generation = 0, Population = 39.
0-0000--
0-0-0000
0-00-0-0
-00-000-
0--0----
0---00--
000-0--0
--0-0--0
-0000-0-

Generation = 2, Population = 33.
-0-0-00-
-0000---
-1-2-0--
1-------
2-001---
00-0-2--
0000-0-2
--0---02
-22--0-0

Generation = 4, Population = 39.
-2--2221
-200211-
1-2-1-11
----22--
212-3000
-0---41-
0-20-2-4
-1-0---4
---110--

Generation = 6, Population = 37.
24--2-4-
022-2-31
1-4--013
----4-20
---13---
-2-1-6--
0---0-16
---0-026
04-1121-

*** Life<FredkinCell> 31x8 ***

Generation = 0, Population = 72.
-------0
0----0--
-0----0-
---0----
0-00---0
--------
0----0--
-00----0
-0-0-0-0
0-----0-
-0--0---
0--0---0
-------0
0-0---0-
-0-0----
--0-0---
-0--0-00
0000----
0----0-0
--------
00------
-00-00-0
----0---
--0-----
--00---0
-0-0---0
-----00-
------00
--0--0-0
-----0--
0---0-00

Generation = 5, Population = 124.
-1-0----
3-3-2---
--400-1-
24210---
31---0-1
0----111
0-2---2-
-2--10--
111-1-01
1-22-0--
0121-2--
11--0---
0--13112
----3-11
--0110-0
12-4-0--
02--30--
-3---20-
-041----
--0--201
1--314-2
--3-0---
--02-0--
--30--01
-12--0--
0025101-
1--0130-
0-0-0-1-
022-120-
0003--0-
--11----

*** Life<FredkinCell> 23x3 ***

Generation = 0, Population = 41.
0-0
000
000
0--
-00
0-0
--0
00-
-0-
00-
---
--0
---
--0
0--
000
00-
0--
000
00-
0-0
000
000

Generation = 2, Population = 34.
-1-
2--
22-
210
-20
-1-
0--
20-
--1
-0-
-1-
-1-
0--
-10
-00
2-2
20-
0--
-22
20-
---
22-
-2-

Generation = 4, Population = 41.
1--
-2-
4--
21-
040
--0
211
2-0
-11
2--
1-1
--1
0--
-1-
102
414
4-0
21-
-24
400
--1
-22
-4-

Generation = 6, Population = 41.
1-1
42-
63-
41-
-60
03-
2--
4-0
131
--0
313
-33
001
13-
--2
6--
4--
2-1
--4
6-2
1--
-2-
-60

*** Life<FredkinCell> 7x18 ***

Generation = 0, Population = 27.
-0---0--0---0--0--
0-0----0----------
--00-------0-0---0
--0--0------00-0--
--0-0-----------0-
--00----0--------0
--------0-0-------

Generation = 2, Population = 57.
-000-0100--10-10--
----0----0--11-1--
1-2-----00-012-110
----0---0-00-000--
0--10-0-1-00-10--0
010-0-0---1-00---0
--1-0-0-----0---0-

Generation = 4, Population = 52.
---2-2--20--01----
--1-0-111--1-----1
10---00--01-34-3-2
00----1-0--2----0-
-0---02-3-2----01-
---20-0-2---00-0-2
---0--2----1200-00

Generation = 6, Population = 65.
0----2--2-1---3--1
-01--01---01-1-213
10210-2--2----032-
0---1-1020121-11--
12-31240-0-013-011
0-1-210------01-0-
---21----0----212-

Generation = 8, Population = 36.
01--14-1-1--------
----0-1-2-0----2--
----02---43----3-3
-2---1-2--1----32-
--1-1---4-3-------
2--24----02-----0-
1-2-------------2-

Generation = 10, Population = 64.
-3---621-122---1-2
-11-00-2----21-434
12-2-221-65145-3--
1--0-322----112340
-----3--42--2--122
4-----0-3-210-122-
3-2-----1-1---2-4-

Generation = 12, Population = 67.
2--216-----4-3-3-4
--312----1132-0634
1-4-1-430--1--1333
---2-54--0--3-2-60
-31--5-044--2-1-2-
--2342-0-2--0014--
5---104-30--4--261

*** Life<FredkinCell> 24x4 ***

Generation = 0, Population = 79.
000-
0000
000-
-0--
00-0
00-0
0000
000-
-000
00-0
0000
000-
-00-
00-0
-000
-000
0000
0000
0000
0000
-000
0000
0000
0000

Generation = 5, Population = 43.
----
---2
110-
-0-2
3-32
----
--1-
-2-4
-2--
-21-
-0-1
01--
0---
120-
1---
--1-
-0-1
5-3-
2---
-103
--0-
1-12
-00-
2331

Generation = 10, Population = 53.
13-3
--2-
4---
13-5
-362
-4--
41-3
--54
-52-
0321
--4-
0---
-35-
431-
4--5
-31-
3023
7-33
-3-3
06--
-71-
2---
303-
3--3

*** Life<FredkinCell> 21x10 ***

Generation = 0, Population = 77.
-----0---0
0-----00--
---00----0
000-0-----
---0---000
---0--0-00
0---0-00--
00---0--0-
-----00--0
-----00--0
-0-00-000-
-0--0---00
0---0-0---
-0000-0---
-0----0---
---0--0-0-
-00----00-
000----0--
00--0--00-
0-0-00----
--0---00--

*** Life<FredkinCell> 31x10 ***

Generation = 0, Population = 83.
0---0--0--
--0-00-0--
--0--0--00
----0-----
--0-------
0---0----0
0-----0-0-
00--------
------000-
----0-----
--0-0----0
-0----000-
--0----0-0
----------
--00---0--
-------0--
-0-0-0--0-
-------0--
-0-0--0--0
--------0-
-0---0--0-
-------0-0
-0--0-----
00--0-0---
0-00------
-00------0
---00-0-0-
------0---
--000---00
-------000
0---0--00-

Generation = 2, Population = 142.
--1-2-121-
1-20-002-1
--21--10-2
0----000-1
--0-000--1
-1--0-10-0
0---1--0--
--10-----0
1-0--1----
0-1----11-
0---2--10-
---0-12-21
0--1-0---0
-0----0-0-
0-2210-21-
-----1-2-0
--0--0---1
-----1-001
-0--11-000
------1--0
---01--0-0
00--11101-
02---11-0-
00002-010-
--02001-0-
-2-1---0-0
010--0---0
-01-0--1--
-120211--0
-----0-0--
--01-1-0--

Generation = 4, Population = 135.
1-3121----
1040-20413
01---2---2
-1------0-
----0---1-
1---0---0-
----31----
--1--1011-
--001--12-
----2---11
2-10-0----
0-1211-221
00-------2
----1--1--
014-1--2-0
-0-1--04-2
-10-1-----
---0---0--
---13--0--
01----111-
111-1----2
-010-3----
2---21---1
02--202---
21-2-010-0
04----001-
-10-1---1-
023-2-1---
--40-3311-
-10000---1
0--3--0---

