*** Life<ConwayCell> 32x6 ***

Generation = 0, Population = 96.
..*.**
..**.*
*.*...
*.**..
.*...*
**...*
*..*.*
.**...
.*.*..
*..***
*....*
*****.
.*.***
*.*..*
...*.*
***.*.
*..***
..****
*.**..
..***.
*.*...
*.*.*.
.*....
.****.
**.*..
.***.*
**..**
*....*
*.****
**....
**....
**...*

Generation = 1, Population = 72.
..*.**
..*..*
....*.
*.**..
....*.
***..*
*...*.
**.**.
**.*..
****.*
*....*
*.....
.....*
.**..*
*..*.*
***...
*.....
.....*
.....*
....*.
..*.*.
*.**..
*...*.
...**.
*.....
...*.*
*..*.*
*.*...
*.****
...**.
..*...
**....

Generation = 2, Population = 64.
...***
.....*
.**.*.
...**.
*...*.
**.***
....**
...**.
......
...*..
*.*.*.
......
.*....
.**..*
*..**.
*.*...
*.....
......
....**
...***
.**.*.
..*.*.
.**.*.
...**.
...*..
......
.***..
*.*..*
..*..*
.*...*
.***..
.*....

Generation = 3, Population = 67.
....**
..*..*
..*.**
.**.**
***...
**.*..
..*...
...***
...**.
...*..
...*..
.*....
.**...
*****.
*..**.
*..*..
.*....
......
...*.*
..*...
.**...
....**
.**.**
....*.
...**.
...*..
.***..
....*.
..*.**
.*.**.
**....
.*....

Generation = 4, Population = 55.
....**
......
..*...
*...**
....*.
*..*..
.**...
..*..*
..*..*
..**..
..*...
.*....
......
*...*.
*.....
*****.
......
......
......
.***..
.***..
....**
......
..*...
...**.
......
..***.
.*..**
..*..*
**.***
**....
**....

Generation = 5, Population = 58.
......
......
......
...***
...***
.***..
.***..
..**..
.**.*.
.***..
.***..
......
......
......
*.*.*.
****..
.***..
......
..*...
.*.*..
.*....
..***.
......
...*..
...*..
..*...
..****
.*...*
*.*...
*..***
....*.
**....

Generation = 6, Population = 52.
......
......
....*.
...*.*
.....*
.*....
....*.
....*.
....*.
*...*.
.*.*..
..*...
......
......
*.*...
*...*.
*..*..
.*.*..
..*...
.*....
.*..*.
..**..
..*.*.
......
..**..
..*...
.*****
.*...*
*.**.*
.*.***
**.***
......

Generation = 7, Population = 52.
......
......
....*.
.....*
....*.
......
......
...***
...***
...**.
.***..
..*...
......
......
.*....
*..*..
*****.
.*.*..
.**...
.**...
.*.*..
.**.*.
..*...
..*...
..**..
......
.*.***
*....*
*..*.*
......
**.*.*
....*.

Generation = 8, Population = 43.
......
......
......
....**
......
......
....*.
...*.*
..*...
.....*
.*..*.
.***..
......
......
......
*..**.
*...*.
....*.
*..*..
*..*..
*..*..
.*....
..*...
.**...
..**..
......
....**
****.*
....*.
***...
....*.
....*.

Generation = 9, Population = 50.
......
......
......
......
......
......
....*.
...**.
....*.
......
.*.**.
.***..
..*...
......
......
...**.
....**
...**.
...**.
*****.
***...
.**...
..*...
.*....
.***..
...**.
.*****
.***.*
....*.
.*.*..
.*.*..
......

Generation = 10, Population = 42.
......
......
......
......
......
......
...**.
...***
...**.
...**.
.*.**.
.*..*.
.***..
......
......
...***
.....*
......
.*...*
*...*.
......
*..*..
..*...
.*.*..
.*.**.
.....*
.*...*
.*...*
.*..*.
...**.
......
......

*** Life<ConwayCell> 16x23 ***

Generation = 0, Population = 39.
......**...............
....*..*...........*...
.......*............*.*
........*..*...*.....*.
............*........*.
.*.....*..............*
......*.*..............
..*.....*.....*....*...
..............*........
...........*...........
........*.....*........
......*........*.......
........*..............
......**........*.*....
........*..*...........
....*...*.*............

Generation = 3, Population = 10.
.......*...............
......*................
.......................
.......................
.......................
.......................
.......................
.......................
.......................
.......................
.......................
.......................
........**.............
......*..*.............
.......*..*............
........**.............

Generation = 6, Population = 11.
.......................
.......................
.......................
.......................
.......................
.......................
.......................
.......................
.......................
.......................
.......................
.........*.............
........***............
.......*..**...........
.......*..*............
........**.............

Generation = 9, Population = 13.
.......................
.......................
.......................
.......................
.......................
.......................
.......................
.......................
.......................
.......................
........***............
.......*..*............
...........**..........
......*.....*..........
.......*....*..........
........*..*...........

*** Life<ConwayCell> 31x7 ***

Generation = 0, Population = 27.
.....*.
......*
.......
*..*...
.......
*......
.......
....*..
..*.*..
.......
*......
.......
...*...
*......
...*...
.......
.......
.......
.**....
.......
.*.....
.......
...*...
***....
....*..
*.*....
...*...
*......
.......
.....**
*......

Generation = 5, Population = 0.
.......
.......
.......
.......
.......
.......
.......
.......
.......
.......
.......
.......
.......
.......
.......
.......
.......
.......
.......
.......
.......
.......
.......
.......
.......
.......
.......
.......
.......
.......
.......

*** Life<ConwayCell> 25x23 ***

Generation = 0, Population = 75.
...**....*..*....*.*...
........**....**.*..*.*
......*...*.....*......
.........*.......*.....
...*...........*.......
...*.........*.........
.................*.*...
..*.........*.........*
......*............*..*
........*......*...*...
.*.........*..*........
..*....*...........*...
..............*........
....**.....*...........
*..*.........*.........
...*..................*
..*..........*....*...*
*....*...*.**......*...
.......................
.*.......*..*.*........
........*.........*....
..*...........*........
....*...*...*..........
.*....*................
.....**....*...*.......

Generation = 2, Population = 31.
........*.*.....*.*....
.......*..*....*..*....
........*.*....*..*....
...............***.....
.......................
.......................
.......................
.......................
.......................
.......................
.......................
.......................
.......................
.......................
..***..................
..**...................
.......................
.......................
...........***.........
...........*.*.........
.......................
.......................
.......................
.....***...............
.....***...............

Generation = 4, Population = 33.
........***.....***....
........*.*...***.**...
........***...*...**...
..............*..*.....
...............***.....
.......................
.......................
.......................
.......................
.......................
.......................
.......................
.......................
...*...................
..*.*..................
.......................
.......................
............*..........
...........*.*.........
.......................
.......................
.......................
......*................
.....*.*...............
.......................

*** Life<ConwayCell> 2x18 ***

Generation = 0, Population = 25.
******.*.*.*.**...
.********.**.***.*

Generation = 5, Population = 0.
..................
..................

*** Life<ConwayCell> 6x35 ***

Generation = 0, Population = 55.
...*.*......**....*...**.*..*..*...
..........*..*.*.............*.....
..*...*..*..**...*.*..*....*...*...
.*.*...*....*...*...***....*......*
....***.**...*...**.........**.*..*
*...*.**......**....*......*..*....

Generation = 3, Population = 50.
............*.........*............
..........**.*..*....**.....*......
...*......**..*.*......*...***.....
.**......*.*.*.*..........**.......
..*...*..*..***.*.**......***.**...
...******....**.*.*................

*** Life<ConwayCell> 27x19 ***

Generation = 0, Population = 45.
...................
....*........*.....
..*..........*.....
........*..........
.......*...........
........*..........
..*..*..*..........
..**...........*..*
.................**
....**.............
...................
.*...**...........*
...................
.........*.........
.................*.
.......*..........*
...................
.........*....*....
...................
*..................
.........*.......**
...........*....**.
.....*....*........
..........*........
.......*..*.*......
.**..*...*.........
...................

Generation = 4, Population = 28.
...................
...................
...................
...................
.......**..........
.......**..........
...................
.................**
...***...........**
...***.............
...................
...................
...................
...................
...................
...................
...................
...................
...................
.................*.
................*.*
..........**....*.*
.........*.......*.
.........**........
.........***.......
...................
...................

Generation = 8, Population = 32.
...................
...................
...................
...................
.......**..........
.......**..........
...................
....*............**
...*.*...........**
...*.*.............
....*..............
...................
...................
...................
...................
...................
...................
...................
...................
.................*.
................*.*
.........***....*.*
........*...*....*.
.......*.....*.....
........*...*......
.........***.......
...................

*** Life<ConwayCell> 6x15 ***

Generation = 0, Population = 25.
*.*.....*..***.
......*.*.....*
**...*.*......*
.*.....*..**...
...*.*........*
.*......**.*...

Generation = 1, Population = 20.
.......*....**.
*.....*.*...*.*
**.....**......
***.*..........
..*.....**.*...
...............

Generation = 2, Population = 18.
.......*....**.
**....*.*...*..
..*....**......
*.**...*.*.....
..**...........
...............

Generation = 3, Population = 17.
.......*....**.
.*....*.*...**.
*.**..*..*.....
.......*.......
.***...........
...............

Generation = 4, Population = 15.
.......*....**.
.**...*.*...**.
.**...*.*......
...............
..*............
..*............

Generation = 5, Population = 13.
.......*....**.
.**...*.*...**.
.**............
.**............
...............
...............

Generation = 6, Population = 12.
.......*....**.
.**....*....**.
*..*...........
.**............
...............
...............

Generation = 7, Population = 10.
............**.
.**.........**.
*..*...........
.**............
...............
...............

Generation = 8, Population = 10.
............**.
.**.........**.
*..*...........
.**............
...............
...............

*** Life<ConwayCell> 21x9 ***

Generation = 0, Population = 57.
*.*..*..*
..*...**.
*......**
.....*...
...**...*
**..*..*.
..*..*..*
*...*....
**.*.*...
....*....
....*..*.
*........
.........
........*
*.*.*..**
*....**..
..**.....
.......*.
..***....
**...**..
***..****

Generation = 3, Population = 49.
......**.
.....**.*
....*...*
...****.*
.**.****.
.**......
*........
*........
***..**..
.*****...
...**....
.........
.........
.........
.........
....*..*.
....*.**.
.*....**.
.**.**...
*..**....
.........

Generation = 6, Population = 47.
....***..
....*****
........*
..*...*.*
.*.*..*.*
*.*...**.
*........
.........
**...**..
.....**..
.........
.........
.........
.........
......**.
...**.**.
...**...*
.*..*.**.
**....*..
.*.*.*...
...*.....

*** Life<ConwayCell> 10x22 ***

Generation = 0, Population = 33.
......*....*.*..*.....
*........*............
*......*.........*...*
*...*.*....*.....*....
......................
.*.*.*......*.........
..*........*..*.......
..................*.*.
..*....*...*...*......
*.......*.*.*.*.......

Generation = 3, Population = 0.
......................
......................
......................
......................
......................
......................
......................
......................
......................
......................

Generation = 6, Population = 0.
......................
......................
......................
......................
......................
......................
......................
......................
......................
......................

*** Life<ConwayCell> 35x33 ***

Generation = 0, Population = 96.
....................*............
...*.............................
......*.*..*.....................
...................**............
...............*.................
...*....*.......*................
...........*....*................
*..............*.................
..*....*......*...*.....*...*.*..
..*...............*..*...........
.................................
..........*......................
............................*....
..................*........*.....
.........*...............*...*...
*.....*........*........*........
..*..........*.................*.
...............**..........*..*..
......................*..........
...*.............................
*.....*.....*....................
.**..*.......................*...
.........*.....*.................
.....*....*...................*..
.....................*....*......
........................*.*.*....
...*....*........................
.........*.......................
.............*...........*...*...
.*...*..........*.*.............*
....*..*..*.......***............
...*............*...........**...
*..........*......*....*.*...*...
..*.......*..............*.......
*.*............*..........*......

Generation = 5, Population = 25.
.................................
.................................
.................................
.................................
.................................
.................................
.................................
.................................
.................................
.................................
.................................
.................................
.................................
.................................
.................................
.................................
..............***................
.................................
.................................
.................................
.**..............................
.**..............................
.................................
.................................
.................................
.................................
.................................
.................................
..................**.............
..................*.*............
....................*............
..................*.*............
..................**......**.....
.......................******....
...........................*.....

*** Life<ConwayCell> 17x19 ***

Generation = 0, Population = 88.
......*............
.**........**.*....
.**........*.*..*.*
**....*...........*
.**...*.***......**
*..*.*...*.....*..*
*.*....*..***......
**...*..*........**
.*.*....*...*...*..
**.......*.*..**..*
..*............*...
.*.*..**......*....
..*..*.*..*.*.....*
...*.*...*..*..**..
.**....*...........
..*.*.*...*.*.***..
***..........*.....

Generation = 4, Population = 53.
............*......
..........**.......
...................
...*.....*..*......
.*..*..............
.*...*.............
*..****...*.*......
.*.*......***......
..**...............
..*..........**....
*....*.**...*......
........*......*...
***.....****.......
*.*.......**..*....
.*....*.....*.*....
*.*..*.............
...................

Generation = 8, Population = 39.
...........*.......
..........*.*......
..........*.*......
...........*.......
...................
.....**............
....*..*...........
**.*..*............
**...*.............
...*.*...*...*.....
*..*....*.*..*.....
..*....*..*........
*.......*.*........
*..........*.......
*..*.......*.......
.**................
...................

*** Life<ConwayCell> 32x17 ***

Generation = 0, Population = 30.
..*............*.
.........*.......
.................
...............*.
............*....
......*..........
.................
.................
.....*...........
..........*......
.................
.................
*................
.................
..*..............
....*..........*.
.................
.....*...........
.................
.................
....*............
..*.....*.......*
..........*.....*
.................
.............*...
..............*..
........*.......*
......*.**..*....
.................
....*............
.*..........*....
.................

Generation = 5, Population = 6.
.................
.................
.................
.................
.................
.................
.................
.................
.................
.................
.................
.................
.................
.................
.................
.................
.................
.................
.................
.................
.................
.................
.................
.................
.................
........*........
.......*.*.......
.......*.*.......
........*........
.................
.................
.................

Generation = 10, Population = 6.
.................
.................
.................
.................
.................
.................
.................
.................
.................
.................
.................
.................
.................
.................
.................
.................
.................
.................
.................
.................
.................
.................
.................
.................
.................
........*........
.......*.*.......
.......*.*.......
........*........
.................
.................
.................

*** Life<ConwayCell> 4x6 ***

Generation = 0, Population = 15.
*.***.
***..*
*.***.
*.*.*.

Generation = 2, Population = 12.
.*.**.
*....*
.*.***
...***

Generation = 4, Population = 8.
......
.****.
...*..
..***.

Generation = 6, Population = 7.
..*.*.
.*..*.
.*....
..**..

Generation = 8, Population = 7.
...*..
.*.**.
.*.*..
..*...

Generation = 10, Population = 6.
..*.*.
.....*
....*.
..**..

Generation = 12, Population = 7.
....*.
...*.*
..*..*
...**.

*** Life<ConwayCell> 33x16 ***

Generation = 0, Population = 82.
............**..
....*....*....*.
.........*...*..
..*.**..........
...*..*..*......
....*.*..*...*..
.............*..
.............*..
................
.*..............
......*.......**
................
................
......*.........
..**............
*...............
...**....*.*....
.*......*..*....
......*..*....**
...*.....*......
...***..........
.....*..*..*.*..
.....**...*...*.
*..........*.*..
.............*..
..*.............
..*.....*..*.*..
.*.............*
.*...**....*.*..
*.*....*....*..*
......*.....*...
.**......*.*....
*..**....*......

Generation = 2, Population = 42.
.............*..
....*........*..
...*.*..........
..*...*.........
...*..*.........
.............*..
.............*..
.............*..
................
................
................
................
................
................
................
................
.........*......
........*.......
........*.*.....
.........*......
................
....***.........
...........*..*.
..............*.
...........**...
................
.**.............
...*.........*..
*.....*....**.*.
*.....*.........
...*......*..*..
..........*.....
.*.*............

Generation = 4, Population = 31.
................
...***..........
..*...*.........
..*...*.........
...***..........
.............*..
.............*..
.............*..
................
................
................
................
................
................
................
................
................
................
........**......
................
................
....***.........
............*...
............*...
............*...
................
.**.............
.**.........**..
..............*.
...........*.*..
............*...
................
................

Generation = 6, Population = 29.
...***..........
................
..*...*.........
..*...*.........
................
...***.......*..
.............*..
.............*..
................
................
................
................
................
................
................
................
................
................
................
................
................
....***.........
............*...
............*...
............*...
................
.**.............
.**.............
............*.*.
............**..
............**..
................
................

Generation = 8, Population = 27.
...***..........
...***..........
....*...........
....*...........
...***..........
.............*..
.............*..
.............*..
................
................
................
................
................
................
................
................
................
................
................
................
................
....***.........
............*...
............*...
............*...
................
.**.............
.**.............
................
...........*....
............**..
................
................

*** Life<ConwayCell> 9x23 ***

Generation = 0, Population = 94.
...*...**..*..**.*...**
......***..***.***.*.*.
.*...**.*......*.**.**.
*.*..**.**.*..*.*...**.
***..*.*.....*.*..***..
...*.*..*.*..**.***.**.
.******..*....**.*.*..*
.**...*.**..*....***.*.
..*****..*..***..*..*..

Generation = 2, Population = 74.
..........**.**...****.
.........*.......*.**.*
.*......*..*.**........
*.*.*...**....*..*.....
*.***.**..*.***........
*.*....*******.........
..........**.****...***
.*.**.....*.*..*...*.*.
..******..****..*..**..

Generation = 4, Population = 47.
..........*............
.........*.*...........
.*......*...*.*........
*.*.*.***.**.*.*.......
..*.*.....*............
....*.*.*......*....***
.***..*.**..........*.*
.*.*.***.*.........*..*
.....**............**..

Generation = 6, Population = 53.
.........***...........
.........*****.........
.......**.....*........
.**..**.*.*....*.......
.****.*.*.*...*......*.
**.***.**.*........**.*
**.**...**.........**..
...*....*.........*..*.
....*..............**..

Generation = 8, Population = 35.
.......................
.......**...*.*........
......*.*...*..*.......
.....**.*..**.**.......
......*...**........*..
.........***.......**..
.**......*........**...
.**...............*.*..
...................**..

*** Life<ConwayCell> 2x7 ***

Generation = 0, Population = 2.
....*..
....*..

Generation = 2, Population = 0.
.......
.......

Generation = 4, Population = 0.
.......
.......

Generation = 6, Population = 0.
.......
.......

Generation = 8, Population = 0.
.......
.......

*** Life<ConwayCell> 2x22 ***

Generation = 0, Population = 28.
*.****.**..*..**.**.**
*..*.********...*.***.

Generation = 1, Population = 25.
.***.*.....**..****.**
.***.*...****..**.*.**

Generation = 2, Population = 15.
.*.*........*..*..*.**
.*.*......*.*..*..*.**

Generation = 3, Population = 6.
...........*........**
...........*........**

Generation = 4, Population = 4.
....................**
....................**

Generation = 5, Population = 4.
....................**
....................**

*** Life<ConwayCell> 26x20 ***

Generation = 0, Population = 33.
..*.*..........*....
..*...............*.
........*...........
....*.....*.........
.....*.........*....
...............*....
....................
.*..................
....................
.....*............*.
........*....*....*.
..........*.........
....................
......*............*
....*.........*.....
....*...............
....................
..................*.
....................
.......*............
.*..*...............
...................*
....................
.......*.....*......
.....*..............
*...........*.......

Generation = 4, Population = 0.
....................
....................
....................
....................
....................
....................
....................
....................
....................
....................
....................
....................
....................
....................
....................
....................
....................
....................
....................
....................
....................
....................
....................
....................
....................
....................

*** Life<ConwayCell> 5x12 ***

Generation = 0, Population = 30.
*...*****.*.
***..*.*****
....**.....*
***........*
*****..*.*..

Generation = 4, Population = 12.
..........**
.......*.*.*
.....*.*...*
......**.**.
............

*** Life<ConwayCell> 6x13 ***

Generation = 0, Population = 49.
...*.**...***
.*.**.**....*
*.********.*.
**..***.*****
**..*****.*..
.*...********

*** Life<ConwayCell> 26x12 ***

Generation = 0, Population = 94.
**.........*
***.*......*
.*.**....**.
***.....*...
...*........
.*.......*..
...*.***.*..
...*....*...
.*.*..*..*.*
.*.**...*.*.
.*...*.*..*.
............
.*..........
...*...*.*..
**.**.....**
..*.*..*....
....***.....
.*....*.....
...........*
.....*..*..*
...*.****.*.
.....***.**.
...**.**.***
*......*..*.
.**.*.*.*..*
....**.**...

Generation = 1, Population = 87.
*.*.........
....*......*
....*....**.
**..*....*..
*...........
..*.*.*.*...
..*.*.**.*..
...*.*..***.
...*...****.
**.******.**
..*.*....*..
............
............
**.**.....*.
.*..*...*.*.
.**...*.....
...**.**....
......*.....
............
....**..****
..........**
...*........
....*......*
.**.*.......
.*.**.*.**..
...******...

Generation = 2, Population = 80.
............
...*......*.
...***...**.
**.......**.
*..*.*......
.*....*.*...
..*.*.*...*.
..**.*......
...*........
.*...**....*
.**.*.*****.
............
............
*****....*..
....**...*..
.**.*.*.....
..**..**....
.....***....
.....*...**.
.........*.*
....*......*
..........**
..*.*.......
.**.*.......
.*....*.**..
..**..*.**..

Generation = 3, Population = 95.
............
...*.....**.
..***......*
****.*...**.
*.*......*..
.****.**....
.**.*.**....
..*..*......
...*.**.....
.*.****.***.
.**...*****.
.......***..
.***........
.*****......
*...........
.**.*.**....
.****.......
....**.**...
.....*..***.
.........*.*
...........*
...*......**
.**.........
.**..*......
.*...*..**..
..*.....**..

Generation = 4, Population = 73.
............
..***.....*.
...........*
*........**.
*....**.***.
*...*.***...
....*..*....
.**....*....
...*...*.*..
.*.*......*.
.****.......
...*..*...*.
.*......*...
*...*.......
*.....*.....
*...**......
.*......*...
..*..****...
....****..*.
........**.*
...........*
..*.......**
.*.*........
*...........
.*......**..
........**..

Generation = 5, Population = 65.
...*........
...*........
...*.....*.*
........*..*
**...**...*.
....*.......
.*.*.*......
..**..**....
.*.*....*...
.*..........
.*..*.......
.*.**.......
............
**..........
**..*.......
**...*......
.*..*...*...
....*...**..
....*.....*.
.....*****.*
.........*.*
..*.......**
.**.........
***.........
........**..
........**..

Generation = 6, Population = 77.
............
..***.......
..........*.
.........*.*
.....*......
***.*.*.....
...*.**.....
.*.*..**....
.*.*...*....
**..........
**.**.......
..***.......
***.........
**..........
..*.........
..*.**......
**..**..**..
...***..**..
....*.*...*.
.....*****.*
......**.*.*
.**.......**
*..*........
*.*.........
.*......**..
........**..

Generation = 7, Population = 62.
...*........
...*........
...*......*.
..........*.
.*...*......
.****.*.....
*..*........
...*.*.*....
.*....**....
...**.......
*...*.......
....*.......
*...........
*...........
..**........
..*.**......
.**...*.**..
...*..***.*.
...*......*.
.........*.*
.....*...*.*
.**.......**
*..*........
*.*.........
.*......**..
........**..

Generation = 8, Population = 66.
............
..***.......
............
............
.*.***......
**.***......
.*...**.....
..*.*..*....
..**.***....
...***......
....**......
............
............
.*..........
.****.......
....**......
.**.*.*.**..
...*..*.*.*.
.......**.**
.........*.*
.........*.*
.**.......**
*..*........
*.*.........
.*......**..
........**..

*** Life<ConwayCell> 21x9 ***

Generation = 0, Population = 43.
.....*..*
.........
....*....
**..**...
*..*.....
.........
.....*..*
..******.
...*....*
*..*..**.
.*.**....
.........
.*.......
.........
..*....*.
..*......
*.*.....*
..**.*..*
......*..
......*..
...*.**.*

Generation = 5, Population = 26.
.........
.........
.........
....***..
.....**..
.........
.........
*.*.**...
.........
.........
*....*...
.*..*....
.........
.........
.........
.........
.........
**.*.**..
.*.*.*.*.
..**...*.
......*..

Generation = 10, Population = 13.
.........
.........
.........
.........
.........
.........
.........
.........
.........
.........
.........
.........
.........
.........
.........
.........
**.*..*..
*......*.
.**....*.
...*..*..
....*.*..

*** Life<ConwayCell> 3x12 ***

Generation = 0, Population = 25.
***..***.*.*
*.*.**.*.**.
*******.**.*

Generation = 1, Population = 14.
*.****.*.*..
...........*
*.*...****..

Generation = 2, Population = 9.
...**.......
..*.**...**.
.......**...

Generation = 3, Population = 9.
...***......
....**..**..
........**..

Generation = 4, Population = 8.
...*.*......
...*.*..**..
........**..

Generation = 5, Population = 4.
............
........**..
........**..

Generation = 6, Population = 4.
............
........**..
........**..

*** Life<ConwayCell> 28x1 ***

Generation = 0, Population = 5.
.
.
.
.
.
.
.
.
.
.
.
.
.
.
*
.
.
*
.
*
.
.
.
.
.
.
*
*

Generation = 1, Population = 0.
.
.
.
.
.
.
.
.
.
.
.
.
.
.
.
.
.
.
.
.
.
.
.
.
.
.
.
.

Generation = 2, Population = 0.
.
.
.
.
.
.
.
.
.
.
.
.
.
.
.
.
.
.
.
.
.
.
.
.
.
.
.
.

Generation = 3, Population = 0.
.
.
.
.
.
.
.
.
.
.
.
.
.
.
.
.
.
.
.
.
.
.
.
.
.
.
.
.

Generation = 4, Population = 0.
.
.
.
.
.
.
.
.
.
.
.
.
.
.
.
.
.
.
.
.
.
.
.
.
.
.
.
.

Generation = 5, Population = 0.
.
.
.
.
.
.
.
.
.
.
.
.
.
.
.
.
.
.
.
.
.
.
.
.
.
.
.
.

Generation = 6, Population = 0.
.
.
.
.
.
.
.
.
.
.
.
.
.
.
.
.
.
.
.
.
.
.
.
.
.
.
.
.

Generation = 7, Population = 0.
.
.
.
.
.
.
.
.
.
.
.
.
.
.
.
.
.
.
.
.
.
.
.
.
.
.
.
.

Generation = 8, Population = 0.
.
.
.
.
.
.
.
.
.
.
.
.
.
.
.
.
.
.
.
.
.
.
.
.
.
.
.
.

Generation = 9, Population = 0.
.
.
.
.
.
.
.
.
.
.
.
.
.
.
.
.
.
.
.
.
.
.
.
.
.
.
.
.

Generation = 10, Population = 0.
.
.
.
.
.
.
.
.
.
.
.
.
.
.
.
.
.
.
.
.
.
.
.
.
.
.
.
.

Generation = 11, Population = 0.
.
.
.
.
.
.
.
.
.
.
.
.
.
.
.
.
.
.
.
.
.
.
.
.
.
.
.
.

Generation = 12, Population = 0.
.
.
.
.
.
.
.
.
.
.
.
.
.
.
.
.
.
.
.
.
.
.
.
.
.
.
.
.

