*** Life<Cell> 29x10 ***

Generation = 0, Population = 29.
--------0-
----------
----------
-----0----
------0---
--0----0--
0---------
----------
-------0--
-----0-0--
0--------0
----------
------0---
----------
0-0-0-----
------0---
----------
-0-------0
-0-0------
--------0-
----------
----------
--0------0
----------
---0------
-------0--
0---------
------0---
--00------

Generation = 4, Population = 84.
----0-0-0-
--0----0--
0-------0-
-1-------0
--1----10-
1--1-111-0
*-.-1--.-1
-----*----
---1-----1
-000---.-*
-----1-1--
------1---
--0----0--
-0---1-1-1
0101*-1-11
--0-----*-
-*----1---
-------0--
-*0-00-1-0
-1--0-0-1*
---*------
-1-----0-1
-1-.-11*--
------1-1-
--.1---1--
---0--.--*
--001----1
---0--1.--
-...*-11--

*** Life<Cell> 31x2 ***

Generation = 0, Population = 27.
-0
-0
--
-0
--
--
--
00
--
00
-0
--
--
--
0-
00
0-
00
--
00
--
00
-0
-0
--
00
--
0-
--
00
00

Generation = 2, Population = 24.
--
--
-0
--
--
0-
--
--
-0
--
-*
01
00
10
--
--
--
0*
0-
**
-0
-0
-0
-*
-0
--
--
0-
01
-0
--

Generation = 4, Population = 34.
-1
--
-0
0-
-0
0-
-0
1-
--
10
0.
-*
*-
--
*1
--
1-
-*
--
**
-0
*0
--
1.
-*
1*
1-
*0
01
0*
01

Generation = 6, Population = 37.
-1
0-
-0
--
-0
0-
--
11
01
-*
*.
-*
*-
11
**
1*
-0
0.
1-
**
--
*-
--
1*
1*
-*
11
*-
-*
**
0-

Generation = 8, Population = 20.
-1
0-
-0
--
--
-0
0-
--
-*
-.
..
1.
.-
*-
..
1.
--
-*
--
**
--
*-
0-
1.
1.
-.
-1
*-
*.
..
*-

Generation = 10, Population = 27.
-1
0-
--
01
01
-0
00
-*
1*
1.
..
-.
.1
.-
..
1.
-*
-.
*0
..
01
*-
0-
-*
**
*.
--
.0
..
..
.-

*** Life<Cell> 27x31 ***

Generation = 0, Population = 61.
---0------0------------0------0
------------------0-0---0------
------00-------------------0---
0-----------0------------------
--------00---------------------
0----------0-----------------0-
-------------------------------
--00-----------0---------------
-------------0----0------------
------0----------------0----0--
----------0---------0-0--------
---0-------0----------------00-
-----0------------------0---0--
----------------0---0--00------
-----0--0------------------0---
-----------------------0-------
-0-----------------------------
--0-------------0------------0-
-----------------0-------0-----
-----------------0-------------
---------0----0-------0--------
-------------------------------
---------0---------------------
------0-0----------------------
-0-0------------------0-------0
------------------------------0
-------------------------------

Generation = 3, Population = 344.
-----1--1---10--0-0-------0110-
----0-000--010-0---------0--000
0--1-*1--01-0-0-0-----0-0---0-1
-0--00---01-00-0-0---0-----001-
--00---------000--0-0---0-0100-
--0-0----*--*---0-0-------010--
-0-000001-00--00---0---0---000-
0-11*-1000-1-*00--------0--0110
-00--00-0011000-1--------00---0
-0-----010-1-001------0-011---1
-00--1-01---1-000--010-000-----
0-000*1-0----100-0-0-000--1*--*
-00*-10110---00-0--0*--0100*1-1
-00-0-0-0-0-00-0-------.0-10---
0-01-1-*00----0-----0--0-1-0-10
---0--000-0------0-011-1*100-10
0---0-00-0----0-01--00---1-100-
--------00---01-0-1----1000-0--
----0---0-0--0---1-1001-0-0100-
---0---0---00-----01--0000-00-0
--0-----0--110----0--0-0110--0-
-0-0-0---0--0-0--10-0---00----0
0-----0---0-00-0-0-----------01
---0-0-0------0-----0---0---00-
0---0-0-0----------0-0-0-0-01-*
--------------------0-0-0--01-*
0---0-0-0------------0-0----00*

Generation = 6, Population = 375.
--0---0-.-1-1-*-10-0-0--0---*--
0-100----1-.*1*00-0-----0-11-*0
1--1-.--1-*-101---10---0--0---.
00--1001-1**10-.*11-0-0100-----
-0-1-*--*1-1--0-1-.--01--1-11--
0-1-.1--0*--.-10-1.0*1-0-*--**0
---111***-1-000--0--*--0-1---00
01-..0*10--*-*-00110-0--1000..-
---1110-1--*111*--10------0-*--
----001011*.100--0-*--0011-*-..
---1-.-0.11111--*0------.1*-10-
-1..-.----000---1---*01*1*1*0-.
-0-.0-11*11-0-10-1--.-00*00.*-.
0-1-----0-11.-0----0-11.*-*--00
-001--**1**1*1-0---1-0-.*.-0--0
001--0---0---0-01.---1-*.-1.-.1
-0-100-01-11-1--1*-----1*1-1.10
0-000-0---01-0---110--0...110*-
-0---01--*---.10--------111.0.1
0-0-0---*-101--0---1-0--1-----1
-0-0-0-0-1-**.-0-1--0----*-1-0*
0-0---0-0-1-000--10--0-0---01--
-0-------010-11--*10---0--1001-
0---0-0-0-0-0-101--0------0-1-*
-0-0-------011---0----0-001-.-*
--0-0-----0-0----0------0-0-.-*
-0---------0--0---0-0---0---10.

Generation = 9, Population = 363.
00.10--0.-*-*-*------0-0.-*-*-*
.011--0-0--....--0-00-0--0*...-
-0-.-.*11-***-*0-0.*---1---1--*
--0-..-.--*..0-.*1-0-0-*-0-0*-1
-*-1-.0-.*1*-1.**-.--0-1--0*1-0
0--*.10--*0-.-.1-....10*1.**..1
-0-.**.*.--0..1-0-1-.--*0*-.-11
-*-.*-..1-1*-.-11**--0--......*
-*-..1.1--1..1..*-1----*1-1-.--
-0--11..*..**----1-.101011**-*.
--0-0.-..-1.*--**000.0-0.*.0*--
-**.0*.1--*.1100.-00.1....*.*1.
0.-.--.-.-.-.**-0-0*.*..*-1..0.
1-.----*11.1.-1*1--*--*.*-*----
-10.--.....***011--.---.***1--0
10**01---**--001-.-*-*0*.-1*1.1
0.0*1-01.----1-01.1--0--..-**11
-0---0.-*-1--.101*-----.*.-*1.*
---00-10-.0--.*--.01-0*--*-.1..
-00-00-1*-..-*-0-1--0---.0-*--1
0-0001*01-0...-10.--00-0*.-.*.*
-0-0--0--0.0110-**---00.-0-1*.1
--0----0*11-0-.-0.*1-0-10---1.-
-0---0--10-0--*0*-01--0---0**-.
0-0-----0-0.-*-00*0--01010*-.1.
-----0---0-0-0-0-1---0--1---.-*
--0-----0-0--0-0--0--010-*-*.**

*** Life<Cell> 6x10 ***

Generation = 0, Population = 41.
000000-000
0-00-0-000
0-000-0-0-
--0-0000-0
000-00-000
00---000--

Generation = 5, Population = 31.
--*-1.--1*
-.1*0.01**
*-1*-0*1.*
1010..---*
-1.10...--
-00-0*-1--

Generation = 10, Population = 29.
-******1..
*.*.1.0*..
*.*.-*.*..
1-**.**-*.
*...-.**.-
--**1...0-

*** Life<Cell> 33x4 ***

Generation = 0, Population = 50.
-0-0
--00
--0-
0---
-00-
----
---0
--0-
00--
-00-
0-0-
0--0
-0--
----
----
-000
0--0
-000
0--0
-0--
--0-
-0--
---0
---0
----
--0-
-0--
00-0
0--0
0--0
0-00
0--0
00--

Generation = 4, Population = 69.
-0..
000-
*-.*
--1-
-1.-
-1-0
**--
1-00
-1-0
-1*1
.0.0
*11*
0---
-*-1
--0.
-10-
--*-
*.*.
-*1*
--01
--10
---1
1-.*
011.
1-1*
-*11
0*01
0-0.
1-1-
-0--
-0.-
-00-
*.00

Generation = 8, Population = 55.
--..
----
.0..
----
-..1
1--0
..*-
.--*
1.0*
-..*
*1*0
*.1.
-0-1
-.1-
*.1.
*.*-
...-
**.*
-**.
-1.*
--1*
*1--
*-*.
-1**
.*.*
..**
-.-1
-11*
*-.*
-.0*
01.-
01--
..--

*** Life<Cell> 30x24 ***

Generation = 0, Population = 46.
------------------------
-----------0--0---------
-0-----0----------------
0-----------------------
-0----0-----0--------0--
----------------0-------
------------0--0-------0
-------------00--------0
-----0--------------0---
-------0----------------
---------------0--------
---00---0---------------
------------------------
------------------------
---------0--------------
-------0--0----------0--
-----0--0--------0------
------------------------
------------------------
---0------------0-------
--------0--0------------
--------------0---------
----0---0---------------
---------------0--------
--------------0---------
------------------------
-------------0----------
--------------0-----0---
0--0--------------------
------0----------------0

Generation = 5, Population = 319.
-----0*-0-0--0000-0-0-0-
-0-0-0-*01*-1***1--0-0-0
0-0-0..0----*-01--0---01
-010----0-00-**-00--0-0-
01-11--..---00-11100*00*
--0---0*0---*----0-0*-0.
--000-1----*---1*-00---.
--0*100--11-1--00*-1-1-.
0---00-.-*--.0-01-0001-.
--0-0-0-.-010---10-0-0-1
0--00-----0-------0-000*
-1.1..-1*0-0--1--0-0---1
0---0---100-000-0-00---0
-----00-0----0-0-0--0---
---0-*--*0-00-0--0-----0
-00*-.----01-0-01*0--00-
0-0-*0.0-*---10-00--0-00
-0---------00--0-----0--
---0-1-011--0-00----00--
-----1-0----10-100-0110-
---01*-1.1.01-*-----00--
0----0-0-0-0-001---0----
-0---0-0-01-11.-0-000---
--01-------*-----0-110--
-00*0-00--1-1---00--0--0
0--000-0-000-0-0-00---0-
---0-0-011----00--------
0--0-0--0--0---110-0--1.
.1.*10--0----01-0-0000-0
00--0--0-0-0-010--0**.0-

*** Life<Cell> 24x28 ***

Generation = 0, Population = 85.
--------------------0--0----
---------0--------------0---
----0-------0-0---0---------
--------------0-------------
---0--0---0---0-0------0---0
0------0----0------------000
---------0---------------0--
0--0--0----0-------0-0------
---------------0--0-0-------
----------0-----0-----------
----00-----0-----------0----
------0------0-------------0
-----0----0--0----0---------
-0--0-------0----------0----
-----0---------0--------0---
--0-0------0------0--0------
-----------0--0-0----------0
----------------0---0-----0-
-0------0-----------0----0--
-----------------0---00-----
--------0---0-------0---0---
--------0---0------0----0---
------------------00-0------
----------------0-0---------

Generation = 1, Population = 230.
---------0---------0-00-----
----0---0-0-0-0---0-0----0--
---0-0---0-0--10-0-0----0---
---00-0---0-00-00-0----0---0
0-0-00---0-0001--0----0-00-1
-0-0----0000-00-0------00---
---0--000-000------0-0--01-0
-00-00-0-00-0--0----0-0--0--
0--0--0---00--0--0-0--------
----00---0-------00-0--0----
---011------00--0-----0-0--0
----00-0--00010---0----0--0-
-0-------0-0-10--0-0---0---0
0-00-0----00---0--0---0-----
-00-0-0----00-0-0-0--0---0--
-0--------010-0000-00-0-0--0
--0-0-----0100--100-00------
-0------0--0--0010-010------
0-0----0-0------00-01-0-0---
-0----------0---0-0-011000--
-------010-010---0----0010--
-------010-010-----1-0-010--
--------0---0---00----0-0---
---------------0--1--0------

Generation = 2, Population = 225.
----0-------0-0-----0110-0--
-------0---0--1-------0---0-
--01--------0---0----------0
0------0-0------1-------0001
-0---1---1--1---0----0---1-*
--01-00--111-------0-0-110--
---1--11--11--000-0-0-------
-11-11-1011-10--00-0-0-0-100
----00---0-1-0--010-0-00-0--
0--0----0--0000---10-0-----0
--01-*00-00----0----00---0--
-0------0-111--00------1-0-0
---00--00---0---0---0--10---
---10-----11-00---1------0-0
---0-0-0--01--1-101---0---00
010---0--0--10-----1------0-
-0---0--00--1100*-1-1---0--0
--0-0------1--1--10-----0---
---0--0-0-000-0-1-0-*-101---
--------0---1--01--0---1--0-
-0----0-*-----0----000---10-
------0-------0-0-0-------0-
--------1---1---11-0-0-01---
--------0---0-0----00---0---

Generation = 3, Population = 324.
---0-0-0------10---01-*1----
--000-0-0-0-00*00---0-1-----
001*0----0---01010----0-0001
--00-00--10----0-0---0-011-*
---00*-00----0-010-001000-0*
--1-----0-*---00----01-*--00
-00*-0---0*---1--0---0--0-00
0**0--0--*--*---1-----01---1
000---00010*---0-*----1--1--
-0-1--0--0---11-0--1-1-0--0-
0-1--.-1-1-0-0-1--0-1-00010-
0---000010---10--0---00*01--
-00--001-0-01-0-1000-00-10--
--0*----00--01-0--*00-00--01
00-10-0-0----0*-*----0-0----
1*1--0---1----00-00---0-0010
-10----01-0--*1-*0*0-0-010--
---0--0--0-*0---1*10--0--0-0
-----0--1-11--10*010.-*1-00-
-0-0---0-00-*001-0-101-*--10
0-0--01-.0--101------1001*10
-0---010----101-10-10--01-10
------00*0-0*0-0-*010--1-00-
-------010-01--0001-1---10--

Generation = 4, Population = 230.
---10-0---0-0-----01--**0---
0----0-0-0--11.-----1---0000
1--.-----10---*-*-0-0-10-1--
0--1--1---10------00-1-----.
--0--*01----1-11---11----1-.
--*10---11*1---------*0.1011
---.------*100*---0--1-0---1
-..-1-1--.1-.00--0-----*-1-*
---0-01----*-0---*00--*00--0
01--0010----0-*-----0--1-010
10--1.0*0----------0----1*-0
1--0111--11------100---.-*--
-1----1----1--10*11-0-1----0
00-.-0----1-----0-.11-----1*
----10--10----.-*--0---1-0--
-.-----00----011-----0---1-1
-----0-1*----*-0.-.----1*1--
-0--0---0--.1---*.-11-10--0-
-0--0-------0--1.-*1.-.----0
--0-0---0--0.1--110----.-0*-
----0--0.1-0*-*-0---0---*.-1
----0-------*--0*-0----1--*-
-0------.---.-01-.1*100*----
--------*-----0--1-0*0--*---

Generation = 5, Population = 290.
0-0*10------1----01*-1.*--00
10-0--0--100-*.-0---*0-0-1-1
-0-.-0000---0-.-.-1010*10*-1
10--0-*----1---010-----0---.
0010-*1*-1-0--**1---*10--*-.
-0*-1-0-*-.-00-0--00-*1**1--
--0.--1-0-.*-1*0---00*01----
-..--1*1-.*0.1-01100-0-.0--*
000---*----*010-0*-1-0*-11--
--0--1-------1.0-011-1-*---1
*-1--.1.1-0-0-0--0-1----*.01
*001*-*--**---00--1---0.-*0-
0*0000*1-00-11*-.*--1--1-0-1
1-0.-1--0-----0---.--000--**
00-1*-0--1---0*-*011-00--1--
-.--0-0-1---1------10-0-----
-1------.0---*11*-.010--.--0
01001---10-.*--0*.--*-*-----
01-0-0------1-1-.-.-*-.1-00-
-----0----01.-------0--.-1*0
--00-01-*---.0*0---0-1--*.1-
-0-010-0-0--*01-*-1--0-*-0.-
0-0-0---.---.0---.-.*1-*--0-
-0-----0.0---01-0-1-.---.0--

Generation = 6, Population = 304.
101*-1---00------1-*1*..0-1-
--01-01--*-1-*.0---0.11-0*0-
1-1.-1--1-00--.0.-*-*1.--*-*
-1----.0011*----*1-0--01---.
--*1-.-.0--1--..--0-**-0-*0.
--.1-0-0*-*11----01--.-..-1-
--1*0--110**0*.1-001-.1-01-1
0.*-1*.*-.*1.---**-10-0.1-0.
1--0-0.----*--1--.---1.0-*0-
---10-1-0-000*.-01-*-*0*00-*
*0--1.**-11--01101-*100-*.--
.1-*.1.--..1--1101--00-*-.-0
1.-111.*0---*-.-..-0--1*-1-*
--1.0*0--01-01-00-.1--1-00.*
-10**0101-0--1*-.---0-1-0--0
1*--1-1--1-1-0-1-0-*--10-1-1
-*-0--0-.10-1*-**0.--10-.-0-
---1*--0*-0.*-1-*.--.0*--000
--01010-101-*---.-.1*0.-----
000-0---001**1-1----1--.--.1
--1-01*0*-00.-.1----0*0-*.*-
----*-1-1-00*--0.------*1-*-
---01---.---.-0--.-**--.10-0
----0-0-.-0-1-*----0.0-0.---

Generation = 7, Population = 321.
*-**-*--0-1--0-00--*-***10*0
--1--1*0-.-*-.*100-1.**--.--
-0**0*--*--100*1.-*-.-.1-*0.
--01-0.1--*.0---**--011-1-0.
--*-0.-.--0---..1011**01-*-.
--.-1---.1.----00-*-0*1*.1*-
00-.-01**-..1*.-011--**--*--
1.*--*.*-..*.10-**0-101.*-1*
*0-1-1.00-0.---0-.---*.1-.--
-10--1*0-0-1-..----*0.1.1-1.
*-11*.**1*-0--**-*-**---.*--
.*-*.*.-1**----*1-10---.-.01
-*--**.*1-0-*-.-.*11---.1*-*
1-*.1.-001----0110.*-0-0--.*
--1..1--*-1--*.0.0-1---1110-
*.-0*0---*--1-1*01-.--*10-1*
-*-1001-.--1-.1..-*01-1-*110
-1-*.-01.--.*0-0**-1.1.00111
0--*--10*1*1.-11.-.*.-*--00-
1-10-0--11-..*-*1----11.0-.-
0-*-1-*-.111.0.-0--0-*10*.*-
--0-.0*0*--1*0-1.--1-0-.*0*-
--01*0--.--0*01--.1**--.-10-
----1--0.0----.0--11.---*0-0

Generation = 8, Population = 296.
.-**-*------1-1---1.-*.*--*1
1--1-*.10*-*-..-110*.*.00.-1
11..-.-0*1--1-.-.0*-.-.-0*-.
--1--1*--1*.1-0-..0--*----1.
-0*11*-.--111-..*1*-..--0.0.
00.1*-00*-.-10011-.0-.-..**1
-1-.---**-..**.-1**10..--.01
-.*-1*..0*.*.-10..--*--.*1*.
*-----.111-*-1---*010..-1.-0
0--1--.1-10*0.*--11*-.-*-0-.
*--*....*.1100**0*0..00-.*01
**0....0*..-1--**--1---.0.1-
-*--.*..*-1-.1*-..**10-.**0*
-0*.*.0--*1-0-1*-1.*---10-.*
-1*..*1-.--1-*.-.--*00-**--0
.*--.1---*---0-.---.00**1-*.
-*-*11--.10-1.*..0.1*1*-.*-1
-*-*.-1-.00.*1--**1-.-.11---
1--*0--1.***.0**.0*..0.-1---
----0-0--*1..*0.-1--1-*.1-*-
1-*0--.-.---.-.11001-.*-..*1
00--.-.-*--*.11-.---01-..1.0
-0--.---.00-.1*1-.-..--.1*--
--0-*-0-.-0010*-01--*--0*-0-

Generation = 9, Population = 288.
.0**-.0000-----00-**1..*-0*-
*--*-..-1*-*1*.1**-**..--.-*
-**.-*--.*--*0.-*-.-*-*--*-.
11*---*---..---0*.-00.1---*.
--.**.1.0---*-..*-*-..-1-.-.
11.-.011*1.-*1--*0.1-.-....-
-*-.-0-..-.*...1-***-..-0.1-
1*.-*.*.1..*.1*1..-1.0-.*-..
.00101*-**0.0-100*1*-..-*.--
-10*0-.*--1.-..--*-.-*-*11-*
*--*......-*--..1.-.*11-..1*
*.1....1*.*-*11..-1*--0*1.-1
-.0-.**.*0*1**.0.*..-11...1*
11.**.10-*-1---*--..1-1-1-.*
0*.**.-0.---0*.0.01*1-1..1-1
**-0.---1*-1-1-.-1-.1-..-1**
0*-*----**--*.*.*1.*.*.1.*1-
-*-..---.11..-1-..--.-.*---1
--0*-11-.....1.*.1.*.-*--00-
--101---1*-***-.--0--1*.*-*-
*0*1--.-.111*-.*-1-*0.*0...-
---0.-.0.--.*--1.01-1*-.**.1
-1--.-0-.1-0.*.*-.-.*1-*-.-0
----.--0.----1.01*11.001*0-0

*** Life<Cell> 21x24 ***

Generation = 0, Population = 80.
0----0----0-------------
----------0----0-------0
-0--0---------0-----0--0
-------0----------0-0---
---00----0-------0------
00----0--0--------0-----
--0--------00-0-0-------
0--0----------0---------
------00----0------0---0
---------0--0-----------
------------------------
0-0--------------00--0-0
0---0--00---------------
0----------------0-0----
-----------0------------
0---------0---0---------
00-0--0-0---0---0-------
--0----00----------0-0--
--0-----0-0---0---------
--00----0----0----0---0-
-------0-----0-----0----

Generation = 3, Population = 254.
0*---1----.-10-0-0001-0*
00-0-------011--------0*
*0--1*---1--1----1-01-*.
-*--01*---10--0-1-0-*0-*
0001****--0--0--*0-1-0-1
11-0*--0-1-----0-0100---
-00----1-0--1--01--10-0-
001-----00-000-0--1-----
-0-01---*-1**0-0--0--001
00-100--0---1-----1-0---
*0--1--0--0-*0-00--1--0*
*---*-0--1--1001-.---100
-00---0-1-11--0-000-00-0
*--00000-01-0-11-0110-0-
---11-1----0*1--1-00-0-0
1----00100000000-1--0-0-
1*0-**--1-**0-*0001---00
00.--1-1**00---001*--1-1
-*--10010-101--000--0-00
1*-1-1--.0*-----1-0--*0-
0-*0-10-1-1--.--0--1-10-

Generation = 6, Population = 213.
-*--*1----*11-11-1--.-0.
*.111--00*------10-0--*.
*1.1-.-1011-.0*----*-*.*
-.1---*1-01.1-1-.---*--*
1-1...*.-*11*-1-*--.-1-.
-.--*010-.-**0.11-*---**
--1--0..*-.-.1-.*-.-11-0
1----1-00-01--*--0.1*0--
*1---*-**.*..11.-*---.0.
-111-.-----1-0----*---01
*1------1110*-*-.-11---*
.*0-.110---01.1-1.*---**
-*10-1-*1--.-1--1.1-----
.-0-11-.*.---***01*.10-*
11---01-*1*1.---*--10--0
*---0-11*0.--1---.---*-*
...1*.--1-**0*.--010-01-
1-.1010**.0-01----.----1
0.*1*--*10**.-*----1---0
1.-.---0...1*-1------.1-
.-.-1-.--0*--*--1-------

Generation = 9, Population = 226.
-.0-**-0-0**.-..-*-0.--.
****10-01*1..--*.--.10.*
***.*.1.*1**.*.-*-1.-..*
-*.-*..-**.*.*10.-0-.*.*
*0*.....1*.*.0.-.0-.---*
-.--.-**1*-.*-...0.*0-.*
*1-**1.*.*.1.*-..-*--1-*
*1--.*10---*--**-1...0-0
*-00*.-***...-1.**--*...
-.-.0.1.--.*-.0-*-*1101*
*.-01*-1.---*0*-.-..---.
*.1*.--10110-..*...--1**
-.11**0.-*1*-.*1-.*---01
**--..0.**1-*...1*..---.
**--1--0..*..-00*01.0---
*0111-*1.-*11*.-*..1-.-.
**.*..10-*..-.*--.---1.*
**..-1-...1--1---*.1---.
-..**0-*.1...0.0001*001.
.*-.-1*-..*-.*.-*10--*-1
.-*0--.---.*0*-*--1*--01

*** Life<Cell> 22x17 ***

Generation = 0, Population = 33.
0------0----0----
-----------------
-----------------
----------------0
----------0------
--------------0--
----------0------
0------0---00----
--0--------------
--000------------
------------0----
---------0------0
0---0------------
-----0----------0
-----------------
----0---------0--
--------------0--
-----------------
00-----------0---
-----------------
-------0-0---0---
------------0---0

Generation = 3, Population = 154.
-0-00----11----00
0-0--0---0----00-
-0----0-00---0---
0------00------0-
0----------0-0--0
-00---0-0-0-0----
-0--00----10-----
10-1110-00-11-0--
*-1--000--10*---0
0*--*--1---1-000-
-0-0-00----000100
-0--*10-0----010-
-00----0-0---00--
--01-0----0-0-0--
-00-*-00-0--00-0-
---0-*10---01-1-0
11--000----0-*-0-
-00--0-0-0-000*-0
.-*1--0-----01*1-
-000-0-------000-
110-0-------0----
00---0-0-------0-

Generation = 6, Population = 177.
-1-1*1-1--.--01--
1------1--011-1-1
--00001*-1-1----0
1--000----0-11*--
*-*--1*010--0---1
-1-0-10--1--0--1-
0-000--01--0----0
11**.-1-1.-*1---*
.-*01-.-00.-.-1-0
0.-1*1-.----1110*
1-----------0---*
*101**--10-001-01
-0-00---0----0.--
10-*--0-00--.1.-0
0-01.0-010-1-.-00
-0-0-.10**01*-1--
**--1-101--1-.1-0
1-001.-100--1-.-1
*-*-001--01--1.11
0----10-0-0-0-*-0
---010-0-0--11--0
----0-0-0---0----

Generation = 9, Population = 179.
---**.0*0***-*-*1
-0*-0--*--...0.0.
----.--.---.-0---
.--011--*-00--.--
.-.--.*1--0-0-*0*
0---110-0.--1001*
.100.-**-0***1-0-
-1...-*--.-**-***
.-.---**1..0.-.--
-*0-...*--0**-.0*
-11010----1-0*.-*
*.0****0*1-1*11-*
*-0-1--*--1---*--
1--.0--0.0--***0-
**.*.-0--.-*-*1-0
-1-*-*10..--*1*--
*.00*---**0*0..01
-00-..01----11*01
*1.1-*10*---0-..*
*---.*0--1101-**-
**0*.-0-000-..---
10--1*00---0--10-

*** Life<Cell> 16x5 ***

Generation = 0, Population = 36.
--00-
0000-
00-0-
00--0
00-00
000-0
00---
-0---
--0--
0----
----0
0--00
0-0--
--0--
----0
-0-00

Generation = 4, Population = 39.
1-*1-
0-..1
1--.-
*--11
..--*
.-*.*
0.01-
-.-0-
1010-
01*-1
-001.
1*--0
1-.--
-1-11
0-01*
-0---

*** Life<Cell> 9x34 ***

Generation = 0, Population = 58.
--0--------0--0-0-0------0--------
--0-----0---0------------00-------
-------0-----0-------000------0--0
-0----00-------0-0--------0--0----
-----00-0-----0-0-0---0---0--0----
-------0-0-----------------------0
--0-------0----0----00----0-----0-
0----0------------0-0----00--0---0
----0-0-----0----0------00--------

Generation = 2, Population = 129.
0-*-0--0-0-00---0---000--*-0--0--0
01--0--0------10-0-----11-*100----
--1---0-00-----1---01*0*1-0-00-110
--1000-0----01-0-0-0----01*11--0-1
--001-0-0---0101--0-0-01--*11-1001
00----0--0-0---1-01-1----0-----0--
1----1-------01-1--1---0-0*-010---
0-10-----0------0-0-*-000---1-----
--------0---0-0--0-01001*0-0----0-

Generation = 4, Population = 124.
*-.--1--0-0-*1-00---*-*00*----0--0
0.*-*-0*-0----.-1-----11--..-00--0
--.0-----*1---011--0-*-**-00-0-11-
01.*------0--1----1*1-01--.**10---
-0----*--0-00*-.11*-*--.01..--*--1
--01-0--0--000-.----.----*1--1-*--
1---1-00---11*.-.--111-*--.-0---00
*-.-1100-0----01*100.-------.-10--
1----00-0----001--1-*0*.**--0---0-

Generation = 6, Population = 141.
*1*01101-1--**-*-1-1*0*--.1100*---
**.-*-*.1-101-.1---1---.*-*.*00-0*
01.*0-1**.---0-111--*.-..-*0*-0*.0
-1*.--10-----*---01.11-11*...*0-1*
0--1--*-0--0-.1.*1.1.-*.-1..--.-1-
1--.------1*-*-.1**-.-01-..1---.00
.1--.-0--11-...-.-011*-.-1.10-*-*-
.1.-1.0--0----0..1*-*-1-1---.-.*11
*-00-00---0--**-00*-.0.***11-----1

Generation = 8, Population = 150.
.**0*1**--01**0.--0-*-**-.11**.11-
*..1.-...*.---*--01.-1*..0..*--1**
-.**-0*...*-0-1111--..-**-*-.0*..-
*-.*-*.010-11.---***1.-*-*.***01-.
-1-1-*.1---***-*.*.-*-..-*..-*.11-
*-1.0--01-1*-.0*-..-*--*1..*---.**
..10.*-11-11..*0.-*-*.-.--*1*1*1.*
...11.-11-1-0--..1.1*-1-.1-0*0**.1
*----*-1-0-1-**1--*-.0*...1*-0010.

*** Life<Cell> 8x5 ***

Generation = 0, Population = 6.
-----
-----
-----
---0-
0-0--
0---0
-----
--0--

Generation = 3, Population = 19.
---0-
0---0
10--0
-100*
--10-
.-*--
*---0
0010-

Generation = 6, Population = 16.
*---1
*-11-
*---0
---1.
--*--
.**-0
.-*--
--*11

*** Life<Cell> 5x6 ***

Generation = 0, Population = 18.
---0-0
0-0000
--0000
-00-00
0-00--

*** Life<Cell> 29x3 ***

Generation = 0, Population = 29.
0--
0-0
---
0-0
---
--0
---
--0
0--
--0
0--
0--
---
--0
0--
00-
---
0-0
---
--0
0--
-0-
00-
---
0-0
-0-
-0-
0--
0-0

Generation = 4, Population = 40.
*-*
*0-
---
--0
---
1--
*--
.-*
---
---
*-*
*0*
0--
1--
*--
0-*
*--
-0*
*1-
0.-
1-1
11*
.1-
0-0
--0
-*-
0*1
.*-
*-0

*** Life<Cell> 21x33 ***

Generation = 0, Population = 72.
------0--------------0-----------
---------------------------------
0----0----00---0---0-----0--0----
---------0--0-00-------0---------
------0-----0--0------------0----
-----0-------------------0-------
--------------0------------------
------------------0--------------
-------0-0-0--0-----00--0------0-
---0-----------------------------
--0------------------------0-----
-----------------0--0------------
-----------0-----0--------0------
00--00---------0----00--0--------
-----0------0---00--0--00----0---
------------------0--------------
-------------0---------0---------
----------0-0----0-------0--0---0
00-------------------------------
---0-------------0---------------
--------0-----------0-------0-0--

Generation = 5, Population = 307.
---01-*0--1.10--0---0----0-------
00---*-0-1--0--.00--------0--0--0
01.---0-0-1*0--*100-0--.--.11-00-
-0--0.01*-.**1.-*0--0---0-0-00-0-
-----0*-11-*1.-.--01*----.-0-00*1
----0001-*-0-0-*0-0---0--0-0--000
-0--0-1---0----.--**01000--11----
0-00--000---*-0-0-00.01*--0-0--0-
000-01--0----*10*0-..-0--1*.0-0-0
-10--1010-0--0--0-0-.-00*--0-0---
*----**----0-0-0*.--.--0--.-0---0
0-----0--0-0--00*1..-*--*0---00--
--00-*0--10*.--*-.-1*01.10-.-1*1-
.1----.0---*-000-0-.1-0-*0--0-0--
--*001-1---.**0-1.-.1*-**.-0-0--0
0---1------0.0-1.---10-0--00--0--
00-00100-1-.10-11.01.-00.-1--0*00
1-01--1-*--0-**------*01--..-**--
***-*-0-*0-0-00-----0-0.*0--*--00
0*0-0-0-----010-0-*00-0-0-0-.00--
.10--0-0---0*-00--0--00-00-0-----

*** Life<Cell> 14x10 ***

Generation = 0, Population = 26.
---0------
---0------
--0------0
---0-0----
---00--00-
----------
-0------0-
-----0----
----------
----0-----
--0-0---00
------0---
---0--0--0
-00---0-0-

Generation = 2, Population = 46.
-01*-0---0
-0-*------
0-------10
-0---0-1--
--------*-
---1------
----0-010-
---01--0--
-00-1----0
--1--1----
0-00*-11--
-01---*---
-10--1-1--
1**0--*---

Generation = 4, Population = 54.
---*----10
---.---0--
01-1-100.-
-0---0-1-1
0---1--1.1
---10-----
-0---0-.--
-1-*.10--1
----.-0110
101---0---
-1--*1-**-
-0.---*10-
-*-0-10--0
.***--.00-

Generation = 6, Population = 58.
0--.----*-
-*-.---*0-
-101---*.-
---*0*-10*
---0*0-*.*
-11*-0-1--
1-----1.1-
1.0.*-0-0.
----.0*---
*-.-*1-101
-1--..-..-
1-.1-1.*00
-.-*-.0*-0
**.*-1.*-0

Generation = 8, Population = 59.
-0-.--0-*-
-.0.---*0-
-1-----..-
-*0.*.0*-*
0--*.-0*.*
-*-.1*1.0-
*10---...-
**-**--1*.
0---*0*1-1
.-.-*1*.-.
---1.*-**1
1-..--.*--
0*-.-**.--
.**.01**1-

Generation = 10, Population = 60.
---.0---.-
0.-.00-*0-
*.-1-1-*.*
-.*..*-*0.
-10..1-...
-*-*..1*00
.1*01-**.0
.*-**101**
-100*-.1--
.-.-.-..1.
1--1..-...
.0..-1..-1
-.1.0.*.10
.*..*..***

Generation = 12, Population = 55.
10-.-001*-
**0*0-0**-
**-1---..*
1.*..*-.**
-1-*.*1.*.
-.-..*-.-0
**.-1-...0
*.-..---.*
*-0-.-.*--
.-*-.1..1.
--*-..-...
.-..--..0.
0.1.***.1-
..**.**.*.

*** Life<Cell> 2x28 ***

Generation = 0, Population = 17.
000--00---0-0-0------0-0--0-
0------0--0-0-----0------0--

Generation = 3, Population = 30.
11--0*.--0-0.00010------*11-
1--00*0--*1-10--1--0-00-010-

Generation = 6, Population = 25.
1.10-.*10.1-.00-.1-*-0--**-*
.111*.--*..-.---.--0-11--*-*

Generation = 9, Population = 26.
-.-11..--*--*-.**-*.1-*0*.-.
..*.*.-0***-*010**1*--.-1.-.

*** Life<Cell> 34x10 ***

Generation = 0, Population = 31.
--00---0--
----------
---------0
----------
0---------
0------00-
----------
----------
----------
----------
----------
0---------
---00-0---
----0-----
----0-----
----------
--------00
----------
----0-----
---0------
----------
-----000--
--0-0--0--
--------0-
---------0
----------
----------
------0-0-
----------
-00-------
----------
----------
-----0----
----------

Generation = 1, Population = 81.
-0110-0-0-
--00---0-0
--------0-
0--------0
10-----00-
10----0110
0------00-
----------
----------
----------
0---------
-0-00-0---
0-01---0--
-----00---
---010----
----0---00
-------011
----0---00
-----0----
--0-------
---0-000--
--0--1--0-
-0-----1--
--0-0-----
----------
---------0
------0-0-
-----0---0
-00---0-0-
0110------
-00-------
-----0----
----0-0---
-----0----

Generation = 2, Population = 90.
01**1--0--
----------
0-00-----0
1------00-
*-0------0
*-0--01--1
1---------
0------00-
----------
0---------
---00-0---
0-0-1-----
-01--00-0-
0-0---1---
--01*---00
----1-----
------01-*
---0------
--0---0-00
-0----00--
--0----1--
----0*-0-0
0-0-000---
-----0-0--
--0-0----0
------0---
---------0
-00-0-0-0-
----------
1--10-0-0-
-----0----
-00-------
---0---0--
----------

Generation = 3, Population = 164.
1-***00-0-
-0--0--0-0
1-110--0--
-0-0--0110
*-10-000-1
*-1001*11*
-00--00000
10----0110
-------00-
-0-00-0---
---1---0--
-010*---0-
01*1-1---0
-0--0-*0-0
00--*00011
--0-*0000-
---0001*-.
----0--00-
-----01011
0-0--0---0
---000--00
0--0-.01--
------11-0
0---010-00
-0----000-
--0-00-0--
-00-0-----
011-------
0000------
-11*10---0
0000----0-
011--0-0--
-0--0-0-0-
---0---0--

Generation = 4, Population = 101.
-1***-10--
0-00---10-
--**-0----
1---------
*0-10--1--
*0*1--.-*.
1--------1
*---------
0--00-0---
0---1--00-
----0-----
--*-.-----
1-.----0-1
0---1-.-0-
1--1.1--*-
0--0.-----
---1-1*.1.
----1001--
0-0----1*-
-------00-
--------1-
-001-.----
---00-*-01
---01-1---
-----0-1--
-01--101--
--1-1--0--
--*-0-----
-----0---0
1*-.-10---
----------
------0-0-
-1---0---0
-00-------

Generation = 5, Population = 153.
-*..*-*---
-011-0--10
-0**--000-
*-0-00-1--
.-1-100---
.1.---.-*.
--00------
*0-00-0--0
-001----0-
10---0-110
0-0110-00-
00.0.--0-0
*1.-0-0-0-
-0----.-1-
-00*.-00.1
100-.-0---
0-0*0-..-.
0-0-*11-0-
---000-*.1
0-0---0-10
-000----*0
01---.0--0
-0-1--.-1*
--0--1*-00
-000-1-*0-
01-0---*0-
----*--10-
-1.-1--0-0
000--1--0-
*.1.1-10-0
00---0--0-
-1--------
0*--0-----
0-10-0---0

Generation = 6, Population = 162.
1*.**0.000
01*-0-0--1
--..-011--
.0-0---*--
.-*--11-0-
.-.101.1..
101---0-01
*--11--1--
01---00-10
--0--1---1
--1*---1-0
1-.1.0-1--
.*.----01-
---01-*-*-
-11*.1-1*-
-110*01--0
-01.--**1.
1-1-.**1--
--011--..*
-0100--0-1
0-110--1.1
1*---.-10-
-10-00*1-.
-0101-*01-
--1--*0.1-
1-11-10.10
0---*00*--
-**0*-01--
-1-00--0-0
..**--*1--
----------
0-1-00--0-
-.-------0
10*10-0-0-

*** Life<Cell> 17x35 ***

Generation = 0, Population = 89.
---0--------------00----0--0-------
-0----00--0------0-------------0-0-
---0-0---------0------0------------
---0----0--------------0----0------
--------0---------------0------0--0
---------0---------0------0--0-----
------0-0--0-----------00-----0----
------0---0-0--0----------0-----0--
0-----------------0-0----------0---
--0----0---------00----0---00--0---
---0-----0---0-0------0------------
0-00------0-----------------0-----0
----0----0----0---0---0---0--0-----
---------------0--00---------0-----
0------------0-----------000--0-0--
-0-----------------0-------------0-
--------0------0--------00-----0---

Generation = 1, Population = 225.
-00-0-00--0-------110--0-00-0--0-0-
0-0---1100-0---00--0--0-0--0--0---0
-001---00-0---0-00---0------0--0-0-
--0100-010-----0-----------0-0-0--0
---0---01----------0-----00-000-00-
------0-0-00------0-0--0-0-00--0--0
-----01--------0---0--0110-----00--
0----01000-0-00-0-0-0--000-0--0--0-
-00---00--0-0--0--1--0-0--000-01---
00----0-00---0-001-00---0-0110010--
0-010--00---0---000--0-----0---0--0
--1------0-0-000--0-------00-----0-
0-0--0--0----0---01--0-0-0-0-10---0
0---0----0---0--00-10-0--0-001--0--
------------0-00--0-----01-10------
--0-----0----0-0--0-0---0-00--00--0
-0-----0-0----0-0--0---0110---0-00-

Generation = 2, Population = 248.
-1-------------000**10--0110-0-----
----00--11--0--1---1---0----00-0-0-
-1---0-11----0---1000---0--0---1--0
-----1-1-1-------0-0-0---0---101-0-
---1-0--*-00---0-------00-1--11-110
---0--101-110--0-0---0-10-01---10--
0---0-*--00--0----0-001-*10-0---1-0
--0-0--1-10-011---10---11-01-010--0
0-10--1-00-0-0-10-*-0--10----01--0-
--00001--1--0---1--110------*-1-100
10--10-1-0---000-1----0-0-0--0-1---
-0--00-00---0--1-0-0---0--1100000-0
1-10--00-0-00--0------0--10-0-100--
1000------0--1--1--*10-----11--0-00
0-0-0---00-0--1---1---00--0*--000-0
---0-----------1-010-0-------0-1---
0-----0-0-0----0-0----01*----01011-

Generation = 3, Population = 300.
0-0-00--00--0-0---**-10-1--10100-0-
---01-1--*00--0*--0-000-00001--1---
0-0------0----000---1-----0-----00-
-0-10--*---0-0-001010-000--00-1-010
--0*-1-0.0----010--0--0--0*-0----*1
0-01-----0**1-01-----10-101*-0-*1--
-00-1-*0--1-01-0--1011*-.-1---00*-1
-010101-0*-01-*-00*100--*0-*0-*1--1
--*-0-*0110--10*--*-1-0--000--*--10
---111----0--000*--**1-0--01*-*1*11
*---*10*010-01--0*0-0--0--1-01-*00-
01----0110--1----1--0-0---*-111----
*-----1-0-01--01-0--0---0*---1-----
*-----0000-0-----0-*-100-00--10--1-
101--0-0110-0---0-*00011011*--1-101
------0--000---*--*1--0-0-0001--000
-0-0-0-----0--01-1-0--1-.1--0--1-*0

Generation = 4, Population = 216.
---0-1-01-----1--0**1---*---1-----0
--01-0-1-.-1-01.-011-1----11---*---
-1-1--0111-------------0--10--0----
----1-0.1-0----1---*----1-01-------
0--.0--1.1--0------1----0-.-1-101.-
-01--01-1-..-0-*--0---1-*1-.0-0.---
--1-*0*1-0*-1*-1---1*-.1.1*00---.-*
0-----*--.-1--.-1-.*--01*--.1-.----
--.---.-**-----.0-.-------1100.1--1
0--*--1--1-0-111.-0..*010-1*.0.*.--
*---.*1.1*-------.10---100-01--.1--
1*1-0-1*--0-*-01---0----0-*---*-00-
*----0----1--01*--1-1---1.0---1--0-
*-0----1---1--00-10.--1--1--1--0-*-
--*00---*----0---0.--1-*1*-.-0*----
0-00-0----1----*--.*---01--11*----1
0--------0-1001---0100*1.---1-1-1.-

Generation = 5, Population = 274.
---1-*--*0-0--*00-..*--0.11--1-0-0-
--1*-11-1*0--1-.0-*-0-0000-----.0-0
0-0*---***-0-000-10--00--0*100-----
00--*-1.*--00-0-0-0.0---*------10--
--0*1-0-.--0-------*0-00--*-*---*.-
-1-10----0**11-.00-001-1.--.--1.1-0
0-*-*1.*01*0**-*----*1.*.-*-100-.0.
-01-1-*-0.---1.-*0.*-01**--.--.1---
--.0--.0**0--10.10.0-0---0-*1-.*01-
100.1-*00----*-*.11*..-*-0-..1.**-1
*-01*.*.**-001---.--00---1--*-0.*--
*.*----*--1-.0--0-01-----0*-11.---0
*--------0*--1-.0-*0-000*.1001*---0
.-1-000-----01-----*1---0*-1--0--.0
-0.11---.1000---01.00-1.**1*0-*--01
1---0-0-0---0--.00.*---1--0**.0-00-
1000-0--0-0*--*--11*--*-*---*0---.0

Generation = 6, Population = 276.
---*-*-0*-0-0-*--0.*.1-1.-*11---0--
00-.--*1*.110*1.10*-11-1-1111--.-0-
11-.-00...010-11-*1011--0-*--101--0
-101*-*.*-011011-11.1---*--1-11*-1-
001.*-11.1--000--0-.101--0.-.11-*.1
----1-10--..*-0.11----1-*--.--*.*0-
--.0.***1*.1..-*0--1.*...1.-*---*-.
-1-0*0*--.-1--.-.-.*01-**-0.-0.*---
0-.-0-.-..100*1.-1.--1---1-.*-..1*-
---.*-*11100-.1*.--*.*0.--1*.-...1-
*01-*.*..*01-*000.-011010--0*--.*0-
*.*-0--*-0*-.-011-----00--.1*-.-001
.0--001001*1--1.1-.111--..-11**0-0-
.--0--11------0--1-.----1.--1--0-.-
--***---.*--1--0--.1---...*.--*0---
*00010--1--0100*-1..--0-1--...1-1-1
---10--01-1*-0.1---*00.1.10-*1--1*-

Generation = 7, Population = 271.
010.-.0-*-1010*0-1.*.*-**-.*-1-0---
--1.-1.**.**-.*.*-.--*-*0*-*--0*---
-*-*-11.*.1-1-*-0.----0-10.1--1-00-
0*1-*1..*1-*-1---*-.-000*----*-.0-0
11-.*-*-.---111----*---00-.0*-*0..-
011-*0*1--***11.--0001*-*1-.0-*.*1-
-0*1....-.***.-*--1*.*...-.0.-0-*-.
----.1.-0*---1*0*0**-*-.*--*1-.*00-
--.---.0*.---*-*1-*----1--1.*-..**1
-00.*-*--*-1-.*..11*..-.0-*..-...-1
*---*.*...---*---.1--*-*11-1.1-..1-
*.*---1.11.0*-1**1---0----**.-*---*
.-----*--*.*01-.*-.*-*-0..1--.*-01-
.0-10-----01011---0*11-0-.0-*-0-0.-
1-...-00*.0-*-110-*-0-1*.*..00*---1
.-1--10-*---*1-*--**0--1---*..*1*0-
10----01--**01.*011.-1*-**1-.*-1-*-

Generation = 8, Population = 274.
1--.-.-0*--1--*10-..*.-*.-*.--010--
00**1*..*...0...*-.11*0.-.-*1--.-0-
-.-*0**...*--0*-1*---11-*-.*0-*1-1-
-.*1.-..**0*-*1--.1.1111.----*1.11-
**1..-.-*100---1-0-*--1-1-.1*1*1..1
---1*-**10*..*-*-1---**1**1.1-*.**0
--.*...*1.....0.--*....**1*1.010.0.
-110.-.--*-1--.-.-..-.1..0-.-0..---
-0.-00*1..-00*-.--.0-10-01*.*0.*..-
-11*.-*--.--0*****-*..-.10*.*1..*1*
*--1..*.**---*000.*-1.-***-**--..-0
.*.000-.*-.-.-****-10-0-0-.**-*000*
.01000.0-*..--1.*-.*1*-1.*--1.*--*-
.--*10-10--*-*---1-.*-1-1*1-*1--1.0
--***---*.10.--*1-.--1**..*.--.----
*--01*1-*0--.-0.0-..--0*---*...*.--
*1-----*-0.*1-.*---.-**1***-..1*1*0

*** Life<Cell> 10x11 ***

Generation = 0, Population = 45.
-000-0----0
0-00-00--0-
-0--0-0----
--------0--
0-0--00000-
-0----00-00
0-0----0-00
-0-00-0----
-0-0-0-0--0
00-00------

Generation = 4, Population = 57.
**.01------
-*-01-0----
--*0---*0.*
.1*0-10*--1
0.111*1*.0-
---01--.*.-
0*1*-0..---
-*101*----*
000--0-0*-1
1*10-0--100

*** Life<Cell> 8x19 ***

Generation = 0, Population = 56.
-00-00--0-0--0-0---
-0-0------0-----00-
0---00---0-------0-
--0----00--00-0-000
-----00-0---0-00-0-
--0-00--0-000---0--
-----00000000----0-
--------0-000----0-

Generation = 1, Population = 71.
0-101100--100----0-
-10-0---0-10-0--1-0
--0-1100---00-0-0--
00-00--1--01--101-1
------10-000---1-1-
-0--110--0-1100--0-
--0---------10---10
-----00-10-1-0--010

Generation = 2, Population = 74.
-0--*--1-0-11------
-*10-0-0---1---0*0-
0010*-----011010-0-
1101--0-0--*-0-1-0-
0--0------11-00*0*-
0--0*---010-*11-0--
---00---0--0-1---*-
--0-011-*1--01001*-

Generation = 3, Population = 72.
01--*-0*----*0-000-
-.*----100--00--.-0
----.-00001--1-10-0
**1*-0---00.0---1-1
------1-----011.1*0
1001.1-0----.--010-
0---1-00-0----000*0
-0-0--*-**0-1*---*0

Generation = 4, Population = 73.
1*-0.-1*-0-1*--1-1-
0*.00-0*1--1-10-.-1
00-0.-111--11*-*---
.*-.--01---.101--0-
-----0---011--*.*.-
---**--101--.11--10
1000-0--01--1-111.-
-----1*0**1-**-0-.-

*** Life<Cell> 31x30 ***

Generation = 0, Population = 90.
------------------------------
--0---------------0-----------
----0-0-------------0--0------
----------0-----------------0-
-------------0-----0---------0
--0----------------------0----
----------0---00----00--0----0
---0--0-------------------0---
---0-0-----0-----0------0-----
0-------------------0-------0-
----00------------------------
-----------0------------------
--00-------------0-0----------
------------0-----0-----------
---------0------------0-------
-----------0------------------
------------------------------
0--0--0-----------------0-----
-------------------0-----0--00
----------------0----0-------0
0--0------------------0---0---
-------0--0-----0-------------
------------------0-------0---
----------0--0--0--0--0-------
-----------------------00-----
----------0-----------0-0-----
--------------00----0---0-----
--0--0-00----0----------------
---0-----------------------0-0
------------------------0-----
0----0----0---------------0---

Generation = 1, Population = 271.
--0---------------0-----------
-0-00-0----------0-00--0------
--00---0--0-------00-00-0---0-
----0-0--0-0-0-----00--0---0--
--0-------0-0-0---0-0----0----
-0-0------0--000---000----0---
--00--0--0-0-0110--01100--0-0-
--010--0--00--00-0--00---0-0-0
0-01------0-0---0-0-0--0-00-0-
-0-00------0-----0-0-0--0--0-0
0--0110----0--------0-------0-
--0000----0-0----0-0----------
-0110------00---0-0-0---------
--00-----0-0-0--------0-------
--------0-000-----0--0-0------
---------00-0---------0-------
0--0--0----0------------0-----
-00-00-0-----------0---0----00
0--0--0---------0-0-00----001-
0--0-----------0-0-00----00--1
-00-0--0--0------------0-0-0-0
0--0--0-00-0---0-00---0-------
-------0-----0---0----0--0-0--
---------0-00-00-0--00--0-0---
-------------0--0--0--01-0----
---------0-0--00----00-0-0----
--0--0-00-0---110--0-00010----
-0--0--110--0--0----0---0--0-0
----00-00----0----------0-0---
0--0-0----0------------0-000-0
-0--0-0--0-0------------00-0--

Generation = 2, Population = 274.
----0-0-------------0--0------
0---1-----0-----0---1-------0-
--1-0-0-0----0----11-11--0---0
--------0---0-----0------00---
----0-0---10--1--0-----00--0--
0--10-0---1------------0--100-
---1-0--0--1----1-0----10-10--
001-10--0-----------1---01----
-0-*0--0-01--00----0100-0-1--0
0-01--0----1------0---0-------
---1-*10---1-------0----0-----
0--------0--10----0-0-------0-
01-------0-----0-0-0-00-------
----------0---0-0---0---------
--00---0---1-----0-00---0-----
0--0--0--1--10----0-----0-----
---------0---------0--0--0--00
011-11--0--0----0----00---0--1
1--1-------------0---100-----0
1--1--00--0---0-0-01---00--0-*
011--0------------000----10--1
-----0--110-000---10-01------0
0--0------------0---0-10--0-0-
-------00--11-11010-110-------
--------------00--0-001-01----
--0--0-0--0-0---0--01---0-0---
---0--------00--100----1*-00-0
0--0100*-1-0---1------0-------
00--------0---00----0---1010--
--0--1-00----0--------0---1---
--0--0-00-0-0-----------1-0100

Generation = 3, Population = 442.
0--01--0--0-----0--0100-0---0-
-000-0--00-0-0-0-00-*-00-0-0--
00--1---100---0-00-*0**001----
--0----0100---0---1--000--1--0
0---1-1000-1-0-00-----0-1-01--
-00--01000*0--0-000---0-00--10
-0-*-1-010--0--1---01-0--0----
11*---0-1-00-00-0-0-*-0-1*00-0
01-.----01*-0110---1*---10-00-
-01*--10-0-*000--0-00-10--0--0
---*-**1000*-0----0---00-0--0-
1--0-000010-*100------0-0--0-0
-*1-----01--00--0-0--110----0-
0000---0-----0-0-0-01-0-0-----
001-0---00---00---01-0-010----
-0-100--0*0-*10----00-001---00
-000000--10000--0---0-10---01-
--*0**00--0-0--0---00-1----0--
---*-0000-00--0-0--00-1---001-
---*0-1100-0-0---0---0--1----*
--*-01-000--00--001-1-00-*1-0-
-0000100*-1-1-1000---1---0---1
-00-00-0-000-0--1---1-*100----
0--0--01100**--*1---**1-000-0-
--0--0--0-00-0--0-1011---*----
-0--0---00--1-0-1-01--0--01--0
0--1--0--00--11---1-0--**--1--
1-0----.--0--0-*-00-00---0---0
-1-00-0-0-----1-0--0-0-0*-*10-
0-100*---0-----0----00-0---000
-01001----------------00-----1

Generation = 4, Population = 268.
----*-0------0-----1*--0-----0
0-----0-------0---1-.-1--1----
1-1-----*-----101--.1..----0-0
---0----------1---------0-*-0-
---0-0---1-*---1-------0*0-*--
--1---*---.-------1-00------*1
---*-*----01--1-1001---10--00-
--.----0---1--------.-1--.--0-
-*0*-----*.----1-0--.0------10
---*0------.1---0-0------0--0-
00-*-..-1-1.--00----001-0----0
---1--11---0.--1----------0---
0.-1-000---0-1-0-0---*-10-----
---1--0-0-----0-0---*-1-1---0-
----1--------1----1*-----10-00
-------0-.-0.--00----0-------1
0-1--------------0-0--*---0---
--.-..------1---0-0-1-------0-
---.-----0-----0--0--1*00011*-
---.------0101--01-10-0----00*
--.-1--1----------*---110**--1
0-------.-*0*-*-----0-1-------
---------------0---0*-.-11--00
--0--01**1-..01**10-..-0--1--0
0------------------1*-1--.0-00
------00--0---1-*-1-1-----*-0-
1----0-0---0----1--01--**0--0-
*0-01--*1-1001-*01-0--0-0-----
0----0----0-------------*0**-0
-----.----0---------1-0-----1-
-1*11-0--0-----0----0-1-1--1-*

Generation = 5, Population = 444.
0--0.-10----0------*.0--00--0-
100-10100-----1-00--*0--0-00--
*-----00.0---0*-*01.-..-01--0-
0--100--10-0-0*00---0---10*---
---1----0--.0---0-0-0001*10*00
-0-1-0*0-0.---000-*0110--0-0.*
---.-.-0-01-00--*-1*-1-*10111-
-1.--00-10-*0-000-00.---1.----
0.-*---00..00-1-0---.----0-0*1
0--.10--000.-000-0-00-1---0010
11-*-..----*001---001-*---0---
-00-0------1*1--00--0-00-0-0-0
-.1--1----01--010-0--*1*-00-0-
0-0*--10-0-0-0-0--0-*0-0*-001-
-----0000--10--0-0**-00--*1---
0-0-0-0-0.0-.1011-0-0----0---*
---0---0---00--00-0---.0-0-010
0-.-..---0-0-0---010---000--11
---.----0--0-00-0-1-0**----*.-
---.0--1--1--*0-1*-*10-0--0-1*
0-.0-10-0----00-0-*--0*--**--*
-0--0--0.1.-.-.---1-1-*---0-0-
0-0--00000000001-0-1*0.-**-01-
00-001-***0..1-**-10.*----*00-
-00--0--000--0-0-01**----*----
------1-00---0--.----0000-*---
*--1--0---01-11------0-**1-110
*1-1*00**--1-*-*1*-1-0-0-00000
1--0--0000--00-000-00--0*-**0-
00100*0---10---0---0*-10-010-0
0**-*--00-----0-0--01-*--00-0.

Generation = 6, Population = 410.
1---*------0-00-000..100-1---0
*-10*---1---0-*-----*-10--110-
*-10-0--.1000-.0.1**-*.01-0--0
100--1------0-.-1--01-0-*-.--0
000---1-11-.---1--10111-.-1.--
0--*-1*-01*---1-1-.1*--00---.*
---.-.0111*1-111.-*.1*0**1-**-
--.1111---0.10--1---*0--*.0--0
1*0.---11..--1--1-0-*-0---1-.-
---**11---1.1--10-0---*0---1*-
--0*1*.-10-.1---0011*-*---100-
---1-------*.-0--10-101--1--0-
0.-----0--1*-11*-0100.*.0---1-
---*00--0-0-0-0----0.1--.-1--0
---0-1-1----11--01..--1--.--00
---1-01-1*-0.*---0-0--001--0-*
---------1--10---0--0-.10--1*1
-1.0..-0----11-001-1-0----00--
1--.0------1-1--1-*--..000-*.-
1--.----00--0.1-*.-.*1--1-10**
--.--*1---0-0---10*-1-.-0**00*
0----101.*.0.-.00-*0*-*000101-
1---0---1-1--1--1---.-*1.*--*0
---1-*1...1..-1..--1.*1-00.1-0
--1--1--1--00--101*..111-*000-
0000--*---001--0.011---1--*-00
*-0*------1--**-10-01-0..---*-
**-*.--..--*0.0.**-*01----1---
-1--001111-01--11--1---1.-..-0
11*11.-0--*1-0-10001.---0-----
-..1*--11000-0-0-00---*-1--1-.

Generation = 7, Population = 452.
*00-*0--0-0-01--1-1..*1----0--
*--1.--0--0010*-0---*--1----10
*0*-110-.*--10.-***.-..---1--1
*11-0*--1-0-10.0--11--10*0.-01
11---0*----.0---00*-----*1-.--
1--.-*.01-.---*--0.-.10---10*.
0--*0.1-**.*0-***0..*.-..*1**0
11**---0--1.*1--*0-0.-1-*.1---
**1.--0***.-0*1---1-*01-10*-*1
001..**----**-0*10---0*10-0-*0
-11.*.*1*1-.*01--1--*0.---*110
1--*-0-101-*.-1--*1-*-*0-----0
-.--010--1-.0*-*--*1-.**--00*-
0-0*--10--101-1-0--1.-1-.0-011
--1-1-0-000----01-..--*-1.1-11
--0*--*0**--..0------0-1-001-.
-0---000-*0--100--00--.--0-*.-
--.-..0-00---*-11-1-1-1---11-1
*--.-0-0000--*---0*-0**111-..0
*0-.001111--1.--*.-.**0-----.*
--.-1*--00-0100-*-*0--*-1..--.
10----1***.-*0.110*-*-*11-*1*1
*0---0---0*-0---*00-.-.-..-0.-
0---0***..*.*--..1--*.*-11.*-1
0-*00*00-00--0---*...-*-0.11-0
----0-.000-1---1.1*--00*0-*011
.--.0-0--0*10.*1-111-0-..--1*-
*.0*.00**1-.-.1...-.1*-0-0-000
1--0---*-*01----*0---00-.-..0-
**.**.--00.*01-*111-.-1-10-0-0
0*.-*10---1--1-10----0.-*00-0.

Generation = 8, Population = 377.
*-10*11---10---0*--..**---0--0
.01-.---------*----0.---0-1-*-
.1.0-*1-**0-*1.-*.*.1.*-1--00-
.----.00-0--*-*-10**10*-.-*01-
*----1.---1*1-1-11.--1--.--.-0
---.-..1--.0-0*-1-.-.*1000-1.*
---*1*--.***-1*..1..*.-*..-..1
**..--1110-..-0-.-0-.-*-*.----
..*.---.***-1.---0-1*1*0*-*-*-
--*....0--1*.-1.----01.--0-1.1
1--.*..*.-1..-*----1*-.-00*-*1
---*-1--1*-*.1*-0*-0*0.-0---01
-*111*-0-*-.-.-*--.--...0-11.0
---.0-*1-0---0--10-*.1--*-----
00-------1--1-01-1..--*0-.*---
---*--.1..0-.*111-000-0-1-1--.
0--001---.101-1--0-1-0*101-..1
01.-..1--10-1*0-*1-1*0*-00*--*
*--.-1----11-*0011*-1..--*-..-
*10.---*-*--*.10*.-...1--0--..
--.0-.1111-1-110.0*11-.1**.00*
--0-01**...-.-.*-1.0.-*---****
.-0--10---*-----.--1.-*1..--.-
--0--..*....*--..--1.*.--*.*-*
1-.--.111-----010*...-.1-.-*0-
0-0---.--1-*-0-*.*.-1-1.--.-*-
.-0.101001.*1**---**1--..1-*.0
.*1*.11..*1.0**...0**.0------1
-----0-.-.---01-.-------.-..10
...*..0-1-..---.-**1.0*---1---
-**-*-111----*----0-1-.0*111-.

Generation = 9, Population = 451.
.0--*-*0-0*10--1.0-....00110--
*--1.---10-01-*-----*0-11-*1*-
.*.--*-0**1-***0*...*.*-*11-11
.1-1-.-1110-.0*-*1..*1*0.0*1--
.1--1-.---*.-0--*-.0--11*11.-1
1--.0**-11.-0-.-*0.-**-1-1--.*
000.-*--.*.*--...-....0..*-.**
.***1-*-*11.*-10.0--.-.-**1-00
..*.--0....0-*--1-1*.*.-*0*0*-
00.*...1--*..0*.-0-01-.101--.*
-11**.**.-*.*-*0011-.0.0-1*1.*
10-.-*11**0..**11.--.1.0-----*
0.-**.010*1.-*-*0-.-0*.*--**.1
0-0.10*---1----0*--..---*0-0-1
11101-0-0*-1-----*..0-*11..0--
-00*-0.-.*1-..-**-1110--*0*1-.
1-1--*-0-.*-----010---.---0..*
1*.0..-00*1--.11.*1-.1.0--*11.
.00.0--0-0-*-.-1-**0*.*--.-..0
*-1.-0-*1*-1..*-..-.**----10*.
01.--.------1**1.-.**0****.-1*
-0101*...**0.0.*-*.-.1*11-*..*
.0-0---0-0.00--1.00-.-**..0-.-
0011-*..*....11**11**..-1.**0.
*0.--.***--00-1*-**.*1*-0.1*--
1-1000.-0*-*11-..*.-*--.-0*0.-
.--.*1*--*..*..---..*0-..--..1
.***.*-..**.-..*..-.**-0-0-0--
-10-011*1*0----1.0--00--.-..*-
..***.10*0..--0.1****1*-1-*-10
0.*1.----0--0.0---10--*1*-**0.

Generation = 10, Population = 386.
.-1-.-.10-.*-1--.-1...*-1-*---
*01-*010-1--*0.000-0*11-*-.*.-
**.-1.--..-0...-**.*...-.**--*
*----.0-**10.1.0.*.**-.-.1.*--
**0-*-*0-1**-1-1.1*-11--.--*0*
*01*-.*-*-.---.0*1.-**-*0---.*
-1-.1.1-...*0-.*.-...*-*..-*..
*...*1*-***.*1*1*--0.0.0..-01-
*...001.*..-1.1---**...-.-.-.1
1-..**.*00*..-..11--*1.-1*0-.*
1*-**....-*.*-.11**-.1.-0-**.*
---.0.--..1.*..-*.1-.-.-01--0*
-.-*..1*1.**0*1.10.11*.*--**.-
-01.*-.--0*--01-.--.*110.11--*
-*-1--1-1.--1---1**.10*-*..-11
0--.01.1..--..1*.---*1--*-.-0.
*-*00.-1-..0--10-*1-0-*10--...
-..-*.11-.---.*-..*-*-*-00*-**
.--.--0---1*0.0*-*.-..*--.-..-
*-**---*-*-*...0*.0...101-*-..
--.01*-11-01*..-*0.*.-.....--*
-1-1-...**.-.1.*-*.0.-.--0****
.-----0-11.-11--.1--*-....--*0
-----....**..**..--.*..-*...1.
.-.-0.*..-0----.0....-.-1.*.--
*0*-1-.--*-.-*-.***1.01.-1.-*1
.0-..-*0-...**.1-1.*.-0.*-0**-
.*....1....*0...*.-*..-------1
1-1--**.*.-1---*.1--11-1*0*.*-
......-1.1..011.*....*.0*-*0*1
-**-*-11-110-*110-----*-*-*.-*

*** Life<Cell> 16x28 ***

Generation = 0, Population = 37.
-----------------------0----
-------------------------0--
---------------0---0--------
----------------0---------0-
--------0-----------0-00----
--------0----------0----0---
----0---0-0----------0------
----------------0--0--------
-------0----------0----0----
-------------0--------------
------------0-----------0---
-------------0-0--------0---
--0-------------------------
-----------------------0----
-00----0--------------------
--0---0------------0--0-----

Generation = 5, Population = 203.
-------010----0-0----01*-10*
----0--0-000------0*010*-1*.
---0-0-0*-11--0---0-.1-00000
-------0*-0-10--100**0-00**-
---010--*-00----*0011-.-*0-1
0--0-010*-.0-10*-0-0-..--*-0
-0-01----0---0*-0---*--1----
0-000-00*0--**1--.-0110-.0--
-01*1--0--1----0.00--00-.---
-0-00----*-0--0----10001.--0
0*---0---0-----0*0-0-*-1----
0-1000100-0-0--0-101-0--1---
.1---01100-0-0--0---0-01.0-0
001----0---0--0---0--1.---0-
.1**-*-10--110----0---001000
.0.0--1--0----0--0-1---1.--0

*** Life<Cell> 11x14 ***

Generation = 0, Population = 31.
-----------0--
------------0-
0--------0----
0--0-------0--
----00---00---
-0-0----0---0-
--0---00------
0--0---0--0--0
--------0-----
-0--0--0------
-0------00--0-

Generation = 2, Population = 70.
0----------0-0
1--0------00--
*-0-00-0-01---
*-10-1--00---0
1--1---00*-01-
-0-0-110--11-1
1---0-----1---
01001--*-1-1-0
-10----1011-0-
1-1--110-10--0
-*-0--00-*-10-

Generation = 4, Population = 69.
*---00-0--0--0
11-0--------1-
*0--*000---0-1
*0101.-1--0---
*0---10--*-0*1
-----.--0---1-
*111--*-0-*10-
0.*-1-1.-*-1--
-1---1-.0-1---
1-*-1..*-*-01-
0*--1-00-*-*-0

Generation = 6, Population = 64.
.0-0-*-0110-00
*---10-0------
.---.---101-1-
.0---*-.----1-
.0-*-*-01.*-.*
-0-*-*11--**--
.-..--.-*-..--
-..11-*.1.-.-0
--*01--.01---0
*1*0*.**-*1-.0
-*01*---1*-*-0

*** Life<Cell> 1x17 ***

Generation = 0, Population = 11.
00-0000--0-0--000

Generation = 4, Population = 8.
..1-*0.0.*-*.0.-1

