*** Life<Cell> 8x9 ***

Generation = 0, Population = 16.
--0-00---
---0--0--
0--------
0----0--0
-0-------
--0------
-00-0----
--0-----0

*** Life<Cell> 12x46 ***

Generation = 0, Population = 159.
----------00---0--------00--00---------------0
-0----0----00---------00-0----0-0------0---0-0
0--0-00-----0--000---0-0---------0--------0---
--0--0---000---0-----0--00-----0--00-0--00----
-0----0----0-00--0-----0------0-0-000--0-0-0-0
0----000--0-000------0-----00---000--0----0-0-
-0-0---0-0-----0-----0--0------00--0-0-0-0--0-
-----0-----0---0----0-----0----00-000-0-0-0-0-
0------0-0---00-----------0--0---------0--0---
0---00--000-00---0----00-------0------000-0---
---00------0-0---0----------00-------0-0--0---
-0---0-0--00-00--0--000--0----0------0------00

Generation = 7, Population = 241.
-.**-..*--.--*01*---.-.1..0....01-..--0-*-.*0-
*-----.**-1**.*.1-.*---*-*01*1.---01111-.1.11-
0*01-1-.*1-0*..--**01.0---10.*-.**-.*01-..*00-
*.--..**-.*-..-1-.-.-.1.-.*-*..-*0.-*--*.-.*1.
....-*.*0-..--*--.*-1-*1.*-1.1...-*..**.-..0.-
1*-...*.*.-.1*.0.--1*.-.*0-*.-0*.*0--..-0*01**
*.-*.1..**0-.-0.*.-.-11.---11-01*-*.*.--1*--*.
001110.0--0.-.-.*---1.-*.-**01----*-*1*-1-.--.
.**01.100.-.-1*-*--*-*1*1*-.----.-*.1-1*..00**
.*00-.--...-.*---.1-...*1-1-*1.-.--*.0.*.-1--.
.**.1111--0*.*.01-*11*.--*-***-*-1---*.*.*.1.-
1--..0-*..***-*1*.*0**.*..-0**-**.-.-.*-**-**.

Generation = 14, Population = 214.
.**..*..1-*--.-1.*0-.-.........-******.-.*..-.
..*.-...*.*.....*..*-...1..**1.0*--..**-.**...
..*...*.*.*1...0-.*...**0-.1*.1**...*.*....01-
*.....*.-.**......*.-.-.1..0...-....*.*..1*.1.
**....*.*.*...*.-.*0.*.**.-.*1***....*....*...
**.....*..*....1*-***.****1*.-.*....**.1..0...
.*-......*...*-.**-..**..**...1...*...*..*10..
**...-.-1*..-*-**000*.*..-..*.*--1*...**.*.*-.
.**1*..*.*-.*.*-**..-*****..-0*-*....*.**.-*..
..11*.11...*..-1*..*....1.1**1.*..1.........1*
......-.1*0**..-***..*..-.-*.*..1***-.....*.*.
.0-...***...*1**.**1.**..**1..-**.**0..*.*-...

Generation = 21, Population = 130.
...........-1*.1***..-...***...1**.**.**.***-.
.............*..........*..*...-**.**..*....*.
.......**..-...--..**.......*.........*....*.-
..*.....**..........*.-.-...*..........*.*....
.*..............0*.1.*....-**-**........**....
*................*...*......*.**.....*.-**1*..
*.............-...-...*........*...........-*.
**...-......-....0.*.*...-..........**.*......
.***......*....-.*..........1-.1*.*..*........
..........*.*.1**....**....*..*..**..*.**...*.
........-**.*...**....*.*....**.......*..*...*
.-.........**...*........*.**.********...**.*.

Generation = 28, Population = 72.
.....................-.....*...**..........*-.
............................*..**.....*.....*.
...............-.....*...............*......*1
..............*......*...*...........***......
..............*.*..-.....*...-........*.......
................**.......*...........*.*......
................**-..........*.......****..-..
.....-......1..**-...*...-..*..*.......*......
..........**.**.*...*.*....*....*..*..........
............****....*.**...*....*..**.........
..............*......*....*......*.*.*........
.-.........................*..**..............

Generation = 35, Population = 46.
.....................-.........**...........-.
...............................**.............
..............................................
..............***.............................
..............**...-....***..-................
................*.....................*.......
..................-..***..............*....-..
.....-......-....-...*..*-.**...**..**.*......
...................*.......**...*..***..*.....
..........***......*.....*.........***........
...................*....*.....................
.-....................*.......................

Generation = 42, Population = 42.
.....................-.........**...........-.
...............................**.............
..............................................
..............................................
...................-...***...-................
.......................*...*..................
..................0*....*...*..............-..
.....-......-....1*.*....-..*....**..***......
...........*.....*.........*.....**..**.......
...........*......*.............*..*..........
...........*.......**............***..........
.-...............................***..........

Generation = 49, Population = 39.
.....................-.........**...........-.
.......................*.......**.............
......................*.*.....................
.....................**.*.....................
...................-..*...*..-.....*..........
.......................*..........*..*........
..................-....*..*.......*..*.....-..
.....-......-....-.......1........*...........
...................**................*........
..........***.....*..*..........*....*........
.................**.**........................
.-.................*............*.*...........

*** Life<Cell> 8x29 ***

Generation = 0, Population = 44.
---0--0-0-----0---0-0----0---
------0-----0--0--0--------0-
-----------0-0------0--0-----
-0-0------0-0---0------------
-0--0--0-0-------00--0--0----
--------------0------0-------
-0---------00---00-----0-0---
---------0--0--0--0--------00

Generation = 9, Population = 90.
-.01***-0*.1....-*.-.--1-.--1
--1.-*.-..*1-1.0*..-0*-1-.-0.
1--*0-*1.-01---.--...1-**1**1
..-0-1*-**.-.-0..-*1..1*1-.01
...--.*1-.*..*1....*0..-..---
-1*-10.--..*.-..0-*-0.0*-**-*
.-0-*.-.*-1.......-.-.**0.0-0
*1**--1.1..-.1--1*-.-.1-.-**.

Generation = 18, Population = 82.
-***...--....*..-.*-*-1*.*--1
.*.....-....*....*.-**.*.*-*.
1....-.*.-0.*0...-..*.1***..-
.*-*-..*...**-*..-*.*..*1*.-1
.*...**.**..***..**.*......*1
-...**..-...**...*....*.***-.
..*..***.--.***.****-*.....-.
..*****......*-....**........

Generation = 27, Population = 60.
-......-1.......-..-.-.......
.***...1*........******...**.
..****.**.-..1....*.*....*.*.
..1.-*.......**.*..*..****.*.
.....*......*....*******....*
-.*..*.......***.*..*.**...-.
.*..*....-..........-*.......
..**.........................

Generation = 36, Population = 44.
-......-.............-....**.
.......1...**.....**......**.
..........-*.................
....-**...*.*................
.*******..***................
*****..*..**.*.............-.
.*******.-..**......-........
.....**......................

*** Life<Cell> 42x41 ***

Generation = 0, Population = 582.
0----0--000--0---0--00-----------0-0--0-0
-0-00--000--0-----0--0--0--0-000-00-0----
0000----0-00-----00--0-00-----000-0-----0
--00--0-0-0---0-0--------------0----0--0-
-00-----0--0-0-00--0------0---0-0-----0-0
---000---------0-0-0--0---0----0-0-----00
------0-0--0-0-0------0---------0000-----
--00--0000000--00-0-0--000-0-0---00-0----
0-----000-00-0----00--00-----000-0--0-00-
-------000-0--0-0--0--00------0-0--------
------0-0-0-0------0----0----0-00-0--0---
-00---------0-000-00-0-0-0----0-0--0----0
0---000-----0---0---------0----0-0----00-
00-0--0-0----0---00--00-----000-0---0-00-
0-0---000-----0-0------00---0-0-00-0--0--
---00-00----0-0-0-0--0--000----0000--0--0
--0-0-00--00-----0000--0---0--00-0-0-00--
----------------0-0-0---0--0-00----------
0--0---0-------0---0-00-0-0--0---0---0---
--0-0--0-0-0-00-----000-0-----0----0--000
--0--00-0--00-0----0----0--0-00--0--000--
-0-----0---0----0--0-00--0----00-00--0-0-
---00-0---00-----000-----00-0--00-0------
-0----0----00----00-------0---00--00---0-
------00-0-0-------------0---0--000---0--
----0-0--0-0----0--0-----00---------000--
--0-----0-----000-0--0-----0---0--00-0---
-00--00-0-00-00----00--00-0---------0--0-
-----000--0---------0--0-0---0--------0-0
0-0-----00---------0--0-0--0--------0----
---0--00-0--000---0-000-00-----0-0-0-0---
0--0----0---0-----0-00---0-------00-0-0--
-0-00-0-0--00-00-00---0-0-00----00000--0-
0----00----0--00-----0---0--0---0-----0-0
-00--00----0-0-----0-0--0-0--0-00-0----0-
00----0------------00----0-0---0000---0-0
--00-0--000--0---0--000-00-------0--0----
----0--0000-0-00-000-00---0-0---0-0------
--------0---0-0-0-000-----0-00--0--00-0--
0---00--0-00-0-0---0-0--00-0-0--00-------
--0-00-----00-------0--00--0-000--0--0---
0---0-----0--0------0-000-----0------0---

Generation = 6, Population = 746.
.0-*1.-0****0**0--*0.-.---*-01*---.-..1-*
-.10.**.--..-*---0.1--.**-----1*-.1.*-*.-
.****-11---...10-.1*-1-.0*--11*-.-..-0--.
*---00*0.-.1.10*.*-.1.---**-0-1-0*.1.*-0.
0.-.--11-1-*0-.11*-11.----*-.0-*0--.1100.
-*-.-.---01-**...--.--.**...--*--*1*00-*.
-0*-.1...**.0--*--*0*-.---.1--00*-..0**..
.--.-..-00--.-.---.*0.--1*-.0.*--.1**1-.-
.0*-*---1-0--*-*0..11--*0*11-.-**11-.0.-*
-0-01-10-.*1--0.--.--.0.-1*.-**0*.--10--*
01-0--..*1--..------.*-.*0-----.*0.-1-0-0
*.10.1.--.**0-.0.-.----10--1*-1-*-.01..00
***-.-11.---.-.1..--1-1-1101--.-001.*--1-
*-10-0-**.*--0.*---1-.-00--*000-.*00*-..*
*1----*..1-***.1111.-*0.1*...1...-.-.1*.*
*-...-1*10.1-0--.-.0-0----.-1-.-*0.0-11-1
*0--.1-110**1--01..01--00--11*0*1.-**-**1
0-*.-1.0--0.--*00..-1-*-.1..*-011--.*.*1-
0**----.*..-11-*-*--*-*1-.01-...-*--*--1-
1..-...-*0*.-*1*-*-1-..1*.1-***.*--11****
.0**--.*.-*..*...*-.-.01*1**1-*1*.-0..0--
-*0.-*.01.-*.--01.1--*.1--...----1.10...-
01-**-*-01.1-0.*.-.*---*-*.--11-.101-..-1
0--.011-0--*1.--.-00-0.--1.-1-..1-.**11*0
01-00.*.-*1---..*.1--*0-.****0---111-0.1*
-0-100.0-**.-1--*-1-.-.1----00-..11-..*.-
0-*-**0--0-0*.-0-1.--.--11*--1--1...-*1.-
0**-*.-*.*-.-*1-.-.1--*-.*-*.--**1**0-*-*
-0.-...1*-.*-*--.-*1**0*1-*.-00-----1--*0
-1--..---10-...---..*.***-1-1*1*0---0.---
-*-*0...-*-.11-.-.*...0-0100*.1-0.*-*0111
**1-*.-*.1*-.*---*-0-.-*.*0110---1.*.-1..
-0--.0*-.*-..1-.-.10.1--...-1--.--.--..*-
*.-1-0..-*-*-1.1*-*11.-1---11.-*11.-*0.--
-..--*.*.0.----1--...-..*..-.--..*1*1.--1
*-.--...-.1.00-011--1*1*0--110...*0*..-0-
1*..-1-0------0-1*011.10.*1*---0**--*--*.
*1---1*.-.-1*-*--0-1*-.*11.*.0-...1-*-.1*
-.-0--.-.10**..-00--.1-.--*0--.--*0-*-101
1---.-1--1*-.*.0-***-.*..**11--0*-------1
--1..0--*-1**101-0-0.*-0.00*---.--1-*.*--
--11**-*111-.0-010*1--*..-..-..---010*-10

Generation = 12, Population = 681.
...**.-*.*..0...-1*-*0.-*.*-..*--1.-...1.
-*-...*.*.*.***-*-.**.**..-0-...-.....*.-
.*...-..*-*.*.-10*.*.***-.10**...*..-*1..
*--.*.*...*.**...*0..*.**..1-..*-..-***.*
-.-.1--*-.1.--.--.1*..-.*-*.*-.*1**...-.*
0*-*-...*1.-..***1-..-..*...*.*.*.-*-.1**
-*...1...**.***.....*0.1.-.....-*1..-...*
*****..*01.-.*.1*...*.*0..-*.**...1...**.
.*.**..-*0***.1.*....0*.1..*-.1..1--.-.-.
*---*-.*...**-*.1*...**.1...-....*..1.**.
1-**0**....-..*1-1*-**-..-.**.1..*.**0-.-
..*-.**.-....1**.-*-.*-*.*--*.**.1***.*-.
..**.***.-.0....**11..1*.**..*.0-....*1.-
**.*-1......1-...***-.*-.--.-*--..-0*0...
.*0.1-.......***.-..1.1**..*.**..-*-.....
.1...-......1-.-.*.....**..*.*......*...*
**0*..-..*...*.01*.---..**..***...1.*-*.-
-**....**-...-.-0.*.--.1.**..-0...-*...*.
**.00*1.....*.1...*-.-****-.....1..-.1-*1
.***.**..-..1.1...0**.*...1......11..*..*
.1..*.*...*.*.**..-.-.*-.-*.1**.**-***-1*
-...-.*1..0.*0.0*..-...--..*.*11......*.*
-.-...*.**.-.0**.-.***-....--.....1.**.*.
**..**.-**-.***.*01.....-**-***..*......1
*-*-..**-*1**.***.*-..-...*..0-*.-*.1***.
-1***1*-*.....*1*1...1..--*01--.*.*.****-
.-.-......-....0....1.--..*--*-.....-*..1
*..*..0****......*.*...1*.*.******.**1***
*-.-.**-***......-....-.-.*.*-01***.*.-.0
-1-0..*-*1.0...-00*..*.*.111.*1*--.--..0-
*.*.1...0....-*.*....*..-.**..*-...**1.-.
..*1..1..*.0..1--.1.***...*.--*-1*..*1...
-.-....-.*.*...*1..***....*.--..1-..-...1
.*1*.1.*0...*..****.*.**-1*...0...*-...-1
-.**....*-.*----1...*1.*..*-..-**.*.-.-*.
**.*-.*.0*1...*-.*-..*...*-*-.*.*.***..1-
*.*.-.0-1*..**-1-.-..*...**..**-**1..1...
*.-11*..1*-..1.**-*1***......-*....-*-...
*.*--1.1*.1*.*.***-1**.....*.*.1-*-1*-*.*
--**.-1-*-*****-*..*-.*****...*.**--0**-*
...**..-.*....-.--1.*.--.*..*.**1.**...0*
**-**.1.***.*..-11.*.-*..-..0.**0.-1**1*.

*** Life<Cell> 28x7 ***

Generation = 0, Population = 70.
---00--
----0-0
---00-0
00000--
--000-0
----0-0
0--0-0-
-----00
0-0-00-
0---0--
00---0-
---0-00
0-0---0
-------
0----00
----00-
-------
0------
---00--
-0--000
-----0-
-000---
0-0----
-0---00
0--0---
----0--
00000-0
0-----0

Generation = 6, Population = 91.
-0.*---
.----1*
---1.*.
1**-.*-
*-11.-.
*---1.*
--*-1-*
0--.-1*
*0..1*1
*1-***-
--.**.-
-.*01-*
--*01--
-0--001
-1-.*0-
.0*..**
----*-*
-.0*.--
-*---**
.*0--1-
0--0*.0
..1*0.*
-1.0**-
..0.-**
--.-0**
1.*0*.-
--00*.1
-0-0-.1

Generation = 12, Population = 74.
*-*.1..
*...1..
11*-**.
1**.*.*
..-...*
.1-1*..
1..*.-.
--0.--.
*-..-.-
.-....-
1......
...-...
11*.*..
0.0.1*.
.1-*..*
.-..*.*
.01-*.*
-**..*0
-.-..**
...10**
-*-*..-
*..****
-*.0..*
*.-*-..
*-*.*..
*....*.
--*1.*.
.**..*.

Generation = 18, Population = 63.
.-.**..
...*...
**.*.*.
*....**
*....*.
.1**...
.....-.
.--...*
.*.*.*1
.*.*..-
***....
.......
-1****.
1**.-.*
.-*...*
.0....*
.0*-*.*
...*..*
**..*.*
**..*..
-...*.1
*...*..
...-**.
*.0.1..
.-....*
.......
.-..*.*
.......

Generation = 24, Population = 36.
.0*.**.
.*.....
..*...*
....*.*
...**.*
....*.*
..*....
..***..
...*...
.......
.......
.......
-1.....
....*..
...***.
.*****.
*-*....
**.....
..*....
.......
-.....-
.......
.......
..-....
.-*....
..*....
.-.....
.......

Generation = 30, Population = 20.
.-.....
.....*.
....**.
..*...*
..**.**
..*.***
.......
***....
.......
.......
.......
.......
-1.....
.......
.......
.......
*-.....
**.....
.......
.......
-.....-
.......
.......
..-....
.-.....
.......
.-.....
.......

*** Life<Cell> 6x13 ***

Generation = 0, Population = 26.
0-0-0-00----0
0--0--0------
-0----00-----
--0-0--0-00--
-0-----0-0-0-
---00----00-0

Generation = 5, Population = 41.
**-1.1111.0-0
.*00---*-*--*
0.1.-..--0-1*
0010*-0111..0
---*1-**0--1-
0.0.---01-..*

*** Life<Cell> 12x23 ***

Generation = 0, Population = 101.
00---0-0-00--0----0-00-
---0-0---0-------0--00-
------00000------0-00--
---0----0-0--00--0-----
0000-0------00-0-------
---------00-0-000--00-0
-----0---0-0-00----0-00
0-000--0000-00--0---0-0
----------000----0-00--
0---------0---00-0000--
----00-0----00---00-00-
0000-------0--0-000-0--

Generation = 7, Population = 119.
*..-11--1*11.--0--01.1*
-*1.-*-*0*.1*--0*..-1-*
-...*..---0.1001--....0
**-*1-*-..-1--.0-.0*-0.
*--.*-.1-1*-01-.*1--.1.
*--..01-.1.*.-1*1*111..
..1-**-0-*.-01--1--1-..
1-...0.*-10*-*.1..--*0.
.--.**..--.0*-1-0101..-
*.**.-1*0-*.1-*..*...-.
*1-...-.01-0*..-....--.
--1***-**-1-1*--.1-1.1.

Generation = 14, Population = 80.
...0..--1.--**...--....
-...-*.....**--**..-1-.
....**..-..**--..**...-
....**.-..*1.**.-.*.*1.
.01.*-..1.....-..---...
.**...****..*-**.....**
*.1...*-***-.--..--.0**
-*....*.*.-.-.......*.*
.--*.*..*0.-*..*...**..
.....-..-...1**...***-*
....*.1*-*........*...*
.-....0..11...-1.---.*.

Generation = 21, Population = 71.
...-****-.--.....-1*.*.
-...-*......*1.....-.*.
....**.*....*-......*.-
..*.*.*1...-*...-......
.--.*.***.**..1..**....
*.****.**..*.-..*......
..*.......**..1..1-....
*.........**.....**....
.-**.....1*......**...*
..**.*......-..**.**...
....**-.-......***.*..*
.-....-..-.....1.-.....

*** Life<Cell> 24x13 ***

Generation = 0, Population = 36.
--0--------0-
0-0----0----0
-------0-0---
--0----------
--0-0--00----
0-0----------
0---------0--
--------0----
-0-------0---
--------0----
--0----------
-------------
-0---------0-
----0--------
------0------
--0---------0
-------------
-------------
--0------0---
-----0-0-----
-0----------0
-------------
----0----0---
-------------

Generation = 6, Population = 138.
.1*-*-1.**---
1-**.--.--..-
1-0-*---1--0-
*--0*-.**--0-
-*-0*.-.--11*
*0*-11*1-1---
.*1-*0-01-1--
--.01--01-.0*
.---.11*.-.*-
0-*-----1--00
--0-10---1--0
0---1-0------
-0.--1---0-0-
--1--1.1--1-0
0---11--0.-1-
--10-*10.1*-1
1-*-11---0--*
1-*1-0-10101*
.*10-*1-1.1-1
0--*-0-1-.1.*
-..---11-10-1
-110-0-1-0-00
-1*0*0-01----
---0-----0---

Generation = 12, Population = 131.
..***-.**.0**
.1***-..*.*..
111...1..--**
.0-.*...*11.-
-.*0..**-*...
.*.-...1.*-..
.....*--*.-*0
11**-...-0***
*-1-..-..0.**
1..1-00111-.*
-....--*-.*-.
-*.1.-0*-00.1
0-.*-..-*101.
*-10--*-101*-
--*0.*--1*--.
-*.10***.*.1.
*-.*..-*----*
*.**.*-**.1*.
*...-..-..-.1
**-*-.-*0..*.
1****...1.--.
0..0*.1--.-.-
.1.-.---*-**.
-0------0---1

Generation = 18, Population = 108.
..***1....0..
.-**.-*.*.*..
.1...*-.**-..
.*......**...
.*...*..-....
.*.1......-..
.*...*1**.-.-
1**.*..*.*...
..*......-*..
.**11*-.1*1..
.....**.-*.-.
1...*1..--..*
*-..*.**..1.*
**..1**-.-..0
*-....--...**
-...-.**...-*
*.*...**1....
***...0.**..*
...***....1.*
...*-*-.1....
**.*..***.-**
*..-**.*.**.-
...**1.*.-*..
-.-.--1.-..-1

*** Life<Cell> 27x29 ***

Generation = 0, Population = 218.
-----0--000---0----0---0---00
------0--0-00---0-0---0---0--
------0--0-----0--0-0--0-0---
--000----0---0--00-0-00---0--
0-0-----00---------0----0----
------0---0---00--0----------
--0---0-0-0-----0---------0--
-----00-------0---0-----0--0-
----------0----0----00--00-0-
0---0-0-00---0-0--0--0--0-000
--0----0--0-----00--0--------
--00-0------0-000-0-0-0--0---
0------0--0----------0-0-----
--00-0--0----0--00-0---0-----
-00---0-0-0--00-----0-----0--
0--------0-0-------00-00--0--
---0-------0-00-----0-0--0---
-----0--0----0----0---0-000--
0-00---0-----0----------00---
-----0-0--00------0---0-0-00-
---0-0---00--00-------0------
--00---0------00-0---0--0-0--
0-------00-0-000--0-----0-0--
---0-------00--000------0-00-
0----0----0--000---0---------
-------0--00000--0-0------000
----0-0-00----------00--00---

Generation = 7, Population = 354.
*-1-*1*-.**...**-*-*.--11..*1
*0---*-.10.*.---01.*1.1---*-.
1-.-.1..1...-.*-1-***0...*.-0
**-.....11.0.0-**.*-...1-.1-.
*0.1.0....-101-1***....--*1--
01.***.-.--*--.*.-*.111-.-.-0
*---00***..0--...*--1-1-..-.-
-.--1*-.*-.1.*0.0-0*.**1..*.-
-1---00*-.-1-*110*-*.0001.0.-
1*.1*1-*...-.-1..1.1-1-..0.*.
--.1*.--*0-*-*1**1-.*-11.*-*0
-.0.-*-.**.**01*01.**1-*--*10
-*.--1-1-*.-..*----.-**.1*---
0-*1**1.*.-1**-.**--*0-*-.*-.
*.-1..-..0*-0..***--*.0*-**0.
*--.1.*--**.-1**-01..10****..
*-01--1*-1..*..*.*..-0110..-0
*-*-..-1-.1.11-..10.-*..*-*-0
1-.-.*--1-*--*-.1..0**1..-1*.
0..-0-0.00-*.-1*.*1---.-*1.-*
.--*-.-.0*---*..1..01**--11--
.*-0*..**1-1-*.01-.*0-*.*0.1.
.*-.0*.*.1**.1.--.*..--*.1*1*
*-.-11-11-.1**-.*.--0.-1*0-.*
*.*..-**--*--*.0***.1.*1*.-.1
-011-..*.0--..-0.-.*-.--1-.*1
-1--1--....-**.--*1-...1.*--*

Generation = 14, Population = 281.
.-**...**.....**1*.*.-***....
.*.-*.1.*.**.-...-.*..-..-.-.
-*.-*...*.*.0*.*-0..*....**0*
.**.**.*1..1**-*..**.*..-...*
.1...-......-*.*......*...*--
....*..-.*..-...*1....1-.*..-
..--1........-....-..-1.*.-.-
......****.*..*..***..*-****-
***.-.1*-.-..****..*.-.1****-
.*.*.-...*.-.-1......***....*
.-*-.....-.*.**......-*-.***.
..-*-.*..*..***.--*.*-..-1**-
-**-..**-..-*..0*..........**
..***.*.*.........-...*...*-*
..-.**-..1.-......*.**1.*...*
.-*.-.*-1.*...*..***.-.**....
*-**-.*....*..*.*.**-..**..*.
...*...*-.**1--..-*.-..*.-***
*-.....*.-*-0...1*..***...***
...--*0*10***-...**..-....*.*
.11**.0*.*-.-****..1*.....***
**--.....*..**...1.*-....1.**
***..*...*..**..1..**1.......
.1*1*.**.**...*...-*.**..-1..
.**...*.-..-*..-...*.**...*.*
.1..1.*..-.-.*0*....1.-*.-..*
.*.1*-*.***-...0*****....**-.

Generation = 21, Population = 253.
.-*........**.*.-.***1..****.
.*...*1....**.**.**.**..*...*
-******.......*..1.......*.**
..*..**.-..**.-..............
............*.*....****.*..**
.........***-**....***....*.-
.**........**1......*.1..*1*.
..*......*..*........*.......
..**-...-.*.*........*..*...-
..****...*...-1........*.....
.***....***..**......1.-.....
*.*.1..**...**.**...*.**.1.**
*.*-***.*..-*.**.....***.....
*.......***................-.
..-*.*1...*1..........-......
....*.***.....*..............
..**0....*****.*.**.....***..
...***......*..*....-...****.
**.***...1*.-.*..*.*...*.*..*
..*.-......*.-**...**..*.....
**....0...1*..**...**.......*
*.........**.*...1..1...**..*
***........*.*..1....1....*.*
...-*...**.......**.......*.*
.*.*....**.*......*......****
.*...***...*..-.*..**.******.
.*.*.**.***1..*-***....***.-.

Generation = 28, Population = 158.
..............****...-....**.
......-.......*.**........*.*
............................*
........-.................*.*
..............*........*..*..
............-..**.....**.***-
...........*....*....*-...*..
.........**..........***.....
....-...-**..........*..*.*.-
.....*.......-.*.....*.**.*..
....*.*.......*.*....1.-.**..
...*...*...*.**.*........**..
..*1.....**-...*....*..**....
...*.*...*..*......*....*..-.
....*.-...*......******.*....
................*....*.***...
....-....**.**.**..*...*.*...
..........*.**.....**..*.**..
......**...*.......*...*.....
.....*..*......****.....**.**
..*..**...-...*.*......*...*.
.**..........*...-.....****..
*.*.......*..*..*....-..*....
*.....*..*....***............
..*..**.**...................
..*..*.....*....*.*..........
...........*...0.*...........

*** Life<Cell> 33x37 ***

Generation = 0, Population = 327.
00--0----------0-----00--0-----------
---------0----------00---------------
-------0--000-0-0--------0--0----0-0-
-0-----0-0------0----0-00-------0----
--0--00-----0-----0-------0-0-0---000
00---0---0----0--0---0-00-------0-00-
00-0-0--0--0-0------0---------0------
--0-0-0---0--00------00------00------
-0-00------0----000-0------------0---
0---0-0000-------00-------00---0-0---
----0--00-0----0-0-0---0---------0---
-0--------0----0----0-00-0----0------
--000-00-00---0-----0---------0-0---0
0--000---0-----00---00--0---0-0------
----00----0-0--00-0--0----00---0----0
------0--0---00-0------0--00000------
--00--00------0-0------0-0-----------
--0-------00-----0-----0-----0000----
----00---0-00-0----0------------0-0--
----------0-0--0--0----0---------0---
-0--0-0------------0000--0-0---00----
-0----0---000-0--0-----0--000---0-0--
--0-----000--0--0-----0---0-00----0--
0--0--0-000--000-----00-0------------
0--0-0------0-0----0-------0-----000-
--0-0----0--------0---000-0----0-----
--00--00--0------------0--------00---
----00-00-0-0-0-------0-----0--------
-0---0-0---0--00---0-00-----0--------
-00----0--0----00-00-0000--00--00----
----0-0----00----0-0----00-00000----0
0---0-----------0---00--0------0-----
----0000--0-0----0-------------0-0-0-

Generation = 9, Population = 493.
1*.*.-.*.*.*0-.0**---**-.-1...-**.--1
--*0--1---1*00*-*1...-.*-.-*-*-0.**10
0-*10-*..1.***0....-.-0*..1.---00.-*.
1...10-.-*-.*-.-.*.11**..01*0***0**..
1-**1*----1--.-.0-.-..-01.**-.10-.*.*
***-.-.*-.**10-1**0*001*...--*-10*..*
1-1-..-1.--0*.1*--1*--***-*0**.***...
.11*..-..-..10**.*1*.*1-01.--.--.*.--
0-.1**-.11*.1-1-.*1-.0.-.*--1-.***---
0.**-0....*.*0*----*--*1--....*--*.-*
..-01.--...1-*..0..1*1-.*.1-..1...-1*
0..--*.-0.111.1..-.--0.1...-.-*.-.---
-*.1*....--.0----.-.-.....*-.-*.*.10-
*---0.1.***-*-010.1..1-**.*1..**-.*0.
..0.-1...*---*1--1--**0-.-0-.-.0*.*1-
1...--1.*.*.1.--1.***--.1*-*....-.10-
.*-*----.*...-**11-.*--...-1--...0*--
1....*..1...--1-*....1-.-1--1*-1-..*.
-.-...*..*.*..-.*.00*-..-.1.01*.*-1-1
.-.-*----....--*-.--.*-.-1**...--1.-1
**-*--*.--.*.**.-...-.*0*-**-.-*1..-.
*--0*-.1*--*.1--0...1...1-.**...*.***
**-1*.1--.....1--1.*........*--0*..*0
.0..-*..-.-..1*..-.-....-.**.**-....0
.*-.*..**-.0-*****.....*..--*..*1**.*
-.*--.1-00-0.--..-1......---*0**0.-1*
0-.*1-.-1..**1--*-1*-0.*1..*1-1*-..01
-...**-..0.**-.1-.*..1.11-..*.*1.--1-
1.0*-.*0**.--.*--*0.*-11*.**..--.*-0-
*-...*-.*.--0*1-*..*.--.100-.0*.---..
.*--.11*1-1*..1*.10.**-.**...0*..*-..
*.*0*.1*011--*..*---..........*0*.--1
.0--.-1-1.**.*-1**-1-..0..1111...-0**

Generation = 18, Population = 401.
..**.*****.*1-.-...-*..-.-1*****.*-*.
-....1..*-**0..1..*..-....**..0-....-
**....*...**...*.****.......**-.*....
*....1.**.-...*..*.*1.......-**.*..*.
-**...*.*.*....*.*.**..-....-....*...
......***.....*..*..-*****..1.1..*..*
.-.1.*-*...1..*.*.....**...-..**....*
...**.1.*-.**1*..*...*..1*.*1.***...*
-0..**1.*..***...*...-.-.*.0--...****
-...-...*....*.....*0-.......**1...**
**.-..***...-.*.....*..**.*...*....*.
-..*...*1...1..*.1.-.....***.**.-.*.1
...*.***.-..1.-.-.*..*.**.....*..***0
**-*..-.*.**.*.-...**...****..***..-.
**.*-****.*1.*.....*.....-.*...-*....
1*.*..1...*..*..*.**......-.**.....*.
*..*1....*..**..*.*..-......*......*.
...*.*..-.*.--..*.*......--.*.-.***..
-.-.**....*.*.-...*..-..*.**1...**1..
.....*.**.*..-..1*-****..*.....-0....
*.0***...1...*.****.-.**....*.1*-....
..-**.....-...-....*..*.....*........
.....*.***....*0*-*.............*..**
......*.**.**1**.**.........*..**..**
*.....*.*-*.1.*........*...-...*.....
*...**..-*.*.-.*.**.*...*-.**.**..--*
-****-..**..*..-*...*...........*****
...*.*-.....*...*.*...............1..
.**...*1.....*.-1...*..*..*...*1*.**.
.*.**......-1*.*.....*.*.*..***...**.
.....-....*...*.....*.*...*.....*..*.
...-***.-1.*....*-.***....**.**-...*.
..*...............-***.....****....*.

Generation = 27, Population = 340.
....................*******.......-..
-........1.*-...*..**.***..*........-
........**..**...**..*..*..**.-...*..
**......*.*.*.....***.....*.-.*....*.
*......*...*........*....*..-...**.*.
.**....*...*........1.......-..*.....
.0.**.1**..*........*.........**.*...
...****.****........*..............*.
.*..*.......*......**..-.....-....*.*
**....*.*...**.....**.............*.*
*.*....******....*..................*
0*......**.**..*.*.-*****.......-*.*.
**.*.....*.*..*.....***.*...**...*.*-
..-.*.-.......*.....***.*...*.*..*.*.
....*......-...**.**.......**.**.*.**
.*...................**...-***...**.*
...*..**............***..****..***...
.*.*..***..........*.....-.*.***.....
-.1*..*.*...**.**.**.***...***.*.....
**.*...**...**..*.1.*.***.....**.....
.*.**...*..*.....*............**.....
..-**.***.********........*..........
.......**.**.**..*.......***.........
...**....*...*..**...................
...........******.......*.......*....
...**......**.**.....**..-*.**..*.*..
-..**1.........0*.***..*...***..***..
.**.**.......***.**...**.....*...*.*.
.*....*....*...*.***.*........*-.**.*
.*..........***..............*......*
..*.**.**....*................*......
.......***........*..........*....**.
........**........*...........**.....

Generation = 36, Population = 176.
........*.*.*.*..............*....-..
-........*.....****....*.*....*.....-
......*.*..*.**..*.**....***.*-......
......*....****....**.***..*0**......
....****..........*.......***..*.**..
...........*..............***........
.......**..*..............**...*.*...
........*.***...............*.*...*..
.*......**.***.**....**1.....1...**..
.**......*.*.*.*.*..*...**........*..
..**.......*...*.*...*...*.......***.
..........******...-..***........**..
.*..........*.*...................*.*
*.-..........*.....................*.
*.*........-.........................
.*........................-..........
....**...............................
....*....................-...........
.....................................
.....**..............................
..........*.*........................
............*........................
......................***............
...........*..*.......***............
..............**......*..............
...........*.........**..1...........
-....-.....*...-.....**.*............
..........*...*......***.**..........
.........*...........*...*...........
........*....*.......****............
.........*............*..............
............****.....................
.............**......................

*** Life<Cell> 42x12 ***

Generation = 0, Population = 228.
-0000----000
-----00-0-0-
000-000-00-0
0-0---00-00-
--0--0-0--0-
000--00--0--
--00---00000
000-0--0--0-
0-00--00-0--
-00---0---00
0--0--0---00
00000-00---0
-000-0--0-0-
-00---00-0--
0----0--0---
----0---0--0
------00-00-
0----0-00---
00-00-0---0-
-0-00----00-
-0--0-00---0
-0-0000---00
0---0--0----
-0-0--000-00
0000--0-00-0
0000--0-0-0-
0----0---0--
---0--0000-0
0----0-0--00
---0-0--00-0
-0----0-0---
--00--0-----
0--00000000-
--0---0--00-
-00-0-0--0-0
-0--00------
-0--------0-
-000---00000
00---0--0---
-00--000000-
--00-0-00--0
-00-000-0-0-

Generation = 4, Population = 231.
0.--.-100*.-
1--..00-1**-
-*-0.*----00
*.110.-0.-*-
--001-**...-
*-.1.1.--.--
0.-.-.--0.--
--*--1--*1.-
.*--110-1-1*
*11------*--
*-1*00**--**
0.***10.-0--
*.-0*0-*-0--
-*-0-1.1---*
--0-1--1.--1
--1-1---.--0
1---11.-0*.-
*---100*.-1-
-0---*0--*.1
*--1.*--1-01
--.--*-*-0-*
1.-1---10-*-
1-**.0*.*1-0
*.1*01-*0-.1
-0...00-.***
--.-1-*-**1-
.*1--**...--
*0.1.11.-*1*
---0-*-.0.**
1-.00*-**11*
1-0---1---0.
1-.-11--10.0
--1*--0-01-1
10.----*--00
0**-.1-11100
00-1---1--1*
.-*111---*-*
*.-.00--1-*-
..-11.*1---1
---*1--.-1.-
0-1.100-.-.-
--01.-*-1*-0

Generation = 8, Population = 216.
*.11.0-1*.**
*1-..--.1*.-
-.-.*.-.*-1.
..**-*-*.**0
---*-*.....0
.*...-.1*.--
-.-*-*0**.-.
-0*-0.--.*..
*.*....0.0**
.*.00-1*-**0
.-...*..*-.*
-....--.1*-*
..0..--*1*11
0...-.*-1.-.
-1.-.0**.10-
-*.-----.**1
*1*..*.-*..1
*-.-*-..*1-1
*-01*.*0-*.*
*-*-*.*---.*
-*.1-*-.-0-*
*.-*00-11*.-
--*..-.*..--
...*-.-.*-.-
0-..*---.*..
1-.**-.-.*11
***0-.*...-*
*-***.1.-.*.
0--0-*1...*.
..*0-*1.**1.
-1-0-110-.**
.-*0..0-*0**
*-**--0*---*
*-.*--*.-.-*
***1.-*.1-**
00-.0.-.-1..
.1.*.---0***
**-.--011*.-
...1***.-1--
--1..1-.--.1
-1..---*.0.*
**-**1*-.*--

Generation = 12, Population = 201.
...**-.*....
..-**-*..*.*
-*-...**.-**
**.**.-*...-
-1-.*..*...*
..***.*-..**
*.*.-.1...-*
1**-0.1-..*.
*.*....-*..*
*.**1-..*..-
*.**...**0.*
0*....-***.*
..-..-0.-..1
-...-..-..**
1..1.**..---
1..-----****
..*....1****
*1*-.-*..-*-
*101*..--.**
.-*1.*.-.-*.
-..**.0.*.-.
.**.-*-*...1
.*..*.*..*-.
....1.-.*-.*
.1...1--****
--.*.-.*..-*
*.**-....*1*
.-...*1*..*.
1-.*-*.*..*.
...--..***..
------*.....
.1*-..*1.-..
.***0*1.---.
.-..*-***.*.
...-.-.*1***
*10*-*-*1.*.
*-**.1.--.*.
*...---*.*..
.*.*...*-*-.
**1***0.*-.*
0..*1--.*..*
**-***.1..**

Generation = 16, Population = 165.
.....**..**.
..-..-**.*..
-.-...**.0.*
.*...**....*
1*-.*.***..*
....**.1.**.
.**.*.-..*..
.**--*.1*...
*..*.*.**..*
**.*.-***..*
*..*.*.*.-..
0.....**....
*.-..*-*-..-
*.*.1..1....
..**.....1-1
..*0--.1....
.*..........
...**1..*-..
**-*...11...
.-.*...0**..
*...*.-.**..
*...*.-....-
*...*.....-.
....*.**.-..
....*1-*..**
*.*..1*..*..
....-....*..
.-..*.-...**
--..-..**...
...10..**...
**-01..**...
**.1*..**-..
*...-...*-..
*1..*-...*..
**..*1.*-*.*
.1-.**-.-.**
**..*.*--..*
....1......*
...........*
..-...1..1.*
-....11.**.*
..-...*-**.*

Generation = 20, Population = 136.
............
.*1..*.*..*.
***...*.....
......**.**.
**1*...*.*..
*..*...*....
*.....-.**..
*.*.1.......
*...*.......
*....0......
*......**0..
*.*.*.**.*..
..........*-
....1*.*..*.
....**..*111
..*-***-..*.
..*....***..
..*.........
..1....-....
.-.....-....
......**....
.....***...-
......*...-.
.........-..
.....-*.....
....**.*....
....0.......
.1..*.*.....
1-*.-.....*.
*..**.*.*.*.
*.**..**....
.*.1.....-..
..*.1.**.-..
.-*.*1**..*.
..***1...*.*
.**.*.-.1*.*
..**...10..*
.....*.....*
...*.....*.*
..-***.*.**.
-...*..*....
..-...**....

Generation = 24, Population = 142.
............
********.**.
*..***....*.
...*......*.
**1......*..
.......*.**.
......-.**..
....**......
...****.....
*.**.0.*....
**..*.*..-..
....*.....**
....*.*..*.*
....-*...*.*
....*..***-.
...-...-*...
..*....*....
.*....**....
...*..**....
.1**..*1....
....**......
....**.....-
....**....-.
......*..-..
.....1.*....
...*.***....
...*1**.....
.1..**......
*-.**.......
*.*.**......
...***......
...*****.-..
..**.*...1..
.-***....**.
**...1.....*
...*..-***.*
****.*..-*.*
.........*.*
.........*.*
..**..*.....
-*....*...*.
..-*..*..*..

Generation = 28, Population = 145.
...**.....**
....*....*.*
*.***......*
*.***.....*.
*..*........
.*........*.
.*....-....*
.***.....**.
.***..*.....
*..*.**.....
*.*....**0*.
.**....*.*.*
.....*****.*
....**.**...
....**.*....
...-...**...
............
..**.*.**...
**...**.*...
**.*.*.-....
.*...*......
..***.*....-
.**...**..-.
.***.....1..
.***........
.***..*.*...
......***...
.-....**....
.-..........
..*.........
..*.....**..
..*....*..*.
..........*.
.-....*...*.
..*.*-**....
.....*0..**.
*....****...
...*...*....
***.....**..
...*..****..
-***..*.....
.**...*.....

*** Life<Cell> 26x31 ***

Generation = 0, Population = 165.
-----0-0-0----00-0----0------0-
-0----0-----00-0------0----00--
-------0-----------------0-----
--------00--------------0--00--
--0------00---------0-----0----
-00-------00-------------0-0---
------0---------0-0------------
-------0-----------0-----0--0-0
-------------0----0------------
0--0---0------0---0--00-0------
--0------0-----0------00----0--
------------------0-----0----0-
--0------0----0-0----0-0-0--000
---0-0------00---0-0--0-------0
0------00-0000-----0-----------
---000------0--00-----------0-0
--0--0------0---0--0--0-0---0-0
--0-0-----0--0--0----0-000-----
----0---0---------0---------0-0
-0------0---00-------0-0----00-
00-00--0------0---00-0-0----0-0
--0---0---0-----00---0-----0---
--000-0-0-0---0------------0---
-------0-0-----0---00-0--------
--------0---0---0-------------0
-----------0-------------0-----

*** Life<Cell> 16x48 ***

Generation = 0, Population = 179.
--0-----0-0----0-------00--0-0-0-0-0---0--00-0-0
0--00-00-00----------------0--00-0--0----00-----
--------00-000----0-0-0---0--0--0--00----0----0-
0---0-00-0--0------0-----00---0-0-----0---------
0-----0-------0--0---0--------00--000-----------
---0-----0----0---0------0-0-----0--------------
-----------------0------0---0-0----0--0--0--0--0
00-------0-0--00---0--0------0-0---0-00-0-0-0---
0---0----0-------------000---0-0-------00-------
--00--0--------0----------0-0---0-0--0-----00---
--0------0-0-0-------------0-00-0---------00----
0---0-------0-0----------------00-----0-----0--0
00-0----0-------------0000------------0-------0-
--00--0-------0-----00-----------0--0------0----
0---0------------0-0--0-0------------0--0----0--
-0-0------0-----0--0--000---------00-0----0-----

Generation = 3, Population = 375.
-0------1*-*0-0--11011-..00-0--*-*0-100-*-11---1
0-0-1-11---100-00-0---0--0--*0.10.*-10----01100-
-0-0-00*..*11.001*--0--*--1--10----11-*---10-*--
------0--.011--00*10-*-1-.0--0--*--00-001--0-00-
.---*01--1-1--1--1--*0---0*0-011--.01*0--0-01-11
0-00*--0---0--.*--0-10110--1--1----00-00--10*---
0---10--0-00001*0-0---**1-0-----1**.01-000--1**1
11---01-0-01*0..*--0**001--01.-.--*.1-1*1-----10
*---0---0*0-01---1-0--1.-.--110*1--*-1--000-1-01
--0-1*-0---*-*-1-1--0--0*-1-1*-0--10*-0---001-1-
**---0-1--0001---0-00-10---1*-*-1-*000*--*-0--10
*0--0-1-0-10-00-1------0-010-*1--00--*---0*01-11
-.-*11-0-*-10--0--01*---0*-0-----0-0**1-0-1--*--
--111-00*01------0-0---0-0---000*0-0-10001*---01
0-0--0*--0--0---01-.---*1--0--------010*--*-0-*-
--1--1--1----0--11-*0*-1---0---0--.---0-*--*1000

*** Life<Cell> 20x27 ***

Generation = 0, Population = 85.
-0-0-----------00----------
-0-0------0-0-----------0--
--0---------0--------------
----------0--------0-0-----
0--------------------------
---0--------------0--0---00
--------------0-0-------00-
---00----0---0-0---------0-
-------00-------0-0--0-0--0
---0--0-0---------0-------0
-----00---------0-----0----
---0-00---0-----------0----
--0--00-0---0---0----------
----0---0----------0-------
--0---0--------------0--0--
--0------0---------0--0----
000----0----------0-----0--
-------------00-----0-0----
--------------------0----0-
--00---0-0-------------0---

*** Life<Cell> 21x31 ***

Generation = 0, Population = 213.
0---00--0-0--0------000----0---
0--0----00---00--0------0--0--0
0-0--0---0--0---00--000-0----0-
-----0--000---00-000-00---0----
-----0-0-----0-00---------000-0
0--00--00---0-00----0--00--00-0
0-00--0--00-0000000-0-0--------
0-0-0--000-0-0-0-000-0--0---00-
----00--0-0-----0---0---0--00-0
--0-----0--0-00----0-0--0--0-0-
--00-0--0-0000-----0----0------
--0-0-00-00-0---0-00--0--0--0-0
-0---0---0-0-0--------------00-
--000-000-----0--00-------0----
0---0-0----------0-------000-0-
-------0-0---0---0------0----0-
----------0--0----0-0-0--------
-0----00---0-----------00---0--
--0-----0--0--0--------0-00----
--------0---0--0-00-----00---00
-0----000--00-00-0-------0-0-0-

Generation = 7, Population = 283.
.*--*.0**.-*-*-1**.-....0*0.-1.
-..--.-.-0.0*-..1.*-010****-1*0
.11--1*1*--*0-11.--**.-0.0-..-*
.-1*..*-...1..**011..*---**--.1
-----*1.-.1*.--.-**--*0--.-1***
1*1-.-0-.-**.1--.1*-1*0.*--.1--
0-.*..-1-0.0*.1*-.-1.10-.-.---*
*-...-*11-01*.*.---**--..--1.**
*-1*-*1.*-.*1-.----**01.-*-1-0-
--.**-1.-11---*.--1.10-.**.*--*
..1*1-0--..-.--1*..-.-**.*----.
--.*..--1**.**00*-*.*--*.---..-
-0-*-.*.*.***-0.-*-.*-.0*.0...-
.-*-0---.*-*101.1-.*1-100.*0---
0*--*-.-..*-.--1*-1.0-.**.1--..
-1.1--1..-.*1*.-0*0-1*.-.---**0
--1*--*-**01....01*---.-1****--
0.0***...1**.0.1-.-..-*-.--*---
1*-01-*-.1-*0*--1.*.-.-**-.-..0
0*-0.00.110.-.*.00.---*-.-*-1**
0-*.**1-*-.**-.0.*1*00.--*.---0

Generation = 14, Population = 235.
..1*****..-**.**********-***-..
..***...1-.**.......011.......-
*..-...-..-.00...-*..*-.*-.*..*
*-*....**..-....1.-...-..***.*.
*-**...*.*-..1..-..-*.10..-*...
1.....1*.....--*.-.1.*****-...*
--.***1.....*...-.*...--.**.--.
.-.**0*.*..*....---.**1..-0.*..
.*.*-.**.**....--*1.**..-.11--*
0*.**.....*-*........-***...*..
...*1....**...-....*...*...*--.
**.*...-*.***.1....**.-.**.0..*
.....****...*.-.-***.1.*..*...-
**..*.*-***..*-**-.....1.*...--
-.0**..0*.*-.1..*....-.***.1-.*
-...1-..*-*........-.*........-
.-1.-0.1.***..**-...11.-......*
..*.**.*...***.1...***...-*.*-.
*.-*.*.-**.*..--.*****.*****...
*.......**-*-*..*1..**...**-..*
-***.*1..-.....-....1***-*.**-.

Generation = 21, Population = 158.
............***......*..-**.-..
..*.**..*1**.*......1..*...*..-
.*.....*...*0..*.-.......1.**..
**..**.***...*.*.*-...*.*..**..
..**.....*.........-...-..**...
......-..*...*...-...**...-*...
.-..*..**......**.....*0.....-.
*....1..*.....*.11-...**.*.....
*.........*....--.*...*.-*.....
*........*.1.*...........*....*
........**..**.**........**..*.
*......1....**.*..............*
.......*........0..*.*.........
......*........**....*.........
.......****-*....*..*-......1..
..*..-....*........-..........-
.*..-.....****..-*..-..-.......
*.*...*..****....*......***..-.
*....**.*.*....**......*..****.
*...**.**.*....**1.....*...-...
-****....***...-....-...-***.-.

Generation = 28, Population = 124.
..**....................-**.*..
.*.***...-*...**.*..-.**.**.*.-
*.....*....**.....*.*..*.-.....
.*.***.....*.......**...*......
..****......*......**...*......
......-......**..-*...***.-....
.-......*....*.........0.....-.
.....1..........-.-............
......*.*......-.....**........
........*....**..**..**........
......**..**.......*...........
.....**.*********.*............
.......**..****...*............
.......*..*......*.............
.......*.............-......-..
.....-..**.........-....**....-
....-...........-...-.*-.......
**...................*...*.....
*........**..........*..*...**.
*.*....*..*...**.....*.....0...
-**********.........-........-.

Generation = 35, Population = 70.
.**.........*..................
.**......-.*.*...**...........-
.....***..*...*.*.*............
....**.**..*.*.................
....**.**...*...**.............
......-................*..-....
.-....*............*...-*....-.
.....*.*........-.*.*...**.....
.....*.*.......-...*....*......
.....***...............*.......
................*.*............
...............***.............
...............................
...........***.................
.....................-......-..
.....-.............-..........-
....-...........-...-.**..*....
**....................*..*.....
*.....................*.**.....
*.*........................-...
-**.................-........-.

*** Life<Cell> 5x4 ***

Generation = 0, Population = 9.
0--0
----
0-00
-0-0
-00-

Generation = 10, Population = 10.
.1.*
.***
-0..
-*-*
.**-

Generation = 20, Population = 8.
....
.***
-***
.*.*
...-

Generation = 30, Population = 0.
....
....
....
....
....

Generation = 40, Population = 0.
....
....
....
....
....

*** Life<Cell> 49x7 ***

Generation = 0, Population = 95.
-------
---0--0
---0---
-----0-
------0
0-----0
0---0-0
-0-00--
---0---
00-----
-------
---00--
0---0--
--00000
-----00
---0--0
-0-0--0
------0
-00-0-0
-0--0--
00--0--
0--0---
0-----0
-------
0000---
---0---
--0---0
00----0
-0000-0
-----0-
--0----
--00---
0--0---
0---0--
-------
-0---0-
---0---
-------
-0-00--
----0--
0-----0
00--0-0
00-----
--0---0
----0--
----00-
0------
--00--0
--0--0-

Generation = 4, Population = 152.
---1--1
1-111--
0---0.1
---101-
--0*1--
.1-*1.0
.---.0*
00-0-.1
-0--*-*
..11---
-0-*11-
111.---
00-0---
*..-..*
--10111
-1..---
---.-1-
1--*-00
10*-.-.
01-000-
-*-0*--
*-*0--1
*---0--
----1-1
**-*10-
*--*-0.
----*--
*1.1-*0
----*-.
01-0000
0.*----
-----1-
..----0
.*0-01*
10111--
*-00.--
---*--1
-*----1
----1.1
1**1.-1
---0-1.
.0*.01.
1-0*.1*
1--1---
--1--0*
----11*
*0--1*-
1.011-0
-0.-.*0

*** Life<Cell> 28x13 ***

Generation = 0, Population = 152.
0-00-0--0----
---0-0--0--0-
0---0-000--00
0--000-0----0
0---0---0--0-
0------0-000-
----00-0-0-0-
-0---0000----
---0--0---0-0
0-----0-0-00-
00-00-0----0-
---000---000-
0-0000--00--0
-0--0---00-0-
-00-----0---0
-00-0------00
---0--0-00--0
0--00-00--000
-0---------0-
000-000-0----
----0-0-0-00-
00---0--00-0-
0-00---0-----
0-000-00-0-0-
-00-0--000---
0---0-0-000--
--0-----0000-
------00-0000

Generation = 6, Population = 176.
-..--*-11----
0-01*--*0.*.-
.0..*1*1*00.-
0--.-.*--.11*
000--*.-10-.*
**.-1-..111.-
--*..*1*-..1*
00.*---.1-.1-
*--**1.-1..1-
*-**01*0.-.*1
0.-.0-1.1..0-
.0-*-1-1**10-
-***-.*1*-000
-*1-*00-100**
1--*1*-0*1-1.
.-*-110-*----
**0.*..-.*--0
-100*10110*.-
*1------*--*-
**1*0--*..-1-
0--..--*..*01
0.-.11-*.-*--
----.11*01..0
1-*.11..-*10-
0.-1--1-.*-1-
1--*11--*---*
--10-0--.-0-0
-0--01.---...

Generation = 12, Population = 166.
-**0-**--1-*-
-1**.*1.1**.*
.1.**1**.**..
..1.*.*...*..
.*.**.*.--.*.
..*1*-..-...-
1-....-...**.
****.1*..****
.-**.1*****.1
*1.*1....-...
**...-*....11
**..-1****.**
1*.*-*.**-*-*
1***.--..***.
*-*.*.**.11..
*-.-..1-.-...
*.*.**..*.---
*..*.*-*.-*.1
.*----.0*1*.*
.***1.-*..0.0
.*0..-*......
.*0..1*.*1.**
.0-1..1*--.*1
.*...1..1.*0-
1*...*..*...0
**..*.-.*-.1.
-1.**-1-*---.
..00*..-*0...

Generation = 18, Population = 106.
-**1......-.-
1............
*.**.........
.**..*.....**
...*.*..11***
...**1..-...-
.-.........**
.....-.....**
.*......*...*
.*.....*.-...
.....0.*..*1.
.....-.**....
..*.-..*...0.
**.**....*...
...**.****...
.*.**.*-....*
..*...****...
.......**....
**00-1.1.**..
*.....1**...*
.***.-*.....*
.*1........*.
.01...1*-...*
*.*....*...-*
.**....*....1
......-....-.
.*.**.*-..0-.
.*.-....***..

Generation = 24, Population = 101.
-**.......-.-
*.*...*......
**.....*.....
.*..*........
..*....***...
...***.*-*..1
.-.**........
.....-*...*..
.......*...*.
......**...*.
..*..0...*...
*******...*..
**.*-....*...
.***.....*...
..*.*...*....
..*.....*....
.....**...*.*
...*.*......*
..-.0.....***
*...***......
*....*.......
*.........*..
*0.....*-*...
*.**..*.*..-*
*..****.*..**
.*.**.1...*1.
...**..-..-.*
...........**

Generation = 30, Population = 85.
0*.*......-.-
.*.*.........
.............
.............
.........*...
......*.....-
.-.****......
........**.*.
..........*..
..........*..
.....*..**...
...**...**.*.
....-......*.
.......****..
.....*..***..
.....**...**.
....*.....**.
.....*....*..
.......**...*
.***.**.....*
.**.....*....
*....***..*..
.***.*.****..
.*.........*.
...**..*..*..
**.....**....
.*.*...-.**.*
..*.......*.*

Generation = 36, Population = 71.
-*........-.-
**...........
.............
.............
.............
....*.......-
.-.*..**...*.
....*.***..**
.....**.....*
...........*.
........*.**.
......*..*...
......*.*....
.......**....
...***.......
...*.........
.....*...***.
..**.........
.*..*...*....
.*.*....*....
.*.*.....*.*.
*..*.......*.
*..**.....*..
...*...***..*
...*....*****
*.*......*...
.......-...**
...........*.

Generation = 42, Population = 75.
-*........-.-
**...........
.............
.............
.....*.......
....***......
.-.*..**..*..
...*..*..***.
....**.......
.........***.
........***..
...........*.
.........**..
...*.....*...
..*.*....*...
.....*.**.**.
.*...*....**.
*.....*......
*.*.....*.**.
.*..*.....**.
.......*..**.
........**...
.......*.*..*
..**.....*...
..**.*..*.*..
......*...*.*
.......-*...*
........*..*.

*** Life<Cell> 38x38 ***

Generation = 0, Population = 77.
--------------0----------------------0
---------------------------0-----0----
------0---0-------0-0---0------------0
--------------------------------------
-------0----0-------------------------
----0-0--------0----------------------
--------------------0-------0--00-----
----0-0----------0-----------------0--
---0-----------0----------0-----------
----------------------------------0---
-----0------------------------------00
--------0----0------------------------
-----------0--------------------------
-0---------0--------------------------
---------------------------------0----
--------------------------------------
----0-------0-----0-------------------
--------------------------------------
--------------------------------------
0-------------------------------------
--------------------------------0---0-
-0--------0---------------------------
-----------00-------------------------
----------------------------------0---
------------------------00---0--------
----------0-----------0-----------0---
-----------------------------0--0-----
----------------------------0---------
---------------------0----------------
--------------------0-----------------
----------------------0---------------
------------------------0-0----0------
------0------------0-----------------0
----0--0--0-------------------0---0---
----------------0----0----------------
----------------------------------0---
-----------0---0------0---------------
-------------------------0------------

Generation = 4, Population = 229.
------01----0-------0---0--------0-*-0
----1-1--------0-------0---0-0-0-0---1
--0---0---0---0-0-----0-0------101-*-0
----*-.----------0-----------------1--
--------0--0--000---------0----------0
0-0-----0-00-------0-------0-----10---
-----01---0-----1-0-0---0--01---*--0--
0-0-------0----------0---------1-----*
------------1----.-0--0-------1-------
-1--0-0----1---1--------------0-------
-1-------0----------0-------0--0---1**
------0--0--0----------------------0--
---11--0----1-----0-------0-----------
-0---1-1-------0------------------0---
-----1-----------------------0------1-
1-------0----0------------------------
1----------0--0-0-----0---------1---0-
----------10--------------------------
-----------10--------------------1----
--*-1-----------------------------0---
----0-------0-----0-----00--01--0-----
-1---00---1-.-1-------0-----------0---
-------00----.-10------------0--*-----
1---------------------------0-0-------
--------------------1--.-*--00--*1--0-
-0----0---0---0---0-0---.-1---1-.-----
-----------01---------0--*--1-..-1--1-
--------------------------0----01-*---
------0----------0-0--.-0----0-------0
----0--0--------0-----.-*-----1-------
----------------0-0-..----0--1--0-----
--------------------*-.----0--.---*0--
--1-.-----10---------1*1---------1-0--
0--1-.0-1.-0--1-----0----00---1---0---
------------0--.-1--0-.--1------------
------------------------001---00------
------01--------.-1--.1---0----------0
----0--0--0----------1-------00-------

Generation = 8, Population = 416.
---0**-.-*-----1----0-0---0-00--**-.0-
--.--011-------1---0-----0--------10-1
*-1--11.*-0---1-1-0-------0-11-1-1-.0-
----.*.0111--0--1---------------0*.*1-
----1*--*-0**---.*1-----0------*-.1-01
011-10--.--01-111------0---*1*0--.---.
----.-..--0-1--.*0-.*--01-.0..-*.*-0--
*-1---.---*11-0*---------1-*10*-001.-*
-.-10--1--101-01-.-0.--1----0-.110110.
-.-.----------------------00.---.1-..-
-*--.-1---1--0---11-1---0---01011-.-*.
---00--0--.-1---1----0-----------*.---
--1*.0-----*.*-----0------------0-0*1-
.1-0-*-..-1-.--0---0----------------10
*----.-1---.1-------0----1--1--*0-.1*1
.*0-010.--01-----0----------------*1--
.0-10------.---0----0---01---*--------
.-*-*---1..1----------1---------------
0---*0-----*..------------------0---01
1*.-*-----110---------------1---*-----
--.---.---..-01------0-*1--0*.-.0---0-
.1.-1*---1-.*-----0-0---.-------*-----
---1*.--*..1-.-.1--10-11.----1-...*-*-
---------1-1-0-1----*-------.---01----
----1-1----.-1--*011*--*-.---.0...-.--
--1-*--1--1-*-1---*-*--0.1-10-*..1.---
------.----*..--0----0-.*.-.-...*..-.*
1-----------1------------0-0*****1*---
----.------*-1-*---*1*.*..----01----*-
-1---*----0-1---1-----...*0**---0-----
----10---0-01-00.0-1.**-*00-..*-------
----.-0-010.------10.-*-1---1..-1**1.*
1-*1.-0-.-.1--01*----..*.-11----*-1.0-
--0--*-1*.01--10--*0*0-11*.0--..0--0--
---000*01--*--**--0--*.11*-----10-----
-------.00----*-0----0-1..-.0---.-----
---0*1*-.0-----0..*01.--10----0------0
-----*0...------01--1.--0-1-**-1-1----

Generation = 12, Population = 660.
***.**0*1*1*0*-*.*10--0-01--.---.*0*--
0*.--...*-.-1--.-----0---0-0-11-*-.*--
*0*1*.-..11..-...0--0-01-1-**.-1**0*.*
.010...--*.11-0..--01----0--1*-1**.*.1
10--*..*.***.-1-...110-*--1-**-*..-.1*
***1*1.**-10.-.1-.1--*-111*.-..1*.--**
1-01.1.*-0-0.-1***0..*--.-*-.**.**--0*
.0-0*-.-01..*01.-.--*10001-..-..-**.-*
0.0*-*-1.-**11-11..-.*----.1-*...-.***
**-.11-.--..--**-*1-1----0--*---.*-**-
1*-**-1*11-.-*.10...--1.0--0.11*.-.**.
0000-10111.--11*1-.---------001.-..*-1
01*.....1.-*.***-0.*1---**--10-1-0*.1*
.1.*-....01*.*01.--*--11-----1--*0-..0
.*1-..--0--.**-*-0*-*0--1-..--1.1-.1.-
..*10.**-1.*0*010--------1011-0.1-*1-0
.*0**1.*01-*----1---*---1*1-**-----.--
*-.1.**-*****------11--1-01-0----0----
1--1.*.*00....*-1--1---*----.*--**-.**
*..-.1*010.*10.101--00---0-1.*0*..--*1
--.-11.-.-***-*.-0-1--.**--*.*-*-*---1
*-*-***-***..*.-.-*-*1--*---1*-1.1111-
-*0...-.....-*-.1--.-0*.*1-0--*....0.-
100-*--0---.1.0---.-.1.00--0*0-1-..*-1
--*..-.*--1.*.*1.0*1*-.**.*-*.....0.--
-111.1*111-..-*-10.-*0.**.1*-1*...*---
--11-1.10**.**-1-.----1.*.-.-****..1*.
..11.-1---10*--0.0.*10--001........01-
0--0.1-000-.1--*-*-*-...**0*10-1.10-*.
*-101*-*--00*--1111110**..-*.-1*-0-*-*
*-1-*10--*-*.**..-***..*..-0....--*-1-
--1-.0.-*....11---.0*0.1.--01..1-*....
-1.....-.-..1--***-.-**..0*---*1*.*.*-
.-..*.--*.-.--.1-1*0**-....*-0.*00*-*1
0-1.-1..*-0.-...-.-11.***.-.0-0*0.1**-
------..00-1*0*-0---1--...1*01.*.----0
--.....**1-0-*0-..*-**---..011-0*11000
-10*1.-.*.*1-1-***-0**-*-1*1.**10----1

Generation = 16, Population = 561.
**....-.*.1.****..---0-1-*.1.--0**1.-*
...1-*...-.1.--.---0*0--01-*1.......-*
*-*.******...0.*.0--*-*.-*0****-*.**..
.-.-***11*.-.-...**-.0.-*1-0..*..*...*
--*1**..*..*...0...-.--.1-.-..-...-..*
*...*1.*..-1.1.*-..-1.--*-..*..1.*1-.*
**0..***1.-1.--**.1...-1*-..**....-.0.
.**..-*---...--.-.*...-*0.*..1..-*..1.
*.*.-*1-*-...1-****-..1..*..*..*.-**..
..-.1*0.--..1-*.-*.*.-1-1*..***-.*0..-
....*-1.*-1.*.*.**..-.1.10--.1...-*...
.-.01*.***.-...*10*--1*---*-0-1*1.**0.
-1...*....1.....1-****1-*..1*-.-*0....
*...-....--.....*--.--*.*---1.-1*01*.*
**1*.*.1-*1.**-.*1.-.10---...-*.1-*.*.
...*-...1..*1.-*-*.1--.-1**1*1****.-10
**...*...***..--..1-.1--...*..-*-...--
*-....*-.......--11****.*---*10-*..-1*
-*-*.**.1*.*.....11..1*..-.-...-*.0...
***0...*.-......--1.*..----*.**....1*.
--*.**...1......0.----...1....0*1.-*-.
...*..........*-.0*-*11***1-....*1...-
*.-.*.*.....**-.*--*1**...-*...*.*.-.-
**--.--.1...**.*1*.-.***-1*-.*.1*...1-
.-...1.*1-..*.*.*0*-.-.**..-*...**..--
1**..-.-.-*.**.-.1*-*.**..*.-1.....*.1
--..1..*..........1*01*.*.........*-.*
*.1..1.**1*1*-1-.*.*1**1-.*..**....-*-
-*--..10**-*1**..**.****..-...1*.--0..
.-*-....0.1-.-..*.***-.......*.*-.-.0*
.0*-*1**0..*.....-**..****--*...**..**
.0*.**.1...*.-*-*-*0.-*..---...*1*..**
.-*...*-.0.**1...*0**...**...-**.....1
*-....-....*****-1.-**1.....*0**-0.0..
*.1.-....--.*.**-*-1*.*****..-1.-***.-
--*--1...**-.-*-11-11*****..-...*--*1.
--.***...-011.1*...1..1-1..*..--..1-0-
-*-.*.1...*--.-*.**1*.0..**-**..-*.*1.

Generation = 20, Population = 483.
......-...****..*.**11-*-.*.*--*..****
...1.....-*-.-0..01-**-1....*.**..*..*
.1.**.....*..-...*-0.-..*.1....-..*..*
.*.........*.*.......*..*11-..**..**..
-..-.......*.*.***.-.0-.***-..***.**..
.*.......*--.*..-....*-1.-....*1......
.*-.....*.-*.*****...*-*..........-.-.
.....-.-...*....-....*-*-.*.....-.....
...*1.*..1.*.*-....-*......*....*1....
..**1.-..-***1*....*.---1**.*..0**...-
...***..*.*.***..*****-**0*-.....**...
.-*..*..**.1..**...*.-**-1...1**-**...
--*...*...1..*..1-.....-.....-...**...
.**.-**.*1-..*...1*.--..*110*.-*.***..
*.1**...*........-.-..-*1...*-.*--.**.
*...0...-*..-*1.-..*--**...*.....**1--
.*....**.....*-1***1*.--****....-*..-*
..*....-..*....0*--......*--.1-..*...*
**0***..***......1...-*..-.*...-*.-*..
*.*0.....*......11.....10-1**......*.*
*1......**......-*-11-........-.1.1*-*
.*.............1...-.......-.....*...*
..-...*.*.....-.*.........-.....**.-.*
*.10....*..***..1*.-..**...-...1**..-*
*.***1..1-**.**..0*-.-.*.**-***...**-.
...*.*.*.-...*.**-.0..***..*--.*....*.
1............*....-.-..*.***.**....-..
.....*........*-*...-..***.****.***..-
*.*0......1..*.**....*....-...-..*--*.
.*..*...1.*..1..***..*..**...*..-.1.-.
**.-.**.0**.*..*.***......**..*.****..
*-...**.....*-.**..-.1..*01-.**..****.
.-*..****1.**-....1.*...*....1...*.**.
.1....****..**..*1.1.***.....-.**-*...
*.**-*...-*.*.*.-*.1........*0..-..**1
*..*1......-.-.**--*........0*...11.**
*-..**...--1*.-.*.*1*.-0**...*01*..10-
*.-.**1....-..0..**.*.-.*****...-*....

Generation = 24, Population = 480.
...*..-..**.*.*......-1.**.**.-.*****.
..*.*....**-**-*.01-**..*.*..**.**....
.*..*.......*-..**-0**...*.....-...*.*
..***...***..**...*.*..*..**......*..*
-.**....*......*.**-*0.....-**..*.....
........**-1..**-*.......-...*.-......
..-.......**.**.....**-.......*.*.**-.
...*.*.-..**..**-**.*.0.1.....*.-.....
...**.*..-..**0....1....*....*...*....
.....*1..-...-......*.--*.***....*...-
...............*..**..-.*-*1..*.......
.1....***..-..*..*...*.*1**.*.**1.....
-1...***..1.**.*1-.*..*-..***-.**.....
....1.***.**...*...*-0....-1..-*.*....
**1.*..***...**.***0..1.-.....**.**.**
....****-**...**0*.*--..*.......*.*11-
*.......**.**.**.....*-****.....**.*.*
.**.*..-.......-**..**.....-.--..**.**
.*0.*.....*..****.*.*-..*-...*.-..*.*.
...-......*....*...*.*..--*.**....***.
.-.....*.*......-.1*.**..**...-.1*.*-.
*.**...*.*...*.1*...*.*.....*...**.**.
..****...**..*1.*........**........-*.
..11.....*......1..1***....*.....*..*.
.******..1....*.*-.*****...0..****..-.
.........-**...**-**..*..*..*-......*.
-.*.......*..*..**1.-...*.***.....*-.*
.........*...*.0....-...**.*.*.*..*.*1
..*..**.....****........**-.*......1*.
..*.***.....*..***......***.....1...1.
*..-...*-**...*...*...*..**.**.....*..
*-.*...*.**.**....***.*.*---.*..*..*..
.1**....*1*.*1*...1..*.***....****....
.**.**.*.....*...-...........-..*-....
..*.1..*.0*...*....*.......**-..1....-
*.*.**.*.**.*-...*-*.......*-...*...*.
**.***......**1*...*..**...**.-1*...--
..-......****.-..**...**.......**.....

Generation = 28, Population = 450.
..***.-..***.*****...-**......-.......
..****.....-..1..0*1.****.....****....
.**.*...***..-***.1......*........**..
..****.**...*.....*...**.*......*.....
-.****.*.....*..**.-.**.*..-..........
..........1...**1.....*..-.....-......
..-..........***.....*0.............-.
.......-..****.*-....*-.........-**...
.........-.***-...*-.*........*****...
...**.*..-...-**.......1....*.*..*...-
...*..*....***.......*1***.*.*.***....
......*...**...............*....**....
1.*......*....***....**-.....*..*.....
**.**....*.**..****.*-......*.1**...**
**......*..*.....****.1.**.*...***....
*......****.....****-..*......**...**-
*....**....*....*..**.-..**.***.......
*.*...**....**.1*...**.*..*1**1*......
.*-....*...*........**.*.*...***......
...-.....**.........****11...**.......
.-.....*..............*.*.*...0.....-.
...........................*.**.**.*.*
...*.*.......*...........*.*....*..-.*
...***.....**......*.....*.*..*.....*.
..**....**..*.....*.*......**.*..**.1.
......**.1*.*....*.******..**-*.*.**..
-...*....**...*..***-*.**...*..*...-**
...**.........*-...*-*.*...........***
..**.*........*...*.....*.1*.......*.*
**.*..**.......*...*..***..*....1..***
**.....*1***......***.***..*..**...***
*-...*.....**...*........**0*.**...**.
.1.....*..***-*..**.*......*.**...**..
..*....***....*..*.*...*.....0...***..
....1**..1...**......*.**..*.-**-.**.-
.............*....0...*..*..1**...*...
*.......***...1*.*.*..**...***-1****-1
.**.....**.**.-**.**.......***...*....

*** Life<Cell> 6x15 ***

Generation = 0, Population = 27.
00----0---0-0-0
--000------00--
-------00---0-0
---------00---0
-0-------0---00
---00-0----00--

Generation = 7, Population = 42.
**11*.1*1---*-0
--.0...*001.1*-
.*------.--1.1*
-0-111.**-..-1-
0*-.-1-01.-...0
-.-**--1**1..**

Generation = 14, Population = 39.
..***..*..1***1
1...*.*.*...1.*
*.*00...**1-...
--.*...*.1**..*
1.-..***.......
....*1-***..*.*

Generation = 21, Population = 30.
...*.***.......
..*....**...**.
.**1.....***..*
1***.*.*.*....*
-....*.*.***.*.
.....--........

Generation = 28, Population = 24.
.*....***......
..*******....*.
..****.**...*..
....*.......**.
.............*.
.....1-........

Generation = 35, Population = 0.
...............
...............
...............
...............
...............
...............

Generation = 42, Population = 0.
...............
...............
...............
...............
...............
...............

Generation = 49, Population = 0.
...............
...............
...............
...............
...............
...............
