*** Life<FredkinCell> 8x9 ***

Generation = 0, Population = 16.
--0-00---
---0--0--
0--------
0----0--0
-0-------
--0------
-00-0----
--0-----0

*** Life<FredkinCell> 12x46 ***

Generation = 0, Population = 159.
----------00---0--------00--00---------------0
-0----0----00---------00-0----0-0------0---0-0
0--0-00-----0--000---0-0---------0--------0---
--0--0---000---0-----0--00-----0--00-0--00----
-0----0----0-00--0-----0------0-0-000--0-0-0-0
0----000--0-000------0-----00---000--0----0-0-
-0-0---0-0-----0-----0--0------00--0-0-0-0--0-
-----0-----0---0----0-----0----00-000-0-0-0-0-
0------0-0---00-----------0--0---------0--0---
0---00--000-00---0----00-------0------000-0---
---00------0-0---0----------00-------0-0--0---
-0---0-0--00-00--0--000--0----0------0------00

Generation = 7, Population = 291.
0-22-3--023--10120-1-3--730----0112---0---5-0-
32-1--3-1-231-231-420-2----3-13--00-1-----2-11
020-1213-0--543--22------1-133-63-21-23---2-0-
22011-0-32-2---3-2----2-----5----0----11-12023
--312440020---100-11112221244-1---2-----3---31
0--6231-231-13-0--23--2110131--1-----5-0043-32
2-0--12-221---0---031-1----2-0-----322--141012
00--20-0--1-2---20-02-0-3---1-2-1151102--1--24
4----31022---0122--2---21312-012---3-1-21210--
-2---4--5-23--4--4-0--22-111-14--1-12-2--0-1-3
443--1----0301--00210---0-----24---0-33-127---
---230-422---0-1-----1312532-4-2-----2-35-1-31

Generation = 14, Population = 278.
---40----2-34-24--4-----+-4--75-42-----1-07-2-
5-3-----51-4267--24314--34--4-50--2---0---3-3-
2304221-3-226661--2-2-2-----6----345-----0-434
-4-36--45-3-1418272-0--4-341----5-343--394---4
465-5--20--62-411--3----3-4-72-3-12-84---4-0--
----4-5-5--52-32-0384--34-25621----1-94-19--55
--2-3--5--45--24-417-63-22-51-21--33--332--2-4
--44-3----3---322344-2-1--3----33151-2-3------
-6-2---444------3--3-215-4-20-2-5-23233---2-23
9---4--2-225-4--261--5-23-4-2-84--0--03-602643
89+-321----+-1112---4-0--4--45--54-2-7-219----
---46--8231-----63-2---17-55--44--1-776--14--5

Generation = 21, Population = 284.
-56--6----45-------3--31+6--6-525--42-3-237---
856-7--2+-76--+8--53--7----7--8-4-658-11-47082
3--+-5--3-5966---52--4423-1-+5---84---5----7-4
84--+5--97--29-+-72---74--6--4747-8---2--68-77
7-72----3-1+76632866-3674+5---3564-3-7-5+67156
4-17645---5-3-75-08-5-44732--6-3-53-4+4-----6-
---2---73-46---7---+57-463--44--24-----7--3-5-
-4458---3-----6-7--945----55-3-582-8-33----42-
--4-3+3--4------4---37-----6-44-8------5---15-
+-6-774--446388-563-779563---49-6--441--815++5
9++--244---+--14-553--2--7-3---7-743-+65-+9-6-
--2684-+--442--37-42-4-3++-----------++-7--78-

Generation = 28, Population = 278.
--7---77-64-5669--5---6-+-76---4----22-466-4--
---7-3--+3+-5+++4-636+7--+7-+--78487-32-76-2+-
3---37-8-4--8--23-4--7--5346+6--8----+5-7-69-7
+745---6+----+5+5-7+-----9-4+--5+-+---37-+-29+
-+--++--73-+987---6------+---3-67554++58-+---8
-51995899-6-+87762-87-55-45+896-38-95+6--+--8-
9---7--+----5--+--5+--7-96-8-----746+3--8+436-
----9-66---7-69---9+5-4768+8-------+------9-6-
+---5-4---39-3-----------9---5--938--7-5-6-2-3
+-748---9-48-88-5840--+-8---5-+6+-5551-3+--+-6
9-+---8--72+--2-5---6-4--7----+----3-+9-4-+6-2
6657-6-+6+88--7-+--23-+5-+--4-77-------7-2-88-

Generation = 35, Population = 269.
49---8-+096-5---8--6-+---8-7-+---8-76-6--6986+
----78-5---+8--+6---7+9---+9+--8-5+----5--+4+-
5-4----+376--+--+86-----7----+8+++6+7-8--68---
++-++-78+-8--+9+--+------+-5----+6--+---++-3-+
9++--+9--8--+9-459---7-+----+5967-8-+--9++-5--
-5-+--9+--7+++++-399-567+55-9-753+--6--+5+----
9+-58-7+---+-8-+-+5--+-5----7-2----9+458-+649+
--9---6---++5--8-7++866-+9---6+8+3--+-6+-7+--4
+-------896+54-5--99--3+-+---7+-----3--6--+---
-8-689---49-98--8+-5--+7+3995-----9--2--+-----
+----7-93-5----6-5---4-99--95+--9-7-7-+--++---
86+-9--+7--+-++--7-73+--+-++78+9--3-+----2----

Generation = 42, Population = 276.
-+--2++-0+-----+99---+86-+--+----+-+8-88---+-+
-+--+9+7-5-+9-+-+----+++9-++-++-+-+--7---+-8-7
7------+----+--6----4+98------8-+-8-7+-7-6-+--
+--------++----+7+++5+-+9-+5+-+8-8--++----+--+
+++---+---4+----7------++-+-+6+-9++9-+7-----++
---+-7++++-+++++---++9--+5-++-+-5+6+8+9-7-+-98
+---+--+65--+-8---++-----+--++2----+-68-+-8-++
7-+---98-6-+5--++-+-8-7-++-+--+9-4-++86+-7-+-6
-+9+--78++8--5-+7--+++-+6+--69--+------829-5--
+9---++5+6---++--+----+++----9----+-8--5-66-+7
+-+-+-----7--6-6-7-7995+----6+++---6-+-+7+--+7
-6-++-6-8-+-6++7+97-3-+--+++8+++6--+---++--+-6

Generation = 49, Population = 288.
8--+-+++5-++--+++-+8-++8--+----+-+--+8+-++--9-
+-+9+-+9---++---+--6---+++--++--+9++----+--+-+
99-+--+-98-++++8-9+-5+++--+---8++++---+9+--+++
--++-+9--+-+--+---+-7+-+---7+--+-9++-+5+-+-59-
---5++--++5----+++9-+8+-+++-+---++++-+-+-+-7++
--+++++-+---+-++8--+-+9-+5--+--+6+8-8--+-++-+-
-+6--8---8--++-+-++-------9+-+--7--+---9+-9-++
++--+-9--6+-6-+-+7+++-9-++-++-++--+-++7+8-----
+------+-++---+---+----+7--++++-+6++-+6-----9-
+9--++--+8-+-+-6++-++-+-+-++---+-8+8925-+---++
+--+--+---+--6-----+-++-+-8-7-+++-+--++-++--+-
+-+--7+-8-+++-+++++-6--6+-++-+-+7--++--+----+8

*** Life<FredkinCell> 8x29 ***

Generation = 0, Population = 44.
---0--0-0-----0---0-0----0---
------0-----0--0--0--------0-
-----------0-0------0--0-----
-0-0------0-0---0------------
-0--0--0-0-------00--0--0----
--------------0------0-------
-0---------00---00-----0-0---
---------0--0--0--0--------00

Generation = 9, Population = 110.
-----2----5063----202-2302121
---23--2---1-0-1-2-4-4--0--21
14-4---33--11-----5-2-11312--
04-045214-2--------2--02-0-01
-431----1--5----3-----431610-
0-0-0-40--30-303-2-----1--033
----------2-0--31--71014-50-1
0-0221-411-0---2--5--5--3-3-1

Generation = 18, Population = 117.
5732-4-02---86---754-33-243--
415452--92-1-145---7355-24-5-
4--7--5--5-1-364--645----7553
0----57---3---7---3-6-14105--
--81-6------964-5--2-4---+-44
-4--2-6-06-2---52-5-1--62--+4
-75-44251-573----+1-1-47---8-
23-------56--4-3---46-5-724--

Generation = 27, Population = 116.
-----+444-74++-9--746--865-63
-686-4----6----7727--9--2-3-5
-82+65----458495--77+-68---85
--8------433-7+-+---7-54-2---
5-+33-7-7+---94+--88-------84
29-77-+-1------744-4576-5--+8
687-455--4--8-456+-+1---8-4-6
-4----+--6----4----+89----693

Generation = 36, Population = 111.
9---6-8-------7-5+9-9-++-9-+-
--+696--+-68---+-5---+-4-9---
-+---8-+-+57+6-9-5-7-7-+6----
698--+9---8-8++++56-86----74-
98--59---+-+--9+97-9--++5+8-6
4--7--+-5+--2--+-78--8----5+-
------76---++757-+-+386-+----
+55---+8-++9-7-----+-+75-6---

*** Life<FredkinCell> 42x41 ***

Generation = 0, Population = 582.
0----0--000--0---0--00-----------0-0--0-0
-0-00--000--0-----0--0--0--0-000-00-0----
0000----0-00-----00--0-00-----000-0-----0
--00--0-0-0---0-0--------------0----0--0-
-00-----0--0-0-00--0------0---0-0-----0-0
---000---------0-0-0--0---0----0-0-----00
------0-0--0-0-0------0---------0000-----
--00--0000000--00-0-0--000-0-0---00-0----
0-----000-00-0----00--00-----000-0--0-00-
-------000-0--0-0--0--00------0-0--------
------0-0-0-0------0----0----0-00-0--0---
-00---------0-000-00-0-0-0----0-0--0----0
0---000-----0---0---------0----0-0----00-
00-0--0-0----0---00--00-----000-0---0-00-
0-0---000-----0-0------00---0-0-00-0--0--
---00-00----0-0-0-0--0--000----0000--0--0
--0-0-00--00-----0000--0---0--00-0-0-00--
----------------0-0-0---0--0-00----------
0--0---0-------0---0-00-0-0--0---0---0---
--0-0--0-0-0-00-----000-0-----0----0--000
--0--00-0--00-0----0----0--0-00--0--000--
-0-----0---0----0--0-00--0----00-00--0-0-
---00-0---00-----000-----00-0--00-0------
-0----0----00----00-------0---00--00---0-
------00-0-0-------------0---0--000---0--
----0-0--0-0----0--0-----00---------000--
--0-----0-----000-0--0-----0---0--00-0---
-00--00-0-00-00----00--00-0---------0--0-
-----000--0---------0--0-0---0--------0-0
0-0-----00---------0--0-0--0--------0----
---0--00-0--000---0-000-00-----0-0-0-0---
0--0----0---0-----0-00---0-------00-0-0--
-0-00-0-0--00-00-00---0-0-00----00000--0-
0----00----0--00-----0---0--0---0-----0-0
-00--00----0-0-----0-0--0-0--0-00-0----0-
00----0------------00----0-0---0000---0-0
--00-0--000--0---0--000-00-------0--0----
----0--0000-0-00-000-00---0-0---0-0------
--------0---0-0-0-000-----0-00--0--00-0--
0---00--0-00-0-0---0-0--00-0-0--00-------
--0-00-----00-------0--00--0-000--0--0---
0---0-----0--0------0-000-----0------0---

Generation = 6, Population = 885.
2010---1-34--4-0-2203---22--01212-2-2-1-2
-4--203-2--4----2--10---4------2240---3--
4-4-1031-3---------3----13-11-0121251---4
51--0----4--2---42-30-2--1--0---1-3--2--3
--1-1-11---201-00---11--0040-0--1-24--022
0-14-4-00-022-1--1-3---222231-3111-2--26-
202-512-4-240--2---1--4-2----2---043--235
-1--3--210--40-1-02-1-30-1-3--21-40-433--
---22-----01---203-11-0---0111--212------
20121-1--42-10----4-0503-2----4-2-----1-4
---0---5---3-31-2---3-2-3--0--1430-0--0--
1--0-1-01-3201--2------10--12-112-2-331-0
---1---13---60-1----11---1---0----133--1-
---0-0-141-2----22--022-001-00----0-4-4-2
30111146-2-------1-4---3223--3-242--21-45
1---2-----3-004-31---000---01121--32011-1
-0----0310-11-30--2--0-10--3----0-0-2122-
-1-301----13024--3-----0211-----------321
22111----32-12-----1214-0-0-1414011-13-1-
253--2--2032--2-02---4-2--2-22-5--2-4---2
--2-12-221-342---2--0--2-1----4-14-3-----
----113--2-1--101--001--312------2--2--22
0--44060-122-0--4-4-21--02--011123------1
0-120---0-111-02-100-02-00221--200--0---0
01---324-210-0-2--1--20213-4-0-021--00-02
-0-1-2-1--24------1-3--1-0--0--51-0--2-5-
0--1--0-22-1-2-0-141-3-2--3-01---34--43--
0---31134-11231--1---2-243--21-321-00--0-
-0-1-2-------1----03350-2-32100-0-0211-20
-1-14--2----33500-4-533211--121-0110-3---
--3--2-20-03-0--0-134-0---0--3--04-1-0-11
-21003002---3-0-2-1----2-213-0--012---03-
----4312--0431--0-1051211--21-22--2------
251-10--12-3-13---30131-1011---211100-21-
---11-3-42322--1-1--5--5043--22-13121---1
--2--2-----5---0---4-3-1-12-3-322--33-20-
3--43-2-2--2-20-12-0031023-312-0120041-23
---211-402-1332--02-21-211-131-24----2-04
-3-----1-1---5-20-3--1-23-21--500--2-0-01
1-22--11---0-2-1022221--22032-------02--1
---4-11-3-1-23-1---0----3-06----1-1--2311
--11--221-01-01010-11-6-1-2204400-0-1-1-0

Generation = 12, Population = 881.
41-4-533------21--3-35-5---5--3-31-434-2-
482-3152-5-433313025--205210-44-3--2--65-
6-44--4435--620---55-----525-232532-4---8
--2220-14-6-6----5-405--233--1----41-----
--5--3---23223--243624-2-3-230052--560---
--3--6-1-003--3-32--32--3354--6-2-530--7-
--6------5--2-------20834370251-1165--67-
---34-4-5--15-3231--5-43142602-3-8-5-----
6122-1--3--2-22324-5-1-3---3----2-21-43--
--1-3---1-23-322-2--6---151---8-55--513--
020121---0--354-6112624-9--602-+--802114-
-434--3----6----62--43-52-----5-32-2----1
345-5-12----6------23-34244-13353---7-1-4
--22331-71-2133--322-4-100----326------44
-045---7-414----3--42-14-6-75-4266----37-
5-4681-3114-01---353-12-------32623-2-4--
341443-63423-3-1-3--4-521------10--3-34-2
0--66-34--3-15-01--331-----3325021---4-3-
2-344--313613-2--2-3---024-3285--1-214521
4--2--2-63-4----1-237--6--83--1--280----4
-34--4-8-2---4553-1--3--43----53-423--2-3
23-3--3-25154----3--35-1--6----3-44---243
30---3---1-31---6----3216-------5---222-2
0--5--3-20----1--3--31------1-----8-4-4--
1--11--45553-1--34--1-345---22-----100---
-4--1-43--2-6-1041--4-3-04-1-01--0---637-
11652-3-4301---11-6----52-60--1----4-5-4-
-4334-----73--533--1--53-5216--7------4--
-22-4--2405421--2---6-12-043--1-02133----
--4-5--413------21--------51-21--52---2-0
0-5------5-706--0-----2-1-403--4-73-53325
352027-1--165-134--1--1534--4-11---5-337-
-00---3---47-142--517-----3-5-3-25-31--30
---23172---5-------237204-5-1-13-5-1--64-
--6532-1-64--1-4--3864--369---5--4--240-3
-2-15---252-1-3---18245-1-327035-53-5-6--
-1----41-31415--223-271------32--3-2--344
4---24462-237-6-6---3746-----2-5--2---2-7
-4---16-6-5--9-510-32-0--4-3-29-451--0--5
3------24----2--2556---74-17-3----356--1-
-04-67-3-1-2-522---35----12-3314--71225-7
22---2--31-5--12-1-2-0--225----14333-----

*** Life<FredkinCell> 28x7 ***

Generation = 0, Population = 70.
---00--
----0-0
---00-0
00000--
--000-0
----0-0
0--0-0-
-----00
0-0-00-
0---0--
00---0-
---0-00
0-0---0
-------
0----00
----00-
-------
0------
---00--
-0--000
-----0-
-000---
0-0----
-0---00
0--0---
----0--
00000-0
0-----0

Generation = 6, Population = 91.
2-5--23
-11-0-2
1-1-34-
--22--4
-1----2
-2----4
----025
--0---3
403--0-
41--21-
--30444
--2-1-2
---0--1
10-00-1
-1--202
3---42-
----212
----3--
-2--0-3
--0-011
----2--
--2-05-
10--2-1
---3-44
213-23-
-530-22
-0-0---
---0-31

Generation = 12, Population = 96.
-0---33
5---1--
3-3--+6
----74-
----8--
4-2---8
--674-8
3--5326
-----1-
5121--4
1-----5
2---2-4
-2--3--
-10--03
23246-4
-02--34
30-15--
06-1---
--6--3-
--1-2--
--3-332
-5---74
4----12
261-185
6---3-2
5-4214-
341-56-
2-2-254

Generation = 18, Population = 102.
4----79
94323--
------7
----957
-----14
-6---29
4378-79
403-7-6
62-562-
--32---
5-6-765
-245618
-6--747
4420---
6-5----
524--75
41-29-3
1-1---1
46+3--9
7---6-2
11----4
----395
-------
-8552-9
63-1-6-
--5----
5-33-84
31--29-

Generation = 24, Population = 82.
----3--
+6364-5
-------
--4---+
7-2----
----8--
-3+--+-
----9--
----962
61--42-
-------
43-5---
27538+9
5-6346-
+------
68---88
7-4-+--
2----43
6-----9
-23-99-
---27-6
7--5795
7-3----
6---8+-
--5--6-
68--2-8
--54-86
57--69-

Generation = 30, Population = 100.
62--59-
+8-+-5-
--6--+-
--8----
8636-5-
7-+-+7+
8-++-++
-677-++
----+-4
7-4-45+
--637+6
---76-+
-974++-
5---67-
-48-+-+
---79+9
----+--
-+46-5-
-7+---+
84-9-+-
2-6-++-
8---++-
8----+7
--79-++
8-5----
-+-5-7+
--9---6
-+54--7

*** Life<FredkinCell> 6x13 ***

Generation = 0, Population = 26.
0-0-0-00----0
0--0--0------
-0----00-----
--0-0--0-00--
-0-----0-0-0-
---00----00-0

Generation = 5, Population = 48.
2-113111130-0
5--------3--2
-3-4143--0-1-
-0102-0111530
---41-220-0--
02-522-0113-3

*** Life<FredkinCell> 12x23 ***

Generation = 0, Population = 101.
00---0-0-00--0----0-00-
---0-0---0-------0--00-
------00000------0-00--
---0----0-0--00--0-----
0000-0------00-0-------
---------00-0-000--00-0
-----0---0-0-00----0-00
0-000--0000-00--0---0-0
----------000----0-00--
0---------0---00-0000--
----00-0----00---00-00-
0000-------0--0-000-0--

Generation = 7, Population = 134.
52-1-4--0--0--0------1-
242--3-2024-1-1--5--2--
145203-12-0---01-225-41
42340--2--1--1401-4--05
--0--1-12--00-03201---2
4010----43--4--231---47
--30--122-1--1--1111---
-1-2------3-0---3--17--
312-11-61220---22-014-1
----------51-132-4--4--
-12----121-0-----7-4-14
2--21---2-2-1---542----

Generation = 14, Population = 136.
537---1-----4114-452---
6-4-04355--511--18-----
6-76233-5-1-5-3553-6---
---7-4---4-2156--6----7
430--3--321-1---23-3614
7------15--472344826--9
----40-4-12-13---51--6-
---4-7---632----341----
---7--37-4--5-2-2----24
6--371-3-354-3---8-46-4
544--2-36--2--3-0+-644-
--25-51-5-3-1-------523

Generation = 21, Population = 132.
-5---+2--------5--67--5
--89----6-57-45-----51-
-8-+-7-48-14--4----6775
477----7---535625------
56--3-543-3---1--6--6--
----4-63---87-348+364-+
44-372---1-425418---1+7
26-5-+2--9+944445-1-71-
8-8--66----17744--4--3-
874---3-3--4264-----7--
7-7-8234-5---6712+-7---
5----5---3--24-----4---

*** Life<FredkinCell> 24x13 ***

Generation = 0, Population = 36.
--0--------0-
0-0----0----0
-------0-0---
--0----------
--0-0--00----
0-0----------
0---------0--
--------0----
-0-------0---
--------0----
--0----------
-------------
-0---------0-
----0--------
------0------
--0---------0
-------------
-------------
--0------0---
-----0-0-----
-0----------0
-------------
----0----0---
-------------

Generation = 6, Population = 140.
---14-1--3---
10----1-0----
1-0-20--1--0-
---02-3-2--0-
-3--2-0-3211-
1----02--1---
-21120--1-1--
-------01-2-3
3-1--112-1--1
--3-----1-2-0
--0-10---1--0
0-1-1-0------
--31-1---0-0-
-----121--1-0
0---11--03-1-
--10-210-12-1
1-2-11---0--2
10-1-0-101012
22-0-31-1-1-1
01-4-0-1-3132
--2---11-10-1
-110-0-1-0-00
-1-020-01----
---0-----0---

Generation = 12, Population = 142.
-3-47--3----1
2-3-2-3-2----
--------12-61
2-3-----2-1--
13---305-54--
---1---43---3
-41----1322--
2-7--1-01---6
---2--2-21-5-
0-30--04---10
---01---112--
-012----11-10
--4-1523--111
----1--2----2
00--5510--0-3
-0--1431--81-
--40--0-0--1-
2----1-2-----
6---144--22-2
-31--2140-243
0-4--4-3---2-
1221-----2-42
-4---21-4-2-3
00--13110-20-

Generation = 18, Population = 141.
-35-7--4-4-3-
-1--50-3-44--
3--15-08--3+2
4-4-524-60--0
2-2--6155--4-
--4--2574----
--1--0-2-35--
--------5----
-4-----235891
2-6-1-1------
---34------4-
0-5-44----2-1
-4632--43453-
3-01---35-2-4
-0-5-----92-6
----25-2--8--
32---331-0-33
--342--63---5
751--452---44
27-74-46-7-7-
--64-7--17023
---5-3-5-3---
254-4----1-3-
4-3----------

*** Life<FredkinCell> 27x29 ***

Generation = 0, Population = 218.
-----0--000---0----0---0---00
------0--0-00---0-0---0---0--
------0--0-----0--0-0--0-0---
--000----0---0--00-0-00---0--
0-0-----00---------0----0----
------0---0---00--0----------
--0---0-0-0-----0---------0--
-----00-------0---0-----0--0-
----------0----0----00--00-0-
0---0-0-00---0-0--0--0--0-000
--0----0--0-----00--0--------
--00-0------0-000-0-0-0--0---
0------0--0----------0-0-----
--00-0--0----0--00-0---0-----
-00---0-0-0--00-----0-----0--
0--------0-0-------00-00--0--
---0-------0-00-----0-0--0---
-----0--0----0----0---0-000--
0-00---0-----0----------00---
-----0-0--00------0---0-0-00-
---0-0---00--00-------0------
--00---0------00-0---0--0-0--
0-------00-0-000--0-----0-0--
---0-------00--000------0-00-
0----0----0--000---0---------
-------0--00000--0-0------000
----0-0-00----------00--00---

Generation = 7, Population = 388.
--1-----22-3---3------0103351
20-2---4-3-5321-1130--1202124
1-101-3-1----6-2113----2-34--
3-004--311-041-----14----210-
404--0-2-223--0-12---1-14----
-1--4----2-2---23--203-162---
20---2-------053-20-----241--
121-12--2-303-1--102-6-0-5--4
--1-2--2-4-13-----235---2413-
1--12211-5-3320-4141--14212--
--333--3--122----1-24---4----
-41-0-1----2312--03--221204-2
1-20-22-024----0---40-1314-2-
03--2-1-2---231-252-1225--40-
0-1-2--3-020002--0-1--1--4--3
-2---4--01-5-----0---0--1---3
-1---21---23-33--04-1--01-212
-32-2--11-141-25111-2--13-20-
023-310--2-----3-4-2111--3--2
0430-315-0--2---31110-4-3-5--
--142433-3-00---323012-22--1-
--3-3-221-2---40---2----4----
-2-3--30---------433-00-----1
2--1-121------0-1-1-0-----05-
2-3-3123---204-2-------14----
-01-0-41322---11--1--22------
-1---22-231244--1-1255-1---2-

Generation = 14, Population = 405.
-----0-035-6----31428426-5673
--3304-6--36-4-44482--432-1--
4210145-----16----4-4-6-56---
-2-562-5--306-0-22--9-61-543-
-2-232745----532----5-4243-40
223244-45-27--32-5-5---4-52-2
3-40-6----5132-33---22--5--13
-----73243-165-1--234-----1--
--2-2-----0-----26-3-1---83--
-3-4-3-4-6244-1---923--7-5--2
1-5656--213--------5964----2-
--6--58--17-6376----63-2--73-
---327622--2----2--6-2--6-4--
3445-753-------3-66--76--3-1-
42-----321---1-550-15--4---28
34-6-6333--7-1-----63-3----13
111-1-6-3--85455-26--011--332
------342---534932-3--71-1-41
1---5425-7443-2-1623-3246--42
2---1-1-2-43--345-4-5--4--6--
--3---88-8-7-4435761464-5553-
3---63-3-23-4---30---3--8-52-
45-5-2-2-12--3--2553351330--2
71-51325-2-3-3-2---412-2-558-
-----2543---0--53--2-3-------
--33---3---43-3--45524-33243-
-414-----48--7-1-3--8-24-----

Generation = 21, Population = 408.
-12-453---5--56874--+-------7
736--8486-566-667----55633--8
--63-4744---3-3-45546--5---2-
5-----6-34-07---33-6----385-5
-3---28-5--8-9--3-5597-5453--
4-63678--449--44---5-61986--2
-65---5-62-3--+7-4-1-9-5875--
594-3--26--3---53--8-+6---46-
----41343--3--24-+-6-6-4--5+1
---7-62-27--65-5-6--436-6---2
--796--83-524--5-23+++7763550
0--6--+-6-77-688--4---6-56--3
--7--9-3--8-274-7--6-33684---
45-6-76---1--83-7-----+81-84-
-7--56-5--427-4----1-5--7---8
56--6---8---536-----32-7-1624
--5---8---9--6--6-+---4-7----
2-----785358---+463671-26-6--
----85385---642+--58-454--3--
57--264641-5-2-8+-54+3--8-+-5
15------4-----5-----785---5-4
7--1946-3-355---63-5443--1-27
-828254-62265+-1---68746-153-
9-7-2----7-66-7-5---84--4--+5
54-5---5-41--+4--26---279-3-0
---4-5---8--4+-3-66-4-36-3446
-6463654-8+4---31434+9--8----

Generation = 28, Population = 384.
34-278---+8956-++8-+-6-+--7+9
-794------5---88-69-79-85756+
86-+3--75766-6--9--7----7---2
5-----7-47-0--8+-5-6+5-8-+-55
76-6-5+6-----+6--+---9--6----
-----+-5------45798-4+--9----
-+9--6976-63-9--66-1-94-+8-5-
8----+-48--3+-4-55---+-4-+5-+
-3-48--78-1675-65--7--5579-+-
--5--9-7-+7--+1-86+-6--+-93-2
-7++7---52-6---9----+---7-+53
-6-9---6828-+8++6372----8995-
9--99-68-8---9------------+-5
86--8-8--42----49-9-29-+5--7-
6-575-9---5-9--781-3--59-57-+
+-3----9-6-+---4---96----4-3-
-8-----6--+-9+-6+-------8--6-
-565---+74+-+--+-7--+-+4--+--
5+9-+-498+++-7-+8+---66595444
6+652-7-----8-------+-88+2+58
68----++--3--7-58---+-----+--
98----95-5---------577---57-+
8-7-48----4-6+9-3-67-+-+5--66
-2-5------57-58865-7-58--87+-
--+7-6--9-2-5-5-9-64--4-----2
----68+6-8-78+--3--+8-3--6--9
--4-49-66---7-6417-5++9-++24-

*** Life<FredkinCell> 33x37 ***

Generation = 0, Population = 327.
00--0----------0-----00--0-----------
---------0----------00---------------
-------0--000-0-0--------0--0----0-0-
-0-----0-0------0----0-00-------0----
--0--00-----0-----0-------0-0-0---000
00---0---0----0--0---0-00-------0-00-
00-0-0--0--0-0------0---------0------
--0-0-0---0--00------00------00------
-0-00------0----000-0------------0---
0---0-0000-------00-------00---0-0---
----0--00-0----0-0-0---0---------0---
-0--------0----0----0-00-0----0------
--000-00-00---0-----0---------0-0---0
0--000---0-----00---00--0---0-0------
----00----0-0--00-0--0----00---0----0
------0--0---00-0------0--00000------
--00--00------0-0------0-0-----------
--0-------00-----0-----0-----0000----
----00---0-00-0----0------------0-0--
----------0-0--0--0----0---------0---
-0--0-0------------0000--0-0---00----
-0----0---000-0--0-----0--000---0-0--
--0-----000--0--0-----0---0-00----0--
0--0--0-000--000-----00-0------------
0--0-0------0-0----0-------0-----000-
--0-0----0--------0---000-0----0-----
--00--00--0------------0--------00---
----00-00-0-0-0-------0-----0--------
-0---0-0---0--00---0-00-----0--------
-00----0--0----00-00-0000--00--00----
----0-0----00----0-0----00-00000----0
0---0-----------0---00--0------0-----
----0000--0-0----0-------------0-0-0-

Generation = 9, Population = 614.
----30--4-21304--321-244--02-4121200-
0-0--23-2-022--0-3-12-12-1-12-0--44-0
-11-0-3-107-5311--0-21-4-726---10---1
-3---20-204-120-1--0--33-3---64201-13
-4-4-1--1-13-514----31-1--21--11-2--4
1------0123-1-0---021-12255-2-11--3-1
---24-1--1231---1--3---43---2---2-2-0
4----4036-4--1355-20---2--3131-0-3-1-
---4734--1--115475022--15--22-21-4--0
1700-2526338---3--------1-3-57-131---
-3012---00-3-2-4-------41-11--1253-2-
02-------4-1-0433-----71-010--4-2310-
505--55---1----2---33-3---52----3202-
--130-310----10---13-1-60---1-4-42212
323-334--322-11122-32-20-211--201-1--
--3-2---17-2-2-0023--0-----214--1---0
-60---412-6--12---2--0----1211-----1-
--1-81-------103033---0-1-0-1-03---65
0311622---01512312---0---2----2--02-1
--2----01-322--1---1-1-3-15--274041-1
1702217-1--2---2--0----5--153-1-25602
1--1-16253-----40--443--23---1-1-0312
---112--12-2152-0-52-3-12632-2--2--22
----312--615---------132-4----02311-0
-3--04--815---40---4---3-3--41--3102-
-13-2-021----0----311-215-201-3--21-0
--3----3--2431-0-123-04--3---11----3-
----4--2-0-2-4----1231-21--23125--0--
-10-1--105-21----2------332-2---6----
21-2-------05-0---3321--3---------02-
-42--20-----4---43---1--23-6----5-2-3
2--2-40-221030043-1---315016-3---10-0
-1-1-1----42---3-04-1--0-----2441-3--

Generation = 18, Population = 596.
4+-+61---6-36--2-55-2-883--7-7331-213
1-5129---2-4-3424-1-6323-72--6455-624
-4-------3-3--337---23---9-9-35---74-
----351--4-334-2----8248-79--+-3-23--
--68---2----28-7-45-5--4--26--6237-38
1--2-6-----443-50----783---36-3--4-33
-0646--232----414----555335433---4--3
-6---715+---4-6-6--57--3-6------687-4
--2----3--5-4-8--5-5-443-23----2---32
6-51-3-4-53----6--66----4-8-----7---4
-8-4-86-34-35-6-2--0611--7-3-2--54---
-7--2861-5-5----8-5--1-5----41-5-4--2
6-63-858-11-6----59-77-85----388-51-2
3--3244----1----4--8428+47-1-5-2844--
--4-86--98-4---5-----2--444153--8-425
--63-5-2-8----35---5--26-2--24----310
-+--2-9-------341-57-4---7--3-4-62-33
-55+816-5--7--497--626--3--4--1-2638-
7615-47--4-----3550--56--54--368-13--
6-53-7--1------31---6-35-264-5---5-52
--73----2264354-5427-238-2154-635----
-4--6-938--4-9-7-2-48--48-5---4---6--
4---3----464--75----6-----37-4-276-36
63-268-5-7--5-885----4-5-4-3334-34-33
---4--35+----3-----516----2--3--4---6
--3--6-4---6-414-53---33-543-----7223
4-75-25---4+4-2-362--29---5-----2-5-0
---1-4--7-65-7--24---49-41-6--7--3-12
-45--+61-54451--5----356-----24-+-04-
-64-434-245----4---5---5322-50---4---
-5-53-1-5-6458---5---333---------3-4-
43535----23-51-83----59----+------335
--15+5634-6--31---451-5--512--6-388--

Generation = 27, Population = 619.
7+-++--9-+55+5--8-56-4-----7--7--+---
-4-34--23-8-46-5--2--------658--5-+-5
5---8----3-4+--9----3--5-+7+---5-994-
-4-5-9---59--753-8------8-+2-+-8--5-8
--+--8--3-+-3+7-59+4-9-----773+---879
-------3---9-438155+3-+-9-6-+38-4-+46
----+9756--7695--63--766-6--68415-8+5
-+85---7+-+-826++--69-7-+8-7-853-+-5-
3-69----5--5--+7-8--4------95-5-55683
+-----9-87-+-0-8-8+-03-6-5---+9------
6+-89-6-8-4-86967--0---8-9-45---66-59
---2----4----6-7-5--9-+---8---988--4-
----5+---6559--82--89-----------6-166
6--4467--37--437-45-7--+-+-3-8--+7-4-
----+--7---8--29---387-8--9--693-7-5-
6--5764-9+7+-9-+----335+4-5-6-8-+862-
---634+--+++8-65-3---+--78--6-83-4--3
-+8-+-9--9----4-87-7----73377+-+6-6+-
7-39+9+4-+-7-375-8-8-77---6-449--34--
----5---47548--567-4-49----689-72--+5
--+4-7855969-+88-9---77+-3-87--7+7-7-
7636--+-----8---25---5--+6529----37--
-77-4+-55-844--73-93---5+---9-4---+3+
95-8++7-2--+---9-57-8-555----4--555-5
--6---5---8---+---78---78-----88---++
---46-66-5-+55--477---5---6--36-2--46
50--837--7-+8464683713+3678-84-8--953
4+64-954-499-+8-557-76+----8+-9+-734-
-5-78-----9----5+7-59887-7-68-5--7297
-+625--84-7---4847-6---942-4+-----3--
----4+45--+--831-----3--464+-97----78
-48--8--754-5-6+478288+-9------4--477
---9------+-9-6-2478-5--+84---87--+45

Generation = 36, Population = 598.
+---+-7-++--+-979----5-+6679----4-756
-6--8---84--9-8849-3--57-+8-7-7--8-35
--6--9--7---++-+-6----8--++++8-7--+54
--58--75-7+--+8-7-73---9-----+++-45--
-+-9--74-7-76+++-++59-7+-+-+-4+--++++
-----8--+---56---7-----9-+-----+68+6-
40+5-+9---6---9-++--+-8-++--8954--++-
8-+-++---3--9-8++6-+-+--+++9---4-+-8-
867+--+48--8+7+9-+-+6-5-+---95-38-7--
+--76-+-+-5+8-7---+--74+6-+----7-8-57
7+7--+9--+4-++-+97-5-45+5+-87658--85+
5+-6--94895---+----++-+-3-+-77+++47--
+-+67+8++9-9---+-+--++---+8--+9+7+26-
7-6--+-3-4-67-5---8+-7-+6+---++5---4-
-8---+--+-5++--++--4-9+9---4-7-----7+
-9--+8-4++-+----9-5----+---7--+5+----
++6-----6-+++98-48+-9--6-8--6--6-797-
-+++-9-6----56-+--+--+2----9-+2+--8+6
-96--9++5-7-----68-+-9--+-++--+++--42
9-+----7-795+5-98+-8+5+-4--98++-4--++
5----8-----+5-9-+-9-++++--4---8-+-+--
-+88--+5++-7++-+-+98-+56++-4--+--7-4-
--+---9--++78+-833+-+9-5---++--6-+-3-
------8---4-8------------7-69--47-8--
-------6+-+6-7-4-4+--7--8-7-9-+-+-9+-
57966+----5--6--6------+-9------6+7--
-2+--6-+----+68-79---7+37--5---+----3
5+-4---5----8-----------6----5-+----6
7--+9+------98-++9---++889-----7-94--
5+8579-+7+----7+7++-73-+----+35--8-7+
-----+5----+------+----56+6+--+5--+99
-6+7++7997--8+8+9--4---9-76+-+4-+-67-
-+--+---------9+-5+---+++9--5---8--6-

*** Life<FredkinCell> 42x12 ***

Generation = 0, Population = 228.
-0000----000
-----00-0-0-
000-000-00-0
0-0---00-00-
--0--0-0--0-
000--00--0--
--00---00000
000-0--0--0-
0-00--00-0--
-00---0---00
0--0--0---00
00000-00---0
-000-0--0-0-
-00---00-0--
0----0--0---
----0---0--0
------00-00-
0----0-00---
00-00-0---0-
-0-00----00-
-0--0-00---0
-0-0000---00
0---0--0----
-0-0--000-00
0000--0-00-0
0000--0-0-0-
0----0---0--
---0--0000-0
0----0-0--00
---0-0--00-0
-0----0-0---
--00--0-----
0--00000000-
--0---0--00-
-00-0-0--0-0
-0--00------
-0--------0-
-000---00000
00---0--0---
-00--000000-
--00-0-00--0
-00-000-0-0-

Generation = 4, Population = 247.
0---4-10----
1---3-0-1-2-
-2--4-1---00
-311-3-0--2-
---01-22-3--
224-314-241-
032-----0---
--2--1--21--
42--110-1-1-
-11------2--
2-120022--24
0-222102-0--
--1030-3-0--
---0-1-10--2
--0-1----2-1
--1-1-1-2-20
----1--20-42
-2--10-2--1-
00----0-----
2--12---1--1
-----3---0--
12-1---10-2-
112--03-2110
--14-1-2004-
----30---2-2
2---1040221-
2-1--23332-1
-0-131-422-2
---0-21-----
1--004--21-4
1-----1---03
124011--1030
---2--0-01-1
10-----2--00
022--1-11100
00-1---1--1-
302-11---2-2
2--4-0--1-2-
-2--142----1
2--21-1-114-
0-1-10024-3-
--014-2-12-0

Generation = 8, Population = 236.
16--6--402--
322--00-12--
0---62---0--
4-31---25-41
1001--------
345-3-4---32
---2--14----
-----3----42
8-1-----31--
--210--0-20-
4--4-----1--
-3-3---41--1
1--0----01-4
-112-5-1-413
-2115-3-523-
----311----2
2-0---5-2263
-3-3--1-41--
2-----0-0---
3-1563001--1
-1-----34-14
2-11-2-30142
222--0--45--
---60-----6-
10-2-22242-2
6--12-523-31
4-10--43561-
-0-1---63--6
-4102333123-
2-3-0-1--5--
-1--2--1-10-
2-5-23---1--
22-3-10---1-
-022-214----
-44222-2----
---11--5--2-
5--1-12-223-
6--42---1---
-2-------1-2
-20-22---35-
---4--04--5-
--1-----1-12

Generation = 12, Population = 241.
1---71--42--
5---312-2---
--21-35----3
5-52-7---1--
3----25-----
5--1--8--84-
--5-43-6--12
2-3---10----
84---32-41--
2---4-4-144-
-2---1--2347
-4-3-15--123
--1--60--32-
21341-632---
-4325-72-4-3
----51306-5-
-2-0-1----64
3-4-4--56-43
4--2341-----
-0---5--3---
--6-0-1--2-6
--1544-3-2-2
4--5--73--26
-32-22-32-7-
--6-563--313
6---32-4-23-
--222---5-2-
125-3-----07
--324-----54
225---5-----
---141---2--
--6--32--55-
242--30--1--
3----4-53-32
---3624-211-
-1-3--071--3
9-----6--4-3
8454-20---42
--2226---2-2
--263--4-35-
2-24-01-61-1
-62144-21---

Generation = 16, Population = 255.
-8-2-2--46--
73-651------
-4----5422-5
-4--18---1-3
------7--57-
----3-+3-+56
--7---3+-3-6
-2553-------
+-5--------6
444-4461-443
-6-513-2-5-7
1---635-1-43
-451-82-2-4-
-246-6--453-
1-5-6------3
354-7-----6-
----4-5----4
5453-619--4-
--2----51---
-14-776--3--
-2-246-46-3+
-317--1--3-3
4-6653--5626
4-27-----2--
-184-6479517
--3----45-42
8----56-5+-3
--9--34---4-
07--6---34-6
64---75-5718
313---222--6
-2-437434772
--45-------4
-45--547----
65--645431--
-21---19-255
-4-223-5364-
-565-2----83
-3-36----433
--673-144-70
2346--3-8-63
28-2----1---

Generation = 20, Population = 259.
-+--8---677-
-5567-4-5-41
----+66-3326
96852--47--5
44-1--8-66--
8----3--3-76
1-9-7--+072-
3----4-0-36-
+8-357634---
-86--57----7
---71-4437--
-5-3--773-6-
-----+46-4--
3--6---5--3-
-6-4-4+6---4
5---93---5-5
2---6-7-3574
9--45-5+924-
8---763-5372
-2678-8-4--3
32+---36-7-+
--29-5--156-
66----+5764-
656--423-2+4
--+-97-8-63-
--4-42-472-4
---25-7--+-5
----356+7747
0-6--68---77
-8---9-39-3-
5--2624--54-
8685575767-6
---5-401-226
-----6--3-43
--8-8-56----
3--5-4-+----
-4-22--5-8--
--67--182-+-
----87-0--47
3---4-15--8-
-46-5-75---4
--4-7-6-3---

Generation = 24, Population = 244.
---6-42-6---
+--6--5-76--
----+78-4--8
+8+6--369-99
66-5-38--7-1
-77433+64---
--9----+2--8
45-8-8---3-4
-+-------339
4-78--+-3-49
-8----56-8-+
-684-58---7-
--7----7---4
43---98-56--
3-6----7----
96---3--9-7-
-34---9436--
--86--7--3--
-4-7--59-59-
-----9-866--
-6+587--+94+
-43+8-47-7--
76---6+-8-5-
678-34---4+-
---5---8+---
--5-527-94--
+3547--7-+27
35+--77+--6-
2767--97---7
--64-+75---+
6343+46-3---
9---6----8-8
6---4--1-467
--7547-+--4-
+-8----6535-
----14-+1-8-
+-4-44-53+7-
+--7-738--+-
76358---3-58
--6--5-9---2
-5---2-5+-8-
3--6--7---2-

Generation = 28, Population = 253.
3-28---9+-+-
+55-+----762
46-3+89-5-59
------------
-8-634+-97--
---637+75---
29-7-84-2--+
5-8-89-35---
+-87-7----5+
--994--4----
9++9---77+6+
4-+6-6-94-98
2-93----376-
4-------7---
4-8-7-+---6-
-6-1-5-4+---
3-6--2+456--
---68-7-+-95
---9-8--7-+-
-288-+--7---
-6+7+-4-++4+
-54-8668--9-
9-+-66---9-7
69--7-5----8
3--5-+5-++59
--9---+-+-8-
-4------9+--
55+45----+7-
-+---++-3---
+++----5++-+
-4-7+888-859
-6---75+-+-+
895----2---8
6677---+44--
+-+5--9----1
-439-65+5-++
+-554-----93
+68+-7---5-4
77---+-0----
-6--47--6--4
3779-4+---+4
3-669--8--65

*** Life<FredkinCell> 26x31 ***

Generation = 0, Population = 165.
-----0-0-0----00-0----0------0-
-0----0-----00-0------0----00--
-------0-----------------0-----
--------00--------------0--00--
--0------00---------0-----0----
-00-------00-------------0-0---
------0---------0-0------------
-------0-----------0-----0--0-0
-------------0----0------------
0--0---0------0---0--00-0------
--0------0-----0------00----0--
------------------0-----0----0-
--0------0----0-0----0-0-0--000
---0-0------00---0-0--0-------0
0------00-0000-----0-----------
---000------0--00-----------0-0
--0--0------0---0--0--0-0---0-0
--0-0-----0--0--0----0-000-----
----0---0---------0---------0-0
-0------0---00-------0-0----00-
00-00--0------0---00-0-0----0-0
--0---0---0-----00---0-----0---
--000-0-0-0---0------------0---
-------0-0-----0---00-0--------
--------0---0---0-------------0
-----------0-------------0-----

*** Life<FredkinCell> 16x48 ***

Generation = 0, Population = 179.
--0-----0-0----0-------00--0-0-0-0-0---0--00-0-0
0--00-00-00----------------0--00-0--0----00-----
--------00-000----0-0-0---0--0--0--00----0----0-
0---0-00-0--0------0-----00---0-0-----0---------
0-----0-------0--0---0--------00--000-----------
---0-----0----0---0------0-0-----0--------------
-----------------0------0---0-0----0--0--0--0--0
00-------0-0--00---0--0------0-0---0-00-0-0-0---
0---0----0-------------000---0-0-------00-------
--00--0--------0----------0-0---0-0--0-----00---
--0------0-0-0-------------0-00-0---------00----
0---0-------0-0----------------00-----0-----0--0
00-0----0-------------0000------------0-------0-
--00--0-------0-----00-----------0--0------0----
0---0------------0-0--0-0------------0--0----0--
-0-0------0-----0--0--000---------00-0----0-----

Generation = 3, Population = 378.
-0------12-20-0--11011-3300-0-----0-100-2-11---1
0-0-1-11---100-00-0---0--0--20310-2-10----01100-
-0-0-00233211-0012--0--2--1--10----11-2---10-2--
------0--3011--00210-2-1-30--0-----00-001--0-00-
----201--1-1--1--1--20---020-011--30120--0-01-11
0-002--0---0---2--0-10110--1--1----00-00--102---
0---10--0-0000120-0---221-0-----122-01-000--1221
11---01-0-0120-32--022001--01-----2-1-121-----10
----0---030-01---1-0--1--3--110-1--2-1--000-1-01
--0-12-0---2-2-1-1--0--02-1-12-0--102-0---001-1-
22---0-1--0001---0-00-10---12-3-1-20002--2-0--10
30--0-1-0-10-00-1------0-010-21--00--2---0201-11
----11-0-2-10--0--012---03-0-----0-0221-0-1--2--
--111-00201------0-0---0-0---00020-0-100012---01
0-0--02--0--0---01-----21--0--------0102--2-0-2-
--1--1--1----0--11--02-1---0---0------0-2--21000

*** Life<FredkinCell> 20x27 ***

Generation = 0, Population = 85.
-0-0-----------00----------
-0-0------0-0-----------0--
--0---------0--------------
----------0--------0-0-----
0--------------------------
---0--------------0--0---00
--------------0-0-------00-
---00----0---0-0---------0-
-------00-------0-0--0-0--0
---0--0-0---------0-------0
-----00---------0-----0----
---0-00---0-----------0----
--0--00-0---0---0----------
----0---0----------0-------
--0---0--------------0--0--
--0------0---------0--0----
000----0----------0-----0--
-------------00-----0-0----
--------------------0----0-
--00---0-0-------------0---

*** Life<FredkinCell> 21x31 ***

Generation = 0, Population = 213.
0---00--0-0--0------000----0---
0--0----00---00--0------0--0--0
0-0--0---0--0---00--000-0----0-
-----0--000---00-000-00---0----
-----0-0-----0-00---------000-0
0--00--00---0-00----0--00--00-0
0-00--0--00-0000000-0-0--------
0-0-0--000-0-0-0-000-0--0---00-
----00--0-0-----0---0---0--00-0
--0-----0--0-00----0-0--0--0-0-
--00-0--0-0000-----0----0------
--0-0-00-00-0---0-00--0--0--0-0
-0---0---0-0-0--------------00-
--000-000-----0--00-------0----
0---0-0----------0-------000-0-
-------0-0---0---0------0----0-
----------0--0----0-0-0--------
-0----00---0-----------00---0--
--0-----0--0--0--------0-00----
--------0---0--0-00-----00---00
-0----000--00-00-0-------0-0-0-

Generation = 7, Population = 339.
------1--411----2-31724--303324
-32244-11--2-2--2442-3-0-3---20
4-1-0-2--1-2022--30--3007---11-
-0--412053-1-2---2-2-3-14-3-231
0--2210-021--1-3210----1---2--4
3--14---1344-0--2--3-10-3-14--2
0031---11-4---3-3-22-22---2--22
3131----1--145--1--------21---2
3--1-22--3--00--102-1122-4-----
00-04-14--2--010--04-114-21-0--
---------253--21-2-12--1-3321--
3-313-11-----30-30-53-1-22-1--4
121-4213----200-3-12-0-0-1---5-
-1---2---2---02--220--1-0221-11
130--32--100---120----5---2----
2-5-2---5-2---2204--0--2300-220
----201--2104-2--33----2-4----2
0-033-35-111--4-0--4-01----11-3
13-0--4-530---0-1---1-14-0---6-
02-03--3-1132227----12-04-3110-
0-2-3611103-30442-1-0-400---1-2

Generation = 14, Population = 331.
-------64-3---5-4-42+6-64---559
1--3-6--51---45--795--1-5622270
41--3--5---7-24----1--1-+19--45
----+-----434-1---23-5----3-384
---43--93-13-5444--1-6-4-21-155
-31--0-35-5----64354---5414424-
---5454324642----7--333452-3-3-
----83-2520-6-352-15---45--3325
--5-2-------1--413----4346---0-
02-27-375---1082-----2----2---4
3-6--1-334-73-7--77--4-445-7-56
54--5--1--83--52---84-2-56--3--
-7444--4133-7223-4-6---2-10136-
31-1-222-5--2-3----0----344--15
--0--34----363---2-4328-52-466-
-58-3--7---4-2-526--115--1-6-52
-22-------326122234--1-46-7---5
-2---6565-32-0--1-6-6-21--4---7
-40--2--8439-1----5-3715--3---6
55---11--434-33--56337--------3
31-2---3-5-4--5---233--3-33-43-

Generation = 21, Population = 329.
-2-----86-392-8-56----8----6-6-
--94-65-744--5-5-+---4-6-+4-57-
---478-664--4-7---4--753--+-5--
8---+475--4---3----75---62--38-
4--73579--4-+-6---5-----545-26-
77--+--56--8-81-55-7--176------
33---66-27-8-8--4+-5---46-442-7
----+---9-259-7644-+-647-72---7
--66---7-7-4-236--8-785568-22-6
--44--5-76--2---5---1-5-8--6--7
4-8--445----6587----2-65959--88
---2--2--+95--64--3-7--358-64-5
-9-9---7-4--8526-55630642-5-462
4-----348----355-6-2-34--559658
463-846-826--6----6--3-3-4--975
--+6--28+03-14355-263---53-7-6-
-93---8-7434-14------66-----2-9
7-+74-----------32---22--1--6+-
4-5---+---5-----37-7----5--1-87
89-3----4986745+-9-65--765736--
-6527-43--7976-7-32-426635646--

Generation = 28, Population = 320.
--32-72+7+3---94----++-96------
--+7+7-4--48-7854+--79-7--73--7
6--6-+-6--387-9-+-6----6-5---7+
97-5+6+6+9---------+-73----46--
---83---5--7++---9-26--+---6--8
-755-2+-6---++-----+-53--2886+-
73--7-967-693-9--++59-47---7-7+
--57+--4-55-+9---6-+-6--8+2-6-9
----68-93+2--5--4--58--6--344--
-6--+--------2-7-54---698------
-6+--8477-+8---8--+7-78-+7-----
86--+73-4++86--9+---9-36---95-5
--6----846-4+-------67-853-5--3
--5---8-+--756----979---57-+-7+
6-369--3+36-86-2-5--8-+---26+76
6-+95-4-+--6--5----976-4--3+-88
--6489+--6--846577--4-677-9842-
--+9------45+--5-2+-+4---15+9-+
4573-9+-+--+-2613-5--+-7----8--
+9--7--69+-8-58--9--5957-------
67--+--599---9-+9---7-7-588----

Generation = 35, Population = 329.
9----7-+-+--6--47---+-----7-78-
8-+8-+-5-8-+--97-+-+-9-+-+9-8+9
97---+----3++2+9+8657---+7+-8++
-9--+-----7-+-6--+--8-64-294--8
-6-+-8++8---+++-----+91-7--8-99
++-6-3---8-+--4--79+--3+-3--7--
+4-7+-+-8+--6---++-6-4----9-79-
8--9+59----6+--+-7-+5-9----3--+
-4---+4+----1--6-5-6-+8-++--64-
5-75+27-9-73-4++-9---76--+5+---
-+--7--8---98--9-9-878-+--++3+-
---4-84-8+++-7-+--7--047++7-7--
-+8--86-57-5+-4---79+-99--778-3
+76-7--7-+-+5--75--8-7-7-+7-+--
8-5---+--5-7--+38----++697--++-
--+-6--+-3-67-77-+4+8-+7-4-+--9
--84++---6-6-5-+-996--+++8+-849
------79-6-7+4-853+-+-2-96+++--
-8+---+---+--------++++8-5--+--
++2--38-+-+-----6-875--8--+7-7-
-7-5+---++-+9+---57+---+7+-+9--

*** Life<FredkinCell> 5x4 ***

Generation = 0, Population = 9.
0--0
----
0-00
-0-0
-00-

Generation = 10, Population = 7.
--2-
---1
--44
-5-5
-2--

Generation = 20, Population = 6.
--4-
----
0---
---+
4-42

Generation = 30, Population = 9.
856+
-5--
0-++
---+
----

Generation = 40, Population = 9.
+-6+
----
--++
-+--
7+-3

*** Life<FredkinCell> 49x7 ***

Generation = 0, Population = 95.
-------
---0--0
---0---
-----0-
------0
0-----0
0---0-0
-0-00--
---0---
00-----
-------
---00--
0---0--
--00000
-----00
---0--0
-0-0--0
------0
-00-0-0
-0--0--
00--0--
0--0---
0-----0
-------
0000---
---0---
--0---0
00----0
-0000-0
-----0-
--0----
--00---
0--0---
0---0--
-------
-0---0-
---0---
-------
-0-00--
----0--
0-----0
00--0-0
00-----
--0---0
----0--
----00-
0------
--00--0
--0--0-

Generation = 4, Population = 155.
---1--1
1-111--
0---0-1
---101-
--021--
41-2--0
4--2--4
00-00-1
1---2-2
44-1---
1---11-
11--0--
001-1--
3-2-242
-----11
-1321--
--0-11-
1----00
104-2--
01-0-0-
-2--21-
--300-1
-1--0--
0---1-1
-2-210-
3--2-0-
----2--
-131-3-
----21-
01-000-
0-2----
-----1-
-3----0
4-0-012
-0111--
--003--
---2--1
-3----1
-----31
132--0-
---00--
20--0-2
1-02-1-
1--1---
--1--0-
----11-
20--13-
1-011-0
-0--320

*** Life<FredkinCell> 28x13 ***

Generation = 0, Population = 152.
0-00-0--0----
---0-0--0--0-
0---0-000--00
0--000-0----0
0---0---0--0-
0------0-000-
----00-0-0-0-
-0---0000----
---0--0---0-0
0-----0-0-00-
00-00-0----0-
---000---000-
0-0000--00--0
-0--0---00-0-
-00-----0---0
-00-0------00
---0--0-00--0
0--00-00--000
-0---------0-
000-000-0----
----0-0-0-00-
00---0--00-0-
0-00---0-----
0-000-00-0-0-
-00-0--000---
0---0-0-000--
--0-----0000-
------00-0000

Generation = 6, Population = 180.
0440---11---1
-0033303-233-
-0--112---0-2
--0-----133-2
0-01---11--21
----22-6---3-
1-1-----21-23
--322---10111
-10211423--2-
24--01--4-0--
-2-200-31-5-0
-----0-122-0-
-521--3-----0
2-1-2---10---
1-130-1041014
3-4323---11-2
----5--3----0
--1140-101--2
2-1001-------
34---2-2-23--
0-133--11-4-3
042-0---21-11
-1-24--63-2-0
----------10-
0--3--103-11-
122----1----2
--1--0--3--1-
-0-1013--0-2-

Generation = 12, Population = 193.
27-113-2--123
0-1-546-16-5-
-6-3-2-3---6-
-3-443--254--
2-25253-12--2
----65-91--3-
3-7344----5-4
10--4326-42-1
-1443-5-56-61
462435---0-3-
34-422----61-
-----1-2340-2
1--5---242-2-
6--4300--0122
3-5----2-1--7
91-4-4--2--24
-----2--3--50
-2-2---30----
-411-4----153
---11--6---13
22--5-3-21807
-7--241---423
----613+-53-3
--26---3-35--
4314-3-2----1
244-4-13-----
21-314303--3-
---4034-1-4-6

Generation = 18, Population = 200.
-+6---24-1--5
-71-6684-85-2
-+8723-4----6
-76-67---987-
2-6-37527--32
----8--------
9--455--5--8-
2---7688472--
-4-8-67-8-46-
87--55--6415-
-55-55-4-7--2
47-413255712-
4--8246-5-145
755-5-6551---
-----55392-3+
--------43547
-306--385--9-
54-56-27155-4
6------07---5
-8-12-1-5--35
5-55---44---8
1--4-641-26-9
--0--35+--73-
322742-354923
47-6----7---3
3--2+---1----
-255-+---3--1
4236-55651--7

Generation = 24, Population = 179.
-+------7-4-8
4+---++8--69-
-+-8567---2+-
487-++33-+--6
3--94-83-2-54
-47-875+312--
-----7237-8-9
338-89++6--4-
------94--78-
-95-5---68--2
-875875-6----
-977-3-9--3--
--7928----2-6
9--5----93--5
66-9-78------
-2+---0589---
-518---+-54+-
7---954-36---
8----5--833-6
5863--27--3--
-4-7--7--2-1-
29466--543---
36-6-57+-----
----564----8-
--49---37-445
79-3+156-143-
--7---4--54-3
-5-6----7-6--

Generation = 30, Population = 188.
6+7--826955-+
5----++-59---
-++-6-8+55---
-9--+-4-4+---
-59+--+----9-
4------+5-3-6
--+7-9--85-++
7-96-+++-84-4
-7-+-----+-+3
++7-76-379--4
9+9----798+--
---+-3--8+--8
68--2--+--8-9
+8-57-+8-6-67
67+-58--+-55-
+------89-7--
86---58-7-6+-
+5-6------+-6
---46---+47+-
6+8------7-6+
-5-7-2+576---
-+46--9-4-8++
5-3-+-++--+4-
----7---76++4
-879--75-68-8
---3+36-52-37
5--+2--1----4
-656--987487-

Generation = 36, Population = 186.
8-+--94-+7--+
-+----++-----
9+-+-7--66--+
-++5--4--+--+
7-9+6++9--7+-
5-9-++--8--8-
+-+-6----6-+-
9--9+++-7----
--++69---++-7
-+------++556
--98+---9-+-5
-+8+736+--7--
-+--69-+87--+
+--6--++-6-67
--++-+-9-556+
+---+-------+
+7-+-8-+89-+2
----++--4+-+-
+-----32--8+8
-++8-66+--77+
85------+6+-+
3+878796-4+-+
576-+5-+7-+-7
5-3++-4---++4
--+---98+-8--
++74+5-98--79
--8-2---+-57-
--------7--9-

Generation = 42, Population = 178.
+--4++-++9--+
9-3+-+-+-+9-4
++-++--+-86--
---9----5+---
-7-+-+-+--8+7
--+-+--+----+
++--7-7-+7+--
+--+-+-+-+685
--+--+---+-++
--+---54-----
--++--+8-9+6-
5-+----+++--+
--+-------+-+
++-+-9-++6--8
-++-8-+---79-
+6-9+--++-+--
++5+-+---+9+4
----+--+---+-
+--7-9--+-8-+
8+++--8++-9-+
8-8-+-+-+8+4+
7++---+7----+
--+7-7-----7-
69------+-+-5
+-+-88+---+-+
+-7--6-+--8-+
88++8--6+8-9-
8-8-9++--5+-+

*** Life<FredkinCell> 38x38 ***

Generation = 0, Population = 77.
--------------0----------------------0
---------------------------0-----0----
------0---0-------0-0---0------------0
--------------------------------------
-------0----0-------------------------
----0-0--------0----------------------
--------------------0-------0--00-----
----0-0----------0-----------------0--
---0-----------0----------0-----------
----------------------------------0---
-----0------------------------------00
--------0----0------------------------
-----------0--------------------------
-0---------0--------------------------
---------------------------------0----
--------------------------------------
----0-------0-----0-------------------
--------------------------------------
--------------------------------------
0-------------------------------------
--------------------------------0---0-
-0--------0---------------------------
-----------00-------------------------
----------------------------------0---
------------------------00---0--------
----------0-----------0-----------0---
-----------------------------0--0-----
----------------------------0---------
---------------------0----------------
--------------------0-----------------
----------------------0---------------
------------------------0-0----0------
------0------------0-----------------0
----0--0--0-------------------0---0---
----------------0----0----------------
----------------------------------0---
-----------0---0------0---------------
-------------------------0------------

Generation = 4, Population = 234.
------01----0-------0---0--------0-2-0
----1-1--------0-------0---0-0-0-0---1
--0---0---0---0-0-----0-0------101-2-0
----2-3----------0-----------------1--
--------0--0--000---------0----------0
0-0-----0-00-------0-------0-----10---
-----01---0-----1-0-0---0--01---2--0--
0-0-------0----------0---------1-----2
------------1------0--0-------1-------
-1--0-0----1---1--------------0-------
-1-------0----------0-------0--0---12-
------0--0--0----------------------0--
---11--0----1-----0-------0-----------
-0---1-1-------0------------------0---
-----1-----------------------0------1-
1-------0----0------------------------
1----------0--0-0-----0---------1---0-
----------10--------------------------
-----------10--------------------1----
--2-1-----------------------------0---
----0-------0-----0-----00--01--0-----
-1---00---1---1-------0-----------0---
-------00------10------------0--2-----
1---------------------------0-0-------
--------------------1----2--00--21--0-
-0----0---0---0---0-0-----1---1-------
-----------01---------0--2--1----1--1-
--------------------------0----01-2---
------0----------0-0----0----0-------0
----0--0--------0-----3-2-----1-------
----------------0-0--3----0--1--0-----
--------------------2-3----0--3---20--
--1-------10---------121---------1-0--
0--1--0-1--0--1-----0----00---1---0---
------------0----1--0-3--1------------
------------------------001---00------
------01----------1---1---0----------0
----0--0--0----------1-------00-------

Generation = 8, Population = 250.
---0--0--------1----0-0---0-00--3-----
----2-2--------1---0-----0--------1---
2-1--1-2--0---1-1-0-------0-11-10---12
--------1----0------------------------
----1-3---02---1--1-----0------------1
011----0---01-1--------0---2-----3----
------------1-1-----2--01---3----3----
2-1------0--1-0----------1-3-----0----
---10--1---01-0--------1----------1--1
--------------------------00-----10---
-2----1---1--0----1-1---0---01-11----3
-----1----------1----0----------------
---3---1----3------0------------0---1-
-1-0032--11----0---0------------------
-----------31-------0----1--1--20--1--
----0-0----------0----------------21--
--010-----0-1--0----0---01---2--------
----------2-----------1---------------
-----0-----------------------2--0---01
------0------0--------------1---------
-----------4---------0--1---1---0---0-
-13--2---1-1------0-0-----------------
---12--------------10-1----------3----
------------------------1------0--2---
----1-1-----2---2011-0----------45----
--1-2--1--1---1---2-------1-----------
----------------0-------1-----------33
1-------------------0-------------2-1-
-----------2-1-2------3------0--3---3-
-1--------0-1------------0--2---------
-----------01-0---------------3-------
----------------1-1----1-1------0----2
1-------------01------6-31-1---0------
----------2-2--0--2-------4-------2---
--------1----0--0----2--2-------0-----
----0--3--2---------------2-0-1-------
---0--22------1------2-1------0------0
-----------------1--1---0-1----1-1----

Generation = 12, Population = 526.
2---222---0---13--10--0-01---200-3----
-0--4-610-0-0-0------0---0-0-00--02---
301-2-2--124--32--0-0-01-110322-43----
2-1-5---------2--1-------0-2-----4----
1-2-3---2-4-3-2----0---2--0--2--1511-2
4231-0-15-01----2-1----1-30--3-0-7---2
011--1451-0--02-3-02----3-2034--3---10
4-1-1-3---3-------1----0-------1-----2
0---2-11----2---1-------1--0--2-13-312
1-221010-0223-32---1--1----2-3-3-5---2
-30--02--122--3-10--3-130--0---3-2-14-
111-3-2-------3-----1------0-----142--
--24----1-2---1-0---1---22--12--0-1--2
3-0---4432-1-210---2--11--11-----10---
-1---2101-1--1-3--2-20--1--4-0--4--3-0
4-1--10-0-0-----0-----------1-01-----2
---2--------2-4-----2----5---4---2----
--112-----32--01---11-----1-----------
-0-02----0-23------1--1--------1-2----
--2-5-1--20--------------------02--1--
--12--21--2-----1-01-1-------4--24----
3-5-0-2--3---1-13-0-----3-0-----------
0----2-21------3--0----1--0-----3----1
2-----1------1-------------0--0---211-
0-1-------3-2-0-32--3--244----------12
--32-1--13--2-------2----0--0-1-------
---11------3--4----00-0-----3-5-1--23-
--1-3-------------1----1-2----21--4-11
0---3-01-0-32-2-4----14-1-121--2------
-22-12010---3--11----1--4----0--1-0---
-------0--3--1-03-2--4----0-----0-3-22
2---1--0--1-1-1----1-05---21-26--350--
--113-00--3--121---22-6---210-103--411
-1----1-2-324---21-15---216-0--3-1----
----0----0-30-5----------4----1-----0-
1--1--3-2--0--1-020-2-02-3----54-11--0
1-0---4----1---0-322-2330-2---11-102-0
----2--3----21-00-1-320-1--1-5----12-1

Generation = 16, Population = 254.
2---2-------0-----3--0-1------1--7----
-1---------------0---------2-----4----
--1--------6---------323--1-------2---
2-------2----0------------------------
--2--5-2---------------6----1---3----6
-6------7-----------2-1--------2--1---
---23------0----7---------2-54--4---3-
-2--5-4-1-4------1-00-3--3-------224--
----------21-------12---25--00--2-2---
----3-1---4----3--1---2---1-------3---
-------0-1--2-------4--42----5--5-----
-3----6-----------------1---10--------
---5--2---4-------1-34--3--1---------3
---0---------2---0--1------------5----
--------------0--3----0----6---------2
------------------------1-0----2------
------2---3---8----26-------2-----0---
----3--0--4----------------1--0--12---
------0---2-----0-1-12--3------------4
--------------1-1-----------------4---
-------5---61--33---3-2-1---2---------
------6------1-3-2-------02-----------
--22----------------1------0---53-----
----0-3----------02------10--------2--
---4----31-4-1--------4---1----1---33-
----5-2-----------3-------------------
-----0-------3-------0------4--5----57
----3--41-1-01----------------2-5-5---
-----12----5-------1------------------
-3--2------0------------6-1----2----2-
------0---------------2----------2----
--------3-1----1----3--------4----7-3-
---15---5---1-----1---86-----------4--
----1--1--5---3---4-5--3----2-5-------
3----1-----------------------0-------1
5---------2-------0---0---5-------3---
---1--5-----------------02-1-2-30---0-
-0-------23-----------------------13--

Generation = 20, Population = 556.
3-3-23-7---2--1-11-5-0---1-334--4-----
-2---2--1----2---0--1110---2-3---53--2
---1--43---65--511-2-525-6-1353-66--4-
-01-5-4-203-1------12-3--2-------454--
-1-04-4--25-3-----3-21-8-0-1-41---325-
-----11---2-3--043----2-3-----1--813--
1-2----832-2---6-----2---44-763-534---
--3-61----6-1-310-3----4--3-1302------
--22-3----3---2-1-4-----46-2213--3--1-
2324--3---85-1---211--2---2----7-67---
----32--1----23-52-45-2-315-49--54---4
--2-54+-1--------0-0--2---4-2--01-93--
--5----2--44--1-24--3-40----26-001-6--
------8--4---2-2212--05-1-42-11--5---0
------34-3--25--3-6-------3--2-350-4-2
-1----0-------2-0---1-3-3--0-23---52--
--35---0--743-+------212---13-4-2----2
1-------4--2--33----1--0-0---300-32--1
---2--2---4-7-1-2---3---32--3--443-4-4
----8-5---4-4----3--0---12----41---2--
------55-1483123--2-5-3--------33-231-
--9---84-4-5-1---332--3----4-1---00---
2----5-5--4--6----4-3--1---0-------5--
3-5-1--0----1---2------------1-12----2
----2-22-5---1--73556---5-353-128--453
116-5-3-2-31-121-1----4-35-----5----2-
-101--5-------------1-3-24-----52---9-
4--1----53202-412-1-0----2--532----2--
-11-6--3--1631----0-------4----6----7-
24---23-4-3---51------41---3----7--14-
3-2-------7--1----5--5----1-4--3----43
2-----327--3-05-3-12--7-337------4--3-
2--350-1---12-8-2-2---+-513--4--4---23
1--12-5-27------4-61--1-5--1---42--14-
-13-1-4--1------------6--4-------3-1--
-30-0-4-26-----0--2-2-----6--1-----11-
--0-8-534-0-3-----2-335-1--------4--1-
20--3-16-----3------4-21--4-2--1--2--2

Generation = 24, Population = 564.
--53--3-3---12-55--5--1-2----4-7--342-
-4--637-3-0----3--132-----0----2------
--4341---44-5259--162---1-1-4-55-----5
-2---2-------3--3----1--1---03--------
-5324-4----4-1----3---4+--41-8----4--+
67-7-5---2--545-4---2--5--231-3---1--2
2-4-3---3--4--6--4-67-16---27-5-674---
-----1-----1----045-----0---2-14--39--
1-623-4---33--4-59-----16-23--3-6----6
43--3-------6----2-----1----------9---
-45-4-6---933----42--126--7-6--85-4-7-
-----6--32---2------21----------3-+-32
1--6-3----6--415--114-526-1-2--0---8-6
-5-1-6+-35-146-3-3--417--24-1--3--03--
--1-5-5--7-5--2-3--15-1--2475-0----84-
-1------4-4-----1--02-52--0-----13---6
7-57--4-249653+---35----36-2-6-22--4--
----------4-2-----21-----2------------
1-4--2-0066---3-4-3-34-2--1--5------46
-3--8--4--6-44--------3---4-526-5-----
----45-52-695-275-4-62-6---24-2-5---53
53-122-6-6-7-33---3-61-2545----2--1-3-
---55-1---444-6--3-7---26--43----+-54-
7-5-----52--1-23-26-8---56-1-1-1----4-
22-8213-7-654---77--847----7--3-88-6-4
2-8-------4-5-----4-2--0--736----23---
32----7---2-----1-3----43---74-54---++
----52----3-3-52----21--3---------7-2-
21----43----53556--12-9--2--31-75---8-
-463-44---3-80-55422---2-32-5------3-2
5-25----------------8----2-2--631--3--
242-5-54-32-4---72---0-6-4------3----2
3-539-0-624-63933---3-+-73---45264-5--
2---3-------------6-6-2-----4--5--2-5-
62----4-1-------------------0-------33
--4---5---4-20----4-4--5----0-8-7-5---
5---837-4---3-2-346--35-1---2----6--3-
--3-76--7552---0-23-8---3--2-6-3-4----

Generation = 28, Population = 729.
506-53-95---3-1-925-2-1-224--4--795442
--52-5-----0-30---1-----3---2--2--65-3
62-35356--6-7-7-4-1+----3-5--+-5--465-
-----------91---322-----------331594--
493-666--3-442----3---6--1---+2-5-6-7+
8-6-6511-----8-0------5----4----28-3--
-544-2-+44055-+995--9-264--398-6------
-------23---11341---246---57-625---+1-
547--74-3-5455----5-42318-3-565--5--4-
-45-334-2--8-485-4-3--51-2-----+---6-6
057--46134+--2-4--48-3-86---6---644-9-
----5---5-7416--51312-23-16----1--+--4
-29---652+6766-5--236----5--48--32-+--
356-----7--14--4-3----85--64-5-53-45-3
111-5----9-7-72--5---6------7-075---5-
------33546-4-332-42-4-34--1-----594--
---881-1-6-6-----257+---465--64433---4
1---5--3----4-7-144--2--3---44-----51-
31---2-----886----43--42-332----53-78-
--71-26---714--6---1---1--616475--5--2
4-37-587--7--4377--3-3-+1-26574---24-4
---22---4-18-5555-4--3-47-67-1--31114-
54---7-747---8--4-69------64-3-85---6-
826---626-2013-7--83-2-3-833--32-555--
-4--2---86-5--54-7-8+-9-7--96-54-97684
------4437439-4345--40-25--781--7-553-
344--2-----5--4--6--4-74----9-7758--+-
6---6--694-2---430-1-2-2-5-38343-----3
--43+---7--+956----12--33-5-3--+-4-3-7
4---46-15--3-2-566--3-7-8-4--18-7--574
7-4-2-211-+-------9--5----424--31-7764
-443-15---3552-1765750-845-5-49-35-2--
-2--+---+4-2--95--2-4------2-8--7-154-
2101--8--+-5524---648-6574--6487-5--92
6341-5----2-2-------4---36-4--2613--3-
-44--564-8524--047814105468-0385-26-21
5412-4----1---235-8-4-9-5-4---481--5-5
425--8277654-3-04--3+7--73-2367-55-603

*** Life<FredkinCell> 6x15 ***

Generation = 0, Population = 27.
00----0---0-0-0
--000------00--
-------00---0-0
---------00---0
-0-------0---00
---00-0----00--

Generation = 7, Population = 46.
--31-1141---3-0
3--12---001333-
-101-----010322
1---3-32-0-1---
-4220--01------
23---0-11-07-1-

Generation = 14, Population = 44.
25-2----1--2--0
513---5--3253--
732--2-3-7-076-
--24---3---512-
-435121-23-32--
----3----2--432

Generation = 21, Population = 41.
78-336-8-35----
--3-956-234-3-4
-8-43----+--87-
--587-94-4-----
464--3---3--7--
5--5-----659--9

Generation = 28, Population = 39.
-+-4------55+-2
-537+-+-4548---
--54---7---2---
96---4---65----
--6+-47--863-+-
--68-----7-+69+

Generation = 35, Population = 47.
+++74--+7-----3
+--9-6+5-5-+5--
--6--5--3+---9-
++----+8766+-43
-+-+3-+-6---+-8
8--8-45-7+7--++

Generation = 42, Population = 45.
+--98+-+++-7++5
+--+--+87-5---5
--9-+9--3++4+--
--+-+5+-------3
-+----++-+--++9
-78-+-7-9----++

Generation = 49, Population = 52.
-+-+8+----+--+6
-++++--9-98+7-6
+++--9+-4++6--8
--+++----+----8
++-+97-+-+-6+--
+--+-5+89+-+6++
