*** Life<ConwayCell> 8x9 ***

Generation = 0, Population = 16.
..*.**...
...*..*..
*........
*....*..*
.*.......
..*......
.**.*....
..*.....*

*** Life<ConwayCell> 12x46 ***

Generation = 0, Population = 159.
..........**...*........**..**...............*
.*....*....**.........**.*....*.*......*...*.*
*..*.**.....*..***...*.*.........*........*...
..*..*...***...*.....*..**.....*..**.*..**....
.*....*....*.**..*.....*......*.*.***..*.*.*.*
*....***..*.***......*.....**...***..*....*.*.
.*.*...*.*.....*.....*..*......**..*.*.*.*..*.
.....*.....*...*....*.....*....**.***.*.*.*.*.
*......*.*...**...........*..*.........*..*...
*...**..***.**...*....**.......*......***.*...
...**......*.*...*..........**.......*.*..*...
.*...*.*..**.**..*..***..*....*......*......**

Generation = 7, Population = 99.
.............................*...*............
.........**..*...............*...*.....**.....
.....**.....***.............*....*....*..*....
....*....*...**..............**........**.....
.....*....*..................**...............
....*.....*..*..*...*..*.......*..**........**
.....*.**..***.*....*..*.......******.......**
........*****........*.*.......*****........**
......***.**.*..........................**....
............**.........................****.*.
.......**...**..***.....................*..*..
.........................................***..

Generation = 14, Population = 85.
..............................................
.............**...........**...........**.....
...**...*....**..........**.**........*..*....
..***..***................*.***........**.....
.*..*..***.................*...*...*..........
..**..................*.........*.*.**........
...*....***..........*.*........***...........
.....................*.*.....*...*...****.....
......*...*...........*......*.....******.....
......****....................**.*....*.......
.......*........................*......*..*...
.......................................*..*...

Generation = 21, Population = 87.
...........................**.................
........*....**.........***.*..........**.....
.*...*.***...**.........****..........*..*....
*.*.*...*.*.............*..............**.....
***.*.*.........................**............
...***...***..........*........*.**...........
............*........*.*......*........**.....
.....**.**..*........*.*.......*.*....*..*....
.....*.***..*.........*.......*.......*..*....
.....*..*.....................**.......**.....
.....**..**..................**...............
..............................................

Generation = 28, Population = 86.
........................*****.................
........*.*............*....*..........**.....
.**...***.*.*..........*.*............*..*....
*.*.......*.**..........**.............**.....
*...**...*.**.................................
....**.***.*..........*.......................
**.**...**.*.........*.*...............**.....
....**...**..........*.*.....*........*..*....
....***.*.............*....***........*..*....
......*....................***.........**.....
.............................***..............
.............................***..............

Generation = 35, Population = 65.
.......**...............*****.................
.**...*................*....*..........**.....
**.....**.....*........*.*............*..*....
.*.*....*..*............**.............**.....
..*........*..*...............................
......................*.......................
.....................*.*...............**.....
.......*..**.........*.*..............*..*....
.....**..*.*..........*...............*..*....
.....*..****...........................**.....
......****....................................
.......*......................................

Generation = 42, Population = 50.
........................*****.................
..**...................*....*..........**.....
.*..*..................*.*............*..*....
..**....*...............**.............**.....
......*.*.....................................
......***.............*.......................
.....*.**............*.*...............**.....
.....*..*............*.*..............*..*....
......**..............*...............*..*....
.......................................**.....
..............................................
..............................................

Generation = 49, Population = 53.
........................*****.................
..*....................*....*..........**.....
.*.*...................*.*............*..*....
.**.....................**.............**.....
...........*..................................
.......**...*.........*.......................
......**..*.*........*.*...............**.....
........****.........*.*..............*..*....
.......***............*...............*..*....
.......**..............................**.....
..............................................
..............................................

*** Life<ConwayCell> 8x29 ***

Generation = 0, Population = 44.
...*..*.*.....*...*.*....*...
......*.....*..*..*........*.
...........*.*......*..*.....
.*.*......*.*...*............
.*..*..*.*.......**..*..*....
..............*......*.......
.*.........**...**.....*.*...
.........*..*..*..*........**

Generation = 9, Population = 21.
.............................
.............................
........***..................
........**.**................
.........*.**.....**.........
.........*..*........*.......
..........**.....*...*.......
.................*..*........

Generation = 18, Population = 24.
.........**..................
.........**..................
..........***................
..........*..**..............
..........*....**...*........
..........*.****...*.*.......
...................*.*.......
....................*........

Generation = 27, Population = 6.
.............................
.............................
.............................
.............................
....................*........
...................*.*.......
...................*.*.......
....................*........

Generation = 36, Population = 6.
.............................
.............................
.............................
.............................
....................*........
...................*.*.......
...................*.*.......
....................*........

*** Life<ConwayCell> 42x41 ***

Generation = 0, Population = 582.
*....*..***..*...*..**...........*.*..*.*
.*.**..***..*.....*..*..*..*.***.**.*....
****....*.**.....**..*.**.....***.*.....*
..**..*.*.*...*.*..............*....*..*.
.**.....*..*.*.**..*......*...*.*.....*.*
...***.........*.*.*..*...*....*.*.....**
......*.*..*.*.*......*.........****.....
..**..*******..**.*.*..***.*.*...**.*....
*.....***.**.*....**..**.....***.*..*.**.
.......***.*..*.*..*..**......*.*........
......*.*.*.*......*....*....*.**.*..*...
.**.........*.***.**.*.*.*....*.*..*....*
*...***.....*...*.........*....*.*....**.
**.*..*.*....*...**..**.....***.*...*.**.
*.*...***.....*.*......**...*.*.**.*..*..
...**.**....*.*.*.*..*..***....****..*..*
..*.*.**..**.....****..*...*..**.*.*.**..
................*.*.*...*..*.**..........
*..*...*.......*...*.**.*.*..*...*...*...
..*.*..*.*.*.**.....***.*.....*....*..***
..*..**.*..**.*....*....*..*.**..*..***..
.*.....*...*....*..*.**..*....**.**..*.*.
...**.*...**.....***.....**.*..**.*......
.*....*....**....**.......*...**..**...*.
......**.*.*.............*...*..***...*..
....*.*..*.*....*..*.....**.........***..
..*.....*.....***.*..*.....*...*..**.*...
.**..**.*.**.**....**..**.*.........*..*.
.....***..*.........*..*.*...*........*.*
*.*.....**.........*..*.*..*........*....
...*..**.*..***...*.***.**.....*.*.*.*...
*..*....*...*.....*.**...*.......**.*.*..
.*.**.*.*..**.**.**...*.*.**....*****..*.
*....**....*..**.....*...*..*...*.....*.*
.**..**....*.*.....*.*..*.*..*.**.*....*.
**....*............**....*.*...****...*.*
..**.*..***..*...*..***.**.......*..*....
....*..****.*.**.***.**...*.*...*.*......
........*...*.*.*.***.....*.**..*..**.*..
*...**..*.**.*.*...*.*..**.*.*..**.......
..*.**.....**.......*..**..*.***..*..*...
*...*.....*..*......*.***.....*......*...

Generation = 6, Population = 395.
...**....*.*........***..................
...**....*.*........*****................
........................*......***.....**
........*..*..........*.*........*....*.*
.......*.*.**.**.....**........*.*.....*.
.......*..**.*.**....**....*.............
....*..*....**.......***....*............
....*.*......**...***.*..*.*.**..........
.....*.....................*.**.......**.
..............**.....*.....**..*..*..*.**
.......**.*....**....*...****.*.**.*.....
......**...*.......**...*****...*........
.....*...*.*.....**.*.*..*.*.*.****......
...*..................*......*....*......
**....*..........**.*.*.*..*.**..........
........*.****......*.*.*..*........***..
......**..***.**..*.*............***.**..
........*.****.**.....*.*.*******.***..*.
..**......**..*......**...*.**.*.......**
..**......***..*...*.**.***...**.****..*.
...........*....**.....*..*...*...**.....
.......*....*................*..*........
......**.....................****........
.....*...........*.*......*...*..****....
...*.........*...**.****..............***
..*....*.....*.....*.......*..**......*.*
..****.**.....................*.**......*
..*..............*.**.*...*......***....*
...**........**..*.*.*.***.........*.....
*..**.......*..*.*...................**..
...**.......*.*.............*........*...
..............*...........***............
..*...**......*..........*...............
......**......**...*...**................
*.....**.*..*.**..*.*...**........**..*..
.**...**..**.***......*.**............*..
..*....*****...........***...............
................*.......**...............
...........*..*..*...*...................
..........**...*.*....*.....****..**.....
..........**..*...*..*.....**.**.........
............***.....**.....**............

Generation = 12, Population = 307.
...**....................................
...**........*..................**.......
........**..*.........***......*..*....**
......***....***.....*..*.....**..*...*.*
......*...*.....*...*.***....*****.....*.
......**..*..*..*...*.......*.*.*........
.........**..*..............*............
............................**.*.........
.............****............**..........
....**...................................
....**...........................*.......
..........**....*..*.....**.......*......
.........*.*....*....***.**.*...**.......
.........**.....*.**...*.*.....**........
.................****..*.**....*......**.
......**...........*.**..**.*.**.....*..*
......**..........**....*.*..*...**..***.
......**.........***..**......**.....***.
..**.............*........*...**....*....
..**...........**.**...**..*.............
...............*.*.*........**......*....
.................*.*....*.....***...*....
....***.........**.***.*........*........
.................*.*..**.........**......
.....**..........*.*..**.........*.*...*.
..................**..**........**.*...*.
...............*..............***......*.
.....**......**...............***........
......*......***.................*.*.***.
...*..*...........................**.**..
..*.***......**............*......**.**..
...**.**......**............**...........
......***.....**..........*.*............
.......*.*.....**........***.............
.........*.....*.........***.............
.....****.....***........................
.....***........*........................
............*....*.*.........**..........
..........*..*...*...........*.*.........
..........*...*....**........*.**........
.............*......*.........**.........
..........****................*..........

*** Life<ConwayCell> 28x7 ***

Generation = 0, Population = 70.
...**..
....*.*
...**.*
*****..
..***.*
....*.*
*..*.*.
.....**
*.*.**.
*...*..
**...*.
...*.**
*.*...*
.......
*....**
....**.
.......
*......
...**..
.*..***
.....*.
.***...
*.*....
.*...**
*..*...
....*..
*****.*
*.....*

Generation = 6, Population = 23.
.......
.......
.......
.......
.......
.......
.......
.......
**.....
**.....
.......
.......
.......
.......
.......
.......
.......
.....**
.....**
.*.**.*
..**..*
..*.***
.......
.......
**.....
**.....
.......
.......

Generation = 12, Population = 21.
.......
.......
.......
.......
.......
.......
.......
.......
**.....
**.....
.......
.......
.......
.......
.......
.......
.......
.......
.....*.
...**.*
...**..
...**.*
....*.*
....**.
**.....
**.....
.......
.......

Generation = 18, Population = 12.
.......
.......
.......
.......
.......
.......
.......
.......
**.....
**.....
.......
.......
.......
.......
.......
.......
.......
.......
...**..
...**..
.......
.......
.......
.......
**.....
**.....
.......
.......

Generation = 24, Population = 12.
.......
.......
.......
.......
.......
.......
.......
.......
**.....
**.....
.......
.......
.......
.......
.......
.......
.......
.......
...**..
...**..
.......
.......
.......
.......
**.....
**.....
.......
.......

Generation = 30, Population = 12.
.......
.......
.......
.......
.......
.......
.......
.......
**.....
**.....
.......
.......
.......
.......
.......
.......
.......
.......
...**..
...**..
.......
.......
.......
.......
**.....
**.....
.......
.......

*** Life<ConwayCell> 6x13 ***

Generation = 0, Population = 26.
*.*.*.**....*
*..*..*......
.*....**.....
..*.*..*.**..
.*.....*.*.*.
...**....**.*

Generation = 5, Population = 19.
.............
.............
.***.**....*.
.*....*.*..*.
.***.**.*...*
..........**.

*** Life<ConwayCell> 12x23 ***

Generation = 0, Population = 101.
**...*.*.**..*....*.**.
...*.*...*.......*..**.
......*****......*.**..
...*....*.*..**..*.....
****.*......**.*.......
.........**.*.***..**.*
.....*...*.*.**....*.**
*.***..****.**..*...*.*
..........***....*.**..
*.........*...**.****..
....**.*....**...**.**.
****.......*..*.***.*..

Generation = 7, Population = 43.
.........***.....*.*...
............*..**.*.*..
.........***.....**.*..
.........*....*....*...
.......................
..............**.......
.............**........
..............*........
.**.........**.........
.***.......*...........
..*.**.....**.......**.
...**...............**.

Generation = 14, Population = 51.
........**.............
.......*.*.........**..
.......*......**.....*.
.......*.....*..*..**..
........*......**......
.........**.****.......
............*...*......
............*.***......
..........****..*......
...**.....**...........
...*.*...**.........**.
....**....**........**.

Generation = 21, Population = 44.
.......***.............
........**.............
...**.***..............
.....****..............
.......*...............
.......................
...........******......
...........**.**.*.....
.............*.***.....
...**..................
...*.*...**.........**.
....**...**.........**.

*** Life<ConwayCell> 24x13 ***

Generation = 0, Population = 36.
..*........*.
*.*....*....*
.......*.*...
..*..........
..*.*..**....
*.*..........
*.........*..
........*....
.*.......*...
........*....
..*..........
.............
.*.........*.
....*........
......*......
..*.........*
.............
.............
..*......*...
.....*.*.....
.*..........*
.............
....*....*...
.............

Generation = 6, Population = 9.
.**..........
.*.*.........
..*..........
.............
.............
.............
.............
........**...
........**...
.............
.............
.............
.............
.............
.............
.............
.............
.............
.............
.............
.............
.............
.............
.............

Generation = 12, Population = 9.
.**..........
.*.*.........
..*..........
.............
.............
.............
.............
........**...
........**...
.............
.............
.............
.............
.............
.............
.............
.............
.............
.............
.............
.............
.............
.............
.............

Generation = 18, Population = 9.
.**..........
.*.*.........
..*..........
.............
.............
.............
.............
........**...
........**...
.............
.............
.............
.............
.............
.............
.............
.............
.............
.............
.............
.............
.............
.............
.............

*** Life<ConwayCell> 27x29 ***

Generation = 0, Population = 218.
.....*..***...*....*...*...**
......*..*.**...*.*...*...*..
......*..*.....*..*.*..*.*...
..***....*...*..**.*.**...*..
*.*.....**.........*....*....
......*...*...**..*..........
..*...*.*.*.....*.........*..
.....**.......*...*.....*..*.
..........*....*....**..**.*.
*...*.*.**...*.*..*..*..*.***
..*....*..*.....**..*........
..**.*......*.***.*.*.*..*...
*......*..*..........*.*.....
..**.*..*....*..**.*...*.....
.**...*.*.*..**.....*.....*..
*........*.*.......**.**..*..
...*.......*.**.....*.*..*...
.....*..*....*....*...*.***..
*.**...*.....*..........**...
.....*.*..**......*...*.*.**.
...*.*...**..**.......*......
..**...*......**.*...*..*.*..
*.......**.*.***..*.....*.*..
...*.......**..***......*.**.
*....*....*..***...*.........
.......*..*****..*.*......***
....*.*.**..........**..**...

Generation = 7, Population = 186.
...*****...*.......**.**.....
..*.*******.*.....*.......*.*
.**..*....*..*.....**.**..*.*
...*...**..***...****.....*.*
.**.***......*..*..**..*...*.
......*......**..............
......*..*...**.......*......
...*..*.*.**.*..***.**.......
.............**....*.........
.....*.*.*..***.........**...
.....*.*.*.*.........**.*.*..
....*.*........*......*.*....
..**......**..***...**.*..*..
........................*.*..
.**..***................***..
..**..........**.............
...*............*...**.......
.......**...*.*..*..**.......
.......******....*...........
.........**.*..*.............
....**....*......*...........
..*.*.*............*.........
...**.*.............*......*.
....*....*...*..............*
.........*****.*...*.*.....*.
.....**...***...**...*.....**
.................****........

Generation = 14, Population = 168.
...............**............
...............*.*..*....*...
....*..........**.**.*..*....
.....*....*....*..***....*...
.*...*....*.....*..*.........
.....*.....*.....*...........
.**.......*............*.....
..******..*...........*.*....
...*****..............**.*...
...***.*...***.....**..*.*...
...**.**...........**...**...
.....*.....*..*..............
............****...........**
..............*......***..*..
..............***.........*..
............*........*....***
..............*.....**...**..
............***.*...**...*...
...**............*...........
..**..*.*.***.*.*............
..*****.*****..*.............
.**..**....*.*...............
.***.......*.**..............
..***..***.*.***.............
...*...*...**..***..**.......
........*.*.*...**.*.*.......
...............***..*........

Generation = 21, Population = 119.
.............................
..............*..............
............*.**.............
...**.....*....*.............
.*.**....*.*...*.............
*...*...*......*.............
.**.....*..*.**..............
..........*..................
....................*.*...**.
......**.............*....**.
.....**..**.*................
...**....***.**..............
....*..*...*.**.......**.....
..........**.**.........*....
.....**....*..*.......*......
............**..........**...
.....................***..*..
...**..........*.............
...**........*..*............
.....*......*...*............
...*.*.......*...............
...*.**....*.................
..***..**.**.......*.........
..**...**.**......****.......
.*.*.....*.......*....*......
..*...............***.*......
...................***.......

Generation = 28, Population = 118.
..***........................
..*.*.....***................
.....**...****...............
.*...**....***...............
.....**.....**...............
**.*.**......................
**....**..*..................
..........*..................
........*.*...............**.
........*.*...............**.
.............**..............
........***.*..*.............
....**......*.*..............
....**.......**......***.*...
....**...............**...*..
...***...............*.......
...*...................*.....
...*.........................
...*...*.....................
..****.*..*.*................
..*...*......................
..*.*.....**.*......*........
...***......*........*.......
.....*.........**....**......
......**.......**....**......
.......**.*....**....***.....
.......**.*..................

*** Life<ConwayCell> 33x37 ***

Generation = 0, Population = 327.
**..*..........*.....**..*...........
.........*..........**...............
.......*..***.*.*........*..*....*.*.
.*.....*.*......*....*.**.......*....
..*..**.....*.....*.......*.*.*...***
**...*...*....*..*...*.**.......*.**.
**.*.*..*..*.*......*.........*......
..*.*.*...*..**......**......**......
.*.**......*....***.*............*...
*...*.****.......**.......**...*.*...
....*..**.*....*.*.*...*.........*...
.*........*....*....*.**.*....*......
..***.**.**...*.....*.........*.*...*
*..***...*.....**...**..*...*.*......
....**....*.*..**.*..*....**...*....*
......*..*...**.*......*..*****......
..**..**......*.*......*.*...........
..*.......**.....*.....*.....****....
....**...*.**.*....*............*.*..
..........*.*..*..*....*.........*...
.*..*.*............****..*.*...**....
.*....*...***.*..*.....*..***...*.*..
..*.....***..*..*.....*...*.**....*..
*..*..*.***..***.....**.*............
*..*.*......*.*....*.......*.....***.
..*.*....*........*...***.*....*.....
..**..**..*............*........**...
....**.**.*.*.*.......*.....*........
.*...*.*...*..**...*.**.....*........
.**....*..*....**.**.****..**..**....
....*.*....**....*.*....**.*****....*
*...*...........*...**..*......*.....
....****..*.*....*.............*.*.*.

Generation = 9, Population = 251.
..............*......................
.............****.*....*.............
............*..**.**....*............
.....***...**..**......**.......*....
.....**.....***...**............*....
..*..........**.***..........*...*...
.*.**..............**.*.....**.*.....
....*...........*****.*......*.**.**.
..**.*...........***..*............**
...*.*.............**.*.............*
....*...............*..*............*
..........****......*.*....*....*...*
..........**..**............*........
....**....*.*.*.*.........***..*...*.
..**.*.........**..........*...*..*..
..........................*..*...*...
....*...*..*..*.*..*......******.....
..**.....*.***..*...*.....*....*.....
........***.........*......*..*...*..
........*..*.*.............*...*.**..
.....******..**..*.*.......*......*..
.*.......***..*****...*....**....*...
*.**.*..*...*****.*..***...**.*.*....
*.***....*...**.**..*...*.*....*.....
.*...**..*...........***...**.**.....
......................*....**........
.........*.....*.....................
.......**..........*.................
....................*....**..........
.....*.*.........*..**...**..........
...............***.**................
....*.*..........****................
....**............**.................

Generation = 18, Population = 225.
............***......................
....**...****..*.....................
...*..*.****..**.......**............
...*.*.**.....**......***............
....*...**....*.**..***..............
........*...****.*.*.**..............
........*...**.*...***............**.
.............*.*....*............*.**
.**.............*..................*.
.**...........**.....*..**......*....
..............**....*..*........*..*.
...............**...*.**..........*..
..***..........***...*.....*****.....
..**..............*........**........
.*.*.......***.***.......**.*........
.**......***.*..**.......**..........
.**......****.*.............**.......
..........**.............*..*......*.
...............*.........**.......**.
..........*..............**.....**..*
.........*...*.......**..*......*.*..
..........**..*.........*..*......*..
...........***..........*..*.**......
.........................**..**......
.......***..........*.......**.......
......*...*.........*.**...*.........
......**..*.........***.**...........
.....*..***.......**....*.**.........
....**..*.........**....*.*..........
......*...........**.**..**..........
....**..*...........*................
....*..*.............................
....**.*.............................

Generation = 27, Population = 220.
.....................................
......***....*.......................
......*.*...*.*....*.................
...*.**......***..***................
....***.*.....****...**..............
...**...*....***..**..*............**
...*..**....*.**.......*..........*.*
....***......**.....*.*...........*..
..***........*..........*.........**.
..*............***....*..*........**.
.*...........*....*....*.**..........
.............**....*...*.**..........
**..**.....**.*....*...*..*..........
**.**......**.*..*.**................
*****...........*..*....**...........
..*........**...*......*.............
..........*....*.....................
...........*.......................**
............***..................*..*
..........*...*.........****....*....
........**...*.........*....*...*...*
.......**.....*.............*...*...*
......*......*.......*.*....*....*...
.....**...*..*....**.*....*......**..
.....**...*.**....*...***............
..................*.*.**.............
..........*.**......****.............
.........*..........*.*..............
.....**..*......*.*..................
...*...........**.*......**..........
..*..*.**.......*.*......**..........
..*.....*........*.*..**.**..........
...******.........*..................

Generation = 36, Population = 172.
.....................................
...............***...................
..............*..*................***
.................................*..*
..............***................**.*
..**...........................**....
..**...*......................*..*...
........*..........*...*......*.*....
...................*..*........*.....
.....*.*........****...*.............
....*.*.....******.**............***.
....**.....****....**................
...........**...***.......**.........
...........**..*.........*.*.........
...............*.*........*..........
............*........................
..............*..**..................
.........**.**..................***..
.........**..*........**......**.****
..............*......*.**.....*...*..
....................***.......**.**..
....................**..*........**..
.....................*.**............
...................*..*..*...........
..............*.**.....**............
...............**.*..*...............
..............*...*.**...............
..............***.*.*................
..**.*.......*.....**................
.*...**.....*......**................
.**...*......**.*...*................
...**..*......*...***................
....**.*.......***...................

*** Life<ConwayCell> 42x12 ***

Generation = 0, Population = 228.
.****....***
.....**.*.*.
***.***.**.*
*.*...**.**.
..*..*.*..*.
***..**..*..
..**...*****
***.*..*..*.
*.**..**.*..
.**...*...**
*..*..*...**
*****.**...*
.***.*..*.*.
.**...**.*..
*....*..*...
....*...*..*
......**.**.
*....*.**...
**.**.*...*.
.*.**....**.
.*..*.**...*
.*.****...**
*...*..*....
.*.*..***.**
****..*.**.*
****..*.*.*.
*....*...*..
...*..****.*
*....*.*..**
...*.*..**.*
.*....*.*...
..**..*.....
*..********.
..*...*..**.
.**.*.*..*.*
.*..**......
.*........*.
.***...*****
**...*..*...
.**..******.
..**.*.**..*
.**.***.*.*.

Generation = 4, Population = 124.
.........**.
....**...*..
....*......*
......*...**
....***..*..
.....**.....
.......*.**.
..**.***.**.
.*...*......
..***.**..*.
.*....*...*.
.......*.*..
............
............
............
........**..
.........***
**.*.....***
...*.**...**
.........***
.....*..**..
..........**
......**.*.*
......*..*.*
......**....
............
.......****.
............
............
............
.....***....
.......*.*..
.**.....***.
.**.....***.
**.........*
**.......**.
*..***......
****.*......
...*.*..**..
...*.*.*...*
..**.**...**
..**......*.

Generation = 8, Population = 111.
....*....**.
....*....*..
...**......*
............
.........***
.......**...
....***.*.**
..**********
..........*.
.***.*...*..
.*...*....*.
......*..*..
............
............
............
............
............
....*.......
...*.*......
.......**...
...*.....*..
....*.....*.
....**..**..
....*..*....
.....*.**...
.......**...
.......*....
........**..
........*...
.......*....
......**....
......**..*.
......**..*.
.......*...*
....*...****
..****....*.
..**.**.....
*.*****.....
.*..***..**.
..*.**...***
..*...*.....
...**.......

Generation = 12, Population = 107.
....*....**.
...*.*...**.
...*.**...*.
....***.....
....*.**.***
.....**..**.
.....**.**..
......*.....
**....*..*..
*.....*....*
.*....*****.
.........*..
............
............
............
............
............
............
...**.***...
....*****...
....**.*.*..
......**.**.
.......****.
...*******..
....*.......
............
............
............
............
.......**...
......*.*...
.....****...
.....**...**
.....*.....*
....****.*.*
.......*...*
.........**.
............
..*.........
**.**....**.
..*......**.
............

Generation = 16, Population = 76.
...***......
..**.*......
..**.......*
...*....**.*
.......***.*
.......*...*
......*..***
............
**......**..
**......**..
.........**.
............
............
............
............
............
............
............
.........*..
.......**...
.....*......
...*..*.....
....*.*.....
............
............
......**....
............
............
............
........*...
.......*....
.......**...
.....**.....
....**....**
...*.*....**
....*.....**
............
.***........
*...*.......
*...*....**.
*...*....**.
.***........

Generation = 20, Population = 59.
............
............
............
..........**
......**..**
.....**....*
......*.*...
.......**...
**......*.*.
**......*.**
.........**.
............
............
............
............
............
............
............
............
......**....
........*...
......**....
............
............
............
............
............
............
............
............
........*...
.....*...*..
....*.....*.
....**......
.......*.**.
...*.*......
...*..*.....
...*..*.....
...*........
**....*..**.
*.*.*....**.
.***........

Generation = 24, Population = 46.
............
............
............
.....**.....
....*..*....
....*...*...
.....****...
.........*..
**.....***..
**.....*..*.
...........*
.........*.*
..........*.
............
............
............
............
............
............
............
............
............
............
............
............
............
............
............
............
............
............
............
....**......
......**....
...*........
..**........
..*....*....
.*....*.....
.*...*......
**.*.....**.
**.......**.
............

Generation = 28, Population = 44.
............
............
......*.....
.....*.**...
....*****...
....*.*.*...
.....***....
.....***....
**..........
**..........
...........*
..........**
............
............
............
............
............
............
............
............
............
............
............
............
............
............
............
............
............
............
............
............
...***......
...*........
....**......
............
............
.***........
*..*........
*........**.
*.*......**.
.*..........

*** Life<ConwayCell> 26x31 ***

Generation = 0, Population = 165.
.....*.*.*....**.*....*......*.
.*....*.....**.*......*....**..
.......*.................*.....
........**..............*..**..
..*......**.........*.....*....
.**.......**.............*.*...
......*.........*.*............
.......*...........*.....*..*.*
.............*....*............
*..*...*......*...*..**.*......
..*......*.....*......**....*..
..................*.....*....*.
..*......*....*.*....*.*.*..***
...*.*......**...*.*..*.......*
*......**.****.....*...........
...***......*..**...........*.*
..*..*......*...*..*..*.*...*.*
..*.*.....*..*..*....*.***.....
....*...*.........*.........*.*
.*......*...**.......*.*....**.
**.**..*......*...**.*.*....*.*
..*...*...*.....**...*.....*...
..***.*.*.*...*............*...
.......*.*.....*...**.*........
........*...*...*.............*
...........*.............*.....

*** Life<ConwayCell> 16x48 ***

Generation = 0, Population = 179.
..*.....*.*....*.......**..*.*.*.*.*...*..**.*.*
*..**.**.**................*..**.*..*....**.....
........**.***....*.*.*...*..*..*..**....*....*.
*...*.**.*..*......*.....**...*.*.....*.........
*.....*.......*..*...*........**..***...........
...*.....*....*...*......*.*.....*..............
.................*......*...*.*....*..*..*..*..*
**.......*.*..**...*..*......*.*...*.**.*.*.*...
*...*....*.............***...*.*.......**.......
..**..*........*..........*.*...*.*..*.....**...
..*......*.*.*.............*.**.*.........**....
*...*.......*.*................**.....*.....*..*
**.*....*.............****............*.......*.
..**..*.......*.....**...........*..*......*....
*...*............*.*..*.*............*..*....*..
.*.*......*.....*..*..***.........**.*....*.....

Generation = 3, Population = 162.
.......**...................*****.......***.....
..**.....*..**...............*.**...**.*...*....
..***.**....**....**....**...*.......**.***.....
.....***....*.....*.*...*.****.....*.*...*......
......***..*.....*..*....**..*.....**...........
......******.....*.*...............***.*........
.*........*......*.*...................*...*....
***......*.*...................**.........***...
*.*......*..*...........*......*.*.....****.**..
**....................***.......*......**.*.**..
**.........**..........**....*.***.......*......
**.........*............*....*..**..............
**.................***..**.....***..............
*.................*......**.........***.........
.*...................*..**.........*.**.........
..................*.*..............**...........

*** Life<ConwayCell> 20x27 ***

Generation = 0, Population = 85.
.*.*...........**..........
.*.*......*.*...........*..
..*.........*..............
..........*........*.*.....
*..........................
...*..............*..*...**
..............*.*.......**.
...**....*...*.*.........*.
.......**.......*.*..*.*..*
...*..*.*.........*.......*
.....**.........*.....*....
...*.**...*...........*....
..*..**.*...*...*..........
....*...*..........*.......
..*...*..............*..*..
..*......*.........*..*....
***....*..........*.....*..
.............**.....*.*....
....................*....*.
..**...*.*.............*...

*** Life<ConwayCell> 21x31 ***

Generation = 0, Population = 213.
*...**..*.*..*......***....*...
*..*....**...**..*......*..*..*
*.*..*...*..*...**..***.*....*.
.....*..***...**.***.**...*....
.....*.*.....*.**.........***.*
*..**..**...*.**....*..**..**.*
*.**..*..**.*******.*.*........
*.*.*..***.*.*.*.***.*..*...**.
....**..*.*.....*...*...*..**.*
..*.....*..*.**....*.*..*..*.*.
..**.*..*.****.....*....*......
..*.*.**.**.*...*.**..*..*..*.*
.*...*...*.*.*..............**.
..***.***.....*..**.......*....
*...*.*..........*.......***.*.
.......*.*...*...*......*....*.
..........*..*....*.*.*........
.*....**...*...........**...*..
..*.....*..*..*........*.**....
........*...*..*.**.....**...**
.*....***..**.**.*.......*.*.*.

Generation = 7, Population = 157.
...*....*.*....*..*............
..*.*...*...*..*..*......*.....
.**........*.......**.....***..
...............*..**.........*.
.....**...*.....*.*.*....*.....
....*...***.*.....**....***....
...*...**.........*..*..***....
...***............*..*.........
.******...........*..*....***..
.*.*.*...*....**...*.....*.....
.**.*****.....**.****...**.**..
..*.....*.*....*..**....****.*.
.....*.....***...**.........***
.**..**.*.****.*............**.
........**....**...............
......*..**..*...*.............
......*..*...*...*.............
......*..*..*..................
.......**....*.*............*..
.............*.*.**...**..**...
..............**.**.......**...

Generation = 14, Population = 101.
...............................
...............................
.........**....................
........**........*.*.....*....
...***...*.*.....**.*....*.*...
...**......*....*........*.*...
...*...*...*.......**.....*....
...*..........*...*............
....****.*.......*.............
......*........................
....***..*.**..*..**...........
....*****.***...**.**..........
........*..*.*.*.*..**.........
.........**...**...**..........
...........*..*....*...........
..........*...**...*...........
.............*.*...............
........*.........*............
.........*....***..*.......*...
...........**.*....*......*.*..
................***.......**...

Generation = 21, Population = 96.
.........*.....................
.......**.**...................
....**.**......................
...*********..............*....
.**.............**.......*.*...
....**............*......*.*...
.**.**...*.......*........*....
..*.....*.*...**.**............
...*...**.**..*..*.............
...**.....*..**.*..............
.........*..**.................
.........*.....................
................***............
.......*.*.**.*..**............
.......*.*.*.*..*..............
.........**..*.................
............***................
.............****..............
...............*.*.........*...
...............*..........*.*..
................*.*.......**...

Generation = 28, Population = 58.
...............................
.......***.....................
.***...........................
............*.............*....
*..*........*............*.*...
...*........*............*.*...
.**.......................*....
...............**..............
...............**..............
.........*.....................
.......***.....................
.......**....**................
.........*.....*...............
............***.*..............
.........*.***...*.............
...........*.*..*..............
........***...**...............
........**.....................
...........................*...
..........................*.*..
..........................**...

Generation = 35, Population = 66.
..*.....*......................
.*.*....*......................
*...*...*......................
.*.*......................*....
..*........***...........*.*...
.........................*.*...
..........................*....
...............**..............
...............**..............
...............................
............*..................
...........*.*.................
..........**..*................
.........****...***............
........*********.*............
.......***.**....*.............
..............*.*..............
...........**.*.*..............
..............**...........*...
..........................*.*..
..........................**...

*** Life<ConwayCell> 5x4 ***

Generation = 0, Population = 9.
*..*
....
*.**
.*.*
.**.

Generation = 10, Population = 10.
.**.
*..*
*..*
*..*
.**.

Generation = 20, Population = 10.
.**.
*..*
*..*
*..*
.**.

Generation = 30, Population = 10.
.**.
*..*
*..*
*..*
.**.

Generation = 40, Population = 10.
.**.
*..*
*..*
*..*
.**.

*** Life<ConwayCell> 49x7 ***

Generation = 0, Population = 95.
.......
...*..*
...*...
.....*.
......*
*.....*
*...*.*
.*.**..
...*...
**.....
.......
...**..
*...*..
..*****
.....**
...*..*
.*.*..*
......*
.**.*.*
.*..*..
**..*..
*..*...
*.....*
.......
****...
...*...
..*...*
**....*
.****.*
.....*.
..*....
..**...
*..*...
*...*..
.......
.*...*.
...*...
.......
.*.**..
....*..
*.....*
**..*.*
**.....
..*...*
....*..
....**.
*......
..**..*
..*..*.

Generation = 4, Population = 69.
.......
.......
.......
.....**
......*
......*
.......
.......
.......
.......
.......
...*...
.**.*..
.**....
.......
.....*.
**....*
.....*.
.......
*......
**..**.
**.....
***....
...**..
...**..
.*.**..
*****..
*.*.**.
***...*
..**.*.
....*..
.......
..**...
..**...
.......
.......
.......
..***..
....*..
....**.
.......
.......
***....
***.*..
....***
.......
.......
.......
.......

*** Life<ConwayCell> 28x13 ***

Generation = 0, Population = 152.
*.**.*..*....
...*.*..*..*.
*...*.***..**
*..***.*....*
*...*...*..*.
*......*.***.
....**.*.*.*.
.*...****....
...*..*...*.*
*.....*.*.**.
**.**.*....*.
...***...***.
*.****..**..*
.*..*...**.*.
.**.....*...*
.**.*......**
...*..*.**..*
*..**.**..***
.*.........*.
***.***.*....
....*.*.*.**.
**...*..**.*.
*.**...*.....
*.***.**.*.*.
.**.*..***...
*...*.*.***..
..*.....****.
......**.****

Generation = 6, Population = 53.
........**...
.*..*........
.....*.......
.*..*..*..*..
.........*...
.............
.............
........***..
.....**...**.
....***...*..
.....*...**.*
.*.....**...*
.......***.*.
..........**.
..........*..
...........*.
.............
.............
......**.....
.....*.*.....
.............
.............
***......**..
*........*.*.
.*.......***.
.............
.............
.............

Generation = 12, Population = 36.
.............
.............
.............
.............
.............
........**...
.........**..
......*..*...
......*.*....
....*...*....
...**.**.....
...*...*.....
....*..*.....
.....*.*.....
......*......
.............
.............
.............
......**.....
......**.....
.............
**...........
**.......**..
........*..*.
.........*.*.
..........*..
.............
.............

Generation = 18, Population = 43.
.............
.............
.............
.............
.............
..........***
.....**.....*
...**.......*
..*........*.
.*...*****...
.*.*.........
..*..........
.......*.....
........*....
.....***.....
.....***.....
.............
.............
......**.....
......**.....
.............
**...........
**.......**..
........*..*.
.........*.*.
..........*..
.............
.............

Generation = 24, Population = 55.
.............
.............
.............
.............
...........**
...........**
.**..........
*..*....**...
.......*..*..
.......*..*..
**....**.**..
..*...***....
......*.*....
......*.**...
.....**.**...
.....****....
.............
......***....
.......**....
......**.....
.............
**...........
**.......**..
........*..*.
.........*.*.
..........*..
.............
.............

Generation = 30, Population = 54.
.............
.............
.............
.............
.............
.............
.**..........
.**....**....
.......**..**
.......**..**
........*..**
.....**.****.
....*..****..
....*..*.....
.......*.....
.....**......
.............
.......*.....
......*.*....
.....*...*...
......*.*....
**.....***...
**.......**..
........*..*.
.........*.*.
..........*..
.............
.............

Generation = 36, Population = 69.
.............
.............
.............
.............
.............
.............
.**..........
.**...****...
.....*..**...
.........**..
....*..***...
....**.***...
.....****....
....***......
....***......
......*......
....*...**...
......**.*...
....*.....*..
.....*.****..
.......*.**..
**...*.*.....
**...*..*....
.......**..**
.......*...*.
........****.
.........**..
.............

Generation = 42, Population = 53.
.............
.............
.............
.............
.............
......**.....
.*****.*.....
.****........
....***......
.....***.....
.............
....**.......
.............
.............
...***.......
......*......
.............
...**........
.....*.......
.....*..*....
......*.*.**.
**...**....*.
**...*..***..
....**.*.**..
.....*.**....
......*......
.............
.............

*** Life<ConwayCell> 38x38 ***

Generation = 0, Population = 77.
..............*......................*
...........................*.....*....
......*...*.......*.*...*............*
......................................
.......*....*.........................
....*.*........*......................
....................*.......*..**.....
....*.*..........*.................*..
...*...........*..........*...........
..................................*...
.....*..............................**
........*....*........................
...........*..........................
.*.........*..........................
.................................*....
......................................
....*.......*.....*...................
......................................
......................................
*.....................................
................................*...*.
.*........*...........................
...........**.........................
..................................*...
........................**...*........
..........*...........*...........*...
.............................*..*.....
............................*.........
.....................*................
....................*.................
......................*...............
........................*.*....*......
......*............*.................*
....*..*..*...................*...*...
................*....*................
..................................*...
...........*...*......*...............
.........................*............

Generation = 4, Population = 0.
......................................
......................................
......................................
......................................
......................................
......................................
......................................
......................................
......................................
......................................
......................................
......................................
......................................
......................................
......................................
......................................
......................................
......................................
......................................
......................................
......................................
......................................
......................................
......................................
......................................
......................................
......................................
......................................
......................................
......................................
......................................
......................................
......................................
......................................
......................................
......................................
......................................
......................................

Generation = 8, Population = 0.
......................................
......................................
......................................
......................................
......................................
......................................
......................................
......................................
......................................
......................................
......................................
......................................
......................................
......................................
......................................
......................................
......................................
......................................
......................................
......................................
......................................
......................................
......................................
......................................
......................................
......................................
......................................
......................................
......................................
......................................
......................................
......................................
......................................
......................................
......................................
......................................
......................................
......................................

Generation = 12, Population = 0.
......................................
......................................
......................................
......................................
......................................
......................................
......................................
......................................
......................................
......................................
......................................
......................................
......................................
......................................
......................................
......................................
......................................
......................................
......................................
......................................
......................................
......................................
......................................
......................................
......................................
......................................
......................................
......................................
......................................
......................................
......................................
......................................
......................................
......................................
......................................
......................................
......................................
......................................

Generation = 16, Population = 0.
......................................
......................................
......................................
......................................
......................................
......................................
......................................
......................................
......................................
......................................
......................................
......................................
......................................
......................................
......................................
......................................
......................................
......................................
......................................
......................................
......................................
......................................
......................................
......................................
......................................
......................................
......................................
......................................
......................................
......................................
......................................
......................................
......................................
......................................
......................................
......................................
......................................
......................................

Generation = 20, Population = 0.
......................................
......................................
......................................
......................................
......................................
......................................
......................................
......................................
......................................
......................................
......................................
......................................
......................................
......................................
......................................
......................................
......................................
......................................
......................................
......................................
......................................
......................................
......................................
......................................
......................................
......................................
......................................
......................................
......................................
......................................
......................................
......................................
......................................
......................................
......................................
......................................
......................................
......................................

Generation = 24, Population = 0.
......................................
......................................
......................................
......................................
......................................
......................................
......................................
......................................
......................................
......................................
......................................
......................................
......................................
......................................
......................................
......................................
......................................
......................................
......................................
......................................
......................................
......................................
......................................
......................................
......................................
......................................
......................................
......................................
......................................
......................................
......................................
......................................
......................................
......................................
......................................
......................................
......................................
......................................

Generation = 28, Population = 0.
......................................
......................................
......................................
......................................
......................................
......................................
......................................
......................................
......................................
......................................
......................................
......................................
......................................
......................................
......................................
......................................
......................................
......................................
......................................
......................................
......................................
......................................
......................................
......................................
......................................
......................................
......................................
......................................
......................................
......................................
......................................
......................................
......................................
......................................
......................................
......................................
......................................
......................................

*** Life<ConwayCell> 6x15 ***

Generation = 0, Population = 27.
**....*...*.*.*
..***......**..
.......**...*.*
.........**...*
.*.......*...**
...**.*....**..

Generation = 7, Population = 16.
........*****..
........*....*.
.......*....**.
........*....*.
........*....*.
.........*..*..

Generation = 14, Population = 12.
........***....
......**...**..
...............
..........*....
......*..*.....
.......**......

Generation = 21, Population = 13.
...........*...
.......*****...
.......*.***...
.......***.....
...............
...............

Generation = 28, Population = 17.
.......**.***..
...........**..
.......*..***..
.........**....
.......***.....
........*......

Generation = 35, Population = 13.
..........***..
.........*.....
.........*.**..
.........*.....
.....*...**....
.....*...*.....

Generation = 42, Population = 0.
...............
...............
...............
...............
...............
...............

Generation = 49, Population = 0.
...............
...............
...............
...............
...............
...............
