*** Life<ConwayCell> 39x40 ***

Generation = 0, Population = 21.
........................................
........................................
.....*...........................*......
........................................
........................................
........................................
........................................
........................................
...............*........................
...........................*............
........................................
........................................
...*....................................
........................................
........*...............................
................*............*..........
........................................
........................................
......*...........................*.....
........................................
........................................
........................................
........................................
........................................
.........*..............................
............................*...........
....................*...................
..................................*.....
.......*.........................*......
..*................................*....
........................................
........................................
...*....................................
*................*......................
........................................
........................................
........................................
........................................
........................................

*** Life<ConwayCell> 58x36 ***

Generation = 0, Population = 87.
...*.........................*......
............................*.......
.............................*......
*..............................*....
.................*..................
........................*...........
..................*.................
....................*....*.......*..
...........................*.....*..
.....*....*.......................*.
....................................
...........*...............*........
....................................
.............*...*.......*.........*
.........................*...*......
..............................*....*
..............................*.....
....................................
**...........*......................
..*.................*.............*.
......................*.............
..*...*.............................
....................................
............*......*.....*..........
......*...........................*.
................................*...
..**..*...........*............*....
.....*.........*....................
....*..........*......*.............
....................................
....................................
.....*.........*....................
................*.....*.............
.....*............*..*..............
...................*..............*.
....................................
........*...................**......
......*.............................
....................*...............
....................................
..*.................*...............
....................................
....................................
....................................
.............*......................
..........*.........................
......*..................*..........
....................*...............
....................................
.*.....*............................
.*..................................
..........*.........................
.........*..........*...............
.*.................*................
.................*...............*..
....................................
...............................**...
......*.............................

*** Life<ConwayCell> 26x50 ***

Generation = 0, Population = 109.
..............*...*.....*.*.**.................*..
......*....*............*........*...*...........*
.............................*..........*.........
.*................................................
...............*.*..............*......*....*.....
.*.............**..............*.*......*.........
......*........*..........*............*......*...
.................*..**......................**....
..................*.........*...........*.....*...
..........*...........................*...........
..........................*.....**....*...........
..*.*..........*.............*.....*.............*
..........*..........*.*.*..*.........*.*.......*.
...*.....................**.......................
..........*..............*..........*......*.....*
.....*.*...*................**.................*..
.........*......*.......................*.........
...*..*........................*..................
.......*...*......................................
...............................*..................
....*...*.........................*......*.*......
..*..*........*.*.***..........................*..
...........................................*......
.............*....................*.............*.
.......*.............*.*........*........*........
.*................*...................*...........

*** Life<ConwayCell> 39x53 ***

Generation = 0, Population = 127.
....................*.................*.......*......
.....................*................*..............
.......*.....*.......................*...*...........
..............*....................................*.
...*.*...........*........*.......*..................
....................*.........*.............*........
.....................................................
..*.............*...............*...........*........
..............*.....*................................
...............................*.....................
.*.*.........*..................................*....
....*..*...........................*.................
...*........**.....................*.................
*........*......*.*..........*.....*.......**......*.
.........................................*...........
................*...............*.*.*................
.......*...*..*...........*..*....*.....*............
.*.........*...............................*.........
..................*...........*......................
.............*....................*.........*........
...*.................*............*..................
.....*......................................*........
.*..................*..........*...........*........*
....*.......*........................................
.....*..*..*......*...*.*............................
................................................*....
...*..............*...**..........*........*.....*...
........................*...*........................
*...........**..........................*...*........
................*.......................*............
....*......................................*.....*...
....*.........*.......*.......................*......
......................................*..............
................*.....................*..............
........................*..*..........*..............
.....................*......*..................*.....
....*..*...............*.......*.....................
....*........*.........*....................*........
..................*.........*........................

*** Life<ConwayCell> 60x30 ***

Generation = 0, Population = 129.
..*.....................*..*..
..............................
........*........*............
..........*...................
.......*.............*........
..............................
**....................*.......
...**.*.......................
................*......*..*...
.......*................*...*.
...*..........................
....*....*.*..................
........*........**..**.......
.........................*....
...................*..........
...*.*......................*.
..*...........*...............
...........*..................
.......*......................
..........................*...
...............*..............
......*.........*.............
..................*...........
.*.......*....................
................*........**...
.................*......*.....
...*......*.....*.............
...........*................*.
....*....*....*.........*.....
......*.....*.*........*..*..*
......................*.......
.........*........*...........
................*..........*..
..............................
..............................
.....*..*.....*...............
....**.......*.....*..........
....*.........................
.....*........................
..................**..........
..........*................*..
..........*.........*.........
...*.........*.....**.....*...
......................*.......
*...........*...*..*...*......
..................*...........
................*.....**......
..............*........*..*...
.....*...*.........*..........
......*.......................
..............................
...............*..............
......*.......................
......*.....*.*.*.....*.......
......*.......................
.......................*.....*
..............*....**.........
..*..........*......*.........
...*.......*..................
..*..........**...........*...

*** Life<ConwayCell> 41x32 ***

Generation = 0, Population = 76.
...........*..*..............**.
........*...............*.......
..........................*.....
.....................*.........*
...............*......*.........
....*...............*...........
....*...........................
....................*...........
...........*....*..*....*.*.....
...............*......*.*.......
................................
.....*.........*.....*.*........
..........*..................*..
.....*..........................
................................
.......*........**..............
.............*.......*..*.......
...................*............
...............................*
*...............................
............................*...
*...............................
...................*............
.........................*.....*
.........*...**..**........*....
.....................*...*......
...............*................
.*..............................
................................
................................
...*.......*....................
....................*...........
.*...*.*......................*.
................................
.....................*..........
..*..............*..............
.*.............*............*...
....................*...........
......*.......*......*..*.......
.......*........................
...*................*.........*.

*** Life<ConwayCell> 43x56 ***

Generation = 0, Population = 131.
...........................................*............
....*........................................*....*.....
*........*........................*.....................
............*...*..........*............*.......*.*..*..
..................*.................*.......*....*......
.............*.................*......*.................
.......................................*....*.*.........
......................*...........*.....................
.........*....*...............................*.........
..................*.........*......*.....*..............
.*.*....................................................
........................*..........*.*..................
....................*........*....*.....................
......................**........*...............*.......
..............................*.........................
...............*.......*................................
..........*......*.....**...............................
.........*...*.............*......*....*................
.........................*.........*........*...........
............................................*...*.......
................*....**.................................
...*.....*..*...........................................
.................*.*.......*............................
.....*.....*............................................
........................................*...............
.......................................................*
.......................................*.*..............
*.......................................................
....*.....**............**..............................
.*...................*................*...........*..**.
........*.....*.*...*...*..*..*.......*..........*......
.*.................*........................*...........
..........................................*.............
........................................................
.*.........................*..*.*.........*..........*..
............*.......*....*.........*....................
...*...................*............................*...
.*......................................................
........................................................
.........*....*...*.....................................
.*........*...*..............*......................*...
....*..*.*....*.........................................
..............................*..........*....*.........

*** Life<ConwayCell> 45x28 ***

Generation = 0, Population = 78.
..**......*..*...........*..
.....*...............*......
.......*....*...............
...........*................
............................
...*...*....................
....*.......................
......................*.....
.........................**.
*........*..................
..............**....*.......
.............*.............*
............................
.....*......................
...**........*...*......*...
.....*...........*..........
............................
...........*.*...**.........
.......*..*...*.....*.......
..........*..........*......
..*...........*.............
.......*.................*..
...........................*
.....*.........*............
..................*.**......
............................
............................
.............*.......*....*.
................*......*....
............................
.................*..........
.*......*...................
......*.................*...
....................*.*.....
......*.....................
...*........................
.............*............*.
.*..........................
.................*.......*..
.......*.*.................*
....................*.......
............................
.*.....*.............*......
............................
...*........................

Generation = 510, Population = 12.
............................
............................
............................
............................
............................
............................
............................
............................
............................
............................
............................
...***......................
............................
.*.....*....................
.*.....*....................
.*.....*....................
............................
...***......................
............................
............................
............................
............................
............................
............................
............................
............................
............................
............................
............................
............................
............................
............................
............................
............................
............................
............................
............................
............................
............................
............................
............................
............................
............................
............................
............................

Generation = 1020, Population = 12.
............................
............................
............................
............................
............................
............................
............................
............................
............................
............................
............................
...***......................
............................
.*.....*....................
.*.....*....................
.*.....*....................
............................
...***......................
............................
............................
............................
............................
............................
............................
............................
............................
............................
............................
............................
............................
............................
............................
............................
............................
............................
............................
............................
............................
............................
............................
............................
............................
............................
............................
............................

*** Life<ConwayCell> 36x25 ***

Generation = 0, Population = 12.
.............*...........
........*..*...........*.
..................*......
.........................
.........................
.........................
.........................
................*........
.........................
.........................
.........................
...............*.........
.........................
.........................
.........................
.........................
........................*
.........................
.................*.......
.........................
.........................
.........................
.........................
.........................
........*................
..................*......
.........................
.........................
.....*...................
.........................
.........................
.........................
.........................
.........................
.........................
.........................

*** Life<ConwayCell> 58x26 ***

Generation = 0, Population = 145.
.........**....*....*.....
.................*......*.
..............**.*........
....**............*.......
..........*.*.*....*......
.................*..*.....
.*..*.....**.........**...
..*.*...................*.
..........................
....*..*.........*....*...
..*..........*............
.......*......*.......*.**
..............**..........
......*...*.......**..*.**
.............*..*..*......
.*........*.*.............
.......**.....**.*.......*
.....*....................
...*.*................*...
*...*..*.....**....*......
.........*...........*....
.......*..........*...*...
...................*......
......*...*...............
..*...........*...........
....*.....*....*.*........
....................*....*
.............***..........
*................*..*.....
..............*...........
..........................
.........*..........*.....
......*...................
....*.....................
.........................*
..........................
.....*....*..........*....
.....*....................
..*........*..............
....................*....*
........................*.
...*.....*........*....*..
.......*..................
........................*.
......*.......*.*.**......
..*.....*..........*....*.
.....*...................*
.......*...............*..
.*........................
*.........................
*....*.*.......*..........
............**....*.......
.....*.............*......
............*...*......*..
...........**.............
...........*..............
............*.........*...
...*......................

*** Life<ConwayCell> 27x41 ***

Generation = 0, Population = 69.
............*........*...................
.........................*......*......*.
.........................................
..........*........*.....................
........................*.....*..........
..............*.....................*....
.....*.........................*..*......
...*....................*................
.....*.........*.........................
........................................*
......**............*............*.......
...*....................................*
.......*...........*...................*.
.....*...................*...............
.*.............................*.........
...............*......*.........*........
...........*.*...........................
.........*..*............*...*...........
.......*........................*........
.......*..*.................*............
...*..........*.........**...............
...*...**.*..............................
........................**........*......
.*..*....*...............*...............
.........*..................**.........*.
...*...............................*.....
......................*...*..............

*** Life<ConwayCell> 48x28 ***

Generation = 0, Population = 99.
*...*..*.*...**..........*..
........................*...
............................
*.*.........*...............
*...........................
...**..........*...*........
............................
......................*...*.
..........................*.
.*..................**......
....................*.......
...................*........
..*................*........
............................
................*...*.......
..............*.....*.....*.
..........*....*..*.........
...........*.*.....*........
....*...........*...........
.....*...*..*...*.....**....
.........*..........*.......
*...........................
............................
......................*.....
..........................*.
.....*......................
.*........*.................
..............*......*......
...................*........
...........................*
.....*......................
........*.............*....*
.*..........*..............*
...............**...........
......*...........*.*..*....
.......*..*..*.....*.*......
...........*................
........*........*.*......*.
......*.......*.............
...........................*
..............*.........*...
*............*...........*..
...........*................
.............*..........*...
....................*.......
................*...........
.*.*....*................*..
............*....*..........

*** Life<ConwayCell> 54x43 ***

Generation = 0, Population = 135.
..........*.*............................*.
....*....................................*.
...........*....................*..........
...............*...........................
...........................*.........*..*..
........*.....*...........*......*......*..
*..........................*.............*.
.*...................*.....................
...............*......*.................*..
....*...........*...........*...*..........
.................................*.........
.........................*.................
.........*..........*...................**.
..............................*............
.................*...*............*..*..*..
.*..*................*.....................
.........................*.....*....*......
..*................*..................*.*..
......*.......*...............*..........*.
................................*..........
........*........*................*........
............*....*.........................
..........................*................
.......*.........*..........*.*.*..........
........................**.*....*.*........
.......*................................*..
..................*..*..*...*..............
.....**........*.....................*.....
...........*.*...............*............*
...........................................
..*........................................
*.......*....................*.............
.......*...................*...............
*.......*..................................
.............*......*......................
.*.....*..............*.................*..
...............*.....*..*..................
.....*.....................................
.....................*.....................
...*.....*.......*..................*......
.......................................*...
..........................................*
.........................*...........**....
...........*...............................
...........................................
.........................*...*.............
..*......................................*.
.................*.........................
.......**.........*...........*.....*......
...........................................
*........*.....*............*..............
*................*..*...........*.........*
.....*................*....................
...........................................

*** Life<ConwayCell> 49x51 ***

Generation = 0, Population = 88.
.............................*.....................
...................................................
...................................................
.................................................*.
...................................................
..........*......*....*............................
...................................................
......................................*............
....................................*....*.........
...*.....*.......................*.................
.....*............*.....*............*..*..........
............*......................................
............*........*............*................
.......................*...........................
.........................................*....*....
......*..........................*.................
...................*...............*...............
...................*....................*..........
.........................*.........................
......*............................................
...................................................
........*......................................**..
.......*.............................*..*..........
.*...........*.....*...............**..............
.....*.............................................
...............................*...................
............*..*......*............................
..*......*...........*...*.........................
*..................................................
...*...............................................
........................................*..........
...................................................
...........................*.......................
...................................................
.................................................*.
...................*..*............................
.......*....................*......*.........*.....
.*....................*............*...............
......*.................*..........................
..............*..................................*.
.............................*........*............
...................................................
*.........*......................*.................
.................*.................................
.........................*..........*.*..*...*...*.
.............*.........*.........*.......**........
................*............*.....................
...................................................
...................................................

*** Life<ConwayCell> 52x59 ***

Generation = 0, Population = 101.
............................*..............................
*.....................*....................................
................*........*.**.......................*......
.......................................*..........*........
.......*...........*...................*...................
...............*......................*.........*..........
.......................*...................................
...............................................*...........
......*................*.....................*.............
...........................................................
...........................................................
.......*............*..*.................*...........*.....
.....*...........................*.....*.................*.
...........................................................
......*....................................................
...*..............*........................................
....................*.........*....*.......................
...................*.....................*.*..........*....
...........................................................
..........*....*.........*.................................
.................................................*.........
................................*....*...........*.........
.*...................*.....................................
.*.........................*........*......................
.*.........................................................
........................................*............*....*
......................................................*....
.............*.*...*.......................................
...........................................................
..................................................*.....*..
.............................*........*....................
.......*...................................................
...........................................................
...........*.....................................*.........
...........................................................
.....................................*.....................
.............................................*.............
..........*......................*................*........
........................................*......*.......*...
........................*...................*..............
...........................................................
.........................*.................................
...........................................................
....................*......................................
...................*.......*..............................*
..........*........*.....................*.................
.................*......................*..................
.............*........................*...........*........
..........................*.......*...*...........*........
...*.................*.....................................
.........*.............................*...............*...
......*..........................................*.........

*** Life<ConwayCell> 54x60 ***

Generation = 0, Population = 30.
...................*...........................*............
......................*....................*...........*....
.*..........................................................
.................................*..........................
............................................................
.......................................................*....
............................................................
.....*......................................................
..........*.................................................
.............................*..............................
............................................................
....*.......................................................
....*.......................................................
............................................................
............................................................
............................................................
.......*..............*.....................................
............................................................
............................................................
............................................................
.................*..........................................
............................................................
............................................................
............................................................
............................................................
.............................................*..............
............................................................
............................................................
............................................................
............................................................
..............................*.............................
....................*.......................................
.....*......................................................
....................*.......................................
............................................................
............................................................
...............*..........................*.................
............................................................
................*.........................................*.
............................................................
............................................................
.......*....................................................
............................................................
...................................*........................
.....................................................*......
............................................................
............................................................
............................................................
............................................................
............................................................
................*...........................................
...........................................................*
............................................................
............................................................

Generation = 1296, Population = 0.
............................................................
............................................................
............................................................
............................................................
............................................................
............................................................
............................................................
............................................................
............................................................
............................................................
............................................................
............................................................
............................................................
............................................................
............................................................
............................................................
............................................................
............................................................
............................................................
............................................................
............................................................
............................................................
............................................................
............................................................
............................................................
............................................................
............................................................
............................................................
............................................................
............................................................
............................................................
............................................................
............................................................
............................................................
............................................................
............................................................
............................................................
............................................................
............................................................
............................................................
............................................................
............................................................
............................................................
............................................................
............................................................
............................................................
............................................................
............................................................
............................................................
............................................................
............................................................
............................................................
............................................................
............................................................

*** Life<ConwayCell> 30x42 ***

Generation = 0, Population = 144.
...............................**.........
.*.....*.........*..*.........*.*...*.....
.........*.......*....................*...
.*.....*..........*..*..........**........
...*.*........*.....*...........*..*...*..
*................*.........*.......*......
...**.*..........*.....*.*...............*
*.............*.*....*...*..........*.....
.*.....*..*.............*......*........*.
*...*.*.......*.....*...........*.........
.......*..........*..................*....
......*......*......*.....................
......................*..........*.....*..
................................*.......*.
....*....*....*..........*............*...
..**......................*.......*.......
..*..*.*....*.......*.*.**....**...*......
...*.....*.....*...................*......
..*.............*.........................
.....................*...*....*..........*
**........*.*.....*....*......*...........
*..........*.............*..*.............
.*..................*........*............
...*...*..*.....*...*.................*...
*..............*....................*.....
**..........***...*........*...**.*..*.*..
......*..............*....................
*.......................**................
...*..........*.......*.....*..*.....*....
......*..............*.*..................

*** Life<ConwayCell> 26x41 ***

Generation = 0, Population = 62.
.......*.....*...*...................*...
....................*.*..*.....*.*.*.....
............*................*...........
...............*.......*..*...*..........
..........*..............................
.*...*....*........*.....................
.*.......................................
...............*........*............*...
...............*...........*.............
....*...................*................
...................*........*..........*.
.......................................*.
..........**...........*.................
......*.....................*...........*
............*............*...............
...............................*.........
........*....................*......*....
..................*..........*...........
....*.......................*............
..............*....*..................*..
..........................*..............
....................................**...
........*..........*..........*..........
.....................*...................
......*.*................................
........*................................

Generation = 455, Population = 3.
.........................................
.........................................
.........................................
.........................................
.........................................
.........................................
.........................................
.........................................
.........................................
.........................................
.........................................
.........................................
.........................................
.........................................
.........................................
.........................................
.........................................
.........................................
.........................................
.........................................
.........................................
.........................................
.........................................
.......*.................................
.......*.................................
.......*.................................

Generation = 910, Population = 3.
.........................................
.........................................
.........................................
.........................................
.........................................
.........................................
.........................................
.........................................
.........................................
.........................................
.........................................
.........................................
.........................................
.........................................
.........................................
.........................................
.........................................
.........................................
.........................................
.........................................
.........................................
.........................................
.........................................
.........................................
......***................................
.........................................

*** Life<ConwayCell> 56x54 ***

Generation = 0, Population = 48.
................*.....................................
*............*...........*............................
......................................................
...............................*......................
.............*.....................*..................
...........................................*..........
......................................................
.............................*........................
......................................................
......................................................
..................*...................................
.*...................................*................
......*...............................................
..............................*.......................
..............................................*..*....
......................................................
......................................................
......................................................
......................................................
......................................................
......*.....*..............*..........................
..*...................................*...............
......................................................
................................*.....................
......................................................
.......*........................*...............*.....
......................................................
......................................................
..........*...........................................
.....*............................*...................
.......*..............................................
...........................*......................*...
......................................................
......................................................
......................................................
.............*........................................
......................................................
*.....................................................
......................................................
......................................................
................................................*.....
.........*............................................
......................................................
......................................................
...........*..........................................
......................................................
......................................................
......................................................
.*....................................................
......................................*...............
...................*....*...........................*.
.....................*................................
...................................................*..
..................*.........................*.........
......................................................
........*....*.*......................................

Generation = 591, Population = 0.
......................................................
......................................................
......................................................
......................................................
......................................................
......................................................
......................................................
......................................................
......................................................
......................................................
......................................................
......................................................
......................................................
......................................................
......................................................
......................................................
......................................................
......................................................
......................................................
......................................................
......................................................
......................................................
......................................................
......................................................
......................................................
......................................................
......................................................
......................................................
......................................................
......................................................
......................................................
......................................................
......................................................
......................................................
......................................................
......................................................
......................................................
......................................................
......................................................
......................................................
......................................................
......................................................
......................................................
......................................................
......................................................
......................................................
......................................................
......................................................
......................................................
......................................................
......................................................
......................................................
......................................................
......................................................
......................................................
......................................................

Generation = 1182, Population = 0.
......................................................
......................................................
......................................................
......................................................
......................................................
......................................................
......................................................
......................................................
......................................................
......................................................
......................................................
......................................................
......................................................
......................................................
......................................................
......................................................
......................................................
......................................................
......................................................
......................................................
......................................................
......................................................
......................................................
......................................................
......................................................
......................................................
......................................................
......................................................
......................................................
......................................................
......................................................
......................................................
......................................................
......................................................
......................................................
......................................................
......................................................
......................................................
......................................................
......................................................
......................................................
......................................................
......................................................
......................................................
......................................................
......................................................
......................................................
......................................................
......................................................
......................................................
......................................................
......................................................
......................................................
......................................................
......................................................
......................................................

*** Life<ConwayCell> 52x39 ***

Generation = 0, Population = 145.
.........*...............*..*..........
.*..............................*......
..*...........*.......*.......*........
.*............................*........
..............**.........**............
..**....*..............*...............
...*....*..............................
.....*......................*.......*..
....*.............*..............*.....
..*.*.........*.................*......
.......................................
....*.......................*...*...*..
............*...................*......
....*.................*........*.......
...............*.....*...............*.
..*...*..............*.................
**.........*...*...........*..*........
.......*...............................
*.................................*..*.
............*...........**.............
....*............*...........**........
..*.*.....*........*...*...............
......................*..............*.
.......................................
.*.................*.....*....*........
......*......*................*..*.....
........*.................*....*..*....
...............*...................*...
*..*.......*...........................
.......................................
.......................................
....*..................................
.........*..........................*..
.........*.*......*....................
..*...............................*....
.*.........*.....*.....*.**............
.................*.................*...
.............*................*........
...........*...............*.*.*.......
.......................................
...........*..*........................
....*.............*............*.......
..............**.*.....................
........................*.....**.......
............*...........*..............
........*.......*...*..........*...*...
.....*.......*..........*.............*
........................*.....*........
...............*...*....*..*...........
...............*..........*....*.....*.
......................................*
...*...*.......................*.......

Generation = 1049, Population = 15.
.......................................
.......................................
.......................................
.......................................
.......................................
.......................................
.......................................
.......................................
.......................................
.......................................
.......................................
.......................................
.......................................
.......................................
.......................................
.*.....................................
*.*....................................
*.*....................................
.*.....................................
.......................................
.......................................
.......................................
.......................................
.......................................
.......................................
.......................................
.......................................
.......................................
.......................................
.......................................
.......................................
.......................................
..........*............................
..........*............................
..........*............................
.......................................
.......................................
.......................................
.......................................
.......................................
.......................................
.......................................
.......................................
.......................................
.......................................
.......................................
........................**.............
.......................*..*............
........................**.............
.......................................
.......................................
.......................................
