*** Life<FredkinCell> 44x50 ***

Generation = 0, Population = 13.
--------------------------------------------------
-----0--------------------------------------------
--------------------------------------------------
-----------------------------------0--------------
--------------------------------------------------
--------------------------------------------------
--------------------------------------------------
--------------------------------------------------
--------------------------------------------------
--------------------------------------------------
--------------------------------------------------
--------------------------------------------------
--------------------------------------------------
--------------------------------------------------
-------------0------------------------------------
--------------------------------------------------
--------------------------------------------------
-----------------------------0--------------------
------------------0-------------------------------
--------------------------------------------------
------------------------0-------------------------
--0------------------------0----------------------
--------------------------------------------------
---------------------------------0----------------
------------------------------------------------0-
---------------------0----------------------------
--------------------------------------------------
--------------------------------------------------
---------------------0----------------------------
--------------------------------------------------
--------------------------------------------------
--------------------------------------------------
--------------------------------------------------
-------------------------------0------------------
--------------------------------------------------
--------------------------------------------------
--------------------------------------------------
--------------------------------------------------
--------------------------------------------------
--------------------------------------------------
--------------------------------------------------
--------------------------------------------------
--------------------------------------------------
--------------------------------------------------

*** Life<FredkinCell> 57x33 ***

Generation = 0, Population = 15.
---------------------------------
---------------------------------
---------------------------------
---------------------------------
0--------------------------------
---------------------------------
--------------------0------------
---------------------------------
---------------------------------
-----------------0---------------
---------------------------------
---------------------------------
---------------------------------
---------------------------------
---------------------------------
---------------------------------
---------------------------------
---------------------------------
--------------------0------------
---------------------------------
-------------------------------0-
------0--------------------------
---------------------------------
---------------------------------
---------------------------------
--0-----------------------------0
---------------------------------
---------------0----0------------
0--------------------------------
---------------------------------
---------------------------------
---------------------------------
---------------------------------
---------------------------------
-0-------------------------------
----------------------------0----
---------------------------------
---------------------------------
---------------------------------
---------------------------------
---------------------------------
---------------------------------
---------------------------------
---------------------------------
---------------------------------
---------------------------------
---------------------------------
-0-------------------------------
---------------------------------
---------------------------------
---------------------------------
---------------------------------
---------------------------------
---------------------------------
---------------------------------
------0--------------------------
---------------------------------

*** Life<FredkinCell> 33x53 ***

Generation = 0, Population = 29.
-----------0-----------------------------------------
----------------------------------------------------0
0----------------------------------------------------
------------------------------0----------------------
------------------------------------------0----------
-----------------------------------------------------
-----------------------------------------------------
--------------0--------------------------------------
-----0-----------------------------------------------
-----------------------------------------------------
------------------------------0----------------------
-----------------------------------------------------
-----------------------------------------------------
-----------------------------------------------------
-------------0---------------------------------------
-0--0------------------------------------------------
---------------------------------------0-------------
---------------------------0-------------------------
----0-----------------------0---------------------0--
-------0--------------------0----0-------------------
-----------------------------------------------------
------0-----------------0----------------------------
-----------------------------------------------------
-------------------------0-------------------0-------
-----------------------------------------------------
----------0------------------------------------------
-----------------------------------------------------
-------------------------------------0---------------
-----------------------------------------------------
------------------------------------------------0----
--------0----------0-0-------------------------------
-----------------------------------------------------
-----------------------------------------------------

*** Life<FredkinCell> 46x54 ***

Generation = 0, Population = 11.
------------------------------------------------------
------------------------------------------------------
------------------------------------------------------
-----0------------------------------------------------
------------------------------------------------------
------------------------------------------------------
------------------------------------------------------
------------------------------------------------------
---------------0--------------------------------------
------------------------------------------------------
------------------------------------------------------
------------------------------------------------------
--------------------------------------------------0---
------------------------------------------------------
------------------------------------------------------
-------------------------0----------------------------
------------------------------------------------------
------------------------------------------------------
---------------------------0--------------------------
------------------------------------------------------
------------------------------------------------------
---------------------------------------------0--------
------------------------------------------------------
------------------------------------------------------
------------------------------------------------------
------------------------------------0-----------------
------------------------------------------------------
------------------------------------------------------
------------------------------------------------------
-----------------------------------------0------------
------------------------------------------------------
------------------------------------------------------
------------------------------------------------------
------------------------------------------------------
------------------------------------------------------
------------------------------------------------------
------------------------------------------------------
------------------------------------------------------
------------------------------------------------------
------------------------------------------------------
------------------------------------------------------
-----------------------------0------------------0-----
------------------------------------------------------
------------------------------------------------------
------------------------------------------------------
---------------------------------0--------------------

*** Life<FredkinCell> 58x54 ***

Generation = 0, Population = 10.
------------------------------------------------------
------------------------------------------------------
------------------------------------------------------
------------------------------------------------------
-------0----------------------------------------------
------------------------------------------------------
------------------------------------------------------
------------------------------------------------------
------------------------------------------------------
------------------------------------------------------
------------------------------------------------------
------------------------------------------------------
------------------------------------------------------
------------------------------------------------------
------------------------------------------------------
------------------------------------------------------
------------------------------------------------------
--------------------------0---------------------------
-----------0------------------------------------------
------------------------------------------------------
------------------------------------------------------
------------------------------------------------------
------------------------------------------------------
------------------------------------------------------
------------------------------------------------------
------------------------------------------------------
------------------------------------------------------
----------------0-------------------------------------
------------------------------------------------------
--------------------------------------------0---------
------------0-----------------------------------------
------------------------------------------------------
------------------------------------------------------
------------------------------------------------------
------------------------------------------------------
------------------------------------------------------
------------------------------------------------------
------------------------------------------------------
-----0------------------------------------------------
------------------------------------------------------
----------------------0-------------------------------
------------------------------------------------------
------------------------------------------------------
------------------------------------------------------
------------------------------------------------------
------------------------------------------------------
------------------------------------------------------
------------------------------------------------------
------------------------------------------------------
------------------------------------------------------
------------------------------------------------------
-------------------------------0----------------------
--------------------------------------0---------------
------------------------------------------------------
------------------------------------------------------
------------------------------------------------------
------------------------------------------------------
------------------------------------------------------

*** Life<FredkinCell> 46x32 ***

Generation = 0, Population = 26.
--------------------------------
--------------------------------
--------------------0-----------
--------------------------------
--------------------------------
----------------------0---------
--------------------------------
--------------------------------
-------------------------0------
--------------------------------
--------0-----------------------
---0----------------------------
--------------------------------
--------------------------------
-------------------------0------
--------------------------------
----------------0-----------0---
-------------0------------------
--------------------------------
----------------------------0---
--------------------------------
----0---0------------------0----
-----------0--------------------
-----------------------0--------
----------0----------------0----
--------------------------------
-------0------------------------
---------0--0-----------0-------
--------------------------------
--------------------------------
---0---------------0------------
--------------------------------
--------------0-----------------
--------------------------------
-----------------------0--------
----0---------------------------
--------------------------------
--------------------------------
--------------------------------
--------------------------------
--------------------------------
--------------------------------
--------------------------------
--------------------------------
--------------------------------
--------------------------------

*** Life<FredkinCell> 56x41 ***

Generation = 0, Population = 25.
----0------------------------------------
--------0--------------------------------
-----------------------------------------
-------------------0---------------------
------------0----------------------------
--------0--------------------------------
-----------------------------------------
-----0---------------------0-------------
-----------------------------------------
------------------------------------00---
-----------------------------------------
0----------------------------------------
-----------------------------------------
-------0------------0--------------------
-----------------------------------------
-----------------------------------------
----------------0-----0------------------
--------------------0------0-------------
-----------------------------------------
-----------------------------------------
--0--------------------------------------
-----------------------------------------
-----------------------------------------
-----------------------------------------
-----------------------------------------
-----------------------------------------
0----------------------------------------
-----------------------------------------
------0----------------------------------
-----------------------------------------
-----------------------------------------
-----------------------------------------
-----------------------------------------
-----------------------------------------
-----------------------------------------
-----------------------------------------
-----------------------------------------
-----------------------------------------
------0----------------------------------
-----------------------------------------
-----------------------------------------
-----------------------------------------
----------------0------------------------
--------------------------0--------------
-----------------------------------------
-----------------------------------------
--------0--------------------------------
-----------------------------------------
-----------------------------------------
-------------0-------------------0-------
-----------------------------------------
-----------------------------------------
-----------------------------------------
-----------------------------------------
-----------------------------------------
-----------------------------------------

*** Life<FredkinCell> 28x52 ***

Generation = 0, Population = 26.
-------------------------------0--------------------
----------------------------------------------------
-------------------------0--------------------------
----------------------------------------------------
---------------------------0----0-------------------
-0-------------------0------------------------------
----------------0-----------------------------------
-------------------0--------------------------------
----------------------------------0-----------------
--------0-----------0-------------------------------
---------0-----------0------------------------------
--------------------------------------------------0-
----------------------------------------------------
---------------------------0-----------0------------
----------------------------------------------------
----------------------------0-----------------------
----------------0-----------------------------------
----------------------------------------0-----------
-----------0--------------0-------------------------
------------------------------------0---------------
----------------------------------------------------
----------------------------------------------------
--0-------------------------------------------------
----------------------------------------------------
----------------------0-------0---------------------
----------------------------------------------------
-------------------------------------------------0--
----------------------------------------------------

Generation = 1841, Population = 705.
-+++-+-+++++-++--+-+---+++-++-+-+++--++++++-++++-+-+
++-+----+++-++++-----+++--+-+-++-+---+++++-+---+-+++
+-+--++--++-+++++----++-+++-++++----+++-+-+-+-++---+
-++---+-++-++-+-+-++-+-----++-+--+--+--+-----++-+++-
-+--+--+-+-+++-++-+--+-+-++--+-----++++--+--+--++--+
-+-+++-+-----++--+---++-+-+---+---++-+++----+-+--+--
+-++-+++++-++-+++--++--++-++----+--+-+++++---++---+-
---+-+----++++--+++-+--+--+--+++-+++--+++++++-+-+-+-
+-------+-++-+++--+-----++----+++---+++-+---++-+--+-
--+++---+++----+--++-------+-+---++--++++----+++++--
+++----++--+++---++-----+-+++---+++++--+++---+-+++-+
-+-+--++-++--+--++---+-----++-----++-+---++-++-+----
++----++--++-++-+-+-++---+++++--+--++-+-+-+++--++---
--+----++---+-+----++++++-+----+-------+++-+--+-+--+
--+-+-+++-+-+--+-++++-+-++-+++---+-++++--++++++-----
+-++++-++-+--++++--++-----+-++++--+++--+++----++-+--
-++--++-+++-+-+-+++-+++--+--+-++--+--++--+-+-+-----+
--+---++++++---+-+-+-+--++-+--++---+---+--++++----++
++++---+--++++---++-+++++++----+-+++--+-+-+++----+--
-+--+----+-+-------++-+++-++-+--++--+--+++----+++--+
---+--+-++++-+--+-+-++----+--++-+--+++--+-++-++--++-
-++---+-+--+++++---+-+++-++-+-+--+----++-+-+--++--++
-++-+--+-+-+---+-+-+---+---+-++---------+--------+--
+-++++--+-++--+--+-+-+-+-++------+++-+-+----++-----+
++----+++++++++---+++++-+++--++--+++--+++++-+++-+-+-
+--+++----+++-------++-----++++-++-+-+---++++-+--+++
----++-++++--+-+-++---+-+++-+----++++--+---+--++----
-++-++-++++--++-+++-----+-+----+--+-+--++---+---++-+

*** Life<FredkinCell> 33x32 ***

Generation = 0, Population = 28.
--------------------------------
--------------------------0-----
0-------------------------------
0----------------0--------------
---0-------0--------------------
----------0---------------------
--------------------------------
--------------------------------
--------------------------------
----------------------------0---
------0------------0------------
--------------------------------
-------------------0------------
------------------0-------------
--------------------------------
---------------------------0----
----------0------------------0-0
----------------------------0---
--------------------------------
----------------------0---------
-----------------0--------------
--0-----------------------------
-----------0------------------0-
--------------------------------
--------------------------------
-------------0------------------
--------------------------------
-----------------------------0--
--------------------------------
--0---------------0-------------
--------------------------0-----
---------------------------0----
--------------------------------

*** Life<FredkinCell> 31x44 ***

Generation = 0, Population = 13.
--------------------------------------------
--------------------------------------------
--------------------------------------------
--------------------------------------------
--------------------------------------------
--------------------------------------------
--------------------------------------------
--------------------------------------------
--------------------------------------------
-0------------------------------------------
--------------------------------------------
--------------------0--------0--------------
--------------------------------------------
--------------------------------------------
-------0------------------------------------
0-------------------------------------------
---------------------0----------------------
--------------------------------------------
--------------------------------------------
--------------------------------------------
---------------0----------------------------
--------------------------------------------
--------------------------------------------
--------------------------------------------
--------------------------------------------
--------------------------------------------
----------------------------0---0-----------
--------0-----------------------------------
-----------0--------------------------------
--------------------------------0--------0--
--------------------------------------------

*** Life<FredkinCell> 32x38 ***

Generation = 0, Population = 11.
------------------------0---------0---
--------------------------------------
--------------------------------------
------------------00------------------
--------------------------------------
--------------------------------------
-----------0-------0------------------
--0-----------------------------------
--------------------------------------
--------------------------------------
--------------------------------------
--------------------------------0-----
--------------------------------------
--------------------------------------
--------------------------------------
--------------------------------------
--------------------------------------
--------------------------------------
--------------------------------------
--------------------------------------
--------------------------------------
--------------------------------------
--------------------------------------
-----------------------0--------------
--------------------------------------
-----------------0-0------------------
--------------------------------------
--------------------------------------
--------------------------------------
--------------------------------------
--------------------------------------
--------------------------------------

*** Life<FredkinCell> 54x30 ***

Generation = 0, Population = 23.
------------------------------
-0----------------------------
------------------------------
-----------------------------0
------------------------------
------------------------------
------------------------------
------------------------------
------------------------------
------0-----------------------
------------------------------
------------------------------
------------------------------
------------------------------
------------------------------
------------------------------
------------------------------
------------------------------
-------------0----------------
--0-----------0---------------
------------------------------
------------------------------
------------------------------
------------------------------
------------------------------
----00------------------------
-----------0------------------
-----------------------------0
------------------------------
-----------0------------------
------------------0-----------
------------------------------
--------------------0-------0-
----------0-------------------
------------------------------
-0----------------------------
------------------------------
-----------0------------------
------------------------------
------------------------------
------------------------------
---00-------------------------
------------------------------
------------------------------
------------------0-----------
------------------------------
------------------------------
------------------------------
------------------------------
----------0-------------------
----------------0-------------
------------------------------
------------------------------
----------------------------0-

*** Life<FredkinCell> 31x27 ***

Generation = 0, Population = 13.
---------------------------
---------------------------
---0-----------------------
--------------0------------
---------------------------
-------0---------------0---
---------------------------
---------------------------
---------------------0-----
---------------------------
---------------------------
---------------------------
--------------0------------
--------0------------------
---------------------------
---------------------------
---0-----------------------
---------------------------
---------------------------
--------------------0------
---------------------------
0--------------------------
---------------------------
---------------------------
---------------------------
-0-------------------------
---------------------------
---------------------------
---0-------------------0---
---------------------------
---------------------------

*** Life<FredkinCell> 46x25 ***

Generation = 0, Population = 25.
-------------------------
-------------------------
-------------------------
-------------------------
--------0----------------
-------------------------
-------------------------
-------------------------
-------------------------
-------------------------
-0-----0-----------------
-------------------------
----------------0--------
-------------------------
-------------0-----------
-------------------------
------------------0------
-----------0-------------
------------------0------
-----------0-------------
-------------------------
----------------0--------
---------------0---------
-------------------------
-------------------------
-------------------------
-------------------------
----------------------0--
-------------------------
----------0--------------
----0--------------------
-------------------------
---------------------0---
-------------------------
--------------0----------
-------------------0-----
------------0------0-----
-------------------------
----------------------0--
-------------------0-----
-------------------------
-------------------------
--------------------0----
---------------00--------
---------------0---------
-------------------------

*** Life<FredkinCell> 30x51 ***

Generation = 0, Population = 29.
----------------------------------------------0----
---------------------------------------------------
--------------------------------------------------0
-------------------------------0-------------------
---------------------------------------------------
---00---------------------------------------0------
------------------------0--------------------------
------------------------------------------------0--
---------------------------------------------------
------------------------0--------------------------
---------------------------------------------------
---0-----------------0-----------------------------
--------------------------------------------0------
-0---------------------------------------0---------
---------------------00----------------------------
----------------------------------------0----------
---------------------------------------------------
---------------------------------------------------
---------------------0-----------------------------
---------------------------------------------------
-------------------------------------------0-------
-------------0-------------------------------------
-------------0---------------------0----------0----
-----------------------0---------------------------
----------------0----------------------------------
---------------------0-----------------0-----0-----
---------------------------------------------------
---------------------------------------------------
----------------------0----------------------------
---------------------------------------------------

Generation = 811, Population = 734.
-++++-++---++--+-++--+++--+--+----+----+++--+---+-+
+++++-++-++++---+--++++++++++--+-----+-+----+-+-++-
++-+----++-+----+-------+------+--+++--+----++--+++
++-++-+--+++---+----+++-++--+----++++++-----++-++--
++-++++-+--+-+--+---+--+--+--++-+-+---++-+---+---++
-+++--++-+--+------+-++-+----+--++++++--+-+------+-
+-+++--++++---+--+--+++----+-++++--++-+-+--++---+--
----+++---+++---+--+-+-++++-++-+-+-+------++-+-++--
+---++-++-+-++++--++-+-++-+++---++++-++-++-+--+---+
+-+++--++++--+------++-+--+----+++++---+++++++-+-++
------+++++-----++-+--+++-+++--+--++-++-+++--++-++-
-++---+-++++--+-++---+--+-++-+-+------++--+----+---
++-+-++-+--++-++-+---++--+-+----+------+++-+-+-+-++
++------+++-+++-+-+-++-+---+---+-++++------+-++-+--
-+-++-+++-++---+---++-+-+-----++--++--+-+--+++-+-++
---+---+-++++--+-+++-++-+-+-+-+--+++--+-+-+--+----+
--+-++------+++-++-+-++--++--+-----++-+--+--+-+---+
--++-+++++---+--+---+---+----++-+-++----+---+-++--+
-+++-+-+-+-++-++++++++---++--+++++-+-++++-+-++-+-+-
+-+-++----+-++-++-++--+-++++--+-+--+--+++-+--+-+-+-
-+-++++--+--++-+--+-++++-++--+++---+-+--+++--+--++-
-----++++-++---+-+--++-+--+++------++++-++-+--+---+
-+-----+--++++----++----++-++----++--+---++-+-+-+--
++-----+++++-++----++++--+++-++-++++--+-+-++-++--++
-+--+++++----++-++---+-+-+-+++-+-+-----++++-----+++
-++++-+-+++-----+--++-++-++-+--++-+--+---++-+--++-+
--+-++++-+-++--+------+-+-++--++--++--+++++-+-++-+-
+++--+-------+-+++-++-+-+--+-++---++-++-+---+----+-
+-+-+-+-++-+---+-+++--+-----+----++---+---+--+--+--
---++--++-+++-----+-++-+-+-++++-+-+-+++-+-++-+-++++

Generation = 1622, Population = 741.
++-+-+++++++-++--+--+++++++++-++-+-+--+--+-+++-+---
-+--+-++--++----+----++--+--+++-+++-+-+++-++-+---++
+-+-++++++------++--+--+--++-++----++-++---+-+--+++
-+-+----+-+--++-+-+++++---++++++++-++-++-------+-+-
-+++++-+++-++-++---+--++-+-++------+++---+++-+-++--
-+-++----+---++--+-------+++++---++-----+-+-----+-+
++-+---++++++----++---+-+--+-+--+-+--+-+-+-++-+++-+
-+--+++++--++++-+-+++++-++-+-++--+----++-+-----++-+
++--+---------+---++++-++-+----++-++-+---++-++-++++
++-+--++-++-+--+--++----------++++--++--++-+--++++-
-+--++-+-++-+---+++-++++-+--++--+--+---+---+-+-++-+
+-+++++--+++--+-----++---+---+-+++++-+-+--+---+-+--
++++-----------+----++++++------++----+---++-+--++-
+-+++--++++++-++++--+++-----+--++++--++++---+++----
-------++--+--+--+++-+++++++++++-+--++-++-+-++++-+-
++---+-++++++-++--++----+++-----+++-++--+++-+-+++-+
-++--+--++---++-+++-++++++++-++----++++++--+--+----
--+--+---+++-+-++-+--+----++-++-++---+---+---++---+
-+++--++-+-+-+---+--++++-++-++---+---++-+++---+++--
+-+----++++--+--+--+-++-+-+-+---+---+---+++++-+++-+
----++++-+-+--+--+--++-+---+-+-----+--+++--++-+---+
+---+++--+-+------++--+-+++---+++++-+--+-+------+-+
-----++++--+--++----++------+-++---++-+-----+-+++--
+--++--++--+--+--+--+---+--+---+-----+++----+-+-+--
+----+----+-+++----+-++-----++--+++--+++-++-++--+-+
-+--+---+--+-+---++++-+-++-++++--+--++-++--++-++++-
+-----+---+++-+----+-+-+----+++++--+--+--+-++-+-++-
-+---+++-++++---++---+---+---++-+---+-+-+--+++++++-
+++--+--+++++++--+---+-+---++++++--+--+-+---++-+-+-
-+-+++++++--+-++----++--------+-++-+-+-++-+-+++++-+

*** Life<FredkinCell> 59x49 ***

Generation = 0, Population = 24.
-------------------------------------------0-----
-------------------------------------------------
-------------------------------------------------
-------------0-----------------------------------
-------------------------0-----------------------
-------------------------------------------------
-------------------------------------------------
-------------------------------------------------
-------------------------------------------0-----
-------------------------------------------------
-------------------------------------------------
-------------------------------------------------
0------------------------------------------------
-------------------------------------------------
-------------------------------------------------
-------------------------------------------------
--0----------------------------------------------
-------------------------------------------------
----------------------0--------------------------
-------------------------------------------------
-------------------------------------------------
---------------------------------0---------------
-------------------------------------------------
----------0--------------------------------------
-----------0-------------------------------------
-------------------------------------------------
----------0--------------------------------------
0----------0-------------------------------------
-------------------------------------------------
-------------------------------------------------
-----------------0-------------------------------
-------------------------------------------------
-------------------------------------------------
----------------------0--------------------------
-------------------------------------------------
-------------------------------------------------
-----------------------0-------------------------
-------------------------------------------------
-------------------------------------------------
-----------------------0-------------------------
--------------00---------------------------------
-------------------------------------------------
---------------------------0---------------------
-------------------------------------------------
-------------------------------------------------
-------------------------------------------------
-------------------------------------------------
-------------------------------------------------
--0----------------------------------------------
-------------------------------------------------
-------------------------------------------------
---------------------------0---------------------
-------------------------------------------------
-------------------------------------------------
-------------------------------------------------
------------------0------------------------------
-------------------------------------------------
-------------------------------------------------
--------------0----------------------------------

*** Life<FredkinCell> 41x48 ***

Generation = 0, Population = 11.
------------------------------------------------
------------------------------------------------
------------------------------------------------
------------------------------------------------
--------------------------------------0---------
------------------------------------------------
------------------------------------------------
------0------------------0----------------------
------------------------------------------------
------------------------------------------------
----------------------------------------------0-
------------------------------------------------
--------------------------0---------------------
------------------------------------------------
-----------------0------------------------------
------------------------------------------------
------------------------------------------------
------------------------------------------------
------------------------------------------------
------------------------------------------------
------------------------------------------------
---------------0--------------------------------
------------------------------------------------
------------------------------------------------
-----------------------------------0------------
------------------------------------------------
------------------------------------------------
------------------------------------------------
------------------------------------------------
--------------0---------------------------------
------------------------------------------------
------------------------------------------------
------------------------------------------------
------------------------------------------------
------------------------------------------------
--------------------------0---------------------
------------------------------------------0-----
------------------------------------------------
------------------------------------------------
------------------------------------------------
------------------------------------------------

*** Life<FredkinCell> 60x51 ***

Generation = 0, Population = 28.
-----------0---------------------------------------
---------------------------------------------------
--------------------------0------------------------
---------------------------------------------------
---------------------------------------------------
---------------------------------------------------
---------------------------------------------------
---------------------------------------------------
---------------------------------------------------
---------------------------------------------------
-----------------------------------------0---------
---------------------------------------------------
---------------------------------------------------
---------------------------------------------------
---------------------------------------------------
--------------------------------------------0------
------------------0--------------------------------
---------------------------------------------------
--------------0----0-------------------------------
---------------------------------------------------
---------------------------------------------------
---------------------------------------------------
---------------------------------------------------
-------------------------------------------0-------
------------------------0--------------------------
---------------------------------------------------
---------------------0-----------------------------
---------------------------------------------------
----------------------------------0----------------
---------------------------------------------------
---------------------------------------------------
---------------------------------------------------
---------------------------------------------------
-----------------0---------------0-----------------
---------------------------------------------------
---------------------------------------------------
---------------------------------------------------
---------------------------------------------------
0--------------------------------------------------
---------------------------------------------------
---------------------------------------------------
---------------------------------------------------
----------------------------0----------------------
---------------------------------------------------
-------------------------0-------------------------
---------------------------------------------------
--------------------------0------------------------
--------------------------0------------------------
0-------0-----------------0------------------------
-------------------------------------------0-------
-----0---------------------------------------------
--------------------------------0-------0----------
---------------------------------------------------
---------------------------------------------------
-------------------------------------------0-------
---------------------------------------------------
---------------------------------------------------
---------------------------------------------------
-------------------------0-------------------------
-------------------------------0-------------------

Generation = 308, Population = 1254.
-+--++--++--++--+----+++++-+-+----+-+----++--+-+--+
---+-------+-+-+---------------+---+-+-----+-------
--+----++-++-++-++--+++-+-+---++++++----+-+--+----+
+-+---++--+----++-+-----+-+-----+--+--+-+--+----+--
+++-++-++--+--+-++++-++++-++++---+-++++--+-++-+-+++
-+-+-----+-+-----+-----+--------++-----+++-+---+-+-
+++++-+++--+---+-+++-++++--+++-++-++---+--+-+-+++--
--++--+-----+--+------++---+---+-----------+---+---
-+++---+---------++-+--+---+--+-+--+--+-------+---+
-+---+-------+-+-------+--+++--------+-+----++-+-+-
--+++-+++-++++----+++++---+-+-++-------+-+--++--+--
----+------++---+------++--+---+---+---+---++-+-+-+
-+-+-++-+++-+---+++-+++-+-++++---++--+-+-+++----+++
-+-+-----------+---+--+-------+-+------++--+-----+-
---++-+++-+++-++-++++-+--++--+-+--++-+-+--+-+-+++++
+--++-+-+--++--++--+--++---++---------+-+-----+----
+++-+-+--++++-+---++-+--+-+--++++++++-+++---+-+++++
------+--------+---+-+++--++-+-+-----------+-------
+----+-+-+----+---++++-+++-++---------+-++--+-+-++-
--++---++-++----+-++------++--++--++--+-+-+-+--++-+
-+--+-++--++-++--+-+-+++---+-+-+-+-+--+-++-+-+----+
--++---+--++----+-+++--++-+++----------+------+-+--
--+-++-+---+--+-------+-+-++----------++----+-+++-+
----+-+++--------+----+---+++--+-+-+--+------------
---+-+++---+++--+--+++---++-++++-+-+--++-+-++---+++
------++--++++--+-----+----++--++--+-+-+----+------
--+-+-------+--+--++-+--+++----+-++-++---+-+----+-+
--+---+++-+--+-++--+-+--+----++-+-++-+-++--+----+-+
++++---+++---++-+--++----+-++++-+--++++---++-+-+++-
------+-------+-+--++--++---+--++--+--+-+------++--
---++-+++---+++++-+--+++-+--+---++--+---------+-+-+
+-++--+++-+-+-+--+--+-+-+---+-++-+-----+----+-+----
++---+--++---+-+--++-+---+++-+++++++---+--++---+--+
---+--+++-++-+--------+---+++--+-----+++--+-+--+---
+--+---+-+---+-+-----+---++---++-+------+-+---+---+
----+-------+++-+-+-+++++-+-++-----+-+----+++------
-++-+++++---+--+-++-+----+++-++-+-+-----+--++-+-+-+
+-++----+-++-----+++--++--++-----++++-++--+++--+---
--+++++-++-+++++----+--+-++++++-----++--+-+++---+--
-++++-++++-+-----++++-+++-+++--+-+----+--++----+++-
-+-+-+---+++-+++-+-----++--++-+-+++------+------++-
+-+++-+++--++---+--+-+++--+-++--+-----+---+-+---+--
+---++++-+++++-------+-+---++----+++-+++++-----+---
-+-+-++++--+-------+--+++-++--+-+-+++-+----++++--+-
----++-++-+-+++-+--+-+++-----+-++-++++---+++-+-----
---++--+---++---++----+-+------+++-++-+++---+-+++--
++++---+++---++-+--++----+--+-+---++---+--+-+-+---+
-++---+++----------+---++--++-----------+-++-----+-
---++-----+-+----+------+--+---+-+--+++-----++-++-+
----+-+++-+-++-+---+--+++-+-+--------+++----+---+--
-+---++-+--+--+++-++++----+-++-+---++-+--+++--++---
+++-++-++-+-+--+--+-+-++------++---++--+--++++-+-++
--+---------+-+---+-+++---+-++-----+----++-+----+-+
--+-+--+-++-+-++-+++--++--++---+-+++--++-+--+-++---
+++-+-+-+--++-------+--++++++-+++-+-+--+-+--+-+++--
-++++++++-+-++------+-+++---+---+----++-+-++++-+++-
+---+-+-----+----++-+---+---+---++--+-+-------+-+--
--++--+++-+-++--+-+-+-+++-+-+--++----+-----++------
-+-+-+++++-------++-++-++----+----++-+--+-+-+-+++--
+--+----++-+--++-+-++-++----+-++++----+-++++--+-+-+

Generation = 616, Population = 1135.
++-+-++-+--------++-+++----++-+--+--+-----+++++--+-
++++-++++---++--++++-++++--+-++++++--++-+----+++++-
++-++-+---++--+-+++-+-+-+++-+++-+-+-++---++-+-+-+++
------+++------++-----+++-------------+-------+-+--
++++-------+-+--++++-+----+--++-+++--+-------++-+--
++--+----------++-------+-++--++---+----------++++-
--+-++---+--+---+-++--+---+++-+-++-+-+----++-+---+-
-+-----------------+---------------+-------------+-
++---++-+-+++-+--+--+---++-+-+--+-+-+-+----++-+-+-+
+--+----+-+------+--+--+--++--++++--+-+++---+--+---
++--++---+++----++++-----++++++-+-+--+------+-+-++-
+------+---------------+------+++-------+------+---
+---+++-+++-----+-+++-+----++-----+-+++-+---++-----
-++--+-+---+++--++++-+--+--+-+--+++--+-++----++-++-
-++-+++-+-+-+----+-+-+--+++++---+++-+---++++++-----
--++-----+--+-----+--+-------+----+-+----+-+------+
++-++++-----++---+-+-+--++---+--+++-+-+--++++-+-+--
++++-++-++--++--++-+-++-+---++++++--++++++-++++-+++
+-+---+-++--+++-+-+---+-+-++-++-+++-------+-+-+-+--
+--------------++-------+-----+--------+------+++--
-+----+---+++---++-+----+-++++--+-++-++-++--+++-+--
-+-++-+-+-+----+------+--------++--+--+-+-+----+-+-
-++++-----+++----+--+---++-+--+--+---++-++++-+--+--
-+-+++----+--+-----++------+---------+------++---+-
-++++---++--+-+-+++-++---+---++-+++-+-+-----+-+--+-
+--++---+-------++-----++-----++-+-++-++---++-+++--
++++++---++-++------++----+-+---+----+---+-++-----+
+------++--------+-----+------++-+----+--------+---
+++-+-----------+--+-+--+-+--+---++-++---++--++-+--
-+---+-+---+-+--+++-----+--+----+++--+-++----++-++-
+--+-+----+-++--++--++--+-+-+++-++----+-----++--+--
-+-------+--+-----+---------------++-----+-+-----++
+++--+---+--+++-+-+-++-------------+----+++++++----
-+++-+------++-+-+---+--+---++--++-+++-++--+++-++++
+-+-+++--++-+-+-++----+--+-++++-+--+--+-+----++-++-
+--------+-----++-------------+++------+++----++---
--+++-+----+-+--+-+++---+-++++--+----++-+-+-+++-+-+
---+--+-+------------++---+--+-++-----+-+----------
+-++-+---++-+++---+-+++-+--+-++--+-+----+++-+-+-+--
-+--++----++-+-----+++-----+-+-----+-+------++---+-
--++-++-+-+++----++++---+--+-----++-+-+---+-+------
----+-------+----+--+--+---++---++++---++-++------+
--+-+---+--+++----+-+----++-+---+++---------++-----
+------++-------++------+-----+-++----+++--+--+-+--
++--+-----++++--+-++-+--++++-+--++-+++--+++--++-+-+
-+-----+---+-+---++----+---------++--+-----+-----+-
--++----+--+-++-+---+++-++-+-+---+-++-+-+-+-++--+-+
-+++------------------------+------++-------+----+-
-+++--+---+--+--+-+-+-+--+--+-+-----+-----+-+-----+
-+--++---+-+-+---+--++--+-+-++-+++--++--++++++--+++
--+------++++-+---+-++--+-+-+-+-++---++---+--+--+--
------+-++------------+-+----------+--+--+------+--
-++-+----+--++----+-+----++--+-----+-+---++--+----+
------+-+------------++---+--+--+--+--+-+----------
+-+-+++-++-++-+--+-+-----++--++-+-+--++-+---++--+++
-+--++-----+-+---+--++----++++-+-+-+++----+-++---++
+-+-+++-+--+-----+--+-+--+++--+--++-+---+-----+-+-+
---+--------+----+-----+---+----+++-+--++--++------
----++--++--+---++++-+----+-+-+-+-+-+-+--+--+---+--
-------+-----+---+-----+---------+---+-----+-------

Generation = 924, Population = 1507.
-------+---+-++--+-+-++-------+-+----++++---++-+---
++++++-+++++++-+-++--++---++++-+-+-+-++++++--+-+++-
-+--+++-+-++-+++-+-+-++-+-+++--++--+-+-+---+-+--+++
+--++-+--++-+--++-++---++-++---++--++---++++--+-+--
--++-+++--+---+++--++++++-+----+++-+++++--++-++-+++
+++--+++-+--++-+----+-------+-+-+----++-+++-++-+-+-
+---------+-+-------++--+--+--+-++--+++++-+-++---+-
--+-+++------+-+--+-+-----+-------++++++---+++-----
+-++-++---+--++++++--+-+--+--+-+-++----+++-------++
-+-+++++-+-++--+--++-++------+-++--------+--++++-++
-----+---+-++-+++++-+-++--+-+---+--++--+---+-++-++-
--+-+++++-++--++----+-+++-----+-+--+--+----++++-+--
-+++--+---++-+++---++--+----++++-+--+--+-+++-------
++++-+-++-----+-+--+---+---+---+--+----++-++-+++-++
-+-+-+-++----+++++-++----+++---++-+--+-++++-+-++-+-
-+---+++++-++++++---+---+------+--+--++-++---+-+++-
+--+----+-++---+-++++---+++-+-++----+++----++++++--
++-+++---+---+--+--++++-+----++++-+-++-+-+--++---+-
--++--++--+---+--++-+-++++++---++-+----+---++++-++-
--+++--+++-+++++++++---++--++----+---+++++---------
+++++----++++-++-+-+++----+----++++++++-++++-+-+++-
-+++++-+----+++---++----+-----+++--++++++---+++++++
++----+-++++-+++-++++-+++-+-+++-+----+---++--++--++
-+-+++-++--++--+--++--+----++---+-+---+++-++++-+++-
+-+-+---+-++--+++++-+-++-+-++---++-+----++-+--+-+--
-++-+-+--+-++-+----++--+---+----+--+---++++---+-++-
+-+--+--+++-+++--+--+---+--++-++-+++-++++-++-++--++
+-++-+--+--+-+-+----+-++--++--+++---+++---+--++++-+
-++-+--+--++++-----+-+++---+++-++-----+-+---+-+-+++
-+-++-+--+-+--++-+-+-+-----+++++++--+--+++++---++++
--+-++---+++-+++-----++-+-+-++--+++++---+--+---++++
++-++-++-+++++-++++++--+--++--+-++-+-++-++-++--+++-
-------++--++--+-+--+--+-++--+-+-+++-+------+---++-
+--++++++-+---+--+++++-++-+-++--+++---+---+-++++--+
++--++-+++-+++++----+---++-+++--++-+++-+++++-+++-++
--++--+++-+-++-----+--+++---+--++---+++++-----+----
--------++-++--++-+++-++++-++----++++-++--+++-+--++
+-+------+++--++-+++-+-+----++++++-++-+-++--+-+++-+
-+--++-++--++++----+++++-++-+---+--++++-++-+----+-+
-++---+-+-+++-+--+-+-+--+----+++++----+----+---++++
-+-++-+----++-++---+---++---+--++++-++---+-+--++++-
--+--++++--+-+++-++-+++---++++--++++-++---+-++-+--+
--+--+--+---++++-+--+++++--+--++---+++-++-+++-+-+-+
+---+--+-+-++-++-+-+-------++--+-++-+-++-+++--++--+
++-+-+--+-+----++++-+++-+-+--++----++++-+--+-++++++
----++++---++---+++-------+---+-++--+-+++-+++++-+-+
+------+---++---++-+--+--+++-+---++-+----++---++-+-
+++---+-++--++++-+++----+------+++++-++-++++--++++-
--+-+--++++-++-+--+++--+--+++++--+--+---+-++----+--
++++----+--+-+-+--+--+--+--+-+++-----+--------+-+++
++--+--+++++-+++-+--++-++-------+--+-+-+++---+--+++
-+--+-+--++-++---++-+-+-----+-+--+--++-+-++-+-++-++
-+--++---++--+--++++-++-++--++++-++----+++---++---+
-++++++------++-+--+----+--++--+--+--++------+-++++
-++--+----++++-+----+-+---+---++-+--++++-++--+++++-
---+-+-+++--++++-+--+++-+----+--++++++-+++-+-++-+-+
++----++-++---+--++--+--+++-+------++++---+-+++----
++-----+-++----+-----+++----++-+------+-+++-+----+-
-+-------+--+++-++++-+++--+------+++-+++++++-++--++
---+-+-+----+--++-+----+--+-+---+--++---+-++-++---+

Generation = 1232, Population = 1160.
+-++----++++-+---++--+--+---++---+------++-+----++-
---+--+-++-------+---++-+----+---+----+--+-+---++--
++++++----++++--+---+----+-++-+-++-+++----+-+------
---+++-----++----+-+-+-----+-+--++-++---+---++-+---
----+-+----+++--+-+-+-+-+-++----+--+--+--+-+----+++
+---+-+++---+---+-----++------+-+-+---+-+-----+---+
++--+---++-+----+--++---+++---+-+-+++-+-+++-++---++
-+-------+-+-+-------+-+-----+-+-----+-+-+-+-----+-
++-+-++-----+++--++--+--+----+---+++++---++-++---++
+------++-+---------+-------+-+++-+---+++-+-------+
+----+---+---+-----++----++--++--+--+-+--+++++--+++
++-+-++-+++--+--++-+-++----+++++++---++-++-+-++--+-
----+----+++--+--+-+----+--+-+--+-+-+-+--++++-+-+--
+-----+----+-------+--+-------+++--+----+----------
+++-----------+--++++-+---+++-+----+-+---+--+++-+++
------+-+-+-----+-----+-----+---------+-------+----
+----++--+-+----+-+++-+-+++-+-+--+-+-+---+-++++-+++
-+---++-+--+-+---+---++------+-+-+---+++-----+---+-
+++++---+-++++----+-+---+--++----+----+-+++++++--++
++++-++-++++-+---+-++++-+---++++++---+++++++-+--+++
-+-+----+++--+----+-+++---++++--+++-+++-++-+----+-+
--+----+----+----++-+-----------+++-+---+----------
-+-++++------++--+-+-+--+++--++--+--+----+-+-+---++
-+-----+-+---+-+-----+-------+-------+---+-----+-+-
+--++-+--++++-+-+---+----+-+-+---+-+--+-++---++-++-
+---+-+-+---+--++-+---+-------+-+-+-+-+-+---+-++---
+-+-++----+--++-++----+---+++---++-++----++-+-+-+++
++---+--+----+-+----------++--+-+--+-++-+---++---+-
-+----+---++-+--+-++--+---+---+--+-+--+-+-+--++-+--
-+-+--+-++-+---+-----++-+--+-+-----+--+--+-+----++-
---++-+-+----++-++++-++--+-+-+--+--+--+----++++-++-
+---+-+---------------+-------+-------------+------
+-+-+---+++--+---+-------+-+++---+------+---++--+-+
-+---+-----+-+--+--+----+--+-------+-+-------+++++-
-++-----+---+++--+++--+--+-+-++--+-++++-+++--+---++
-+--++-------+----+--+----++-+--+---++--+---++-+-+-
+++++++-+++++-+-+++-++----+------++-++---+--+-----+
+++---+++---+----++-+-+++---+-+-+++-+-+-+--+----+++
-+++-++-++-+++--+--+--+---++-+----+-++--+--++-+-++-
-+---+-+---+-+---+-----+-------+++---+--+--+-+---+-
+--+-++--+++++--++++-++-+++++++-+--+-+----+++---+-+
+-+-----+-----------+-------+-+++-----+-+---------+
-++--++--+-+++---+++--+-+---------+-------------++-
++-+--+-+-+--+--++----+-------++++-+-++-+-+---+--+-
---++-----+---+--+-+-+-------+-----+--+---+-+---++-
++-+---------+--+-------+--+--+++----+--+--+--+-++-
-----+----++-+--+-+-++--+---++--+++---+---+++----++
------+-+-------+-----+-----+--+------+---+---+----
+++--+---++--++----++++--++-+-+-+-+-+-----++++--+--
---+-+-----+-------+-+-----+-+--+--+---++----+-----
-+--+-+-++-++-+-+++-++---++-+-+-++-+----++--+++--++
++----+-+-+-----++----+-----+-+++++---+++--+--+--++
+++++-+-+--+--+-++-+++--++---+---+--++---+--++----+
--+-+--+----+----++----+---+----+++-----+--+---+--+
-++++-+--+-++-+---++--+-++++-++-+---+-+---++++--+++
---+-+-+-----+-+++-+---++--+-----+-+-+-------++-+--
+---+------+---------++-+----+---++++----+--+----+-
+---+-------+--++-------+-+---+-------------+-+++--
-+--++--+---+++--++---+-+++--++-+--+-++-++-+++---++
+--+----++-+-----+-+-+----+--++-++----+-++-----+---

Generation = 1540, Population = 889.
+--+++---++--++--+-+++++-++-+--+-+-+-+-+---++------
----------------------+---+-+-+++--+---++---+------
+-++----+--+-++-+-++-+--+++-++---++--++-++----+-+--
--------------------+-------+-------------+-+-----+
--++++-+--++--++--++-+++-+---++++-++--+-------+++--
-+------------------------+----++--+----+--------+-
-++--++------++--++--++-+-+---+++++---++---------++
-----------------------+-------+------++------+----
+-+++-----+-+-+---++++---+---++---+++----+-+-+----+
-+---+---+-------------+---+-------+---+-+---+---+-
+---+---------+-+++---------+-----++-----+---+---+-
-----------------+-++-------+----++-+-----+++-----+
----+-+-+-+--------------++----------+---+++-+---+-
-+---+-------+-----+-------+---+---+-+-----+-+---+-
+-+++-+-+-++-+----+-+++---++++-----+--+---+++----+-
-------------+--+----+-++----+++-----+++------+-+--
+----++-+++--++-------+--++--++---+---++--+--+++---
---------+-------------++-------+------+++-+----+--
-++++------++++++++--++++-++--+--++---+-+-----+++--
----------+------+-++-------+----++-+-----+-+-----+
++-++++----+-+--+++--++--+++-+--+++--+-----+-++-+--
------------------+-+------+------+----+---+---+--+
--++----+-++++++--+-++++---+-+-+--+++------++++----
------+-------+++------++-------------+---------+--
--+-++---+++++-+-++-+--+-+-+-+++-++-+----+----+---+
--------------+-------+++-----+++-----+++--+---++--
++-+--+-+--+--+-+--++-----+--+--++--+----++---+--+-
----------+-+------+----------------+-------------+
--++--++---+-+-++-+--++++-++-+++--+--++-+-+---+----
-----+------------+--------+------+--------+++-----
-+---+--+----++++----++-+++--++++-+-----+-+--------
---------------++-------+------+---------------+---
--+-+-+---++--+--+--------+++-------------+-+----+-
-+-------+-----+-+-------------+-+------++-----+++-
--+-+++-++--+++----++-+-++++--------+----+-------+-
---------+-+-------+-------++------++----++++-----+
+-+--------------------------+----+--+-------+---+-
-----+-----+-+-----+-+-----+-+-----+-+-----+++-----
+-++-++-+++-+++---++-+----+++++---+++--------+----+
-----+-------+-+--------+------++----++-+----++++--
++----+-------+--++--++---+---+---+---+---+--------
---------------+++------+------+++------+-----+++--
+--+++++--+--+-++--+-++-++---++-+-----+++-----+-+-+
--+------+--------+---------+-----+------++++-----+
-+-+-+--+-++-++-++-+-++-+++--+-------+--+-+--++--++
----------+-+------+------+--------+---------------
---++-++--++---+-+++-+-+--+++++--+-++++---+---+-+-+
+-----+-+-----+-+-----+-+-----+-+------++------+---
++--+----+----+--+++-+-+-++-+----+--+----++-+---+++
------+-------+++-----+++-----+++-----+++-------+--
--++---+-+-++--+------+-+-++++----+------+--+-+---+
--+-+-------------+------------------------++-----+
--++-+--+-++-++++--+-++++----+----+--++-+-+--++-+-+
-+--------+--------+------+--------++-----+------++
+-+--+-++--+-+-------++-+----+-++-+--+--+-+-----+--
-------++-------+------++-------+-----++------++---
------+--+--------++--+--++---+---+------+--------+
-+---+-+---------------+--------+------++----+++++-
+-+-+++---++-++-++-++++----++---------------+------
-+-+-------+-------+-------+-------++-------+----++

*** Life<FredkinCell> 58x60 ***

Generation = 0, Population = 11.
------------------------------------------------------------
------------------------------------------------------------
------------------------------------------------------------
------------------------------------------------------------
------------------------------------------------------------
------------------------------------------------------------
------------------------------------------------------------
------------------------------------------------------------
------------------------------------------------------------
------------------------------------------------------------
----------0-------------------------------------------------
-------0----------------------------------------------------
------------------------------------------------------------
---------------------------------------------------0--------
------------------------------------------------------------
------------------------------------------------------------
------------------------------------------------------------
------------------------------------------------------------
------------------------------------------------------------
------------------------------------------------------------
------------------------------------------------------------
------------------------------------------------------------
---------0--------------------------------------------------
------------------------------------------------------------
------------------------------------------------------------
------------------------------------------------------------
-------0----------------------------------------------------
------------------------------------------------------------
------------------------------------------------------------
------------------------------------------------------------
------------------------------------------------------------
--0---------------------------------------------------------
------------------------------------------------------------
------------------------------------------------------------
------------------------------------------------------------
------------------------------------------------------------
------------------------------------------------------------
------------------------------------------------------------
------------------------------------------------------------
------------------------------------------------------------
------------------------------------------------------------
------------------------------------------------------------
-------------------------------------------------------0----
------------------------0-----------------------------------
------------------------------------------------------------
------------------------------------------------0-----------
------------------------------------------------------------
------------------------------------------------------------
------------------------------------------------------------
------------------------------------------------------------
---------------------------------------------0--------------
------------------------------------------------------------
------------------------------------------------------------
------------------------------------------------------------
------------------------------------------------------------
------------------------------------------------------------
------------------------------------------------------------
-----------------------------------------0------------------

*** Life<FredkinCell> 50x27 ***

Generation = 0, Population = 15.
---------------------------
---------------------------
---------------------------
---------------------------
-0-------------------------
---------------------------
---------------------------
---------------------------
---------------------------
---------------------0-----
------0--------------------
---------------------------
------------------0-----0--
--------------0------------
---------------------------
--0------------------------
---------------------------
---------------------------
-----------0---------------
----0----------------------
---------------------------
---------------------------
---------------------------
---------------------------
---------------------------
---------------------------
---0-----------------------
0--------------------------
---------------------------
---------------------------
---------------------------
---------------------------
---------------------------
---------------------------
---------------------------
---------------------------
--------------------0------
---------------------------
---------------------------
---------------------------
---------------------------
-----------------0---------
---------------------------
---------------------------
---------------------------
---------------------------
0--------------------------
---------------------------
---------------------------
----------------------0----
