*** Life<FredkinCell> 6x54 ***

Generation = 0, Population = 71.
----0--0-----0--00-------0-0------0----0-0---0-0------
-00-------000--0--0---0-0---------0--0--0----0----00--
--------0-----------0------0--0--0----0--------------0
--0--00-00-00-0------0-------0--0-0------0----00---0--
0------0-0------------------0--0---0-0----0-----00--0-
0----0-----0---0------------0-00--------------00----0-

Generation = 10, Population = 162.
2--11-32-----55-35--2-----3---23-4-----0--2----------2
4-2-1114-----2-3-35---11-0---2----426-42--22---1451-53
210-1--110-373--4--52-2--24-1213----3-14---1143-2212--
273---5-------31---40-31------1-4-21-3-330-33--5---2-5
--542610---4132322110021-5-122-2361134--3-0--121-2-3-7
3-6--2-7-24--044-15-22--1--------0-1-70-313-0-5--13-5-

Generation = 20, Population = 173.
--4--------73+---9-3---22--6---73-551--456-2-3--4-5334
74--7----466-5-35-8-4453--63-4--2-7-8-88-34--44-98-9+-
8----1-31-799--0+-3--3-42-9+44-91-74-537473-449437----
2--74--54-5--49-6---4-44-21662636----7357--34--941--7-
33-7-+-33--8384----7--344---488-+-5-5-----605-71---6-8
84+-2--+8-90--6-63--43-2-141----41-4-7----625-8-+36-6-

Generation = 30, Population = 164.
96-4+5-+--3-8+-++-56--7--6---9-95-8-5+4+--7-1843-88--7
-9------66-+---6--+-----7-+-7--9----+8-+8----74--+---4
+-9-5-7--3-+--72-4-+386-77++88----88--57-+-+48-+-+35-3
5+-8---+-8-6-7-4877------54-+-----651---975--48-6--5-+
-----+-779-9----+7-94--8-+-96-+--8--68-4-0-38-8-4-7--+
++-6-5-++9-----7-65395854--4-86-83-4-94-54-7-+-8+-+++-

Generation = 40, Population = 183.
-85--8-+6--++--++-5+----4+-----+7-8-7+6+-878-+64+--+++
--9----+---+9-89-+-5+-79+-+---9--3--+9+--+797+-6-+6+--
+++5-3-8-5-+++--+-6+699--+++-94+--++---+++-+5+-+-+----
7+9+9---+996-+-5---99-96585+--++----397--8-+-6-+-7+-++
-9+9---+---+-++---6-5--+++1+-++-+9--6-6-----+9+-79+---
+++-38-++++375-98---+-+884-58---96-54+-4--8+9++-+4+-+-

Generation = 50, Population = 144.
---++---+93+++++++-+-8+---6+8---8-----+--9+------9---+
----+-+--+-++--+-++-+---+++7--++-5-+-+------+---+-8-+-
+----3++77-++-----------8----+5-7+--+----+-+++-+8---9-
7++++---+-+7+--7---++++9-+--+--------+--+-+------++8--
-+--9-7-++-+---+-+7+69+-++--8++-+--+--+--------8++++--
++---+-+---7+-+-+--+++--+9-7+++++7---+-5--++--+-+9+---

Generation = 60, Population = 173.
++9--++++-7-+---+--+---8---+-+++++-+--+--+++---9+---+-
++-+-7++--++--++-++-+-+--++--++-5--++++++++++++9-+---8
+----+--+7-+-++8-++++-+-+++-+-7--++-+-+++-+-++--+-+++-
-+-++-+++--8+++--+++++++--6-+-++-9--+++------+--+-+8--
++---+-+-+---+-+++7+-++++--++++---++-+-+--+9-+-++----+
-++-6++-+----6-++-++-++-++--+-+--+--+-+8----++---+----

Generation = 70, Population = 164.
-+-+--++-+-++++-----+--9++7++-+--+-+--+--+----++--++++
-+-+------+++-+--++8-+++--+-+-++9-+-+-+--++++--+-++++9
--+--+++++-+-++9+--+-+-+-++-++++-++--++---+++--+----++
-+-+++-+++--+--+-+-+-----+7---++------+-+-++---+-+---+
-+--++-+-+--+-++--9+++--+--+-++-+--+-+-+-8+--+-+---++-
-+--7+---+++-+--++-++-+-+++-++-----+-++--+-+++-++-++-+

Generation = 80, Population = 153.
-+--+++++-++++-++---++--++-------+++--+----+-+-+-+--++
-+-----+-+++--+--+---++-+----+++++++--+++++-++--+-++-+
---+-+-+---++-+----++--++--++--+++-+-++--++-+++--++--+
---+----++++--+++++---+++--++-+---+-+--+-+++++--+-+---
----++----++---+-----+-++-7+-++-+---+-++---+-+------++
+++---+-++--+-+-+++--++-+--++---++--+---++--+-+--+++-+

Generation = 90, Population = 143.
-+---+---++-----+--++---+--++-+++--++-++++---++--++-++
------+++----++-+-++--+---+--+--++++-+-+-++--+-----+-+
-----++-----+-++++++--+-+++--+-+++-++--+-+------+-+-+-
+++--+-----+++++-++--+---+9+-+++---+-+--++----+-----++
-+++++++-+++-+---+-+--------+--+-+++----+-------+-+-++
+-+---+++------+----++++++++--+--+++-----+-++-----+++-

Generation = 100, Population = 158.
+--+---+-++-+-++-++----+--+--+++---+++++-+-----++++---
+-+---+-+++-++-+-++-+-++-+-++-++-+--++---+--+--++--+++
++++-+++-++---++-+-+++---++++--+---+-+++++---++-+++++-
--++++--+++--+-++--++++++--+++--++++++--+----+------+-
--+-+--+----+-+----+-+---++-+-+++--+--++----+---+-+---
+--+++--+--+--+-++--+-+--+----+++-+-----+++-+-+--++-+-

*** Life<FredkinCell> 20x6 ***

Generation = 0, Population = 39.
0-----
-0--0-
---0--
-0---0
0--0-0
---000
----0-
0--0-0
--0---
-0-0--
---00-
---0--
0-----
------
---00-
0-00--
--0-00
000--0
----0-
-000--

Generation = 5, Population = 62.
1--0-2
-0-311
-0---2
---1--
1--3--
2-20-2
2-0-12
-0-0--
---4-1
2--512
----3-
001-0-
10--02
2---0-
----52
1-002-
12-150
3-0045
--0--0
22031-

Generation = 10, Population = 58.
-041-3
-5-612
-11-3-
------
-22--3
2153-4
403---
---36-
-11--4
44-5-2
------
----1-
41--3-
51--0-
--4--5
21334-
4723-2
4---68
312-31
------

Generation = 15, Population = 67.
-0---6
--5722
5331-4
-02---
-22---
-2864-
513673
3154-3
324-36
6536-4
5----5
-3-4-5
-----8
-25-22
4-93--
2-5-9-
6---5-
413---
44--6-
--4-55

Generation = 20, Population = 67.
-0-21-
3-5+33
--3-9-
---3-3
-5-467
-49-45
5-3-84
-1--94
4-7-4-
-85-9-
6--2--
1-4466
--74-9
65----
76+---
24-8+-
999-75
--65-+
64--9-
5-45-6

Generation = 25, Population = 58.
8-----
-6-+3-
--62+-
2-3-7-
--54-+
-5-9-8
----+-
5175--
-59---
+--7+-
7875--
-6----
5-854-
-5-543
+7+-7-
---9--
-+--7-
92-76+
-7--+4
867--6

Generation = 30, Population = 59.
8--32+
-7--3-
-8-4+9
-3368-
-986--
7-9+79
-888--
----+-
---86-
-+--+9
---5+7
---567
-39--+
------
+-+---
8-79+2
-++98-
-3-98-
---6-7
999---

*** Life<FredkinCell> 36x26 ***

Generation = 0, Population = 76.
-----0------------0-------
---------0----------------
-0-----------0------------
--------------------------
-----0--00----------------
------0-------------------
--------0---------0-------
00-------------0----------
----------------------0---
----------------0---0-0---
--0-----------------------
---0----------------------
--------------------00----
------------------0----0--
----0-0------00-----------
--------------------------
0--------0--0---------0--0
---------------000--------
-----------0------------0-
-----------------------0-0
----0----------------0--0-
--------------------------
-0-----------0---0--------
-----------0--------------
-0----------------------0-
------------0-------------
---0----------------------
-----------0----------0-0-
-----------0------0-------
--0--0-----------------0--
----------0-----0---------
----0--00-----------------
--------00----------------
0--0-00-----00-------0----
------------------0-0-----
------0-------------------

Generation = 10, Population = 449.
-411-31-2--120-11-1--12-0-
----1---2-----01---11-3-0-
---12-226----0--12210000--
3----12--2----0-220-1-20--
---31-1-5-2--3-25-0--331--
2-32-21-30-01-------31-0-0
33-24530-2-22--240---1---0
4--2423--1101--0210--152-1
-331-40---3-3---2-1-2--321
---0-2--40--21-523021---42
4-101-0--0-01-22--2--130-0
-2---12-1-0-221-00----24--
2--0220-2-204--2-234--2431
12-01-------11-2-2-3-----2
--2--2-264-1-2-----111----
1-00--000-1-1--022--111311
130-101---1--50----51-1---
00-0-002-2-2-----4-32-46--
0-0---2-2--130--30112-123-
-01----00---0--21-3--5---2
0-3---0--3-2--101-5----1--
0--1----0--1---104--021-2-
0---320-32---3301--11010--
10-21-0--01-52-00-1-1-----
3-0-2-----24-10-2-2--412--
21-1-4----21-20-32--5----1
10-22---000-2-----01-01-20
0--31---3-1---0-------331-
---1-30-----02----22-210--
---5202-----2-0--2--044--2
------2-04-3----002--1----
-1--0---133-05---1011-----
20-0--232-15442013101-1---
-5230-232-4-4--2--01----30
01---1--010-----110---1-4-
-0--1-2--0---5--2--------1

Generation = 20, Population = 455.
-57--7-----4-37-42--2-+-3-
-5---2--35-22546-93---4---
1---25-3-2--528455-31---12
54-----1---1-00236-1---6-3
3---905--53-2---------5334
6----3------1-46424----413
5-+5--4-3-655-5-------82--
-64683-1-45453-3--1-12630-
----181--5-443212---5-4-73
5-0-15-4811-53--5------45-
534-4-31-5--7-2--1--4--15-
63--1--55--1-73-522-26-74-
432--5-54---5--643-56-3--2
1---4-6--4-2----33----3--7
-75----------64-3--2--5-6-
4--21-3531--31-----0--6-2-
340--572-2-257333-3-63453-
--0--4--654----7-73-----3-
2---4--141--734-4-44-4249-
-3483-4-27133----1---7---4
--4--3---3--4-5-3376--6--5
-332222341--53--1--0--2-3-
-1344---7516---2-33-44-32-
-------4-33-775-8--4-6----
--32-5--0-5+4--0513------1
---20-7270--37--5-5--4523-
---6--332---3----3-31-----
3-3-4553744-44-32-234---1-
-5---5-------4-11----4-032
-5-62---6--7-435-42--4-44-
-2-----3-63--6--5--0------
---6-8--4-933------54-1--4
--423---4456-6--1-2-21---1
4---3-288-46-4-8-5-22--3-1
1-4331-113-343-15-4-011---
-33-1452766---4--11-0-46-5

Generation = 30, Population = 466.
6---4++-6-----+--4-73-+46-
-+47428---5--88+4+6--+----
--26-63584----+---7---48--
-7-4-4-4----0-5--+5-7-----
-6-6+3-5-+5-6-1------57--7
--6448-4-6-252--54-466--4-
-9---+-4--8-6--78-8427-83-
8-6-+5-3--7--8----6-26-81-
--+76---7----74-8-73-4-4+-
9-61----9--47----866687-75
-94-8--3-6-1-75-7----89-+4
94----8--+-----183--9--9-5
7---79468-3-6--95-+-9-7+-7
--6-63-6----763+-72-6--63+
-++1-+---554+-6--5+----7+4
---339----6--34--+26-77-45
47-5-------4-+--7299-38-9-
-4-65-3-+--5-649--6-959+--
-7-7766---638-6-4-8-5---+5
-6+844--4+--7-----6-------
46-447-9--57-9--4-9---846+
4576--545----8-79-+--785--
6--6-672773--+-46---8-4855
----326---949874-9-5794-7-
--68-71--6--+654+-848+-462
----2---8-92-+44+6-48-9-5-
533----43-------4-3-----7-
--4-59---6--86-7453---7---
-----84-56+-4-99-3-6-6826-
---+-----8-9--35---67-+6--
4--25-7639-73-67--42-646-1
--592----9-6-8---45-4-----
865---58-4-8--32-93-8432--
9+685+4+---97-7+1-5-6-----
4-6-3-2--7-97-1--367-4--+-
3-773-7--9+6++5-----4---4-

Generation = 40, Population = 445.
-6-----8755--9--+5-8--+5--
8----6-49--56-++---67---+-
----7----79----7+-7+-+7-56
8-48-5+----4----6+-6+---6-
9---+----++--73---85--+96-
-8-85--8-----599-6-----++-
8-+58+6558+-9--+-8--4-----
+---+7+78----+-6---56-+-39
9-++6+---++7+88++6+-+-+-+-
+---88------+-+-------9---
-+9---867885+-----7--9--+-
----42+8-+25-9--------8-87
-7+48---+765+--+-++-+-8-++
---2-47+5-5-+--+---+9-----
+-+-3--++8---7-7+9+-9--7-+
-+-46-7--4-5+4-48+---+87--
7-----+--4+9++--84+-+9+-+9
-44--9--+--+68++--+7--++--
39--8+8-68-79---5-9----6+7
4+----8-6----6-7-696---7--
--------7-9---9-77++-+-5--
--79----75-7--67+-+5-9---9
9-8+6-74--3-6-9-8+++----+7
-9---3+----6-9---+--+--48-
+--++---+--++775+--5-+--78
99-738-7+-+6-+97+---+-+77-
+-5--4--5-+--88-855-4-+--5
----79-+9--7---88+---9--43
-+--9-9---++7+--37--+--7-8
-+-+-2+7-+4+--58---+--+-5+
6-788-+94-5+67---1-4---8--
----59-7++--6-59+7+5--7---
++77835-+589--------+74--4
+----+5--68--9++--7----77-
5---------2--9--76---7---5
-+78---++-----725--2+-4+76

Generation = 50, Population = 443.
-8+88+-+888+-+--++9+9+-898
-+----+--+9-++++---9-+7+--
58-+-+-9--+-++-8+++-+----+
-+8+57-7-8-6---5-+----+--+
+---+7---++6--6--7+---+---
-+9---7---+---+--7-+-+4+--
9-+---+8-8----++-----++---
++-+----8+++----9+9-9+-+--
+++---63+-+-------+--9-5+-
-6-39--+---8+-+-+--+9--6+-
9++-+7---9-9++9---9-+9---8
+-+---+9---8-+76-+5------+
-++8++-+-+-7--++-++---+++-
+----8+++6--+98+8-7-+--+--
+-----+++-77-89--+-+------
---56-8-------4--+4-9---7-
8+--+++---+---8-+-++---++-
4---7-+--9--9---9---+--+9+
---9------+9-++5+----+8-++
----+7--7-3+9------9-+-+--
9--+79++++--+++59--+---97-
----8--9-74---+--7+-3---9+
++9-9--6++7+-+-+---++-6++-
---+-7++-9++-----++5++78+-
+5-+--6-+++---+--2+-+-+9++
-+----++-----+-+--+-+-++--
-+8-+-9965---997++-+9-----
+5-+9++---+8-7+-++--+9-974
-+-++--+89-+9-------+++9-+
----7---+--+-----++++--+-+
----+----+-+-+-8+-8+-+-+-5
--+--+9+---8++6++-+59-+---
+-+++3--+7+----5-++-+----4
-+8--+--+--+++--6----+---8
7-----76+-7+--77+-++----+-
---+-7-++-+8--+4---+-46--+

*** Life<FredkinCell> 8x42 ***

Generation = 0, Population = 61.
---------0----0-------0--0------0---0-0-0-
----0----------------0----0-0--00-0----0--
-0--------0----------000-------0-------0--
-0-----0--0---00---0----------0----0---0--
------0----0-----0---0---------------0--0-
------------------00------0------0-------0
-------0----0-----0--0----0---0--000---0--
---0-------0--0----0--------0---00----0---

Generation = 4, Population = 140.
-2---00----0-0---1---210--1-00-02-1--0-11-
1---0---0--------101-20-21-1---1-20-3-04--
-2---021-1--2----0-1-02-------0-00102-1112
-2---20---11---1--1----1--1-0--20131--14-1
--1----0-20--003-0---01---------11----1--1
---00------1---0---1-0-0--2--110-40---2---
-0-0---01-220-3-232---02-1---00--4---211-3
-0-----0------00-------11-0-011-412301-0-0

Generation = 8, Population = 148.
-3----22----1-1---0--22-1-1-1-0-4-310-23--
--10-------1002-----1--26---32-22-1-541631
--3--145-1-23021-4-----4--1--4---112----2-
-30--31--523--1--------3--1---26-1-3-134--
22-0--2--403-40--2-3--21-0-----21---13--0-
-2--2--2---3--12--23-2---0-10-3228-------2
-4--0----0---051--6-3226---1-2--0-1-22-21-
----2-1------------2132-23022-236-2-1-1214

Generation = 12, Population = 188.
0------42-405-3115-52-4-3-2--4--813--12531
23323-00013-04---5---7-47--2-2---2--5---5-
053221--13--42--041-3234403-1-23-3-22--2--
2-0-6-24-7---316--4-30--01-420--156-215-11
----3--1-4--2----225-2613----43--21-3-11-4
141-60221-4531---02----54---11542-1210-1--
3-2-0043407-219-438-44-73---1-41-4--3332--
0---432422------12-42-41--0-43-36--4------

Generation = 16, Population = 136.
24---13---4---7-1---66445---5--1-------545
-5---3-1--3-4-3-2-212--4-----43---237--87-
----23-7-5-6-454-----238-47--7--0---60-3--
4--4---4-----52--35--4----3-626-2-65--67-3
---1-0-12-1-4-----2--3-35-113-4---30-4----
-43----2---5---4-4-------2-23-6-3+13--21--
-----045--74--+---84-5------14---4-2--4-5-
4--3--------2-2-1425--6---066---7---4-5-25

Generation = 20, Population = 172.
---2-15-2-84-4-33526--5-7-54-70---52-2--69
--65--3-14----5-35----4-+-4-4675--45---+84
---3-3--1-16-4-62-2342-94-752-4613--6-5355
4-1-6--4-+4835--77-5-42-2--8---9-6-5-2--3-
6--331-367364-4--3-7-56--332---3425---4-1-
------3---4--3-4-4-44-1-7--2-5----2-42----
-6346--6--+5-3-2-7-4----432-35-4--34--4---
45-36--64-152---5-3-2---55-76564-36--3-4-6

*** Life<FredkinCell> 27x38 ***

Generation = 0, Population = 33.
-----------------------0--------------
------------------0-------------------
--------------------------------------
--------------00---------------0----0-
------------------------0-0-----------
-----------------------------0--------
--------------------------------------
-------------0-------------0--------0-
--------------------------------------
-------------------------0------------
---------------0----------------------
--------------------------------------
----------------------------0--0------
----------------0----0------0--------0
---0--------------0---------------0---
--------------------------------------
----------------------------0-0-------
------------------0-------------------
--------------------------------------
-------------------------0------------
-----------------------------------0--
--------------------------------------
--------------------------------------
--------------------------------------
---------------0-------------0--------
-----------------------0--------------
-------------0------------------0-----

Generation = 1, Population = 124.
------------------0---0-0-------------
-----------------0-0---0--------------
--------------00--0------------0----0-
-------------0110-------0-0---0-0--0-0
--------------00-------0---0-0-0----0-
------------------------0-0-0-0-------
-------------0-------------0-0------0-
------------0-0-----------0-0------0-0
-------------0-----------0-0--------0-
---------------0--------0-0-----------
--------------0-0--------0------------
---------------0------------0--0------
----------------0----0-----0100-0----0
---0-----------0-00-0-0----010-0--0-0-
--0-0-----------00-0-0------0----0-0-0
---0--------------0---------0-0---0---
------------------0--------0---0------
-----------------0-0--------0-0-------
------------------0------0------------
------------------------0-0--------0--
-------------------------0--------0-0-
-----------------------------------0--
--------------------------------------
---------------0-------------0--------
--------------0-0------0----0-0-------
-------------0-0------0-0----0--0-----
------------0-0--------0-------0-0----

Generation = 2, Population = 108.
---------------------0-0-0------------
--------------000---0----------0----0-
-----------------------00-0-----------
------------01--100--------------00---
----------------------0-0-0-0---------
-------------000----------------------
------------------------0-0-----------
-----------0---0------------------0---
---------------0----------------------
-------------0---------0------------0-
-------------0---0----------0--0------
----------------0----0---0--1--------0
---0-----------0--0-------0--11--00---
--------------0---10---0--0---0----0-0
-0---0----------1---0---------000---0-
----------------0-1--0------1--------0
---0--------------1-------0-0-0-0-0---
----------------0---0----0------------
----------------------------0-0----0--
------------------0----0---0----------
---------------------------------0---0
-------------------------0------------
---------------0-------------0-----0--
-----------------------0--------------
-----------------0---------0---00-----
---------------------0---0------------
-----------0-0---------------00-0-0---

Generation = 3, Population = 281.
--------------000---------0----0----0-
-------------01-10-0----000---0-0--0-0
------------0000-00-0-011--0---0-00-0-
-----------012112-10--00----0---0110--
------------0-00000--0-------0---00---
------------01-10-----0-----0---------
-----------0-00--------0---0------0---
----------0-0-010-------0-0------0-0--
-----------0-0010------0----------0-0-
------------0100-0----0-0---0--0---0-0
------------010---0--0-0-0-0100-0---00
---0---------0----0-0-0-0--02-00-00-0-
--0-0------------01--0-0--10-2-0011---
-0-0-0-------0--00-1--0-0010----00--0-
0-0-0-0-------0020-----0--0-00--10---0
-0-0-0---------01-20--0---0020-0--0---
--0-0------------02000------1------0-0
---0-----------0-000-0--0-------0-00--
----------------0-0-0--0-0-----0--0-0-
-----------------0-0--0-0-0---0--0-0-0
------------------0----0-0-0----0-0-0-
---------------0--------0-0--0---0-0-0
--------------0-0------0-0--0-0---0-0-
---------------0-0----0-0--0-0-00--0--
----------------0-0--0-0-00-0-0110----
-----------0-0---0--0-0-0-00-000--0---
----------0---0------0---0--011----0--

Generation = 4, Population = 110.
-------------------0----0-10----------
--------------2---0---0------0--------
-----------------------2--------------
----------01-3----21------------1--1--
--------------------0-00----0-0-------
------------------0--------------0----
---------------0----------------------
---------0----12-0-----0--------0-----
------------------------0-0-0--0------
----------------0-----------1--------1
---0-------0------10--------------0---
-------------1-------------1--------1-
------------------------0--11-1-1--0--
------------0----11-0---1-------11-0--
-------0------11------0-------0-------
-------------------------0------------
------------------------0-0-2--00-01--
--------------0-0----10-----0--------0
---0--------------1---------------1---
---------------------0-------0--------
---------------0------------0000-----0
------------------0----0--------------
-------------0------------------0-----
-------------------------0------------
-----------0-0-----0-----1------21-0--
-------------------0---0---1----------
---------0-----0-0----------12------0-

*** Life<FredkinCell> 39x43 ***

Generation = 0, Population = 51.
-------------------------0--------------0--
-------------------------------------------
---------0--------------0------------------
-------------------------------------------
--------------------0-------0-------------0
---0---------------------------------------
-------------------------------------------
------0------------------------------------
-----------------------0-------------------
-------------------------------------------
-----------------0------0------------------
------------0------------------------------
-------------------------------------------
-------0-----------------------------------
-----------00------0--------------0--------
---------0------------------------------0--
--------------------------------------0----
-----------------------------------0-----0-
---------------------------0---0-----------
------------------------0---------0--------
-0-----------------------------------------
----------------------------0------------0-
-------------------------------------------
--------------------0----------------------
-0-----------------------------------------
----------0--------------------------------
------------------0------------0----0------
---0-0---------------------------------0---
------------------0------------------------
-------0-----------------------------00----
-------------------------------0-----------
-------------------------------------------
0------------0-----------------------------
-------------------------------------------
--------0-------0--------------------------
-------------------------------------------
--------0--------0-------------------------
-------------------------------------------
---------------------0---------------------

Generation = 2, Population = 180.
---------0-------------010-0----------0-0-0
-------------------------------------------
-------0---0--------0-0--10-0-----------0-0
---0---------------------------------------
---------0--------0---0-0-0---0---------0-0
-0---00------------------------------------
--------------------0--0----0-------------0
---00---0----------------------------------
-----------------0---0--10-----------------
------0-----0------------------------------
---------------0---0--01--0----------------
-------0--0---0----------------------------
-----------01----0-0----0---------0--------
-----0------1---------------------------0--
---------11--10--0---0----------0---0-0----
-----------1-----------------------0--1--10
-----------00------0-------0---0--0-0---1--
---------0--------------0--------01--0-01--
-0-----------------------0-------0----0----
----------------------0---0-0---0--10------
---0-----------------------0---0-----------
--------------------0---0-0---0---0----0---
-------------------------------------------
----------0-------0---0-----0------------0-
---0--------------0------------0----0------
---0-0--0---0-------0------------------0---
-0--------------0-0-0--------0---00---0----
-0-0-0----0---------------------------1--0-
----------------0-0-0---------------0------
---0-----0-------------------------01---0--
0------------0----0----------0---0---------
-------0-----------------------------00----
0-0-----0--0---00--------------0-----------
-------------------------------------------
0-----0-0-0--00--10------------------------
-------------------------------------------
------0-0-0----01--0-0---------------------
-------------------------------------------
--------0--------0-0-0-0-------------------

Generation = 4, Population = 165.
---------0----------00--1---10------0------
---0---------------------------------------
-----0-------0------0----3--0-----------0--
------0------------------------------------
----------------0------0-0------0-----0----
-------1-----------------------------------
---------0-------0-------------------------
--1-------0-0------------------------------
-------------------01------00-------------0
---0---1-----------------------------------
-----------010-----011------0-----0--------
------1-11------0-----------------------0--
-----------------------1--------------0----
---0-------0-----------------------0-----1-
-------01-------10-----00--0--01------2----
-----0------01----------0---------0-1-----2
-0--------------------------------2-------1
-------0--------------------0--1-----0-2---
-----------00------0---0---0---0--01-------
---------0------------------0-0-------1-0--
-----0--------------------------------0----
----------0-------------0-------0--1-0-----
------------------1--------0--------0------
---1-0----------0-----------------0----0---
-----1------------2------------------------
------11------0-------------0--------00--0-
--------------0-------0----0---01--1----0--
-2-----0-1----------0--------------0-------
01-----------00-------0--------------------
---0------10---------------------11------10
--------0-------0-0--------0---0---11------
---0-0---------------------------------1---
--0-0---01--------0------------------------
-------0-----------------------------00----
----0---------------00---------0-----------
-------------------------------------------
0---0-------0------------------------------
-------------------------------------------
----------------1--------0-----------------

Generation = 6, Population = 461.
-----0-0-0-0-0----01-2-212-1-210--0-0-0-0--
-0---10------------------------------------
---1---0-0-0---00-0-010-1321010-0---0-----0
---00--10----------------------------------
-----0---0---00--10-00-0---00-0---0-0------
--0--12--10-0------------------------------
-------1---0---01---0--0-0-00---0-----0---0
0--21---0-0-0-0----------------------------
---------0-010----123-0--11-210---0-----0-0
-01---1-1-0-1---0-----------------------0--
---------112-210-01-132---010-0-0---0-0---0
----0-1-3-1---0---0----------------0--1--10
-------01--210--10-00--110-00-00--0-0-0-1--
-0----0-1---3---1-------1--------01-10-01-1
-0---11--32---11--10-012--1-1---101-1-2-0-1
----------0---10------0---0-0--10-201130034
---0---10--02---00-0----1-----0-0-411-0-2-3
------------10----------0-0-01---0111002201
-0---0---11--10--0--------------1-2-111---0
----------11------------0-0---00---31-300-0
---0---0---00-----00---0-------0--01----1--
---0-1--01--0---0-----0---0-0----1-1-00-0--
----------------1-1-0----0---0----1--------
-0-1-21---0-------1-----0---0------1101----
---2---1------1-1-2-0-0--------00--00---0--
-0-10--31---0-------1-----0---0---0-1--10--
02---0------012-0-0-2-0-00----1---2--12---0
-----01--11---0---0---0-----0-----1---2---0
2-11----0--11-21--0-1-0-0-------0---1---0--
---0---01---11------0----------11---2---1-2
000-0-0-011--0--0---0-0--0--------0--10----
-0---0----00---------------------00---2---0
0-0----02-10------0--0-----0-------00------
---0-----1-------------------------01---0--
0-----0-00--0------1--10-----0---0---------
-------0-----------------------------00----
0---0-0---0---0-2---00---0-----0-----------
-------------------------------------------
0---0-------0-0-1-0----0-0-0---------------

*** Life<FredkinCell> 26x46 ***

Generation = 0, Population = 170.
--------0-0-0---0--0--------0-00-------------0
-00------0---0-0----------0--0-0--0-----0-0-0-
------0---0--00--0---0------------------00----
--000--0-----00-------------------------------
0-0----------0-----0----------------0--0------
-00---0--0----------------00------------------
----------0---------------------------0----0-0
-------------------00-0----0----------------0-
--0--------------0------0------0--------------
-----------0---------------------0------------
--------00-----0------0-0--00-0-------0----0-0
---0-----0---00-00--------0-------------------
-0----------0-0----------------------------0-0
-----------0----------0---0-------------------
---00----------0------0-------0-------------0-
-------------0-----0--00--0-00-------------0--
0------------------0--------0-----0-------0---
0----0---0---0--------0----------0----------00
-0-----------0------0------0------------------
----0----0-------00---------0----------0-0-00-
----0------0------0----0------0----0--00--00--
---------------0---0----0-----------0---------
-----00----------0------0----------0----0--0--
-0-------------0-0---0--0-----0---------------
-000---0----00----0---------------0----00-0---
0----------------------0-----------------0--0-

Generation = 3, Population = 584.
0-0---------01-0-0210---00---2--2-0-0-00-1----
2-300---0-0001-10--0-----0-21-032-001-1-3-00--
-0--20-0-0122--000----0----01-12-0001-10-1-1--
--1--00---0123---0-----0--0-0-01001000002-1--0
-------0000-0311---00-0-00--0--0-0100-0020----
1-1-1000200102---00-1----2-3-100--0--0-0-0-0--
1---0-001--01---010200-0-00-0-0-00----02-10---
012000-0010--0--0-2-3-1-2-2-01-0010----00-----
--0--000111---0-0--200-0101--12-0200------0-0-
00----0000-00-1-12----200---0-02-00-----00-0--
0-1---1-102-1-10-0001--0--0----21----0-0110---
02----01-1---1--3-21-02-20-0--00--0-0-0-0---0-
-0------1-1-10----0-0---10-1-----0---0-00-0-11
0----00-000-0-2-------320--0--0-0-0---0--002--
1---1-10-0-01-------100----0000--0-0-----0010-
---0-1--0-0---02--0---0---0-1-11----0-----0---
3-11--------0-------2---0----000-----0---000-0
-0--20--0-0-03-----2-012101--10----1---101-2-3
-00---00---0--01-0-2002---0011----1---12000-00
101----1-1----0-2----0101-----20-1-0-103-02---
---0-2-00-00-----1----0011-1-0-01-01--10---1-1
0-00-----100-1-1------1030101-2000100-22-101-0
--1-0--0--01-1-101-2001200-0-020-1210---1-----
21-2-00-000--2---3-1-0203-1--0001-00100---001-
--0---2001-21-22-10--00---0-0-0010021-2-121220
--2-000--000---1010-0-01210--0-00--000----12-0

Generation = 6, Population = 596.
3-----0-01-------12-1----1-2-3-0-11211133-0-0-
3-4---1-1-1----4-31--1000--3-0--3-33402-4-1---
1-0----103-----1--02---------1--11-0--4-0104-2
----2--0---434-11-2--1001-1--002---11---3-1---
2-0-1-11--30-42220-3----3--01--000--1-0151--00
4--0--31331-0--0-1-2-00-13-----1---00-1-----0-
201-1-10-0--200004---30--1-231--0---0133213-0-
-1--110--400-1-201-14-21---0-10---1--01-3-1-0-
1----1---110--1-0---1-0--021-12102----1-00-01-
1-000--30-1311-2-2--0050-01-0-0----1---00--1--
01-0--11-1-3---3-0--41---2-240-341-0-0-3---12-
1311--0-142-021-3-5--350-------11----0---01-1-
0121101-21----2032121110-----010-10-00---21014
1-1-1--2--1-0-2--00110---10--1---0-------113--
--22---30-031-2--003-0--2-----111-01----0-----
2---220--2--003-020-1--1--022-410-0100-10-10-2
------00-110300-0122--001-1-2-11-0-00-2--1-11-
-301-3000--2-------5-1---1---2-1-00--2-11-----
-11-1011------0--11-013--010-2-2-----01-10-1-1
43--1-02-10101--31102----12100-0--110214-1-140
0-0--2----00202-11---130-202-------4--4-3-3-14
---12---0--1--1--0----4-302-21213----0320-0201
-1-1-11012-20--20112-----1-30-31-2-21-01----2-
341-010----0----1-2--1--32----0--1-------0--21
--32----321-4---2-011---21-10--01-3-4---4---50
---0301--1-0-1-1-4101-----10110-0--113--2---0-

Generation = 9, Population = 602.
-010101-----0--122-2-1232-250-1--2-3--233-1-0-
32--10-211--0-15--4--200120--00---337-3-50--30
--10--2-----423--0-5-1-0120---4---00407----5-3
-11-3231-2-5-------01-101--0-00200--1-0030-0-0
-----1----312------4-0-----34-130--1---1-402-1
-1303-4--4------0-1-1010---31-2-0-1310--1--0--
21-----0--2-310-35--03----0-----0-1-0--------2
0-40-----5-1--1-0-42-0--4-3104110---1--0------
4-2----0221-1-10---4--02-131-1-2131-1-2-1-2-12
2--31--3111-1-1-1-021-810-2-1-14-1-20000---101
31-0-1---2---114--13---3-----1-----11--6-32120
24-20--42--2--20--6---8-421--01-10-0--0-011-20
----2-2--2-1-130-3--41-120011020---0----------
-2--22--03--1--20-1-2--21-3202-0-1-0--00-123-1
-1----241-144---0303----3000-02---0-1----0----
22--330-0---1-63033311-2-202---20112-302---0--
-3--00---113--0-04-2-01-40433--4110--02--1-1--
---234-0-005--1-02-6-43------32-0-1--50--31---
-211-112100-210--11-0-6--12-121---13------04-4
5--22--2123-32---120--1-1-----3-----0---2-2---
1-02--02211--33-1-22--611----02-1007005-6243-5
-20130-1130-0-242--111---0--3----2-0--33---2-1
1--4-2402-2-13----2---322--60061----2-0123102-
-5--140-0----4-1--22012--55010--22----2-0003-1
3033-140--2--24------12--101--23-03-50---21---
11----4-----0--2-7--1------141-2-----4---212-3

Generation = 12, Population = 589.
602-4--12--01-1--3--2-36232--64----63-3--3----
6-80-04-1-12--2----1-5-1---61-------8--1-311--
40-34----4----4---2-02031-023-44-3---1-1--06--
-213-34-0228-6-4255123-1-1-1-3-----34---4--1--
4---32-2-342-6-2--0--30050----44--24----8-05--
4-40-14-5----3-0--2--0-1-----5--0116-33-203-00
2---30--4-30--1-6--20----4-233201-4----5------
-241---1----141----2--544-620-1-11--1--141-1-1
-0--324-52---1--112-1302--41-4-3--4--032123-1-
-233---3--1--2-5-40--2-112---144-43-----0212-4
---0-2-23-4-----0------43505----820422-91-32--
24320-07---3-2-3-2720--1-3-22--24-21--13-4----
---3-2---344--6-4--44-3--31---3--1312113-424-6
2--3---40------2-12-315-----353-0---2211123-02
-225--24-144712-1--333-04--12-54--1221---3---3
5--4--0-13-3227-04------1313--5-1-1--41-2---2-
34-31-302----2---7---3--7-5-4-152--1-13---4-2-
-322--0--3--051005-7-463-4202----2-1-6---3-34-
032----3411--4---4130--0---14------60---1-37--
8-4-31--13433--24---3-1-444-0---0-2-1-1-5---73
40-31--3--4043--2----2-21-023---2----1647-----
-3-241-----23425-2------7--06---631-01--24---4
2---1--3---4---5-3---2433--61372--34313----05-
--1-253-130---22153202-235--401--330----000351
--46-2--56345--442--31---2-2--------6-----43--
1----1--0-20111---31---1212---3------72-43-3-3

Generation = 15, Population = 595.
-0--52--34-1-2-3-433--4-2--6-9-1-----43-5-2011
6--011-642--0-2--4--281-16---235--44+44-------
50265--257-34--21---1---2-32-3-5----62-41-19--
3--3447----95-153--2---1-------4221470137-5-30
-1-0--3214-356-341150-01---65-------22---60--4
-2--5---6--5-6-1---6------2----3012--6--2132--
323---3----3------1----13---6-51-172234841--32
02-4--122-1245-4-2-----573---64-1211-13----231
-063-25-8-2--1-2-2-646---2521734-552--4-234---
--34-0-----------4-2-582-----25514--0--21--325
4110-22-445--3-40--54---66-5--14-----3-+-3--22
-----03---5--3435-850------352------2-----103-
-2---2--2---3362--2--3-22-4---6022-2---6-7--5-
-323442--3-1-----4---2-22--3-5-2--2---24-23-15
2-28-4-4-24---3225--6---5301-0----1--4--1-0-34
-4--4-0-1-0332--04533---4----1-2444-3-1-2144-3
-5-4-26--33-7--2-8-2-6-2--5-5--6-3-42234---4--
56-2-6-4540-3---184-1--3-55-3-2-23-14----4----
0-543--6----2-04-4-6-483--5-56-3--2------2-7--
8375---4-4--43-3522-----5-52--3------------2+-
50244-4--2-053---22-12-5----6---22-+-1---36-4-
-63-4--4153345-5---1-373----72646-1-02--2--405
-44-24745--515--23-4--544---14-5-3--6-43----52
58-33--0-40-0-5226--33-3-5-----15--1-2-231-482
3249-3-3-93-6---5234-2235--22154105-713-66-6--
-13-5------14----7--1--43--254--3-12--32--2---

Generation = 18, Population = 563.
--2-533---1-433-35-4-25--44--+5-43------5-3-14
-48-2---45-2-2--05--3-1---4-3-3-74-4+-43-33-62
612-6-5267--7-6---36---4-6-53665-5-4--9-12-+--
---4-48--25--+-66665----2233130---1--0-6----6-
64-1-33227-4-62-51---------9-0-5---52--3-7360-
4--3----9-16---4-3-9---------7-31-3-3--22---32
32-34-4-6054533-6-----3-34--------753----231--
1---3-----1-56-----5615---6-27--2----14-6---62
-1-------43---35-2-7----326----42---2255-----2
2--5--1-4-24-42--5-32-83---3-3---4-21-22-----6
52-11--454-5-6--043-5-4597165-14--17-42--4-2-3
4--41-493-65---453---6--65-355-56--2--14-62-6-
-5-32----445-47344----63--4-20--3----21-28-7-8
--5-5-54---1--42------6---6---5301-24--532---5
24-83---22-8---35-1--3-3---121--3-1-35--4---37
-5---5---4-345--056--11-7-2--25345546-43---4-6
-62-3-6--4--7--------7---2856----3-4336-3357-3
--436---55--4----85---74-----632----5----7-4--
--6---3652-----42-270--4-4-3-9---32-02------3-
+---3417-765---4---0---364-301---5-7352-633--4
---5--4-2----43-3233--8-340-71-32-0--------3-8
-7--4-0--6-358-6--241--47--1+-7-7-13-3--36--0-
-5---4846-5-15-----502---31-1--604--7-534--0-5
-+3-----140-05--3-3-63-35-8142--5-----3----5--
32-9-4---+4564--52-7------1-34-7-053+--3-----0
---2-2--22---33-----1--4453-----621--+-375--1-

Generation = 21, Population = 624.
-1515--355-----335344--+--58-+----6-343367-0-4
8--0--67-522-----651-8--4-58--4--76--5-4--416-
9-3--4-2--3372-2-2-7431---5-4--82-1585+-2-3+-4
--2-65-3-5-+7-497----5-35-43--04232--139815170
-----36---67--5-52-52--2-2-+-17-1-26-31-983--6
-4-463---4272-242-5+-----62---3--4-64---5345-3
-5--5---7----4--662--5-247---651-58-4--+-3-232
---54--2-82-6--6---6-2558----8--54-2414-613--3
-1-7---1-563-4-8-5-8-83------8-72-7-23-6--72-2
-4-8421-7-3-3-26--2-2---3-5---5---7--1-3---73-
-5222-2-5--63-2----7-5-6++----4--42+------3---
-65--1----6-467-54-816+4---4-6357-4341474----0
36-4343------7+4-45-55-4-3553--1-3----1-29--79
-5-564672631--452-5-6--2--954-6-146-52483-37--
55-9-645334--44-56-----36--221-8---34---551-4+
6------2-4--7894-6-5--4273352-6-----7-5--1-5--
3-------3--4-2--2-644+1-9-----------4-6-----46
567-6---56277--03----5+55-813--3-4-1-925--45-5
-6--5-49-3-44524363+378535-6-9250--8-314-448--
-7966-1-2-66--475-21-----5-43-54-8-+--36--63+7
-0456-----51-563--------4---812425--6-+---8-6+
--4----43-56-+-63-2--4--7-4---7-83-4037-49-6-7
464--59-7585260-2-460-54-6--259----6--5-5-41--
6-----4--5--16-2--43---68--1-3356-732-44----+-
627+------55---4-5--5--36----5-8118-+-36--5-70
1153-37--2---364184-1-17-5--7-44-----+3----4-3

*** Life<FredkinCell> 24x35 ***

Generation = 0, Population = 167.
-----0-0--------00---------0-------
--0-0------0-0-----0-----0---0-0-0-
-----0-------0-------0-----0-------
--00----0----0----0-------------0--
------0------00---0-----------0----
---0-------0-----0---------0--0----
-0--0----0----00----0---0---0------
-----00-0----------0--0--0---------
----0--------0-------0-----------00
---------000----------0---------0--
----0-0-0----00---0-0000-0-0-0---0-
00-0-----------0-0-------0-0-------
00-------0-0------0-0--------------
-00--0--00------0----0-----------0-
--------0----0--000----0-----------
0-0---0-----0--0----0--0-----0-----
0---0---0---0---------0--0--------0
--0--------0-0---0--0------0---0---
----0----0-00-0----0---------00----
---0--0---00-----0--------00--00---
-----0---0-------0----0---000------
0-----0----0-0-0-0--0----0--0-----0
0-------0---------0----00--0-------
---0-------0---------0-0---0-0-----

Generation = 8, Population = 348.
--------0-----4----321---3--0----10
--5-22---2-20------2--12-1---2121--
-2--32--1----------22-33-3-6--2--1-
-33327--1--4-1-1452--3--1612--1-0--
-3----0--021-66---4-3-----27----3--
-1--01--3----0--0--3-10------5-11--
-41---3-31---1--440-0-3----02---4-1
210---3----034-021--2--5---3-00--1-
0-3-1--11----4--02---14---120-----4
-4121---------4---3-2---02-7-1---1-
--3-0-1--2313-2001---22--10212-2---
--02-1-0--1--1----02---5-624--3343-
-6-3----1-1-504---20--1----2--2----
---3312-002--2-120--2---0--40-0---1
-2--22----1---2-2-3-14-231010--1---
4--1-1-3--211-21---04-2--2-102-2-2-
5-1---3-3---832-25--22----0-2-2---1
----22------2---------2--2-111-23--
4121-------6222--4-1--1-22-2-2--3--
6043--0--3---23-----2-22-0-22--23--
11---4---2-0-04----2--1--1022-1----
222----0--331-1-3--51--2-1-2--14--0
4---2-3--4223110401----0--1--1110--
2-----0-----1----2---1-3---1-----5-

Generation = 16, Population = 388.
-3--2--1-6-644--378--45--7-0----331
-----4--4-234--10-7----3-2-----2-6-
1---54---3-12-6---2544-----8--3--1-
7-5-------4-8--28-64--2-5+7--423--4
484-473--2---8---28-3012343-3-3--71
72-3--8--54--033-0-30-1-21--3---517
-----3----3-4----76-56-31031---0-4-
-----66----4-------4---533-8----3--
----45---41---12-42-13--1---38---2-
---5515---------25---344-319-24-5--
-54-6043-665--4--4--7753-6-----523-
1325--3-53-4-4403-156----9-753-6562
--2515---8----+-3----44--8345------
4-656----06-0----442----3-27-33-7--
2-3-344--3-37-6-55-3----7--3--63023
----8--54--13-7-048-7-3--8-32--6--5
8-4-47-3342-+-4--+3---5-23-582--2-3
0--7--3------6----546----5---1-5--6
4-8-----6-5--56-264-14-56---3-5----
----54--366--5742-03-4547-4-2---3--
4----5----4-826-----44---3124-3-40-
44-37---54-55-437-0-7-4--535--46-36
-38----2-6-5-5308-7--752-1--+355-54
---1--374514-3-----------------427-

Generation = 24, Population = 420.
-395----364--8------65-6-972-5-3-4-
--+7-7-855----8--57--7-3-3-47-6---5
2-936--86----4+--+5-5---66-8--7+--5
-6+5---6664-+4--++---9----8----5+89
---28-4-7--43--3---5-1---74-4--2---
-6--65-5-7-75--8-257534--2----67--7
2---2655-74-5176+79-9896523-6-34664
34-17--87---89-5--5-8-7-33--4-2-562
223--834+7-7-+6--63-4-667-4--+--5-6
-61--15--86--4--696-2675-6-----7+4-
5-77--4-68-86+--467---6----6-------
572--2-4+----6--4---7747---+8---+--
-9-6----78-3-----5-14--7---6-76-175
-3-88----497-6----5-936--7--1--2+56
+4-7-5-4-------2------74+------5--4
9-7-+557-----48734-4--6----5--4---6
+---7+--7-7-+7---+-24-8--6---4--735
2--86-53-6-93+2-8----54--+9--43--4-
7-+---4--6+-6---48---5--+6+---847--
+-8-96-16-96-8+6-4-578-9---84-55---
78-7-7--456--3--67-7557-86--4------
-5-4+--2+68651-+-74-956729-74--7658
-4-5-5-5--586-8---9--8-563-8--++-8-
962461595---64-9--5--12826-4+-8+---

Generation = 32, Population = 345.
3--7----3+---+-----+-7-+-----654-75
7-++---9-58-69-6----6--5-5--+5+5---
---6-8--9--2-7--6-6---66--8+2----4-
-++--+--78-8+6-7+----+8----9--5--+-
8+-------8-47---66-----6+8-+----9--
-7-5----+----3-9-4-+---4-8---8-----
--5-4---5----2-7+---+-+-8275-+----9
---5-9--7676-+--6--+-4-+84-+-78--8-
454--8--+8---+----7--5-+9944-----4-
-----46----7-8-88+---69----+-5----+
-7-994-7+-+97+9--98-----3+-+--6-5-7
---7-36---97---4-----8-+--++-68+++-
----4-4--++6-1------69-----8-++-4+-
-4-+-9--85-8--7---6-+5---9-+3-54+-+
+---79-++-----73-+--7-+----6--8---4
+9--+-78-67376-8---8+---4++-4-4+-+6
--+-9--4--------8-----+3---7----9-7
-85+-+-9697+-+--+4++-----+-35----5+
-----+-6+--------+--19--+----+----+
-5+----77---6--8-4--++--+--+74-585-
--3+-+2---+2+6+-+-8-7-8+-----------
--86+5--+89+-1-+-7-+-9++5+-9--7----
---75--7---++--8--+-6+6-------+-++9
-+---46+9------+------4--7-5--8----

Generation = 40, Population = 407.
---+3-+-6+---+---++-8+---+8468--+-7
--+----+--+-9---3-+5-+-7-8-++---7--
-+-9+--+-8-3---7----8+-7+9+--+-+--8
+++---69----+67--+--++--++9--+58---
-+------++3----+--+--459-+7-6+-4-9-
-+++-7--+-89756-769--5---8---+-+7-+
4-87----7++--5-9--+-+++-8-75-+8+999
-++-++++++++++----9+9-9---6+9-9--++
--65--+8-----+-64-7---7--+4+-++---9
---+---+-+-+6--+8++58---58++5--+--+
+9-++-8+--+-8--87-----+7-+8+-87---9
6+6--9---7---+84+6--++---+--+6-+-++
--+---9--++---------7------++-+--+-
+6+-+-+-----6---7---+5+4---+---7+++
+9-+-----+-++-+4--8+-+-9+--8-4---9-
+---+---7-9--++--------78+++---+---
+8--++---8+-+89---85-+-59+-++--5-+-
6+9-9--+---+---+-6+-+---++-56-8--7-
+----+--+7+-9++--+--3-4-+-+6-+--9--
+-+-+859+++-7--9-+---++--5+-977---6
++-++-4-+9-5-8+3+--+9--+8-7758-5+6-
7-86+-----++-----7---+++6--+---9--+
+-+----9--8+-8-----69+-7-+-+-7+-+--
++777-9+++--9+----8++-+9+-56---+++-

*** Life<FredkinCell> 42x40 ***

Generation = 0, Population = 49.
----------------------------------------
----0--------------------------------0--
----------------------------------------
--------------0-----------------0-------
----------------------------------------
---0--------------------0---------------
-----0--------------------------------0-
0---------------------------------------
------0---------------------------------
----------------------0-----------------
--0--------0--------------------------0-
--------------0-------------------------
-------------0--------------------------
----------------------------------------
-0------0----------0-------------0------
----------------------------------------
-------------------------0--------------
-------------0--------------------------
-------------------------0--------------
----------------------------------------
--------------0-------------------------
-----0----------------------------------
------------------0---------------------
----------------------------------------
----------------------------------------
--------------------------------0-----0-
----------------------------------------
--------0-------------------------------
--------------------0----0---0----------
--0----------------0--------------------
-0--------------------------------------
-----------------0----------------------
----------------------------------------
--------0-------0--0--------0-----------
------------------------0----0----------
----------0-----------------------------
------0---------------------------------
-----------------------------------0----
----------------------------------------
----------------------------------------
--------------------------------0----0--
-0----------------0---------------------

Generation = 1, Population = 175.
----0--------------------------------0--
---0-0------------------------------0-0-
----0---------0-----------------0----0--
-------------0-0---------------0-0------
---0----------0---------0-------0-------
--0-00-----------------0-0------------0-
0--00-0-----------------0------------0-0
-0---00-------------------------------0-
0----0-0--------------0-----------------
--0---0----0---------0-0--------------0-
-0-0------0-0-0-------0--------------0-0
--0--------0---0----------------------0-
------------0---------------------------
-0------0----0-----0-------------0------
0-0----0-0--------0-0-----------0-0-----
-0------0----------0-----0-------0------
-------------0----------0-0-------------
------------0-0-------------------------
-------------0----------0-0-------------
--------------0----------0--------------
-----0-------0-0------------------------
----0-0-------0---0---------------------
-----0-----------0-0--------------------
------------------0---------------------
--------------------------------0-----0-
-------------------------------0-0---0-0
--------0-----------------------0-----0-
-------0-0----------0----0---0----------
--0-----0------------0--0-0-0-0---------
---0--------------0------0---0----------
0----------------0-0--------------------
-0--------------0-0---------------------
--------0-------00-0--------0-----------
-------0-0-----0-00-0---0--0------------
--------0-0-----0--0---0-0----0---------
------0--0-0------------0----0----------
-----0-0--0------------------------0----
------0---------------------------0-0---
-----------------------------------0----
--------------------------------0----0--
-0----------------0------------0-0--0-0-
0-0--------------0-0------------0----0--

Generation = 2, Population = 168.
----------------------------------------
--0---0-------0-----------------0--0---0
----------------------------------------
---00-------0---0-------0-----0---0--0--
-----0--------------------------------0-
00---1--------0-------0---0-----0-------
---1--10----------------------------0---
0-00------------------0-0---------------
--0-01--0--0----------------------------
0-------------0-----0---0---------------
0---0-0--0--------------------------0---
------------0---0-----0-----------------
-00-----0------0---0-------------0----0-
--------------0-------------------------
---0--0---0--0---0---0---0-----0---0----
-------------0--------------------------
-0------0----------0---0-0-0-----0------
-----------0---0------------------------
--------------0--------0-0-0------------
-----0-------0--------------------------
------------0---0-0------0--------------
---0---0--------------------------------
--------------0-0---0-------------------
-----0--------------------------0-----0-
------------------0---------------------
--------0---------------------0---0-0---
--------------------0----0---0----------
--0---0---0--------0------------0-----0-
-0----------------0---00-------0--------
0---0---0------------0------------------
---0----------------0----0---0----------
--0-----0------01--0--------0-----------
-0----------------------0----0----------
------0-------0---1--0----0---0---------
------0---------------0---00---0--------
------------0---0--0--------0------0----
----0---0---------------0----0----------
----------0----------------------0---0--
------0-------------------------0----0--
-0----------------0----------------0----
------------------------------0---00---0
-0-0------------0-0-0-------------------

Generation = 3, Population = 474.
--0---0-------0-----------------0--0---0
-0-0-0-0-----0-0---------------0-00-0-0-
--000-0-----0-0-0-------0-----0-0-00-0-0
--011------0-0-0-0-----0-0---0-0-0-00---
00-0-10-----0-0-0-----0-0-0---0-0-0----0
110002-0-----0-0-----0-0-0-0---0-0--0-0-
-0-20-210-----0---------0-0-----0--0-0--
-----0000--0---------0---0----------0---
-0101200-00-0-0-----0-0-----------------
100--00-00-0-0-0---0-0-0-0----------0---
10-0---00-0-0-0-0---0-0-0----------0-0--
000-0-0-00-0-0---0-0-0-0---------0--0-0-
0110---0-0--0-----0-0-0---------0-0--0-0
-000--0-0-0------0-0-0---0-----0-0-0--0-
--0-00-0-0-001--0-0-0-0-0-0---0-0-0-0---
-0-0--0-0-0-010--0-0-0-0---0---0-0-0----
0-0----0-0-0-0-0--0-0-0-----0---0-0-----
-0------0-0-0---0--0-------------0------
-----0-----0----------0-----0-----------
----0-0---------0-0----0---0------------
---0-0-0---0---0---0----0-0-------------
--0-0-0-0---0-0---0-0----0--------------
---0-0-0-----0---0-0-0----------0-----0-
----0-0-------0-0-0-0----------0-0---0-0
-----0--0--------0-0----------0-0-0-0-0-
-------0-0--------0-0----0-----0-0---0--
--0---0-0-0----------0--0-0-0---0-0-0-0-
---0-0-0-0-0----------00-0---0---0---0-0
----0-0-0-0------0----110-----0-------0-
-----0-0-0--------0----0-0---0-0--------
0--------------00-------0-0---0---------
-------0-0----01200-----00-0-0----------
0-----0-0-----000-00-0-0-00-------------
-0---010-----0-0-0-00---001-------------
-----010----0-0-0-00---0-0-1----0--0----
----0-0-0--0-0-0-00-0-0-0-0----0--0-0---
---0-0-0-00-0---0--0---0-0----0--0-0-0--
----0-0-00-0------------0----0----0-010-
-0---0-0--0-------0------------0---0010-
0-0---0----------0-0----------0-0--100-0
---0------------0---0--------0-0-01-0-0-
0---0----------0-----0--------0---00---0

Generation = 4, Population = 185.
----------------------------------------
0--10---0---------------0--------1---0-0
-----0--------------------------------0-
0---------0-------0---------0-------1---
------1---------------------------------
----1--1------------0-0-----0--------0--
-10------0-0----------------------0-----
--0-0---------------------------0-------
--2-------1--0--------------------------
---0--------------0-----0-0-------------
21---0011------0---0-------------00-----
1---------0-------0---------------------
------0--1-------0-------0--------------
-------------0--------0-----------------
-01-11-----11--0-------0-0---0-------00-
--------------1-------------------------
-------------10------0-------0----------
-----0---0-------0----------------------
-0------0---------00-0-------0---0------
----------------------------------------
----------0-------0------0--------------
-0-------0---0------------------0-----0-
--------------0-------0--0--------------
--------0-------------------------------
--------------0-----0----0---0----------
--0--0-------------0--------0-----0-0-0-
-0----------------0---------------------
----0-------0----0----------------------
----------------0----0--10---0---0------
0-----0-0------00--0---1----0---0-----0-
-0---0------------------1----0----------
--------0-0--0-------0------------------
------1-------------0----1---0----------
--0-0----------1---11--01-------0--0----
-0------------------0----1--0----0------
------1-------0--1----------------------
--0-------1---------------------0----1--
-0------1-------0-00--------0--0-------0
------------------------0----0----------
-0--------0-------0---------------------
------0---------------------0---01--10-0
-0---0--------0-------0------------1----

Generation = 5, Population = 491.
0--00---0---------------0--------0---0-0
-0021--0-0-------------0-0------0-0-0-0-
---0--0-0-0-------0-----0---0----0--0---
-0---00--0-0-----0-0-------0-0-----0-00-
0---01----0-------0-0-0-------------00--
-100-2--00-0-------0---0---0-0----0-0-0-
02-2---10---0-------0-0-----0---00-0-0--
-----0---000-0-----------------0-00-----
-03-1----0-00-0---0-----0-0-----0-------
10--00000-0--0-0-0-----0---0-----00-----
-20001--200---0-0-0-0---0-0-----0110----
2----0-00--0---0---------0-------00-----
0----0-00----0--0-----0-0-0-------------
-00-000--0-0--00-0---0-------0-------00-
012-220---022---0---------0-0-0-----0110
-00-00-----00-2------0-0-0-----------00-
-----0---0--02-0-0--0-0-----0-0---------
-0--0-0---0--00-0--0-------------0------
0-0--0-0----------11--0-----0-0-0-0-----
-0------0-0--------0-0---0---0---0------
-0---------0-0---0-0----0-0-----0-----0-
0-0-----0---0-----0---0--------0-0---0-0
-0------00-----0-----0-00-0-----0-----0-
-------0-0----------0-0------0----------
--0--0--0----0-0-----0--0-0---0---0-0-0-
---00-0-------0----------0-0-----0-----0
0---00------0---------------0-----0-0-0-
-0-0-0-----0-0-------0--00---0---0------
0---0-0-0---0---1--00-1-210---0---0---0-
---------0----01-00-000-00-0-0-0-----0-0
--0-0-----0--0-00--0-0---0----0-0-----0-
-0---000---00-0-------0-00--------------
--0-00-00-0--0-0----1--0--0-0-0-0--0----
-----01-------0-0-12200120--00-0--0-0---
0---0-1-------00-0--10-0--01-0----00----
-00--0-0--0--0-00-0-0----0--0---00---0--
---0--0-00-0--0-0000--------0----0--0-00
0------0-00----0--110---0--0--0------10-
--------0-0-----0--0---0-0----00-------0
0-0---0--0-0-----0-0----0---00--00--00-0
-------0--0---0---0---0----0-0-0121-21--
0-0-0--------0-0-----0-0----0---000--0-0

Generation = 6, Population = 453.
-----0--------------------------------0-
-1---0------------0---0---0-0--0----10--
---1--10----------------------------1---
--01---0----0---0-----0-0-0-0-0--00---10
-00-12--00-0----------------------0---0-
1---130--10---------0-0-0-0-0-0-0--01--0
1-030-22-000--------------------1---0---
0-00--00----------0-0-0-0-0-0-0---1--0--
--4-2200-1--1------0-------------0------
210-11----1-----0-0-0-0-0-0-0---0-------
2---12-13--------0---0---0-----01--10---
3-00----1---00--0-0-0-0-0-0-------------
1-1---0-----0--0---------0-0-0---00--00-
0---------01--11--0-0---0---------------
1-3-3--0--1--1---------0-----0-0---01--1
-----1---0--11--00----0-----------------
--0-01--0-------0-0--0---0-0---0-0---00-
---0-------0--10---1--------------------
---0--0------00-00220--0-0-0-0-----0----
-1---0-------0---0--------------0-----0-
-1----------0-0-0-010000-0-0-0---0------
---0---01------0--------------0---0-0---
----------0-0-0-0-0----11--0-0----------
-00--00--10--0-----0--------0---0-0-0---
-0----------0-0-0------0-0-----0--------
0--1---00---0--------0----0---0-0-0---0-
---0----------0------0--0--------0------
0----1--0-0---0-0--0---0--------0-0-0---
-----0--------0----1--2-3-1--0-----0----
0-0---0-----0-1--11--1---10-------0-0---
------00--------1---010-1-00---0-0------
0-0-0-----011--12--00--01---0------0--0-
----11--1---------0-2-0101--10-0-0------
0-0-0---0-0---1--02--1---11---0--01--0--
--00--2---0-------0-2-01-112-1000--1-0--
-11---------0-----101--00---1--01--0---0
00--0---1---0-------0---00--100--100---1
-0-0------------0---10----0--01--0---2-0
--0---0---1-----------0---000--1-0--0--1
---0-0------0-0---010-0-----1--0---1---1
----0---0---------------0-0--1-1-----20-
-----0-0--0-0-0-0-0-0-0-0--------1-1-1--

Generation = 7, Population = 728.
-0--010-----------0---0---0-0--0----0--0
0-0211-0---------0-0-0-0-0---00-0--0-1--
-0-20-2-0---0---0-0-----0-----00-0002-00
-----0-1-0---0-0-0---0---------001-010-1
-1-0----1-0-----0---0-----------0-1-0010
2---24---2-0-------0------------10-1-0--
---4-03---110-----0------------0200-1--0
1-1-0-110-000----0-0-----------00--0--0-
---0-31----0-0--0-0-0---------0------0--
----22--0--00--0-0-0-0---0---0--1--00---
-------2-00-00--0-0-0-0-0-0-0-01-11210--
---1-00-20-0-10--0---0-------0-00000000-
--2--0-00-0-1--1------0-0-0---0-01100110
-0--0-00-0-2--2-00---0-----0---0-0000000
2-----0-0-2--2-0000-0-------0---0-01211-
0---0200---02-20-1-------0-0-0---0-00000
-0-01-00---0020-10--0---0---0-0---0-0110
---1-00-0-0-0--10002-0-0-----0-0-0-0-00-
-0010--0---00--011-3100-------0-0-0-0-0-
02000--------10-010--00--------0---0-0-0
0200-0-00--0-0-0-01----1------------0-0-
-00-0-01200---0-0--0000-00---0-0-----0--
-000-0000-1--0-0------02200-0---0-------
0-10011002-00-0-----0---00-----------0--
-1-0-000000010---0-0-00-----0---0---0-0-
--020-0110-010--0---01000--0-0-0-0-0-0-0
--0100-0--0-00100--0010--00---0-0-0-0-0-
-0-00200---0-0---00100--0-0--0-0-0-0-0--
--0-01--0-0-00-010-20--1-1200-0-0-0-0---
---0--1----0--21-22--20-021--0-0---0-0--
----00-10-00--0-2-0--21020-1--0----00-0-
----1-00001-2002-0-11-0-2-0-1-----0-00-0
---0221020-00-000-1030121--0-10--1-0-00-
--101-101-10-0-101322-0--2--0010--2-010-
0-11-0-000100-0----0301-0-230211---2-100
----0-1-0-0010---1--20---00-200-----0001
11---0-0-0-010--0-0------1-0-1------010-
-10---0-1-0-0--0-0-1-1--0-1-0---0--0----
---0---0-0-00-0-0-00--10-0-----2-10---0-
----0---0-00---0-01-1-100---2-0-000--0-2
-----0---00-----0--0---01--0---212--2-1-
---------0--------------100--0-00----2--

*** Life<FredkinCell> 44x20 ***

Generation = 0, Population = 103.
--------------------
-----------------00-
0-0---------0-------
-0--------0--0--00-0
-0---0--------------
-----0---0--0-------
--0-------0--0------
0-------------------
0----0-0------0-----
---0-00--------0----
----------000-------
--------------------
-------0------------
----0------0-0-0----
--0----0----------0-
-0------0-----------
--------------0-----
-------0----------0-
----0000------------
----------0-------0-
0-----0-0------0--00
---------0---0------
--------0---0---0--0
------0----0--------
--------------------
-------0-----------0
--------0--0---0----
--------0-----------
--0-----------------
----------------0---
-----------0--------
0----0-0----0-0-----
00------0----------0
-----------------0--
--------------------
---0----------------
--------------------
---------0-----0----
------0--00---0-----
0-0-----------------
------0-----00-0----
--0-0---------------
---0----------0-----
--------------00---0

Generation = 2, Population = 287.
0-0---------0-------
-0--------0--0-0-2--
-10-00----1---0-----
---0-1--01-1--1-----
1------0--1-11------
01-0-------1-00-00-0
-1--0--00--10-10----
2-10--0--0--0--0----
2--1-2-0-0-0-1--0---
10-000-00----0---0--
0----1--012-21------
---0000----1-0------
--0--0-0-0010-----0-
-01---0-00-0---0-0--
0---10-0-0----0-0---
---00-00--00-0-0--1-
--0-000-----0---0-1-
-0---1--100-----0-0-
0-0120-0-0----00--00
-------111--00--0-2-
0-0--1-0--1-01------
------10--10---1--1-
0-------0------1-1--
----0--11----------1
-----------10--00--1
-----01-00-1-----0-0
--0---0--11------0--
------01--0-----0--0
0---0---1------0----
0----0-00---0-----0-
100-----00---0-----0
2-00-0-0-00-0-0--0--
0-10--0---00-----1-0
1--0-0-0----0-00---1
00------0----------0
-0---0---0-----0-0--
------0--10---0-----
0-00---0---0-0---0--
----0-01---101-00---
---------1-----1----
---01-0-00-1-200-0--
----0-1-------11---0
-0---00------1-00---
--0-0-------01021---

Generation = 4, Population = 288.
010--0------0-------
-----1---1--001--2-0
1---2-1-1-3--0--0---
12---31--3--0031---0
3------0-0----1-----
-1-0--0-10---0-1220-
--0------011--1--1--
-13-0-----1--0--00-0
--0114-2-200------0-
-20-02-0--1-00-0---0
------0-0-4--3100-0-
10------1-----------
0--0-2-0---1--------
0--1-10-22-2-----000
0--012-2--0-0-0---1-
-0--20----2-1-----3-
0-----001-0----0---1
---11----2----10--0-
01-1---2-0001---1-22
-0------1--1------4-
----------310--1-001
-----0---1---1---011
-----011---1----01--
--0----31------0--1-
0-0---1-0------2--11
---0-----0-3-0-102--
----0--01------00---
1---1103---1--0-----
-1----1-3----------1
-------2----0----1-0
-------10--0--------
-12-0----001----1-1-
-1---1------1--1-3--
---------0---0-21--1
------0--000--1-----
--1--0------0-0-----
11----0-1---00-0---0
--2-00-----2-2---0-0
--10-02------1----0-
0-010-0-------01---0
--1-----2001----00-1
------1-11----1----0
---0--01-0--------0-
0---0-----01---4-100

Generation = 6, Population = 448.
-1---2100---201-0---
02-0-30--11--2-102-0
311-20-0-031---0--0-
3410051---0--2----1-
----02101---323--1--
0110---132--10-3--21
--20-0-1103--1101-01
4----0-1-211--0-2--0
21-11----4--0--1-00-
-----222-0-12-1200--
2-1---0--1-1-312-0--
-2--0--031-302-1-01-
-02-041-1---2--00---
-221--2--4-400-0122-
20---4-2-1-1--01---0
1-1-20-0--213--101-0
000---2---21100-2---
-11-3-112-2--1---1--
-113--1---0--1--1--4
----000--11---0110-1
01-0-20-1-----110001
-000---1---1---302--
0-101011--111102-111
1--10-1--101-0-2-032
--2-01----02-1-210-3
100-0-2120-3---3-4-2
10---0---11--100-1--
1---112-20-1---0---1
---0--3-3-01---001-3
010---04-------0110-
--------2-0-00-0-1-1
3-400-0-0--1--00-21-
------1-00---0-3-3-2
-1--01-0-20100-23--1
0---000110-2----10-2
1-11-0-0-2102-20-0--
3---110-121----0--12
--4--0-1-1-212-1-0-2
--30-022001-13---0--
-02-2----3-10-2-01-2
1-3-201-2-032-11-20-
--111--11---0-1-1-02
-01-0--3--0------0-1
----0-----232-1-132-

Generation = 8, Population = 286.
1-2--2-0--1--23-----
---0--0---1-0-3-----
-1---22-1--31-------
-63-----2-21---3-13-
410--4-2-0--32------
-----------3---5--2-
----02-3--3--------3
-2----0-------------
-3------1----313--2-
24-1-------1-11-----
2--1-121----3-----00
-4-----------2--1031
12---41-3---------00
--43---0-----2---2--
--1-2---0-2-20231--2
-----01--0-1----2---
0----141------2---1-
---2-131--2---2----1
213-----1-0--31-----
--1-----1-1---0---5-
--1---0-1-53-2--00--
-0--01-----3-2-524-1
2-1-3--12----3----3-
-1-1-0-32---1------4
00------2-----0----3
-------1---5-0-3-40-
3--0221---------03-0
3--0------1-----0-1-
1---0-3-5-2----2--15
--------2----1-23---
---1--0-400-2-1-1---
316-2-2-0--1-1-2--3-
1----1--00-11--31---
--1-0--2-4-----2---1
---0----1--2--31----
---3----0--2--40---0
--0-----------------
-1-----3------030--4
0052--2----1-----0--
0-4--1111-0-2-4-----
-1--40314---4333-2--
1---3-----0-2----0--
---1-----220--1---1-
---1--01-1-3-2-4-54-

Generation = 10, Population = 430.
12-0123--13-34311---
--0-15--1--1--52131-
-3--3-203-4-11------
3---0---45-1--5-1351
-30--42220-15-50---0
--3---0-3303---53-2-
0--1--1-------22-103
64--2---1----122--1-
2---2------2-3-5-12-
2403-44--0-13--2-101
-1230323215--4-320--
2612---2--------3-3-
---2-6-------001-100
1---033------4---23-
213-2--3---2-2231-2-
--31301-0031-----352
-211-3-131-----24--1
-32231513-41--2--111
4--42122-----532-04-
11-1---31--1-12320--
11--1-00-0-314-----2
-0-2-32--1150------1
201-513--1---514-2-2
----202--3----1-014-
2----3-14-0-22----1-
12-----12-150----42-
5--0-2-02-3------3--
311--3-3---30-0--1--
-----0--70---11-22--
-1111---2-----1-322-
-1-----1-02-2------1
--812--0--03-1-4-4-1
3-11------0-3--5351-
-2-2-1-2-6-2--1---1-
100---0-3-14---3-0--
--2-100---3-4-4----0
-20-2-1-3-----00-0--
0-6---03-104-3232-1-
---41-44-0--2-0--0-1
2162311--40-4--2-2-2
21--42534-1563--1-11
--21-03--2-1-0---202
----0-1--2-00-11-2--
00-3--2-033532-42742
