*** Life<Cell> 43x15 ***

Generation = 0, Population = 52.
------------00-
-------------0-
---------------
------------0--
---------------
--------0------
---------0-----
------------0--
-0-0-----------
---------------
------0--------
----000---0----
------0--------
------0-0------
---------------
0----0------0--
--0------------
--------0------
-------------0-
---------------
---------------
------------0-0
----------0----
---------------
0----------0---
---0-----------
---0-----------
-----0-0-------
-------0-------
-------0-------
--------0------
---------------
-------0-------
---------------
----0----------
0---------0----
---------------
-----0---------
-----0--00----0
---------0--00-
-----------0---
----0----------
------00-----0-

Generation = 4, Population = 157.
--------01-**-*
--------00--*--
---------0--11-
--------0---0-*
-0-0--------01-
----0-------00-
-----00------0-
----011-0-0-0-0
-0---001-------
------.--------
--1-.-.--11----
-0*..-*.*10---0
-0-0*-----0----
--1-1---*-0-0--
------.------0-
-01--11-110---0
1--------------
----0-*-0-----0
---------00--0-
0----0------0--
0-0--------1---
---0------.-*-0
---1--0----..11
-----0-0-------
--*-1-----.----
------------0-0
-----.-.1-1----
-1-1-----*-1---
0--0-.--.------
------0.1--0---
---0---1----0--
0----1-1--1----
---1---0.--0---
-----1-1-------
0----0--00----0
--*-0-0--0--011
-------0---0---
-1--0----1-----
-0---111-01-.--
0----1--0**---0
------*------0-
0---11-11------
--11.1**--1--*1

Generation = 8, Population = 250.
-0-001-***1..0.
-----1----00*-1
------1-1.-***-
-----0*--*-1--.
------*----..-1
0-------1-----1
-0----*1----*.0
0--***.1--1-0.-
---1-1..---11*-
-..1-..--11--0-
-1.1.1.-*-*.-11
.-.*......-1*10
1.-1.1-0**--.-1
-010.1-0.11-*-0
-.*--1*00------
11.-1**-*1--*1-
-1-1--000-*0---
**11--.-0-0---0
0--1-0---1-.0--
.---*-1*--.101-
------*1--.-.-1
----0-1000.*.1-
---.---10-0***-
0----*-0-------
0-*1*---0-.---*
------11-0.1---
--*.*.-.-..1-0-
1*-.-*-1*..-.0-
--1*0.--.1*1---
*-1-01-.*-1---0
*--0---.001*---
-------*11--10-
*----10-..0-.--
--0**.0*-0----.
--.0--11*-.-.1*
*1.1-.--1.*-.--
-11--.***11--1.
..-.*.001.*1-*-
1*---.**-*.-.-1
-0-0*.11*..----
--*0*-.*--.--0*
--0*.**-*--01*1
*****-...---1**

Generation = 12, Population = 277.
0--*--0..*****.
01--1*---*--.1-
--00--****1*.*-
0110**.--.-*-*.
-0010-*.11-....
---**00--.-*---
----.1.1.*.1...
1*-....*--*1-.1
01*1-...1-*..*-
1***...0**1-100
--...*...1..-.*
**....*...-.*..
1*-*.**0*.*1*.*
11*0.1--*.*0*-*
*..-1**1--1-1-1
**.-......1-..*
-1.**-*-*-..0-1
.*1*11.*-.-*-0-
*0.*-*1.**-.--1
*1*-*--.--.**.*
*--00-..-*.-.-1
.-*--1*-...*..-
1-*.1.0.--.*..-
*1-.-.-**------
-1*-*----1.-01.
1.01--..-0..--1
*-....1*1..**.-
*.1.-.**..**.*.
0--*-.--*...11-
.-.*-......*-10
.-1----..-..-*0
-01-1-0..1.-.*-
.11.-*-..*01.11
--*...1.0*1-1**
.-.0--**.0.-..*
.*..1***1..-.1*
*.*--....-.-1..
*.1.***0-.*.1*0
..-.0...1.*-*1-
-*--******.01*-
***0*1.*1-.*--.
001.......1...*
.....1...1-***.

Generation = 16, Population = 254.
-***0-0...*.***
1.*...**1..****
11---*...*.***1
*.1-*.*10*-.-*.
0----0..*.-*...
1.-...-***-**.*
---1......*-*.*
1.**....-0.--..
-..-.........*-
*.*.......10..-
*-..........-..
*.**.......*.*.
*.-*...-.*....*
*.*-.-*-*..*.*.
*.*-.**.-.1**01
*...*..*.*.....
*....-**.*.*0**
..*..-**1.*.-0-
....***.....*0*
...*.-**1-.....
.-1.--.**..1.-.
*1.1*....**...*
*1**1...1**..**
.-1*..0..*00.0-
*1...*-10..**.*
..1.1-..**.**0*
.0.***-....*...
.*1..*..***.*..
*.1.-.*1**..*.-
*-***.*.**....-
.****00**...1*-
0-.1-*-...*..*0
***...1......**
11..*.**1.--.*.
.0.0--**.....**
...**...*..*.**
...--....1.-..*
..***...1...*.-
*.0**......-..*
-.*-*......-***
...-.-..*-..--*
*.*.....**-...*
***..-...-*****

Generation = 20, Population = 225.
-***1**.*.*....
*...*.*.*****..
*.**-.*.....*..
..*0...-**..-*.
0..*.-..*...**.
..-...1...1..*.
1-0.*.******.**
-.......-0.-1*.
-*.-....**.*.*0
*.......**.*.*-
*..*....**.**..
*.***....*.*...
*.*....-.......
*.*0.**1.......
*.**....*......
********.**..*.
...*.1*...**-**
...***....**.1-
...*.*....*...*
...**-*.*-*...*
.--.1-..*..*.-*
*-......**....*
*..*1....*.....
.*1***-*..*0*-.
..*...-.-..*.*.
..*..-.*.*...-.
**....-........
***....**.*.*..
..1.-.**..*...1
**..*...*..*..-
*..***-**..**.-
-1..-.-....**.-
**....**...*...
-*...**.**--...
.1...-.....**..
.....***.****..
...--**.....*..
.*.....*****.*.
.*-.....**.1*.*
.*.1.....**1*.*
...-.-..*-*.*-*
........*.*..*.
.....-...1.....

*** Life<Cell> 26x30 ***

Generation = 0, Population = 36.
------------------0----------0
-----------------------------0
------------------------------
------------------------------
-0----------------------------
0-----------------------------
-------0-00-------------------
---------0----0-----0---------
------------------------------
-----------------------0------
---------------------------0--
----0-------------------------
-----------------0------------
---0-------------------0-----0
------------------------------
------------0--0--------------
--0-000--0--------------0-----
------------------------------
--------------------0--0------
-------------------0----------
-------0----------------------
-0----------------------------
---------------0----0---------
-----0-----------------------0
----------------------0-------
------------------------------

Generation = 5, Population = 297.
--0----------0-0-----0-001-*0*
-------0-00---0---0---0-01-*-*
0-----0---10--0--0-00----0-001
-0---0-00*---0-0---0-0-------1
0-----0--0----0--0-00--0----0*
---0-00----0-00---0---0-0--001
------10------*00-0----00-0-00
-0--1----1--0*-0-0-0---1-0-0--
--0000----1--0-----0---00--0-0
--0-0--0-10------00-1-010-0--*
---0--0-0-100-00---00-010--00.
-01.000-11-0-01*0--0---00----1
00--*-*--10----1---0--0-------
--0-10--00---0----0--0010-01--
----0--00--0----0----001000-0-
-001----*---0..0-------1---00-
0-*---.1*-1-0-0---00-0-1---0--
010-00-0000--0-000-0--0-0--0--
-0-0-0------0-0*1001*1.-.-0-0-
--00-1---0---0-00--00------00-
--1--.*00------------0-0-0---0
0--0-*---0------0--00-00------
-----0---00-0--0-11-10011--0--
0-0----10-00----0--1--00--0-0-
-----00-00-------0---0-0-----0
0-0-0-00----------0---0---0-0-

Generation = 10, Population = 296.
-0---0-----0--1----0-*-..*-.-.
0-0-0----.---------0-.-10**.-.
---0-0-1-*--0-.-10--.1----00-.
0-01-0-.1.-.---------0-10-0*-1
--01---1-*.---1--0-1.-0-0-1-.*
-----1-0-*00-**1-0---111.----.
1-*1001-----1**-1-.1-------0-*
----**---1-.*.---*-*1--**-1--1
00--...-01.-0.1-001.--1*-101-.
-01..11--*1-1--.-..-*10-.*0-1.
0111--*01.---*---010*-1*-*0.*.
0*...-.--.--....*--0--1-01--0.
**1*.*.1-..-1.1*11-.1--01--.-0
*0-*.*-1-*1..1..1--*0**.*-0.--
1---.**..1.--1*-11-1*0-.----*0
-1*...01.0.--..-.1----0----01.
*-.-.-.-.*....1*0-.--0*.10-10-
-*--.-1-*010-0-1*--00**.--1--1
0*-11.-.--0--*..--1-...0*.-..*
0----.--10--011-01---.-.*--.0-
***.-..-*-------0*-10-...1--00
0-.-1.---.-010--0.-1-0-*.10---
-0**0.-*--0-.1*-...-1-0*.*-1--
--11---.0-0*-.1-1.-1-00*--0---
0-0--...1.-----0----1-0-*10-0-
------------00-0---*---01-----

Generation = 15, Population = 317.
00---0---**11.*01--*.*****.*0.
100*-.1--*--1-*00*-*-...1...-.
--.--*0*-..1--....**..*10-*-1.
*--*--.*-*-.--.10---0--*-..***
0**---*.-*****.***-1*-*--**-..
*0-*0.11*.0*.....-..0...**-*1*
1-.*11.-*0.**.*.-1*.-10-.-*--*
-..-.*1-0..*..-...*..-*..-*.-*
.0*0***1...*1..*.*..---..-0.1.
-*.**.**1**-.*.....-.-1.......
--..-0.-..1*-.-*-....-**1.1.*.
-**....-..0**.*...-.*1.0*--.*.
.*-...*.*.*-..***.*.*..-.-*.0.
*--...**-**...**.--.-....1-..0
**-..*.**-*.*..-1**..1..*01-..
....*.0*.-*-1*.-....0-.*0.-*..
.-..*-.**.**.*..--.-0-***.-.11
0..1*---...*-.1-.*1.1.**0**-1*
1.0........01...*--**...*.*...
00-.*.-.-.-1*..0.*-1-.-...1..-
...*-...*------.1.1-.-..*.**-1
1**-*.-1-.-*1-*-***.--.**..*-0
1.*.-.1*--...1*....**--.**.10-
-**--1-.*1*......*0--*0.-1*-.0
--11..***.--0.1-0*0-*0..*.--1-
10.-*-*..1--.10.1-*.-0--*1-1*0

Generation = 20, Population = 286.
-1**-**0-.*....-*1-....*.*.**.
*.1.-.....-1**.*-.-.-.**....0*
*.*.****0**1--***.*..*..--.1**
.0-...*...**1-.-0------*0.*.*.
..*.*.**-.*.......-**0.*-.*.**
.-*.0**-..-*.....1*....*.*-.-.
.-.**1.....**...-..*..-**1**-.
-**-*.**-***.....***.-...-*.-.
.-*-*..-.*.*.......*0*-.....-.
1*.*..**-**.*..**..**.****....
0-***1.-.**.*.*.-..**-..-*1**.
-.***..**.....*.**.*.*.1.-1..*
..-******.*-.*.**.*.****.1**.*
.--*....1*.*...*..-*-**..**..*
..*.....**.**..-**.*.1...-.*..
..........**1..-...*....-*-...
...*.*.**......*-1*--1......*.
...**-..*.....-*...*....-..1-.
..*.*.......*....*-*......*..*
*1*...1........-**1.1.-*.*-..*
.*....*..1*1*1.....1***..*...*
-..-.*-.-....-**...**1*.....0*
..*.0..**....*..*.*.*-*.....*-
-..10-0*.-.....*.*-*1.*.--.-.0
-11.*....*-.0...-..-.-*...--.1
.**-*1...-*-.*-..*..*-*..*1**-

Generation = 25, Population = 238.
-.**0..1-......***1.........*.
.*1*0.....1...*...-.-...*....*
.***....-.*.1...*****...-1....
.1**..**.*...*.111--1*.***....
.***.*.****...*...-..**.*..*..
..*****-*.1...**.......*.*-.-.
.0**.-*..**..**.-..*.....*..-.
-..-....-.***...*..*....*0..-.
*0*1*..-...**..*.*....1.....1.
1*......1......*.*....*..**.*.
-1.*...1*....*.*-**..-***...**
-.**.*...*.....*...*..*.***.*.
...........-.........**.*-*...
.--***....*...**..*****.*.....
...***....*.....**.......-....
....*....*.*1.*-*.......-.-...
....*..*...****.1.**-1..*.....
.......*........*..**.**-..-..
.....*****.....*......**..*...
.......***.***.-......1*..*.*.
.**..***.**-**.....1.......*..
1*.-...*-..**1......**..*..*-*
.*.....*............*1.....*.-
*..*--...-........-.-..***.*.*
-*.....*..-.-......-*-...*.*.*
.*.-*.*..-.-..-......-.*..-**-

Generation = 30, Population = 227.
1...-..-*...*..*..............
*.-.-.*..*.*...*..1.-..***....
..*...**1*.*-..*.....*.*..**..
.*....*..*.*.*....01*.**..***.
.....**.*..*.**...-...*.......
......*.*.*...*.*.*.........-.
.-..**.**....*.****.**...**.-.
**.1**.*-................***..
*1.**..-...*.**.**..........*.
-.**..*..*.**.*.*****..**.*.**
*.**..*****.....0....-......**
-.....*...*.....*.*****...*.**
...*..****.1......**..*.......
*.-...***..............*......
.*.........**...........*.....
............*..1..........-...
..............**-...-.*.*.....
............*.**....****...-..
.........*.**.*..*...*....*...
...........*...**....*1.*..*..
*.*.....**.-***.*.**..*..*.**.
...*.....******...**.*.*....-.
.*.**.....****.....**-**..*.*.
..*.1-...-........-*1*...**...
-.........-.-......****..*.**.
...-.....-.-..-....****.*****-

*** Life<Cell> 43x28 ***

Generation = 0, Population = 35.
----------0-----------------
----------------------------
----------------------------
----------------------------
------------0------0----0---
-----------0----------------
-------0-------0------------
----------------------------
----------------------------
----------------------------
----------------------------
----------------------------
-0-------------0---0--------
----------------------------
--0-------------------------
----------------------------
----------------------------
----------------------------
---0--------0---------------
----------------------------
----------------------------
-----------------------0----
------------------0---0-----
--0----------------------0-0
--------------0-------------
-0----0--0------------------
---0------------------0-----
---0------------0-----0-----
--------------0-------------
----------------------------
----------------------------
----------------------------
-------------------------0--
----------------------------
-----------------------0----
----------------------------
-----0----------------------
----------------------------
----------------------------
------------------------0---
----------0-0---------------
----------------------------
----------------------------

Generation = 2, Population = 116.
--------0-0-0---------------
----------------------------
----------0-0------0----0---
-----------0----------------
-------0--0---00-0---00---0-
---------0---0--------------
-----0---0--00---0-0----0---
-----------0----------------
-------0-------0------------
----------------------------
-0-------------0---0--------
----------------------------
--10---------0-------0------
----------------------------
01--0----------0---0--------
----------------------------
--00--------0---------------
----------------------------
-0---0----0---0-------------
-----------------------0----
---0--------0-----0---0-----
--0------------------0-----0
--------------0-0-------0---
01--0-0--0---------------0--
---0--------0---0-0---------
--1-0--11--0----0-----1--0-0
-1---0--------------0---0---
-----00--0----1---0-0---0---
---1--------0---1-----1-----
---0------------0-----0-----
--------------0----------0--
----------------------------
---------------------------0
----------------------------
-----0---------------0------
----------------------------
---0---0---------------0----
------------------------0---
-----0----0-0---------------
----------------------0---0-
--------0-0-0-0-------------
------------------------0---
----------0-0---------------

Generation = 4, Population = 122.
------0-----0-0----0----0---
-----------0----------------
-------0--0----0------------
----------------------------
--------1-0----*0---1--1----
-------1-------1------------
---0---------------0--------
----------------------------
-0----------0--0--------0---
-----------0----------------
--1----0-------0------------
----------------------------
-1.--0-----0---0---0---0----
----------------------------
*.-1--0-----0---------------
----------------------------
-1-------------0---0--------
-----------------------0----
--1----00-------0-0---0-----
--0----------------------0-0
--------------0-------------
-1----0--0---------0-------0
------------0-0---0-------0-
*.-0--0---------0----000-0-0
----------0---0---0---------
-01----..-1--0---------1----
-------1--------------*---0-
--0----1----1-----0-*----100
---.------0---1-.-1---.--0--
-0----0--0------------------
---1------------------10----
---0------------0-----0-----
-----0--------0------0-----0
----------------------------
-------------------0-------0
------------------------0---
-0-------00-0------------0--
----------------------------
-----------------------0----
--------------------0-------
-----00-0-----0-0-----------
----------------------------
----------0-0---------------

Generation = 6, Population = 291.
----0-010------100-0-00-0-0-
---------0---0--------------
-----01--10--01010-00--00---
-------1---0----------------
---0--001---00-.*1-1-**--0--
-----0---1---1-.-0----------
-----0--0-0-1---00--10-00---
-------0---0---1------------
--1----0--0--110-0-0--0---0-
---------0---0--------------
0---0----0-100---0-0---00---
--1--------1----------------
11.---1--0--1--0---------0--
-10-------------------------
..--1---0-01--0--------0----
-1---------------------0----
1-*---000---00--1-1--00-----
--1------------------0-----0
01.-001--10----10-01----0---
01--0-0--0---------0-----0-0
--1----00-----0-------0---0-
1-1-0-011--0----00----00-0-0
-1----------0-0---0-0---0---
..1-110-001--00---0-1*-*0--0
-1------0---0-0---0-0-1-----
--.-0--..-.1---01-1-0-11-01-
-----1-.-0----------*-*--0--
0-0-00*.-----1*-0-*-.-*-*1--
---.---10-------*-.-1-.---01
--1-0---1--00---1-1-0-*--100
-1-.------0-------0-0---1--0
-----10--0----1---0-0---0---
-------0----0---1-----0--0--
---0------------0-----0-0---
-0---0---00-0-0--0----------
----------------------0---0-
---0---01-*00-0----0--------
--------------------0---0---
-0---00-000-0-0-0----0------
------------------0---0-----
---01-*00-----0-0-0----0----
--------------------0-------
-----00---------0-----------

Generation = 8, Population = 202.
--0----1-------.--0---------
-----------0---0------------
------.-----1-101--*----*---
-------.-----0-1-0---11-----
-0--1---.--0*0-.*101-..*1--0
---1---------.-.---1-01-----
--0----0--0---0-*---.--*----
---------------.------------
----------0-----------------
--1-------------------------
-1*---------0---------------
00--1------*----------------
.1*-0--1-0-01------0---01--0
0--11------1-----------1----
.*1----1--*.---1--0---1-----
---0---------------------0-0
1*.-----------1-------------
--.---0--1------------------
-1.10------1---.----1-0-----
--11------------1-----1-----
--.-----------01---1--------
1*.----*-------1---------0--
-110---1--1---*------0------
.*-0*-*00-.------1-0*.1.----
-1-0-11-*0*----------1.--1--
0-*---0..-.1--0-.0*---..--.-
-1-1-.-.1-110---0--1*-*-1-1-
--01--..1--0-..0*-.-.1*0*-1-
-0-.--0.-------1.1.-.-*-----
--------.-------.-*-0-.1-.--
---.------------1-0---*-.---
--0--.------------------*0-1
----------0-0-1-.1-----1----
-1----0--1------------------
---1-----------1------0--0--
---1------0-----0-----0-----
-0------.1.0-00-------------
----------0-----------------
----------*-0---------------
------0---------0-----------
--1-.1.0----------*-1----0--
------0---------------------
-----*-----------------0----

Generation = 10, Population = 392.
0-0-00-1-0--0--.0-010---0---
---------1---1-------00-----
-00-0-.0--10--.-*11.-11**-00
---0---.----1*-.-*-01..00---
---0--11.0--.--..*0-*....-10
-1---1------1.1*0--*0-.11---
01---1--1*011100.1-1.*-.*0-0
--10-----------.---0-00-----
-0-----10-0---1-0------0----
-0.--------0----------------
0-.----0-1-10-0----0---11--0
*---.-0--1-.-0---------1----
*1.*01*----*.100-01-----.-10
0--.110--1-*-0-------0-*---1
*..*-0-11-..-01-11-1---1---1
1-00100--0-0-------------0--
*.**0--0--001--11-1-0-------
--*11--11--1----0-----1--0-0
11*--1*--*---0-*--1*1-*-0---
--*-1010-1----10--0-1-.-00--
-1.-0-----0001*-0---1-*-----
...100-*-0---0-**--10--1---0
0.---001------.00----0---1--
*.*-.*.*--*---*----**.-.-1--
-.1--..1.0*---*-1---01.01--0
-1.-0--..1.*01--**.---..11.0
-1-.-.-..-.-*110---..-.-.0.-
-1*1*-...10*-..0.-.-...0.-.-
-00.---.1-0100***-.0.-.11-1-
-------0.--1---1*-*---*1-.11
-1-.--0---0-0--11-*---.1.---
01--0.1--0------1-*-1-*-.*0-
---0----0-0---11.110-0------
--1-0--11-00----------*-01-0
---.-0---**00-------0---1--0
---.-00--00-0-1---0-0---0---
--------.-.--*--1-----1--0--
---0--0-----1---------0-----
-00--1-01-*-01----0-0----0--
------0-0-----0---*---------
0---.1.0-00-0---1-.-1-0----0
------0-0-------0-----------
--00-.------------0-00-0----

*** Life<Cell> 30x35 ***

Generation = 0, Population = 58.
-------0---------------------------
------------------0---------0----0-
-----------------0-----------------
-0-0-------------------------------
---0-----------0--------------0----
---0-------------------------------
-----------0-----------------------
-------------------------------0---
----------0---0----------------0---
-----0-----------------------------
-----------------------------------
----0---------------------------0--
-----0----0-----------0------------
--------00-------------------------
------0---0--0-----------0---------
---------------------------------0-
-----------------------------------
---------0------0------------------
--------------0--------------------
-------------00-----------0---00--0
---0-------------------------------
-------------------------------0---
-0-----------------0---------------
---------------------0-------0----0
0----------------------------------
0---------------------0------------
-0---------------------------------
------------0-0-0-0------------0---
--------------------------------0-0
-------------------0----------0----

Generation = 10, Population = 447.
0-*.----0-1*--*-10-------1-0-*---0-
-1-.-*-*00.00-1---0---001-*-*.-1--*
1*..-1.-1-.--1-----------.--0.*.---
-..***-.1.101-*10-0-0----10-*1--.00
0.1--0-1*...0-1*-1---0---001.-0-.--
--..**.1---0010-1---0--1--1-.11-.--
-*1*0**-*..-0*1.-10--001---1--*.0--
--*..-**10-010--0-.--0---1---.-**.-
00---..-*-0--.-.0*---1--1-0-**-..-0
*--*.-.---1-1.100-*-0--1001.---..0-
-.-1...*10**1..1-0-0--11--.--1-.*10
**----1-1.*01.-11-1-----1-.00.*....
--...*.*1-.***--*.*-1--0*.--.-0.0*-
.1.1.-1-.**-.*.---.101--00.0-1**1.1
*.*-..1*0--..-0-0*.-1-..---------.0
01.-**1-1*--**..0-011-.--0-*--1111.
*-1--....1-1.-.00-01.-0------*----1
*--*--1.*.-0**-*-*101*0-11--1-*.1..
*11--011.0-01**-1-110..0---.-*-11.0
*100**-.0--...-1**11....--.-1.1.-.-
*.-1-*-------..1--..-01100---11-0--
.*11-0-*--101-1-1--0-**.*---01.--0*
*---.**-00----.--.-.-*0.1.-0-1--.**
*.*---0--*-*-.0--...-0**--.-.-*0--0
.**11---*--11-*--*-**1---010--*0.**
**...-*0--1---001-**-*1--01.-0.10-*
**--111-1--01-*-.-0**.*01------1--.
101-*10-010-1-.0...*.-11.--.....1-1
1-0-0----0--0-*0*---.--1.-.-*-*-.-0
--*10-0-001--**-*.**01*.1.--1011.*.

Generation = 20, Population = 389.
--...**.....1.....-*..---......----
1.-**...-..--***.**.**.....*....*-.
.*..-.**...***1*.1.*-.--.****...1*1
**..*....*.1*..***-.*-0.**1.*..**.1
-*.-.*......0..*-.*.1.....*.....*1*
*1..***..0.1*..***.----........-..-
*..**...*.*-***.1***-.-..***11*.-..
..*.....-.*...1**-***0.-*--*..*.*..
0.**-...**....**..*-....*.....-..*0
.**..**..*...*.*11*...-.*-**-.1**.1
-.**.....-...*..-0*--***1......**..
.*.1....***-.**.**..1**..*.*....*..
*1***..**.*..***..*...-**.*..--.-*-
*..-*-........**-.**-..-...1-.....*
**.....*1.....--**..*....-..1*-01.*
***..*.-..**....-*..1..1..*.10*...*
.*..*....***...*0.....*-**....*.*-*
.0.*-*..*.****..*.*1***...-.....*.*
..-*-*****..*...*0..*.*.-...0**....
..*...*.-1....--.*.1.*.*-..*-*....1
.**....1.--**....*.*.0..-.-**..--.-
.**.-.0**..-...1.-.-.*.**...**..-..
.-**...**1...-.**...-....*..*...***
..*--1*.-.-*-*.*1..*.*..-**..*.*1.-
...-..*..0**.-*-........--**...**.*
.*...*..*.1*..*0..***.**-0**.....1*
*..11.*1**1..-*.*-...*...00*...*--*
..-***-***.-******..*.1..**.*...--.
*.*.*.-.-..-**.*..-**1....*.*-.0*1*
1..-.--.****......*.-......*.......

Generation = 30, Population = 253.
*.*...............-.**1--...*..-.--
*.**....-.*..******.......*..*...-.
....*......*.....1..**1-*.**......1
*..**...*...........*1.....*.*.*..-
1..*...**...-........***.....*.*...
........*0...**.**..-0..*.........-
*.......*.....*.....-***.*...-.....
.**.**........*......*...*.........
-..*..*..............****.........-
....***....*..........**...***.....
*....*....**.....**00*.*1.....**...
*..**......*.*...*.....*...*...*...
...........*.*..*....*-....*.-*....
..*..*..**.*.*..-*.........*-......
....*...**.....*.*.........***1....
....*..........**......-.....**....
...............*-........******..-.
.-........................-........
..-.-........*...-......0**........
............**..................*..
..........1*..*.***..-..*..*...*...
....-.*...**..*....**...*...*..*.*.
.1...***...*.*.*****-..****.*...**.
***....**..*.....*.....**..**......
..****..*-.*......*........*.......
.......**.....*....**.*.*-.........
..*.*..**..*.**...*.*.**..0....***.
..-*.**..*...*..**.***.*.......*.*.
....**....**..*..*.*...........1.-*
...1..-.....*...**..............**.

Generation = 40, Population = 186.
..................-...**1......-.--
........-..................*.....-.
.......*.............*.**.*.......1
.....*.........*......*...........-
....*.......*****...***............
....**.*.....*.......1............-
.........*.*.*.**............-.....
..........*.****..............***..
-.........*...*...............***.-
.............*.**............*....*
.......**...***.*..-..*.**..**....*
..........*****.*...**........*....
........**..........*.*.....***..*.
....**...............*..*.*.**.***.
....**.......*..............*.-*...
.............*.*.......-..*****....
..............*...........***....-.
.-....................**....*......
..-.-.........*.....*......***.**..
............**....*.....*.....*..*.
............***......1..*..**.....*
............**....*..*.**...*.....*
.............*.....*.........*.*.**
.............*.*...*.........***...
...........*.*.....*............***
....***...............*..-..**.*.*.
....*.......*****....*....-..*.....
..-.*.*...........*........*.*.....
....*..*....................*.**...
...-.**......................***...

*** Life<Cell> 37x37 ***

Generation = 0, Population = 92.
-00------------------0---------------
---------------------0---------------
--0-0-------------------------0------
----------------------------0--------
------0--------0-----------0---------
-----------------0-------------------
------------0-----------0------------
0-------------0----0-------0---------
--------------------------0----0-----
-0-----------------0-0-----00-0------
0---------------------------0-0------
--------------------0----------------
-------------------------------------
---------0---------------------------
-0---------------0--0-------------0--
-0--0-------0----------------------0-
------------0------------------------
---------------------------------0---
--------------------------------0----
-------------------0-------------0---
-----0------0-------0--------------00
----------0------------0-------------
---------------------0--0------------
--------------------0-0--------------
-------------------------------------
---------0-----0---------------------
------0------------------------------
------0-----0-----------0------------
--0----------------------------0-----
-------------0--------0---0-------0--
------------0---0---------0-----00--0
---0-----------0---------0-----------
-----------------------------0-0-----
------0----0-0------------------0--0-
---0-----------------------0--00-----
----------------------00-----------0-
---0------------0--------------------

Generation = 15, Population = 537.
..***.1..*.-*.***.**...*..**.*-0-***.
..*.---*0-1-*..0-1**0.-.0..-..***0*0-
-.1....1-..*.0-.-....*...*.......-1*.
....--1-1.**.1*-**-*-*-1..*.**.-.-**.
*.*.*.--..1**.-1..*0.**.....---.1..*-
..-.*.-0*1.**1.1-...**0.*.-***..-00--
*..-....--1..*-1-.-..*-.1-...-0..-1-.
****.*.-....**-.*.**.1.-.--...-...*-1
...-.*11.*--*1---****.*1........**0*.
**.*.*--1*11..**..***1....-*.....*.--
**.*.---00***...0*..*1**.......*..-.-
**.-.----.1.1-.*-..*1**.1*.*.-*1....*
*1-1-.1*--..*..***0**..0.*.**-*.0.0..
.*-...***11.*..0...**..1..-*-....---*
.*.*-*-.*.--*.*..-..*..*-1**..*..*1*-
.*.**-.--.*-*.*0***..1*-.*--.*.--.0*.
-..*-.*.--.-..*1..*...1-11-**-.**.-*.
**-1*.--*...*1-0*-.-..****1.1-..-.-*.
..**-..*0-1..*0.**.1..-...0-*1.10**..
1.***-.1..*.**..-*--..*.***-.10...1..
-.*1---....1..*.--*1...*--1..-*......
*..1--*.1....-*.0-*....*...1..*.-..*1
01*---*-..0*.*1.1--**..-...*01-....*.
1*-.*..*.****...********.**..0.-.**.0
0--.-.1.*..**1*-**.*...-.-.*1.11*.-*.
.*11**.--***.*.*-1.*.***--.-**.1...--
**..1*..**-...1.*.-..0.**-...........
*.1**1....***.*.*-1-*0--*11.1..-...*.
.1.**-*0.*....-.-0**-..1**.-.1.1.*.*.
--....*--**.*..-.*.1..-.....-.--*.-.*
*.*-*...**10*-.11-*-*1..***...****.*.
*1*.-*..-....*11-*.-.**.**-.-....1.-.
...**-.**.-11..--*.**1.......*..***.1
.-*.1..**..*.1-.-......-.*-.........-
*--.--*.*-.--1--*1...-1.1*-.....**..1
.*....***1...1........*.*...*0-**-...
.-.1---*.*1*---*1*.*1*...**....*-..--

Generation = 30, Population = 341.
........*..........**........**......
.......*.*1-.....**.**..-...*..*.....
......*.....*.*...*.*.......*..*.-.*.
......*........**...**......***0...*.
....*.***.....*.***1*..............*.
**...**..*...-*....*..-...**.........
**...*...-*..*............**.01......
...........***............*.*.*....**
...-...*....*.....***.........*......
......*....*....**...*..**....*...*..
.........-...........*..*.*.*.**.....
...-.*.*.*..-..*.*..1.*....*.**.**..*
..-..*.*........*.*****..**.....-.*.*
.....*...-**...-...****...-........*.
......*...***...............**.......
....*.*-..***..-.................*...
....*...*.**............*****....*-..
..............*-...1....*.*.....*....
....-...*.**..1*........*.-.*........
...**..*..**...**........**...-......
**.**...*.......***.......****...**.*
*...**.*.*****....*.....**...*..*...*
**........*..*...1.......****...*....
.**.......*.......*......*......**..1
..***.*......*.............*..*......
...****...*..*.*1..........1****.....
.*.*..*...*.***..*............***....
.*.***...***.*....*............*.**..
..*.**...*.*......*.**.***.....*.....
.............**...**....*.**1..**.-..
*.*........-.-.....1.***.*....****...
*.**.**......*****...........*.......
.....***..-..*.*.*..........*..*.*...
.-............*.1...........**.**.*..
*.-.*..*..*1...*.*...........*.**...-
.***.**.......***.*...........-..*...
.**.*1....-.....-...-..............--

Generation = 45, Population = 247.
...........**.**..**.................
...........**.**..**....1.........*..
.....***......**.....*.............*.
....*****......*.....*...*.......**..
.......*.*.....**........*.......*...
.....*..***....*.*...*...............
...*.**.*1...........**..............
......***......**.....*..............
...-...*.......**..............*.....
.............*.*.........**....*.....
............*..*........**....***....
............*.*.........**.*.*.......
..-..........*..........***.**.**....
...............-........*...*.***....
........................*..*.*.*.....
....*..-.......-........*..*..**.....
...**....................**..*.*.....
..*..*.............-.....**.*..*.....
..**...................*.***..*......
...*.****.*...........*....*..*......
.....*...*.*......*....*..****.**....
......*....*.....*.*........****.....
.......**.*......-*..................
.........*....*.....................-
.............*.*...........**........
............**.**.........*..*....*..
.....................**...*..**...*..
..*..**...............*..*...........
..*.***.*............*****.........*.
.....*................**..........*.*
.......**....-........**.**....*..*.*
......*.........*.....**.......**..**
..............**..*........*...**....
....**.*......**.**.........**.**....
....**.*....*...*.*...........**....-
......**..**.***.....................
......****-..**.....-..............--

Generation = 60, Population = 175.
.....................................
........................-............
.....................................
.....................................
...***..............**...............
.......*..............*..............
...*...*.-........***.*..............
...*..............*.*................
...0..**...............*.............
...*....*....*.......***.............
....*..*.....***.........*...........
....*..*......**......**..**.........
..-...........***.....******.........
...............-*.........*.*........
...............**.........**.*.......
.......-.......*...........**........
............................*........
...................-.................
................*....******..**......
...............***..****......**.....
..................**....*............
......**.......**.*....**............
......**......***.**.**.*............
...............**....**.*...........-
..........*....*****...........***...
.........*.*...**.*..........***..*..
........*..*....**.........*.*.*..*..
........*..............****..........
.......**.*...............*..*.*..*..
........**...........*........**.....
.............-.......*....*.*.**.**..
.....................*.....*..*....*.
..............................***.**.
....**.................***....**.**..
....**..............................-
................................*....
..........-.........-..............--

Generation = 75, Population = 117.
.....................................
........................-............
.....................................
.....................................
.....................................
........................**...........
.......................*..*..........
..**.......*............*.*..........
..**.......*...........**............
........**.*.........*..*............
..............*......**..*...........
........**...*.*.......**............
..-.........*...*....................
.............*...*...................
.................*...................
.......-.......*.*...................
.....................................
...................-.................
.......................*.............
.....................*..*....***.....
......................**....*........
......**...................*....*....
.....*..*..................*....*....
......**.....................*.**...-
........*......................*.....
......*.*.................*..**......
......*.*..................***.......
.....................................
....................**..........**...
...................*..**......******.
.............-......*......**...*..**
....................*...*..**.***...*
.....................*..*..*****.*..*
.....................**.**.......***.
......................*.*........*...
.......................*.............
..........-.........-..............--

Generation = 90, Population = 141.
.....................................
........................-............
.....................................
.....................................
.....................................
.....................................
.....................................
..**................**...............
..**.........*.......*...............
............***.....*................
...........*...*.....................
..........***.***....................
..-........*....*....................
...........***.***...................
............*...*....................
.......1.....***.....................
.......**.....*......................
......***..........-.................
......*..*...........................
.......**............................
.............................***.....
.....**.......................***....
..*.*..*.....................*.**..**
..**.........................*****..*
.......*.....................*****..*
....*..*............**..........**.*.
....*..*...........*..*...**......*..
...................*..**.**..........
.....**.............*..*..*..*.......
.......*............*.....*..*.......
.............-............*..*.......
.......................**.........*..
....................*...**.**....***.
..................**..*.*..*....*..**
..................*....*.**....**..*.
..................**..*.........***..
..........-.........-**..........*..-

*** Life<Cell> 7x30 ***

Generation = 0, Population = 15.
--------------0---------0-----
------------------------------
0-----0-------------0----0----
0-----------------0-----------
----------0-------0-----------
--0---------0-0--0------------
------------------------0-----

Generation = 1, Population = 49.
-------------0-0-------0-0----
0-----0-------0-----0---00----
10---0-0----------00-0--0-0---
10----0---0------0100----0----
0-0------0-00-0---10----------
-0-0------00---00-------0-----
--0---------0-0--0-----0-0----

Generation = 2, Population = 48.
0-----0-----0-0-0---0-0-010---
1-----------------0-----------
*-0-0---0-0---0-------001--0--
*-----------0-0-01--1---------
1-----0-0---1---0-------00----
----0-----1-0-011-00----------
----------0-------0---0-0-0---

Generation = 3, Population = 102.
10---0-0---0-----000----1-10--
-00-0-0-0-0-0---00-00--0-000--
*----0-0---00010000-001-*00-0-
*00-0-0---001-1--*10-000-0-0--
*0--00---000-0----100--0110---
0--0-00-00*-1-1----10-0--00---
----0----0100-00001--0-----0--

Generation = 4, Population = 42.
*-----0------------------1--0-
1-1---------1-0--1------------
*0--0-----0---*-1----1--.----0
.11-1---------*--.----1-------
.-----0-------0-------0-------
1-0---1-1-.-*0*-100--0--------
0-----0---*-------*------0--0-

Generation = 5, Population = 93.
.00--0-0----0-0--0------1-10-0
-0-00-0---00--10--0--0---0--00
*-0010---0-000*-----0---.---0-
*-*-*00---0--0*00.----*0-----0
.0--00100---1--0001---10------
*--0-0---0.0.-*-*--10----0--0-
100--01000.0000-0-*0-0--0-00-0

*** Life<Cell> 24x30 ***

Generation = 0, Population = 55.
------------------------------
-------0-0---0---------0------
--------0-------------0-------
------------------------------
---------------0--------------
---------------0--0-----------
0-----------------0-----------
------------------------------
----0-----------------0-0-----
-0------0---------------------
----0-------0-0-0-----------0-
-----------------------------0
----------0-------------------
----0---0-00----0------0--0---
----0---0--0-0----------------
0-0-0-------0--0-0------------
------------------------------
----------------------0-------
------0------------0----------
---------0--------------------
-0------0---------------------
---------------------------0--
-0----0-0----0-------0--0---0-
----0-------------------------

Generation = 6, Population = 309.
0---0-0-0-0-00-*-1--0-0-0-0---
-0-0---0------1.---*1--------0
0---0-0-0-00--0----1--------0-
-0-0-0--00---10.-01---1----0--
0---0-0-11---1--00-.11*-0---0-
---0-01*.-0-1..**1-.*---00---0
------0-*-00---*--111-1-0---0-
-----0-0-01-100*10*---0---10-0
0---0-1-*-*01--.0-*0--0---*-0-
0-1---1100-.---0----00--0--100
1-1-.-1--0-*0*11.01-0-0-0-*-0-
1-0-*01010.-*--1*11-1----10.-0
0-1-0--0---1-0*-*1-1--0-1-0---
-.1-.-*1*--0-..--.-1.-10..-1--
*0*-11.-.*-.-1-***0--10---0---
-01-.-.1.*---.--*11*-1-----0-0
1000*-*-.1.*0-0-00---1-10-----
0-1-*11-*-.0-000-1110--*------
0-00.10-110----*-*-0-000.1----
--*11--00----*0-0110--0----0-0
-00-01-00001*001---00--100----
----.1--11--01-0-0--10..11---0
11-*.01-0-*-.-10-01*-...1-10--
--1---.0-000-------------1-0--

Generation = 12, Population = 315.
--0-----0-0-**-*1*1**--1--0---
-0---1.**--.--*..-*...-00--0-0
--0-*-0-1-*.--0**.0*1*11--0-0-
1-0-1---1-0-110.--*-00..*110--
*-0--0.1**--1*1-*..*1..---0-0-
----.*...-.-*....**..--*..00-0
----**.1**1.0*0**-1-.1*0--1-0-
.0*0-0-1-1*-*.-.*0.1**---0---0
1-*--**-**.0*-0.*1..*1*-00.-.0
-*.--..*.1****....1-*-..****1*
-0-*.*.--*-*-*-..**.01-1.1.*--
10--...1.-*1.1-*.-1-*---0.*.-.
-.--*-*0*-..-1*0...*1-*0.-.--*
0.**...*...**..--*..*.....-..-
.1***.***.*.*.1..****.0-1**-.0
-*.0..**..-.-.......0.*.0*111-
-1-0.0.-.*.*....0*-*1.--------
-*1-****.**1-..-0.....-..1100-
.1*-*--..--.*0**-.--1*-1.1**-*
--..1----*0-*.1..*.*--...1-.00
***.0.1*-.*..-*-100.---..-11-1
1--*...-.*----00-.1.**.*.1*01-
.****..-.*.-.-.0-.-.-...*1*0..
.011-1**--*1-0-1--*-.-1*-.1*10

Generation = 18, Population = 303.
-110*-.**-1*..1.*.....-***-0-1
.*.*-.*...-.*-....**.*11..-1--
*-.-.*--*-..1.......**-***.---
.1-**0.--**--...1..**0.*..1..*
*-...*....-1****...*....-*..-*
-.1-....*1*...........-.*.*--0
--.-..*..**.*******1.*.-*-***1
.-..---.-**-**1..-*..*-*-**1*.
.*.-*.*-*.*1.****......*1*.-.-
***--**.**.***...*.1*...*.....
1**..**.*.0*.....**...***...-*
**10.*..*.**.*-..**1..*0**.*..
*.*-.**-*....-*0..***0..**.1-.
-.*...**..***.......**.......*
*.*.*..*.**..*-.*..*..*...*-.-
*.*1*.*......**.**.***.*...-.1
*.*-*..1*..*.**.-.*.1.*..-11*1
-.--.*..***-1**-*...*.*..*.-.-
**.-.*1*..-..1*.-.*1.*1.......
-1..**---.-*.*-.**.**.*...-...
.....*.*0....*.*.1-..11.*0*..*
..0.***-***1-11-*.*...*..***.*
**.**..*....****..1********-*.
.**-.....1..1...**...***-.-...

Generation = 24, Population = 231.
..11.-....*...-....***-***-.*-
..*.......1.......****-**.-...
...-*.**.-....*..**...-**...*-
*-1..*.--....*.*1.*.*1.**.-*.*
.......**.0**..*....*..*1...**
1.......*...*...*****........1
1-.1.............**....1..**.*
..***1*.-..0*........****.....
...1*..1.****...*.......**...*
....1***.....*.*.*.......*.*..
..**.*....1**..*....*.....*...
..**..***.....-....**..1......
.*.0...........-.*..*0***.....
*.**..*...*......**...**......
...***....*......***....****..
**....**.......***.*...****-..
...1..**........-*..-****-.**.
...1.......-..*1.*.**.**..*-*.
..*-..*..*-.....**.***.....*.*
1.**.*-*.*1...**.**.*.....**..
.***.**.-*..*..*..1*.....-**..
..0....1*...-..-..............
***........**...***..........*
...1.....-...******.....-.....

Generation = 30, Population = 184.
..**.-......***.......-......-
..*........*..***..*..1*..-...
*.*1.....-.**.*.....**1****.*.
*.1*...1...***.*....*******.*.
.***......-..*...*......-.....
..*................**.........
.-................**..*.......
........-..-..*.*......**.....
...-........***.........*.....
....-.............**...*..*...
....***....*..*......*..*..*..
...*...*...*..*...*.*...*..*..
..**.**....*...-..*.*0.....**.
...*.............**.*...**.*..
..*....*........******...*.*.*
.*.....*........**..**....*1..
.......*..........**-*...-..*.
.*..*...*..-...**.**.*.....1*.
........****...**.............
1....**....*.....**......**.*.
****....**.*..**.*-*.....*.*..
*.**.*...**.-.**..***....***..
....*....**...**...**.........
...-.....**.............-.....

Generation = 36, Population = 148.
.....-..............**1...*..-
...........**......*..*..***..
...-.......**.....*....*....*.
.......-.*.*......**.***...*..
..........*......**.......**..
.**.......*...........*...*...
.**...............**.*.***....
........-..-.......******.....
...-...............*...*......
....-.**.....***..............
.....***...**.**..............
.....****..***..........*.*...
...............-...**....***..
....**..**...........*..**..**
....**..*...........**.*.*...*
....**.*...........**.****.*..
......*............****.*.*..*
...........-......*.***.*.*...
.................*......*.....
......**.**......*.*.....*.**.
......**...*.**..*-.......*...
..............*........*...**.
.........*.*.**.........*.....
...-......*.............-***..

*** Life<Cell> 23x53 ***

Generation = 0, Population = 148.
---0---0---0----------------------0---0--------------
----0-----------0------0------------0------0-----00--
---0---000-0-----0----------0-----------------0-----0
--------00---0----------0-----0----------------0--0--
------00------0-------0-0-0-----------0-------00----0
---------0-------0------------------00-------0-0---0-
----0-------0---0----------0--00-----------------0---
------0-00-----0-----------------------0------0---0--
----0-----------------0---------0----0---------------
----0---------------------0------0-0-----------------
-----0-------------0----0-----0------0----------0----
-0-0---------0---------0---0---0----------0----------
-----------------0---------0-------------00-----0--0-
-----00-0----0-----0------00-000---------0000--------
-------0-------------0-------0-------------0---------
----0------00---0-000--------------------------------
-0-----------------0----------0--------------0-0---0-
------------------0--------------------0--0-0--------
--0-0----------------------------------------0---0---
-------------------0-----------0---0---------0-------
--------------------------------0--------0-----------
0------0--0----0---000-0--------------0------0-0-----
---0-----0-----------0-------------0--0-------0------

Generation = 25, Population = 360.
.......................***.*....*...*............0...
-**...........**.......*****.**1*...**..*.......*.*.-
*.*..........*..*..**.........**.**.1*..**.......**..
*............*..*.-..1..*.*..**......-.........*.....
..*.*.**..**.-.........*.........1.......****....*...
...*-.**......1..........1***...***....****.......*-.
****..**.*..1...*.**.....*****..*..*-.1*.1.**.*1.*...
...1....*..*.....*...*.*...***.....*...........*..*..
......*..*.*.**.....*..*.......*...*****.***.*..**...
....1*.*...**.**...**.........*.1**.***....*..*.*....
.....*.1-...*...*.***.***......*......**-..-**.-.1...
.....*......*.*..*..*.*..**...*..****...*...-*.*....-
...*.......**..*.*..***..*******.*.-*0.-.....***.**.-
...**..***1*.*....***..*.*........**1.........***....
...*.*-.*.........**.*.*........**...........*-......
......**.*.**.-1...***.*...........--.***....**....-.
......***...*.*******.*.**.*..*.......**.**......***.
.***....*..*.*...*1..-...1*...-....*-.*.*****.*..**10
............*.....1*.-...**......-.**..**...*..1.....
.*.*...............*.*-....*....***.--****.*.*....-..
-.*..1..-......**.*.........**1*.*******.....*.......
.-...*.*.1......*..*...*...*-***....***.*.........-.-
............-.1-....***...-...-......1...............

Generation = 50, Population = 166.
....................................*............-...
...................................*..*..............
.............................*.**..*..*..............
..................-.**......**.*....*................
....................**.......*...*.**................
......................**.....***.****................
.............***......*......**..**.....*......-.....
.............****.....*.*....*..........*.*..........
......**....*...*.....**....**...*......*.*..........
......**......**.........*..*....*...................
**....**-....***....**...*...........................
**...................*...................*...........
*..............*.*...*.................**.*..........
*.....................*..*...........**.*............
.*.....*...............*..**........****.............
...*...**.....*..*........*..........................
.**...*..........*.......***.........................
...*..***........*.........*...........***..........-
.....*...*.......*....*....**.*.*......*.............
.*....**.*...........*......*.***.**.*...............
.*.....*.**...***....*.....*.....*.***...............
.*...................*......1....*.*..............-.-
............-.........*.**-*.........................

Generation = 75, Population = 128.
..........................**.....................-...
.........................*..**.......................
..........................*..**......................
...........................****......................
.......................................***...........
..........................................*..........
......................................*....*...-.....
.....................................*.....*.........
........**...................**......................
........****.................**.......*...*..........
.......*.**.*......................*....***..........
.**...***.........................*.*................
.**.................................**...............
.................................**..................
.................................******..............
.......***..**.....................***...............
.......**...*....**.................**...............
**..........*.*...*..............**.................-
*.*....*..**..*...*..............**......**..........
*..*..*...**..*..*.......*...**.*..*.....**..........
.*.....*................*.****.*.**..................
.....**.................*......*.**...............-.-
...*........-............****.*......................

Generation = 100, Population = 104.
.................................................-...
.....................................................
....................................**...............
.............................**.....***.......*......
............................*..*........*.....*......
............................*..*.........*...*.*.....
.............................**........*.**....1.....
......................................*...*..***.....
.....................................*...*...........
.....................................*...*...........
.....................................**.*............
........................................**...........
.............**.........................*............
............****.......................**.*..........
............*..**................**.....*.*..........
.............**.*..............**..*.....*...........
.............**.*......**.....*..*.**................
**..............****..*..*....**....................-
**..........*..*...**..**........**......**..........
...........*......**.....................**..........
...................*.*...............................
...........*.*......**............................-.-
............*........................................

Generation = 125, Population = 114.
.................................................-...
.....................................................
............................*........................
..........................**.*............*..........
.........................*...*.............*.........
.........................*...*............*.*........
.........................**.**.......*....***........
...........................**.......*.*.....***......
.......................***...*.....**....*...*.......
.......................*.*....**.**.....*.***........
.......................*..*.........***...*..........
.............**.........***....*....*..***...........
............*..*........***.....*...*................
.............*.*......*..*.......*.**................
..............*..........*........**.*...............
.........................*.......**.*................
.........................**....**..*.................
**..............**.......*..........................-
**..............**....****.........*.....**..........
................................*..*.....**..........
............*....................**..................
............*.....................................-.-
............*........................................

Generation = 150, Population = 109.
.................................................-...
.....................................................
.....................................................
.....................................................
.........................................***.........
...........................**........................
..........................**.**.......*..............
............................***......*.*.............
........................*....**......*.*.............
.......................*..*..*.*......*..............
.......................*..**.*.*.....................
.............**.........****...*.....................
............*..*..............*......................
.............*.*.....**...***.*......................
..............*.....***...**.**......................
..................***...*...**.........*.............
.................****....**..*.*......*.*............
**..............*........**..**......*..............-
**.............**..................***.*.............
................*.*...............*.*..**............
.................**...............**..**.............
...........***....................***.............-.-
...................................**................

Generation = 175, Population = 77.
.................................................-...
.....................................................
.....................................................
..........................................*..........
.........................**...............*..........
........................*..*..............*..........
.........................**...........*..............
.....................................*.*.............
.....................................*.**............
...........................**.........**.............
..........................*.*........................
.............**..........**..........................
............*..*..........**....**..........*........
.............*.*...........***.***........**.**......
..............*.............**.***..........*........
.............................*......**...............
....................................*.*..............
**..................................*.*.............-
**...................................................
............*......................*..**.............
...........*.*.....................**................
...........**.....................*...*...........-.-
...................................***...............

Generation = 200, Population = 134.
.........................*.......................-...
........................*.*..........................
.......................*..*..**......................
........................**..*..*.........*...........
...............................*........*.*..........
.............................**.........*.*..........
.....................*...................*...***.....
.....................***.....................****....
.....................*..**............*.*...**..**...
.......................**.**..........*.*....**.*....
...........................*............*....***.....
.............**.........***......*............*......
............*..*.......**......**..*****.............
.............*.*..............**...****.*............
..............*............**...........**.....**....
..........................*.....****.*.**.......*....
..........................*......*...*.......*.......
**........................*..*****....*......**.....-
**.........................**....**...*..............
............*........................................
...........*.*...................**.***..............
...........**....................**..*............-.-
...................................**................

*** Life<Cell> 33x14 ***

Generation = 0, Population = 145.
--0-----0-00--
-0-0-----0--0-
--0---0--0---0
--0----0------
------000-0---
0---00-------0
--00-------0-0
0-00-----00--0
0-000---00----
00-0----0-00--
--0-----00----
---00-0---0---
--00--00--000-
------0---00--
----00--00--00
0-0--00-------
------0-------
----0----000-0
-0----0-----00
------0-0-0---
---0-00--00---
----0-----00--
00----0-000--0
-0--00----0--0
--00000-------
00--0--------0
0--0----00---0
000000-0------
0-----0-------
000------0-00-
---0--00------
0--0---00-0---
-------0-0-00-

Generation = 11, Population = 193.
.-*-11.1---.**
..***1.1*..*.-
.1.-00001...-*
....*-.--..*-*
1**-**.**1-*-.
.*.1*..--...0*
*..1..*-*1**.-
**...*0.1**.*-
*.-...**.-*11*
......00*1...*
.---*0-.....**
**.1**.1.*.-*-
.*..-..*-*.*..
..-.-*.*.....-
-1-1.-*.****..
*...*1-***-*.*
11..--.1*..1**
*1-01..*1*...-
-.*....1*.*.1*
*.-0*1.--.*-..
*.-.*..*1*.*11
..-*-1*.*..-*-
.--.-1-1..-..*
*.*--*.0--.*..
.0.*..-.*1*.*0
-.*110..0...-.
.*.*.-1.**...*
.11.-*.*1-..-*
-0.*1..*-...0-
-.*01....-..*.
..*-...*-1*..*
01-*1....**..*
0.0.1**.-.-...

Generation = 22, Population = 81.
.-..-...*-....
.......*....*.
.-.-..-.*....*
.....-...*...*
..........1...
.......-.*..1*
.............*
........*.....
..**.....*.*.*
.*..**1...*.*.
..*.****......
...*..*.**....
....1.........
**.....*.*...-
..1.....*.*.*.
*.....*...-**.
*1...**...**..
*.............
*.....*.......
.*0.....-.....
..*...........
..*..1.**..-..
..-.*.*.*.....
.*.-.**.*.....
.-..*..*......
-*..*.......-.
..*.*.........
..............
-......**.....
.......*......
**............
....-.........
1.......-.....

Generation = 33, Population = 66.
.-..-....-....
..............
.-.-..-.......
.....-..*.*...
.........*-*..
.......-.**.*.
............*.
..**......***.
..*.....*..*..
...********...
...***.*...*..
.......*..*...
....-...*.*...
.**..........-
*..*..........
.**........*..
..........*...
...........*..
*..*..........
..-***........
*......**.....
.***.*.**..-..
..*..*........
.......**.....
.-.....**.....
-...........-.
..............
..............
-......**.....
.......**.....
..............
....-.........
-.......-.....

Generation = 44, Population = 88.
.-..-....*....
........*..*..
.-.-..-..*....
.....1....***.
.....*..*..*..
......**......
.**...........
*.**..........
**.******.....
**.**.******..
*.*****.....*.
.****.......*.
.....***...*..
.**.*..*.....-
.**.*...*.....
..*.*.........
.*.*.***......
**............
*.*...........
.*1...........
..............
.......*...-..
..*....**.....
.*.*..*.*.....
.*.*..........
-.*.........-.
..............
..............
-......**.....
.......**.....
..............
....-.........
-.......-.....

Generation = 55, Population = 55.
.-..-......**.
.....***..*.**
.-.-...*....**
.....***....**
...*.**.*...**
...*....*..***
........*.....
.....*........
..............
..............
...........**.
..........*..*
...........**.
.............-
..............
..**..........
..**..........
..............
.........*....
........*.*...
........*.....
.........*....
..............
..............
.***..........
0***........-.
..............
..............
-......**.....
.......**.....
..............
....-.........
-.......-.....

Generation = 66, Population = 56.
.-..-.........
...**.........
.-**....**....
..**...***....
...***.**..*..
...*..**..***.
....*.*...**..
.....*........
..............
..............
...........**.
..........*..*
...........**.
.............-
..............
..**..........
..**..........
..............
..............
..............
..**..........
.*..*.........
.....*........
......*.......
...*..*.......
......*.....-.
.....*........
.*..*.........
-.**...**.....
.......**.....
..............
....-.........
-.......-.....

Generation = 77, Population = 37.
.1.***........
*.**.**.......
..*..*........
*..**.........
.***........**
............**
..............
..............
..............
..............
...........**.
..........*..*
...........**.
.............-
..............
..**..........
..**..........
..............
..............
..............
..............
.....**.......
....*..*......
.....**.......
..............
............-.
..............
..............
-.............
..............
..............
....-.........
-.......-.....

Generation = 88, Population = 39.
.****.........
....**........
.******.......
.*...*........
.....*......**
.**.*.......**
...*..........
..............
..............
..............
...........**.
..........*..*
...........**.
.............-
..............
..**..........
..**..........
..............
..............
..............
..............
.....**.......
....*..*......
.....**.......
..............
............-.
..............
..............
-.............
..............
..............
....-.........
-.......-.....

Generation = 99, Population = 34.
..............
***...........
*.**..**......
....*.**......
..**........**
..*.........**
..............
..............
..............
..............
...........**.
..........*..*
...........**.
.............-
..............
..**..........
..**..........
..............
..............
..............
..............
.....**.......
....*..*......
.....**.......
..............
............-.
..............
..............
-.............
..............
..............
....-.........
-.......-.....

Generation = 110, Population = 30.
..............
..............
......**......
.**...**......
*..*........**
.**.........**
..............
..............
..............
..............
...........**.
..........*..*
...........**.
.............-
..............
..**..........
..**..........
..............
..............
..............
..............
.....**.......
....*..*......
.....**.......
..............
............-.
..............
..............
-.............
..............
..............
....-.........
-.......-.....

Generation = 121, Population = 30.
..............
..............
......**......
.**...**......
*..*........**
.**.........**
..............
..............
..............
..............
...........**.
..........*..*
...........**.
.............-
..............
..**..........
..**..........
..............
..............
..............
..............
.....**.......
....*..*......
.....**.......
..............
............-.
..............
..............
-.............
..............
..............
....-.........
-.......-.....

*** Life<Cell> 20x35 ***

Generation = 0, Population = 71.
-----------0---0--00-------0-------
-0-----0--0-------0---00-----------
---0---0-0--0---00------------0----
--0--0----------------------------0
------0----------------------------
-----------------------0------0----
----------0------------0-----------
---00---0----------------------0---
-----------------------0-0---------
----------0------0-0-------0------0
----------------0-----0---------0--
-----------------------------------
------------------0--------------0-
0---0------0------0--0--0----------
-0--------------------0---0--------
-0-------------0-------0--------0--
00----------0-0------------0-------
--0--0-------------00---0----------
----0--0---------------------------
-----0---------------0------0---0--

Generation = 50, Population = 46.
...................................
...................................
................................***
.........**............-........**.
..........**......-.............*..
.........*......................**.
...*.*.............................
..*..*.............................
..*...*............................
-.*..*.......................-....-
...*.*.............................
...........*.*.............**......
.....*.*..**.*.............*-......
.....*.........*...................
........**.*....*.............-....
......*..*.*...*...................
........*....**..-.................
.....................-.........-...
..................-................
........--.-......-................

Generation = 100, Population = 27.
.............**....................
.............**....................
...................................
.......................-...........
..................-................
...................................
.......................*...........
......................***..........
......**................**.........
......**..........*.*...**.........
....................*..***.........
.......................**..........
..................*.*..............
....................*..............
..............................-....
...................................
...................................
...............................-...
...................................
........--.-.......................

Generation = 150, Population = 72.
.....................*.............
...................**.**...........
...................**.**...........
...................**..*.***.......
..................***.......*......
...........................*.......
...............**...*..*...........
..................*....*.*.......*.
......**..........**..........*..*.
......**..........*..........*...*.
...............*.....**.....*..*...
..............**.*....**.......*...
................*...**..*.**.**....
....................**.*.....**....
...................*..**....*.-....
....................**..***........
...................................
...............................-...
...................................
........--.-.......................

Generation = 200, Population = 27.
...................*...............
...................*...............
...................*.......**......
...........................**......
..................*................
.................*.*...............
..................**...............
...................................
......**...........................
......**...........................
...................................
................................*..
...............**...............*..
...............**...............*..
...................................
...................................
......................**...........
......................**.......-...
...................................
........--.-.......................

Generation = 250, Population = 27.
...................*...............
...................*...............
...................*.......**......
...........................**......
..................*................
.................*.*...............
..................**...............
...................................
......**...........................
......**...........................
...................................
................................*..
...............**...............*..
...............**...............*..
...................................
...................................
......................**...........
......................**.......-...
...................................
........--.-.......................

Generation = 300, Population = 27.
...................*...............
...................*...............
...................*.......**......
...........................**......
..................*................
.................*.*...............
..................**...............
...................................
......**...........................
......**...........................
...................................
................................*..
...............**...............*..
...............**...............*..
...................................
...................................
......................**...........
......................**.......-...
...................................
........--.-.......................

Generation = 350, Population = 27.
...................*...............
...................*...............
...................*.......**......
...........................**......
..................*................
.................*.*...............
..................**...............
...................................
......**...........................
......**...........................
...................................
................................*..
...............**...............*..
...............**...............*..
...................................
...................................
......................**...........
......................**.......-...
...................................
........--.-.......................

Generation = 400, Population = 27.
...................*...............
...................*...............
...................*.......**......
...........................**......
..................*................
.................*.*...............
..................**...............
...................................
......**...........................
......**...........................
...................................
................................*..
...............**...............*..
...............**...............*..
...................................
...................................
......................**...........
......................**.......-...
...................................
........--.-.......................

Generation = 450, Population = 27.
...................*...............
...................*...............
...................*.......**......
...........................**......
..................*................
.................*.*...............
..................**...............
...................................
......**...........................
......**...........................
...................................
................................*..
...............**...............*..
...............**...............*..
...................................
...................................
......................**...........
......................**.......-...
...................................
........--.-.......................

Generation = 500, Population = 27.
...................*...............
...................*...............
...................*.......**......
...........................**......
..................*................
.................*.*...............
..................**...............
...................................
......**...........................
......**...........................
...................................
................................*..
...............**...............*..
...............**...............*..
...................................
...................................
......................**...........
......................**.......-...
...................................
........--.-.......................

*** Life<Cell> 54x8 ***

Generation = 0, Population = 64.
----0---
-------0
--------
------0-
-0------
--0----0
-0--0---
------0-
---0----
--0-----
--------
------0-
-------0
--------
-------0
--0-----
0-------
--------
-----0--
-----0-0
0----0-0
--------
0-------
-----0-0
----0---
-------0
-0--0-0-
--0-----
-------0
------0-
------00
0--0----
-0------
--------
-0------
---0----
--0-----
--0----0
--------
-----0--
0-------
--------
--0--0--
--00----
---0--0-
-0---0--
--0-----
00---00-
0---0---
--------
0-------
-00-----
---0----
--------

Generation = 11, Population = 192.
...*-*.0
*.*.0**.
.-*1.---
1*00--*-
.....0--
1-.-.*1-
-.-.*1**
-.*-**..
10-.*1-*
0-0-.-**
-0*..*-.
*1-*1*1-
1*.1.0*-
00-*-.**
*.01..*0
.--*..-*
*-**...*
0.*-0.1-
...*-.*.
...*..0.
...*-.*.
.-*...1-
*.0...-.
*.*-1.-1
*----1.1
-0*.*...
...*1.-.
00-*.*-*
*1*0.*.*
--.*1**.
1*11-*..
***01.*.
-.*-.*1.
-0.-...*
1-*.-*..
-.-.1.0.
1.*-.-.-
.......-
-..--.-.
**.**0.*
*-11..**
0***-.0*
..*-..**
1-0*.0**
1**..*..
**---.*.
*-*.-..-
*.--.*..
*0-*.-.*
***.-.-*
1...-0-*
.**00-01
-*...0*1
-*****--

Generation = 22, Population = 107.
..**....
.*..****
.*....-*
.*.-...0
......*1
--*.....
.*......
-.......
.*....-*
.**0...*
.1..*..*
**......
**.*.-..
.--.-...
.*...*..
..-*.*1.
.....**.
....-***
.**.1...
.*....*.
....*...
.**.*..-
.*...*..
*....*.*
*...*...
*.**.**.
...*-.*.
-***....
.....*..
.1**1...
........
.....**.
......*.
.1..*..*
.***..**
......*.
.*...-.-
.****..-
*...-...
*.......
.-..*...
..**....
...-....
.....*..
...***..
..1.1...
..*.....
.**..**.
**...**.
........
.....-..
...-.-..
-.......
......-.

Generation = 33, Population = 92.
........
........
.....*..
**.1.*..
..*..*..
*.*.....
.*......
1***....
.*******
.*..****
*****...
***.....
....*...
***.*...
........
..-.....
........
....-.*.
...*..*.
....*..*
.....**.
.......-
........
........
........
...**...
...**...
-.......
........
........
**......
*.......
........
......*.
....**..
.***.**.
.**..1..
..*****.
.....**.
.**.*...
.-**....
.*.*.*..
....*.*.
.....**.
.....*..
........
..*.....
.*.*....
*...*...
.*.*....
..*..-..
...-.-..
-.......
......-.

Generation = 44, Population = 52.
........
........
........
...-**..
...*..*.
...*.*..
....*...
........
........
........
........
........
........
........
........
..-.....
........
....-...
......**
.....*..
...**...
...**..-
.....**.
........
........
...**...
...**...
-.......
........
........
........
........
........
........
........
........
.....**.
......*.
**.***..
*.**....
*.**....
*.**....
.***....
...*.*..
......*.
..*...*.
....***.
........
......*.
...*....
....*-..
...-.1..
-.......
......-.

Generation = 55, Population = 49.
........
........
........
...-**..
...*..*.
...*.*..
....*...
........
........
........
........
........
........
........
........
..-.....
........
....-.*.
....**.*
....*.*.
........
........
........
...*.**.
....***.
.....*..
....*...
-.......
........
........
........
........
........
........
....**..
....**..
........
........
.....*..
....**..
........
........
........
.....*..
....***.
...*.*.*
..***.**
...*.*.*
....***.
....*.*.
.....-..
...-.1..
-.......
......-.

Generation = 66, Population = 33.
........
........
........
...-**..
...*..*.
...*.*..
....*...
........
........
........
........
........
........
........
........
..-.....
........
.....*..
.....*..
........
........
........
........
........
........
........
........
-.......
........
........
........
........
........
........
....**..
....**..
........
........
....**..
....**..
........
........
........
.....*..
......*.
....*.*.
....*...
....*.*.
...*...*
..*..*.*
..*....*
...-....
-....**.
......-.

Generation = 77, Population = 15.
........
........
........
...-**..
...*..*.
...*.*..
....*...
........
........
........
........
........
........
........
........
..-.....
........
........
........
........
........
........
........
........
........
........
........
-.......
........
........
........
........
........
........
....**..
....**..
........
........
....**..
....**..
........
........
........
........
........
........
........
........
........
........
........
...-....
-.......
......-.

Generation = 88, Population = 15.
........
........
........
...-**..
...*..*.
...*.*..
....*...
........
........
........
........
........
........
........
........
..-.....
........
........
........
........
........
........
........
........
........
........
........
-.......
........
........
........
........
........
........
....**..
....**..
........
........
....**..
....**..
........
........
........
........
........
........
........
........
........
........
........
...-....
-.......
......-.

Generation = 99, Population = 15.
........
........
........
...-**..
...*..*.
...*.*..
....*...
........
........
........
........
........
........
........
........
..-.....
........
........
........
........
........
........
........
........
........
........
........
-.......
........
........
........
........
........
........
....**..
....**..
........
........
....**..
....**..
........
........
........
........
........
........
........
........
........
........
........
...-....
-.......
......-.
