*** Life<ConwayCell> 49x34 ***

Generation = 0, Population = 41.
..................*...............
..................................
...................*..............
..................................
........*..*.......*....*.........
.*......*..............*.......*..
..................................
..................................
..................................
..................................
..................................
..................................
.......................*..........
.........*..*....................*
........*......*......*...........
..................................
.....................*............
..................................
...........*......................
..................................
..................................
..................................
.........................*........
..................................
..........*.......................
.................*................
..................................
..................................
...*..............................
..............*...................
..................................
...*........*.................*...
..........*.....*.................
...............................*..
..................................
..................................
..................................
........*..............*.....*....
..................................
.*................................
..................................
.........*.......*................
..........................*.......
........*.........................
..............*...................
..................................
..................*...............
..................................
*.................................

Generation = 1, Population = 0.
..................................
..................................
..................................
..................................
..................................
..................................
..................................
..................................
..................................
..................................
..................................
..................................
..................................
..................................
..................................
..................................
..................................
..................................
..................................
..................................
..................................
..................................
..................................
..................................
..................................
..................................
..................................
..................................
..................................
..................................
..................................
..................................
..................................
..................................
..................................
..................................
..................................
..................................
..................................
..................................
..................................
..................................
..................................
..................................
..................................
..................................
..................................
..................................
..................................

Generation = 2, Population = 0.
..................................
..................................
..................................
..................................
..................................
..................................
..................................
..................................
..................................
..................................
..................................
..................................
..................................
..................................
..................................
..................................
..................................
..................................
..................................
..................................
..................................
..................................
..................................
..................................
..................................
..................................
..................................
..................................
..................................
..................................
..................................
..................................
..................................
..................................
..................................
..................................
..................................
..................................
..................................
..................................
..................................
..................................
..................................
..................................
..................................
..................................
..................................
..................................
..................................

Generation = 3, Population = 0.
..................................
..................................
..................................
..................................
..................................
..................................
..................................
..................................
..................................
..................................
..................................
..................................
..................................
..................................
..................................
..................................
..................................
..................................
..................................
..................................
..................................
..................................
..................................
..................................
..................................
..................................
..................................
..................................
..................................
..................................
..................................
..................................
..................................
..................................
..................................
..................................
..................................
..................................
..................................
..................................
..................................
..................................
..................................
..................................
..................................
..................................
..................................
..................................
..................................

Generation = 4, Population = 0.
..................................
..................................
..................................
..................................
..................................
..................................
..................................
..................................
..................................
..................................
..................................
..................................
..................................
..................................
..................................
..................................
..................................
..................................
..................................
..................................
..................................
..................................
..................................
..................................
..................................
..................................
..................................
..................................
..................................
..................................
..................................
..................................
..................................
..................................
..................................
..................................
..................................
..................................
..................................
..................................
..................................
..................................
..................................
..................................
..................................
..................................
..................................
..................................
..................................

Generation = 5, Population = 0.
..................................
..................................
..................................
..................................
..................................
..................................
..................................
..................................
..................................
..................................
..................................
..................................
..................................
..................................
..................................
..................................
..................................
..................................
..................................
..................................
..................................
..................................
..................................
..................................
..................................
..................................
..................................
..................................
..................................
..................................
..................................
..................................
..................................
..................................
..................................
..................................
..................................
..................................
..................................
..................................
..................................
..................................
..................................
..................................
..................................
..................................
..................................
..................................
..................................

*** Life<ConwayCell> 36x48 ***

Generation = 0, Population = 82.
......*...........*.......*...........*.........
................*..........*....................
............*................*..................
...*..............*.............................
.*................................*.............
.....................*...*...*..................
..............................*..........*......
...*............................................
..*.........................*......*............
**............*........*...*..*.................
...*............................................
.................................*.....*........
................................................
.......*.......*......................*.........
...............*.............*............*...*.
................................................
*........................*.*.....*..............
................................................
.......................*.................*......
......................*.*.......................
.......................*..................*.....
.......*......................*.................
..*.........*...........................*...*...
........*.*................................*....
..............................*.................
...................*............................
................................*......*..*.....
........................................*.......
.................*..............*...............
......*.......................................*.
.................................*....*......*..
.................*..............................
..*.............*...............................
....*.....*...................*.................
..........*.....................................
..*...........*..*...*.....*........*...........

Generation = 14, Population = 8.
................................................
................................................
................................................
................................................
................................................
................................................
................................................
................................................
.**.............................................
.**.............................................
................................................
................................................
................................................
................................................
................................................
................................................
................................................
................................................
.......................*........................
......................*.*.......................
.......................*........................
................................................
................................................
................................................
................................................
................................................
................................................
................................................
................................................
................................................
................................................
................................................
................................................
................................................
................................................
................................................

Generation = 28, Population = 8.
................................................
................................................
................................................
................................................
................................................
................................................
................................................
................................................
.**.............................................
.**.............................................
................................................
................................................
................................................
................................................
................................................
................................................
................................................
................................................
.......................*........................
......................*.*.......................
.......................*........................
................................................
................................................
................................................
................................................
................................................
................................................
................................................
................................................
................................................
................................................
................................................
................................................
................................................
................................................
................................................

Generation = 42, Population = 8.
................................................
................................................
................................................
................................................
................................................
................................................
................................................
................................................
.**.............................................
.**.............................................
................................................
................................................
................................................
................................................
................................................
................................................
................................................
................................................
.......................*........................
......................*.*.......................
.......................*........................
................................................
................................................
................................................
................................................
................................................
................................................
................................................
................................................
................................................
................................................
................................................
................................................
................................................
................................................
................................................

*** Life<ConwayCell> 59x20 ***

Generation = 0, Population = 57.
*........*..........
....*...............
....................
....................
....*.......*...*...
.......*.*........*.
....................
................*...
....................
*...................
........*...*..*....
....................
....................
....................
....................
.*........*.........
.*........*.........
....................
...........*.....*..
....................
.*..................
...........*.......*
*..........*........
................**..
...................*
....................
.........*..........
*...................
.............*......
..*.................
....................
....*.....*.........
..................*.
..............*.....
.........*....*.....
....................
....................
....................
*...................
.........*..........
....................
.......*.*..........
........*.........*.
.*.....*............
....................
....................
....................
....................
...........*...*....
...........**.......
..................*.
....................
.*..*...............
....................
...............*....
...................*
....................
...*.............*..
....................

Generation = 1, Population = 8.
....................
....................
....................
....................
....................
....................
....................
....................
....................
....................
....................
....................
....................
....................
....................
....................
....................
....................
....................
....................
....................
....................
....................
....................
....................
....................
....................
....................
....................
....................
....................
....................
....................
....................
....................
....................
....................
....................
....................
....................
........*...........
........*...........
.......**...........
....................
....................
....................
....................
....................
...........**.......
...........**.......
....................
....................
....................
....................
....................
....................
....................
....................
....................

Generation = 2, Population = 8.
....................
....................
....................
....................
....................
....................
....................
....................
....................
....................
....................
....................
....................
....................
....................
....................
....................
....................
....................
....................
....................
....................
....................
....................
....................
....................
....................
....................
....................
....................
....................
....................
....................
....................
....................
....................
....................
....................
....................
....................
....................
........**..........
.......**...........
....................
....................
....................
....................
....................
...........**.......
...........**.......
....................
....................
....................
....................
....................
....................
....................
....................
....................

Generation = 3, Population = 10.
....................
....................
....................
....................
....................
....................
....................
....................
....................
....................
....................
....................
....................
....................
....................
....................
....................
....................
....................
....................
....................
....................
....................
....................
....................
....................
....................
....................
....................
....................
....................
....................
....................
....................
....................
....................
....................
....................
....................
....................
....................
.......***..........
.......***..........
....................
....................
....................
....................
....................
...........**.......
...........**.......
....................
....................
....................
....................
....................
....................
....................
....................
....................

Generation = 4, Population = 10.
....................
....................
....................
....................
....................
....................
....................
....................
....................
....................
....................
....................
....................
....................
....................
....................
....................
....................
....................
....................
....................
....................
....................
....................
....................
....................
....................
....................
....................
....................
....................
....................
....................
....................
....................
....................
....................
....................
....................
....................
........*...........
.......*.*..........
.......*.*..........
........*...........
....................
....................
....................
....................
...........**.......
...........**.......
....................
....................
....................
....................
....................
....................
....................
....................
....................

*** Life<ConwayCell> 51x48 ***

Generation = 0, Population = 108.
................................................
........................*....*.......*..........
................................................
.....*........*....*....................*.......
....*....................*..*...................
................................................
......*...................*.....*...............
.*...*.............................*............
................................................
.*..................................*.......*...
................................*...*...........
............*.....................*...........*.
..*........*..........................*.......*.
....*..*...........*..*.........................
..................*.............................
................................................
...........................*....................
....................*...........................
*...............................*....*......*...
..........*..........*..........................
......................*....*....................
.......*........................................
....................*...........................
.............................*..................
............*.........................*.......*.
................................................
.................*..............................
.............*..................................
..*.....................................*.......
....*....*...........*..............**.........*
..................*...........*.................
.....*...................*................*.....
................................................
.......*................................*.......
........................*.....................*.
..............*...................*.............
.............................................*..
..............*.....................*..*.....*..
..........*.........*......................*....
......*.........................................
....*.....................*.....................
.............................................*..
....*....*........................*.......*.....
................................................
................................................
...................................*...*........
....*...**.....*..............*........*..*.....
..................*....*..*..........*.*........
....*.................**..*...........*.........
.....*..........................................
..............*...........*.....................

Generation = 10, Population = 4.
................................................
................................................
................................................
................................................
................................................
................................................
................................................
................................................
................................................
................................................
................................................
................................................
................................................
................................................
................................................
................................................
................................................
................................................
................................................
................................................
................................................
................................................
................................................
................................................
................................................
................................................
................................................
................................................
................................................
................................................
................................................
................................................
................................................
................................................
................................................
................................................
................................................
................................................
................................................
................................................
................................................
................................................
................................................
................................................
................................................
................................................
................................................
......................**........................
......................**........................
................................................
................................................

Generation = 20, Population = 4.
................................................
................................................
................................................
................................................
................................................
................................................
................................................
................................................
................................................
................................................
................................................
................................................
................................................
................................................
................................................
................................................
................................................
................................................
................................................
................................................
................................................
................................................
................................................
................................................
................................................
................................................
................................................
................................................
................................................
................................................
................................................
................................................
................................................
................................................
................................................
................................................
................................................
................................................
................................................
................................................
................................................
................................................
................................................
................................................
................................................
................................................
................................................
......................**........................
......................**........................
................................................
................................................

Generation = 30, Population = 4.
................................................
................................................
................................................
................................................
................................................
................................................
................................................
................................................
................................................
................................................
................................................
................................................
................................................
................................................
................................................
................................................
................................................
................................................
................................................
................................................
................................................
................................................
................................................
................................................
................................................
................................................
................................................
................................................
................................................
................................................
................................................
................................................
................................................
................................................
................................................
................................................
................................................
................................................
................................................
................................................
................................................
................................................
................................................
................................................
................................................
................................................
................................................
......................**........................
......................**........................
................................................
................................................

Generation = 40, Population = 4.
................................................
................................................
................................................
................................................
................................................
................................................
................................................
................................................
................................................
................................................
................................................
................................................
................................................
................................................
................................................
................................................
................................................
................................................
................................................
................................................
................................................
................................................
................................................
................................................
................................................
................................................
................................................
................................................
................................................
................................................
................................................
................................................
................................................
................................................
................................................
................................................
................................................
................................................
................................................
................................................
................................................
................................................
................................................
................................................
................................................
................................................
................................................
......................**........................
......................**........................
................................................
................................................

Generation = 50, Population = 4.
................................................
................................................
................................................
................................................
................................................
................................................
................................................
................................................
................................................
................................................
................................................
................................................
................................................
................................................
................................................
................................................
................................................
................................................
................................................
................................................
................................................
................................................
................................................
................................................
................................................
................................................
................................................
................................................
................................................
................................................
................................................
................................................
................................................
................................................
................................................
................................................
................................................
................................................
................................................
................................................
................................................
................................................
................................................
................................................
................................................
................................................
................................................
......................**........................
......................**........................
................................................
................................................

*** Life<ConwayCell> 40x6 ***

Generation = 0, Population = 100.
....*.
.**...
..*...
*.....
*...*.
....*.
***.**
*..*..
.**.*.
..**.*
.***..
......
*....*
*..***
*..*.*
*.....
.*****
....**
.*..*.
**.*..
***..*
..**..
*...*.
...*.*
**.*.*
.**...
.*..*.
.**.*.
**..*.
**...*
..***.
.***..
***...
*.....
..**..
..*.**
*...*.
..****
*...*.
***.*.

Generation = 6, Population = 83.
..***.
......
..***.
......
......
..***.
*****.
***...
......
...*..
.*...*
.**...
.**...
...***
...***
......
......
..*...
**.**.
...**.
......
......
******
**...*
..**.*
..*...
..***.
.***.*
.**..*
**.*..
.**...
.**...
..**..
.*...*
.*.*.*
.*...*
....*.
..*.*.
...*..
.***..

Generation = 12, Population = 47.
......
......
...**.
..*..*
...*..
......
......
.**...
*..*..
.*.*..
..*...
......
......
...**.
...**.
...**.
......
......
**....
.....*
...*.*
***..*
.....*
*.**.*
*.**..
.*.***
......
......
......
......
......
......
......
....*.
..*...
......
..*...
...*..
.*..*.
..**..

Generation = 18, Population = 29.
......
......
......
......
......
......
......
.**...
*..*..
.*.*..
..*...
......
......
...**.
..*..*
...**.
......
......
......
...*..
....**
......
...**.
..***.
**.**.
**..*.
..*...
......
......
......
......
......
......
......
......
......
......
......
......
......

Generation = 24, Population = 15.
......
......
......
......
......
......
......
.**...
*..*..
.*.*..
..*...
......
......
...**.
..*..*
...**.
......
......
......
......
......
......
..*...
......
..*...
......
......
......
......
......
......
......
......
......
......
......
......
......
......
......

Generation = 30, Population = 13.
......
......
......
......
......
......
......
.**...
*..*..
.*.*..
..*...
......
......
...**.
..*..*
...**.
......
......
......
......
......
......
......
......
......
......
......
......
......
......
......
......
......
......
......
......
......
......
......
......

Generation = 36, Population = 13.
......
......
......
......
......
......
......
.**...
*..*..
.*.*..
..*...
......
......
...**.
..*..*
...**.
......
......
......
......
......
......
......
......
......
......
......
......
......
......
......
......
......
......
......
......
......
......
......
......

Generation = 42, Population = 13.
......
......
......
......
......
......
......
.**...
*..*..
.*.*..
..*...
......
......
...**.
..*..*
...**.
......
......
......
......
......
......
......
......
......
......
......
......
......
......
......
......
......
......
......
......
......
......
......
......

Generation = 48, Population = 13.
......
......
......
......
......
......
......
.**...
*..*..
.*.*..
..*...
......
......
...**.
..*..*
...**.
......
......
......
......
......
......
......
......
......
......
......
......
......
......
......
......
......
......
......
......
......
......
......
......

Generation = 54, Population = 13.
......
......
......
......
......
......
......
.**...
*..*..
.*.*..
..*...
......
......
...**.
..*..*
...**.
......
......
......
......
......
......
......
......
......
......
......
......
......
......
......
......
......
......
......
......
......
......
......
......

Generation = 60, Population = 13.
......
......
......
......
......
......
......
.**...
*..*..
.*.*..
..*...
......
......
...**.
..*..*
...**.
......
......
......
......
......
......
......
......
......
......
......
......
......
......
......
......
......
......
......
......
......
......
......
......

Generation = 66, Population = 13.
......
......
......
......
......
......
......
.**...
*..*..
.*.*..
..*...
......
......
...**.
..*..*
...**.
......
......
......
......
......
......
......
......
......
......
......
......
......
......
......
......
......
......
......
......
......
......
......
......

*** Life<ConwayCell> 12x47 ***

Generation = 0, Population = 80.
..................*...*.*..*................**.
....*.............*..*................*........
...*.*..*.***...............*...***....***.....
...*.......................*...................
..*........*.........*...........**.....*......
.*.*.....*............*.......*......*.*..*...*
........*.......*.............*.......*...*.*..
.***.*.................*..*..**.............*..
.*...........*....*......**.*....*.............
..*.....................*............*.....**..
.*.*...............................*...........
....****.....*.........*...**..*.........*.....

Generation = 2, Population = 56.
...............................................
.......................................**......
..*.......***...................**....*..*.....
....*......*...........................*.......
.*..*.................................**..*....
.*..*.................................**.......
.*.*......................*..***......**..*.*..
**..*...................*..*.*.*...........*...
*..*....................*..*.**............**..
.*...*..................**.....................
.**...*........................................
......*........................................

Generation = 4, Population = 54.
...............................................
..........***..........................*.......
......................................*........
...*......*.*..........................**......
.....*.....*............................**.....
**...........................**.......*.*......
.....*....................****.*......**..**...
*....*..................****...*..........*.*..
..*.*..................*...*..*............*...
*..*.*.................***.....................
***............................................
...............................................

Generation = 6, Population = 49.
...............................................
..........***..................................
..........*.*...........................**.....
..........***..........................*.*.....
..........................................*....
............................***.......*.*..*...
.............................*.*......***......
****.*..................*...*............*..*..
..*....................*.*.................*...
*....*.................**......................
*.**...................**......................
***............................................

Generation = 8, Population = 44.
...........*...................................
..........***..................................
.........**.**..........................***....
..........***..........................*.......
...........*................***........*.......
............................***.......*........
.*.*.........................*........*........
*...*...................*..............***.....
....*..................*.*.....................
......................*..*.....................
....*..................**......................
..**...........................................

Generation = 10, Population = 47.
..........***..................................
.........*.*.*..........................**.....
........***.***..........................**....
.........*.*.*...............*........**.*.....
..........***................*.................
...........*................*.*......*..*......
.............................*........*.*......
........................*....*..........**.....
.......................*.*.............**......
......................*..*.....................
.......................**......................
...............................................

Generation = 12, Population = 44.
...........*.............................*.....
.........*.*.*..........................***....
.......***...***.......................*...*...
.............................*........*...*....
...........*................*.*.......*........
...........*...............*...*......*........
...........*................*.*.........*......
........................*....*.........*.*.....
.......................*.*..............**.....
......................*..*..............*......
.......................**......................
...............................................

Generation = 14, Population = 48.
........................................*.*....
........*.....*............................*...
........*.*.*.*.......................*...*....
........*.....*.............***......*.........
...........*...............*...*.....*..*......
...........*...............*...*...............
...........*...............*...*......**.......
........................*...***.......**.*.....
.......................*.*.............*.**....
......................*..*..............**.....
.......................**......................
...............................................

Generation = 16, Population = 50.
..........................................*....
........*.....*...........................*....
........***.***.............***...........*....
........*.....*................................
..........................*.....*....*.*.......
...........*..............*.....*.....*.*......
...........*..............*.....*.....*.**.....
........................*................**....
.......................*.*..***........*...*...
......................*..*.............****....
.......................**................*.....
...............................................

Generation = 18, Population = 60.
..........................................*....
.......**.....**..........................*....
.......***...***............***...........*....
.......**.....**...............................
..........................*.....*....****......
.........................**.....*....**.**.....
................................*.....*...*....
.........................**............*.***...
.......................*.**.***.......**...*...
......................*..*...............*.*...
.......................**...............***....
...............................................

Generation = 20, Population = 68.
..........................................*....
........*.....*...........................*....
......**.**.**.**...........***...........*....
........*.....*.......................***......
.........................**.....*.....*..*.....
.........................**.....*....******....
........................*..*....*.....*........
.........................***.........*...*.*...
........................*..*.**.......*..*.**..
.......................****.*.........**...**..
.......................***.....................
........................................***....

*** Life<ConwayCell> 69x70 ***

Generation = 0, Population = 61.
......................................................................
......................................................................
.................*....................................**............*.
......................................................................
......................................................................
......................................................................
......................................................................
......................................................................
.................*....................................................
......................................................................
........*.............................................................
...*............*...............................*........*............
......................................................................
....*.................................................................
......................................................................
............................*.........*...............................
.........................................................*............
................................*.....................................
.......................................................*..............
....*..........*......................................................
.............................*........................................
..............................................*.......................
.................................*.........................*.....*....
..*...................................................................
...........................................*..........................
......................................*...............................
........................................................*.............
......................................................................
......................................................................
..................................................................*...
......................................................................
......................................................................
......................................................................
...........*................*........................................*
....................*...............................................*.
..........................*...........................................
.....*................................................................
......................................................................
*.....................................................................
.*..............................................*.....................
......................................................................
.......................*..............................................
..........................................................*...........
..................*...................................................
......................................................................
..................................................................*...
......................................................................
..........*.........................*..............................*..
......................................................................
......................................................................
................*...........................................*.........
......................................................................
...............................*......................................
......................................................................
......................................................................
..........*...........................................................
......................................................................
......................................................................
.........................................................*............
...........................*..........................................
......................................................................
..........*...........................................................
...........................*......................*.........*.........
...................................*...........................*......
............*.........................................................
.............................................................*........
..............................*.......................................
......................................................................
.................................................................*....

Generation = 3, Population = 0.
......................................................................
......................................................................
......................................................................
......................................................................
......................................................................
......................................................................
......................................................................
......................................................................
......................................................................
......................................................................
......................................................................
......................................................................
......................................................................
......................................................................
......................................................................
......................................................................
......................................................................
......................................................................
......................................................................
......................................................................
......................................................................
......................................................................
......................................................................
......................................................................
......................................................................
......................................................................
......................................................................
......................................................................
......................................................................
......................................................................
......................................................................
......................................................................
......................................................................
......................................................................
......................................................................
......................................................................
......................................................................
......................................................................
......................................................................
......................................................................
......................................................................
......................................................................
......................................................................
......................................................................
......................................................................
......................................................................
......................................................................
......................................................................
......................................................................
......................................................................
......................................................................
......................................................................
......................................................................
......................................................................
......................................................................
......................................................................
......................................................................
......................................................................
......................................................................
......................................................................
......................................................................
......................................................................
......................................................................
......................................................................
......................................................................
......................................................................
......................................................................
......................................................................
......................................................................

Generation = 6, Population = 0.
......................................................................
......................................................................
......................................................................
......................................................................
......................................................................
......................................................................
......................................................................
......................................................................
......................................................................
......................................................................
......................................................................
......................................................................
......................................................................
......................................................................
......................................................................
......................................................................
......................................................................
......................................................................
......................................................................
......................................................................
......................................................................
......................................................................
......................................................................
......................................................................
......................................................................
......................................................................
......................................................................
......................................................................
......................................................................
......................................................................
......................................................................
......................................................................
......................................................................
......................................................................
......................................................................
......................................................................
......................................................................
......................................................................
......................................................................
......................................................................
......................................................................
......................................................................
......................................................................
......................................................................
......................................................................
......................................................................
......................................................................
......................................................................
......................................................................
......................................................................
......................................................................
......................................................................
......................................................................
......................................................................
......................................................................
......................................................................
......................................................................
......................................................................
......................................................................
......................................................................
......................................................................
......................................................................
......................................................................
......................................................................
......................................................................
......................................................................
......................................................................
......................................................................
......................................................................

Generation = 9, Population = 0.
......................................................................
......................................................................
......................................................................
......................................................................
......................................................................
......................................................................
......................................................................
......................................................................
......................................................................
......................................................................
......................................................................
......................................................................
......................................................................
......................................................................
......................................................................
......................................................................
......................................................................
......................................................................
......................................................................
......................................................................
......................................................................
......................................................................
......................................................................
......................................................................
......................................................................
......................................................................
......................................................................
......................................................................
......................................................................
......................................................................
......................................................................
......................................................................
......................................................................
......................................................................
......................................................................
......................................................................
......................................................................
......................................................................
......................................................................
......................................................................
......................................................................
......................................................................
......................................................................
......................................................................
......................................................................
......................................................................
......................................................................
......................................................................
......................................................................
......................................................................
......................................................................
......................................................................
......................................................................
......................................................................
......................................................................
......................................................................
......................................................................
......................................................................
......................................................................
......................................................................
......................................................................
......................................................................
......................................................................
......................................................................
......................................................................
......................................................................
......................................................................
......................................................................
......................................................................

*** Life<ConwayCell> 44x49 ***

Generation = 0, Population = 101.
....*...*........................................
...*...............................*..........*..
.............*.*..........*.**........*........*.
.....*.....*........*............*...............
......*................*.....................*...
.................................................
...............................*.................
..............*....................*.............
........................*...*..................*.
.....................................*....*......
.....................................*...........
*..............*........*........................
.....................*..................*........
......................*................*.........
......*...........*............**..........*.....
............................................*....
........................*..........*......*......
..............*.*.......................*........
..........*.*...............................*....
*....*...*.*.............*................*......
................................................*
*...............*............................*...
.....*...........................*...............
..*.*............................................
...........*.....................................
.................................................
...............*...............*.................
..................*.....................*....*...
...*.............................................
........................................*........
............................*....................
.......*.......*.................................
.......................*.........................
......*..........................*...............
......................*...........*..............
.........*..........*............................
..................*.............................*
.........*..............*.......*...............*
*.......*......................*.................
.....................*...........................
.........................*.......................
.....*.............................*.............
................*.......*........................
.........**...................*....*.............

Generation = 13, Population = 4.
.................................................
.................................................
.................................................
.................................................
.................................................
.................................................
.................................................
.................................................
.................................................
.................................................
.................................................
.................................................
.................................................
.................................................
.................................................
.................................................
.................................................
.................................................
..........**.....................................
..........**.....................................
.................................................
.................................................
.................................................
.................................................
.................................................
.................................................
.................................................
.................................................
.................................................
.................................................
.................................................
.................................................
.................................................
.................................................
.................................................
.................................................
.................................................
.................................................
.................................................
.................................................
.................................................
.................................................
.................................................
.................................................

Generation = 26, Population = 4.
.................................................
.................................................
.................................................
.................................................
.................................................
.................................................
.................................................
.................................................
.................................................
.................................................
.................................................
.................................................
.................................................
.................................................
.................................................
.................................................
.................................................
.................................................
..........**.....................................
..........**.....................................
.................................................
.................................................
.................................................
.................................................
.................................................
.................................................
.................................................
.................................................
.................................................
.................................................
.................................................
.................................................
.................................................
.................................................
.................................................
.................................................
.................................................
.................................................
.................................................
.................................................
.................................................
.................................................
.................................................
.................................................

Generation = 39, Population = 4.
.................................................
.................................................
.................................................
.................................................
.................................................
.................................................
.................................................
.................................................
.................................................
.................................................
.................................................
.................................................
.................................................
.................................................
.................................................
.................................................
.................................................
.................................................
..........**.....................................
..........**.....................................
.................................................
.................................................
.................................................
.................................................
.................................................
.................................................
.................................................
.................................................
.................................................
.................................................
.................................................
.................................................
.................................................
.................................................
.................................................
.................................................
.................................................
.................................................
.................................................
.................................................
.................................................
.................................................
.................................................
.................................................

*** Life<ConwayCell> 29x14 ***

Generation = 0, Population = 109.
....*.*..*....
.............*
.*.......**.**
....*.*..*....
....*....**...
..*....*......
............*.
.**.**..*.*...
.......*...**.
..*..*..***...
....*......*..
.**......**.**
.*..*...*.....
.....*....*...
.*..*........*
..*.*.****.*.*
...*....*.***.
........*...**
*.....**.....*
..*.*.......**
*...*....*....
***.......*.*.
.........***..
*......*...**.
....***..*...*
...*..**.*....
..*...**.....*
.....*.*..*...
*****...*.....

Generation = 10, Population = 100.
..............
..........***.
.........*...*
.........*****
...........*..
.........***..
........**.**.
........**...*
........**..**
........*.*..*
........**...*
.........*...*
.............*
...........***
....**.**.....
...*******....
....*.*.......
..***.**....**
.***.*......**
....****...***
*........**.**
*.**.....**...
*.............
*.*.........*.
.......*...*.*
*.......*...**
..*.****....*.
..*.*.*.......
..............

Generation = 20, Population = 64.
..............
............*.
...........*..
...........**.
.........**.*.
..........**..
.......**.....
........*.....
......*.......
......*...*.*.
......*****.*.
..........*.*.
...........*..
..............
..............
.......*......
......***.....
.....*...*....
.......*......
...*...*...*..
..*...*.....*.
..****........
***.**.*..**..
**....*.......
....**........
.....*.*....**
.....**.*...**
..............
..............

Generation = 30, Population = 47.
..........***.
..........*.**
..............
..............
........**....
........***..*
............*.
............*.
..........**..
.........*....
..............
..............
..............
.......*......
......***.....
......*.......
.......**.....
........*.....
..............
.....**.......
.....*.*......
..*...**......
..*...........
..*...........
..............
....**.*....**
....*.**....**
...**.*.......
..............

Generation = 40, Population = 56.
..............
............**
............**
.........**.**
..........*.**
.......*..**..
.......*...*..
......*...**..
.......**.**..
.......***....
........*.....
.......*......
......*.*.....
......*..*....
.......**.....
..............
..............
..............
.....**.......
...*...*......
..**....*.....
.*......*.....
.****.........
.....*........
..............
............**
............**
........**....
........**....

Generation = 50, Population = 50.
..............
..............
..............
..............
.........***..
.........**...
..........*..*
.......*...*.*
.......*......
.......*......
..............
..............
.........*....
........*.*...
.......*..*...
........**....
..*...........
**.**.........
**...*........
.**..**.......
..*....**.....
.......**.....
..*.....*.....
..*....*......
....*.*.......
............**
............**
........**....
........**....

*** Life<ConwayCell> 14x34 ***

Generation = 0, Population = 114.
..*.*......*........***....*.**...
........*..........**....*..**....
...........*....................*.
*...**.*....*.*...*...*.*.**...*..
**..........*..**..**.*..**...*.*.
..*..****.*......*.*.......*..**..
......**.*.............*....*.*...
.........**......**...**....*.....
....*...**............**...*......
......*..........*.*..**.*.*.****.
......*....**.......*.*...*...*.**
*....*.......*.*.*..*..*.........*
*....*.............*..**.....*.*..
........**...*...*.*.*.*......*...

Generation = 3, Population = 112.
....................*........*....
..................*...........*...
............*.....**.........**.*.
.*.......*.*.*..*..*....**...*..*.
..*.....*..*...*....*.*****.*.*.*.
.*...*........*..*....**..**..*...
.....*....*.......*........*.***..
......*...*.......*...***.....*.*.
......*...*.......****.**......***
.....*....*......**..**........*.*
....*..*........*....**.***....*.*
.....**..........*******.**...***.
..................****...*....**..
...................****.*.........

Generation = 6, Population = 85.
..................*...........*...
.................***.........*.*..
...........**....*..**..........*.
..........*.*.***..***.....*...*..
...........*.....*.....*...*.**...
...............*.*...***..**.*....
.....**...*............**.**.**...
....*..*.*.*.....*...*..*.**...*..
...**.**.*.*.....*****..*...*.....
...**.....*......*...........*...*
....*...........*.*......*.....**.
................*.................
................***...............
..................................

Generation = 9, Population = 97.
...................**.........**..
............*...*..*..........*.*.
...........**.*.*.*...*........***
..........*....*...*...*....*.*.*.
...........****.*..*..**...**.**..
.....*.....*******..*...*...*..*..
....***...*....*.**.**.....****...
....*..*.*.*.......*..........*...
......**.*.*...*.*.*..*.**..**....
..........*....*..****....***.....
................*...*.............
...............**.................
...............*.*................
................**................

Generation = 12, Population = 85.
............**.................*..
...........*...*.............*...*
..........*....*.......*.....**...
............****.......**..*..*...
.....*......*...........**.***..*.
...**.**....*..**...............*.
...**.**........*.*.........**..*.
.....*...*..*.......***.....*.....
......**.*.**...***....*.....***..
..........*....**.........*.......
..............**.******...........
..............**.***..............
...............*..................
................***...............

Generation = 15, Population = 98.
............***..............*....
...........*****........***.***...
...............*.......******..*..
....***...**..........*..****.*...
.......*...............**.....***.
...*....*............****......**.
...*....**.*.........*.....******.
....*...*****...*.*.***....*......
....***..*...***..**........*..*..
.........****.**..*..........*.*..
..........**......................
..................................
...............*.*................
...............***................

Generation = 18, Population = 77.
...........*.................***..
...........*...*.......*..........
......*....*...*......**....*...*.
.....**....................**...**
.....................**...****....
...*.*................*...***.*...
...*****..*****.**.*......***.**.*
...*.......*.**.**.*..**.....*....
......*.....*.*.....*.......**....
....***..........***..........*...
..................**..............
..................................
..................................
..................................
