*** Life<ConwayCell> 4x4 ***

Generation = 0, Population = 4.
....
.**.
.**.
....

Generation = 1, Population = 4.
....
.**.
.**.
....

*** Life<ConwayCell> 5x5 ***

Generation = 0, Population = 3.
.....
.....
.***.
.....
.....

Generation = 1, Population = 3.
.....
..*..
..*..
..*..
.....

Generation = 2, Population = 3.
.....
.....
.***.
.....
.....

*** Life<ConwayCell> 5x5 ***

Generation = 0, Population = 4.
.....
..*..
.*.*.
..*..
.....

Generation = 1, Population = 4.
.....
..*..
.*.*.
..*..
.....

*** Life<ConwayCell> 5x6 ***

Generation = 0, Population = 6.
......
..**..
.*..*.
..**..
......

Generation = 1, Population = 6.
......
..**..
.*..*.
..**..
......

*** Life<ConwayCell> 6x6 ***

Generation = 0, Population = 5.
......
..*...
...*..
.***..
......
......

Generation = 1, Population = 5.
......
......
.*.*..
..**..
..*...
......

Generation = 2, Population = 5.
......
......
...*..
.*.*..
..**..
......

Generation = 3, Population = 5.
......
......
..*...
...**.
..**..
......

Generation = 4, Population = 5.
......
......
...*..
....*.
..***.
......

*** Life<ConwayCell> 50x50 ***

Generation = 0, Population = 20.
..................................................
.**...............................................
..................................................
..................................................
..................................................
.....*............................................
..................................................
..........*.......................................
........***.......................................
..................................................
..................................................
..................................................
..................................................
.............*....................................
..................................................
..................................................
..................................................
..................................................
..................................................
..................................................
........................................*.........
..................................................
..................................................
..................................................
..................................................
.........................**.......................
.........................**.......................
..................................................
..................................................
..................................................
..............................**..................
...............................**.................
...............................**.................
..................................................
..................................................
..................................................
..................................................
..................................................
..................................................
..................................................
........................................*.........
..................................................
..................................................
..................................................
..................................................
..................................................
..................................................
..................................................
..................................................
..................................................

Generation = 1, Population = 13.
..................................................
..................................................
..................................................
..................................................
..................................................
..................................................
..................................................
..........*.......................................
.........**.......................................
.........*........................................
..................................................
..................................................
..................................................
..................................................
..................................................
..................................................
..................................................
..................................................
..................................................
..................................................
..................................................
..................................................
..................................................
..................................................
..................................................
.........................**.......................
.........................**.......................
..................................................
..................................................
..................................................
..............................***.................
..................................................
...............................**.................
..................................................
..................................................
..................................................
..................................................
..................................................
..................................................
..................................................
..................................................
..................................................
..................................................
..................................................
..................................................
..................................................
..................................................
..................................................
..................................................
..................................................

Generation = 2, Population = 13.
..................................................
..................................................
..................................................
..................................................
..................................................
..................................................
..................................................
.........**.......................................
.........**.......................................
.........**.......................................
..................................................
..................................................
..................................................
..................................................
..................................................
..................................................
..................................................
..................................................
..................................................
..................................................
..................................................
..................................................
..................................................
..................................................
..................................................
.........................**.......................
.........................**.......................
..................................................
..................................................
...............................*..................
...............................*..................
..............................*...................
..................................................
..................................................
..................................................
..................................................
..................................................
..................................................
..................................................
..................................................
..................................................
..................................................
..................................................
..................................................
..................................................
..................................................
..................................................
..................................................
..................................................
..................................................

Generation = 3, Population = 12.
..................................................
..................................................
..................................................
..................................................
..................................................
..................................................
..................................................
.........**.......................................
........*..*......................................
.........**.......................................
..................................................
..................................................
..................................................
..................................................
..................................................
..................................................
..................................................
..................................................
..................................................
..................................................
..................................................
..................................................
..................................................
..................................................
..................................................
.........................**.......................
.........................**.......................
..................................................
..................................................
..................................................
..............................**..................
..................................................
..................................................
..................................................
..................................................
..................................................
..................................................
..................................................
..................................................
..................................................
..................................................
..................................................
..................................................
..................................................
..................................................
..................................................
..................................................
..................................................
..................................................
..................................................

Generation = 4, Population = 10.
..................................................
..................................................
..................................................
..................................................
..................................................
..................................................
..................................................
.........**.......................................
........*..*......................................
.........**.......................................
..................................................
..................................................
..................................................
..................................................
..................................................
..................................................
..................................................
..................................................
..................................................
..................................................
..................................................
..................................................
..................................................
..................................................
..................................................
.........................**.......................
.........................**.......................
..................................................
..................................................
..................................................
..................................................
..................................................
..................................................
..................................................
..................................................
..................................................
..................................................
..................................................
..................................................
..................................................
..................................................
..................................................
..................................................
..................................................
..................................................
..................................................
..................................................
..................................................
..................................................
..................................................

Generation = 5, Population = 10.
..................................................
..................................................
..................................................
..................................................
..................................................
..................................................
..................................................
.........**.......................................
........*..*......................................
.........**.......................................
..................................................
..................................................
..................................................
..................................................
..................................................
..................................................
..................................................
..................................................
..................................................
..................................................
..................................................
..................................................
..................................................
..................................................
..................................................
.........................**.......................
.........................**.......................
..................................................
..................................................
..................................................
..................................................
..................................................
..................................................
..................................................
..................................................
..................................................
..................................................
..................................................
..................................................
..................................................
..................................................
..................................................
..................................................
..................................................
..................................................
..................................................
..................................................
..................................................
..................................................
..................................................

Generation = 6, Population = 10.
..................................................
..................................................
..................................................
..................................................
..................................................
..................................................
..................................................
.........**.......................................
........*..*......................................
.........**.......................................
..................................................
..................................................
..................................................
..................................................
..................................................
..................................................
..................................................
..................................................
..................................................
..................................................
..................................................
..................................................
..................................................
..................................................
..................................................
.........................**.......................
.........................**.......................
..................................................
..................................................
..................................................
..................................................
..................................................
..................................................
..................................................
..................................................
..................................................
..................................................
..................................................
..................................................
..................................................
..................................................
..................................................
..................................................
..................................................
..................................................
..................................................
..................................................
..................................................
..................................................
..................................................

Generation = 7, Population = 10.
..................................................
..................................................
..................................................
..................................................
..................................................
..................................................
..................................................
.........**.......................................
........*..*......................................
.........**.......................................
..................................................
..................................................
..................................................
..................................................
..................................................
..................................................
..................................................
..................................................
..................................................
..................................................
..................................................
..................................................
..................................................
..................................................
..................................................
.........................**.......................
.........................**.......................
..................................................
..................................................
..................................................
..................................................
..................................................
..................................................
..................................................
..................................................
..................................................
..................................................
..................................................
..................................................
..................................................
..................................................
..................................................
..................................................
..................................................
..................................................
..................................................
..................................................
..................................................
..................................................
..................................................

Generation = 8, Population = 10.
..................................................
..................................................
..................................................
..................................................
..................................................
..................................................
..................................................
.........**.......................................
........*..*......................................
.........**.......................................
..................................................
..................................................
..................................................
..................................................
..................................................
..................................................
..................................................
..................................................
..................................................
..................................................
..................................................
..................................................
..................................................
..................................................
..................................................
.........................**.......................
.........................**.......................
..................................................
..................................................
..................................................
..................................................
..................................................
..................................................
..................................................
..................................................
..................................................
..................................................
..................................................
..................................................
..................................................
..................................................
..................................................
..................................................
..................................................
..................................................
..................................................
..................................................
..................................................
..................................................
..................................................

Generation = 9, Population = 10.
..................................................
..................................................
..................................................
..................................................
..................................................
..................................................
..................................................
.........**.......................................
........*..*......................................
.........**.......................................
..................................................
..................................................
..................................................
..................................................
..................................................
..................................................
..................................................
..................................................
..................................................
..................................................
..................................................
..................................................
..................................................
..................................................
..................................................
.........................**.......................
.........................**.......................
..................................................
..................................................
..................................................
..................................................
..................................................
..................................................
..................................................
..................................................
..................................................
..................................................
..................................................
..................................................
..................................................
..................................................
..................................................
..................................................
..................................................
..................................................
..................................................
..................................................
..................................................
..................................................
..................................................

Generation = 10, Population = 10.
..................................................
..................................................
..................................................
..................................................
..................................................
..................................................
..................................................
.........**.......................................
........*..*......................................
.........**.......................................
..................................................
..................................................
..................................................
..................................................
..................................................
..................................................
..................................................
..................................................
..................................................
..................................................
..................................................
..................................................
..................................................
..................................................
..................................................
.........................**.......................
.........................**.......................
..................................................
..................................................
..................................................
..................................................
..................................................
..................................................
..................................................
..................................................
..................................................
..................................................
..................................................
..................................................
..................................................
..................................................
..................................................
..................................................
..................................................
..................................................
..................................................
..................................................
..................................................
..................................................
..................................................

*** Life<ConwayCell> 1x10 ***

Generation = 0, Population = 5.
*****.....

Generation = 1, Population = 3.
.***......

Generation = 2, Population = 1.
..*.......

Generation = 3, Population = 0.
..........

Generation = 4, Population = 0.
..........

Generation = 5, Population = 0.
..........

Generation = 6, Population = 0.
..........

Generation = 7, Population = 0.
..........

Generation = 8, Population = 0.
..........

Generation = 9, Population = 0.
..........

Generation = 10, Population = 0.
..........

