*** Life<FredkinCell> 4x4 ***

Generation = 0, Population = 4.
----
-00-
-00-
----

Generation = 1, Population = 8.
-00-
0--0
0--0
-00-

*** Life<FredkinCell> 5x5 ***

Generation = 0, Population = 3.
-----
-----
-000-
-----
-----

Generation = 1, Population = 10.
-----
-000-
01-10
-000-
-----

Generation = 2, Population = 10.
-000-
-----
12-21
-----
-000-

*** Life<FredkinCell> 5x5 ***

Generation = 0, Population = 4.
-----
--0--
-0-0-
--0--
-----

Generation = 1, Population = 4.
--0--
-----
0---0
-----
--0--

*** Life<FredkinCell> 5x6 ***

Generation = 0, Population = 6.
------
--00--
-0--0-
--00--
------

Generation = 1, Population = 12.
--00--
--11--
0-00-0
--11--
--00--

*** Life<FredkinCell> 6x6 ***

Generation = 0, Population = 5.
------
--0---
---0--
-000--
------
------

Generation = 1, Population = 12.
--0---
-0----
-0010-
01--0-
-000--
------

Generation = 2, Population = 18.
---0--
01000-
-1---0
120010
---1--
-000--

Generation = 3, Population = 20.
00-1--
12-11-
0-0-01
23-1--
0-0--0
01--0-

Generation = 4, Population = 8.
---2--
2-0---
-----2
34----
------
-2-0--

*** Life<FredkinCell> 50x50 ***

Generation = 0, Population = 20.
--------------------------------------------------
-00-----------------------------------------------
--------------------------------------------------
--------------------------------------------------
--------------------------------------------------
-----0--------------------------------------------
--------------------------------------------------
----------0---------------------------------------
--------000---------------------------------------
--------------------------------------------------
--------------------------------------------------
--------------------------------------------------
--------------------------------------------------
-------------0------------------------------------
--------------------------------------------------
--------------------------------------------------
--------------------------------------------------
--------------------------------------------------
--------------------------------------------------
--------------------------------------------------
----------------------------------------0---------
--------------------------------------------------
--------------------------------------------------
--------------------------------------------------
--------------------------------------------------
-------------------------00-----------------------
-------------------------00-----------------------
--------------------------------------------------
--------------------------------------------------
--------------------------------------------------
------------------------------00------------------
-------------------------------00-----------------
-------------------------------00-----------------
--------------------------------------------------
--------------------------------------------------
--------------------------------------------------
--------------------------------------------------
--------------------------------------------------
--------------------------------------------------
--------------------------------------------------
----------------------------------------0---------
--------------------------------------------------
--------------------------------------------------
--------------------------------------------------
--------------------------------------------------
--------------------------------------------------
--------------------------------------------------
--------------------------------------------------
--------------------------------------------------
--------------------------------------------------

Generation = 1, Population = 52.
-00-----------------------------------------------
0110----------------------------------------------
-00-----------------------------------------------
--------------------------------------------------
-----0--------------------------------------------
----0-0-------------------------------------------
-----0----0---------------------------------------
--------0-10--------------------------------------
-------01--0--------------------------------------
--------000---------------------------------------
--------------------------------------------------
--------------------------------------------------
-------------0------------------------------------
------------0-0-----------------------------------
-------------0------------------------------------
--------------------------------------------------
--------------------------------------------------
--------------------------------------------------
--------------------------------------------------
----------------------------------------0---------
---------------------------------------0-0--------
----------------------------------------0---------
--------------------------------------------------
--------------------------------------------------
-------------------------00-----------------------
------------------------0--0----------------------
------------------------0--0----------------------
-------------------------00-----------------------
--------------------------------------------------
------------------------------00------------------
-----------------------------01-------------------
-------------------------------1-0----------------
------------------------------0--0----------------
-------------------------------00-----------------
--------------------------------------------------
--------------------------------------------------
--------------------------------------------------
--------------------------------------------------
--------------------------------------------------
----------------------------------------0---------
---------------------------------------0-0--------
----------------------------------------0---------
--------------------------------------------------
--------------------------------------------------
--------------------------------------------------
--------------------------------------------------
--------------------------------------------------
--------------------------------------------------
--------------------------------------------------
--------------------------------------------------

Generation = 2, Population = 73.
--------------------------------------------------
1--10---------------------------------------------
--------------------------------------------------
-00--0--------------------------------------------
--------------------------------------------------
---0---0--0---------------------------------------
--------001---------------------------------------
-----0--1---0-------------------------------------
------012-010-------------------------------------
----------1---------------------------------------
--------000---------------------------------------
-------------0------------------------------------
--------------------------------------------------
-----------0---0----------------------------------
--------------------------------------------------
-------------0------------------------------------
--------------------------------------------------
--------------------------------------------------
----------------------------------------0---------
--------------------------------------------------
--------------------------------------0---0-------
--------------------------------------------------
----------------------------------------0---------
-------------------------00-----------------------
-------------------------11-----------------------
-----------------------01--10---------------------
-----------------------01--10---------------------
-------------------------11-----------------------
-------------------------00---00------------------
-------------------------------10-----------------
----------------------------01-0-0----------------
-----------------------------00--10---------------
-----------------------------0-0-10---------------
-------------------------------11-----------------
-------------------------------00-----------------
--------------------------------------------------
--------------------------------------------------
--------------------------------------------------
----------------------------------------0---------
--------------------------------------------------
--------------------------------------0---0-------
--------------------------------------------------
----------------------------------------0---------
--------------------------------------------------
--------------------------------------------------
--------------------------------------------------
--------------------------------------------------
--------------------------------------------------
--------------------------------------------------
--------------------------------------------------

Generation = 3, Population = 147.
0--00---------------------------------------------
-11210--------------------------------------------
000000--------------------------------------------
01100-0-------------------------------------------
-000-0-0--0---------------------------------------
--0-0-0---10--------------------------------------
---0-0-----00-------------------------------------
----0-------10------------------------------------
------1------0------------------------------------
------00----0-------------------------------------
-------01--0-0------------------------------------
--------000-0-0-----------------------------------
-----------0-0-0----------------------------------
----------0-0-0-0---------------------------------
-----------0-0-0----------------------------------
------------0-0-----------------------------------
-------------0------------------------------------
----------------------------------------0---------
---------------------------------------0-0--------
--------------------------------------0-0-0-------
-------------------------------------0-0-0-0------
--------------------------------------0-0-0-------
-------------------------00------------0-0--------
------------------------0--0------------0---------
-----------------------0----0---------------------
----------------------0------0--------------------
----------------------0------0--------------------
-----------------------0----0-00------------------
------------------------0--0-01-------------------
-------------------------00-00-21-----------------
---------------------------01-1101----------------
-----------------------------11102-0--------------
----------------------------01010--0--------------
-----------------------------002--0---------------
------------------------------0--0----------------
-------------------------------00-----------------
--------------------------------------------------
----------------------------------------0---------
---------------------------------------0-0--------
--------------------------------------0-0-0-------
-------------------------------------0-0-0-0------
--------------------------------------0-0-0-------
---------------------------------------0-0--------
----------------------------------------0---------
--------------------------------------------------
--------------------------------------------------
--------------------------------------------------
--------------------------------------------------
--------------------------------------------------
--------------------------------------------------

Generation = 4, Population = 70.
--------------------------------------------------
1-2---0-------------------------------------------
--------------------------------------------------
----------0---------------------------------------
--------001---------------------------------------
--1------0----------------------------------------
--------------------------------------------------
------0-------0-----------------------------------
----002-----010-----------------------------------
-----0-------0------------------------------------
--------------------------------------------------
----------1---------------------------------------
--------000---------------------------------------
---------0-------0--------------------------------
--------------------------------------------------
--------------------------------------------------
----------------------------------------0---------
-------------0------------------------------------
--------------------------------------------------
--------------------------------------------------
------------------------------------0-------0-----
-------------------------00-----------------------
-------------------------11-----------------------
--------------------------------------------------
----------------------------------------0---------
---------------------01------10-------------------
---------------------01------1-0------------------
-------------------------------10-----------------
-------------------------------00-----------------
-------------------------11-----------------------
-------------------------0-1------00--------------
---------------------------00------10-------------
---------------------------01------10-------------
--------------------------------------------------
------------------------------10------------------
-------------------------------11-----------------
-------------------------------00-------0---------
--------------------------------------------------
--------------------------------------------------
--------------------------------------------------
------------------------------------0-------0-----
--------------------------------------------------
--------------------------------------------------
--------------------------------------------------
----------------------------------------0---------
--------------------------------------------------
--------------------------------------------------
--------------------------------------------------
--------------------------------------------------
--------------------------------------------------

Generation = 5, Population = 161.
0-0---0-------------------------------------------
---2-0-0------------------------------------------
0-0---0---0---------------------------------------
--------0-10--------------------------------------
--0----011-0--------------------------------------
-0-0-----1----------------------------------------
--0---0--0----0-----------------------------------
----0-10----1-10----------------------------------
---011-1---112-0----------------------------------
-----1-------1------------------------------------
-----0----0--0------------------------------------
--------0-20--------------------------------------
-------011-0-----0--------------------------------
---------1------0-0-------------------------------
---------0-------0--------------------------------
----------------------------------------0---------
-------------0-------------------------0-0--------
------------0-0-------------------------0---------
-------------0------------------------------------
------------------------------------0-------0-----
-------------------------00--------0-0-----0-0----
------------------------0--0--------0-------0-----
------------------------0--0----------------------
-------------------------00-------------0---------
---------------------00------00--------0-0--------
--------------------0--0----0-1---------0---------
--------------------0--0----0201------------------
---------------------00------002-0----------------
-------------------------00---1--0----------------
------------------------0-2----21-00--------------
------------------------0102-----11---------------
-------------------------001-1-----2-0------------
--------------------------0--1----0--0------------
---------------------------00-02---00-------------
-----------------------------02-------------------
-------------------------------2-0------0---------
------------------------------0--0-----0-0--------
-------------------------------00-------0---------
--------------------------------------------------
------------------------------------0-------0-----
-----------------------------------0-0-----0-0----
------------------------------------0-------0-----
--------------------------------------------------
----------------------------------------0---------
---------------------------------------0-0--------
----------------------------------------0---------
--------------------------------------------------
--------------------------------------------------
--------------------------------------------------
--------------------------------------------------

Generation = 6, Population = 231.
--------------------------------------------------
--2-----0-0---------------------------------------
--------001---------------------------------------
0-----0-10--0-------------------------------------
------012-110-------------------------------------
0---0-00--10--0-----------------------------------
----001-011-001-----------------------------------
--0-10--10--20--0---------------------------------
--012-222-022-010---------------------------------
---0--00--10--00----------------------------------
----010-101-010-----------------------------------
-----0--10--00---0--------------------------------
------012-010-------------------------------------
-------0--00---0---0------------------------------
--------010-----------------------------0---------
---------0---0---0--------------------------------
--------------------------------------0---0-------
-----------0---0----------------------------------
------------------------------------0---0---0-----
-------------0-----------00-----------------------
-------------------------11-------0---0---0---0---
-----------------------01--10---------------------
-----------------------01--10-------0---0---0-----
---------------------00--11--00-------------------
---------------------11--11--1-0------0---0-------
-------------------01--11--11---------------------
-------------------01--11--1-3--00------0---------
---------------------11--11------10---------------
---------------------00--1-0--20-1-0--------------
-----------------------01------32--10-------------
-----------------------0-2--11-1-2-0-0------------
-----------------------------21--20--10-----------
--------------------------10-2-1-1-1-10-----------
---------------------------11--31--11-------------
---------------------------0-1-0-0-00---0---------
-----------------------------00--10---------------
-----------------------------0-0-10---0---0-------
-------------------------------11-----------------
-------------------------------00---0---0---0-----
--------------------------------------------------
----------------------------------0---0---0---0---
--------------------------------------------------
------------------------------------0---0---0-----
--------------------------------------------------
--------------------------------------0---0-------
--------------------------------------------------
----------------------------------------0---------
--------------------------------------------------
--------------------------------------------------
--------------------------------------------------

Generation = 7, Population = 404.
--0-----0-0---------------------------------------
-1-2---01010--------------------------------------
0-0---0011-00-------------------------------------
-1---0102-1-10------------------------------------
----0012-1-2-00-----------------------------------
-0-0101-0-2-0-10----------------------------------
0-0011-0-2-0-1-00---------------------------------
-0102-1-2-1-3-1-10--------------------------------
-0-2-1-3-0-3-2-2-0--------------------------------
---10-1-0-2-0-1-----------------------------------
----12-0-1-0-2---0--------------------------------
-----10-2-2-1---0-0-------------------------------
------12-1-2---0-0-0------------------------------
-------10-1---0-0-0-0-------------------0---------
--------12---0-0-0-0-------------------0-0--------
---------1--0-0-0-0-------------------0-0-0-------
---------0-0-0-0-0-------------------0-0-0-0------
----------0-0-0-0-------------------0-0-0-0-0-----
-----------0-0-0---------00--------0-0-0-0-0-0----
------------0-0---------0--0------0-0-0-0-0-0-0---
-------------0---------0----0----0-0-0-0-0-0-0-0--
----------------------0------0----0-0-0-0-0-0-0---
---------------------0--------0----0-0-0-0-0-0----
--------------------0---------1-----0-0-0-0-0-----
-------------------0---------20-0----0-0-0-0------
------------------0---------21-000----0-0-0-------
------------------0--------20-011------0-0--------
-------------------0------20-002-21-----0---------
--------------------0----20-003-0201--------------
---------------------0--21-000-430021-------------
----------------------010-022-12031101------------
-----------------------0-001-321031202-0----------
-------------------------02-130202020--0----------
---------------------------220042002--0-0---------
--------------------------010221010--0-0-0--------
---------------------------0011212--0-0-0-0-------
----------------------------01010--0-0-0-0-0------
-----------------------------002--0-0-0-0-0-0-----
------------------------------0--0-0-0-0-0-0-0----
-------------------------------00-0-0-0-0-0-0-0---
---------------------------------0-0-0-0-0-0-0-0--
----------------------------------0-0-0-0-0-0-0---
-----------------------------------0-0-0-0-0-0----
------------------------------------0-0-0-0-0-----
-------------------------------------0-0-0-0------
--------------------------------------0-0-0-------
---------------------------------------0-0--------
----------------------------------------0---------
--------------------------------------------------
--------------------------------------------------

Generation = 8, Population = 67.
--------101---------------------------------------
----1----12---------------------------------------
--------------------------------------------------
--------------------------------------------------
--------------------------------------------------
--1-----------------------------------------------
--------------------------------------------------
--2---------------0-------------------------------
010-------------010-------------------------------
-00-----------------------------------------------
--------------------------------------------------
--------------------------------------------------
----------------------------------------0---------
---------------------0----------------------------
--------------------------------------------------
----------0---------------------------------------
--------010---------------------------------------
-------------------------00-----------------------
-------------------------11-----------------------
--------------------------------------------------
--------------------------------0---------------0-
-------------0------------------------------------
------------------------------10------------------
-------------------------------00-----------------
-------------------------------01-----------------
-----------------01--------------10---------------
-----------------01--------------00---------------
--------------------------------------------------
----------------------------------------0---------
--------------------------------------------------
----------------------12--------------00----------
-----------------------10--------------10---------
-----------------------00--------------1----------
-------------------------00-----------------------
-------------------------01-----------------------
--------------------------------------------------
--------------------------------------------------
--------------------------------------------------
------------------------------10------------------
-------------------------------11-----------------
-------------------------------0----------------0-
--------------------------------------------------
--------------------------------------------------
--------------------------------------------------
--------------------------------------------------
--------------------------------------------------
--------------------------------------------------
--------------------------------------------------
----------------------------------------0---------
--------------------------------------------------

Generation = 9, Population = 140.
----0--021-0--------------------------------------
---2-0-----0--------------------------------------
----0----11---------------------------------------
--------------------------------------------------
--0-----------------------------------------------
-0-0----------------------------------------------
------------------0-------------------------------
0-30------------1-10------------------------------
1212-----------21--0------------------------------
---1------------000-------------------------------
-00-----------------------------------------------
----------------------------------------0---------
---------------------0-----------------0-0--------
--------------------0-0-----------------0---------
----------0----------0----------------------------
--------0-10--------------------------------------
-------01--0-------------00-----------------------
--------000-------------0--0----------------------
------------------------0--0----------------------
-------------------------00-----0---------------0-
-------------0-----------------0-0-------------0-0
------------0-0---------------000---------------0-
-------------0---------------02-------------------
-------------------------------1-0----------------
-----------------00-----------0---0---------------
----------------0--0-----------0---0--------------
----------------0--0------------1--0--------------
-----------------00--------------21-----0---------
---------------------------------------0-0--------
----------------------00--------------000---------
---------------------02--------------11-----------
-----------------------2-0-------------210--------
----------------------0---2-----------02----------
-----------------------0---2-----------0----------
------------------------0--1----------------------
-------------------------00-----------------------
--------------------------------------------------
------------------------------02------------------
-----------------------------02-------------------
-------------------------------220--------------0-
------------------------------01---------------0-0
-------------------------------0----------------0-
--------------------------------------------------
--------------------------------------------------
--------------------------------------------------
--------------------------------------------------
--------------------------------------------------
----------------------------------------0---------
---------------------------------------0-0--------
----------------------------------------0---------

Generation = 10, Population = 206.
------01-2-10-------------------------------------
--2---001--10-------------------------------------
--------122---------------------------------------
--1-0----01---------------------------------------
--------------------------------------------------
0-1-1-------------0-------------------------------
000-------------001-------------------------------
10--2-----------2---0-----------------------------
--232---------032-010-----------------------------
0-020-------------1-------------------------------
011-------------000---------------------0---------
-00------------------0----------------------------
--------------------------------------0---0-------
----------1--------0---0--------------------------
--------121-----------------------------0---------
--------1---0--------0---00-----------------------
------012-010------------11-----------------------
----------1------------01--10---------------------
--------000------------01--10---0---------------0-
-------------0-----------11-----------------------
-------------------------11----1--0-----------0---
-----------0---0---------------11-----------------
----------------------------01-000--------------0-
-------------0---00----------01-------------------
-----------------11----------2-0------------------
---------------01--11--------------10-------------
---------------01--11--------------10---0---------
-----------------11--------------32---------------
-----------------00---00---------20----1--0-------
-----------------------12--------------11---------
--------------------01-2-2----------02-0-0--------
---------------------00--------------20--10-------
---------------------0-0-------------113-0--------
---------------------------32----------10---------
---------------------------20----------0----------
-------------------------11-----------------------
-------------------------00---01------------------
-------------------------------31-----------------
----------------------------01-000--------------0-
-----------------------------00--10---------------
-----------------------------012-0------------0---
-------------------------------10-----------------
-------------------------------0----------------0-
--------------------------------------------------
--------------------------------------------------
--------------------------------------------------
----------------------------------------0---------
--------------------------------------------------
--------------------------------------0---0-------
--------------------------------------------------

*** Life<FredkinCell> 1x10 ***

Generation = 0, Population = 5.
00000-----

Generation = 1, Population = 3.
1---10----

Generation = 2, Population = 5.
-0-0210---

Generation = 3, Population = 4.
1--1--10--

Generation = 4, Population = 7.
-00-21210-

Generation = 5, Population = 6.
111-3---10

Generation = 6, Population = 6.
2-2--1-121

Generation = 7, Population = 4.
---13--2-2

Generation = 8, Population = 5.
--22412---

Generation = 9, Population = 4.
-13---32--

Generation = 10, Population = 8.
2242-1432-

