*** Life<Cell> 4x4 ***

Generation = 0, Population = 4.
----
-00-
-00-
----

Generation = 1, Population = 8.
-00-
0--0
0--0
-00-

*** Life<Cell> 5x5 ***

Generation = 0, Population = 3.
-----
-----
-000-
-----
-----

Generation = 1, Population = 10.
-----
-000-
01-10
-000-
-----

Generation = 2, Population = 10.
-000-
-----
1*-*1
-----
-000-

*** Life<Cell> 5x5 ***

Generation = 0, Population = 4.
-----
--0--
-0-0-
--0--
-----

Generation = 1, Population = 4.
--0--
-----
0---0
-----
--0--

*** Life<Cell> 5x6 ***

Generation = 0, Population = 6.
------
--00--
-0--0-
--00--
------

Generation = 1, Population = 12.
--00--
--11--
0-00-0
--11--
--00--

*** Life<Cell> 6x6 ***

Generation = 0, Population = 5.
------
--0---
---0--
-000--
------
------

Generation = 1, Population = 12.
--0---
-0----
-0010-
01--0-
-000--
------

Generation = 2, Population = 18.
---0--
01000-
-1---0
1*0010
---1--
-000--

Generation = 3, Population = 20.
00-1--
1*-11-
0-0-01
**-1--
0-0--0
01--0-

Generation = 4, Population = 7.
---*--
*.0---
-----*
*.----
------
-*-0--

*** Life<Cell> 50x50 ***

Generation = 0, Population = 20.
--------------------------------------------------
-00-----------------------------------------------
--------------------------------------------------
--------------------------------------------------
--------------------------------------------------
-----0--------------------------------------------
--------------------------------------------------
----------0---------------------------------------
--------000---------------------------------------
--------------------------------------------------
--------------------------------------------------
--------------------------------------------------
--------------------------------------------------
-------------0------------------------------------
--------------------------------------------------
--------------------------------------------------
--------------------------------------------------
--------------------------------------------------
--------------------------------------------------
--------------------------------------------------
----------------------------------------0---------
--------------------------------------------------
--------------------------------------------------
--------------------------------------------------
--------------------------------------------------
-------------------------00-----------------------
-------------------------00-----------------------
--------------------------------------------------
--------------------------------------------------
--------------------------------------------------
------------------------------00------------------
-------------------------------00-----------------
-------------------------------00-----------------
--------------------------------------------------
--------------------------------------------------
--------------------------------------------------
--------------------------------------------------
--------------------------------------------------
--------------------------------------------------
--------------------------------------------------
----------------------------------------0---------
--------------------------------------------------
--------------------------------------------------
--------------------------------------------------
--------------------------------------------------
--------------------------------------------------
--------------------------------------------------
--------------------------------------------------
--------------------------------------------------
--------------------------------------------------

Generation = 1, Population = 52.
-00-----------------------------------------------
0110----------------------------------------------
-00-----------------------------------------------
--------------------------------------------------
-----0--------------------------------------------
----0-0-------------------------------------------
-----0----0---------------------------------------
--------0-10--------------------------------------
-------01--0--------------------------------------
--------000---------------------------------------
--------------------------------------------------
--------------------------------------------------
-------------0------------------------------------
------------0-0-----------------------------------
-------------0------------------------------------
--------------------------------------------------
--------------------------------------------------
--------------------------------------------------
--------------------------------------------------
----------------------------------------0---------
---------------------------------------0-0--------
----------------------------------------0---------
--------------------------------------------------
--------------------------------------------------
-------------------------00-----------------------
------------------------0--0----------------------
------------------------0--0----------------------
-------------------------00-----------------------
--------------------------------------------------
------------------------------00------------------
-----------------------------01-------------------
-------------------------------1-0----------------
------------------------------0--0----------------
-------------------------------00-----------------
--------------------------------------------------
--------------------------------------------------
--------------------------------------------------
--------------------------------------------------
--------------------------------------------------
----------------------------------------0---------
---------------------------------------0-0--------
----------------------------------------0---------
--------------------------------------------------
--------------------------------------------------
--------------------------------------------------
--------------------------------------------------
--------------------------------------------------
--------------------------------------------------
--------------------------------------------------
--------------------------------------------------

Generation = 2, Population = 73.
--------------------------------------------------
1--10---------------------------------------------
--------------------------------------------------
-00--0--------------------------------------------
--------------------------------------------------
---0---0--0---------------------------------------
--------001---------------------------------------
-----0--1---0-------------------------------------
------01*-010-------------------------------------
----------1---------------------------------------
--------000---------------------------------------
-------------0------------------------------------
--------------------------------------------------
-----------0---0----------------------------------
--------------------------------------------------
-------------0------------------------------------
--------------------------------------------------
--------------------------------------------------
----------------------------------------0---------
--------------------------------------------------
--------------------------------------0---0-------
--------------------------------------------------
----------------------------------------0---------
-------------------------00-----------------------
-------------------------11-----------------------
-----------------------01--10---------------------
-----------------------01--10---------------------
-------------------------11-----------------------
-------------------------00---00------------------
-------------------------------10-----------------
----------------------------01-0-0----------------
-----------------------------00--10---------------
-----------------------------0-0-10---------------
-------------------------------11-----------------
-------------------------------00-----------------
--------------------------------------------------
--------------------------------------------------
--------------------------------------------------
----------------------------------------0---------
--------------------------------------------------
--------------------------------------0---0-------
--------------------------------------------------
----------------------------------------0---------
--------------------------------------------------
--------------------------------------------------
--------------------------------------------------
--------------------------------------------------
--------------------------------------------------
--------------------------------------------------
--------------------------------------------------

Generation = 3, Population = 148.
0--00---------------------------------------------
-11*10--------------------------------------------
000000--------------------------------------------
01100-0-------------------------------------------
-000-0-0--0---------------------------------------
--0-0-0---10--------------------------------------
---0-0-----00-------------------------------------
----0-------10------------------------------------
------1-*----0------------------------------------
------00----0-------------------------------------
-------01--0-0------------------------------------
--------000-0-0-----------------------------------
-----------0-0-0----------------------------------
----------0-0-0-0---------------------------------
-----------0-0-0----------------------------------
------------0-0-----------------------------------
-------------0------------------------------------
----------------------------------------0---------
---------------------------------------0-0--------
--------------------------------------0-0-0-------
-------------------------------------0-0-0-0------
--------------------------------------0-0-0-------
-------------------------00------------0-0--------
------------------------0--0------------0---------
-----------------------0----0---------------------
----------------------0------0--------------------
----------------------0------0--------------------
-----------------------0----0-00------------------
------------------------0--0-01-------------------
-------------------------00-00-*1-----------------
---------------------------01-1101----------------
-----------------------------1110*-0--------------
----------------------------01010--0--------------
-----------------------------00*--0---------------
------------------------------0--0----------------
-------------------------------00-----------------
--------------------------------------------------
----------------------------------------0---------
---------------------------------------0-0--------
--------------------------------------0-0-0-------
-------------------------------------0-0-0-0------
--------------------------------------0-0-0-------
---------------------------------------0-0--------
----------------------------------------0---------
--------------------------------------------------
--------------------------------------------------
--------------------------------------------------
--------------------------------------------------
--------------------------------------------------
--------------------------------------------------

Generation = 4, Population = 74.
--------------------------------------------------
1-*.--0-------------------------------------------
--------------------------------------------------
----------0---------------------------------------
--------001---------------------------------------
--1------0----------------------------------------
--------------------------------------------------
------0-1-----0-----------------------------------
----00*1.0--010-----------------------------------
-----0--0----0------------------------------------
--------------------------------------------------
----------1---------------------------------------
--------000---------------------------------------
---------0-------0--------------------------------
--------------------------------------------------
--------------------------------------------------
----------------------------------------0---------
-------------0------------------------------------
--------------------------------------------------
--------------------------------------------------
------------------------------------0-------0-----
-------------------------00-----------------------
-------------------------11-----------------------
--------------------------------------------------
----------------------------------------0---------
---------------------01------10-------------------
---------------------01------1-0------------------
-------------------------------10-----------------
-------------------------------00-----------------
-------------------------11----.------------------
-------------------------0-1------00--------------
---------------------------00----.-10-------------
---------------------------01------10-------------
-------------------------------.------------------
------------------------------10------------------
-------------------------------11-----------------
-------------------------------00-------0---------
--------------------------------------------------
--------------------------------------------------
--------------------------------------------------
------------------------------------0-------0-----
--------------------------------------------------
--------------------------------------------------
--------------------------------------------------
----------------------------------------0---------
--------------------------------------------------
--------------------------------------------------
--------------------------------------------------
--------------------------------------------------
--------------------------------------------------

Generation = 5, Population = 161.
0-0---0-------------------------------------------
--..-0-0------------------------------------------
0-0---0---0---------------------------------------
--------0-10--------------------------------------
--0----011-0--------------------------------------
-0-0-----1----------------------------------------
--0---0-00----0-----------------------------------
----0-10----1-10----------------------------------
---011.*.-011*-0----------------------------------
-----1-------1------------------------------------
-----0--1-0--0------------------------------------
--------0-*0--------------------------------------
-------011-0-----0--------------------------------
---------1------0-0-------------------------------
---------0-------0--------------------------------
----------------------------------------0---------
-------------0-------------------------0-0--------
------------0-0-------------------------0---------
-------------0------------------------------------
------------------------------------0-------0-----
-------------------------00--------0-0-----0-0----
------------------------0--0--------0-------0-----
------------------------0--0----------------------
-------------------------00-------------0---------
---------------------00------00--------0-0--------
--------------------0--0----0-1---------0---------
--------------------0--0----0*01------------------
---------------------00------00*-0----------------
-------------------------00---1--0----------------
------------------------0-*----.1-00--------------
------------------------010*-----11---------------
-------------------------001-1---.-*-0------------
--------------------------0--1----0--0------------
---------------------------00-0.---00-------------
-----------------------------0*-------------------
-------------------------------*-0------0---------
------------------------------0--0-----0-0--------
-------------------------------00-------0---------
--------------------------------------------------
------------------------------------0-------0-----
-----------------------------------0-0-----0-0----
------------------------------------0-------0-----
--------------------------------------------------
----------------------------------------0---------
---------------------------------------0-0--------
----------------------------------------0---------
--------------------------------------------------
--------------------------------------------------
--------------------------------------------------
--------------------------------------------------

Generation = 6, Population = 227.
---0----------------------------------------------
--..1---0-0---------------------------------------
---0----001---------------------------------------
0-----0-10--0-------------------------------------
------01*-110-------------------------------------
0---0-000-10--0-----------------------------------
----00101-1-001-----------------------------------
--0-10---01-*0--0---------------------------------
--01*-.*.01-*.010---------------------------------
---0--000--0--00----------------------------------
----0100*-1-010-----------------------------------
-----0---0.-00---0--------------------------------
------01*-010-------------------------------------
-------0--00---0---0------------------------------
--------010-----------------------------0---------
---------0---0---0--------------------------------
--------------------------------------0---0-------
-----------0---0----------------------------------
------------------------------------0---0---0-----
-------------0-----------00-----------------------
-------------------------11-------0---0---0---0---
-----------------------01--10---------------------
-----------------------01--10-------0---0---0-----
---------------------00--11--00-------------------
---------------------11--11--1-0------0---0-------
-------------------01--11--11---------------------
-------------------01--11--1-.--00------0---------
---------------------11--11----.-10---------------
---------------------00--1-0--*--1-0--------------
-----------------------01-.---0.---10-------------
-----------------------0-*-.11---*-0-0------------
-----------------------------*1--*0*-10-----------
--------------------------10-*---1-1-10-----------
---------------------------11-1.---11-------------
---------------------------0-1*--0-00---0---------
-----------------------------00*-10---------------
-----------------------------0-0-10---0---0-------
-------------------------------11-----------------
-------------------------------00---0---0---0-----
--------------------------------------------------
----------------------------------0---0---0---0---
--------------------------------------------------
------------------------------------0---0---0-----
--------------------------------------------------
--------------------------------------0---0-------
--------------------------------------------------
----------------------------------------0---------
--------------------------------------------------
--------------------------------------------------
--------------------------------------------------

Generation = 7, Population = 375.
--0-----0-0---------------------------------------
--.*-0-01010--------------------------------------
0-0---0011-00-------------------------------------
-1-0-010*-1-10------------------------------------
----001*.1-*-00-----------------------------------
-0-0101-1-*-0-10----------------------------------
0-0011*1-0-0-1-00---------------------------------
-010*-----*-.-1-10--------------------------------
-0-*.-.*.--1*.-*-0--------------------------------
---10-----1-0-1-----------------------------------
----1*11.0-0-*---0--------------------------------
-----10-0-.-1---0-0-------------------------------
------1**1-*---0-0-0------------------------------
-------10-1---0-0-0-0-------------------0---------
--------1*---0-0-0-0-------------------0-0--------
---------1--0-0-0-0-------------------0-0-0-------
---------0-0-0-0-0-------------------0-0-0-0------
----------0-0-0-0-------------------0-0-0-0-0-----
-----------0-0-0---------00--------0-0-0-0-0-0----
------------0-0---------0--0------0-0-0-0-0-0-0---
-------------0---------0----0----0-0-0-0-0-0-0-0--
----------------------0------0----0-0-0-0-0-0-0---
---------------------0--------0----0-0-0-0-0-0----
--------------------0---------1-----0-0-0-0-0-----
-------------------0---------*0-0----0-0-0-0------
------------------0---------*--000----0-0-0-------
------------------0--------*-.-11------0-0--------
-------------------0------*0--0.-*1-----0---------
--------------------0----*0-00.00*01--------------
---------------------0--*1*00-1.--0*1-------------
----------------------010.0.*-1-0*1-01------------
-----------------------0-001-.*10*-*-*-0----------
-------------------------0*-1.0-0*0-0--0----------
---------------------------**-*.--0*--0-0---------
--------------------------010-.-010--0-0-0--------
---------------------------0011*-*--0-0-0-0-------
----------------------------010-0--0-0-0-0-0------
-----------------------------00*--0-0-0-0-0-0-----
------------------------------0--0-0-0-0-0-0-0----
-------------------------------00-0-0-0-0-0-0-0---
---------------------------------0-0-0-0-0-0-0-0--
----------------------------------0-0-0-0-0-0-0---
-----------------------------------0-0-0-0-0-0----
------------------------------------0-0-0-0-0-----
-------------------------------------0-0-0-0------
--------------------------------------0-0-0-------
---------------------------------------0-0--------
----------------------------------------0---------
--------------------------------------------------
--------------------------------------------------

Generation = 8, Population = 136.
-0---0--101---------------------------------------
1-**--0--1*---------------------------------------
-0-0-0--------------------------------------------
--1-0---.-----------------------------------------
---0---..--.--------------------------------------
--1---*---.---------------------------------------
-----*.*1---0-------------------------------------
--*-.-1---*0.-----0-------------------------------
010..-...-1**.0*010-------------------------------
-00---0-----11------------------------------------
-----.***-1--*------------------------------------
------1-10.0--------------------------------------
-------..*0*----------------------------0---------
--------1------------0----------------------------
---------.----------------------------------------
----------0---------------------------------------
--------010---------------------------------------
-------------------------00-----------------------
-------------------------11-----------------------
--------------------------------------------------
--------------------------------0---------------0-
-------------0------------------------------------
------------------------------10------------------
-------------------------------00-----------------
-----------------------------*-01-----------------
-----------------01---------*----10---------------
-----------------01--------*-.---00---------------
--------------------------.----.0.----------------
-------------------------.1--1.1-.------0---------
------------------------.*.-10*.-01.--------------
----------------------1*-.-.*--1-.----00----------
-----------------------10--*0.*--.-.-*-10---------
-----------------------00-.-*.-1-.-----1----------
-------------------------00..-..-01.--------------
-------------------------01-1-.-1*----------------
-----------------------------**.-.----------------
------------------------------1-------------------
-------------------------------.------------------
------------------------------10------------------
-------------------------------11-----------------
-------------------------------0----------------0-
--------------------------------------------------
--------------------------------------------------
--------------------------------------------------
--------------------------------------------------
--------------------------------------------------
--------------------------------------------------
--------------------------------------------------
----------------------------------------0---------
--------------------------------------------------

Generation = 9, Population = 220.
---00--0*1-0--------------------------------------
--.*10-0--*0--------------------------------------
---10----11---------------------------------------
--------.-----------------------------------------
--0---1..--.--------------------------------------
-0----*-1-.-0-------------------------------------
----1*.**01--1----0-------------------------------
0-*0.---10*-.-101-10------------------------------
1*1*.-...0-...1*---0------------------------------
---1-11-0------0000-------------------------------
-00--**.*0---*0-----------------------------------
-----1*0--.110--------------------------0---------
------1*..-*0--------0-----------------0-0--------
-------1--10--------0-0-----------------0---------
--------1.0----------0----------------------------
--------0-10--------------------------------------
-------01--0-------------00-----------------------
--------000-------------0--0----------------------
------------------------0--0----------------------
-------------------------00-----0---------------0-
-------------0-----------------0-0-------------0-0
------------0-0---------------000---------------0-
-------------0---------------0*-------------------
-----------------------------0-1-0----------------
-----------------00----------.----0---------------
----------------0--0--------*--0---0--------------
----------------0--0------0.-.-----0--------------
-----------------00-------.0-0-.-*1-----0---------
-------------------------.-0-*.--*0----0-0--------
----------------------00...0-1.*11*.--000---------
---------------------0**-.-..-1-0.1---1-----------
-----------------------*-00*1.*1-.-.0.0*10--------
----------------------0---*-**--0.0--10*----------
-----------------------0---..-..--*.---0----------
------------------------0-----.0**----------------
-------------------------00--***1.----------------
------------------------------*0------------------
-------------------------------*------------------
-----------------------------0*-------------------
-------------------------------**0--------------0-
------------------------------01---------------0-0
-------------------------------0----------------0-
--------------------------------------------------
--------------------------------------------------
--------------------------------------------------
--------------------------------------------------
--------------------------------------------------
----------------------------------------0---------
---------------------------------------0-0--------
----------------------------------------0---------

Generation = 10, Population = 288.
--0---0-**110-------------------------------------
--*.-1-1-1.-0-------------------------------------
--0----01*----------------------------------------
--100-1-.01---------------------------------------
---0-0**.--.0-------------------------------------
0---1-*0*-.0------0-------------------------------
000-***..1-0---0001-------------------------------
10.-.0----.0.--1*---0-----------------------------
-.*..1.*.1-...-.01010-----------------------------
0-0*----10---11---1-------------------------------
011-1...*110-*1-000---------------------0---------
-00-0-.--0*-*--------0----------------------------
-------.*.-.--------------------------0---0-------
-------*-1---------0---0--------------------------
--------*.-0----------------------------0---------
------------0--------0---00-----------------------
------01*-010------------11-----------------------
----------1------------01--10---------------------
--------000------------01--10---0---------------0-
-------------0-----------11-----------------------
-------------------------11----1--0-----------0---
-----------0---0---------------11-----------------
----------------------------0-.000--------------0-
-------------0---00---------011-------------------
-----------------11---------0.--------------------
---------------01--11-----01.11-0--10-------------
---------------01--11----0-*0.-1-0-10---0---------
-----------------11-------*1-10.0*----------------
-----------------00---00-.1--*.1-.11---1--0-------
------------------------...1-*.***.*-0-11---------
--------------------01..0.0..-*-1.*001-0-0--------
---------------------00*-11.-.**0.-*-.1.-10-------
---------------------0-0--*0**---*11-*1.-0--------
--------------------------0..0.*--*.-0-10---------
--------------------------1--1.-.*-----0----------
-------------------------1100*..-*----------------
-------------------------00---.1------------------
-----------------------------00*1-----------------
----------------------------01*000--------------0-
-----------------------------00.*10---------------
-----------------------------01*-0------------0---
-------------------------------10-----------------
-------------------------------0----------------0-
--------------------------------------------------
--------------------------------------------------
--------------------------------------------------
----------------------------------------0---------
--------------------------------------------------
--------------------------------------0---0-------
--------------------------------------------------

*** Life<Cell> 1x10 ***

Generation = 0, Population = 5.
00000-----

Generation = 1, Population = 3.
1---10----

Generation = 2, Population = 5.
-0-0*10---

Generation = 3, Population = 5.
1--1*-10--

Generation = 4, Population = 6.
-00*.-*10-

Generation = 5, Population = 5.
11-..1.-10

Generation = 6, Population = 6.
**0..-.1*1

Generation = 7, Population = 5.
.*1..-.***

Generation = 8, Population = 2.
..*..-..*.

Generation = 9, Population = 0.
.....-....

Generation = 10, Population = 0.
.....-....

