*** Life<ConwayCell> 8x7 ***

Generation = 0, Population = 41.
**.****
***..**
***.***
*******
**..*..
...***.
***.***
***.**.

Generation = 14, Population = 0.
.......
.......
.......
.......
.......
.......
.......
.......

Generation = 28, Population = 0.
.......
.......
.......
.......
.......
.......
.......
.......

Generation = 42, Population = 0.
.......
.......
.......
.......
.......
.......
.......
.......

Generation = 56, Population = 0.
.......
.......
.......
.......
.......
.......
.......
.......

Generation = 70, Population = 0.
.......
.......
.......
.......
.......
.......
.......
.......

*** Life<ConwayCell> 3x8 ***

Generation = 0, Population = 24.
********
********
********

Generation = 1, Population = 4.
*......*
........
*......*

Generation = 2, Population = 0.
........
........
........

Generation = 3, Population = 0.
........
........
........

Generation = 4, Population = 0.
........
........
........

Generation = 5, Population = 0.
........
........
........

Generation = 6, Population = 0.
........
........
........

Generation = 7, Population = 0.
........
........
........

Generation = 8, Population = 0.
........
........
........

Generation = 9, Population = 0.
........
........
........

Generation = 10, Population = 0.
........
........
........

*** Life<ConwayCell> 7x1 ***

Generation = 0, Population = 7.
*
*
*
*
*
*
*

Generation = 5, Population = 0.
.
.
.
.
.
.
.

Generation = 10, Population = 0.
.
.
.
.
.
.
.

Generation = 15, Population = 0.
.
.
.
.
.
.
.

Generation = 20, Population = 0.
.
.
.
.
.
.
.

Generation = 25, Population = 0.
.
.
.
.
.
.
.

Generation = 30, Population = 0.
.
.
.
.
.
.
.

Generation = 35, Population = 0.
.
.
.
.
.
.
.

Generation = 40, Population = 0.
.
.
.
.
.
.
.

Generation = 45, Population = 0.
.
.
.
.
.
.
.

Generation = 50, Population = 0.
.
.
.
.
.
.
.

Generation = 55, Population = 0.
.
.
.
.
.
.
.

Generation = 60, Population = 0.
.
.
.
.
.
.
.

Generation = 65, Population = 0.
.
.
.
.
.
.
.

Generation = 70, Population = 0.
.
.
.
.
.
.
.

Generation = 75, Population = 0.
.
.
.
.
.
.
.

Generation = 80, Population = 0.
.
.
.
.
.
.
.

Generation = 85, Population = 0.
.
.
.
.
.
.
.

Generation = 90, Population = 0.
.
.
.
.
.
.
.

Generation = 95, Population = 0.
.
.
.
.
.
.
.

Generation = 100, Population = 0.
.
.
.
.
.
.
.

Generation = 105, Population = 0.
.
.
.
.
.
.
.

Generation = 110, Population = 0.
.
.
.
.
.
.
.

Generation = 115, Population = 0.
.
.
.
.
.
.
.

Generation = 120, Population = 0.
.
.
.
.
.
.
.

Generation = 125, Population = 0.
.
.
.
.
.
.
.

Generation = 130, Population = 0.
.
.
.
.
.
.
.

Generation = 135, Population = 0.
.
.
.
.
.
.
.

Generation = 140, Population = 0.
.
.
.
.
.
.
.

Generation = 145, Population = 0.
.
.
.
.
.
.
.

Generation = 150, Population = 0.
.
.
.
.
.
.
.

Generation = 155, Population = 0.
.
.
.
.
.
.
.

Generation = 160, Population = 0.
.
.
.
.
.
.
.

Generation = 165, Population = 0.
.
.
.
.
.
.
.

Generation = 170, Population = 0.
.
.
.
.
.
.
.

Generation = 175, Population = 0.
.
.
.
.
.
.
.

Generation = 180, Population = 0.
.
.
.
.
.
.
.

*** Life<ConwayCell> 10x1 ***

Generation = 0, Population = 9.
*
*
*
*
*
*
*
.
*
*

Generation = 12, Population = 0.
.
.
.
.
.
.
.
.
.
.

Generation = 24, Population = 0.
.
.
.
.
.
.
.
.
.
.

Generation = 36, Population = 0.
.
.
.
.
.
.
.
.
.
.

Generation = 48, Population = 0.
.
.
.
.
.
.
.
.
.
.

Generation = 60, Population = 0.
.
.
.
.
.
.
.
.
.
.

Generation = 72, Population = 0.
.
.
.
.
.
.
.
.
.
.

Generation = 84, Population = 0.
.
.
.
.
.
.
.
.
.
.

Generation = 96, Population = 0.
.
.
.
.
.
.
.
.
.
.

Generation = 108, Population = 0.
.
.
.
.
.
.
.
.
.
.

Generation = 120, Population = 0.
.
.
.
.
.
.
.
.
.
.

Generation = 132, Population = 0.
.
.
.
.
.
.
.
.
.
.

Generation = 144, Population = 0.
.
.
.
.
.
.
.
.
.
.

Generation = 156, Population = 0.
.
.
.
.
.
.
.
.
.
.

*** Life<ConwayCell> 10x3 ***

Generation = 0, Population = 22.
*.*
..*
***
***
**.
*..
.**
***
***
.**

Generation = 7, Population = 0.
...
...
...
...
...
...
...
...
...
...

Generation = 14, Population = 0.
...
...
...
...
...
...
...
...
...
...

Generation = 21, Population = 0.
...
...
...
...
...
...
...
...
...
...

Generation = 28, Population = 0.
...
...
...
...
...
...
...
...
...
...

Generation = 35, Population = 0.
...
...
...
...
...
...
...
...
...
...

Generation = 42, Population = 0.
...
...
...
...
...
...
...
...
...
...

Generation = 49, Population = 0.
...
...
...
...
...
...
...
...
...
...

Generation = 56, Population = 0.
...
...
...
...
...
...
...
...
...
...

Generation = 63, Population = 0.
...
...
...
...
...
...
...
...
...
...

Generation = 70, Population = 0.
...
...
...
...
...
...
...
...
...
...

Generation = 77, Population = 0.
...
...
...
...
...
...
...
...
...
...

Generation = 84, Population = 0.
...
...
...
...
...
...
...
...
...
...

Generation = 91, Population = 0.
...
...
...
...
...
...
...
...
...
...

Generation = 98, Population = 0.
...
...
...
...
...
...
...
...
...
...

Generation = 105, Population = 0.
...
...
...
...
...
...
...
...
...
...

Generation = 112, Population = 0.
...
...
...
...
...
...
...
...
...
...

Generation = 119, Population = 0.
...
...
...
...
...
...
...
...
...
...

Generation = 126, Population = 0.
...
...
...
...
...
...
...
...
...
...

Generation = 133, Population = 0.
...
...
...
...
...
...
...
...
...
...

Generation = 140, Population = 0.
...
...
...
...
...
...
...
...
...
...

Generation = 147, Population = 0.
...
...
...
...
...
...
...
...
...
...

Generation = 154, Population = 0.
...
...
...
...
...
...
...
...
...
...

Generation = 161, Population = 0.
...
...
...
...
...
...
...
...
...
...

Generation = 168, Population = 0.
...
...
...
...
...
...
...
...
...
...

Generation = 175, Population = 0.
...
...
...
...
...
...
...
...
...
...

Generation = 182, Population = 0.
...
...
...
...
...
...
...
...
...
...

Generation = 189, Population = 0.
...
...
...
...
...
...
...
...
...
...

*** Life<ConwayCell> 9x6 ***

Generation = 0, Population = 2.
......
......
......
......
*.....
......
......
......
...*..

Generation = 2, Population = 0.
......
......
......
......
......
......
......
......
......

Generation = 4, Population = 0.
......
......
......
......
......
......
......
......
......

Generation = 6, Population = 0.
......
......
......
......
......
......
......
......
......

Generation = 8, Population = 0.
......
......
......
......
......
......
......
......
......

Generation = 10, Population = 0.
......
......
......
......
......
......
......
......
......

Generation = 12, Population = 0.
......
......
......
......
......
......
......
......
......

Generation = 14, Population = 0.
......
......
......
......
......
......
......
......
......

Generation = 16, Population = 0.
......
......
......
......
......
......
......
......
......

Generation = 18, Population = 0.
......
......
......
......
......
......
......
......
......

Generation = 20, Population = 0.
......
......
......
......
......
......
......
......
......

Generation = 22, Population = 0.
......
......
......
......
......
......
......
......
......

Generation = 24, Population = 0.
......
......
......
......
......
......
......
......
......

Generation = 26, Population = 0.
......
......
......
......
......
......
......
......
......

Generation = 28, Population = 0.
......
......
......
......
......
......
......
......
......

Generation = 30, Population = 0.
......
......
......
......
......
......
......
......
......

Generation = 32, Population = 0.
......
......
......
......
......
......
......
......
......

Generation = 34, Population = 0.
......
......
......
......
......
......
......
......
......

Generation = 36, Population = 0.
......
......
......
......
......
......
......
......
......

Generation = 38, Population = 0.
......
......
......
......
......
......
......
......
......

Generation = 40, Population = 0.
......
......
......
......
......
......
......
......
......

Generation = 42, Population = 0.
......
......
......
......
......
......
......
......
......

Generation = 44, Population = 0.
......
......
......
......
......
......
......
......
......

Generation = 46, Population = 0.
......
......
......
......
......
......
......
......
......

Generation = 48, Population = 0.
......
......
......
......
......
......
......
......
......

Generation = 50, Population = 0.
......
......
......
......
......
......
......
......
......

Generation = 52, Population = 0.
......
......
......
......
......
......
......
......
......

Generation = 54, Population = 0.
......
......
......
......
......
......
......
......
......

Generation = 56, Population = 0.
......
......
......
......
......
......
......
......
......

Generation = 58, Population = 0.
......
......
......
......
......
......
......
......
......

Generation = 60, Population = 0.
......
......
......
......
......
......
......
......
......

Generation = 62, Population = 0.
......
......
......
......
......
......
......
......
......

Generation = 64, Population = 0.
......
......
......
......
......
......
......
......
......

Generation = 66, Population = 0.
......
......
......
......
......
......
......
......
......

Generation = 68, Population = 0.
......
......
......
......
......
......
......
......
......

Generation = 70, Population = 0.
......
......
......
......
......
......
......
......
......

Generation = 72, Population = 0.
......
......
......
......
......
......
......
......
......

Generation = 74, Population = 0.
......
......
......
......
......
......
......
......
......

Generation = 76, Population = 0.
......
......
......
......
......
......
......
......
......

Generation = 78, Population = 0.
......
......
......
......
......
......
......
......
......

Generation = 80, Population = 0.
......
......
......
......
......
......
......
......
......

Generation = 82, Population = 0.
......
......
......
......
......
......
......
......
......

Generation = 84, Population = 0.
......
......
......
......
......
......
......
......
......

Generation = 86, Population = 0.
......
......
......
......
......
......
......
......
......

Generation = 88, Population = 0.
......
......
......
......
......
......
......
......
......

Generation = 90, Population = 0.
......
......
......
......
......
......
......
......
......

Generation = 92, Population = 0.
......
......
......
......
......
......
......
......
......

Generation = 94, Population = 0.
......
......
......
......
......
......
......
......
......

Generation = 96, Population = 0.
......
......
......
......
......
......
......
......
......

Generation = 98, Population = 0.
......
......
......
......
......
......
......
......
......

Generation = 100, Population = 0.
......
......
......
......
......
......
......
......
......

Generation = 102, Population = 0.
......
......
......
......
......
......
......
......
......

*** Life<ConwayCell> 8x4 ***

Generation = 0, Population = 25.
****
*.**
****
***.
*.*.
.***
***.
***.

Generation = 17, Population = 0.
....
....
....
....
....
....
....
....

Generation = 34, Population = 0.
....
....
....
....
....
....
....
....

Generation = 51, Population = 0.
....
....
....
....
....
....
....
....

Generation = 68, Population = 0.
....
....
....
....
....
....
....
....

Generation = 85, Population = 0.
....
....
....
....
....
....
....
....

*** Life<ConwayCell> 4x1 ***

Generation = 0, Population = 4.
*
*
*
*

Generation = 4, Population = 0.
.
.
.
.

Generation = 8, Population = 0.
.
.
.
.

Generation = 12, Population = 0.
.
.
.
.

Generation = 16, Population = 0.
.
.
.
.

Generation = 20, Population = 0.
.
.
.
.

Generation = 24, Population = 0.
.
.
.
.

Generation = 28, Population = 0.
.
.
.
.

Generation = 32, Population = 0.
.
.
.
.

Generation = 36, Population = 0.
.
.
.
.

Generation = 40, Population = 0.
.
.
.
.

Generation = 44, Population = 0.
.
.
.
.

Generation = 48, Population = 0.
.
.
.
.

Generation = 52, Population = 0.
.
.
.
.

Generation = 56, Population = 0.
.
.
.
.

Generation = 60, Population = 0.
.
.
.
.

Generation = 64, Population = 0.
.
.
.
.

Generation = 68, Population = 0.
.
.
.
.

Generation = 72, Population = 0.
.
.
.
.

Generation = 76, Population = 0.
.
.
.
.

Generation = 80, Population = 0.
.
.
.
.

Generation = 84, Population = 0.
.
.
.
.

Generation = 88, Population = 0.
.
.
.
.

Generation = 92, Population = 0.
.
.
.
.

Generation = 96, Population = 0.
.
.
.
.

Generation = 100, Population = 0.
.
.
.
.

Generation = 104, Population = 0.
.
.
.
.

Generation = 108, Population = 0.
.
.
.
.

Generation = 112, Population = 0.
.
.
.
.

Generation = 116, Population = 0.
.
.
.
.

Generation = 120, Population = 0.
.
.
.
.

Generation = 124, Population = 0.
.
.
.
.

Generation = 128, Population = 0.
.
.
.
.

Generation = 132, Population = 0.
.
.
.
.

Generation = 136, Population = 0.
.
.
.
.

Generation = 140, Population = 0.
.
.
.
.

Generation = 144, Population = 0.
.
.
.
.

*** Life<ConwayCell> 9x5 ***

Generation = 0, Population = 38.
.****
.****
**.**
*.**.
***.*
****.
*****
*****
*****

Generation = 7, Population = 0.
.....
.....
.....
.....
.....
.....
.....
.....
.....

Generation = 14, Population = 0.
.....
.....
.....
.....
.....
.....
.....
.....
.....

Generation = 21, Population = 0.
.....
.....
.....
.....
.....
.....
.....
.....
.....

Generation = 28, Population = 0.
.....
.....
.....
.....
.....
.....
.....
.....
.....

Generation = 35, Population = 0.
.....
.....
.....
.....
.....
.....
.....
.....
.....

*** Life<ConwayCell> 9x1 ***

Generation = 0, Population = 9.
*
*
*
*
*
*
*
*
*

Generation = 11, Population = 0.
.
.
.
.
.
.
.
.
.

Generation = 22, Population = 0.
.
.
.
.
.
.
.
.
.

Generation = 33, Population = 0.
.
.
.
.
.
.
.
.
.

Generation = 44, Population = 0.
.
.
.
.
.
.
.
.
.

Generation = 55, Population = 0.
.
.
.
.
.
.
.
.
.

Generation = 66, Population = 0.
.
.
.
.
.
.
.
.
.

Generation = 77, Population = 0.
.
.
.
.
.
.
.
.
.

*** Life<ConwayCell> 9x8 ***

Generation = 0, Population = 25.
..*....*
.....*..
**...***
..*.*.**
...**...
.*.*.*..
...****.
.*..*.*.
.*......

Generation = 4, Population = 20.
.....*..
....***.
**.*.**.
*..*....
.***....
..**....
......*.
..**..*.
........

Generation = 8, Population = 16.
...*.*..
.*....*.
....**..
**......
**.*....
****....
..*.....
........
........

Generation = 12, Population = 12.
........
........
.*.*....
..****..
.*......
..***...
...*....
...*....
........

Generation = 16, Population = 12.
........
...*....
...**...
....**..
...*.*..
..*..*..
..*.*...
...*....
........

Generation = 20, Population = 11.
........
...**...
...*.*..
.....*..
...**...
........
..*..*..
...**...
........

Generation = 24, Population = 15.
...*....
..***...
.*...**.
..**....
...*...*
........
...*..*.
...**...
........

Generation = 28, Population = 14.
........
*.**.**.
*.....*.
........
........
..*.**..
..*..*..
...**...
........

Generation = 32, Population = 14.
........
.....**.
....*...
........
...*.**.
..**.**.
..*..*..
...**...
........

Generation = 36, Population = 14.
........
........
........
........
.***.*..
.*..***.
.*......
..*..*..
...***..

Generation = 40, Population = 16.
........
........
.**.....
..**....
*.*.....
..*...**
........
*.*..***
.**.....

Generation = 44, Population = 17.
........
..**....
.*.**...
...**...
...**...
..***...
..***...
...*....
..*.....

Generation = 48, Population = 6.
........
..***...
....*...
...*....
....*...
........
........
........
........

Generation = 52, Population = 9.
...***..
..*..*..
..*..*..
...**...
........
........
........
........
........

Generation = 56, Population = 11.
...****.
..*....*
..*...*.
...*..*.
....*...
........
........
........
........

Generation = 60, Population = 17.
...****.
.**....*
.*..**.*
.*....**
..***...
........
........
........
........

Generation = 64, Population = 16.
.*....*.
*......*
*...**.*
***...**
...*....
..**....
........
........
........

Generation = 68, Population = 11.
........
........
...****.
..**...*
..*.***.
........
........
........
........

Generation = 72, Population = 14.
........
........
.***..**
.......*
.*..*.**
..***.*.
........
........
........

Generation = 76, Population = 20.
........
..*.....
**.*.**.
**.*.**.
.......*
.**.*..*
.**.....
...**...
........

Generation = 80, Population = 24.
........
....***.
*.*****.
.***..*.
*..**...
*....*..
*...*...
.****...
........

Generation = 84, Population = 17.
........
......**
......**
..***...
..**.*..
....*.**
......*.
....***.
........

Generation = 88, Population = 17.
........
........
........
..**....
.**.***.
...*.***
...***.*
......**
........

Generation = 92, Population = 11.
........
........
..*.....
***.**..
..*.**..
...*....
........
.....*..
........

Generation = 96, Population = 19.
........
..***...
.*****..
*..*.**.
.***.*..
..***...
........
........
........

Generation = 100, Population = 17.
........
.*....*.
..*...**
..*..*.*
..*.*..*
.*.****.
.....*..
........
........

Generation = 104, Population = 17.
........
......**
.**....*
*.....**
.*..**.*
.**....*
....**..
........
........

Generation = 108, Population = 6.
........
........
........
**......
***.....
..*.....
........
........
........

Generation = 112, Population = 0.
........
........
........
........
........
........
........
........
........

Generation = 116, Population = 0.
........
........
........
........
........
........
........
........
........

Generation = 120, Population = 0.
........
........
........
........
........
........
........
........
........

Generation = 124, Population = 0.
........
........
........
........
........
........
........
........
........

Generation = 128, Population = 0.
........
........
........
........
........
........
........
........
........

Generation = 132, Population = 0.
........
........
........
........
........
........
........
........
........

Generation = 136, Population = 0.
........
........
........
........
........
........
........
........
........

Generation = 140, Population = 0.
........
........
........
........
........
........
........
........
........

Generation = 144, Population = 0.
........
........
........
........
........
........
........
........
........

Generation = 148, Population = 0.
........
........
........
........
........
........
........
........
........

Generation = 152, Population = 0.
........
........
........
........
........
........
........
........
........

*** Life<ConwayCell> 7x9 ***

Generation = 0, Population = 15.
..**....*
**...*...
...*.....
.....*...
**..*....
........*
....*.**.

Generation = 9, Population = 0.
.........
.........
.........
.........
.........
.........
.........

Generation = 18, Population = 0.
.........
.........
.........
.........
.........
.........
.........

Generation = 27, Population = 0.
.........
.........
.........
.........
.........
.........
.........

Generation = 36, Population = 0.
.........
.........
.........
.........
.........
.........
.........

Generation = 45, Population = 0.
.........
.........
.........
.........
.........
.........
.........

Generation = 54, Population = 0.
.........
.........
.........
.........
.........
.........
.........

Generation = 63, Population = 0.
.........
.........
.........
.........
.........
.........
.........

Generation = 72, Population = 0.
.........
.........
.........
.........
.........
.........
.........

Generation = 81, Population = 0.
.........
.........
.........
.........
.........
.........
.........

Generation = 90, Population = 0.
.........
.........
.........
.........
.........
.........
.........

Generation = 99, Population = 0.
.........
.........
.........
.........
.........
.........
.........

Generation = 108, Population = 0.
.........
.........
.........
.........
.........
.........
.........

Generation = 117, Population = 0.
.........
.........
.........
.........
.........
.........
.........

Generation = 126, Population = 0.
.........
.........
.........
.........
.........
.........
.........

Generation = 135, Population = 0.
.........
.........
.........
.........
.........
.........
.........

*** Life<ConwayCell> 7x3 ***

Generation = 0, Population = 13.
**.
***
.**
*.*
...
.**
.**

Generation = 6, Population = 0.
...
...
...
...
...
...
...

Generation = 12, Population = 0.
...
...
...
...
...
...
...

Generation = 18, Population = 0.
...
...
...
...
...
...
...

Generation = 24, Population = 0.
...
...
...
...
...
...
...

Generation = 30, Population = 0.
...
...
...
...
...
...
...

Generation = 36, Population = 0.
...
...
...
...
...
...
...

Generation = 42, Population = 0.
...
...
...
...
...
...
...

Generation = 48, Population = 0.
...
...
...
...
...
...
...

Generation = 54, Population = 0.
...
...
...
...
...
...
...

Generation = 60, Population = 0.
...
...
...
...
...
...
...

Generation = 66, Population = 0.
...
...
...
...
...
...
...

Generation = 72, Population = 0.
...
...
...
...
...
...
...

Generation = 78, Population = 0.
...
...
...
...
...
...
...

Generation = 84, Population = 0.
...
...
...
...
...
...
...

Generation = 90, Population = 0.
...
...
...
...
...
...
...

Generation = 96, Population = 0.
...
...
...
...
...
...
...

Generation = 102, Population = 0.
...
...
...
...
...
...
...

Generation = 108, Population = 0.
...
...
...
...
...
...
...

Generation = 114, Population = 0.
...
...
...
...
...
...
...

Generation = 120, Population = 0.
...
...
...
...
...
...
...

Generation = 126, Population = 0.
...
...
...
...
...
...
...

Generation = 132, Population = 0.
...
...
...
...
...
...
...

Generation = 138, Population = 0.
...
...
...
...
...
...
...

Generation = 144, Population = 0.
...
...
...
...
...
...
...

Generation = 150, Population = 0.
...
...
...
...
...
...
...

Generation = 156, Population = 0.
...
...
...
...
...
...
...

Generation = 162, Population = 0.
...
...
...
...
...
...
...

*** Life<ConwayCell> 5x1 ***

Generation = 0, Population = 5.
*
*
*
*
*

Generation = 5, Population = 0.
.
.
.
.
.

Generation = 10, Population = 0.
.
.
.
.
.

Generation = 15, Population = 0.
.
.
.
.
.

Generation = 20, Population = 0.
.
.
.
.
.

Generation = 25, Population = 0.
.
.
.
.
.

Generation = 30, Population = 0.
.
.
.
.
.

Generation = 35, Population = 0.
.
.
.
.
.

Generation = 40, Population = 0.
.
.
.
.
.

Generation = 45, Population = 0.
.
.
.
.
.

Generation = 50, Population = 0.
.
.
.
.
.

Generation = 55, Population = 0.
.
.
.
.
.

Generation = 60, Population = 0.
.
.
.
.
.

Generation = 65, Population = 0.
.
.
.
.
.

Generation = 70, Population = 0.
.
.
.
.
.

Generation = 75, Population = 0.
.
.
.
.
.

Generation = 80, Population = 0.
.
.
.
.
.

Generation = 85, Population = 0.
.
.
.
.
.

Generation = 90, Population = 0.
.
.
.
.
.

Generation = 95, Population = 0.
.
.
.
.
.

Generation = 100, Population = 0.
.
.
.
.
.

Generation = 105, Population = 0.
.
.
.
.
.

Generation = 110, Population = 0.
.
.
.
.
.

Generation = 115, Population = 0.
.
.
.
.
.

*** Life<ConwayCell> 7x3 ***

Generation = 0, Population = 20.
*.*
***
***
***
***
***
***

Generation = 12, Population = 0.
...
...
...
...
...
...
...

Generation = 24, Population = 0.
...
...
...
...
...
...
...

Generation = 36, Population = 0.
...
...
...
...
...
...
...

Generation = 48, Population = 0.
...
...
...
...
...
...
...

Generation = 60, Population = 0.
...
...
...
...
...
...
...

Generation = 72, Population = 0.
...
...
...
...
...
...
...

Generation = 84, Population = 0.
...
...
...
...
...
...
...

Generation = 96, Population = 0.
...
...
...
...
...
...
...

Generation = 108, Population = 0.
...
...
...
...
...
...
...

Generation = 120, Population = 0.
...
...
...
...
...
...
...

Generation = 132, Population = 0.
...
...
...
...
...
...
...

Generation = 144, Population = 0.
...
...
...
...
...
...
...

Generation = 156, Population = 0.
...
...
...
...
...
...
...

*** Life<ConwayCell> 10x5 ***

Generation = 0, Population = 36.
*****
.****
*****
*...*
.*.**
.***.
.*.**
*.**.
.****
.****

Generation = 20, Population = 0.
.....
.....
.....
.....
.....
.....
.....
.....
.....
.....

Generation = 40, Population = 0.
.....
.....
.....
.....
.....
.....
.....
.....
.....
.....

Generation = 60, Population = 0.
.....
.....
.....
.....
.....
.....
.....
.....
.....
.....

Generation = 80, Population = 0.
.....
.....
.....
.....
.....
.....
.....
.....
.....
.....

Generation = 100, Population = 0.
.....
.....
.....
.....
.....
.....
.....
.....
.....
.....

Generation = 120, Population = 0.
.....
.....
.....
.....
.....
.....
.....
.....
.....
.....

Generation = 140, Population = 0.
.....
.....
.....
.....
.....
.....
.....
.....
.....
.....

*** Life<ConwayCell> 4x3 ***

Generation = 0, Population = 11.
***
***
.**
***

Generation = 15, Population = 0.
...
...
...
...

Generation = 30, Population = 0.
...
...
...
...

Generation = 45, Population = 0.
...
...
...
...

Generation = 60, Population = 0.
...
...
...
...

Generation = 75, Population = 0.
...
...
...
...

*** Life<ConwayCell> 9x1 ***

Generation = 0, Population = 9.
*
*
*
*
*
*
*
*
*

Generation = 8, Population = 0.
.
.
.
.
.
.
.
.
.

Generation = 16, Population = 0.
.
.
.
.
.
.
.
.
.

Generation = 24, Population = 0.
.
.
.
.
.
.
.
.
.

Generation = 32, Population = 0.
.
.
.
.
.
.
.
.
.

Generation = 40, Population = 0.
.
.
.
.
.
.
.
.
.

Generation = 48, Population = 0.
.
.
.
.
.
.
.
.
.

Generation = 56, Population = 0.
.
.
.
.
.
.
.
.
.

Generation = 64, Population = 0.
.
.
.
.
.
.
.
.
.

Generation = 72, Population = 0.
.
.
.
.
.
.
.
.
.

Generation = 80, Population = 0.
.
.
.
.
.
.
.
.
.

Generation = 88, Population = 0.
.
.
.
.
.
.
.
.
.

Generation = 96, Population = 0.
.
.
.
.
.
.
.
.
.

Generation = 104, Population = 0.
.
.
.
.
.
.
.
.
.

Generation = 112, Population = 0.
.
.
.
.
.
.
.
.
.

Generation = 120, Population = 0.
.
.
.
.
.
.
.
.
.

Generation = 128, Population = 0.
.
.
.
.
.
.
.
.
.

Generation = 136, Population = 0.
.
.
.
.
.
.
.
.
.

Generation = 144, Population = 0.
.
.
.
.
.
.
.
.
.

*** Life<ConwayCell> 5x3 ***

Generation = 0, Population = 15.
***
***
***
***
***

Generation = 2, Population = 0.
...
...
...
...
...

Generation = 4, Population = 0.
...
...
...
...
...

Generation = 6, Population = 0.
...
...
...
...
...

Generation = 8, Population = 0.
...
...
...
...
...

Generation = 10, Population = 0.
...
...
...
...
...

Generation = 12, Population = 0.
...
...
...
...
...

Generation = 14, Population = 0.
...
...
...
...
...

Generation = 16, Population = 0.
...
...
...
...
...

Generation = 18, Population = 0.
...
...
...
...
...

Generation = 20, Population = 0.
...
...
...
...
...

Generation = 22, Population = 0.
...
...
...
...
...

Generation = 24, Population = 0.
...
...
...
...
...

Generation = 26, Population = 0.
...
...
...
...
...

Generation = 28, Population = 0.
...
...
...
...
...

Generation = 30, Population = 0.
...
...
...
...
...

Generation = 32, Population = 0.
...
...
...
...
...

Generation = 34, Population = 0.
...
...
...
...
...

Generation = 36, Population = 0.
...
...
...
...
...

Generation = 38, Population = 0.
...
...
...
...
...

Generation = 40, Population = 0.
...
...
...
...
...

Generation = 42, Population = 0.
...
...
...
...
...

Generation = 44, Population = 0.
...
...
...
...
...

Generation = 46, Population = 0.
...
...
...
...
...

Generation = 48, Population = 0.
...
...
...
...
...

Generation = 50, Population = 0.
...
...
...
...
...

Generation = 52, Population = 0.
...
...
...
...
...

Generation = 54, Population = 0.
...
...
...
...
...

Generation = 56, Population = 0.
...
...
...
...
...

Generation = 58, Population = 0.
...
...
...
...
...

Generation = 60, Population = 0.
...
...
...
...
...

Generation = 62, Population = 0.
...
...
...
...
...

Generation = 64, Population = 0.
...
...
...
...
...

Generation = 66, Population = 0.
...
...
...
...
...

Generation = 68, Population = 0.
...
...
...
...
...

Generation = 70, Population = 0.
...
...
...
...
...

Generation = 72, Population = 0.
...
...
...
...
...

Generation = 74, Population = 0.
...
...
...
...
...

Generation = 76, Population = 0.
...
...
...
...
...

Generation = 78, Population = 0.
...
...
...
...
...

Generation = 80, Population = 0.
...
...
...
...
...

Generation = 82, Population = 0.
...
...
...
...
...

Generation = 84, Population = 0.
...
...
...
...
...

Generation = 86, Population = 0.
...
...
...
...
...

Generation = 88, Population = 0.
...
...
...
...
...

Generation = 90, Population = 0.
...
...
...
...
...

Generation = 92, Population = 0.
...
...
...
...
...

Generation = 94, Population = 0.
...
...
...
...
...

Generation = 96, Population = 0.
...
...
...
...
...

Generation = 98, Population = 0.
...
...
...
...
...

Generation = 100, Population = 0.
...
...
...
...
...

Generation = 102, Population = 0.
...
...
...
...
...

Generation = 104, Population = 0.
...
...
...
...
...

Generation = 106, Population = 0.
...
...
...
...
...

Generation = 108, Population = 0.
...
...
...
...
...

Generation = 110, Population = 0.
...
...
...
...
...

Generation = 112, Population = 0.
...
...
...
...
...

Generation = 114, Population = 0.
...
...
...
...
...

Generation = 116, Population = 0.
...
...
...
...
...

*** Life<ConwayCell> 3x4 ***

Generation = 0, Population = 11.
***.
****
****

Generation = 9, Population = 0.
....
....
....

Generation = 18, Population = 0.
....
....
....

Generation = 27, Population = 0.
....
....
....

Generation = 36, Population = 0.
....
....
....

Generation = 45, Population = 0.
....
....
....

Generation = 54, Population = 0.
....
....
....

Generation = 63, Population = 0.
....
....
....

*** Life<ConwayCell> 4x5 ***

Generation = 0, Population = 13.
*.**.
*..**
***.*
*..**

Generation = 10, Population = 6.
.....
*..*.
*...*
.*.*.

Generation = 20, Population = 9.
.***.
*...*
**.**
.....

*** Life<ConwayCell> 3x3 ***

Generation = 0, Population = 5.
.**
*..
.**

Generation = 2, Population = 2.
...
**.
...

Generation = 4, Population = 0.
...
...
...

Generation = 6, Population = 0.
...
...
...

Generation = 8, Population = 0.
...
...
...

Generation = 10, Population = 0.
...
...
...

Generation = 12, Population = 0.
...
...
...

Generation = 14, Population = 0.
...
...
...

Generation = 16, Population = 0.
...
...
...

Generation = 18, Population = 0.
...
...
...

Generation = 20, Population = 0.
...
...
...

*** Life<ConwayCell> 3x2 ***

Generation = 0, Population = 6.
**
**
**

Generation = 13, Population = 0.
..
..
..

Generation = 26, Population = 0.
..
..
..

Generation = 39, Population = 0.
..
..
..

Generation = 52, Population = 0.
..
..
..

*** Life<ConwayCell> 8x3 ***

Generation = 0, Population = 24.
***
***
***
***
***
***
***
***

Generation = 10, Population = 0.
...
...
...
...
...
...
...
...

Generation = 20, Population = 0.
...
...
...
...
...
...
...
...

Generation = 30, Population = 0.
...
...
...
...
...
...
...
...

Generation = 40, Population = 0.
...
...
...
...
...
...
...
...

Generation = 50, Population = 0.
...
...
...
...
...
...
...
...

Generation = 60, Population = 0.
...
...
...
...
...
...
...
...

Generation = 70, Population = 0.
...
...
...
...
...
...
...
...

Generation = 80, Population = 0.
...
...
...
...
...
...
...
...

Generation = 90, Population = 0.
...
...
...
...
...
...
...
...

Generation = 100, Population = 0.
...
...
...
...
...
...
...
...

Generation = 110, Population = 0.
...
...
...
...
...
...
...
...

Generation = 120, Population = 0.
...
...
...
...
...
...
...
...

Generation = 130, Population = 0.
...
...
...
...
...
...
...
...

Generation = 140, Population = 0.
...
...
...
...
...
...
...
...

Generation = 150, Population = 0.
...
...
...
...
...
...
...
...

Generation = 160, Population = 0.
...
...
...
...
...
...
...
...

*** Life<ConwayCell> 1x1 ***

Generation = 0, Population = 1.
*

Generation = 19, Population = 0.
.

Generation = 38, Population = 0.
.

*** Life<ConwayCell> 3x4 ***

Generation = 0, Population = 8.
*...
*.**
****

Generation = 2, Population = 3.
....
***.
....

Generation = 4, Population = 3.
....
***.
....

Generation = 6, Population = 3.
....
***.
....

Generation = 8, Population = 3.
....
***.
....

Generation = 10, Population = 3.
....
***.
....

Generation = 12, Population = 3.
....
***.
....

Generation = 14, Population = 3.
....
***.
....

Generation = 16, Population = 3.
....
***.
....

Generation = 18, Population = 3.
....
***.
....

Generation = 20, Population = 3.
....
***.
....

Generation = 22, Population = 3.
....
***.
....

Generation = 24, Population = 3.
....
***.
....

Generation = 26, Population = 3.
....
***.
....

Generation = 28, Population = 3.
....
***.
....

Generation = 30, Population = 3.
....
***.
....

Generation = 32, Population = 3.
....
***.
....

Generation = 34, Population = 3.
....
***.
....

Generation = 36, Population = 3.
....
***.
....

Generation = 38, Population = 3.
....
***.
....

Generation = 40, Population = 3.
....
***.
....

Generation = 42, Population = 3.
....
***.
....

Generation = 44, Population = 3.
....
***.
....

Generation = 46, Population = 3.
....
***.
....

Generation = 48, Population = 3.
....
***.
....

Generation = 50, Population = 3.
....
***.
....

Generation = 52, Population = 3.
....
***.
....

Generation = 54, Population = 3.
....
***.
....

Generation = 56, Population = 3.
....
***.
....

Generation = 58, Population = 3.
....
***.
....

Generation = 60, Population = 3.
....
***.
....

Generation = 62, Population = 3.
....
***.
....

Generation = 64, Population = 3.
....
***.
....

Generation = 66, Population = 3.
....
***.
....

Generation = 68, Population = 3.
....
***.
....

Generation = 70, Population = 3.
....
***.
....

Generation = 72, Population = 3.
....
***.
....

Generation = 74, Population = 3.
....
***.
....

Generation = 76, Population = 3.
....
***.
....

Generation = 78, Population = 3.
....
***.
....

Generation = 80, Population = 3.
....
***.
....

*** Life<ConwayCell> 7x5 ***

Generation = 0, Population = 27.
*****
..***
****.
*****
*.**.
**.*.
.****

Generation = 6, Population = 4.
.....
.....
.....
.....
.....
**...
**...

Generation = 12, Population = 4.
.....
.....
.....
.....
.....
**...
**...

Generation = 18, Population = 4.
.....
.....
.....
.....
.....
**...
**...

Generation = 24, Population = 4.
.....
.....
.....
.....
.....
**...
**...

Generation = 30, Population = 4.
.....
.....
.....
.....
.....
**...
**...

*** Life<ConwayCell> 6x6 ***

Generation = 0, Population = 21.
.***.*
*****.
****..
*.*..*
....**
*..**.

Generation = 18, Population = 3.
......
......
......
.*....
.*....
.*....

Generation = 36, Population = 3.
......
......
......
.*....
.*....
.*....

Generation = 54, Population = 3.
......
......
......
.*....
.*....
.*....

Generation = 72, Population = 3.
......
......
......
.*....
.*....
.*....

Generation = 90, Population = 3.
......
......
......
.*....
.*....
.*....

Generation = 108, Population = 3.
......
......
......
.*....
.*....
.*....

Generation = 126, Population = 3.
......
......
......
.*....
.*....
.*....

*** Life<ConwayCell> 9x6 ***

Generation = 0, Population = 34.
..****
..**..
*.*.*.
..****
*.*.**
..****
..****
***..*
***.**

Generation = 4, Population = 4.
......
......
......
......
......
......
......
...**.
...**.

Generation = 8, Population = 4.
......
......
......
......
......
......
......
...**.
...**.

Generation = 12, Population = 4.
......
......
......
......
......
......
......
...**.
...**.

Generation = 16, Population = 4.
......
......
......
......
......
......
......
...**.
...**.

Generation = 20, Population = 4.
......
......
......
......
......
......
......
...**.
...**.

Generation = 24, Population = 4.
......
......
......
......
......
......
......
...**.
...**.

Generation = 28, Population = 4.
......
......
......
......
......
......
......
...**.
...**.

*** Life<ConwayCell> 8x5 ***

Generation = 0, Population = 25.
**.*.
..*.*
*.**.
*.***
***..
.***.
.*.**
*.***

Generation = 3, Population = 10.
.*.*.
.*.*.
..*..
.....
.....
..***
..*..
..*..

Generation = 6, Population = 9.
.....
.....
.....
..**.
..**.
.*..*
.*.*.
..*..

Generation = 9, Population = 14.
.....
.....
.....
..**.
**..*
**.**
**.**
..*..

Generation = 12, Population = 9.
.....
.....
.***.
.....
.*.*.
.....
.*.*.
.*.*.

Generation = 15, Population = 7.
.....
..*..
.***.
.***.
.....
.....
.....
.....

Generation = 18, Population = 8.
.....
.***.
.*.*.
.***.
.....
.....
.....
.....

Generation = 21, Population = 12.
.***.
*...*
*...*
*...*
.***.
.....
.....
.....

Generation = 24, Population = 15.
.***.
*.*.*
**.**
.....
.***.
..*..
..*..
.....

Generation = 27, Population = 15.
.***.
*...*
*...*
*...*
.***.
.***.
.....
.....

Generation = 30, Population = 15.
.***.
*.*.*
*...*
*...*
*...*
.....
.***.
.....

*** Life<ConwayCell> 10x4 ***

Generation = 0, Population = 27.
...*
**.*
*.**
..**
****
*.**
**.*
***.
.***
..**

Generation = 1, Population = 11.
..*.
**.*
*...
*...
*...
....
...*
....
*...
.*.*

Generation = 2, Population = 8.
.**.
***.
*...
**..
....
....
....
....
....
....

Generation = 3, Population = 7.
*.*.
*.*.
..*.
**..
....
....
....
....
....
....

Generation = 4, Population = 5.
....
..**
*.*.
.*..
....
....
....
....
....
....

Generation = 5, Population = 6.
....
.***
..**
.*..
....
....
....
....
....
....

Generation = 6, Population = 5.
..*.
.*.*
...*
..*.
....
....
....
....
....
....

Generation = 7, Population = 3.
..*.
...*
...*
....
....
....
....
....
....
....

Generation = 8, Population = 2.
....
..**
....
....
....
....
....
....
....
....

Generation = 9, Population = 0.
....
....
....
....
....
....
....
....
....
....

Generation = 10, Population = 0.
....
....
....
....
....
....
....
....
....
....

Generation = 11, Population = 0.
....
....
....
....
....
....
....
....
....
....

Generation = 12, Population = 0.
....
....
....
....
....
....
....
....
....
....

Generation = 13, Population = 0.
....
....
....
....
....
....
....
....
....
....

Generation = 14, Population = 0.
....
....
....
....
....
....
....
....
....
....

Generation = 15, Population = 0.
....
....
....
....
....
....
....
....
....
....

Generation = 16, Population = 0.
....
....
....
....
....
....
....
....
....
....

Generation = 17, Population = 0.
....
....
....
....
....
....
....
....
....
....

Generation = 18, Population = 0.
....
....
....
....
....
....
....
....
....
....

Generation = 19, Population = 0.
....
....
....
....
....
....
....
....
....
....

Generation = 20, Population = 0.
....
....
....
....
....
....
....
....
....
....

Generation = 21, Population = 0.
....
....
....
....
....
....
....
....
....
....

Generation = 22, Population = 0.
....
....
....
....
....
....
....
....
....
....

Generation = 23, Population = 0.
....
....
....
....
....
....
....
....
....
....

Generation = 24, Population = 0.
....
....
....
....
....
....
....
....
....
....

Generation = 25, Population = 0.
....
....
....
....
....
....
....
....
....
....

Generation = 26, Population = 0.
....
....
....
....
....
....
....
....
....
....

Generation = 27, Population = 0.
....
....
....
....
....
....
....
....
....
....

Generation = 28, Population = 0.
....
....
....
....
....
....
....
....
....
....

Generation = 29, Population = 0.
....
....
....
....
....
....
....
....
....
....

Generation = 30, Population = 0.
....
....
....
....
....
....
....
....
....
....

Generation = 31, Population = 0.
....
....
....
....
....
....
....
....
....
....

Generation = 32, Population = 0.
....
....
....
....
....
....
....
....
....
....

Generation = 33, Population = 0.
....
....
....
....
....
....
....
....
....
....

Generation = 34, Population = 0.
....
....
....
....
....
....
....
....
....
....

Generation = 35, Population = 0.
....
....
....
....
....
....
....
....
....
....

Generation = 36, Population = 0.
....
....
....
....
....
....
....
....
....
....

Generation = 37, Population = 0.
....
....
....
....
....
....
....
....
....
....

Generation = 38, Population = 0.
....
....
....
....
....
....
....
....
....
....

Generation = 39, Population = 0.
....
....
....
....
....
....
....
....
....
....

Generation = 40, Population = 0.
....
....
....
....
....
....
....
....
....
....

Generation = 41, Population = 0.
....
....
....
....
....
....
....
....
....
....

Generation = 42, Population = 0.
....
....
....
....
....
....
....
....
....
....

Generation = 43, Population = 0.
....
....
....
....
....
....
....
....
....
....

Generation = 44, Population = 0.
....
....
....
....
....
....
....
....
....
....

Generation = 45, Population = 0.
....
....
....
....
....
....
....
....
....
....

Generation = 46, Population = 0.
....
....
....
....
....
....
....
....
....
....

Generation = 47, Population = 0.
....
....
....
....
....
....
....
....
....
....

Generation = 48, Population = 0.
....
....
....
....
....
....
....
....
....
....

Generation = 49, Population = 0.
....
....
....
....
....
....
....
....
....
....

Generation = 50, Population = 0.
....
....
....
....
....
....
....
....
....
....

Generation = 51, Population = 0.
....
....
....
....
....
....
....
....
....
....

Generation = 52, Population = 0.
....
....
....
....
....
....
....
....
....
....

Generation = 53, Population = 0.
....
....
....
....
....
....
....
....
....
....

Generation = 54, Population = 0.
....
....
....
....
....
....
....
....
....
....

Generation = 55, Population = 0.
....
....
....
....
....
....
....
....
....
....

Generation = 56, Population = 0.
....
....
....
....
....
....
....
....
....
....

Generation = 57, Population = 0.
....
....
....
....
....
....
....
....
....
....

Generation = 58, Population = 0.
....
....
....
....
....
....
....
....
....
....

Generation = 59, Population = 0.
....
....
....
....
....
....
....
....
....
....

Generation = 60, Population = 0.
....
....
....
....
....
....
....
....
....
....

Generation = 61, Population = 0.
....
....
....
....
....
....
....
....
....
....

Generation = 62, Population = 0.
....
....
....
....
....
....
....
....
....
....

Generation = 63, Population = 0.
....
....
....
....
....
....
....
....
....
....

Generation = 64, Population = 0.
....
....
....
....
....
....
....
....
....
....

Generation = 65, Population = 0.
....
....
....
....
....
....
....
....
....
....

Generation = 66, Population = 0.
....
....
....
....
....
....
....
....
....
....

Generation = 67, Population = 0.
....
....
....
....
....
....
....
....
....
....

Generation = 68, Population = 0.
....
....
....
....
....
....
....
....
....
....

Generation = 69, Population = 0.
....
....
....
....
....
....
....
....
....
....

Generation = 70, Population = 0.
....
....
....
....
....
....
....
....
....
....

Generation = 71, Population = 0.
....
....
....
....
....
....
....
....
....
....

Generation = 72, Population = 0.
....
....
....
....
....
....
....
....
....
....

Generation = 73, Population = 0.
....
....
....
....
....
....
....
....
....
....

Generation = 74, Population = 0.
....
....
....
....
....
....
....
....
....
....

Generation = 75, Population = 0.
....
....
....
....
....
....
....
....
....
....

Generation = 76, Population = 0.
....
....
....
....
....
....
....
....
....
....

Generation = 77, Population = 0.
....
....
....
....
....
....
....
....
....
....

Generation = 78, Population = 0.
....
....
....
....
....
....
....
....
....
....

Generation = 79, Population = 0.
....
....
....
....
....
....
....
....
....
....

Generation = 80, Population = 0.
....
....
....
....
....
....
....
....
....
....

Generation = 81, Population = 0.
....
....
....
....
....
....
....
....
....
....

Generation = 82, Population = 0.
....
....
....
....
....
....
....
....
....
....

Generation = 83, Population = 0.
....
....
....
....
....
....
....
....
....
....

Generation = 84, Population = 0.
....
....
....
....
....
....
....
....
....
....

Generation = 85, Population = 0.
....
....
....
....
....
....
....
....
....
....

Generation = 86, Population = 0.
....
....
....
....
....
....
....
....
....
....

Generation = 87, Population = 0.
....
....
....
....
....
....
....
....
....
....

Generation = 88, Population = 0.
....
....
....
....
....
....
....
....
....
....

Generation = 89, Population = 0.
....
....
....
....
....
....
....
....
....
....

Generation = 90, Population = 0.
....
....
....
....
....
....
....
....
....
....

Generation = 91, Population = 0.
....
....
....
....
....
....
....
....
....
....

Generation = 92, Population = 0.
....
....
....
....
....
....
....
....
....
....

Generation = 93, Population = 0.
....
....
....
....
....
....
....
....
....
....

Generation = 94, Population = 0.
....
....
....
....
....
....
....
....
....
....

Generation = 95, Population = 0.
....
....
....
....
....
....
....
....
....
....

Generation = 96, Population = 0.
....
....
....
....
....
....
....
....
....
....

Generation = 97, Population = 0.
....
....
....
....
....
....
....
....
....
....

Generation = 98, Population = 0.
....
....
....
....
....
....
....
....
....
....

Generation = 99, Population = 0.
....
....
....
....
....
....
....
....
....
....

Generation = 100, Population = 0.
....
....
....
....
....
....
....
....
....
....

Generation = 101, Population = 0.
....
....
....
....
....
....
....
....
....
....

Generation = 102, Population = 0.
....
....
....
....
....
....
....
....
....
....

Generation = 103, Population = 0.
....
....
....
....
....
....
....
....
....
....

Generation = 104, Population = 0.
....
....
....
....
....
....
....
....
....
....

Generation = 105, Population = 0.
....
....
....
....
....
....
....
....
....
....

Generation = 106, Population = 0.
....
....
....
....
....
....
....
....
....
....

Generation = 107, Population = 0.
....
....
....
....
....
....
....
....
....
....

Generation = 108, Population = 0.
....
....
....
....
....
....
....
....
....
....

Generation = 109, Population = 0.
....
....
....
....
....
....
....
....
....
....

Generation = 110, Population = 0.
....
....
....
....
....
....
....
....
....
....

Generation = 111, Population = 0.
....
....
....
....
....
....
....
....
....
....

Generation = 112, Population = 0.
....
....
....
....
....
....
....
....
....
....

Generation = 113, Population = 0.
....
....
....
....
....
....
....
....
....
....

*** Life<ConwayCell> 5x8 ***

Generation = 0, Population = 32.
.*..**.*
****.*.*
***.****
****.***
********

Generation = 11, Population = 0.
........
........
........
........
........

Generation = 22, Population = 0.
........
........
........
........
........

Generation = 33, Population = 0.
........
........
........
........
........

Generation = 44, Population = 0.
........
........
........
........
........

Generation = 55, Population = 0.
........
........
........
........
........

Generation = 66, Population = 0.
........
........
........
........
........

Generation = 77, Population = 0.
........
........
........
........
........

Generation = 88, Population = 0.
........
........
........
........
........

*** Life<ConwayCell> 10x8 ***

Generation = 0, Population = 54.
..**..*.
.***.*.*
*******.
.*****.*
.****..*
****...*
*****.**
****.***
**.*****
*..*....

Generation = 7, Population = 4.
........
........
........
........
........
........
........
........
.**.....
.**.....

Generation = 14, Population = 4.
........
........
........
........
........
........
........
........
.**.....
.**.....

Generation = 21, Population = 4.
........
........
........
........
........
........
........
........
.**.....
.**.....

Generation = 28, Population = 4.
........
........
........
........
........
........
........
........
.**.....
.**.....

Generation = 35, Population = 4.
........
........
........
........
........
........
........
........
.**.....
.**.....

Generation = 42, Population = 4.
........
........
........
........
........
........
........
........
.**.....
.**.....

Generation = 49, Population = 4.
........
........
........
........
........
........
........
........
.**.....
.**.....

Generation = 56, Population = 4.
........
........
........
........
........
........
........
........
.**.....
.**.....

Generation = 63, Population = 4.
........
........
........
........
........
........
........
........
.**.....
.**.....

Generation = 70, Population = 4.
........
........
........
........
........
........
........
........
.**.....
.**.....

Generation = 77, Population = 4.
........
........
........
........
........
........
........
........
.**.....
.**.....

Generation = 84, Population = 4.
........
........
........
........
........
........
........
........
.**.....
.**.....

Generation = 91, Population = 4.
........
........
........
........
........
........
........
........
.**.....
.**.....

Generation = 98, Population = 4.
........
........
........
........
........
........
........
........
.**.....
.**.....

Generation = 105, Population = 4.
........
........
........
........
........
........
........
........
.**.....
.**.....

*** Life<ConwayCell> 3x10 ***

Generation = 0, Population = 8.
**.*....*.
.........*
.*..*...*.

Generation = 1, Population = 5.
..........
***.....**
..........

Generation = 2, Population = 3.
.*........
.*........
.*........

Generation = 3, Population = 3.
..........
***.......
..........

Generation = 4, Population = 3.
.*........
.*........
.*........

Generation = 5, Population = 3.
..........
***.......
..........

Generation = 6, Population = 3.
.*........
.*........
.*........

Generation = 7, Population = 3.
..........
***.......
..........

Generation = 8, Population = 3.
.*........
.*........
.*........

Generation = 9, Population = 3.
..........
***.......
..........

Generation = 10, Population = 3.
.*........
.*........
.*........

Generation = 11, Population = 3.
..........
***.......
..........

Generation = 12, Population = 3.
.*........
.*........
.*........

Generation = 13, Population = 3.
..........
***.......
..........

Generation = 14, Population = 3.
.*........
.*........
.*........

Generation = 15, Population = 3.
..........
***.......
..........

Generation = 16, Population = 3.
.*........
.*........
.*........

Generation = 17, Population = 3.
..........
***.......
..........

Generation = 18, Population = 3.
.*........
.*........
.*........

Generation = 19, Population = 3.
..........
***.......
..........

Generation = 20, Population = 3.
.*........
.*........
.*........

Generation = 21, Population = 3.
..........
***.......
..........

Generation = 22, Population = 3.
.*........
.*........
.*........

Generation = 23, Population = 3.
..........
***.......
..........

Generation = 24, Population = 3.
.*........
.*........
.*........

Generation = 25, Population = 3.
..........
***.......
..........

Generation = 26, Population = 3.
.*........
.*........
.*........

Generation = 27, Population = 3.
..........
***.......
..........

Generation = 28, Population = 3.
.*........
.*........
.*........

Generation = 29, Population = 3.
..........
***.......
..........

Generation = 30, Population = 3.
.*........
.*........
.*........

Generation = 31, Population = 3.
..........
***.......
..........

Generation = 32, Population = 3.
.*........
.*........
.*........

Generation = 33, Population = 3.
..........
***.......
..........

Generation = 34, Population = 3.
.*........
.*........
.*........

Generation = 35, Population = 3.
..........
***.......
..........

Generation = 36, Population = 3.
.*........
.*........
.*........

Generation = 37, Population = 3.
..........
***.......
..........

Generation = 38, Population = 3.
.*........
.*........
.*........

Generation = 39, Population = 3.
..........
***.......
..........

Generation = 40, Population = 3.
.*........
.*........
.*........

Generation = 41, Population = 3.
..........
***.......
..........

Generation = 42, Population = 3.
.*........
.*........
.*........

Generation = 43, Population = 3.
..........
***.......
..........

Generation = 44, Population = 3.
.*........
.*........
.*........

Generation = 45, Population = 3.
..........
***.......
..........

Generation = 46, Population = 3.
.*........
.*........
.*........

Generation = 47, Population = 3.
..........
***.......
..........

Generation = 48, Population = 3.
.*........
.*........
.*........

Generation = 49, Population = 3.
..........
***.......
..........

Generation = 50, Population = 3.
.*........
.*........
.*........

Generation = 51, Population = 3.
..........
***.......
..........

Generation = 52, Population = 3.
.*........
.*........
.*........

Generation = 53, Population = 3.
..........
***.......
..........

Generation = 54, Population = 3.
.*........
.*........
.*........

Generation = 55, Population = 3.
..........
***.......
..........

Generation = 56, Population = 3.
.*........
.*........
.*........

Generation = 57, Population = 3.
..........
***.......
..........

Generation = 58, Population = 3.
.*........
.*........
.*........

Generation = 59, Population = 3.
..........
***.......
..........

Generation = 60, Population = 3.
.*........
.*........
.*........

Generation = 61, Population = 3.
..........
***.......
..........

Generation = 62, Population = 3.
.*........
.*........
.*........

Generation = 63, Population = 3.
..........
***.......
..........

Generation = 64, Population = 3.
.*........
.*........
.*........

Generation = 65, Population = 3.
..........
***.......
..........

Generation = 66, Population = 3.
.*........
.*........
.*........

Generation = 67, Population = 3.
..........
***.......
..........

Generation = 68, Population = 3.
.*........
.*........
.*........

Generation = 69, Population = 3.
..........
***.......
..........

Generation = 70, Population = 3.
.*........
.*........
.*........

Generation = 71, Population = 3.
..........
***.......
..........

Generation = 72, Population = 3.
.*........
.*........
.*........

Generation = 73, Population = 3.
..........
***.......
..........

Generation = 74, Population = 3.
.*........
.*........
.*........

Generation = 75, Population = 3.
..........
***.......
..........

Generation = 76, Population = 3.
.*........
.*........
.*........

Generation = 77, Population = 3.
..........
***.......
..........

Generation = 78, Population = 3.
.*........
.*........
.*........

Generation = 79, Population = 3.
..........
***.......
..........

Generation = 80, Population = 3.
.*........
.*........
.*........

Generation = 81, Population = 3.
..........
***.......
..........

Generation = 82, Population = 3.
.*........
.*........
.*........

Generation = 83, Population = 3.
..........
***.......
..........

Generation = 84, Population = 3.
.*........
.*........
.*........

Generation = 85, Population = 3.
..........
***.......
..........

Generation = 86, Population = 3.
.*........
.*........
.*........

Generation = 87, Population = 3.
..........
***.......
..........

Generation = 88, Population = 3.
.*........
.*........
.*........

Generation = 89, Population = 3.
..........
***.......
..........

Generation = 90, Population = 3.
.*........
.*........
.*........

Generation = 91, Population = 3.
..........
***.......
..........

Generation = 92, Population = 3.
.*........
.*........
.*........

Generation = 93, Population = 3.
..........
***.......
..........

Generation = 94, Population = 3.
.*........
.*........
.*........

Generation = 95, Population = 3.
..........
***.......
..........

Generation = 96, Population = 3.
.*........
.*........
.*........

Generation = 97, Population = 3.
..........
***.......
..........

Generation = 98, Population = 3.
.*........
.*........
.*........

Generation = 99, Population = 3.
..........
***.......
..........

Generation = 100, Population = 3.
.*........
.*........
.*........

Generation = 101, Population = 3.
..........
***.......
..........

Generation = 102, Population = 3.
.*........
.*........
.*........

Generation = 103, Population = 3.
..........
***.......
..........

Generation = 104, Population = 3.
.*........
.*........
.*........

Generation = 105, Population = 3.
..........
***.......
..........

Generation = 106, Population = 3.
.*........
.*........
.*........

Generation = 107, Population = 3.
..........
***.......
..........

Generation = 108, Population = 3.
.*........
.*........
.*........

Generation = 109, Population = 3.
..........
***.......
..........

Generation = 110, Population = 3.
.*........
.*........
.*........

Generation = 111, Population = 3.
..........
***.......
..........

Generation = 112, Population = 3.
.*........
.*........
.*........

Generation = 113, Population = 3.
..........
***.......
..........

Generation = 114, Population = 3.
.*........
.*........
.*........

Generation = 115, Population = 3.
..........
***.......
..........

Generation = 116, Population = 3.
.*........
.*........
.*........

*** Life<ConwayCell> 5x1 ***

Generation = 0, Population = 5.
*
*
*
*
*

*** Life<ConwayCell> 9x2 ***

Generation = 0, Population = 14.
..
**
**
**
*.
**
*.
**
**

Generation = 15, Population = 0.
..
..
..
..
..
..
..
..
..

Generation = 30, Population = 0.
..
..
..
..
..
..
..
..
..

Generation = 45, Population = 0.
..
..
..
..
..
..
..
..
..

Generation = 60, Population = 0.
..
..
..
..
..
..
..
..
..

*** Life<ConwayCell> 9x5 ***

Generation = 0, Population = 32.
*****
*.**.
*...*
*****
**.**
.....
****.
*****
.****

Generation = 4, Population = 0.
.....
.....
.....
.....
.....
.....
.....
.....
.....

Generation = 8, Population = 0.
.....
.....
.....
.....
.....
.....
.....
.....
.....

Generation = 12, Population = 0.
.....
.....
.....
.....
.....
.....
.....
.....
.....

Generation = 16, Population = 0.
.....
.....
.....
.....
.....
.....
.....
.....
.....

Generation = 20, Population = 0.
.....
.....
.....
.....
.....
.....
.....
.....
.....

Generation = 24, Population = 0.
.....
.....
.....
.....
.....
.....
.....
.....
.....

Generation = 28, Population = 0.
.....
.....
.....
.....
.....
.....
.....
.....
.....

Generation = 32, Population = 0.
.....
.....
.....
.....
.....
.....
.....
.....
.....

Generation = 36, Population = 0.
.....
.....
.....
.....
.....
.....
.....
.....
.....

Generation = 40, Population = 0.
.....
.....
.....
.....
.....
.....
.....
.....
.....

Generation = 44, Population = 0.
.....
.....
.....
.....
.....
.....
.....
.....
.....

Generation = 48, Population = 0.
.....
.....
.....
.....
.....
.....
.....
.....
.....

Generation = 52, Population = 0.
.....
.....
.....
.....
.....
.....
.....
.....
.....

Generation = 56, Population = 0.
.....
.....
.....
.....
.....
.....
.....
.....
.....

Generation = 60, Population = 0.
.....
.....
.....
.....
.....
.....
.....
.....
.....

Generation = 64, Population = 0.
.....
.....
.....
.....
.....
.....
.....
.....
.....

*** Life<ConwayCell> 2x4 ***

Generation = 0, Population = 8.
****
****

Generation = 13, Population = 0.
....
....

Generation = 26, Population = 0.
....
....

Generation = 39, Population = 0.
....
....

Generation = 52, Population = 0.
....
....

Generation = 65, Population = 0.
....
....

Generation = 78, Population = 0.
....
....

Generation = 91, Population = 0.
....
....

Generation = 104, Population = 0.
....
....

Generation = 117, Population = 0.
....
....

Generation = 130, Population = 0.
....
....

*** Life<ConwayCell> 7x1 ***

Generation = 0, Population = 7.
*
*
*
*
*
*
*

Generation = 3, Population = 1.
.
.
.
*
.
.
.

Generation = 6, Population = 0.
.
.
.
.
.
.
.

Generation = 9, Population = 0.
.
.
.
.
.
.
.

Generation = 12, Population = 0.
.
.
.
.
.
.
.

Generation = 15, Population = 0.
.
.
.
.
.
.
.

Generation = 18, Population = 0.
.
.
.
.
.
.
.

Generation = 21, Population = 0.
.
.
.
.
.
.
.

Generation = 24, Population = 0.
.
.
.
.
.
.
.

Generation = 27, Population = 0.
.
.
.
.
.
.
.

Generation = 30, Population = 0.
.
.
.
.
.
.
.

Generation = 33, Population = 0.
.
.
.
.
.
.
.

Generation = 36, Population = 0.
.
.
.
.
.
.
.

Generation = 39, Population = 0.
.
.
.
.
.
.
.

Generation = 42, Population = 0.
.
.
.
.
.
.
.

Generation = 45, Population = 0.
.
.
.
.
.
.
.

Generation = 48, Population = 0.
.
.
.
.
.
.
.

Generation = 51, Population = 0.
.
.
.
.
.
.
.

Generation = 54, Population = 0.
.
.
.
.
.
.
.

Generation = 57, Population = 0.
.
.
.
.
.
.
.

Generation = 60, Population = 0.
.
.
.
.
.
.
.

Generation = 63, Population = 0.
.
.
.
.
.
.
.

Generation = 66, Population = 0.
.
.
.
.
.
.
.

Generation = 69, Population = 0.
.
.
.
.
.
.
.

Generation = 72, Population = 0.
.
.
.
.
.
.
.

Generation = 75, Population = 0.
.
.
.
.
.
.
.

Generation = 78, Population = 0.
.
.
.
.
.
.
.

Generation = 81, Population = 0.
.
.
.
.
.
.
.

Generation = 84, Population = 0.
.
.
.
.
.
.
.

Generation = 87, Population = 0.
.
.
.
.
.
.
.

Generation = 90, Population = 0.
.
.
.
.
.
.
.

Generation = 93, Population = 0.
.
.
.
.
.
.
.

Generation = 96, Population = 0.
.
.
.
.
.
.
.

Generation = 99, Population = 0.
.
.
.
.
.
.
.

Generation = 102, Population = 0.
.
.
.
.
.
.
.

Generation = 105, Population = 0.
.
.
.
.
.
.
.

Generation = 108, Population = 0.
.
.
.
.
.
.
.

Generation = 111, Population = 0.
.
.
.
.
.
.
.

Generation = 114, Population = 0.
.
.
.
.
.
.
.

Generation = 117, Population = 0.
.
.
.
.
.
.
.

Generation = 120, Population = 0.
.
.
.
.
.
.
.

Generation = 123, Population = 0.
.
.
.
.
.
.
.

Generation = 126, Population = 0.
.
.
.
.
.
.
.

Generation = 129, Population = 0.
.
.
.
.
.
.
.

Generation = 132, Population = 0.
.
.
.
.
.
.
.

*** Life<ConwayCell> 3x6 ***

Generation = 0, Population = 15.
******
.**.**
*.****

Generation = 8, Population = 0.
......
......
......

Generation = 16, Population = 0.
......
......
......

*** Life<ConwayCell> 9x10 ***

Generation = 0, Population = 57.
*.****..**
****.*.*.*
*****.*.**
*..**.*.*.
**.*****.*
.**...****
*..**.*..*
*.**..*.*.
.***...***

Generation = 9, Population = 0.
..........
..........
..........
..........
..........
..........
..........
..........
..........

Generation = 18, Population = 0.
..........
..........
..........
..........
..........
..........
..........
..........
..........

Generation = 27, Population = 0.
..........
..........
..........
..........
..........
..........
..........
..........
..........

Generation = 36, Population = 0.
..........
..........
..........
..........
..........
..........
..........
..........
..........

Generation = 45, Population = 0.
..........
..........
..........
..........
..........
..........
..........
..........
..........

Generation = 54, Population = 0.
..........
..........
..........
..........
..........
..........
..........
..........
..........

Generation = 63, Population = 0.
..........
..........
..........
..........
..........
..........
..........
..........
..........

Generation = 72, Population = 0.
..........
..........
..........
..........
..........
..........
..........
..........
..........

Generation = 81, Population = 0.
..........
..........
..........
..........
..........
..........
..........
..........
..........

Generation = 90, Population = 0.
..........
..........
..........
..........
..........
..........
..........
..........
..........

*** Life<ConwayCell> 9x3 ***

Generation = 0, Population = 27.
***
***
***
***
***
***
***
***
***

Generation = 12, Population = 0.
...
...
...
...
...
...
...
...
...

*** Life<ConwayCell> 7x6 ***

Generation = 0, Population = 38.
******
******
******
***.**
.*****
.*****
****.*

Generation = 18, Population = 0.
......
......
......
......
......
......
......

Generation = 36, Population = 0.
......
......
......
......
......
......
......

Generation = 54, Population = 0.
......
......
......
......
......
......
......

Generation = 72, Population = 0.
......
......
......
......
......
......
......

Generation = 90, Population = 0.
......
......
......
......
......
......
......

Generation = 108, Population = 0.
......
......
......
......
......
......
......

Generation = 126, Population = 0.
......
......
......
......
......
......
......

*** Life<ConwayCell> 6x1 ***

Generation = 0, Population = 6.
*
*
*
*
*
*

Generation = 11, Population = 0.
.
.
.
.
.
.

Generation = 22, Population = 0.
.
.
.
.
.
.

Generation = 33, Population = 0.
.
.
.
.
.
.

Generation = 44, Population = 0.
.
.
.
.
.
.

Generation = 55, Population = 0.
.
.
.
.
.
.

Generation = 66, Population = 0.
.
.
.
.
.
.

Generation = 77, Population = 0.
.
.
.
.
.
.

Generation = 88, Population = 0.
.
.
.
.
.
.

Generation = 99, Population = 0.
.
.
.
.
.
.

Generation = 110, Population = 0.
.
.
.
.
.
.

Generation = 121, Population = 0.
.
.
.
.
.
.

Generation = 132, Population = 0.
.
.
.
.
.
.

Generation = 143, Population = 0.
.
.
.
.
.
.

*** Life<ConwayCell> 10x5 ***

Generation = 0, Population = 6.
..*..
.**..
.....
*....
.....
.....
.....
.....
.*...
.*...

Generation = 6, Population = 0.
.....
.....
.....
.....
.....
.....
.....
.....
.....
.....

Generation = 12, Population = 0.
.....
.....
.....
.....
.....
.....
.....
.....
.....
.....

Generation = 18, Population = 0.
.....
.....
.....
.....
.....
.....
.....
.....
.....
.....

Generation = 24, Population = 0.
.....
.....
.....
.....
.....
.....
.....
.....
.....
.....

Generation = 30, Population = 0.
.....
.....
.....
.....
.....
.....
.....
.....
.....
.....

Generation = 36, Population = 0.
.....
.....
.....
.....
.....
.....
.....
.....
.....
.....

Generation = 42, Population = 0.
.....
.....
.....
.....
.....
.....
.....
.....
.....
.....

Generation = 48, Population = 0.
.....
.....
.....
.....
.....
.....
.....
.....
.....
.....

Generation = 54, Population = 0.
.....
.....
.....
.....
.....
.....
.....
.....
.....
.....
