*** Life<FredkinCell> 5x8 ***

Generation = 0, Population = 36.
000000-0
000000-0
0000000-
00000000
000000-0

Generation = 2, Population = 22.
-2--2--2
2-00-2-2
-0---001
2-000020
-2--2--2

Generation = 4, Population = 21.
--112--4
20---412
----02--
202--242
--114--4

Generation = 6, Population = 25.
12-1400-
-2--1-12
--11--22
402---42
12-1600-

Generation = 8, Population = 18.
--2---0-
34-235--
21-----4
-221226-
--2---0-

Generation = 10, Population = 23.
-22---06
3-243--3
2-12-3-4
--412-62
-24---26

Generation = 12, Population = 17.
-4----26
-546----
-2341---
-2-34-6-
-4----26

Generation = 14, Population = 19.
--2--14-
5----63-
4454144-
----428-
--5--12-

Generation = 16, Population = 22.
-6--6--8
7-57-854
-4---465
5-5342-4
-6--6--8

Generation = 18, Population = 21.
--226--+
76--58-6
----26--
527-62-4
--528--+

Generation = 20, Population = 25.
36-2615-
-86-7-68
--65--86
72----96
26-2813-

Generation = 22, Population = 16.
--4---5-
-868-9--
55-----8
72-3-2+-
--5---3-

Generation = 24, Population = 21.
-66---5+
---+8-79
5-66-7-8
7--37--6
-65---5+

Generation = 26, Population = 19.
-8----5+
998+--7-
-6883---
92-39---
-8----7+

Generation = 28, Population = 19.
--7--25-
+-+-9+--
78+838+-
--8--4--
--7--29-

Generation = 30, Population = 20.
-+--7--+
--++9+9+
-8---8+9
--83-4-6
-+--9--+

Generation = 32, Population = 21.
--839--+
++---+++
----4+--
+4+--6+6
--839--+

Generation = 34, Population = 25.
5+-3+26-
-+--+-++
--+9--++
+4+---+6
3+-3+2+-

Generation = 36, Population = 18.
--9---6-
++-+++--
89-----+
-6+5+6+-
--9---+-

Generation = 38, Population = 23.
-+9---6+
+-+++--+
8-++-+-+
--+5+-+6
-++---++

Generation = 40, Population = 17.
-+----8+
-+++----
-+++5---
-6-7+-+-
-+----++

Generation = 42, Population = 19.
--9--3+-
+----++-
++++5++-
----+6+-
--+--3+-

Generation = 44, Population = 22.
-+--+--+
+-++-+++
-+---+++
+-+7+6-8
-+--+--+

Generation = 46, Population = 21.
--94+--+
++--++-+
----6+--
+6+-+6-8
--+4+--+

Generation = 48, Population = 25.
7+-4+3+-
-++-+-++
--++--++
+6----++
4+-4+3+-

Generation = 50, Population = 16.
--+---+-
-+++-+--
++-----+
+6-7-6+-
--+---+-

Generation = 52, Population = 21.
-++---++
---++-++
+-++-+-+
+--7+--+
-++---++

Generation = 54, Population = 19.
-+----++
++++--+-
-+++7---
+6-7+---
-+----++

Generation = 56, Population = 19.
--+--4+-
+-+-++--
++++7++-
--+--8--
--+--4+-

Generation = 58, Population = 20.
-+--+--+
--++++++
-+---+++
--+7-8-+
-+--+--+

Generation = 60, Population = 21.
--+5+--+
++---+++
----8+--
+8+--+++
--+5+--+

Generation = 62, Population = 25.
9+-5+4+-
-+--+-++
--++--++
+8+---++
5+-5+4+-

Generation = 64, Population = 18.
--+---+-
++-+++--
++-----+
-++9+++-
--+---+-

Generation = 66, Population = 23.
-++---++
+-+++--+
+-++-+-+
--+9+-++
-++---++

Generation = 68, Population = 17.
-+----++
-+++----
-+++9---
-+-++-+-
-+----++

Generation = 70, Population = 19.
--+--5+-
+----++-
++++9++-
----+++-
--+--5+-

Generation = 72, Population = 22.
-+--+--+
+-++-+++
-+---+++
+-++++-+
-+--+--+

Generation = 74, Population = 21.
--+6+--+
++--++-+
----++--
+++-++-+
--+6+--+

Generation = 76, Population = 25.
++-6+5+-
-++-+-++
--++--++
++----++
6+-6+5+-

Generation = 78, Population = 16.
--+---+-
-+++-+--
++-----+
++-+-++-
--+---+-

Generation = 80, Population = 21.
-++---++
---++-++
+-++-+-+
+--++--+
-++---++

Generation = 82, Population = 19.
-+----++
++++--+-
-++++---
++-++---
-+----++

Generation = 84, Population = 19.
--+--6+-
+-+-++--
+++++++-
--+--+--
--+--6+-

Generation = 86, Population = 20.
-+--+--+
--++++++
-+---+++
--++-+-+
-+--+--+

Generation = 88, Population = 21.
--+7+--+
++---+++
----++--
+++--+++
--+7+--+

Generation = 90, Population = 25.
++-7+6+-
-+--+-++
--++--++
+++---++
7+-7+6+-

Generation = 92, Population = 18.
--+---+-
++-+++--
++-----+
-++++++-
--+---+-

Generation = 94, Population = 23.
-++---++
+-+++--+
+-++-+-+
--+++-++
-++---++

Generation = 96, Population = 17.
-+----++
-+++----
-++++---
-+-++-+-
-+----++

*** Life<FredkinCell> 9x5 ***

Generation = 0, Population = 33.
00-00
0000-
-00--
00-00
-0-0-
0-000
00000
00000
--000

Generation = 11, Population = 24.
----3
11--3
----4
4-212
66214
-21--
2-11-
2-2--
-3-63

Generation = 22, Population = 25.
06-6-
22---
42647
-6---
++3--
----6
4--2-
46-4-
854+6

Generation = 33, Population = 18.
-838-
----9
5-8--
+86--
-+-5-
3---8
----9
----+
+7--9

Generation = 44, Population = 24.
---++
-6--+
6-+--
++77+
++--+
-8-0+
+8-6+
+---+
+----

Generation = 55, Population = 19.
-+--+
8-+-+
-----
----+
++9-+
-99--
-9---
---++
++++-

Generation = 66, Population = 21.
---+-
-++--
-6--+
++-+-
+---+
-++-+
----+
--+++
-++++

*** Life<FredkinCell> 6x5 ***

Generation = 0, Population = 8.
-0--0
----0
-----
-0-00
0----
----0

Generation = 2, Population = 19.
-011-
-101-
01--0
-0022
0-0--
-0010

Generation = 4, Population = 18.
-03--
0-2--
-3--2
10222
000--
0221-

Generation = 6, Population = 16.
0-32-
02-2-
2-104
-----
-021-
-443-

Generation = 8, Population = 14.
-25--
2432-
4----
2-3--
-04--
1-6-2

Generation = 10, Population = 16.
-2521
26-42
4-2--
-153-
---21
----2

Generation = 12, Population = 13.
--5-1
2-4-2
-4--6
----2
12--1
-4-3-

Generation = 14, Population = 14.
23---
----2
54-26
42-4-
32-2-
----3

Generation = 16, Population = 21.
4-7-3
26544
54--6
6464-
--5-2
2673-

Generation = 18, Population = 16.
-59--
4-7--
---38
-686-
-35-2
-6953

Generation = 20, Population = 16.
579--
-8-46
-64--
-----
4-7-4
46+53

Generation = 22, Population = 18.
7-+35
-8868
76-3-
7-9--
-59--
4-+-3

*** Life<FredkinCell> 3x7 ***

Generation = 0, Population = 17.
000000-
0--0000
00-0000

Generation = 5, Population = 6.
0-----0
-4---3-
1-----3

Generation = 10, Population = 0.
-------
-------
-------

Generation = 15, Population = 0.
-------
-------
-------

Generation = 20, Population = 0.
-------
-------
-------

Generation = 25, Population = 0.
-------
-------
-------

Generation = 30, Population = 0.
-------
-------
-------

Generation = 35, Population = 0.
-------
-------
-------

Generation = 40, Population = 0.
-------
-------
-------

Generation = 45, Population = 0.
-------
-------
-------

Generation = 50, Population = 0.
-------
-------
-------

Generation = 55, Population = 0.
-------
-------
-------

Generation = 60, Population = 0.
-------
-------
-------

Generation = 65, Population = 0.
-------
-------
-------

Generation = 70, Population = 0.
-------
-------
-------

Generation = 75, Population = 0.
-------
-------
-------

Generation = 80, Population = 0.
-------
-------
-------

Generation = 85, Population = 0.
-------
-------
-------

Generation = 90, Population = 0.
-------
-------
-------

Generation = 95, Population = 0.
-------
-------
-------

*** Life<FredkinCell> 6x3 ***

Generation = 0, Population = 18.
000
000
000
000
000
000

Generation = 1, Population = 10.
-1-
1-1
1-1
1-1
1-1
-1-

Generation = 2, Population = 6.
---
202
---
---
202
---

Generation = 3, Population = 16.
010
3-3
101
101
3-3
010

Generation = 4, Population = 6.
---
---
212
212
---
---

Generation = 5, Population = 8.
---
303
-2-
-2-
303
---

Generation = 6, Population = 12.
010
414
---
---
414
010

Generation = 7, Population = 10.
-2-
-2-
222
222
-2-
-2-

Generation = 8, Population = 6.
030
---
---
---
---
030

Generation = 9, Population = 10.
1-1
424
---
---
424
1-1

Generation = 10, Population = 12.
232
---
222
222
---
232

Generation = 11, Population = 6.
3-3
---
-3-
-3-
---
3-3

Generation = 12, Population = 12.
---
424
242
242
424
---

Generation = 13, Population = 12.
333
-3-
3-3
3-3
-3-
333

Generation = 14, Population = 18.
444
444
444
444
444
444

Generation = 15, Population = 10.
-5-
5-5
5-5
5-5
5-5
-5-

Generation = 16, Population = 6.
---
646
---
---
646
---

Generation = 17, Population = 16.
454
7-7
545
545
7-7
454

Generation = 18, Population = 6.
---
---
656
656
---
---

Generation = 19, Population = 8.
---
747
-6-
-6-
747
---

Generation = 20, Population = 12.
454
858
---
---
858
454

Generation = 21, Population = 10.
-6-
-6-
666
666
-6-
-6-

Generation = 22, Population = 6.
474
---
---
---
---
474

Generation = 23, Population = 10.
5-5
868
---
---
868
5-5

Generation = 24, Population = 12.
676
---
666
666
---
676

Generation = 25, Population = 6.
7-7
---
-7-
-7-
---
7-7

Generation = 26, Population = 12.
---
868
686
686
868
---

Generation = 27, Population = 12.
777
-7-
7-7
7-7
-7-
777

Generation = 28, Population = 18.
888
888
888
888
888
888

Generation = 29, Population = 10.
-9-
9-9
9-9
9-9
9-9
-9-

Generation = 30, Population = 6.
---
+8+
---
---
+8+
---

Generation = 31, Population = 16.
898
+-+
989
989
+-+
898

Generation = 32, Population = 6.
---
---
+9+
+9+
---
---

Generation = 33, Population = 8.
---
+8+
-+-
-+-
+8+
---

Generation = 34, Population = 12.
898
+9+
---
---
+9+
898

Generation = 35, Population = 10.
-+-
-+-
+++
+++
-+-
-+-

Generation = 36, Population = 6.
8+8
---
---
---
---
8+8

Generation = 37, Population = 10.
9-9
+++
---
---
+++
9-9

Generation = 38, Population = 12.
+++
---
+++
+++
---
+++

Generation = 39, Population = 6.
+-+
---
-+-
-+-
---
+-+

Generation = 40, Population = 12.
---
+++
+++
+++
+++
---

Generation = 41, Population = 12.
+++
-+-
+-+
+-+
-+-
+++

Generation = 42, Population = 18.
+++
+++
+++
+++
+++
+++

Generation = 43, Population = 10.
-+-
+-+
+-+
+-+
+-+
-+-

Generation = 44, Population = 6.
---
+++
---
---
+++
---

Generation = 45, Population = 16.
+++
+-+
+++
+++
+-+
+++

Generation = 46, Population = 6.
---
---
+++
+++
---
---

Generation = 47, Population = 8.
---
+++
-+-
-+-
+++
---

Generation = 48, Population = 12.
+++
+++
---
---
+++
+++

Generation = 49, Population = 10.
-+-
-+-
+++
+++
-+-
-+-

Generation = 50, Population = 6.
+++
---
---
---
---
+++

Generation = 51, Population = 10.
+-+
+++
---
---
+++
+-+

Generation = 52, Population = 12.
+++
---
+++
+++
---
+++

Generation = 53, Population = 6.
+-+
---
-+-
-+-
---
+-+

Generation = 54, Population = 12.
---
+++
+++
+++
+++
---

Generation = 55, Population = 12.
+++
-+-
+-+
+-+
-+-
+++

Generation = 56, Population = 18.
+++
+++
+++
+++
+++
+++

Generation = 57, Population = 10.
-+-
+-+
+-+
+-+
+-+
-+-

Generation = 58, Population = 6.
---
+++
---
---
+++
---

Generation = 59, Population = 16.
+++
+-+
+++
+++
+-+
+++

Generation = 60, Population = 6.
---
---
+++
+++
---
---

Generation = 61, Population = 8.
---
+++
-+-
-+-
+++
---

Generation = 62, Population = 12.
+++
+++
---
---
+++
+++

Generation = 63, Population = 10.
-+-
-+-
+++
+++
-+-
-+-

Generation = 64, Population = 6.
+++
---
---
---
---
+++

Generation = 65, Population = 10.
+-+
+++
---
---
+++
+-+

Generation = 66, Population = 12.
+++
---
+++
+++
---
+++

Generation = 67, Population = 6.
+-+
---
-+-
-+-
---
+-+

Generation = 68, Population = 12.
---
+++
+++
+++
+++
---

Generation = 69, Population = 12.
+++
-+-
+-+
+-+
-+-
+++

Generation = 70, Population = 18.
+++
+++
+++
+++
+++
+++

Generation = 71, Population = 10.
-+-
+-+
+-+
+-+
+-+
-+-

Generation = 72, Population = 6.
---
+++
---
---
+++
---

Generation = 73, Population = 16.
+++
+-+
+++
+++
+-+
+++

Generation = 74, Population = 6.
---
---
+++
+++
---
---

Generation = 75, Population = 8.
---
+++
-+-
-+-
+++
---

Generation = 76, Population = 12.
+++
+++
---
---
+++
+++

Generation = 77, Population = 10.
-+-
-+-
+++
+++
-+-
-+-

Generation = 78, Population = 6.
+++
---
---
---
---
+++

Generation = 79, Population = 10.
+-+
+++
---
---
+++
+-+

Generation = 80, Population = 12.
+++
---
+++
+++
---
+++

Generation = 81, Population = 6.
+-+
---
-+-
-+-
---
+-+

Generation = 82, Population = 12.
---
+++
+++
+++
+++
---

Generation = 83, Population = 12.
+++
-+-
+-+
+-+
-+-
+++

Generation = 84, Population = 18.
+++
+++
+++
+++
+++
+++

Generation = 85, Population = 10.
-+-
+-+
+-+
+-+
+-+
-+-

Generation = 86, Population = 6.
---
+++
---
---
+++
---

Generation = 87, Population = 16.
+++
+-+
+++
+++
+-+
+++

Generation = 88, Population = 6.
---
---
+++
+++
---
---

Generation = 89, Population = 8.
---
+++
-+-
-+-
+++
---

Generation = 90, Population = 12.
+++
+++
---
---
+++
+++

Generation = 91, Population = 10.
-+-
-+-
+++
+++
-+-
-+-

Generation = 92, Population = 6.
+++
---
---
---
---
+++

Generation = 93, Population = 10.
+-+
+++
---
---
+++
+-+

Generation = 94, Population = 12.
+++
---
+++
+++
---
+++

Generation = 95, Population = 6.
+-+
---
-+-
-+-
---
+-+

Generation = 96, Population = 12.
---
+++
+++
+++
+++
---

Generation = 97, Population = 12.
+++
-+-
+-+
+-+
-+-
+++

Generation = 98, Population = 18.
+++
+++
+++
+++
+++
+++

Generation = 99, Population = 10.
-+-
+-+
+-+
+-+
+-+
-+-

Generation = 100, Population = 6.
---
+++
---
---
+++
---

Generation = 101, Population = 16.
+++
+-+
+++
+++
+-+
+++

Generation = 102, Population = 6.
---
---
+++
+++
---
---

Generation = 103, Population = 8.
---
+++
-+-
-+-
+++
---

Generation = 104, Population = 12.
+++
+++
---
---
+++
+++

Generation = 105, Population = 10.
-+-
-+-
+++
+++
-+-
-+-

Generation = 106, Population = 6.
+++
---
---
---
---
+++

Generation = 107, Population = 10.
+-+
+++
---
---
+++
+-+

Generation = 108, Population = 12.
+++
---
+++
+++
---
+++

Generation = 109, Population = 6.
+-+
---
-+-
-+-
---
+-+

Generation = 110, Population = 12.
---
+++
+++
+++
+++
---

Generation = 111, Population = 12.
+++
-+-
+-+
+-+
-+-
+++

Generation = 112, Population = 18.
+++
+++
+++
+++
+++
+++

Generation = 113, Population = 10.
-+-
+-+
+-+
+-+
+-+
-+-

Generation = 114, Population = 6.
---
+++
---
---
+++
---

Generation = 115, Population = 16.
+++
+-+
+++
+++
+-+
+++

Generation = 116, Population = 6.
---
---
+++
+++
---
---

Generation = 117, Population = 8.
---
+++
-+-
-+-
+++
---

Generation = 118, Population = 12.
+++
+++
---
---
+++
+++

Generation = 119, Population = 10.
-+-
-+-
+++
+++
-+-
-+-

Generation = 120, Population = 6.
+++
---
---
---
---
+++

Generation = 121, Population = 10.
+-+
+++
---
---
+++
+-+

Generation = 122, Population = 12.
+++
---
+++
+++
---
+++

Generation = 123, Population = 6.
+-+
---
-+-
-+-
---
+-+

Generation = 124, Population = 12.
---
+++
+++
+++
+++
---

Generation = 125, Population = 12.
+++
-+-
+-+
+-+
-+-
+++

Generation = 126, Population = 18.
+++
+++
+++
+++
+++
+++

Generation = 127, Population = 10.
-+-
+-+
+-+
+-+
+-+
-+-

Generation = 128, Population = 6.
---
+++
---
---
+++
---

Generation = 129, Population = 16.
+++
+-+
+++
+++
+-+
+++

Generation = 130, Population = 6.
---
---
+++
+++
---
---

Generation = 131, Population = 8.
---
+++
-+-
-+-
+++
---

Generation = 132, Population = 12.
+++
+++
---
---
+++
+++

Generation = 133, Population = 10.
-+-
-+-
+++
+++
-+-
-+-

Generation = 134, Population = 6.
+++
---
---
---
---
+++

Generation = 135, Population = 10.
+-+
+++
---
---
+++
+-+

Generation = 136, Population = 12.
+++
---
+++
+++
---
+++

Generation = 137, Population = 6.
+-+
---
-+-
-+-
---
+-+

Generation = 138, Population = 12.
---
+++
+++
+++
+++
---

Generation = 139, Population = 12.
+++
-+-
+-+
+-+
-+-
+++

Generation = 140, Population = 18.
+++
+++
+++
+++
+++
+++

Generation = 141, Population = 10.
-+-
+-+
+-+
+-+
+-+
-+-

Generation = 142, Population = 6.
---
+++
---
---
+++
---

Generation = 143, Population = 16.
+++
+-+
+++
+++
+-+
+++

Generation = 144, Population = 6.
---
---
+++
+++
---
---

Generation = 145, Population = 8.
---
+++
-+-
-+-
+++
---

Generation = 146, Population = 12.
+++
+++
---
---
+++
+++

*** Life<FredkinCell> 2x8 ***

Generation = 0, Population = 15.
00000000
-0000000

Generation = 5, Population = 10.
5253--2-
-2-2532-

Generation = 10, Population = 9.
7--55--3
3-55--23

Generation = 15, Population = 10.
-575-5--
-47-7573

Generation = 20, Population = 7.
+7----96
-77----6

Generation = 25, Population = 9.
+7--+8-8
+-+--79-

Generation = 30, Population = 11.
+-++++-8
+--+++-8

Generation = 35, Population = 6.
+----++-
--++---+

Generation = 40, Population = 8.
-+-++-+-
++-+--+-

Generation = 45, Population = 9.
+-+++--+
++--+--+

Generation = 50, Population = 12.
-++++++-
++++++--

Generation = 55, Population = 9.
-+--+-++
+--+-+++

Generation = 60, Population = 11.
+++--+++
-+--++++

Generation = 65, Population = 11.
--++++++
+++++---

Generation = 70, Population = 6.
--+--+--
--+-+++-

Generation = 75, Population = 10.
++++--+-
-+-++++-

Generation = 80, Population = 9.
+--++--+
+-++--++

Generation = 85, Population = 10.
-+++-+--
-++-++++

Generation = 90, Population = 7.
++----++
-++----+

Generation = 95, Population = 9.
++--++-+
+-+--++-

Generation = 100, Population = 11.
+-++++-+
+--+++-+

Generation = 105, Population = 6.
+----++-
--++---+

Generation = 110, Population = 8.
-+-++-+-
++-+--+-

Generation = 115, Population = 9.
+-+++--+
++--+--+

Generation = 120, Population = 12.
-++++++-
++++++--

Generation = 125, Population = 9.
-+--+-++
+--+-+++

Generation = 130, Population = 11.
+++--+++
-+--++++

Generation = 135, Population = 11.
--++++++
+++++---

Generation = 140, Population = 6.
--+--+--
--+-+++-

Generation = 145, Population = 10.
++++--+-
-+-++++-

Generation = 150, Population = 9.
+--++--+
+-++--++

*** Life<FredkinCell> 8x2 ***

Generation = 0, Population = 16.
00
00
00
00
00
00
00
00

*** Life<FredkinCell> 5x10 ***

Generation = 0, Population = 23.
-0--0-000-
-000--00-0
00-0-0----
0-00-00---
------000-

Generation = 14, Population = 28.
-4-4433--4
344-3-24--
2--5-7-61-
25-----332
8-47223---

Generation = 28, Population = 28.
----976--8
-88-764--5
-4-84-5-4-
--65--6677
+-++5-954-

Generation = 42, Population = 23.
+--7---+-+
7+-9--8--8
+----+-+8-
+-++-++-++
+++-------

Generation = 56, Population = 23.
--+--++--+
+--++-+-+-
++--9+---8
++-+---+--
+-+++7----

*** Life<FredkinCell> 10x3 ***

Generation = 0, Population = 12.
0-0
-0-
0--
---
-0-
0--
00-
0--
00-
-0-

Generation = 16, Population = 12.
0--
3--
-7-
---
1-6
-6-
-63
44-
-4-
3--

Generation = 32, Population = 11.
28-
9+-
---
---
1--
+--
29-
-9-
--8
-7-

Generation = 48, Population = 14.
-+-
-+-
--+
+--
3+-
-+-
3++
+--
2+-
+--

*** Life<FredkinCell> 5x2 ***

Generation = 0, Population = 10.
00
00
00
00
00

Generation = 3, Population = 6.
11
--
33
--
11

Generation = 6, Population = 6.
44
--
66
--
44

Generation = 9, Population = 6.
77
--
99
--
77

Generation = 12, Population = 6.
++
--
++
--
++

Generation = 15, Population = 6.
++
--
++
--
++

Generation = 18, Population = 6.
++
--
++
--
++

Generation = 21, Population = 6.
++
--
++
--
++

Generation = 24, Population = 6.
++
--
++
--
++

Generation = 27, Population = 6.
++
--
++
--
++

Generation = 30, Population = 6.
++
--
++
--
++

Generation = 33, Population = 6.
++
--
++
--
++

Generation = 36, Population = 6.
++
--
++
--
++

Generation = 39, Population = 6.
++
--
++
--
++

Generation = 42, Population = 6.
++
--
++
--
++

Generation = 45, Population = 6.
++
--
++
--
++

Generation = 48, Population = 6.
++
--
++
--
++

Generation = 51, Population = 6.
++
--
++
--
++

Generation = 54, Population = 6.
++
--
++
--
++

Generation = 57, Population = 6.
++
--
++
--
++

Generation = 60, Population = 6.
++
--
++
--
++

Generation = 63, Population = 6.
++
--
++
--
++

Generation = 66, Population = 6.
++
--
++
--
++

Generation = 69, Population = 6.
++
--
++
--
++

*** Life<FredkinCell> 2x5 ***

Generation = 0, Population = 10.
00000
00000

Generation = 11, Population = 6.
9-+-9
9-+-9

Generation = 22, Population = 6.
+-+-+
+-+-+

Generation = 33, Population = 6.
+-+-+
+-+-+

Generation = 44, Population = 6.
+-+-+
+-+-+

Generation = 55, Population = 6.
+-+-+
+-+-+

Generation = 66, Population = 6.
+-+-+
+-+-+

Generation = 77, Population = 6.
+-+-+
+-+-+

Generation = 88, Population = 6.
+-+-+
+-+-+

Generation = 99, Population = 6.
+-+-+
+-+-+

Generation = 110, Population = 6.
+-+-+
+-+-+

Generation = 121, Population = 6.
+-+-+
+-+-+

Generation = 132, Population = 6.
+-+-+
+-+-+

Generation = 143, Population = 6.
+-+-+
+-+-+

*** Life<FredkinCell> 9x5 ***

Generation = 0, Population = 32.
-0000
00--0
--000
0-0-0
--00-
0000-
00000
-0000
0000-

Generation = 7, Population = 29.
--1-0
--32-
-03-4
--3-5
02300
11332
5-201
21--1
1--21

Generation = 14, Population = 20.
0-42-
--75-
1-8-9
--407
----1
4-4-3
7--1-
-----
-954-

Generation = 21, Population = 22.
037--
25+--
-6+--
-67-+
2----
7-77-
--5--
-69--
9+6-2

Generation = 28, Population = 28.
-484-
37+9-
2-+4+
-780+
---2-
--8+8
+--24
7-+-6
--8+3

Generation = 35, Population = 28.
0-+52
-8-+-
3++5+
29+--
69+--
-8+--
+58--
--+-8
++-+3

Generation = 42, Population = 16.
---6-
-----
--+--
--+0+
-++--
--++-
+7+--
--+09
-+---

Generation = 49, Population = 13.
-----
5-++-
----+
----+
--+--
-+-+-
-----
++---
+++--

Generation = 56, Population = 28.
-8+8-
--++0
5++8+
4+-0-
-+-55
++--+
---5+
++-0-
+-++-

Generation = 63, Population = 20.
----5
-++--
----+
5+--+
+----
+--++
++---
+++--
++-+5

Generation = 70, Population = 20.
-+-+-
--++-
-++++
-----
+--66
+--++
+----
--+0+
++---

Generation = 77, Population = 22.
--+-6
-+-+-
7-+--
-++--
-++-6
+++--
+++-+
+-+--
++---

Generation = 84, Population = 32.
-+++7
7+--0
--+++
7-+-+
--+7-
++++-
+++7+
-++0+
++++-

Generation = 91, Population = 29.
--+-7
--++-
-++-+
--+-+
+++77
+++++
+-+7+
++--+
+--+8

Generation = 98, Population = 20.
0-++-
--++-
8-+-+
--+0+
----8
+-+-+
+--8-
-----
-+++-

Generation = 105, Population = 22.
0++--
9++--
-++--
-++-+
+----
+-++-
--+--
-++--
+++-9

Generation = 112, Population = 28.
-+++-
++++-
9-+++
-++0+
---9-
--+++
+--9+
+-+-+
--+++

Generation = 119, Population = 28.
0-++9
-+-+-
+++++
9++--
+++--
-++--
+++--
--+-+
++-++

Generation = 126, Population = 16.
---+-
-----
--+--
--+0+
-++--
--++-
+++--
--+0+
-+---

Generation = 133, Population = 13.
-----
+-++-
----+
----+
--+--
-+-+-
-----
++---
+++--

Generation = 140, Population = 28.
-+++-
--++0
+++++
++-0-
-+-++
++--+
---++
++-0-
+-++-

Generation = 147, Population = 20.
----+
-++--
----+
++--+
+----
+--++
++---
+++--
++-++

Generation = 154, Population = 20.
-+-+-
--++-
-++++
-----
+--++
+--++
+----
--+0+
++---

Generation = 161, Population = 22.
--+-+
-+-+-
+-+--
-++--
-++-+
+++--
+++-+
+-+--
++---

*** Life<FredkinCell> 9x7 ***

Generation = 0, Population = 4.
-------
-------
-------
0------
0------
-------
-------
-0----0
-------

Generation = 9, Population = 15.
-------
1------
4-----0
-23--0-
20----1
3------
50-----
40-----
1------

Generation = 18, Population = 15.
--1----
-3----0
7------
---12-2
-------
5------
9------
6-524-2
--1----

Generation = 27, Population = 23.
7--0---
73-----
-040---
--62---
-05---1
84---0-
+---5--
9-536--
----2-0

Generation = 36, Population = 15.
+------
-------
+-8-7--
+5---0-
-------
-------
+-7-7--
-38-8-4
+------

Generation = 45, Population = 25.
-0---0-
+-3-3--
+08-702
+---+-6
2-5-201
+------
+----0-
-6----5
+------

Generation = 54, Population = 19.
+---1-3
-64-4-0
------3
+-+4---
-------
+7---0-
------6
---5---
+---+-2

Generation = 63, Population = 29.
+--0---
+95-5--
--+0-0-
+--5+-7
----201
+------
-0--+08
--+6+-7
+07--0-

Generation = 72, Population = 7.
+------
-------
+------
+------
-------
-------
+------
-9----9
+------

Generation = 81, Population = 15.
-------
+------
+-----6
-++--0-
20----1
+------
+0-----
+9-----
+------

Generation = 90, Population = 15.
--1----
-+----0
+------
---7+-+
-------
+------
+------
+-+8+-+
--+----

Generation = 99, Population = 23.
+--0---
++-----
-0+0---
--+8---
-05---1
++---0-
+---+--
+-+9+--
----+-3

Generation = 108, Population = 15.
+------
-------
+-+-+--
++---0-
-------
-------
+-+-+--
-++-+-+
+------

*** Life<FredkinCell> 10x5 ***

Generation = 0, Population = 9.
--0--
----0
-----
0----
---0-
00-0-
----0
-----
-----
---0-

Generation = 7, Population = 22.
---1-
2-2-5
-020-
-13--
--232
---20
-011-
-3--0
---1-
-3-0-

Generation = 14, Population = 23.
3--3-
---47
213--
-3--4
3-5-3
---3-
60-1-
-61--
02-43
4----

Generation = 21, Population = 34.
32-5-
86759
-2562
-4655
3--65
--541
9--34
-8293
1---+
53--2

Generation = 28, Population = 20.
---9-
-8---
---9-
5---7
5---7
3-94-
----7
-+2+-
2--7-
86-37

Generation = 35, Population = 25.
6----
+8--9
-4-+9
+6--+
-488-
---84
+3--7
-+-+-
--7-+
9-58-

Generation = 42, Population = 23.
84-++
---+-
7--+-
+99++
9-9-+
-9-9-
----8
++---
4-9--
----+

Generation = 49, Population = 26.
+-7++
-+-++
-6+-+
--+-+
+---+
-+--8
+-8++
---+-
6-+-+
++---

Generation = 56, Population = 26.
+-++-
--+++
+-+--
++--+
+--+-
8++-+
+--++
+----
+----
++8+-

Generation = 63, Population = 20.
-+-++
--++-
-----
-----
+6++-
+----
-9--+
+----
+6--+
-+8++

Generation = 70, Population = 20.
----+
-++--
+--++
+++-+
-8---
-+++-
-----
+----
+6+-+
-+---

Generation = 77, Population = 25.
--+--
---++
+6+--
-+++-
+8-+-
+---+
+-+++
+-+-+
+8+--
---+-

Generation = 84, Population = 33.
+-+++
+++++
---++
++++-
--+++
+++--
+-++-
-+-+-
+-++-
-++++

Generation = 91, Population = 26.
--+++
-++++
--+++
+--++
--+++
-++--
+----
+--++
-+--+
---++

Generation = 98, Population = 25.
-----
++++-
+--++
+---+
++-+-
----+
+++-+
--+++
-++++
---+-

Generation = 105, Population = 24.
+--++
+++-+
++-+-
-++-+
--+--
+-+--
-+-++
+--+-
-----
--+++

Generation = 112, Population = 23.
--+--
+--+-
+--+-
+-+--
+-+++
++-+-
+-+-+
+++--
+----
---++

Generation = 119, Population = 30.
++-++
-++++
+++--
-+--+
-+--+
+++++
++--+
+----
+-+++
---++

Generation = 126, Population = 25.
+-+-+
+-+-+
--++-
-++++
-+--+
-+++-
--+++
++---
----+
-+-+-

*** Life<FredkinCell> 3x7 ***

Generation = 0, Population = 10.
-00--0-
000---0
0-0--0-

Generation = 5, Population = 8.
2-----2
2-----1
-25-42-

Generation = 10, Population = 0.
-------
-------
-------

Generation = 15, Population = 0.
-------
-------
-------

Generation = 20, Population = 0.
-------
-------
-------

Generation = 25, Population = 0.
-------
-------
-------

Generation = 30, Population = 0.
-------
-------
-------

Generation = 35, Population = 0.
-------
-------
-------

Generation = 40, Population = 0.
-------
-------
-------

Generation = 45, Population = 0.
-------
-------
-------

Generation = 50, Population = 0.
-------
-------
-------

Generation = 55, Population = 0.
-------
-------
-------

Generation = 60, Population = 0.
-------
-------
-------

Generation = 65, Population = 0.
-------
-------
-------

Generation = 70, Population = 0.
-------
-------
-------

Generation = 75, Population = 0.
-------
-------
-------

*** Life<FredkinCell> 2x7 ***

Generation = 0, Population = 14.
0000000
0000000

Generation = 11, Population = 6.
5--+--5
5--+--5

Generation = 22, Population = 10.
+-+++-+
+-+++-+

Generation = 33, Population = 10.
-9+++9-
-9+++9-

Generation = 44, Population = 14.
+++++++
+++++++

Generation = 55, Population = 6.
+--+--+
+--+--+

Generation = 66, Population = 10.
+-+++-+
+-+++-+

Generation = 77, Population = 10.
-+++++-
-+++++-

Generation = 88, Population = 14.
+++++++
+++++++

Generation = 99, Population = 6.
+--+--+
+--+--+

Generation = 110, Population = 10.
+-+++-+
+-+++-+

Generation = 121, Population = 10.
-+++++-
-+++++-

Generation = 132, Population = 14.
+++++++
+++++++

Generation = 143, Population = 6.
+--+--+
+--+--+

Generation = 154, Population = 10.
+-+++-+
+-+++-+

Generation = 165, Population = 10.
-+++++-
-+++++-

Generation = 176, Population = 14.
+++++++
+++++++

Generation = 187, Population = 6.
+--+--+
+--+--+

*** Life<FredkinCell> 6x8 ***

Generation = 0, Population = 38.
-0---000
0--00000
00000000
00000000
000000--
-00000-0

Generation = 9, Population = 29.
1-132-1-
10-2-4-3
6-2-4---
522-0--3
3-----13
15334100

Generation = 18, Population = 24.
--38----
--0646--
-6-2703+
-32--4-7
5--5-5-7
-765--1-

Generation = 27, Population = 15.
--4---5-
---9--1-
+--3----
+----7-+
--7--72+
--7--7--

Generation = 36, Population = 21.
-2--7--6
----9+--
+-----5-
+55----+
80-96--+
2-+8+8--

Generation = 45, Population = 21.
---+-7+6
---+-+-+
----+-6+
-6-03--+
+0++----
-+-+-+--

Generation = 54, Population = 22.
8---+-+8
-40+---+
-+----8+
-8---+8-
-0+-8--+
4----+40

Generation = 63, Population = 16.
9---+9-9
---+-+-+
+-+----+
+----+-+
----9---
-+--+---

*** Life<FredkinCell> 10x10 ***

Generation = 0, Population = 41.
0--00-0---
000-0-00-0
0-0-0-000-
00-000000-
-------0-0
-----0-0--
00-0---0-0
--0-0-0--0
---0------
0-----0---

Generation = 9, Population = 42.
3-3--1-311
5--3-2-3-1
------3404
3--2---13-
----3----2
2-5-23---2
-42-12--45
------4---
---21----2
1-211--32-

Generation = 18, Population = 47.
8-4--3-52-
6--61----1
--7---94-6
----3-648-
1736+--5--
---05--5-5
-6---6-367
23526-5---
-22-----23
5457---7--

Generation = 27, Population = 56.
--95538--3
+--8-6--4-
------+72-
7--778--+-
---++5-9-7
----6++-56
-86-+7-4-8
53+-9--657
-4598--367
97-+262-57

Generation = 36, Population = 56.
--+-8-+-54
+-3++78--7
+--+89-+7+
-+9---6--6
-85-++9+--
8--0+-+99-
-+-8+-4-8-
--+-+86---
--9+9++5-+
+--+5-8+--

Generation = 45, Population = 51.
+---++--78
+9-+-----+
-++-+++--+
9+-8-+--+-
--8+++-+--
----+--++-
-++--98-++
-4+++9--98
+-+++--5-+
----+98-8-

Generation = 54, Population = 42.
+-+++-+-+9
-+---9-++-
--------++
--+----++9
-----+-+-+
-5-0-++++-
--+-+-----
--+-++--++
---+--+8+-
--++-++-9-

Generation = 63, Population = 50.
--++--+---
+-----+---
+-++++++--
--++++----
8++++++-+-
+8-----++-
++++++-9++
+-+--+--+-
++----+--+
++-+-+---+

Generation = 72, Population = 38.
+---++----
++---++---
------+-+-
-++------+
--+-+--+-+
-9+-+-+---
-+-----++-
-8++---++-
+----+++--
--++-++++-

Generation = 81, Population = 50.
+------++-
+++++-+--+
++---+--++
++--+---+-
+--+++---+
+-----+-++
-+--+-+---
+-+-++----
+++++-+-++
+++++-+--+

Generation = 90, Population = 55.
++++-+++--
-+-++++-+-
----+++-++
-++-+--++-
+-+--++--+
-++-+-+-++
----+-++--
+-++--++++
+++++----+
+-+-+-++--

Generation = 99, Population = 49.
+++++++-+-
+--+-+--+-
+-+-+--+-+
-----+++-+
---+-----+
-+--++++-+
--+-++-+++
--+-+++-++
++-+-+----
-+---+--++

Generation = 108, Population = 45.
+---+++++-
--+-+-+---
+++-++++-+
+--+------
+-+++--++-
-+--++----
+---+-+++-
---++----+
-+-+++---+
+-+---++--

*** Life<FredkinCell> 4x4 ***

Generation = 0, Population = 15.
0000
000-
0000
0000

Generation = 9, Population = 7.
--91
---0
90-7
-9--

Generation = 18, Population = 9.
-2+-
20--
+--+
-+20

Generation = 27, Population = 7.
--+1
---0
+0-+
-+--

Generation = 36, Population = 9.
-2+-
20--
+--+
-+20

Generation = 45, Population = 7.
--+1
---0
+0-+
-+--

Generation = 54, Population = 9.
-2+-
20--
+--+
-+20

Generation = 63, Population = 7.
--+1
---0
+0-+
-+--

Generation = 72, Population = 9.
-2+-
20--
+--+
-+20

Generation = 81, Population = 7.
--+1
---0
+0-+
-+--

Generation = 90, Population = 9.
-2+-
20--
+--+
-+20

*** Life<FredkinCell> 3x10 ***

Generation = 0, Population = 28.
000000-000
0-00000000
0000000000

Generation = 18, Population = 15.
---1---17-
-335--37-3
3-64--836-

Generation = 36, Population = 14.
--+-97+79-
--8+9----5
--7-54-5--

Generation = 54, Population = 19.
+-+9++++--
-++-+++--+
+--9++-++-

*** Life<FredkinCell> 9x8 ***

Generation = 0, Population = 42.
--00-000
-0-00-0-
00-0--0-
0-00---0
-0-000--
-0----00
-0000000
00-0-0-0
0-00-000

Generation = 1, Population = 31.
--1-0111
-10110--
--0--01-
1-11-0--
-10--1--
0----0--
-1-1-111
----0---
101-----

Generation = 2, Population = 37.
--20-2-2
02--2100
0--0-120
-022----
02--0-0-
-0000--0
----0--2
0-0---00
2-200---

Generation = 3, Population = 41.
0-310313
-3-13-11
10-10-3-
1----0-0
13001---
----10-1
01--11--
1-1--01-
3---1000

Generation = 4, Population = 38.
-0421-2-
0402412-
-----140
-02-0-0-
-----1--
--0-2---
-2-1-2-2
-0-001--
40202111

Generation = 5, Population = 40.
--53-333
1513523-
1--10--1
113---1-
-3--1---
---0-0-1
0302-3--
--1112--
51-132-2

Generation = 6, Population = 36.
0---1-44
--2-63-1
-00---4-
-24--0--
-4----00
0--121--
1-131-12
-0--2310
622-4---

Generation = 7, Population = 47.
-053235-
1-3--4-2
1-1101--
13-20-10
-5-01111
1---320-
23242---
111-3-2-
733-5-12

Generation = 8, Population = 35.
-16--46-
25-36-3-
-0-21---
--431---
16---2--
200143--
343-3---
2-21--3-
-4--6--3

Generation = 9, Population = 37.
--7--5-4
363--442
-113214-
1354----
--0-131-
3-1-5-0-
454-4-1-
3--233--
-----2--

Generation = 10, Population = 37.
0-832665
474--55-
12-4-2--
24--1---
---0---1
40---3-1
5--4-322
4--34---
7--1-31-

Generation = 11, Population = 43.
11---776
58-3-6--
231-23--
--54---0
--0--312
-11-540-
--454---
-12453-0
84326423

Generation = 12, Population = 38.
--832--7
694-6--2
-4--3-41
2-65---1
------2-
4221-5--
-5565322
------31
954375--

Generation = 13, Population = 36.
1----778
7+-3-6--
251-4-52
-476--12
-6------
533-5601
--67-43-
4----3--
+----6-3

Generation = 14, Population = 38.
2--32--9
8-4-675-
-----3--
-587-0--
--0013--
64-16712
---855--
51245--1
+5--77--

Generation = 15, Population = 34.
31-4----
9--3-86-
25-4----
269-1-1-
16--24-2
7532---3
---9----
-2-5633-
-----823

Generation = 16, Population = 39.
-2-5277-
-+4--972
3-15-3--
3-+720--
270--523
-6---714
5----532
5----4--
-5-3--34

Generation = 17, Population = 39.
3386-8--
---3-+83
452-4--2
-6+8-1-2
-8---63-
77--68-5
6---564-
6--5653-
----7-45

Generation = 18, Population = 34.
4----9-9
--446---
56---3--
-7+92213
---0-743
--32-9--
----6---
7226-64-
+---88-6

Generation = 19, Population = 35.
-386----
--5-7+-3
6-2-44-2
---+--2-
-80-285-
-74-6+-5
65-9-64-
---7--5-
+-4-9-4-

Generation = 20, Population = 35.
4497-9-9
9--4---4
--35--53
37+-223-
2--0-9--
-8-2-+--
7-6+6---
-2-8---1
---3--56

Generation = 21, Population = 27.
-------+
+-5-7+--
--------
----33--
38-12---
7-4-6+1-
--7-7--2
--2----2
-544986-

Generation = 22, Population = 37.
4-9-297-
----8+84
6-3-----
37---43-
-902395-
88527-2-
75--8--3
-----6-3
+65---7-

Generation = 23, Population = 34.
-----+--
---4-+95
76-54--3
--++---3
3+134+63
--638+3-
----9--4
--2---54
+-64----

Generation = 24, Population = 39.
---72+-+
++558---
87365---
-7-+34--
4---5+7-
8--4-+-5
----+-45
723-666-
---59-76

Generation = 25, Population = 35.
44--3+--
-+6-9--5
--4-6---
38+-----
5--3--8-
986--+-6
-57-+---
8-487-74
+6-6-8-7

Generation = 26, Population = 33.
5--7-+7+
------9-
87--74-3
----3-3-
-+1-5---
-9----3-
7-8++-4-
9--9-68-
-7679-78

Generation = 27, Population = 46.
-49--+8+
-+-59++5
9846-5--
3-++-4--
5-2-6+--
-+64-+46
859++6-5
+-4--79-
-8-8+8-9

Generation = 28, Population = 34.
5-+---9-
------+-
-9577--3
-8+-3-3-
6+--7+-3
9----+--
-6-+-7-6
+-5978+4
--69--7-

Generation = 29, Population = 36.
---7-+++
++-59++-
9-6--55-
-9-+-4-3
---3--8-
++-4--4-
8-9++-47
-2---9+-
+8----8-

Generation = 30, Population = 39.
54+83-++
-+6---+-
+--7-6--
--++-5--
6-2-7-9-
-+6--+--
9-+++758
+3-9-++-
+-6---99

Generation = 31, Population = 38.
65+-4--+
+--59-+-
--68-7--
-9--36--
-+-3---3
++7-8+46
+--+--69
+4-+7-+4
+8-----+

Generation = 32, Population = 36.
--+85+--
+-6--+--
+-7--8--
3+-+4-33
--2-7--4
-+8-9-57
-6-++-7+
+---8--5
--69+--+

Generation = 33, Population = 36.
65----+-
+-----+-
-98--9-3
-+-+-64-
6+33-+9-
+--4---8
-7+++--+
--5+-+--
+87--89+

Generation = 34, Population = 34.
-6+--+++
++6---+-
--9-7+--
---+-7--
-+-4----
++8--+-9
-8+-+-7+
+46-8+--
+---+--+

Generation = 35, Population = 42.
---85+++
++759++-
+-+88---
-+-+484-
-+357--4
+-----5+
+9+-+-8-
-5--9+--
+-79+-9-

Generation = 36, Population = 36.
66--6+++
--8--+--
+---9+--
-+-+--5-
---6--95
++-4-+--
-++-+79-
+66-+++-
-88--8-+

Generation = 37, Population = 33.
77-87+-+
---59--5
--+-+---
---+--6-
6-3-7--6
+-859+5+
++-+---+
+-7-----
---9-99-

Generation = 38, Population = 43.
88--8+-+
++--+-+6
-9--++53
3-+-48--
7-4-8-97
-+-6+--+
++-+-7-+
+6-+-++5
+----+++

Generation = 39, Population = 42.
--+8-+++
-+85---7
++-8++6-
4++-5-6-
8+56-++-
++8-----
-+--+89-
+--+-++6
+--9+-+-

Generation = 40, Population = 30.
-----+--
--96--+8
-+--+---
5---6--3
9--78+-7
----+---
++--+9--
+-7+---7
+88-+++-

Generation = 41, Population = 32.
--+88--+
--+7--+9
----++6-
6-----64
++58-+-8
-+---+-+
-+---+9+
---++---
---9+-+-

Generation = 42, Population = 33.
-8-99+-+
-+--+---
+-+-+-73
7-++68--
-+-9-++-
---6+-5-
++++----
-67----7
--8----+

Generation = 43, Population = 40.
89-+++--
-+----+-
+++8-+84
8+-+7-64
--5----8
+--7++6+
+++---9+
--8---+8
--99--++

Generation = 44, Population = 31.
9--+-+--
+---+++-
----++--
----88-5
---9-++-
+-88--7+
----+-++
+----++9
-8-+++--

Generation = 45, Population = 31.
+9+-++--
++----+9
+--8++-4
-----96-
+--+8--8
--9---8-
--+--+++
---++-+-
---+---+

Generation = 46, Population = 36.
-++-++-+
+--7-++-
+-+9---5
----8-75
-+-+9-+-
+++-+-9+
-++--+-+
----+++9
--9+----

Generation = 47, Population = 42.
-++++-+-
+-+8+-+9
+-+--+86
8+++9---
-+5++--8
+--8++--
---+++--
-6--++--
-8++-+++

Generation = 48, Population = 39.
-+++--+-
+++9-++-
-+-9++9-
-+-+--7-
+-6-+-+-
---9--9+
+++--++-
+7-+-+-9
+--++--+

Generation = 49, Population = 42.
--+-+-++
+-+++-+9
--++-++6
-+++9--5
-+------
-++---++
-++++--+
+-8+++++
+-+-+-++

Generation = 50, Population = 44.
+++++---
--++-+++
+-++-++7
8-+++--6
+-6++-+-
++--+++-
---+--+-
+79+--++
+-++++--

Generation = 51, Population = 37.
+-+++-++
--+++-+-
+-+++-+8
--+---77
-+-++++-
-+-9--++
---+----
--++---+
+8-+-+-+

Generation = 52, Population = 36.
---+---+
-++-+--+
--++--+-
8-++--8-
++6---+8
++-----+
-+--+-+-
+-++++++
+9++---+

Generation = 53, Population = 36.
-+----++
++---+-+
+-+--++-
9++-+9--
++---+--
-+--+-++
++--++++
+--++-+-
--+--+-+

Generation = 54, Population = 31.
-++---+-
----++-+
--++-++-
++--++--
-+--++-8
+-+9+---
--+-+---
+--+--++
+9----+-

Generation = 55, Population = 35.
+++++---
-+--+---
+-++-++-
+----+-7
++--+---
-+--+--+
-++-++++
+----+-+
-+++-++-

Generation = 56, Population = 33.
++---+--
+++++-+-
+++++-+-
--++-+8-
--6++---
---9---+
--+--+-+
-7-+---+
-+-+--+-

Generation = 57, Population = 38.
---+----
+-++-+++
-+---+-8
+-++-+-7
-+--+-+8
--++-+++
---++---
+8++++-+
++-+++--

Generation = 58, Population = 34.
+--+++++
-++-----
+-+-+-+-
--++++8-
--6+---9
--+--++-
++++-++-
-9------
--+-+-++

Generation = 59, Population = 36.
---+---+
++---+-+
-+-++++8
+++++---
-+7---+-
+--++---
++++---+
-+++++-+
------++

Generation = 60, Population = 46.
+++-++++
+-+--++-
+-+-++--
+-++---7
+--+-+-9
+++-++++
-+++++++
--++-++-
-++++-+-

Generation = 61, Population = 35.
----++++
-+-+++--
---++--8
------88
--7++++-
-+----++
---++---
-+++--+-
++++++++

Generation = 62, Population = 26.
-+---+-+
+-------
-++----9
--+-----
--8---+9
+------+
----++-+
--+++-+-
++++--++

Generation = 63, Population = 34.
--+-+---
-++--+--
-+-+--+-
---+--8-
++9+-++-
-++-++--
+-+--+++
+--+-+++
+-+--+-+

Generation = 64, Population = 39.
--+-----
+-------
+++++-+9
+---+--8
+++-+--9
+-++++++
+++--++-
-++--+++
+---++++

Generation = 65, Population = 31.
++-+----
+--++-++
+-----+-
-+---+--
+--+----
--+-+++-
-++--+++
+--+-+--
--+++++-

Generation = 66, Population = 37.
-+-+--++
--+-+--+
+--++-+-
+-+++---
------+-
+-++++--
-+---+++
--+++-++
++++-+++

Generation = 67, Population = 36.
+-+--++-
+---++++
+++-+---
+-++-+--
-------9
-++---++
--+-+-+-
++-++-++
+-+-+++-

Generation = 68, Population = 43.
+--+----
---+-+++
+--++++9
++-++-88
++-+-+-+
++-+++--
+++++--+
-+-+++++
++-+----

Generation = 69, Population = 42.
-+++++++
--+-+-+-
+-++++-+
+--+---9
++---+++
+++++-+-
----++-+
+-+++---
+--+-+++

Generation = 70, Population = 38.
+++-+-++
+-----++
+--+++++
---+----
+----++-
-+----++
-+-++++-
+-++-++-
++-+++-+

Generation = 71, Population = 33.
--+-----
--++--++
+++---+-
--++---9
---+++--
-+++++++
-++--++-
+-++-+--
-++---+-

Generation = 72, Population = 37.
-++---++
+-++++-+
+-++-+++
+----+--
-++++---
+-+++-++
--++-+--
--++-++-
-+-----+

Generation = 73, Population = 35.
-+--+-+-
++++----
----++--
+----+-9
++++--++
-++--+++
++++++++
------+-
+--+-+--

Generation = 74, Population = 41.
-+-----+
++-++++-
-++-+-++
+-++-+8+
-+++++-+
++++---+
+++--+--
-++-+++-
-++-----

Generation = 75, Population = 35.
-+++++--
+++++--+
+---+-+-
--+---9+
+-----+-
------++
--+--+-+
-++-++++
+--++++-

Generation = 76, Population = 35.
--++++++
-++++---
+---+-++
-+-+++++
-++--+-+
+-+-----
--++-+--
-+-+--+-
---+++--

Generation = 77, Population = 31.
---++--+
-++++---
-+++-+--
-+++++++
-----+++
-+-----+
+-------
+-+--+-+
-++--+--

Generation = 78, Population = 37.
-+---++-
+-+----+
++-+-+-+
+-++--+-
--++--++
--+--+-+
+-+--+--
++++++--
-+-+++++

Generation = 79, Population = 41.
----+++-
+------+
++-+--++
++-++-++
+++-+---
++--++++
++----++
-+++++-+
-++-++-+

Generation = 80, Population = 35.
+--++-+-
+--+++++
+--+-+-+
+++-----
+-++----
++-+--+-
-+-+-+-+
-++-+-+-
+--+---+

Generation = 81, Population = 30.
+++--++-
-++++++-
---+++++
+--+-+-+
----+-+-
--+-+---
--+++---
--+--+-+
--------

Generation = 82, Population = 34.
++-----+
--+++-+-
++-++-+-
-+++-+-+
+-+-++--
-+++-++-
-++----+
-++-----
--+--+-+

Generation = 83, Population = 33.
++-++---
-+++--+-
+--+-++-
+-+--++-
----++-+
---++-+-
+++--+--
+-++-+--
--+++---

Generation = 84, Population = 33.
+-+-+++-
+--+--++
+-++--++
+----+--
+-+-----
++-+----
---+-+--
+++-+++-
++-++---

Generation = 85, Population = 31.
+--++---
-+++--+-
--+-+---
-+-++--+
-+---+--
-+++++--
---+++--
-++--+++
--++--+-

Generation = 86, Population = 41.
----+++-
-++-++-+
-++-++++
++++--+-
+---++++
+--++++-
--+-++-+
++-+--++
---++-+-

Generation = 87, Population = 39.
-+++-++-
+---++-+
-+++-++-
-+++++-+
--++-+-+
++-+---+
-------+
+++++---
+++-+-+-

Generation = 88, Population = 41.
-+-++-+-
-+-+++--
--+--+++
+----+++
++-+++--
+++++++-
--+-+-++
-++--+++
-+-++--+

Generation = 89, Population = 44.
++---+-+
+++-+-++
+----++-
+-++-++-
+-+-++++
-+++-+--
++-++-+-
+---++++
+++++--+

Generation = 90, Population = 29.
------++
+++-----
---+--+-
---++++-
++--+-++
+-+--+++
--+---+-
-++++-+-
-------+

Generation = 91, Population = 38.
+++--+++
+-+----+
++-+--++
+++-+-+-
-+--+-+-
++++-+--
+---+---
+++-+-+-
-++++---

Generation = 92, Population = 28.
---+++--
--+--++-
+----+--
--+++---
+-+-++++
-+-+----
-+--+-+-
-+-+---+
--+--++-

Generation = 93, Population = 32.
---+----
++---+++
-+-+-+--
-+---+++
-++----+
-++-++-+
+-++----
+++--++-
----+++-

Generation = 94, Population = 37.
+++-++++
+-+-+--+
------+-
+--++---
++-++---
--++++-+
+-++--++
-------+
++++++-+

Generation = 95, Population = 30.
--------
+++-+-++
--++-+--
+-+--++-
-++++--+
----++++
------++
-+--++--
+----+-+

Generation = 96, Population = 35.
+++-+-++
+--+-+++
--++++++
-+-+--+-
-++--+++
-++---++
-+---+--
--+++---
-----+--

Generation = 97, Population = 34.
--++-+--
+-++---+
+-+--+--
++-+-+-+
++--++--
++-+-+--
++++---+
--+-++--
--++--+-

Generation = 98, Population = 43.
++----++
+-+-+-+-
-++++++-
+-+-+---
++++++++
++++++++
-++---+-
+---++-+
-+-+---+

Generation = 99, Population = 36.
-+--++-+
+-++++--
++-----+
+----+-+
++-+-++-
---+++--
+----+++
-++-++++
-----+++

Generation = 100, Population = 38.
--------
+-+-+-+-
++-++-++
-+-+++++
-+-++++-
-++--+++
--+++++-
-++-+--+
-++---+-

Generation = 101, Population = 39.
+-+-+-+-
++-++-+-
--+-+++-
---+-+--
+-+-+-++
+--+++-+
-++-++-+
+-+++-+-
+--+++--

Generation = 102, Population = 39.
++-++-++
-+-+++-+
+----+-+
+-+--+++
+---+-+-
+-++--+-
++--+-++
++-++---
++--++--

Generation = 103, Population = 33.
+----++-
++--+-+-
+-++--+-
---+--+-
-+---+--
-+++++--
+--++--+
++-++-++
--+--++-

Generation = 104, Population = 35.
+----+-+
++---+-+
+++--+-+
++-++-++
++---+--
---++-++
++-++--+
-++--+--
+----+--

Generation = 105, Population = 34.
+---++-+
+---+---
+-+--++-
+++++-+-
--+-+-+-
--+--++-
+-+----+
+-+--+++
--+-+++-

Generation = 106, Population = 39.
++-+-+--
-+++++++
-++-++-+
-----+-+
+--+++-+
++-+-+--
+--+--++
+--+--+-
+++-++--

Generation = 107, Population = 36.
+-++++-+
-++++---
+--+-++-
+++++---
+-+--+-+
++--++--
--+-+--+
---+--+-
--++++--

Generation = 108, Population = 40.
-+-+++--
+++--+++
+++--+++
+-++++++
--+-++--
-+++--+-
+--++---
--+++---
-+++-+--

Generation = 109, Population = 33.
-+++---+
-----++-
+++--+-+
+++-+-+-
+-----++
-++-+--+
--++-++-
+-------
+++-+-+-

Generation = 110, Population = 36.
++-+++--
+--++-++
-+-+-+--
++---+++
++---+--
-+-+--++
+--++++-
+--+++--
--+----+

Generation = 111, Population = 47.
-+--++-+
++++--++
++-++++-
-+++++-+
-++++++-
++-+-+-+
+-++++--
++--+--+
++--+++-

Generation = 112, Population = 30.
-+--++++
----++--
-+-+++-+
-++--+--
-++-+-++
------+-
--+++-+-
+----+--
--++--+-

Generation = 113, Population = 38.
+-++-+-+
----++--
++++++--
++--++--
+----+-+
-+-+-+--
+++-++++
-+----+-
+++++--+

Generation = 114, Population = 39.
--++++--
-+-+-+++
-+---++-
+----+++
++-+----
+++-+---
+-++++++
+-++--++
++--++--

Generation = 115, Population = 46.
--++---+
++++++++
-+++++++
++-++-++
+-+--+++
++--+-++
-++++-+-
-+--++--
-+--++-+

Generation = 116, Population = 34.
+----+-+
++--++++
+++--+-+
------++
----++-+
--+-+++-
-+--+++-
+---+--+
++++----

Generation = 117, Population = 32.
+----+++
+--++--+
-+++-+--
+++-++++
--++---+
----+---
---+++--
+++-+---
---+---+

Generation = 118, Population = 37.
++-+-+--
+---++-+
+-+--+--
+++-++--
+--+++-+
--+++--+
++-+-++-
+-+-+--+
++----+-

Generation = 119, Population = 35.
-+--++++
--+-++--
-++++-++
+--+-+++
+-+----+
--+--+-+
-+-+-+++
---+--+-
-+--++--

Generation = 120, Population = 38.
+--+-+-+
-++++-+-
-+++----
+-++++++
+-+-----
+-+-+++-
+-++--+-
--++-++-
+-+-++--

Generation = 121, Population = 30.
---++-+-
--+-++--
---+++-+
++++---+
-------+
---++--+
+-+--+-+
-++-+--+
--+++---

Generation = 122, Population = 34.
---+-+-+
-+--+--+
+++-+--+
+----++-
+++-+-+-
+--++-+-
-++-+---
-++++-++
-----+-+

Generation = 123, Population = 38.
-++-+--+
-+--+-+-
-++-+--+
-+--++--
+-++++-+
+++++-++
-----+-+
+-+--++-
-+++--++

Generation = 124, Population = 36.
+-+-++--
+-++---+
+++-----
-++-+-+-
+--+--++
--++--++
-+-+-+-+
-++-+--+
-++++--+

Generation = 125, Population = 43.
+-++++++
-+++-++-
-++-+-++
+--+--+-
--++-++-
+-+++--+
++-++-+-
++--+-+-
+-+--+++

Generation = 126, Population = 32.
-+-+-+++
------++
-----+++
--++----
-+-+++--
++----+-
+-+-+-+-
+---++--
++-+-+++

Generation = 127, Population = 33.
+----++-
-+-+-+++
--+++++-
--+---++
-++--+--
---+--++
-+--++++
--+---++
-+--+--+

Generation = 128, Population = 29.
---++---
--++++-+
---+-+++
----++-+
++--+-+-
-----+--
+---+--+
-+-+---+
+--+-+-+

Generation = 129, Population = 29.
-------+
-++-+-++
---+-+-+
++-----+
+++++---
-+--+--+
------++
+--+-++-
--++---+

Generation = 130, Population = 36.
-++-+--+
++++-+++
+---+-+-
----++++
-----+--
-+--++-+
++-++---
-+-+-+-+
+++-++--

Generation = 131, Population = 34.
---+---+
-+++-++-
+-+-+--+
+--+-+++
-+--+---
-++-----
++---+--
+-++-+--
+++++-++

Generation = 132, Population = 40.
-+-+++--
-++-++++
+++--+++
+----+--
-+----++
-+++++--
--+++++-
----++-+
--++++++

Generation = 133, Population = 41.
+++++--+
-+-+--+-
-+-+-++-
+++-+++-
-+-+++++
+-+++-++
---+--+-
---+++-+
-++-++--

Generation = 134, Population = 35.
++-+++--
--+---+-
--+++-++
+-+---+-
++---+--
-++--++-
+---+-++
-+--+-+-
++++--++

Generation = 135, Population = 43.
++++-+--
+-++--+-
+++-+-++
+++-+-+-
--+-+++-
+-++----
-+++++++
++--+--+
++-+-+-+

Generation = 136, Population = 29.
--+-----
--+---+-
+++++-++
-++--+--
---+---+
-++-+--+
+-+++---
-+-+++--
----+--+

Generation = 137, Population = 33.
-+++--+-
+---+++-
++--++-+
---+----
--+--+++
-+--++++
---++--+
--+--+++
-+--+-+-

Generation = 138, Population = 30.
-+-+--++
+++--+--
-++---+-
++----+-
------+-
+----+++
-+-+-++-
----+++-
+--+-++-

Generation = 139, Population = 34.
-++-+-++
+---+-++
++-+--++
+----+-+
-+------
---++--+
----+++-
++-++-++
-++-+--+

Generation = 140, Population = 40.
-++-+---
+++-+-++
++-----+
++-++-++
--++++--
-+++----
++-++--+
+-++++--
--++++-+

Generation = 141, Population = 32.
----++++
----+-+-
++-+--+-
--+--++-
++--++-+
--++++-+
---+--+-
++----+-
++-++---

Generation = 142, Population = 37.
---+--++
++--++--
+++----+
-+------
+++--+++
+-+++-++
++-+--+-
--+-++++
---++++-

Generation = 143, Population = 33.
+++---++
----++--
--+++++-
+-+--++-
-+---++-
---++++-
-+-++--+
+----+-+
---+++--

Generation = 144, Population = 36.
+-+++-++
++----++
++--+--+
-++--+++
---+-+++
--+-++--
-----+-+
----++-+
+-++--++

Generation = 145, Population = 33.
+++-+---
+--+-+-+
-+-+--+-
--+---++
-++-+++-
-+-+++--
--+-+--+
+-+-+-+-
--++--+-

Generation = 146, Population = 37.
--++---+
++-++-+-
--+++-++
-++-+-++
+--+-+--
++-+---+
+-++----
---++-+-
++-+-+++

Generation = 147, Population = 43.
+-+-----
++-+--++
++-++-+-
-+--++--
++-++---
+++-+++-
++++--++
-+-++++-
++-+++++

Generation = 148, Population = 41.
++----++
+-++-+-+
-+---++-
+-++++--
-++++++-
+-------
--+-++++
+-++++++
+---++++

Generation = 149, Population = 38.
-+-+--+-
+-++-+-+
+-+--++-
---++++-
++++++++
---+---+
-+++-++-
+------+
+++--++-

Generation = 150, Population = 35.
--+++---
++---+--
+-++-+--
-++-+-+-
+---+++-
+-+---++
-+---+++
++-+--+-
--+++++-

Generation = 151, Population = 39.
+-+-+---
-++--++-
+--+++--
++-++-++
+--+--+-
++-++++-
++-+++--
+-++-+--
+-++---+

Generation = 152, Population = 41.
-++---+-
++--+-++
++--+-++
++-+-+-+
-++-+---
+--+++-+
+-++++--
-+-+++++
+---+++-

Generation = 153, Population = 34.
--+++++-
-+-++-+-
+++-++-+
-++---++
+-+-++--
+-+-----
+++--+--
+-+---++
-----+--

Generation = 154, Population = 40.
--+++--+
-+--+-+-
+--+-+-+
+-++-++-
++--++-+
-+-++---
+-+++--+
++++-+++
+-+-+--+

Generation = 155, Population = 32.
--+--+--
---+++-+
+--+++--
-++-++++
---+--+-
+++-+---
+------+
+----+-+
++++---+

Generation = 156, Population = 35.
-+---+++
+---++--
-----+--
-++--+++
+-+-+-+-
--++-+++
--+-++++
--+++---
---+++++

Generation = 157, Population = 30.
--+----+
---+++-+
+++----+
-+-+--++
-+-+---+
++++----
-+---++-
-+-+++--
----+--+

Generation = 158, Population = 40.
-+--++++
++++-+--
++++++--
--++++++
--+-+--+
+---++++
------++
++-++--+
-+--+-+-

Generation = 159, Population = 36.
-+--++-+
--+----+
-+--++-+
+-++-+--
++++-++-
-+++--++
-+-+---+
+--+-+++
-++-+---

Generation = 160, Population = 34.
+--+++-+
-+-+--+-
--+-+--+
+---+--+
-+-+----
-++++---
-++-+++-
-+-+++--
-+++--++

Generation = 161, Population = 40.
--+--++-
--+++--+
+--+++-+
--+-++++
-++++--+
++++--+-
++--++++
+---+-++
+-----++

Generation = 162, Population = 34.
-++--++-
++-+-+-+
-++---+-
+-+-++-+
---+--++
--+-+-++
+-------
---+++++
++--++--

Generation = 163, Population = 37.
--+-+-+-
++---+--
+---++-+
-+++++-+
+-+-+--+
++-+----
-+++-+--
-+++++-+
+++----+

Generation = 164, Population = 39.
+----+-+
-+--++-+
+++--+-+
+++-----
+-+-+-++
---+-+-+
-+++++++
-+-+---+
++--++++

Generation = 165, Population = 38.
-----+-+
++-+++--
---+-+-+
+++++++-
++++-++-
++++-+--
+----+-+
--+++-+-
+-+-+---

Generation = 166, Population = 30.
++-+-+--
++---++-
------+-
-++-----
+--+++-+
+++----+
+----++-
-+---+--
--+++++-

Generation = 167, Population = 36.
-----+--
--+++--+
+-+---++
-++-++++
++++-+-+
+-+-+--+
+++-+-+-
---+--+-
--+--+++

Generation = 168, Population = 35.
--++--++
++--+--+
-+-----+
+-++++++
-+-+-++-
---++--+
---++-+-
+++-----
-+--++++

Generation = 169, Population = 32.
+-++-++-
+----+--
++-+-+--
--++-++-
--+----+
-+++--+-
++------
+++--+-+
-+-++--+

Generation = 170, Population = 33.
+-++--++
--+-+---
-+++----
+-----+-
---+-++-
--++++--
-+++-+++
--+----+
-++++-++

Generation = 171, Population = 35.
---+-+++
+----+++
-+++--+-
--+---++
+--++--+
-----+++
++--+---
-+-++++-
+++-+-+-

Generation = 172, Population = 40.
+-+---+-
--+-+---
-++++--+
+-++++--
-+-++-+-
-+-+++--
+-+-++-+
+-++---+
++++++++

Generation = 173, Population = 34.
--++++-+
+--+++++
-+-++-+-
-----+-+
-++++--+
-++----+
+++----+
-++-+---
--++----

Generation = 174, Population = 35.
+++++-++
---+-++-
------++
--+-+-++
+-+-+-+-
-++-+-+-
+-+++-++
--++-+-+
---+----

Generation = 175, Population = 40.
+--+++-+
++-+++++
--+++-+-
+++-+-+-
-+------
++++----
-+++-+--
++-++-++
---+++-+

Generation = 176, Population = 46.
+-+-+-++
-+++-++-
-+-+++--
++-++-++
+-+++-+-
+-+-++--
+++++--+
+-++--+-
+++-++++

Generation = 177, Population = 35.
-+++-+-+
--+-----
--+++-++
--++++-+
-+-++++-
-+--++-+
+--+----
--+-+-++
---++-++

Generation = 178, Population = 30.
++++----
---++++-
-+++-++-
-------+
+++---++
-+++--+-
----+++-
++--+---
---+----

Generation = 179, Population = 32.
+----++-
+-++-+-+
++--+---
+--+-+++
++---+--
--++----
+-+----+
+++-+-+-
+++-----

Generation = 180, Population = 39.
+++++-+-
-++++++-
++-+-++-
-++-+--+
-+--++-+
---+++-+
++--+---
+++-----
-+-++-+-

Generation = 181, Population = 39.
++++-+++
+++-++++
++-+----
-+++++-+
++--+---
+-++---+
----+--+
--+---+-
-++++--+

*** Life<FredkinCell> 6x4 ***

Generation = 0, Population = 22.
0000
0000
000-
-000
0000
0000

Generation = 18, Population = 12.
7534
+---
---5
5---
---+
4357

Generation = 36, Population = 8.
---+
-+83
----
----
38+-
+---

Generation = 54, Population = 14.
+++-
+---
+++-
-+++
---+
-+++

Generation = 72, Population = 10.
---+
----
++++
++++
----
+---

Generation = 90, Population = 14.
----
-+++
++++
++++
+++-
----

Generation = 108, Population = 16.
+++-
++++
---+
+---
++++
-+++

Generation = 126, Population = 22.
++++
++++
+++-
-+++
++++
++++

Generation = 144, Population = 12.
++++
+---
---+
+---
---+
++++

Generation = 162, Population = 8.
---+
-+++
----
----
+++-
+---

*** Life<FredkinCell> 7x3 ***

Generation = 0, Population = 10.
-0-
--0
--0
000
00-
---
-00

Generation = 20, Population = 0.
---
---
---
---
---
---
---

Generation = 40, Population = 0.
---
---
---
---
---
---
---

Generation = 60, Population = 0.
---
---
---
---
---
---
---

Generation = 80, Population = 0.
---
---
---
---
---
---
---

*** Life<FredkinCell> 4x5 ***

Generation = 0, Population = 19.
00000
00000
000-0
00000

*** Life<FredkinCell> 2x7 ***

Generation = 0, Population = 12.
-0-0000
0000000

Generation = 18, Population = 8.
--50--4
+-8++-8

Generation = 36, Population = 12.
9+90-+-
+9+++9+

Generation = 54, Population = 8.
+--0+--
+-+++-+

Generation = 72, Population = 12.
-+-0+++
+++++++

Generation = 90, Population = 8.
--+0--+
+-+++-+

Generation = 108, Population = 12.
+++0-+-
+++++++

Generation = 126, Population = 8.
+--0+--
+-+++-+

Generation = 144, Population = 12.
-+-0+++
+++++++

*** Life<FredkinCell> 4x1 ***

Generation = 0, Population = 4.
0
0
0
0

Generation = 12, Population = 4.
4
4
4
4

Generation = 24, Population = 4.
8
8
8
8

Generation = 36, Population = 4.
+
+
+
+

Generation = 48, Population = 4.
+
+
+
+

Generation = 60, Population = 4.
+
+
+
+

Generation = 72, Population = 4.
+
+
+
+

Generation = 84, Population = 4.
+
+
+
+

Generation = 96, Population = 4.
+
+
+
+

*** Life<FredkinCell> 4x1 ***

Generation = 0, Population = 4.
0
0
0
0

Generation = 16, Population = 2.
6
-
-
6

Generation = 32, Population = 2.
-
+
+
-

Generation = 48, Population = 4.
+
+
+
+

*** Life<FredkinCell> 5x7 ***

Generation = 0, Population = 33.
0000-00
00-0000
0000000
0000000
0000000

Generation = 8, Population = 15.
-------
33-8433
----0--
4124014
----3--

Generation = 16, Population = 15.
-------
66-+866
----2--
8248028
----9--

Generation = 24, Population = 15.
-------
99-++99
----4--
+36+03+
----+--

Generation = 32, Population = 15.
-------
++-++++
----6--
+48+04+
----+--

Generation = 40, Population = 15.
-------
++-++++
----8--
+5++05+
----+--

Generation = 48, Population = 15.
-------
++-++++
----+--
+6++06+
----+--

Generation = 56, Population = 15.
-------
++-++++
----+--
+7++07+
----+--

Generation = 64, Population = 15.
-------
++-++++
----+--
+8++08+
----+--

Generation = 72, Population = 15.
-------
++-++++
----+--
+9++09+
----+--

Generation = 80, Population = 15.
-------
++-++++
----+--
++++0++
----+--

Generation = 88, Population = 15.
-------
++-++++
----+--
++++0++
----+--

Generation = 96, Population = 15.
-------
++-++++
----+--
++++0++
----+--

Generation = 104, Population = 15.
-------
++-++++
----+--
++++0++
----+--

Generation = 112, Population = 15.
-------
++-++++
----+--
++++0++
----+--

Generation = 120, Population = 15.
-------
++-++++
----+--
++++0++
----+--

Generation = 128, Population = 15.
-------
++-++++
----+--
++++0++
----+--

Generation = 136, Population = 15.
-------
++-++++
----+--
++++0++
----+--

Generation = 144, Population = 15.
-------
++-++++
----+--
++++0++
----+--

Generation = 152, Population = 15.
-------
++-++++
----+--
++++0++
----+--

Generation = 160, Population = 15.
-------
++-++++
----+--
++++0++
----+--

Generation = 168, Population = 15.
-------
++-++++
----+--
++++0++
----+--

Generation = 176, Population = 15.
-------
++-++++
----+--
++++0++
----+--

*** Life<FredkinCell> 8x7 ***

Generation = 0, Population = 42.
000-000
-00-00-
0000000
00000-0
00000--
0-0-000
0--00-0
0000-0-

Generation = 20, Population = 24.
-545--7
7-43---
2----3-
---2388
4--5--3
-6--971
5-----5
--6---7

Generation = 40, Population = 29.
-++--5-
++--6+-
5---9-6
-+8-6+-
7--++-7
--++-+5
-7++--9
9+----+

*** Life<FredkinCell> 3x4 ***

Generation = 0, Population = 5.
-00-
---0
00--

Generation = 19, Population = 6.
8-+-
0---
4-49

Generation = 38, Population = 5.
--+9
-0-0
---+

Generation = 57, Population = 6.
--++
0-0-
-++-

Generation = 76, Population = 8.
++++
-0--
-+++

Generation = 95, Population = 4.
+---
--0-
++--

Generation = 114, Population = 5.
+++-
---0
-+--

Generation = 133, Population = 8.
+++-
0---
++++

Generation = 152, Population = 7.
+--+
-0-0
+-++

Generation = 171, Population = 6.
--+-
0-0-
-+++

Generation = 190, Population = 6.
++-+
-0--
-+-+

*** Life<FredkinCell> 2x7 ***

Generation = 0, Population = 14.
0000000
0000000

Generation = 12, Population = 14.
636+636
636+636

Generation = 24, Population = 14.
+6+++6+
+6+++6+

*** Life<FredkinCell> 2x3 ***

Generation = 0, Population = 6.
000
000

Generation = 10, Population = 6.
0+0
0+0

Generation = 20, Population = 6.
0+0
0+0

Generation = 30, Population = 6.
0+0
0+0

Generation = 40, Population = 6.
0+0
0+0

Generation = 50, Population = 6.
0+0
0+0

Generation = 60, Population = 6.
0+0
0+0

Generation = 70, Population = 6.
0+0
0+0

Generation = 80, Population = 6.
0+0
0+0

Generation = 90, Population = 6.
0+0
0+0

Generation = 100, Population = 6.
0+0
0+0

Generation = 110, Population = 6.
0+0
0+0

Generation = 120, Population = 6.
0+0
0+0

Generation = 130, Population = 6.
0+0
0+0

Generation = 140, Population = 6.
0+0
0+0

*** Life<FredkinCell> 3x3 ***

Generation = 0, Population = 9.
000
000
000

Generation = 12, Population = 0.
---
---
---

Generation = 24, Population = 0.
---
---
---

Generation = 36, Population = 0.
---
---
---

Generation = 48, Population = 0.
---
---
---

Generation = 60, Population = 0.
---
---
---

*** Life<FredkinCell> 2x8 ***

Generation = 0, Population = 16.
00000000
00000000

Generation = 6, Population = 8.
23----32
23----32

Generation = 12, Population = 8.
-4-55-4-
-4-55-4-

Generation = 18, Population = 12.
656--656
656--656

Generation = 24, Population = 8.
7--99--7
7--99--7

Generation = 30, Population = 12.
8-++++-8
8-++++-8

Generation = 36, Population = 12.
-++++++-
-++++++-

Generation = 42, Population = 4.
--+--+--
--+--+--

Generation = 48, Population = 8.
++----++
++----++

Generation = 54, Population = 8.
-+-++-+-
-+-++-+-

Generation = 60, Population = 12.
+++--+++
+++--+++

Generation = 66, Population = 8.
+--++--+
+--++--+

Generation = 72, Population = 12.
+-++++-+
+-++++-+

Generation = 78, Population = 12.
-++++++-
-++++++-

Generation = 84, Population = 4.
--+--+--
--+--+--

Generation = 90, Population = 8.
++----++
++----++

Generation = 96, Population = 8.
-+-++-+-
-+-++-+-

Generation = 102, Population = 12.
+++--+++
+++--+++

Generation = 108, Population = 8.
+--++--+
+--++--+

Generation = 114, Population = 12.
+-++++-+
+-++++-+

Generation = 120, Population = 12.
-++++++-
-++++++-

*** Life<FredkinCell> 3x4 ***

Generation = 0, Population = 12.
0000
0000
0000

Generation = 19, Population = 6.
-++-
7--7
-++-

Generation = 38, Population = 6.
-++-
-++-
-++-

Generation = 57, Population = 8.
+--+
++++
+--+

Generation = 76, Population = 6.
+--+
+--+
+--+

*** Life<FredkinCell> 3x6 ***

Generation = 0, Population = 10.
---000
-00000
---00-

*** Life<FredkinCell> 7x1 ***

Generation = 0, Population = 7.
0
0
0
0
0
0
0

Generation = 9, Population = 0.
-
-
-
-
-
-
-

Generation = 18, Population = 0.
-
-
-
-
-
-
-

*** Life<FredkinCell> 8x5 ***

Generation = 0, Population = 29.
000-0
-0-00
00000
00000
0-000
0-000
--00-
-0-0-

Generation = 1, Population = 23.
11101
0---1
--1-1
11--1
-01-1
1-1--
0--1-
0-010

Generation = 2, Population = 17.
-----
1----
-----
2-00-
0---2
202-0
-002-
1-121

Generation = 3, Population = 16.
1----
-0---
--10-
3-11-
----3
-1-01
0---0
-0-32

Generation = 4, Population = 13.
-----
---0-
0---1
-----
00104
---12
-0-2-
---4-

Generation = 5, Population = 16.
---0-
1-0--
-0---
-111-
1--1-
2--2-
0----
-0152

Generation = 6, Population = 18.
1---1
-0---
-110-
----1
2---4
-1232
1-0-0
-1--3

Generation = 7, Population = 19.
---0-
-1-01
0--1-
311-2
--1--
223-3
--12-
---54

Generation = 8, Population = 18.
-111-
---12
11-21
---1-
-0-1-
3-43-
1---0
----5

Generation = 9, Population = 21.
12---
1--2-
22-3-
3-1--
--1-4
425--
201-1
1--56

Generation = 10, Population = 25.
-311-
-1032
33141
412-2
-----
-363-
31-22
2--6-

Generation = 11, Population = 17.
1-2--
-2---
---52
-2-13
2--14
-----
--133
3-17-

Generation = 12, Population = 14.
-3-1-
---32
--1--
---24
--1--
4-6--
31-44
-----

Generation = 13, Population = 25.
1--2-
-2--3
-3-5-
--235
202-4
537-3
-2155
31-76

Generation = 14, Population = 24.
--2--
-303-
34162
42-4-
-131-
--83-
33266
4-1--

Generation = 15, Population = 17.
--3--
-----
--2-3
-3---
--424
5394-
---77
512-6

Generation = 16, Population = 19.
-3-2-
----3
-----
4-24-
21-35
6-+53
--2--
6-377

Generation = 17, Population = 18.
1----
-3---
3-263
533--
32-4-
73-6-
-3-7-
----8

Generation = 18, Population = 19.
-----
1--33
4---4
64-45
43455
-4--3
-4-8-
-1---

Generation = 19, Population = 20.
1--21
2304-
---6-
7-3-6
---66
---64
3----
6237-

Generation = 20, Population = 16.
2---2
---5-
-427-
----7
4---7
7-+--
4-2-7
---88

Generation = 21, Population = 23.
-3---
23-6-
45---
743-8
53468
--+6-
5-388
6--9-

Generation = 22, Population = 22.
-432-
-4--3
56-74
8--49
-4-7-
--+74
6---9
72-+-

Generation = 23, Population = 19.
2--3-
---64
----5
9435-
--4-8
7-+8-
7-38+
-3---

Generation = 24, Population = 23.
-434-
2-0--
56276
+-469
-----
8-+-4
84-9+
---+8

Generation = 25, Population = 23.
-5452
3--64
6--8-
+4-7-
---7-
94-85
-53-+
733--

Generation = 26, Population = 18.
-6-6-
4--7-
--2--
-5--9
--4--
+-+--
86-9+
84-+8

Generation = 27, Population = 19.
---72
---84
6---6
+-47-
5-578
+4+-5
9-3--
-----

Generation = 28, Population = 24.
--4--
4-0-5
76287
----9
-468-
+-+86
+649+
8-3--

Generation = 29, Population = 25.
26572
54-86
--3-8
+--7+
-57-8
+-+--
+--+-
944-8

Generation = 30, Population = 17.
-7-8-
----7
-----
--48+
56-89
+4+-6
--4--
--5+-

Generation = 31, Population = 16.
2----
-4---
--38-
+-59-
----+
-5-87
+---+
-4-+8

Generation = 32, Population = 13.
-----
---8-
7---8
-----
5678+
---98
-6-+-
---+-

Generation = 33, Population = 16.
---8-
5-0--
-6---
-559-
6--9-
+--+-
+----
-45+8

Generation = 34, Population = 18.
2---2
-4---
-738-
----+
7---+
-5++8
+-4-+
-5--9

Generation = 35, Population = 19.
---8-
-5-87
7--9-
+55-+
--7--
+6+-9
--5+-
---++

Generation = 36, Population = 18.
-759-
---98
87-+8
---9-
-6-9-
+-++-
+---+
----+

Generation = 37, Population = 21.
28---
5--+-
98-+-
+-5--
--7-+
+6+--
+65-+
9--++

Generation = 38, Population = 25.
-959-
-50+8
+93+8
+56-+
-----
-7++-
+7-++
+--+-

Generation = 39, Population = 17.
2-6--
-6---
---+9
-6-9+
7--9+
-----
--5++
+-5+-

Generation = 40, Population = 14.
-9-9-
---+8
--3--
---++
--7--
+-+--
+7-++
-----

Generation = 41, Population = 25.
2--+-
-6--9
-9-+-
--6++
768-+
+7+-9
-85++
+5-++

Generation = 42, Population = 24.
--6--
-70+-
++3+9
+6-+-
-799-
--++-
+96++
+-5--

Generation = 43, Population = 17.
--7--
-----
--4-+
-7---
--+++
+7++-
---++
+56-+

Generation = 44, Population = 19.
-9-+-
----9
-----
+-6+-
77-++
+-++9
--6--
+-7++

Generation = 45, Population = 18.
2----
-7---
+-4++
+77--
88-+-
+7-+-
-9-+-
----+

Generation = 46, Population = 19.
-----
5--+9
+---+
+8-++
99+++
-8--9
-+-+-
-5---

Generation = 47, Population = 20.
2--+2
670+-
---+-
+-7-+
---++
---++
+----
+67+-

Generation = 48, Population = 16.
3---3
---+-
-+4+-
----+
9---+
+-+--
+-6-+
---++

Generation = 49, Population = 23.
-9---
67-+-
++---
+87-+
+9+++
--++-
+-7++
+--+-

Generation = 50, Population = 22.
-+7+-
-8--9
++-++
+--++
-+-+-
--+++
+---+
+6-+-

Generation = 51, Population = 19.
3--+-
---++
----+
+87+-
--+-+
+-++-
+-7++
-7---

Generation = 52, Population = 23.
-+7+-
6-0--
++4++
+-8++
-----
+-+-+
++-++
---++

Generation = 53, Population = 23.
-+8+3
7--++
+--+-
+8-+-
---+-
+8-++
-+7-+
+77--

Generation = 54, Population = 18.
-+-+-
8--+-
--4--
-9--+
--+--
+-+--
++-++
+8-++

Generation = 55, Population = 19.
---+3
---++
+---+
+-8+-
+-+++
+8+-+
+-7--
-----

Generation = 56, Population = 24.
--8--
8-0-+
++4++
----+
-+++-
+-+++
++8++
+-7--

Generation = 57, Population = 25.
3+9+3
98-++
--5-+
+--++
-++-+
+-+--
+--+-
+88-+

Generation = 58, Population = 17.
-+-+-
----+
-----
--8++
++-++
+8+-+
--8--
--9+-

Generation = 59, Population = 16.
3----
-8---
--5+-
+-9+-
----+
-9-++
+---+
-8-++

*** Life<FredkinCell> 9x10 ***

Generation = 0, Population = 59.
--00--0000
0---000000
00-0000000
0-00-0-000
-0-000--00
-0-00000--
--0-000--0
-00-0-0-00
000-000--0

Generation = 12, Population = 49.
2---1-1-63
4-3--212-3
94----441-
----4-21--
-5-6--1-05
33-3-2-5-5
035-1130--
03---4432-
38-43---05

*** Life<FredkinCell> 3x10 ***

Generation = 0, Population = 30.
0000000000
0000000000
0000000000

Generation = 8, Population = 6.
--2----2--
--1----1--
--2----2--

Generation = 16, Population = 6.
----33----
----66----
----33----

Generation = 24, Population = 12.
-75----57-
-37----73-
-75----57-

Generation = 32, Population = 6.
8--------8
9--------9
8--------8

Generation = 40, Population = 12.
-8-8--8-8-
-8-8--8-8-
-8-8--8-8-

Generation = 48, Population = 12.
---++++---
---9++9---
---++++---

Generation = 56, Population = 24.
++++--++++
++++--++++
++++--++++

Generation = 64, Population = 6.
-+------+-
-+------+-
-+------+-

Generation = 72, Population = 12.
+---++---+
+---++---+
+---++---+

Generation = 80, Population = 12.
--++--++--
--++--++--
--++--++--

Generation = 88, Population = 18.
+--++++--+
+--++++--+
+--++++--+

Generation = 96, Population = 12.
+-+----+-+
+-+----+-+
+-+----+-+

Generation = 104, Population = 18.
-+-++++-+-
-+-++++-+-
-+-++++-+-

Generation = 112, Population = 24.
-++++++++-
-++++++++-
-++++++++-

Generation = 120, Population = 18.
-+++--+++-
-+++--+++-
-+++--+++-

Generation = 128, Population = 6.
---+--+---
---+--+---
---+--+---

Generation = 136, Population = 12.
+--+--+--+
+--+--+--+
+--+--+--+

Generation = 144, Population = 12.
++------++
++------++
++------++

Generation = 152, Population = 24.
++-++++-++
++-++++-++
++-++++-++

Generation = 160, Population = 12.
--+-++-+--
--+-++-+--
--+-++-+--

Generation = 168, Population = 18.
-++-++-++-
-++-++-++-
-++-++-++-

Generation = 176, Population = 18.
+++----+++
+++----+++
+++----+++

Generation = 184, Population = 18.
++-+--+-++
++-+--+-++
++-+--+-++

*** Life<FredkinCell> 9x10 ***

Generation = 0, Population = 58.
-000--0-0-
---000-00-
0-00--0000
00-000-0-0
000-0000-0
0-0000-0-0
--00-0-0--
0-000-00-0
0-0000000-

Generation = 13, Population = 50.
-403--52-4
4--2---4-1
5--5--4-2-
---1-34--3
--433-56-2
9484774--3
6--423--7-
-34-25-326
21---2-514

Generation = 26, Population = 50.
-70----6-8
--6-757--7
+--867+4--
-4--6----+
--6----+65
+--58-76+-
-64856---2
-86-3-39-+
753+5+8756

Generation = 39, Population = 39.
++-7-+-+--
----88+98-
++8---++--
--6---+-8-
+----3+---
-5+7+---+-
-9----+-+6
++-+6+9-+-
+-----+---

Generation = 52, Population = 49.
--6+++---+
+--+--+--+
--++9++-++
---7-+-+--
+-+-96-+-+
+-+-++++-+
++++-+++--
-+++-++--+
---+-++--+

*** Life<FredkinCell> 9x6 ***

Generation = 0, Population = 41.
-000-0
-0000-
000000
0000-0
0000-0
0--0-0
00-000
000-00
000--0

Generation = 19, Population = 29.
+-2-2-
-723--
243-53
--6-6-
65---2
-36--1
5---56
--3+73
--1-4+

Generation = 38, Population = 21.
-5---4
--3---
98---7
9-++-+
-++--+
---+7-
9-9---
+4---8
-----+

Generation = 57, Population = 25.
----8+
-++-+-
+-++--
-+-++-
+---++
++---+
+7----
++-+--
-+-++-

Generation = 76, Population = 23.
+-+---
+++++-
+-+---
---+--
----++
-+-+--
--+--+
-+-++-
-+8++-

Generation = 95, Population = 28.
------
--+++-
+---++
++-+-+
+-+-++
+-++++
----++
++--++
+---++

Generation = 114, Population = 30.
+++-++
--+--+
++++--
----++
--+-+-
-+++--
-+-+++
+--+++
-++-++

Generation = 133, Population = 32.
+-++-+
+++-++
++--++
+---++
++++--
---+--
-+++--
+++-++
-+++--

Generation = 152, Population = 24.
-----+
+++--+
----++
+--++-
-+-+-+
--+--+
++-+++
--+-+-
+--+--

Generation = 171, Population = 26.
+-+-+-
+-+---
---++-
+-+++-
---++-
+--+++
++--+-
-+++--
-++-+-

Generation = 190, Population = 29.
--+---
-++++-
++-+++
---+-+
+-++-+
+-++++
-+---+
+--+-+
-+-++-

*** Life<FredkinCell> 4x6 ***

Generation = 0, Population = 23.
00000-
000000
000000
000000

Generation = 1, Population = 10.
-111--
1-----
1----1
-1111-

Generation = 2, Population = 12.
-2-20-
2-00-0
2-00--
-2--2-

Generation = 3, Population = 10.
--1-1-
30-10-
30---1
-----0

Generation = 4, Population = 13.
0--220
--02--
--00-2
02--21

Generation = 5, Population = 11.
-2---1
30-3--
3---03
13--3-

Generation = 6, Population = 10.
-3122-
------
-0---4
-4114-

Generation = 7, Population = 13.
04--31
--0300
31-0--
1---5-

Generation = 8, Population = 13.
15----
-0141-
-20104
2----1

Generation = 9, Population = 12.
2--23-
-125--
--121-
--11-2

Generation = 10, Population = 10.
----41
-2361-
--2-2-
-4--5-

Generation = 11, Population = 15.
-51--2
334-2-
-232-4
2--162

Generation = 12, Population = 8.
---2--
4-56-0
3-4--5
------

Generation = 13, Population = 13.
2--342
5----1
4-5-26
2-1--2

Generation = 14, Population = 15.
3514--
-3562-
--6-37
3-21-3

Generation = 15, Population = 8.
462---
---7--
4-----
---264

Generation = 16, Population = 11.
5-3---
-3--2-
-2--37
3-23-5

Generation = 17, Population = 12.
-6-44-
-4-73-
-3----
-43466

Generation = 18, Population = 9.
57---2
5----1
4----7
3----7

Generation = 19, Population = 11.
-83-43
----3-
-3--3-
44--68

Generation = 20, Population = 13.
594--4
--57--
-462--
5-34-9

Generation = 21, Population = 12.
6---4-
546-31
-5-337
-4----

Generation = 22, Population = 17.
7-445-
-5774-
--644-
553469

Generation = 23, Population = 15.
-9-5-4
-6--51
457-5-
6-457+

Generation = 24, Population = 11.
7+--55
------
-6-4-7
75--8+

Generation = 25, Population = 15.
8+4566
5--75-
-7--58
8-4-9-

Generation = 26, Population = 12.
---677
66--61
4---69
-5--+-

Generation = 27, Population = 16.
8+478-
-77-72
57-47-
--45+-

Generation = 28, Population = 13.
9+5---
68--83
6---8-
8-56-+

Generation = 29, Population = 15.
-+6787
7--7-4
--7-99
9-67+-

Generation = 30, Population = 6.
-+-8--
--78--
-78---
------

Generation = 31, Population = 10.
9-698-
-8--8-
68----
-56---

Generation = 32, Population = 12.
-+7--7
79--94
79--9-
--77--

Generation = 33, Population = 9.
--89-8
-+-8--
----+-
9-88--

Generation = 34, Population = 12.
--9---
7-79-4
7984-9
--99--

Generation = 35, Population = 13.
9++--8
8+8--5
---5-+
9---++

Generation = 36, Population = 10.
-+-989
-+--9-
-9--+-
-5--+-

Generation = 37, Population = 17.
9+-+9+
8-8---
7-85-+
9699++

Generation = 38, Population = 14.
-+++-+
-+999-
-99-++
--++--

Generation = 39, Population = 12.
9-+-9-
8+-+-5
7-+--+
---+-+

Generation = 40, Population = 13.
++-+--
9+--96
89-5+-
9----+

Generation = 41, Population = 11.
-----+
++9+-7
9--6-+
+--+--

Generation = 42, Population = 13.
++++9+
------
-----+
+6++++

Generation = 43, Population = 13.
+----+
++9+9-
99+6-+
+-----

Generation = 44, Population = 17.
+-++--
+++++7
+++-+-
+-++-+

Generation = 45, Population = 17.
++---+
++-++8
+++-++
+6-++-

Generation = 46, Population = 14.
--++-+
+++++9
+-+-+-
--++--

Generation = 47, Population = 11.
+---9+
---++-
++--+-
+6-+--

Generation = 48, Population = 10.
-+---+
-++++-
--+6++
------

Generation = 49, Population = 14.
++-+--
+-++-9
---7++
--++++

*** Life<FredkinCell> 3x2 ***

Generation = 0, Population = 6.
00
00
00

Generation = 19, Population = 2.
--
++
--

*** Life<FredkinCell> 9x2 ***

Generation = 0, Population = 18.
00
00
00
00
00
00
00
00
00

Generation = 7, Population = 14.
--
44
33
44
77
44
33
44
--

Generation = 14, Population = 14.
44
--
66
88
++
88
66
--
44

Generation = 21, Population = 10.
77
--
--
++
++
++
--
--
77

Generation = 28, Population = 14.
++
++
++
--
++
--
++
++
++

Generation = 35, Population = 6.
--
++
--
--
++
--
--
++
--

Generation = 42, Population = 18.
++
++
++
++
++
++
++
++
++

Generation = 49, Population = 14.
--
++
++
++
++
++
++
++
--

Generation = 56, Population = 14.
++
--
++
++
++
++
++
--
++

Generation = 63, Population = 10.
++
--
--
++
++
++
--
--
++
