*** Life<FredkinCell> 24x13 ***

Generation = 0, Population = 40.
-00-0-----0--
0------00----
--0-00-------
0-00--0------
0---000------
--00---00----
0---0--0-----
---0-------00
----0-----0--
---------00-0
-------0--0-0
------0-0----
----------0-0
-------------
-------------
-------------
-------------
-------------
-------------
-------------
-------------
-------------
-------------
-------------

Generation = 4, Population = 90.
222--32-1---0
1----------11
0-1---01002--
4--20-10--100
2-0-4---301--
---23-1-1120-
0--1-1-20-001
0-32------01-
----01--2-4--
--00-003--2-4
0--00-100-202
--012-----01-
----1-1-3---2
---------11-0
-------0--0-0
------0-0----
----------0-0
-------------
-------------
-------------
-------------
-------------
-------------
-------------

Generation = 8, Population = 99.
3---07-133--1
1-20--02-5-52
121--405-----
--0-1-2---202
31--443-5-3-1
---23--13----
-1--0-3-0-102
----1-13---1-
-13-4---4-6-1
032-2-25-4---
-----23-2--1-
3-23--1---1-1
2-1--1--4----
--02---32----
0---2--0-----
---1-------12
----1-----0--
---------11-0
-------0--0-0
------0-0----
----------0-0
-------------
-------------
-------------

Generation = 12, Population = 123.
76-149-254-0-
--31-1---7-72
-2-35--6-----
--1-3-3-----2
-21---40--5--
03-----35----
----237-2----
--5-3--40-12-
--5--21-----3
-440--2-2-30-
2-0-1-5-23---
5--5--3-4----
6-----2-80---
-324------12-
0-114122--3-1
0-13-------23
--2--12---4--
--00-003--3-4
0--00-100-202
--012-----01-
----1-1-3---2
---------11-0
-------0--0-0
------0-0----

*** Life<FredkinCell> 29x12 ***

Generation = 0, Population = 16.
-------0----
-----0---0--
------------
-0----0-----
----------0-
-0-------0--
------------
------------
0-0-------0-
-0----0----0
------------
-0--0-------
------------
------------
------------
------------
------------
------------
------------
------------
------------
------------
------------
------------
------------
------------
------------
------------
------------

*** Life<FredkinCell> 4x11 ***

Generation = 0, Population = 13.
-000-------
0000-------
0-00-------
00-0-------

Generation = 5, Population = 21.
---32-2-0--
120--3-10--
0-12---10--
---523010--

Generation = 10, Population = 24.
-216-----01
1-02551-34-
-32-51---13
--0-351-1--

*** Life<FredkinCell> 8x36 ***

Generation = 0, Population = 20.
---0-0------------------------------
---0-0------------------------------
--0----0----------------------------
00-00--0----------------------------
-0--0-0-----------------------------
--00-0------------------------------
--0---0-----------------------------
0-----------------------------------

Generation = 1, Population = 35.
--01-10-----------------------------
---1-100----------------------------
0--000010---------------------------
1-01-0-10---------------------------
-1-010------------------------------
---10-0-----------------------------
001----0----------------------------
-00---0-----------------------------

Generation = 2, Population = 30.
-01---------------------------------
0---02------------------------------
10-1--1--0--------------------------
2012--0--0--------------------------
--012--00---------------------------
0----0------------------------------
11--0-0-0---------------------------
---0-0------------------------------

Generation = 3, Population = 43.
-12101------------------------------
100-13---0--------------------------
2-02--21010-------------------------
-123-01--10-------------------------
---23--11---------------------------
1-010--0----------------------------
-21------0--------------------------
000-0---0---------------------------

Generation = 4, Population = 40.
--3-1-0--0--------------------------
-11----0-1--------------------------
3-1--0-----0------------------------
-23401-10--0------------------------
0103----2-0-------------------------
-0-2-001-0--------------------------
1-2----0--0-------------------------
11---0-0----------------------------

Generation = 5, Population = 46.
--4-----010-------------------------
-22113---200------------------------
-----12-01010-----------------------
2--5---2-1-10-----------------------
1-14--0130--------------------------
11-3-1--0-0-------------------------
2-------0--0------------------------
-2--0--10-0-------------------------

Generation = 6, Population = 55.
--5-11-012--------------------------
133-----03--------------------------
301---311-1--0----------------------
32-60113--0--0----------------------
-1253-124--00-----------------------
2204-----0--------------------------
32-000---00-0-----------------------
--00-002----------------------------

Generation = 7, Population = 62.
0-6-22-12-0-------------------------
-44113001----0----------------------
4---0--2-121010---------------------
-3--1--4011--10---------------------
123--0-35--11-----------------------
--150101-1-0------------------------
---1---00-1--0----------------------
1-1-0--3000-0-----------------------

Generation = 8, Population = 55.
-171--0----0-0----------------------
155--4-----0-1----------------------
-01-------3----0--------------------
34-62-1512-10--0--------------------
23--3114-0--2-0---------------------
2--6-2-2--01-0----------------------
3-2200-1--2---0---------------------
---0-00-1---------------------------

Generation = 9, Population = 71.
--822--1--01-10---------------------
2-6-1------1-200--------------------
41--01321--101010-------------------
-537-1-6--12-1-10-------------------
3-35-22551-130----------------------
---7--0-0--20-0---------------------
4-3--102-03----0--------------------
1--10-13-00---0---------------------

Generation = 10, Population = 63.
01---20-221-------------------------
3571--0-1---03----------------------
--1--2-321-2--1--0------------------
3-4-2---1-23--0--0------------------
-3-6--3662024--00-------------------
--1802--11---0----------------------
5--2-2--0---0-0-0-------------------
22-210-----0-0----------------------

Generation = 11, Population = 65.
---223----2101----------------------
-6821410-30-14---0------------------
------34-233--21010-----------------
-557--16---4-11--10-----------------
---73-4--3135--11-------------------
2-2-----2--20--0--------------------
6-----021--------0------------------
-3----1-1-0-0---0-------------------

Generation = 12, Population = 63.
-1--3--1----1-0--0------------------
37-3252---1----0-1------------------
----0-45--4--1-----0----------------
36---12-1-2-02-10--0----------------
333-4-5--4------2-0-----------------
3---0---3----001-0------------------
7-3--2--2030---0--0-----------------
--1--0232----0-0--------------------

Generation = 13, Population = 88.
-28-4---2-21----010-----------------
4--4---0-32114---200----------------
----1-56-2-3-22-01010---------------
----2236-23-1--2-1-10---------------
444-52666---5-0130------------------
---81-02410201--0-0-----------------
8-42-3--3--10---0--0----------------
23221-----000--10-0-----------------

*** Life<FredkinCell> 33x5 ***

Generation = 0, Population = 14.
0-0-0
0-00-
--0-0
-00-0
00-0-
-----
-----
-----
-----
-----
-----
-----
-----
-----
-----
-----
-----
-----
-----
-----
-----
-----
-----
-----
-----
-----
-----
-----
-----
-----
-----
-----
-----

Generation = 1, Population = 17.
1-10-
1-110
0--01
---01
1-0--
00-0-
-----
-----
-----
-----
-----
-----
-----
-----
-----
-----
-----
-----
-----
-----
-----
-----
-----
-----
-----
-----
-----
-----
-----
-----
-----
-----
-----

Generation = 2, Population = 15.
2----
-----
10-12
-----
20-00
-10-0
00-0-
-----
-----
-----
-----
-----
-----
-----
-----
-----
-----
-----
-----
-----
-----
-----
-----
-----
-----
-----
-----
-----
-----
-----
-----
-----
-----

*** Life<FredkinCell> 6x30 ***

Generation = 0, Population = 24.
0-0000------------------------
-0-000------------------------
000-00------------------------
0-0-0-------------------------
0-0-00------------------------
00--0-------------------------

Generation = 3, Population = 35.
00-1-12-0---------------------
230-13-10---------------------
-10-3-2-0---------------------
1--11210----------------------
12311--10---------------------
-31-1-1-----------------------

Generation = 6, Population = 45.
---221--3010------------------
3-0----21210------------------
2-03415-3-10------------------
--022-20010-------------------
-36--231-210------------------
0--1212---0-------------------

Generation = 9, Population = 46.
21-5--6--1412-0---------------
43-31-1-15---10---------------
3--------1-02-0---------------
42---35--2---0----------------
14--42---22-210---------------
0424--3--1-01-----------------

Generation = 12, Population = 57.
---6--9-324-3-3010------------
--1-4-4----2---210------------
4-368-6-3--1--3-10------------
721423-12-2---2-0-------------
25---2-1-5533-1-10------------
0-2----234-12---0-------------

*** Life<FredkinCell> 17x19 ***

Generation = 0, Population = 2.
-------------------
-------------------
-------------------
---------------0---
-------------------
-------------------
-------------------
--------------0----
-------------------
-------------------
-------------------
-------------------
-------------------
-------------------
-------------------
-------------------
-------------------

Generation = 3, Population = 32.
---------------0---
--------------0-0--
-------------0-0-0-
------------0-0-0-0
-------------000-0-
-------------0110--
------------0-000--
-----------0-0-0-0-
------------0-0-0--
-------------0-0---
--------------0----
-------------------
-------------------
-------------------
-------------------
-------------------
-------------------

Generation = 6, Population = 24.
-------------------
-----------0--0----
-------------------
---------0--11--0--
-------------------
----------00--11--0
-------------------
--------0---00--110
-------------------
----------0---00--0
-------------------
------------0---0--
-------------------
--------------0----
-------------------
-------------------
-------------------

Generation = 9, Population = 20.
-------------------
-------------------
-------0-----------
------0-0----------
-------0-----------
-------------------
------0---------0--
-----0-0-------1-1-
------0---------0--
-------------------
---------------0---
--------------0-0--
---------------0---
-------------------
--------------0----
-------------0-0---
--------------0----

Generation = 12, Population = 18.
-------------------
-------------------
-------------------
---0--1----0----0--
-------------------
-------------------
-------------------
--0----1--0-1--2--1
-------------------
-------------------
-------------------
------0----0--1-1--
-------------------
-------------------
-------------------
----------0---01--0
-------------------

Generation = 15, Population = 176.
---0--0----0----0--
--0-00-0--0-0--0-0-
-0-0000-00-0-00-0-0
0-002210110-2320-0-
-0000000000000000--
-0110022002-10231--
0-00000000-0-000-0-
-0-011012-1-2-2-5-2
0-0-000000-0-0-0-0-
-0-0-011001-1-2-2--
--0-0-000000-0-0---
---0-0-011002-2----
----0-0-00000000---
-----0-0-0110-121--
------0-0-00-0-000-
-------0-0--0-1-021
--------0----0---00

Generation = 18, Population = 23.
-------------------
-------0-----------
-------------------
-----2---1---------
-------------------
0------20-----2----
-------------------
0-0---0---1-2---5--
-------------------
0-------0------2---
-------------------
------------22--20-
-------------------
--------------1----
-------------------
-------------1---2-
-------------------

Generation = 21, Population = 74.
-------------------
-------------------
0--0----0--0--0----
-00-2--1-10-23-0---
0--0----0--0--0----
-------------------
--0----0--0-0-00--0
-0-0--0-31----4452-
--0----0--0-0-00--0
-------------------
0-------0-00--00--0
-0-----0--12336431-
0-------0-00--00--0
-------------------
-----------0--0----
----------0-01-2---
-----------0--0----

Generation = 24, Population = 10.
-------------------
-------------------
-------------------
-------2------3----
-------------------
-------------------
-------------------
0-------6------5---
-------------------
-------------------
-------------------
------0---------4--
-------------------
-------------------
-------------------
0------01----------
-------------------

*** Life<FredkinCell> 21x22 ***

Generation = 0, Population = 27.
---0---0--------------
-----0--------0-------
----------------------
-0--------------------
----------------------
-0--------------------
----------------------
--------0--0----------
-0---0-----------0----
---------------0------
---------0------------
----0-----------------
---0------------0-----
-0-----------------0--
-0----0------0--------
-----------------0----
----------------------
--------------------0-
0-----0---------------
-0----------0---------
----------------------

Generation = 1, Population = 95.
--0-000-0-----0-------
---00-00-----0-0------
-0---0--------0-------
0-0-------------------
----------------------
0-0-------------------
-0------0--0----------
-0---0-0-00-0----0----
0-0-0-0-0--0---00-0---
-0---0---0----0-00----
----0---0-0----0------
-----0---0------0-----
-00------------0-0-0--
0100--0------0--0-0-0-
010--0-0----0-0--0-0--
-0----0------0--0-0---
-----------------0--0-
0-----0------------0-0
-----0-0----0-------0-
--0---0----0-0--------
-0----------0---------

Generation = 2, Population = 83.
-0-0---0-0------------
-0-1---1----0---0-----
---0---0--------------
-0-0-0--------0-------
----------------------
-0-0----0--0----------
-1---0-----------0----
-1----0--11--0-0------
-------0-0-----1---0--
----0---0--0-0---1----
-0-0-0-0---0----00----
-00---0--------0---0--
-----00--0---00---0---
---10----------------0
----0---0--0---00-----
-1-------------0----0-
00-----------0--------
-0----------0----00---
0-0-0---0-------------
---0------0---0-----0-
0-----0---------------

Generation = 3, Population = 200.
01-10-01--0-0---0-----
01--0-0-00-0-0-0-0----
--0-00010---0-0-0-----
0--1--00-----0-0------
-----0--0--0--0-------
01--00-0-00-0----0----
0-000---0000-0-00-0---
020-----0-200--100-0--
-0--0---01-0--02000-0-
-0-----0--01--00-200--
010-0-0---0100--1-00--
0-1--01--0-0-0---0--0-
-000-1-00-0-011--0---0
--02--0-00-0-0000-0-0-
-1--10-0-00-0-0-10--00
-20-0---0--0-001---0-0
110-----------00-00-0-
01--0---0--0----0110--
-0-0-0-0-00-0-0--00-0-
------0-00-0-0-0---0-0
-0-0-0-0--0---0-----0-

Generation = 4, Population = 80.
---2---2---0----------
-----0---10---0---0---
---0---2--------------
-0---0--0--0----------
-0-0-1-0---------0----
-2------------00------
---------1------------
-3-----0----1--2------
---0-0---2---0--1----0
-----------2----------
-2---01---------------
1----------1-----1----
-1---2-1----1----1--0-
-1---0--------------10
020--10---1------1----
-3--1-------01-------1
---0------------0-----
-2--------------1--10-
-1--0-0---1--0--------
-----0--1---0---00----
0-----0---------------

Generation = 5, Population = 197.
--0-000-00--0-0---0---
----0-0-021--0-0-0-0--
-00-0-0--000--0---0---
010-0100-00-0----0----
0----2-----0--000-0---
0300-0-0-0---01100----
-------00-0-0-0-------
0-00-00-0--0--0------0
-00---000-00--0--0--0-
-0-0--0--00-00--0----0
--0-0120---------0----
-0----10--0-----020-0-
-20-03--0----1--02001-
----0--0--0-0------0-1
1-10--10-0-000--1-0-0-
-4----0---00120-00--0-
--0---------00-010-000
03000-0---0--0-0211210
0200-0-000-0--0--0-00-
00----00-000---0110---
-0-----00---0---00----

Generation = 6, Population = 160.
-1---------0-0--------
-1-1-0--------------0-
-----0---1-1-----0----
-2---211-----0-0--0---
-0-0-----------1---0--
---1-1-10--0-1-211----
-1-------1-0-0--00---0
-3-1-1---121-0-2-0----
---0--1--2----12--00-0
01-----0-1-211-0-2----
-2-01---00--00--11--00
111--0---0-1-0-0---010
0-1--4-1-0----10-311--
01--1--1---010---001--
-221-1---------021-01-
--00-01---11--111-----
111-0--------10--10---
-4-110--0----10-3-----
1-1-0------10--00-----
-1-0--11-------12-1-0-
-10-----1-0--0--------

Generation = 7, Population = 234.
0202-0----0---0-----0-
02---10--2---0---0-0-0
---00--20---00-00---0-
03010--200-00--10-----
01-10-0-0--0--0--0--0-
--02---21-01-2--2-00-0
020----0-20---00-10-0-
04-2----02---10301-0--
0-010---0---00231011--
1-0-0---0--32-0103-00-
0-012---1101-1002-0---
-2---110----0101----2-
--20-5-2-10-112---22-0
--0--0020001-1---112--
--3-12-0--1-00--3-0-20
041-1-20-0221--2-0000-
22--100-0-000-1-1210--
05-2-100-0-0---04-1---
----1-000-121---100-0-
-2---022--00000------0
0-1---0----00-000-0-0-

Generation = 8, Population = 88.
-3-3-1-----0---0-0----
------1------1-0------
---------1------------
-4--12---1------------
---2------------0-----
-3-------0----1----1--
-3-0--01-----0--------
1--3------------12-1--
-0-2-0-0-----1-----2--
-----0-0------1-----10
12----2----------1----
--1-------------------
---1----0--0--------1-
-1---1---1-2-----2----
1--------0----0------1
-5------01-32------1--
33---11----------3----
------------0--15---1-
1-----1-10----0-------
-----1---0-------1--0-
-1-0--1------0--1-----

Generation = 9, Population = 202.
0---------0-0001--0---
-2-1---1-2-00--100----
-0--000-020--0-0------
0-0-231-020-----0-----
--0--2--------01-0-0--
040---021-0----22-0-0-
-4-1001202--0---01----
-40-010--------323-20-
---3-1-10---0---1013-0
1--001010------1-3--21
23------------0-2-0-00
1-----1-0--1-----2--2-
-2--05-2--011----3-2-0
--021-0--2-31-0-0-1-11
-2---2----1-00-0-1-02-
061--0201--4321--00-01
4-1-122000-0---0--100-
-5---1--00-0-1-26--2-0
-2------2-1-10--10----
02-00-2--10--00---10-0
0---0--0-0--0-00----0-

*** Life<FredkinCell> 30x35 ***

Generation = 0, Population = 33.
------------------------0----------
------------------------0---0------
-----------------------------------
--------0--------------------------
---0---00--------------------------
0--------0-------------------------
----------------------0--0---------
---------0-------------------------
-----0-----------------------------
-------0---------------------------
-------------------0---------------
-----------------------------------
--------------0--------------------
------0----------0-----------------
----0--------------------0---------
--------------0---0----------------
--------------------0--------------
-0---------------------------------
-------------------------0--0------
-----------------------------------
----------------0------------------
-----------------------------------
-----------------------------------
----0------------------------------
-----------------------------------
-0------0------------------0-------
-----------------------------------
-----0-----------------------------
-----------------------------------
-----------0-----------------------

Generation = 2, Population = 116.
----------------------0-2-0--------
--------0-------------0-------0----
---0---01---------------1----------
0-----0--10-------------0---0------
-0----1--00-----------0--0---------
0-0----100-0-----------------------
---0-0-00-----------0--11--0-------
0--------0-0-----------------------
---0---1-----------0--0--0---------
-----1-----------------------------
-----0--------0--0---0-------------
------00---------0-----------------
----0-------0---0--0-----0---------
----1---0-----10--10---------------
--0---1-------1-----0--0---0-------
-0----0-----0----1--1--------------
----0-------------1---0-----0------
---0----------0---0----------------
----------------0---0--0--11--0----
-0---------------------------------
--------------0---0------0--0------
----0------------------------------
----------------0------------------
-00---0-0------------------0-------
-----------------------------------
---0000---0--------------0---0-----
-----------------------------------
-0-0---00--0---------------0-------
-----------------------------------
-----0---0-0-0---------------------

Generation = 4, Population = 118.
---0---01-----------0-------0------
0--------1----------0-----------0--
----------------------1-31---------
----0----1--0----------------------
---001-1---00-----------0----------
--0-01-1-----0----------1---0------
------------------01-1----1--0-----
-----1--0----0---------------------
-0-0---111----0--------------------
0--1--1--0-0-----1-----------------
----1----------1------10-----------
---------0----1---1----------------
-----1----0-------0-1--------------
-01----1--0--1-------0-------------
0-------1----------0-1---0--10-----
----------0---1---0---1------------
--------------1---------0----------
-0---00----------1-----------------
----0----------------1--11---1--0--
----0---------1---1----------------
------------0----------------------
--------0------------------0-------
-------------------------0--0------
1----1--0--------------------------
----------------0------------------
-0--00-----10----------0-------0---
-----------------------------------
-0--1----1-0-----------------------
-----------------------------------
-0---0-01------0-----------0-------

*** Life<FredkinCell> 21x10 ***

Generation = 0, Population = 33.
------0--0
0-00-0--00
--0--0--0-
-0--0--00-
00----0-00
-------00-
-00-------
0------00-
--0----0--
0-0--0---0
----------
----------
----------
----------
----------
----------
----------
----------
----------
----------
----------

Generation = 2, Population = 65.
--1-0001--
--02-20100
-0-00-100-
0------2--
20101100-2
10--000--0
-2210-0000
------102-
012-01---1
0-211--110
--1----0--
0-0--0---0
----------
----------
----------
----------
----------
----------
----------
----------
----------

Generation = 4, Population = 61.
01----21-2
-0-2--012-
0-2-2---0-
-2-001-211
-21---2-14
----2----0
022---2-2-
-0010--2-1
-1-1----1-
214-101-10
-11-------
0------11-
--1----0--
0-0--0---0
----------
----------
----------
----------
----------
----------
----------

Generation = 6, Population = 82.
21-1-22--2
-----303--
0-2-4--10-
--022-1411
42-02--116
-----21112
--------21
---321-22-
01-3-3--3-
41423-----
111-1--20-
001-00--31
013-01---1
0-211--110
--1----0--
0-0--0---0
----------
----------
----------
----------
----------

Generation = 8, Population = 70.
4--1--21--
--1--32---
------2300
130----4-1
-4302----8
--012---14
----103---
1---211-4-
----051--3
6-6-3022-1
--3--0--0-
-0--2--13-
23----1-11
-------11-
-11-------
0------11-
--1----0--
0-0--0---0
----------
----------
----------

Generation = 10, Population = 100.
-3212-----
-212----32
113--1--00
--0---2621
5432--2-1-
1-----2-3-
-3--32-23-
----413---
---4-----5
61-3---42-
-1-1-2042-
1--12-0-5-
43502211-3
20--100--0
-3310-0100
------113-
013-01---1
0-211--110
--1----0--
0-0--0---0
----------

Generation = 12, Population = 112.
-34---2-13
041205--3-
3-5-----22
-503-2-621
54-4332318
3----343-5
13---2343-
-21-4---5-
-2-61632-5
-17--13-22
3-4--4--41
32-3--02-1
-55-241-35
---2--2310
033---2-2-
-0110--3-1
-1-1----1-
214-101-10
-11-------
0------11-
--1----0--

Generation = 14, Population = 104.
-3-2---215
--120---33
5--1-12--2
3-23---623
5-5-33433+
3-0----537
--2-3256-1
-4-46--47-
----3--447
--733--5--
----2-2543
3---21--6-
557--43-3-
314----31-
----11--41
-----11---
01-3-3--3-
41423-----
111-1--20-
-0--0---3-
11--00-2-0

Generation = 16, Population = 80.
5--4-2--3-
-5-226--3-
------4-42
3523--3---
5-5-53-33-
51---457-9
---2----3-
243-8---7-
-------66-
--935335-3
52----4-65
-2--2--36-
--7--4--3-
3-43-1--30
------3--3
----------
------0--3
---4----1-
-----1-40-
10--0-----
3-2---0-10

*** Life<FredkinCell> 21x10 ***

Generation = 0, Population = 20.
0---0-----
0-0------0
----0----0
----------
0-0-------
-0--------
0-0-------
0-------0-
0----0-0--
0---0----0
----------
----------
----------
----------
----------
----------
----------
----------
----------
----------
----------

Generation = 3, Population = 62.
--0-00--02
-0--1001--
00-01-1---
--200-000-
--00-----1
200--0----
100--10--0
02201--002
-0--0--10-
1--0-01---
20----01--
10-0---00-
0---0----0
----------
----------
----------
----------
----------
----------
----------
----------

Generation = 6, Population = 74.
1-0-111---
1-0-231---
3-002-2-0-
1------1-2
--310-0---
----2-11--
-1-1111-01
----2-111-
01-2-0---1
4-0-03-3-1
-121-1-2--
21---10011
---0-0-0-1
------0110
1----0-0--
0---0----0
----------
----------
----------
----------
----------

Generation = 9, Population = 82.
2--01422-3
2-023-42-4
-1-12-301-
20-0--0--2
1-4-----13
3--02-2--0
-11-1-4-12
---050-1-2
1-0-------
----1-2--4
31---10-01
3-0-0----1
-0-0------
1-0-------
40-0----0-
-00--0---0
-0-------0
10-0---00-
0---0----0
----------
----------

Generation = 12, Population = 81.
3-1---5--6
--13--5--7
340-------
3---1-1-4-
104--0-1--
4-3-2-3-21
42-31----3
3---------
--02-40-02
7-1-26----
3-3--212--
----0-0---
211-----0-
---0011---
5-1---1--1
--3-----2-
11-01-----
200-01-11-
3-0-------
2-------1-
1----0-0--

Generation = 15, Population = 99.
3-403--44-
4-2--6-62+
3--3416--5
-0----1--4
--441-2224
------4-3-
5-3--35-34
6-71--4134
--13------
--1-----2-
6-622245-3
6-0----03-
3-4-13--0-
3-0--21-1-
---1--2-0-
------0-32
---3-10--2
5-1-14-4-2
--32--0--0
-2-012-12-
--0--000--

Generation = 18, Population = 97.
4--0-5--5-
4256-9-63-
-5-6-4-23-
4-3--22154
3--54-33--
-35-6-553-
63-5-4----
-4--6242-4
---42-----
-11--745--
94--3-55--
-111121--3
----2-01-5
--1-0--2-2
------2--2
2---2----2
1----201-2
--2-2-1-2-
---3030---
4---2-0---
4---00-0-0

Generation = 21, Population = 103.
5-535-+46-
5----+-66-
48-75-6366
------3-85
-1---06636
5-639-5643
7------2-4
-5--6-5---
-5-73----3
+1---+55-7
-5-----65-
-12-222---
-3--2511-6
531332-51-
8--1----23
-25--0---2
--23--122-
71-----43-
42-6--14--
-21-----30
5-0-0-----

*** Life<FredkinCell> 10x32 ***

Generation = 0, Population = 9.
---0----------------------------
0-------------------------------
--------------------------------
--0-----------------------------
------00------------------------
--------------------------------
------0-------------------------
-----0--------------------------
----0---------------------------
----0---------------------------

*** Life<FredkinCell> 1x26 ***

Generation = 0, Population = 1.
0-------------------------

Generation = 2, Population = 2.
0-0-----------------------

Generation = 4, Population = 2.
--0-0---------------------

Generation = 6, Population = 4.
0-0-0-0-------------------

Generation = 8, Population = 2.
------0-0-----------------

Generation = 10, Population = 4.
----0-0-0-0---------------

Generation = 12, Population = 4.
--0-0-----0-0-------------

Generation = 14, Population = 8.
0-0-0-0-0-0-0-0-----------

Generation = 16, Population = 2.
--------------0-0---------

Generation = 18, Population = 4.
------------0-0-0-0-------

Generation = 20, Population = 4.
----------0-0-----0-0-----

Generation = 22, Population = 8.
--------0-0-0-0-0-0-0-0---

*** Life<FredkinCell> 10x21 ***

Generation = 0, Population = 16.
-0-0--0--0-----------
0---0----------------
---------------------
--0---0--------------
-------0-------------
-0-------0-----------
--0---0-0------------
---------------------
-0-------------------
-0-------------------

Generation = 2, Population = 41.
----010110-0---------
0-0------------------
-0-0--10-0-----------
-1--0---00-----------
--1--00-11-----------
--00--11---0---------
00----000-0----------
---------0-----------
--10--0-0------------
-2-0-----------------

Generation = 4, Population = 36.
-01-------0--0-------
-10-----10-----------
-210----12-----------
1-0---0---1----------
------0--1-1---------
1---1--------0-------
2-0-0-0---0-0--------
-11---0--------------
-----1-0-------------
-----0---0-----------

Generation = 6, Population = 72.
1---1----10110-0-----
--200--1---0---------
0-1210-2-2---0-------
13--0---12--00-------
00-0--21--1111-------
-1----2---11---0-----
-----0-2-1000-0------
---110--00---0-------
0-301310-10-0--------
-201-21--0-0---------

Generation = 8, Population = 53.
1-20-20-23-3--0--0---
--2---1-20--0--------
-------4-------------
331-2-2---1---1------
-2-------------1-----
23--20---0-------0---
-2111---212---0-0----
-2-------2-----------
-2-0-332-------------
0-2-121--2-----------

Generation = 10, Population = 90.
10-----1--0-120110-0-
-34-1--32-11---------
2313--3-1--0--10-0---
553020--2---0---00---
-22-0--2122--10-11---
--0-2----222--11---0-
341-1-1-4-42--000-0--
-211--21---0-----0---
--40---4--1---0-0----
042234--1--0---------

Generation = 12, Population = 67.
3----313-4--3-----0--
-5--------1--1--10---
23-3213---0-----12---
----42--22----1---1--
0-4--1-434----0--1-1-
--0--2---2--1--------
-6--3---4-4--10---0-0
-----2---31--00------
--6---4--311---0-----
24----2-130--0---0---

*** Life<FredkinCell> 11x14 ***

Generation = 0, Population = 29.
00---0---0----
00--0--0------
--00----------
---0---00-----
--0-------0---
-00---0-------
-0------------
0-------0-----
0-----0--0----
---0-0--00----
-------0------

Generation = 2, Population = 62.
-0-0-0---0-0--
0----01011----
--2-0----00---
001-1--2-11---
00200---1---0-
-------10-----
0-00--1--00---
20-0-0--000---
210-0---1--0--
10-0-00-2-10--
0----110------

Generation = 4, Population = 65.
--000----20--0
-0-1-0101--1--
-----010-2----
0--21--22--11-
02---10-------
--001-03001---
-220-0-0------
--02---10---0-
--2-01-1-----0
--101-014---10
20-1--3--0-1--

Generation = 6, Population = 68.
00-2----0-2-1-
10-3--3---0111
113---3-0-10-0
2-3-31---123-1
04-01-0121----
-1--3--5-03-0-
--2---2--1---0
30--0-1---0-00
---00--------2
30-2---3-0-030
------5-0-----

Generation = 8, Population = 50.
00---1--0--1-0
-2-5--------31
--302--1---2--
2------34--323
---23--3------
-3-1---71-5---
-4----4--3----
------3-----2-
-1---31-12-2--
--141-03----30
---3------0--1

Generation = 10, Population = 76.
-0-4211-0441-2
24-7-1-23-1-5-
--52-1530--4--
2-5--2156-4325
---25--3---1--
15-3---7-25100
-6---16--3----
-11---3-----22
-1-10---3--2--
413-----513150
---5--6--10-0-

Generation = 12, Population = 60.
-----3-1----32
-4---1---332-1
2--2-3---3----
--74--3561--27
---2--1323-1-0
--05-1-----30-
-6--1--0---1--
5-3----3--00-4
--2------3--12
-3-63--553---2
-----26201----

Generation = 14, Population = 76.
1----5----625-
--18--53-----3
225---6-13--1-
3-96--378-6-4-
0--2-21-4303--
-5--51083--521
-----2-21--102
-3-----5-1---6
41---4214503-4
63-8-----5-2--
--060--4-11113

*** Life<FredkinCell> 22x2 ***

Generation = 0, Population = 4.
00
00
--
--
--
--
--
--
--
--
--
--
--
--
--
--
--
--
--
--
--
--

Generation = 1, Population = 2.
--
--
00
--
--
--
--
--
--
--
--
--
--
--
--
--
--
--
--
--
--
--

Generation = 2, Population = 6.
--
00
11
00
--
--
--
--
--
--
--
--
--
--
--
--
--
--
--
--
--
--

Generation = 3, Population = 6.
00
--
22
--
00
--
--
--
--
--
--
--
--
--
--
--
--
--
--
--
--
--

Generation = 4, Population = 8.
11
--
33
--
11
00
--
--
--
--
--
--
--
--
--
--
--
--
--
--
--
--

Generation = 5, Population = 6.
22
--
44
--
--
--
00
--
--
--
--
--
--
--
--
--
--
--
--
--
--
--

Generation = 6, Population = 12.
33
--
55
00
--
00
11
00
--
--
--
--
--
--
--
--
--
--
--
--
--
--

Generation = 7, Population = 6.
44
--
--
--
--
--
22
--
00
--
--
--
--
--
--
--
--
--
--
--
--
--

Generation = 8, Population = 12.
55
00
--
--
--
00
33
--
11
00
--
--
--
--
--
--
--
--
--
--
--
--

Generation = 9, Population = 6.
--
--
55
--
11
--
--
--
--
--
00
--
--
--
--
--
--
--
--
--
--
--

Generation = 10, Population = 14.
--
00
66
--
22
00
--
--
--
00
11
00
--
--
--
--
--
--
--
--
--
--

Generation = 11, Population = 10.
55
--
--
--
--
--
33
--
11
--
22
--
00
--
--
--
--
--
--
--
--
--

Generation = 12, Population = 16.
66
00
--
--
--
00
44
--
22
--
33
--
11
00
--
--
--
--
--
--
--
--

Generation = 13, Population = 10.
--
--
66
--
22
--
--
--
33
--
44
--
--
--
00
--
--
--
--
--
--
--

Generation = 14, Population = 22.
--
00
77
--
33
00
--
00
44
--
55
00
--
00
11
00
--
--
--
--
--
--

Generation = 15, Population = 6.
66
--
--
--
--
--
--
--
--
--
--
--
--
--
22
--
00
--
--
--
--
--

Generation = 16, Population = 12.
77
00
--
--
--
--
--
--
--
--
--
--
--
00
33
--
11
00
--
--
--
--

*** Life<FredkinCell> 9x35 ***

Generation = 0, Population = 15.
--0--------------------------------
--0-----0--------------------------
-----0--0--------------------------
---0----0--------------------------
--0--0-----------------------------
-----------------------------------
0--0-------------------------------
--00-------------------------------
---0---0---------------------------

Generation = 4, Population = 46.
2-2---0-3--------------------------
2-1-0-2-4---0----------------------
11031----1--0----------------------
--200--0----0----------------------
0101--12-1-------------------------
--1-----2--------------------------
--1201--0--------------------------
3-2---100--------------------------
0-1--1-0---0-----------------------

Generation = 8, Population = 47.
4---1--1--2------------------------
2---4-----1-----0------------------
1204-1-3-----1--0------------------
0-40----3--0----0------------------
22-121--2-1--1---------------------
--2-----4--------------------------
---3-30-1--2-----------------------
----2---0-01-----------------------
--32-3--0--0---0-------------------

Generation = 12, Population = 69.
8--5--41--61--0-3------------------
------5---2-3-3-4---0--------------
--2-----0-2-1----1--0--------------
2-5-0-0-5-11---0----0--------------
---13-5---115-12-1-----------------
------1---2-2---2------------------
1-3-0--1121401--0------------------
--21--410-2-3-100------------------
---------10-11-0---0---------------

*** Life<FredkinCell> 23x19 ***

Generation = 0, Population = 14.
------------------0
-------------------
----------0--------
0------------0-----
-------------------
-------------------
-------------------
-0-------------0---
-------------------
-------0-----------
-------------------
---------------0---
------0------------
---0---------------
-------------------
---------0---------
----0--------------
-------------------
-----00------------
-------------------
-------------------
-------------------
-------------------

Generation = 1, Population = 53.
-----------------0-
----------0-------0
0--------0-0-0-----
-0--------0-0-0----
0------------0-----
-------------------
-0-------------0---
0-0-----------0-0--
-0-----0-------0---
------0-0----------
-------0-------0---
------0-------0-0--
---0-0-0-------0---
--0-0-0------------
---0-----0---------
----0---0-0--------
---0-0---0---------
----000------------
----0110-----------
-----00------------
-------------------
-------------------
-------------------

Generation = 2, Population = 47.
----------0-----0--
0------------0-----
--------0---0-----0
0-0--------0---0---
----------0--------
00-----------0-0---
-------------------
---0---0-----0---0-
-------------------
-0---0---0---------
------0------------
---0---0-----0---0-
----0---0----------
-0---0---0-----0---
----0-0------------
---0---0---0-------
--0--1-------------
---------0---------
---0---10----------
-------------------
-----00------------
-------------------
-------------------

Generation = 3, Population = 114.
0--------0-0-0-0-0-
-0------0-0---0-0-0
--0----0-0-----0-0-
---0----0-----0-0-0
-00------0---0-----
110-------0-0---0--
00-0---0-------0-0-
--0-0-0-0---0-0-0-0
-0-0-0-0-0---0---0-
0-0-0---0-0--------
-0-0-----0---0---0-
--0---------0-0-0-0
-0-----------0-0-0-
0-0-0-----0---0-0--
-0---0---0-0---0---
-----0--0-0-0------
-0--0-00-0-0-------
--00-0-0--0--------
--0-0-121----------
---0-0000----------
----0110-----------
-----00------------
-------------------

Generation = 4, Population = 47.
----------0---0-0--
-------------------
------0-------0---0
-00-0----0-----0-0-
------------------0
-------0-----------
----------0--------
00---0-----0-0-0---
------0------------
-----------0-------
-------------------
-0-------0-0---0---
--0-0-----0--------
-------------------
-----10------------
-----1-------0-0---
0-----1-0----------
---1---------------
-01------00--------
---------0---------
----1--------------
-------------------
-----00------------

Generation = 5, Population = 115.
---------0-0-0---0-
------0---0-----0-0
-00-00-0-0---0-----
011--00-0-0-------0
-00-0--0-0-----0---
------0-0-0-------0
00---0-0-0---0-0---
110-0-----------0--
00-----0-----0-0---
------0---0-0------
-0-------0-----0---
0---0---0-0-0-0-0--
-----0---------0---
--0-000---0--------
----0-10-----0-0---
0---020-0---0---0--
-0-0-----0---0-0---
00--0-0-000--------
012-----1-10-------
-00-0---01---------
---0-1---0---------
----000------------
----0110-----------

Generation = 6, Population = 107.
------0-0-0---0----
-00-0----0-----0-0-
----1---0-0-0-0-0--
1-200-1----0-0-0-0-
------0---0---0-0--
1-0-0------0-0---0-
------0-0---0-----0
2-1------0-----0-0-
----0---0-0--------
0----0-------------
--0-0-0---0--------
---0---0-0-------0-
0-0-01--0---0------
-0---1---0-0-0-----
0-00--21--0--------
-------0---0-0-0-0-
01--01--01---------
-1-------1---0-0---
---0--12---10------
---0---0---0-------
-0---2---10--------
---------0---------
---0-2210----------

Generation = 7, Population = 171.
-00-00---0-0-0---0-
011-100-0-0-0-0-0-0
00---000-0-0-0---0-
--3---200-0-0-----0
---0-010-0-0-0-0-0-
-----0--0---0------
----00---------0-0-
---00-0-0---0-0----
--00---0-0-0---0-0-
-00-0---0----------
00-0-0-----0-----0-
0-0-00--0---0---0-0
-0-01-0--0-------0-
0-00-2-0--0-0-0----
-0110-3-0--0---0-0-
-00002-1-0--------0
1-00121-1-00-----0-
-2010000-200----0--
-121012-101-1--0---
-00100-101-1-------
0-001-100-1--------
-0-0--00-1---------
--0--3--1----------

Generation = 8, Population = 46.
----------0-0------
-------0-----------
--0---------------0
1----03-1----0-0-0-
------2---0--------
---0---------------
------------------0
-----0-0-------0---
----0-------------0
---------------0---
-----10---0--------
1------0-----0-0---
0-------------0----
---1-------0-------
-------------------
---------------0-0-
--1---------0------
-------1-----------
02-----------00----
---------------0---
-----2-------------
---1---------------
----0--------------

*** Life<FredkinCell> 5x8 ***

Generation = 0, Population = 23.
00000---
00000---
-0000---
00000---
0000----

Generation = 1, Population = 13.
-111-0--
----10--
01--10--
-----0--
-11-----

Generation = 2, Population = 25.
02-2010-
0-0--10-
1200-10-
0-0--10-
0220-0--

Generation = 3, Population = 22.
-313-2-0
--10-210
2--1-210
---002-0
--31-1--

Generation = 4, Population = 27.
042--301
0--1-321
-2--1321
0--1-301
-24-0200

Generation = 5, Population = 22.
--3-0-1-
10--14-2
2-012--2
-0---4-2
-351131-

Generation = 6, Population = 22.
0---13--
-11-2523
3-1--32-
-10-0503
0----42-

Generation = 7, Population = 17.
--33---1
12----34
---12432
02--1--4
--5-----

Generation = 8, Population = 22.
0-441--2
23--2--5
--123-43
13--2--5
0--11--0

Generation = 9, Population = 24.
145--313
-411-5--
-22-4-54
-4-1-5--
1-52-421

Generation = 10, Population = 21.
25--1--4
-5-2263-
33----65
-5-2260-
-36----2

Generation = 11, Population = 20.
3-5-2---
2--33--5
442--476
--03---5
1-7-14--

Generation = 12, Population = 20.
4--433-4
--14---6
---2-5-7
--14---6
--822522

Generation = 13, Population = 13.
-5---4-5
2525--3-
--2-----
-5-5----
-3-3----

Generation = 14, Population = 23.
-6-43-1-
36363---
4432--7-
16162---
14-42---

Generation = 15, Population = 16.
-75----5
--4--6--
5--345-7
2-2--60-
--8--5--

Generation = 16, Population = 25.
48-4-41-
3-5--73-
6434-67-
3-3--71-
149426--

Generation = 17, Population = 18.
-95----5
--663846
7--5-787
---6-8-6
--+-----

Generation = 18, Population = 23.
4+--34-6
3--7-957
-4--4898
3--7-917
-4---6-2

Generation = 19, Population = 28.
-+5-4-17
466--+68
7-355--9
-63-2+28
--+42723

Generation = 20, Population = 20.
-----4--
-77-3+79
8-4--89-
-74-3+39
----383-

*** Life<FredkinCell> 7x8 ***

Generation = 0, Population = 19.
-0-0----
---0-00-
000--0--
------0-
00-0--0-
--000---
--00----

Generation = 1, Population = 30.
0--1000-
0--1--10
1-1-010-
--00--10
1101-010
0---100-
-0------

Generation = 2, Population = 28.
100-----
-0-20021
2-2-1-10
--1--02-
--1-0---
100-21--
--0-000-

Generation = 3, Population = 34.
211-0000
01-31-3-
-0302-2-
00-001--
1---101-
2-1-3---
0-1--110

Generation = 4, Population = 30.
-221--11
-2--20--
21--3130
--1---2-
--1-2120
--2-41-0
1-20-2-1

Generation = 5, Population = 27.
2--2--22
------3-
3--0-241
0-20-1-0
-1---23-
20-0-20-
---103-2

Generation = 6, Population = 26.
-22-00-3
-------1
41-1--5-
103----1
12--23--
3--143--
102---1-

Generation = 7, Population = 29.
233-11-4
0-0320-2
--3-32-1
2-4-01--
2-----30
-0-25---
--3-0--2

Generation = 8, Population = 26.
---2---5
121--1--
-1-143-2
3-5-----
3-11--41
--23-30-
---1131-

Generation = 9, Population = 32.
23--112-
2323-23-
42-2----
4060012-
4-2-2--2
30-45-1-
-----4-2

Generation = 10, Population = 25.
----22-5
3---2--2
53------
51711-3-
--3---4-
-125-3-0
10-1--1-

Generation = 11, Population = 28.
2--2-3-6
4--33-33
6--2--52
-28-2-41
42-12-5-
--3-----
2-321---

Generation = 12, Population = 31.
33332-27
-32442-4
7--34363
5-9-3-5-
5--2--6-
--45--1-
----24--

Generation = 13, Population = 28.
4444-33-
4-3-----
8-3--47-
----41--
6233-3-2
315---20
--3-35--

Generation = 14, Population = 32.
--55-447
-3------
9-43--83
-2--52-1
-3442463
-26-533-
2-4-46-2

Generation = 15, Population = 23.
--66-5-8
--3--2--
--54--9-
-391----
645---7-
--756--0
-05---1-

Generation = 16, Population = 28.
-4-7-6--
-3-443-4
--6-4--3
----5---
756424--
328-733-
21--46--

Generation = 17, Population = 26.
45-82748
443-5--5
---4--94
53-----1
-67-----
4--58-40
---2----

*** Life<FredkinCell> 34x34 ***

Generation = 0, Population = 37.
-------------------------------0--
--0-------------------------------
----------------------------------
-0-----------------0----0---------
-------0--------------------------
------0---------------------------
----------------------------------
----------0---------00------------
----------------------------------
-----------------0----0-----------
--0-0-----------------------------
------------0--------0------------
-------00---------0---------------
----------------------------------
--------0---0--------0------------
-------------------------------0--
------------------------0---------
----------------------------------
---0---------------------------0--
--------------------0-------0-----
----------------------------------
----------------------------------
--------------------0-------------
-------------0--------------------
0---------------------------------
----------------------------0-----
----------------------------------
---------------------0-----0------
----------------------------------
-------------------------------0--
--0-------------------------------
----------------------------------
----------------------------------
----------------0-----------------

Generation = 3, Population = 378.
00--0--------------0----0---0-----
1200-0-0----------0-0--0-0---0---0
00000---0--------0-0-00-0-0---0-0-
-0210----0------0-0-0110-0-0---0--
-000-------------0-00-0-0-0-------
0-00-----0-0------01-100-0--------
-0--0---0-0-0----00-00-00---------
--0-00-0-0-0-0--01-21-0-0---------
-0---00-0-0----0-00----00---------
0-----0000---00-0---0--0-0--------
------1-10--0-00---0--000---------
0----0-0--1000-0--0---210---------
-0--1-2-3---2000----1--0-------0--
--0-00-0-000200-0-00-2000-----0-0-
-----01-10--00-0-011000110---0-0-0
---0--00----0-0---00-0000-0-0-000-
--0-0--0-0-0-0-------110-0-0000200
-0-0-0--0---0------0--0-0-00--0200
0-0-0-0-----------0-0-00-00----00-
-0-0-0-----------0-000-000-0-----0
--0-0--------0----00200---0-0---0-
0--0--------0-0---00200----0-0-0--
-0---------0-0-0-0-000-0----------
--0-------0-0-0-0-0-0-0----0-0----
---0-------0-0-0---0------000-0---
--0---------0-0-------0--01200-0--
-0-----------0-----0-0-0-0000000--
0-0---------------0-0-0---0021--0-
-0-0---------------0-0-0-0-00--0-0
0-0-0---------------0-0---0---0-0-
-0-0-0----------0----0-----0-0-0-0
0-0-0----------0-0------------0-0-
-0-0----------0---0------------0--
--0----------0-----0--------------

Generation = 6, Population = 366.
-----0-0-0---------------0-0-0----
-21-00----0----0-----0-0----0-----
---0---0---0---------------0-0-0--
1-3----00-0-00-----0-211-00---0---
-11-11---0---0---------------0-0-0
-----00-0-0---0-10--0--100--0-----
0-001-1-0--0------0------------0--
---01-0-1---00-03-----1---10------
--0-0-----0-1---1---00------------
-0--0-3---000-100------00---0--0--
---0------111-----10--100---------
--------0-2-0011-21--0----10-0---0
-0-2-1--410-501--0--212-000----1--
--------1-0-2--002-00---11-00--1-0
01-2-0122--13-01---11-112--110---1
----------0---0--111---0-11--101-0
--00-013-10------10--11--000--02-1
------------10--0---01-----11--201
0----01221----0----13-1000--10-1-0
-----------0--11--0---------001--0
0-00---00---0---1---200-0-00---1-0
---------0---0--10--20----010-010-
001-10--------0---0---0-0-0--0---0
-------0---0---0--1---10101-21010-
0--00-0---------0---1---1------1--
---------0---0------1001-1120013-1
--0---------------0---0-----------
-----------0----1--0-0-000--21-01-
------0-------------0-------------
-------------00-010--0-0--12-10--0
--0-0---0-------------------------
------------0-0-0-001--0-0-010-0-0
0-----0---------------------------
----------0-0-0-0-0-010----0-0-0-0

Generation = 9, Population = 367.
----0-0---0------0------0---0-0---
--203----0-0----0-0--0-------0----
----1---00000---00-0-00-0--0----0-
1-----0----230---0----12-11-0--0-0
021--1022--00----0---0--0--0----0-
---0---0----00----0--1---------0--
0------0-0-01-0---0-0-0-----00010-
-0-0----2--0-30--3-3-1--0--121--0-
---------0--100---2----0----00-20-
-01-1---0---11-0----------0--0-0--
-----0--------0----1----00--00--0-
----10-0------221-1-1--1-0111100--
----3---51-1-11210-0----01-000----
----00----1--0-0----------0--0----
-2-2-11---0-3101-1--10-2----210---
----0----0-0221----114--0---121-0-
-0--------0--0-0----1120----20-3-1
0-000------0------0--1-----1----0-
-01-21----0-0----0--3---0--02-0-0-
--000--00--0------00-0-0--011--1-0
------0330-------0-02------00--20-
--0----0----------0--0------1-1-1-
-0-0-1-0-0----------011----0-1----
--0-0---------------231-1---3-0-1-
---------0------0---20-0-0-----10-
---0--0-0------0-0-0-0--0--------1
--0-0--------0-----0--------000--0
---0--------0-00-00120-----054012-
-------------0--0--00--0----0----0
--0-0-----0---------0-0-0---1-1---
-0---0---0-0-0-----0-0-0-----0-0--
0-0-0-----0-0-0-----2---------0-0-
-0------0----0-------0--0--00--0--
0------0-0----------1-10-00110----

*** Life<FredkinCell> 33x5 ***

Generation = 0, Population = 16.
-0--0
000-0
00-0-
0-000
0-0-0
-----
-----
-----
-----
-----
-----
-----
-----
-----
-----
-----
-----
-----
-----
-----
-----
-----
-----
-----
-----
-----
-----
-----
-----
-----
-----
-----
-----

Generation = 1, Population = 18.
-1-01
--101
1--10
-0-1-
1-101
0-0-0
-----
-----
-----
-----
-----
-----
-----
-----
-----
-----
-----
-----
-----
-----
-----
-----
-----
-----
-----
-----
-----
-----
-----
-----
-----
-----
-----

Generation = 2, Population = 19.
0-0--
0-2-2
---2-
0-0-0
20-1-
1-101
0-0-0
-----
-----
-----
-----
-----
-----
-----
-----
-----
-----
-----
-----
-----
-----
-----
-----
-----
-----
-----
-----
-----
-----
-----
-----
-----
-----

Generation = 3, Population = 24.
1-101
1-30-
--0-0
10---
31-21
-0-1-
1-101
0-0-0
-----
-----
-----
-----
-----
-----
-----
-----
-----
-----
-----
-----
-----
-----
-----
-----
-----
-----
-----
-----
-----
-----
-----
-----
-----

Generation = 4, Population = 25.
2--12
2-4-2
--12-
---1-
-2--2
111-1
20-1-
1-101
0-0-0
-----
-----
-----
-----
-----
-----
-----
-----
-----
-----
-----
-----
-----
-----
-----
-----
-----
-----
-----
-----
-----
-----
-----
-----

Generation = 5, Population = 27.
31-2-
3-5-3
10---
-0-2-
-3--3
--212
3--21
-0-1-
1-101
0-0-0
-----
-----
-----
-----
-----
-----
-----
-----
-----
-----
-----
-----
-----
-----
-----
-----
-----
-----
-----
-----
-----
-----
-----

Generation = 6, Population = 27.
-21--
---0-
---20
-----
34-24
1-323
---3-
1-1-1
20-1-
1-101
0-0-0
-----
-----
-----
-----
-----
-----
-----
-----
-----
-----
-----
-----
-----
-----
-----
-----
-----
-----
-----
-----
-----
-----

Generation = 7, Population = 32.
332--
-0-1-
--1-1
10---
-51--
214--
--141
20---
31-21
-0-1-
1-101
0-0-0
-----
-----
-----
-----
-----
-----
-----
-----
-----
-----
-----
-----
-----
-----
-----
-----
-----
-----
-----
-----
-----

Generation = 8, Population = 35.
443--
-1---
10-2-
2-0-0
36-2-
325-3
-0--2
-----
-2--2
111-1
20-1-
1-101
0-0-0
-----
-----
-----
-----
-----
-----
-----
-----
-----
-----
-----
-----
-----
-----
-----
-----
-----
-----
-----
-----

Generation = 9, Population = 33.
5542-
3--1-
--1--
-----
4---4
--624
-1-43
-----
-3-23
--212
3--21
-0-1-
1-101
0-0-0
-----
-----
-----
-----
-----
-----
-----
-----
-----
-----
-----
-----
-----
-----
-----
-----
-----
-----
-----

Generation = 10, Population = 38.
----2
4-523
10---
2-0-0
-61-5
3-735
3-1--
-----
3-1--
1-3-3
---3-
1-1-1
20-1-
1-101
0-0-0
-----
-----
-----
-----
-----
-----
-----
-----
-----
-----
-----
-----
-----
-----
-----
-----
-----
-----

Generation = 11, Population = 47.
5-4-3
516--
2112-
3-1-1
4722-
428--
4-2-3
-----
4-223
2-41-
--1-1
20---
31-21
-0-1-
1-101
0-0-0
-----
-----
-----
-----
-----
-----
-----
-----
-----
-----
-----
-----
-----
-----
-----
-----
-----

Generation = 12, Population = 46.
655--
627-3
32-3-
-----
58-3-
539-5
513--
---1-
5--34
3-5-3
--23-
---1-
-2--2
111-1
20-1-
1-101
0-0-0
-----
-----
-----
-----
-----
-----
-----
-----
-----
-----
-----
-----
-----
-----
-----
-----

Generation = 13, Population = 39.
-6-23
7--2-
--1--
-----
--2--
6--3-
-2--3
-0-2-
63---
4-6-4
30---
-0-2-
-3--3
--212
3--21
-0-1-
1-101
0-0-0
-----
-----
-----
-----
-----
-----
-----
-----
-----
-----
-----
-----
-----
-----
-----

Generation = 14, Population = 35.
----4
---3-
32---
-----
58---
-----
-334-
-----
---34
-----
---31
-----
34-24
1-323
---3-
1-1-1
20-1-
1-101
0-0-0
-----
-----
-----
-----
-----
-----
-----
-----
-----
-----
-----
-----
-----
-----

Generation = 15, Population = 51.
-----
727--
4313-
-----
692--
6-93-
54-53
-01-1
--245
-----
--242
20---
-51--
214--
--141
20---
31-21
-0-1-
1-101
0-0-0
-----
-----
-----
-----
-----
-----
-----
-----
-----
-----
-----
-----
-----

Generation = 16, Population = 41.
665--
-3---
-4241
---2-
-----
-----
-----
-----
-----
-----
3-3-3
3-121
36-2-
325-3
-0--2
-----
-2--2
111-1
20-1-
1-101
0-0-0
-----
-----
-----
-----
-----
-----
-----
-----
-----
-----
-----
-----

Generation = 17, Population = 49.
7762-
--733
4--52
-0-3-
---3-
-----
-----
-----
-----
4-6-4
4-444
-0-3-
4--34
--624
-1-43
-----
-3-23
--212
3--21
-0-1-
1-101
0-0-0
-----
-----
-----
-----
-----
-----
-----
-----
-----
-----
-----

Generation = 18, Population = 46.
8-7--
-----
---6-
-----
-9245
---3-
-----
-----
6-2-5
5-715
50-5-
3-1-1
---4-
3-7-5
3-1--
-----
3-1--
1-3-3
---3-
1-1-1
20-1-
1-101
0-0-0
-----
-----
-----
-----
-----
-----
-----
-----
-----
-----

Generation = 19, Population = 64.
---2-
7-73-
--2-2
-01-1
6+-56
-3-4-
---5-
2-1-1
7-346
-1-2-
61-64
40---
--1-4
4-82-
4-243
-----
4-223
2-41-
--1-1
20---
31-21
-0-1-
1-101
0-0-0
-----
-----
-----
-----
-----
-----
-----
-----
-----

Generation = 20, Population = 60.
8--34
-----
4--63
---3-
7+2--
-4---
54-6-
3-2-2
83-5-
527-5
-2--5
---3-
--24-
5-9-5
5--54
-----
5--34
3-5-3
--23-
---1-
-2--2
111-1
20-1-
1-101
0-0-0
-----
-----
-----
-----
-----
-----
-----
-----

Generation = 21, Population = 59.
-7745
-----
-42-4
-0-4-
8+3--
6--4-
--3--
-----
9---6
--826
-3--6
-0-4-
46---
6-+-6
61-6-
-----
63-4-
4-6-4
30---
-0-2-
-3--3
--212
3--21
-0-1-
1-101
0-0-0
-----
-----
-----
-----
-----
-----
-----

*** Life<FredkinCell> 19x31 ***

Generation = 0, Population = 2.
-------------------------------
-------------------------------
-------0-----------------------
-------------------------------
-------------------------------
-------------------------------
-------------------------------
-------------------------------
------0------------------------
-------------------------------
-------------------------------
-------------------------------
-------------------------------
-------------------------------
-------------------------------
-------------------------------
-------------------------------
-------------------------------
-------------------------------

Generation = 4, Population = 8.
-------0-----------------------
-------------------------------
---0-------0-------------------
-------------------------------
------1------------------------
-------------------------------
-------1-----------------------
-------------------------------
--0-------0--------------------
-------------------------------
-------------------------------
-------------------------------
------0------------------------
-------------------------------
-------------------------------
-------------------------------
-------------------------------
-------------------------------
-------------------------------

Generation = 8, Population = 7.
------0------------------------
-------------------------------
---------------0---------------
-------------------------------
-------3-----------------------
-------------------------------
-------------------------------
-------------------------------
0-------------0----------------
-------------------------------
-------1-----------------------
-------------------------------
-------------------------------
-------------------------------
-------------------------------
-------------------------------
------0------------------------
-------------------------------
-------------------------------

Generation = 12, Population = 28.
--0----0--0----0---------------
-------------------------------
------2----0-------0-----------
-------------------------------
0--1--2----0--1----------------
-------------------------------
-------1-------1---------------
-------------------------------
--0-0--1--0-------0------------
-------------------------------
---0-------0-------------------
-------------------------------
0-----1-------0----------------
-------------------------------
-------1-----------------------
-------------------------------
--0-------0--------------------
-------------------------------
------0------------------------

Generation = 16, Population = 8.
-------------------------------
-------------------------------
-------3---------------0-------
-------------------------------
-------------------------------
-------------------------------
------3------------------------
-------------------------------
--------2-------------0--------
-------------------------------
-------------------------------
-------------------------------
-------3-----------------------
-------------------------------
------3------------------------
-------------------------------
-------------------------------
-------------------------------
-------0-----------------------

Generation = 20, Population = 28.
-------0---------------0-------
-------------------------------
---0--4----1-------0-------0---
-------------------------------
--------2-------------1--------
-------------------------------
--1----2--1------------1-------
-------------------------------
----0--1----1-----0-------0----
-------------------------------
-------------------------------
-------------------------------
---0----2--1----------0--------
-------------------------------
--0----4--1--------------------
-------------------------------
-------------------------------
-------------------------------
---0--0----0-------------------

*** Life<FredkinCell> 22x20 ***

Generation = 0, Population = 48.
--------------------
---------0-----0----
--0-0---------------
---00------0--0--0--
--------0-----------
---------0--0---0---
---------0--0-------
----0-00--------0-0-
----0---------0-----
--------------------
------0-------------
0-----------------0-
------0--0------0-0-
-0--------0----0--0-
---0-0---------0----
00--0---------------
---0---------0------
-------------0---0--
--0-----0--------0--
-------------0----0-
--------------------
--------------------

Generation = 3, Population = 203.
-0-010-0-----00-----
0-0120------0120----
-0103010------0----0
-1110210-1----0---0-
--10-0-00-----0-00-0
----001-0---10--120-
--0-2-02---2----000-
-01---312-0----000-0
0010-0-0--0-0-00200-
-000---1------00-00-
-00-001011---0-0--20
1-1-00-0------0-2--0
0---1----0----1110-0
01---0-01---11--1230
--0--1210---0-----20
33020-1-0---0---01-0
02----00-0-10--00200
---0100-0--1-300--2-
1-02---0-0-00--1-1-1
0-000-0-0----1----00
-0-0---0-0-0---0-1--
--0-----0---0-0----0

*** Life<FredkinCell> 1x17 ***

Generation = 0, Population = 1.
0----------------

Generation = 3, Population = 1.
---0-------------

Generation = 6, Population = 4.
0-0-0-0----------

*** Life<FredkinCell> 27x24 ***

Generation = 0, Population = 42.
------------------------
---------0--0---0-------
--------0---------0-----
-------------------0----
----0------0------------
0----------0--------0-0-
---------------0----0-0-
-------------0----0---0-
-------0----------------
------------------------
------0-----0---0------0
-----------0------------
----------------0-------
----------------0-------
------------------------
------------------------
--------0-------0-----00
------------------------
---------------0--------
----0-----0------0-0----
----0-0-----------------
-----------------0------
0--------------------0-0
--0---------------------
------------------------
------------------------
------------------------

Generation = 3, Population = 267.
---------000-----01-----
----0----0--0---00-1----
0--0-------1---02-0-1-0-
-00-0----10-1----1-02--0
-010-0--1101-------0-020
--100-00-101---0-00230--
--00-00-000---00-120--10
-0--0000-0-0000---00----
0---01200-0---0--0001-21
----000000--0-00-0100-10
---0-00210-----01-100-0-
----0-00-------0-0---0--
-----0-0-0---01-3-10--0-
------0-0-0--0101010--0-
-------0-0-0--0-0-0--011
------0-0-0---0--00-000-
----00-0-010-012---012--
---010--0010-000-10--00-
--002-1-100---0-2-0---11
0010-0---0-0--02-00--1--
----3-1-100-0-0-00-001--
-0---0--00-0--01--00---0
1-2----0--0----0--0---0-
-000100---------0-00---0
100-0------------0--0---
00-0-----------------0-0
--0---------------------

*** Life<FredkinCell> 28x3 ***

Generation = 0, Population = 5.
-00
-0-
0-0
---
---
---
---
---
---
---
---
---
---
---
---
---
---
---
---
---
---
---
---
---
---
---
---
---

Generation = 2, Population = 7.
-02
---
-10
-0-
0-0
---
---
---
---
---
---
---
---
---
---
---
---
---
---
---
---
---
---
---
---
---
---
---

Generation = 4, Population = 10.
1-4
-1-
-12
---
-10
-0-
0-0
---
---
---
---
---
---
---
---
---
---
---
---
---
---
---
---
---
---
---
---
---

Generation = 6, Population = 11.
12-
---
-14
---
-12
---
-10
-0-
0-0
---
---
---
---
---
---
---
---
---
---
---
---
---
---
---
---
---
---
---

Generation = 8, Population = 10.
---
---
---
---
1-4
-1-
-12
---
-10
-0-
0-0
---
---
---
---
---
---
---
---
---
---
---
---
---
---
---
---
---

Generation = 10, Population = 14.
---
---
0-5
-1-
-34
---
-14
---
-12
---
-10
-0-
0-0
---
---
---
---
---
---
---
---
---
---
---
---
---
---
---

Generation = 12, Population = 20.
2-4
-2-
-35
---
-36
-2-
1-6
---
1-4
-1-
-12
---
-10
-0-
0-0
---
---
---
---
---
---
---
---
---
---
---
---
---

Generation = 14, Population = 19.
24-
---
-37
---
-38
---
13-
---
13-
---
-14
---
-12
---
-10
-0-
0-0
---
---
---
---
---
---
---
---
---
---
---

Generation = 16, Population = 10.
---
---
---
---
---
---
---
---
---
---
---
---
1-4
-1-
-12
---
-10
-0-
0-0
---
---
---
---
---
---
---
---
---

*** Life<FredkinCell> 11x32 ***

Generation = 0, Population = 33.
0-0--000--0---------------------
------00------------------------
------000-----------------------
--0-----------------------------
---0-0-0-0----------------------
0----0--------------------------
-----0--------------------------
-0---0--0-----------------------
---0--000-----------------------
---0----------------------------
0-00-000------------------------

Generation = 2, Population = 64.
0--1---0110-0-------------------
--1-00--00----------------------
0-1001--2-----------------------
----0110------------------------
-0-0-20000-0--------------------
01-1-0-10-----------------------
---0-01010----------------------
1--1-200--0---------------------
01121--0010---------------------
--------1-----------------------
00-0-2-2-0----------------------

*** Life<FredkinCell> 14x1 ***

Generation = 0, Population = 1.
0
-
-
-
-
-
-
-
-
-
-
-
-
-

Generation = 2, Population = 2.
0
-
0
-
-
-
-
-
-
-
-
-
-
-

Generation = 4, Population = 2.
-
-
0
-
0
-
-
-
-
-
-
-
-
-

Generation = 6, Population = 4.
0
-
0
-
0
-
0
-
-
-
-
-
-
-

Generation = 8, Population = 2.
-
-
-
-
-
-
0
-
0
-
-
-
-
-

Generation = 10, Population = 4.
-
-
-
-
0
-
0
-
0
-
0
-
-
-

Generation = 12, Population = 4.
-
-
0
-
0
-
-
-
-
-
0
-
0
-

Generation = 14, Population = 7.
0
-
0
-
0
-
0
-
0
-
0
-
0
-

*** Life<FredkinCell> 20x23 ***

Generation = 0, Population = 20.
----------0------------
0----------------------
-----------------0-----
---0-0-----------------
-----------------------
--0-------0------------
----0------------------
------------------0----
-----------0-0---------
-----------------------
-----------------------
0--------------0-------
------------0----0-----
-0---------0-----------
0----------------------
------------0----------
-----------------------
-----------------------
--0--------------------
-----------------------

Generation = 5, Population = 166.
0---00-0--0--0-00-0----
-0-1100--010-00--0---0-
00-010-0--300-0---0-0-0
1-1-0-0---10-----0-0-0-
-0-----0--21------0----
0-------0-00---0-0-----
20-0-0-0-0-----00-0---0
101---0000--001-00---0-
0000-00------0-30-----0
-2100--0--11---1-------
---010----0-0-----00---
01--10--0-0-21--022200-
-00-00---001-----0000-0
0-0--------0--0------0-
10-0---00-------0------
-0--0--0-0--0-021------
00------0----0-0--0----
0-----0---0------0-----
---0-0-0---00----------
--0---0----0-0---------

Generation = 10, Population = 173.
0-----2--------11-1-00-
-3---11---2001-0-------
--1-1--0----11----00---
-32-3-1002-----0-00----
0-1------1--0-0------0-
32-2320-0103---21------
--4110--1-----0----0-0-
-02-0---0--05-2-------0
10-0-3-01-4--------1-0-
1-31-2001-2-0-------0--
2--0-1---10----1----0--
112-43003----------2---
--1-0--10--1-----011--1
22----01---21----12-01-
1-2-3---3011-0------10-
---1-21--01-0---1-200-0
0-1---1-0020-1-2-------
30--1-----11--00--0-0--
4-----0-1--020---------
-210-----0-11--1-0-----

Generation = 15, Population = 233.
101000-2--314---3220-3-
----33--135-52-20--20-0
1-3---0-3----1210---10-
-4546---0-6-00-0-----2-
314-320211-30-0----1--0
37-3----0334-0----0-0--
--5-213--3-------301210
4-213-14-22-----331---0
--1--6-0--510--4001-1-2
4-541-011---00341--2--1
--2-311222--4--1-----22
-432--0230053--2---431-
1-3--2-215-3-1----42---
----1-3-1-33-204-2---1-
3-3--0-1513--0---2--3-1
---2--230-4-0334-241-0-
3-3-2-21-34-22-5--201--
---4----3246-1105--11--
------1-30213--2210--1-
---311---112----00----1

Generation = 20, Population = 184.
22--1---1---41--34----2
----33-1--52--423------
-15-300-3191----00---1-
----64-2---220---432-5-
43-0-------------1-22--
581-------642---4------
-48----3-4--32322-----2
-0-2-22-13---------1-11
5-1--7-14---0--6--1--2-
7--44---1---104430532--
----3------1-10-1---3--
-----4---236---5--343--
1--4421-1643-23-4--3--1
2-4----1-14337-7-352-1-
4---4-4---6---2--2--4--
110---2---42---43-----0
-04---22-4--2317-24----
----21----7--111-1-2--0
6---2-----3-54---42--20
-84----2-1----1--------

*** Life<FredkinCell> 33x20 ***

Generation = 0, Population = 7.
--------------------
-----------0--------
--------------------
--------------------
--------------------
------0-------------
-0------------------
--------------------
--------------------
--------------------
--------------------
-0------------------
---0----------------
--------------------
-0-----------------0
--------------------
--------------------
--------------------
--------------------
--------------------
--------------------
--------------------
--------------------
--------------------
--------------------
--------------------
--------------------
--------------------
--------------------
--------------------
--------------------
--------------------
--------------------

Generation = 5, Population = 92.
------00---0---0----
-0---0110-0-0-0-0---
0-0---00---0---0----
-0------------------
--0-------00--------
---0-0---0110-------
01--0-0---00--------
0200-0--------------
-10-0-0-------------
---0-0-0-----------0
-0---00-----------0-
0-0-0-00-----------0
-0---00-0-----------
-1---0-0-------0-0--
020-0-0-------0---0-
0200-0---------0-0--
-00-0---------------
-0-0---------------0
0-0---------------0-
-0-----------------0
--------------------
--------------------
--------------------
--------------------
--------------------
--------------------
--------------------
--------------------
--------------------
--------------------
--------------------
--------------------
--------------------

Generation = 10, Population = 65.
-0-1----------------
----23--1--------0-0
-1-1----------------
1-----1----0--0----0
---------0---------0
210------3--32--0---
---1-------1-----0-0
0-------------0-----
-1---0---0---------0
-----2-------0------
---1-------1--------
---3--3-------------
-----------0--------
----01--01----------
---1-----0-0-0-0----
------0-------------
-2---0---0-0-0------
-2------------------
---0----------------
---1----------------
-----0-------------0
-1------------------
-----------------0-0
--------------------
-0-----------------0
--------------------
--------------------
--------------------
--------------------
--------------------
--------------------
--------------------
--------------------

Generation = 15, Population = 186.
-----2----0----00-0-
-0--3-4--0-1--131---
0-0--4-20-0-0-00-20-
-2----1300-0----0111
-2----01020---0-0103
425--0-0153--3---01-
04010-0--3-30-----0-
-24-21---23300---011
---0-1--0--3010-0101
----2521----212-210-
----0001-----4---1--
---4-35-0----1---0--
--0-0--1-0--0-0-0-0-
-1-0----2-2--0---0--
0-0------3----------
-3-2-0--------------
--0---0--0----------
-------01-0---------
--0----101----------
-1-2--2-00----------
0-0-02-0--0---------
-1-0020----0--------
--0100------0-------
-2020--------0------
0200----------0-----
020------------0----
-0--------------0---
-0---------------0--
0-0---------------0-
-0-----------------0
--------------------
--------------------
--------------------

Generation = 20, Population = 95.
-0-3-3---------1-0--
---2---310---0---10-
-1-----2-----1---2-2
-3---3--------------
-------------------3
---11-2-----541---2-
---1-----3---1---0-1
-3-----------1---0--
-1---1-----3-------1
--0-----1-02------1-
---2-0--------------
---------2---2---1-1
-1-----1---------1--
------11---2---0----
-2-----0-----0---1-0
-------------1---1--
-----------0-------0
------00---0---0----
-0-1-1-------1---0--
--------------------
--------------------
--0-------00--------
-2---0--------------
-3------------------
---0----------------
------0-------------
-------------------0
-1---1--------------
-------0------------
--------------------
-1---0---------0-0--
-1------------------
-0-0---------------0

*** Life<FredkinCell> 33x19 ***

Generation = 0, Population = 8.
-------------------
-------------------
-------------------
---------------0---
----0--------------
-------------------
------------0------
----------0------0-
-------------------
-------------------
----0--------------
-------------------
-------------------
-------------------
-------------------
----------0--------
-------------------
------0------------
-------------------
-------------------
-------------------
-------------------
-------------------
-------------------
-------------------
-------------------
-------------------
-------------------
-------------------
-------------------
-------------------
-------------------
-------------------

Generation = 3, Population = 102.
---------------0---
----0---------0-0--
---0-0-------0-0-0-
--0-0-0-------0-0-0
-0-0-0-0--00---0---
--0-0-0--0100-----0
---0-0--002000-0-0-
-------0-00020--0--
---0-0--0-0010-0-0-
--0-0-0--0-00---0-0
-0-0-0-0--0------0-
--0-0-0------------
---0-0----0--------
----0----0-0-------
------0-0-0-0------
-----0---0-0-0-----
----0-0---0-0------
---0-0-0---0-------
----0-0-0-0--------
-----0-0-----------
------0------------
-------------------
-------------------
-------------------
-------------------
-------------------
-------------------
-------------------
-------------------
-------------------
-------------------
-------------------
-------------------

Generation = 6, Population = 97.
--0-0-0-----0------
----------00-----0-
0---0---0-1---0----
--------11--00-0---
0-0-0-0-0-1-0---0--
------0---10-000---
0-0-0---1-2---1---0
----0---1--033--10-
0-0-0-1-----1---0--
------0------000---
0-0-0-0-------0----
------0--------0---
0---0---0---0------
----1-0-0-----0--0-
--0---0------------
--0-1-0-0-0-0---0--
----0--------------
0---0-0-0-0-0-0----
-------------------
--0---0-0-0-0------
-------------------
----0---0-0--------
-------------------
------0------------
-------------------
-------------------
-------------------
-------------------
-------------------
-------------------
-------------------
-------------------
-------------------

Generation = 9, Population = 99.
-----------0-0-----
------------0------
-------0-----------
--0---0-2---0------
-0-0---0---0-0-----
--0-0-------0-----0
--00-0---03--0---01
-0-00---22114-0--11
--0---2--00--0----0
--0--0-0----0------
-0-0--0----0-0-0---
--0-0-------0-0-0--
---0-0---------0---
----2-------0------
--1-------00-0---00
-0-0-----0-00---021
0-0-------0---0--00
-0--1--------0-0---
0--0-0--------0----
----0--------------
-------------------
-------------------
----------0--------
---------0-0-------
------0---0--------
-----0-0-----------
------0------------
-------------------
-------------------
-------------------
-------------------
-------------------
-------------------

*** Life<FredkinCell> 24x28 ***

Generation = 0, Population = 18.
----------------------------
-----------------0-----0----
-0--------------------------
----------------------------
-0--------------------------
----------------------------
----------------------------
----------------------------
----------------------------
----------------------------
------------0---------------
-------------0--------------
-------------0--------------
----------------------------
----------------------------
----0----------0------------
----------------------------
----------0-----0---0-------
----------------------------
--0------0------------------
----------------------0-----
----------------------------
-------0-------------0------
--0-------------------------

Generation = 1, Population = 65.
-----------------0-----0----
-0--------------0-0---0-0---
0-0--------------0-----0----
----------------------------
0-0-------------------------
-0--------------------------
----------------------------
----------------------------
----------------------------
------------0---------------
-----------0----------------
-------------10-------------
------------010-------------
-------------0--------------
----0----------0------------
---0-0--------0-0-----------
----0-----0----00---0-------
---------0-0---0-0-0-0------
--0------00-----0---0-------
-0-0----0-0-----------0-----
--0------0-----------0-0----
-------0-------------00-----
--0---0-0-----------0-0-----
-0-0---0-------------0------

Generation = 2, Population = 62.
-0--------------------------
---------------0---0-0---0--
-0-0------------------------
-----------------0-----0----
-0-0------------------------
----------------------------
-0--------------------------
----------------------------
------------0---------------
-------------0--------------
----------0--00-------------
-----------0---0------------
-----------01--0------------
----0--------1-0------------
-------------0--------------
--0---0---0--0--10--0-------
----------------------------
--0-0---01--0-01------0-----
----------------------0-----
0---0--0--10----0---0-------
-------0------------01--0---
---------0------------------
-----0---0---------0--10----
0-0-0-----------------------

Generation = 3, Population = 178.
0-0------------0---0-0---0--
---0----------0-0-0---0-0-0-
0---0----------0-0-0-0-0-0--
----------------0-0---0-0---
0---0------------0-----0----
---0------------------------
0-0-------------------------
-0----------0---------------
-----------0----------------
----------0--1--------------
---------0--0-1-------------
-----------1-1-10-----------
----0-----0-2-0-0-----------
---0-0-----0-2-10-----------
--0-0-0---0-0-0000--0-------
-0-0-0-0-0-001002100-0------
----0-0-000-000000--0-0-----
-0---0-01200--120----010----
0-0----000000-000---0010----
-0-0-00100210--0-0-01-0-0---
0---0-010000----0--0-200-0--
-----0-0010--------000000---
0-0---0-010-------0-00210---
---------0---------0--00----

Generation = 4, Population = 69.
----------------------------
-------------0---0-0-0-0---0
-0---0----------------------
----------------------------
-0---0----------------------
-----------------0-----0----
-0----------0---------------
-------------0--------------
-0-----------0--------------
----------------------------
--------0-------0-----------
----0----0-----2-0----------
---------0-------0----------
----------0-----1---0-------
------------1---------------
0-0-----01-1-2-----1--------
-------------1--------1-----
------0-----0-2-1---0---0---
-------1-------------1------
0-0-011------0-1------------
------------------0-------0-
--0-------1-----0---1-------
---0---0---0-----0---1---0--
0-0---0--1------------------

*** Life<FredkinCell> 3x31 ***

Generation = 0, Population = 7.
000----------------------------
0-0----------------------------
0-0----------------------------

Generation = 1, Population = 6.
---0---------------------------
-0-0---------------------------
1-10---------------------------

*** Life<FredkinCell> 22x36 ***

Generation = 0, Population = 10.
------------------------------------
------------------------------------
------------0-----------------------
------0-----------------------------
------------------------------------
------------------------------------
--------------------0---------------
------------------------------------
------------------0-----------------
---------------------0--------------
------------------------------------
------------------------------------
------------------------------------
------------------------------------
------------------------------------
----0-------------0-----------------
---------0--------------------------
-------------------0----------------
------------------------------------
------------------------------------
----------------0-------------------
------------------------------------

Generation = 2, Population = 35.
------------0-----------------------
------0-----------------------------
----------0---0---------------------
----0---0---------------------------
------------0-------0---------------
------0-----------------------------
----------------------0-------------
---------------------0--------------
----------------0-------------------
-------------------0---0------------
------------------0-----------------
---------------------0--------------
------------------------------------
----0-------------0-----------------
---------0--------------------------
--0---0---------0--10---------------
-------0---0------------------------
----0------------01--0--------------
---------0------0-------------------
-------------------0----------------
--------------0---0-----------------
------------------------------------

Generation = 4, Population = 39.
------------0-----------------------
------------------------------------
--------1-------0---0---------------
--0-------1-------------------------
------------------0-----------------
---------------------0--------------
------------0---0-------0-----------
------0-----------------------------
--------------0-------0-------------
-----------------0-------0----------
--------------------0---------------
----0-------------1-----------------
---------0--------1-----------------
-------------------1-0--------------
------------------------------------
0-------0-----0-------0-------------
-----0-------0--1-------------------
---------------0-------0------------
------------------------------------
----0-------------0-----------------
---------0--0---0---0---------------
-------------------0----------------

Generation = 6, Population = 120.
--------0-0-0-0-0---0---------------
--0-------0-------------------------
------0---1-0-0---0---0-------------
0---0---1---0--------0--------------
--------0---0---0-------0-----------
--0---0---0--------0---0------------
----------0---0-----------0---------
----0---0--------0---0---0----------
------------------------------------
----0-0--------0--10---0---0--------
---------0----0---------------------
--0---0---------01-110---0----------
-------0---0----0-------------------
0---0---0-----0--001-010------------
-----0---0---0--0-0-----------------
0-0---0---0-0--11--211-10-----------
---0---0---0--00--0-----------------
0---0---0----11--12--01--0----------
-----0---0--00------0---------------
--0---0--------01--11--0------------
-------0--11----------0-------------
----0------------010-0--------------

Generation = 8, Population = 40.
------------------0-0---------------
---------------------0--------------
----1---------------0---------------
0-----1-------1---------------------
------------2-----------------------
------------------------------------
------------0---------------0-------
----0-------------1-----------------
---------00---------------0---------
-------------0-----2---------0------
------------0-----------------------
------0-----------------------------
----------------2-------------------
------------------------------------
--------------------1---------------
--0-------0-0-------------0---------
-0--------------102-----------------
-----------1---------2-----0--------
------------------------------------
-------------------3----------------
--------11--------------0-----------
----0-------------1-----------------

Generation = 10, Population = 129.
----0-----------0---0-0-------------
0-----0-------0----0---0------------
--0---1-----1-------0-0-------------
0-0-1---2---1---0----0--------------
----0-----0-2-1-----0-------0-------
0---0-0-------0---0-----------------
---------0--0-0---------------0-----
--0---0------0--0--10--------0------
-------01--10-----------0-----------
----0-0----0---0-03--0-----0---0----
---------0----0-0---------0---------
----0---0----0-----2---------0------
------------0-0---2-0---------------
--0---0---0-0-------------0---------
-0---------------0----0-------------
0---0---0-000-0------2--1--10-------
---0----------013-41----------------
--0------01-11---------0-01--0------
-0------00------000-----0-----------
----0------0-----01--------0--------
------01--32----------0---0---------
--0-0-0---------0-120---------------

Generation = 12, Population = 137.
----0-------0-1-0---0-0-0-----------
-----------------0---0---0----------
0-------2---3---1-0-0---0---0-------
------------------------------------
--------210-----1-1-0-----0---------
-------------1-----1-0-------0------
----1---1---0---1---1---0-------0---
--------1-------------0-------------
-----01-----200-1-----0-------0-----
---------1-----0-2-----0-0-------0--
--------0---0---0---0-------0-------
----0-------0-----2-------1---------
-0-------01-2---212-0-----1---------
-----------0-1-----2-1-----1-0------
------------0---2-------1-----------
0-----0-0-----2-2--4--0-------0-----
-0---0--11--000-5---110-1-----------
----0--0-------1-32----0-2-----0----
--------------------1---------------
--0-0-----0-1--1--1----0--0---------
-0--01--33--10--110-1---0---0-------
0-------0--1--0----2-11----0--------

Generation = 14, Population = 277.
0-0-0-0-0-1-0-1-0-0-0-0-0-0-0-------
---------------0-----------0--------
0-1-1-2-212-3-0-1-0-0-0-0-0---0-----
-------------0---0-0-----0---0------
0---0-014-213-2-1-1-0-0-0-------0---
--------0--0---0-0-1-010---0---0----
--0--10-311-001---0-1-1-----------0-
------1--10--1-0-0-221-110---0---0--
---0---23-124--11-0-0---------------
----0--00--101-0-252-000-010---0---0
-0---0---00--10--01-0---------------
--0---0--111-10002-311-001-110---0--
---0---0--314--14--1--0-------------
0---0-0-01-01110021--121-001-010----
-----0--1----01--1---1--1-----------
0-0---002-1010412--41--310-211-10---
------0--------2---2---1--0---------
0---00--012-331--54-032--230-01--0--
----0---------0--2---1------0-------
--0---00--0130-12-341-100--11--0----
--0-------------3--1----------0-----
----1-1-20-1-001122-2-3-1010-0------

Generation = 16, Population = 36.
---------0--------------------------
-------------------0----------------
--1-------------------------0-------
--------2-------------0-------------
----------------1-------------------
---------------------2--------------
----2-------------0-----------------
------------------------------------
--1-------------3---2-------------0-
-----0-----------------------------0
------------------------------------
------0------------3----------------
---------2--4-----------------------
----0-------------3-----------------
------------------------------------
--0-------3---------3-------------0-
-----0-------------------1----------
---1-------------------------------0
------------1-----------------------
------2--------------1--------------
0-----------------1-------------0---
------------------------------------

Generation = 18, Population = 114.
--0----0-0-0----------------0-------
--------0--------0---00-------------
0---1----1------1---------0---0-----
------1---1--------001--0-----------
--0-0---------2-------------0-------
--------0----------1--21------------
------0---------1-----------------0-
-----0---------------2-------------0
0-------------1---1---1---------0---
---0--10-----------3-------------0-0
--0------0--1---0---1-------------0-
-----1--0--------24--2-------------0
-------0--42--0---------------------
----------0-----1--3--------------0-
-----0---0--0------------0----------
0--1----2---1---------1---------1--1
---1---0----1----------2---0--------
-01--20---3---------14-----------010
0----0----0---1---0------0------0---
---01---0----------5---0-----------0
0-1---------1---3---1---------0---0-
------1--------------2--------------

*** Life<FredkinCell> 32x10 ***

Generation = 0, Population = 33.
00-----00-
----------
---000-00-
-00------0
-0----0-00
-0-00--00-
0---------
000-------
-0----00--
0-0--0-00-
----------
----------
----------
----------
----------
----------
----------
----------
----------
----------
----------
----------
----------
----------
----------
----------
----------
----------
----------
----------
----------
----------

Generation = 5, Population = 68.
---01-23-2
--1-20--21
-----10130
--2--0----
22202----1
---5--01-1
2----204-1
-3-01---0-
-1-1--20--
1-11-1-1--
----0-02--
-210--00--
010---1---
-0-00-0-10
0-0--0-00-
----------
----------
----------
----------
----------
----------
----------
----------
----------
----------
----------
----------
----------
----------
----------
----------
----------

Generation = 10, Population = 103.
15----5825
-534--00--
-2-52--460
4-522-114-
-34---634-
-258410-31
2-3104--34
-5---24001
16-----2--
33-----1-2
-104-----0
-----231-2
3----22--0
0303------
3-1----310
03---0----
1--000--00
01-11010-1
-0----01--
0-0--0-00-
----------
----------
----------
----------
----------
----------
----------
----------
----------
----------
----------
----------

Generation = 15, Population = 126.
---23----6
-8---1--4-
5-57--17--
41-53-----
-4--6-9-7-
42--720151
2-4--7-8--
6--2344--2
----42-4--
48-5--7--3
52-7----20
-3-42--3-3
--2-222-2-
----633-2-
--30-2--41
3-1033--30
---1--41--
-2-1--3-22
2--1010410
--320120--
2--1111---
----212-12
01-000-2-0
-0-00-0-10
0-0--0-00-
----------
----------
----------
----------
----------
----------
----------

Generation = 20, Population = 125.
-7----6+--
---5-33664
6-+-2-68-4
-------3--
76859-+---
-25-75--+4
--44-7-+--
9--3----2-
3+33-4447-
---8--8656
671----7--
---53---1-
-5--3-----
---7-----5
--4-0-177-
----------
--2-1-544-
-5-14--13-
2--62---4-
--5---21--
321-2-42--
-3255---32
--30-1-51-
2---021--0
--10-21-2-
0-0-3-30--
1---------
010-------
-0----01--
0-0--0-00-
----------
----------

*** Life<FredkinCell> 34x12 ***

Generation = 0, Population = 40.
--0------0--
---0--------
------0---0-
------------
000-0-----00
----0--0-0-0
-0-0---0----
--0000---00-
000------00-
0----0-00---
----0------0
0-----0-000-
------------
------------
------------
------------
------------
------------
------------
------------
------------
------------
------------
------------
------------
------------
------------
------------
------------
------------
------------
------------
------------
------------

Generation = 4, Population = 73.
-10-01------
---00----0-0
-0-1--01-1--
--1211---00-
2-2-21-300--
---------0--
-2-41102--0-
13---211---1
------------
-0110--4----
22-0----00--
--001-0--022
101------11-
0----1-02---
----0------0
0-----0-000-
------------
------------
------------
------------
------------
------------
------------
------------
------------
------------
------------
------------
------------
------------
------------
------------
------------
------------

Generation = 8, Population = 95.
12231----2--
1--201--11--
-1----1-----
1-----2-021-
---32-0-12--
-31--1-3-4--
--05-3---1-2
---31-31--1-
-0--31-23-0-
20-3--1--1-0
--12-03---2-
-10----1--4-
303-1-----12
----2--4-2-1
-2-0---0----
--0011---02-
101------11-
0----1-02---
----0------0
0-----0-000-
------------
------------
------------
------------
------------
------------
------------
------------
------------
------------
------------
------------
------------
------------

Generation = 12, Population = 116.
--44--21-6-3
---423---1-2
6-1-4-----12
---433-2--34
---76----4-1
24-543--14-2
3-06--4---13
-6-5-----0-3
-11-35------
--1--3---33-
3----1-----1
1122--03-443
54--------1-
22----2----2
-20-1-11--2-
1-2--31---32
------------
-0110--4----
22-0----00--
--001-0--022
101------11-
0----1-02---
----0------0
0-----0-000-
------------
------------
------------
------------
------------
------------
------------
------------
------------
------------

Generation = 16, Population = 107.
-----46-----
-----4-----2
7-1-5---0---
2-----4-134-
33-++-371---
2--78---3-2-
4-1--5---33-
6-1-234----7
52-1554-6-22
51-53-7-6-70
5-16-------5
--3-444---6-
------2---3-
---0--------
--2------1--
------------
--1------3--
---3--------
------3---1-
------------
303-1-----12
----2--4-2-1
-2-0---0----
--0011---02-
101------11-
0----1-02---
----0------0
0-----0-000-
------------
------------
------------
------------
------------
------------

