*** Life<Cell> 10x16 ***

Generation = 0, Population = 2.
-------0--------
----------------
0---------------
----------------
----------------
----------------
----------------
----------------
----------------
----------------

Generation = 1, Population = 6.
------0-0-------
0------0--------
-0--------------
0---------------
----------------
----------------
----------------
----------------
----------------
----------------

Generation = 2, Population = 8.
0----0-0-0------
----------------
0-0----0--------
----------------
0---------------
----------------
----------------
----------------
----------------
----------------

Generation = 3, Population = 13.
-0--0-----0-----
--0--0---0------
---0--0-0-------
--0----0--------
-0--------------
0---------------
----------------
----------------
----------------
----------------

Generation = 4, Population = 8.
0--0-------0----
----------------
--0-0--0--------
----------------
-------0--------
----------------
0---------------
----------------
----------------
----------------

Generation = 5, Population = 23.
-00-0-----0-0---
0-000--0---0----
-0---00-0-------
--0-0-----------
------0-0-------
0------0--------
-0--------------
0---------------
----------------
----------------

Generation = 6, Population = 26.
-1-010-0-0-0-0--
----------------
--000110-0-0----
----------------
0-0-00-0-0------
----------------
0-0----0--------
----------------
0---------------
----------------

Generation = 7, Population = 29.
0--1-1--------0-
-00---0------0--
-01----1----0---
0--0--0----0----
----11----0-----
----00---0------
---0--0-0-------
--0----0--------
-0--------------
0---------------

Generation = 8, Population = 6.
---------------0
----------------
------1-0-------
----------------
0---------------
----------------
-------0--------
----------------
-------0--------
----------------

Generation = 9, Population = 17.
--------------0-
------0-0------0
-----1---0------
0-----0-0-------
-0--------------
0------0--------
------0-0-------
----------------
------0-0-------
-------0--------

Generation = 10, Population = 21.
------0-0----0--
----------------
0---0-1-0-0----0
----------------
0-0---000-------
----------------
0----0-0-0------
----------------
-----0-0-0------
----------------

Generation = 11, Population = 37.
-----1---0--0-0-
0---0-----0--0-0
-0-0-------0--0-
--0-0--0--0----0
---0-11-10------
--0--00-00------
-0--0-----0-----
0---------------
----0-----0-----
-----0-0-0------

Generation = 12, Population = 23.
0-----0-0--0-0--
----------------
--1-0--1--0-0--0
----------------
--0-1--0-------0
----------------
---0--0-0--0----
----------------
0--0---0---0----
----------------

Generation = 13, Population = 59.
-1---1---00---0-
0-0-0-000-0000-0
-0---11-00---00-
----------0-0---
-0---11-1-----0-
--000-000--0---0
--0-00---00-0---
0-----000-------
-00-0-0-0-0-0---
0--0---0---0----

Generation = 14, Population = 40.
-------0-1--0---
----------------
-----*-1-1000-1-
----------------
0--0-*-0*00000--
----------------
0010-10-0110-0-0
----------------
0110--1-1--0-0--
----------------

Generation = 15, Population = 54.
------0---00-0--
-----0----00--0-
----0.---*--1--0
0--0----0----00-
-00--.-1*----10-
-00---00----0--0
1--1-*1-1--1----
-----0---00----0
1--100---00---0-
0000--0-0--0-0--

Generation = 16, Population = 12.
-------0-1------
----------------
0----.---*----1-
--------1-------
-----.--*0------
--------0-------
-----*-0--------
----------------
*---------------
----------------

Generation = 17, Population = 26.
------0---0-----
0------0------0-
-0---.---.0--0-0
0------0*0----0-
-----.-1*10-----
-----0--1-------
----0.----------
0----0-0--------
.1--------------
0---------------

Generation = 18, Population = 33.
0----1---1-0--0-
--------0-------
0-1--.--0*-01---
------0-.-0-----
0----.1-.*10--0-
------0-*-0-----
1--1-*-01-------
--------0-------
*-1--0-0--------
----------------

Generation = 19, Population = 63.
-1--1-0-----00-0
--0--0-010--0-0-
---0-.11-*01*0--
--0--010*0100-0-
-0---*-1..-101-0
---0--10*01---0-
-01--.11*11-----
--00---010------
.--10-----------
0-0--0-0--------

Generation = 20, Population = 41.
0--1-1--01-0-10-
----------------
--1-0.-*-.1*.11-
----0-*-.1*-1---
0--01*--..1-1*--
----0---.1--0---
11-1-.--.--1--0-
--------*-------
.-1-1---10------
--------0-------

Generation = 21, Population = 74.
-10---001*---*10
0-0000-0100-----
-0--1*-.0*-****0
0-0--0*-.*.0*00-
-001-.--..*-**0-
-0-01---.---1-0-
**---.--.11--0-0
00000--0*--0--0-
.1---0-0*10-----
--0-0--01-------

Generation = 22, Population = 54.
-*--1-11*.--0.-1
----1-0---1-0---
0-1--.-.-.1....1
--1---*0**.-.-1-
--1--*1-..*1..10
--0-*0--.1-0*-1-
..---.-1***-----
----1-0-.00-0---
**111--1.-1---0-
------0---0-----

Generation = 23, Population = 76.
0.01*---..001.1-
0000*-1-10*-10--
--*01*-.0.**...-
00-0--*-**.0.0*0
-0-1-.--...-*.*1
-01-*--0.*--*-*-
..1--.-*...---0-
000-*--0.-1--00-
.*---01-.--000-0
000000---010--0-

Generation = 24, Population = 54.
1.-**11-..---.-1
----.0----.--1--
-0.-*.1.-......1
1-1---.-**.1.1.-
--1*-.11.**-*..-
0--0.011*.10.-*-
*.-1-.1*...-0--0
11--.--1.0------
..111-*-.11-----
11------11------

*** Life<Cell> 3x3 ***

Generation = 0, Population = 9.
000
000
000

Generation = 1, Population = 4.
-1-
1-1
-1-

Generation = 2, Population = 0.
---
---
---

Generation = 3, Population = 0.
---
---
---

Generation = 4, Population = 0.
---
---
---

Generation = 5, Population = 0.
---
---
---

Generation = 6, Population = 0.
---
---
---

Generation = 7, Population = 0.
---
---
---

Generation = 8, Population = 0.
---
---
---

Generation = 9, Population = 0.
---
---
---

Generation = 10, Population = 0.
---
---
---

*** Life<Cell> 18x10 ***

Generation = 0, Population = 19.
----00----
---0------
00--0-----
----0-----
----------
-00-0---0-
----0-----
-----0--0-
---------0
-----0-000
----------
----------
----------
----------
----------
----------
----------
----------

Generation = 1, Population = 43.
----110---
000-00----
110-10----
00-010----
-00-----0-
011-10-0-0
-0001-----
------00--
-------001
----0--1--
-----0-000
----------
----------
----------
----------
----------
----------
----------

Generation = 2, Population = 48.
0000-*10--
-1--11----
*--0*10---
-1-1*-0-0-
01--------
1-*0-1--0-
--1---0--0
-000001--0
----0--1-*
---0--0-0-
---------1
-----0-000
----------
----------
----------
----------
----------
----------

Generation = 3, Population = 67.
11-11*-10-
0*-0-*00--
*10-.*-00-
0*--.01--0
----000---
*1*1---0--
0--01010-1
011-1---0-
-0001-0-0*
--0--0-1-0
---0-0000*
----0--1--
-----0-000
----------
----------
----------
----------
----------

Generation = 4, Population = 47.
-----*1-10
1.011.-10-
.-1-..--1-
-.--.1----
--0-11---0
*-*-1-0100
-01-*---0-
-*------10
-----0-1-*
--10-1-*--
----0----*
-----0--0-
---------1
-----0-000
----------
----------
----------
----------

Generation = 5, Population = 68.
1-01-**1-1
-*--**-*1-
.1*-*.--*0
-.--**1-00
011----0-1
.1*--11-1-
----.01--1
0*--10----
-00011-*0*
-0*10*-.0-
--0--0-0-.
------01-0
-------00*
----0--1--
-----0-000
----------
----------
----------

Generation = 6, Population = 71.
-11*1*.-1-
-.0-..0.-0
.-*-..0-.-
0.-1***0-1
1*-01-0--*
*-*11--1-0
0-1-.1-0--
1*---1-01-
-111-*-*1*
0-.*1.0.1-
--1--101-.
--0---1*01
----0--1-*
---0--0-0-
---------1
-----0-000
----------
----------

Generation = 7, Population = 77.
1***-*.1--
-.--*.1*--
.1*-*.--*-
1.--...1-*
*.11*1100*
*1.*---*-1
-0*-.*---1
-.101--1--
0---1*0.-*
--..*.1.*-
00*--*--0*
-0100--.--
--0--00*-*
--0--0-1-0
---0-0000*
----0--1--
-----0-000
----------

Generation = 8, Population = 70.
****1*.*1-
1.--*.**--
.*.-.*00*-
*.-1...*-*
*.***----*
*-..---*1-
--.0..1-0*
1.---1--1-
-11-*.-.-.
-0.**.*.*0
11.-0*-1-*
----101*0-
-------*-.
-01-0---0-
----0----*
-----0--0-
---------1
-----0-000

Generation = 9, Population = 85.
******.**1
*.0-....1-
**.0**1-.-
*.-*.*.*0*
*.***1---*
.1*.1--*-1
--.-..-01*
-*10---1*-
--*1*.0*-*
--....***-
*-*-1.-*-*
00-0-1-.1-
-00--0-.0.
01*-10----
-0001---0*
------01-0
-------00*
----0--1--

Generation = 10, Population = 81.
*.***..***
..11....*-
*..-.**-.0
*.-....*-*
*....-1--*
.**.*-1*1-
--.0..11**
1**----*.0
--.***-.-*
0-*.*....0
*1*0-*-.-*
----1*1**-
01----0.1.
1-.0--0--0
--1---0-1*
-000001---
----0--1-*
---0-00*-0

Generation = 11, Population = 92.
.**.*..***
..--.**..0
.*.0..*-.1
**-..*.*-*
*....1*0-*
.***.-*.-1
0-.-.*--.*
***011-*.-
-1..**0.1*
10......*-
*-*1-.-*-*
--1-*.*.*-
-*000--.**
*-*-10-101
0-*01---**
011-1---0-
-000100*-.
--0-01-*-1

Generation = 12, Population = 81.
.....*****
.*11***..-
***-*..-.-
**0.**.*-*
*...*-.--*
***.*1.*1-
10.-.*-1*.
*.*-**1*.-
0-....1.-*
--.****..0
*1**-.-*-*
0---**...1
-.--1-0...
*1.-*1-*-*
-0.-*---..
-**---1-1-
-----1-*-.
--10--0*--

*** Life<Cell> 13x19 ***

Generation = 0, Population = 30.
----0-0------------
-------0---0-------
----0----0-00------
--0---------0------
0--------0-0-------
--0-------00-------
-------------------
---------0---------
-----------00------
----0----0---------
----0----0---------
-0--0----0--0------
---0-00------------

Generation = 1, Population = 72.
---0-------0-------
--------0001-------
--00-0-00----0-----
00-00------010-----
-0------0-01-------
00-0------1-0------
--0------000-------
--------0-000------
----0-----0110-----
---010--01000------
-0-0-0--0-0-0------
0-0-1-0-0100-0-----
-00-0110-0--0------

*** Life<Cell> 37x5 ***

Generation = 0, Population = 3.
-0---
---0-
-----
0----
-----
-----
-----
-----
-----
-----
-----
-----
-----
-----
-----
-----
-----
-----
-----
-----
-----
-----
-----
-----
-----
-----
-----
-----
-----
-----
-----
-----
-----
-----
-----
-----
-----

Generation = 3, Population = 17.
-1--0
1*00-
01-0-
-0110
--00-
-0---
0----
-----
-----
-----
-----
-----
-----
-----
-----
-----
-----
-----
-----
-----
-----
-----
-----
-----
-----
-----
-----
-----
-----
-----
-----
-----
-----
-----
-----
-----
-----

*** Life<Cell> 26x12 ***

Generation = 0, Population = 23.
0---------0-
--0----0----
----00-0----
------------
------0---0-
---0--00----
0-----0--0--
------------
---0-----0-0
---------0--
--0--0----0-
---0--------
------------
------------
------------
------------
------------
------------
------------
------------
------------
------------
------------
------------
------------
------------

Generation = 4, Population = 47.
--1--0-*----
.-0--.-----0
*0-1-.1.0-10
------.-----
0-11-..--*10
---0*-1--.00
--*.--.-.-.1
---.--.-----
--.--10--100
---1-000---.
-0----1---0*
-----.-1----
---0-----0-1
---------0--
--0--0----0-
---0--------
------------
------------
------------
------------
------------
------------
------------
------------
------------
------------

Generation = 8, Population = 77.
-.*-.*0*.-01
***0-..*0*0.
*-.1-...-1.0
*0**--.0--*-
--.1-..*1..1
-*.**-.-..1*
01..--...*.*
--0**1.--*-*
-*.-.--11.01
-.0-*0--..-.
-1---0*-0.-*
-----**--1-*
------0--.-1
---1--10----
0-----1--0-*
-----.------
---0-----0-1
---------0--
--0--0----0-
---0--------
------------
------------
------------
------------
------------
------------

Generation = 12, Population = 99.
*.*-***.**0.
...0*...*.0*
.-*-1...0..*
.1..0**1-0.-
.1.--***....
*....-.**...
.*..-0....**
-11*.*..*.1*
1*...-1*...*
*.*-.101..1*
0.1-.-*--...
--0--.**-***
-0110*-1*...
---1*-.1*.-*
-1*.-0.11--*
---.-.------
--.--*---1--
---1-000---1
-0----1---0.
-----.-1----
---0-----0-1
---------0--
--0--0----0-
---0--------
------------
------------

*** Life<Cell> 30x26 ***

Generation = 0, Population = 48.
---------0----------------
--0------0-0--------------
--------------------0-----
---------0----------------
--------------------------
-0---0-----------0--------
--------------------------
--0------------0---0------
---------------0----------
----0-------------------0-
-------------0----------0-
--------0-------0------00-
--------------------------
------0-------------------
-----------------------0-0
-0---------------------0--
--------------------------
-------------0---0--------
--0000-----0------------0-
--0-----0--------------0--
---00---------------0-----
-------------------0------
--------------0----0-0----
--------0----------------0
--------------------------
--------0--------------0--
--------------------------
--------------------------
--------------------------
--------------------------

Generation = 1, Population = 153.
--0-----0100--------------
-0-0----01--0-------0-----
--0--------0-------0-0----
--------0-0---------0-----
-0---0---0-------0--------
0-0-0-0---------0-0-------
-00--0---------0-0-0------
-0-0----------010-0-0-----
--0-0---------010--0----0-
---0-0-------0-0-------010
----0---0---0-0-0--------0
-------0-0---0-0-0----01-0
------0-0-------0------00-
-----0-0---------------0-0
-0----0---------------01--
0-0-------------------0100
-0-----------0---0-----0--
--0000-----00-0-0-0-----0-
-0---10-0-0-00---0-------0
-010-0-0-0-0--------0-0---
---110--0------------0-0--
---00---------0---01-0----
--------0----0-0--01--0--0
-------0-0----0----0-0--0-
-----------------------0-0
-------0-0------------0-0-
--------0--------------0--
--------------------------
--------------------------
--------------------------

Generation = 2, Population = 137.
-------0-*-1--------0-----
0---0--0---0-0------------
---------0--------0---0---
-00--0-0-0-------0--------
--------------------0-----
--1----0-0----------------
---------------1----------
01---0-------0---0---0--0-
-----------------0------1-
------0-0------10--0--01*-
-----------0----------0---
----0-----0---0---0--01-01
-------------0---------110
-0--0-----------0-------0-
---------------------0-*--
---0--0------0---0---0---1
--0000-----0-----------100
-01-----0--1-------0------
010--*10-0---1------0-0---
0---0-0---0--0---0-0-0---0
-0-**-0----0--0---00-10-0-
--0--------------0---1-0-0
---00-------0---00-*00-0--
------0-0-0--------1-----0
--------------0----0-0----
------0-0-0----------0----
--------------------------
--------0--------------0--
--------------------------
--------------------------

Generation = 3, Population = 286.
0---0-01-.-*00-----0-0----
-0-0-0010-01--0---0-0-0---
000-00--0100-0-----0-0-0--
01100----10-----0---0-0---
-0---0-----------0-0-0----
-0-0--0---0----0----0-----
000--0-0-0---00-00---0--0-
1*0-0-0-----0-01010-0-0010
00---00-0----0-1-100-00--0
-----0---0-0--0*1-0-00--*0
----0-0-0---0-000-00-----0
---0-0---0-----0-0-001-1--
-0--------0-0---0-0--0-*--
0-00-0-------0-0-0---0-01-
-0-00-0------0--00--01-.-0
---1---0---00-0-0-0-010--*
---1-1--0-0100---0-0-00*--
--*-0-0---0*00----0---0000
-*-0-**10--00*0--0-0-0-0-0
101-10------01--0-01010---
--0**-10----0--0-01--*10-0
---0--0----00-0--1----010-
---1100-0-00-0-01--*---10-
---000-----00-0-000----00-
-------------0-0--01-10--0
-----0-----0--0----0010---
------0---0----------0-0--
-------0-0------------0-0-
--------0--------------0--
--------------------------

Generation = 4, Population = 162.
-----0---.-*-1------0-----
010---1*-1-*-0-0-0--------
---------*------0-------0-
--*--0-------0-0---0------
---------0-----0----------
--1-00-----0-0-------0--0-
-------------1------0---1-
*.----1-00-0---*1--0----*-
-----------0-------1----1-
00---10-0------.-0--1--1*1
---------0-------0--0--0-1
-00-0----------1-------*01
---------------0-------*--
--1-0-----0--1---1------*-
--0110-----0-1-----0-*-*-1
-00--0----------1--0----0.
---*0---------------0--.--
--*---1--0-.-1---0-0-0----
-.---..-10---.10---101-101
*1----0-0---1------*---0--
0--..0-10-------0----.--0-
----0---0----0-0-*-1------
--0**1----11---1-0-.0--*10
--0-1---0---1------1-0----
---00---------------0-----
----0-------0------------0
--------------0----0-1----
--------0----------------0
--------------------------
--------0--------------0--

Generation = 5, Population = 331.
000-0--1-.0.-*00-0-0-0----
1-10--*.-*-.-1--0-0-0---0-
00---0000.00---0---0---0-0
-1.00-0-----0--1--0-0---0-
----0---0-00--010--0-0--0-
-0--110--00--100------0010
0-0-000-00--0*010------0-0
..---0--11-1000.*101---0*0
-0---0---0010--1010*------
110-0*1----0---.110-*00-.-
0-0-000---0----00100100---
011--0---0----0*00--0-1*--
-0--------0--00100----0*10
-0*01----0--0*000-00-0-0*-
--1-*-0------*0-0001-.-*--
01-1010----0-0-0-001-1---.
-00*1-0--0---0--00-0---.0-
-0.-00-0-10.0--00--1-10000
0*0--..1--0-0**1000*-----*
**1----0---0-1000-0*-10100
1--..-1*10--00-------.---0
0-0-10--10000--10*-----1-0
-0-..*0--0**-00*-10*--0.-1
-01----0-00--0-0-00---0000
---110--0----------------0
----10-----0-00----001--0-
----0---0---00-0--0---0---
-------0-0----0----0-0--0-
-----------------------0-0
-------0-0------------0-0-

Generation = 6, Population = 273.
---0-0--0.-.0*-10-0-0-0-0-
---1--..-*0*0*-0-0--------
-----1--1*11-001--0-0-0---
-**1-01----0-0---0------1-
-------0-0-1----10--0-----
---0**-00------10--0--11*-
-0-------1---.-*--00------
.*0----0-*0--1-..*1-0-0-.-
-1-------------*---.-00010
-*---.-0-001---.*-1-.1-1.-
-------0----------1--11---
-*-0-1--0-0----.-1--11*.-1
--0000---0-0-------00--.*1
0-.--00-0--01.-11-----01.-
00*-.010-0-0-.---1-*0.0*--
1-----10-00---0--11*--010.
-1-.*-1-01-1-100--0-0-0.1-
--.--111---.11--10---*--1-
-.-00..-1-10-..---1.0---0.
..-0-----0---*11-0-*-*---1
---*.-*.*--0-----010-.1---
10--*-0---11-0---*-1------
-10***1--1..0--.1*1*001.--
0-*-1---0---1101-----0---1
-0-**-0---00--00-001010001
----*-0---0-0-1----1-*-0--
---01-------1---00-001-0--
----0-0-0-0-0-------------
--------------0----0-0----
------0---0----------0-0--

Generation = 7, Population = 358.
--01--01-*0.-*--10-------0
--1*0-..0.1.1.0-0-0-----0-
-00-0*-0*.**01--00-----00-
0.**--*-0----1-1-1----00-0
-00-0--10--*00----0--000--
-011*.--10-0--0----1-0*-.0
01-000---*---.0*-------01-
**10--1--*110-0.**-1-01-*0
0----------1-00.-1-*--11-1
1.0--.11-1-*0--..-*0*--*.1
---0-001-0-0----0-*0-*---1
0.110*0--0-----.0----***-*
0-11-1--0-01---10001---.*-
1-.0-1-0-001*.0**----0--.0
1-.1.---0101-.00-*0*1.1.--
*10-0-*-0110--1-1-*.011*-.
--0..1--1-0-0-11-010-01.-0
-0.00***010.*---*10-0*-0-0
-.0-1**--0*1-..100-*-1-11*
..1---0-0---1.-*-1-.0*----
100**0.*.--10-0001-10.-0-0
*--0.0-01-*-0-0--.---1----
0-1...-0--*.100***-*-1*.-1
--.----0--0---1-----0-00-*
--0.*-1000-10-1--1-*---1--
-0-0.-10-0101-*-0----.0--0
--01*0--0--0-00011-----10-
----1-------100-00--0--0--
----0---0---00-0--0--100--
-----0-0-0-0--0----001--0-

Generation = 8, Population = 241.
-0---01*0*-*-*-1-1--------
--*.--..1.-.*.-----0----1-
-11--*01*.*.1-------------
-...0-*--10-0---0*-----11-
--1-10-*1-0*---1----0---0-
-1**..-----1--1-------.1.-
-*-111---.--0.1.-0----01-0
..-----01*-*11-.**-*-1--.-
---0---0-----1-*-*0.----1-
**---*---*-*1-0..-.-.--*.-
--010------1---01-*-1*--0-
1.---.---1-----.----1***0*
---*0--------------*0-0**1
-0.--*------**-..1------.-
--.*.01----*-.1--.1.-.**-1
*--1-1.-1*---0----..-*-*0.
011..*1----11--*---1-1-.11
0-.11...1*1.*100.---1.011-
-*10-..-1-.*0..-111*-----*
..---010--00**-.--0.-*0-0-
--1..-...--*1--1---*-.1---
*-01.1-1*-*1-0-1-.---*-1--
1--...1--1*.---.*.-.0-.*1*
0-.-1-----1-----0--1-0---.
---*.----------0---.--0*0-
0--1.--------0.010-1-.-0--
--1*.1-----1------0-0---1-
--0----------------0------
---01---------------0-----
--------0----------1-----0

Generation = 9, Population = 337.
0---01-*1*-.0.----00----0-
-1*.--..-.1.**-0-00-0--0-0
0*-0-*1-*.*.-1--00-0---0--
-**.1-.00*1011--1.0-0-0*-0
--*0-10**0-.-----0-0-0-010
0-....-01--*-1*--0--0-**.0
0*0--*000.-01.**-100--1---
..--001--.-**--*..1.---0*0
010-0001----0*0*0*1.-0---1
.*---.110.-**0-..1*-.10**-
--1-1-----0*---1*-.--.-01-
-.1--.--0-00---.0-0-*...-.
001.1----0--00---00*-0-..-
1-*--*------**-..--00---.-
10*..1*0010.-.-0-.-.-.**0-
*--*--.0*.1----0--..0*1.-.
1-*..**0---*-1-*0-1-0*-.**
10.-**.*-**..---.101-*1--0
-*---**-*-..1..-*-**-1-11*
.*-011-1-01-.*1.0-1.0*----
10***-..*-0.-00*0--.0.*-0-
.--*.-0**0.-0--*-.-1-*0*-0
-11***---*..-0-**.-.-1.*-.
10.--00---*0----100-0----*
--0**-----0--01101-.--1*11
-0--.0-----01-*--10--.-10-
00-**-0---0-10-01----1---0
-01010-----0--------0---0-
---1*0--0----------0-1---0
---00--0-0--------0-----0-

Generation = 10, Population = 340.
--011*-.-*-*1*-1---1------
1-**0-..-.*.**--0----0011-
1.--0**1*...1-0-----0---0-
-...-0.--.*---01*.---01.11
0-*11*-..--.0-0--10----1-1
1-.**.01*-0*0**-0--1-0...1
-*11-.11-.01-..*--11-0*11-
..-0--*01.1..-0...-.-1-1*-
1*1--1-----11.-*-.**01--1*
*.0--.-*1.-..--..-*0.--..-
--*--001-0-.-00**-*-1*---1
1.-1-.-0-1---0-*1110*...0.
--*.----------0--11.--0..-
--.0-*-00-01**0..1--1-01.-
*-***-.11--*0.110.-*-.**11
*-0*0-.1..*--01---.*-.-.-*
-1**.*.1-10*---*10*1-.1***
--*1*...1****1-0.*--1.*-1-
-*101..-.0.*-*.1*1..0-0*-*
..1-*-1--1-0*.-.--*.-.-1-1
*1...-...-1*--1.-11.1..0--
*-0..-1*.-*1-0-.0.0-0.1.0-
---*..10-*.*---*..1*-*.*1.
*-.-1-10--*11-11*11---0--*
001**01--011-1*-1*0*01*.*-
-1--.-----11--.01-11-.---0
111..--0-0---101*-0---011-
--------0----0-00----0-0-0
-0-*.-0----0--------0-0-0-
--0---0-0-0------0---1-0--

Generation = 11, Population = 338.
00-***1.1.0***----0-00000-
*-*.10.*1**...---0-0-1---0
**1--.*-.*..*11----0-0----
-*..1-.00..0-11-**0--1*.--
1-***.-*.--.10--1*1-----1-
*-....-**--.1.*1--0*-1...*
-*-*-.**0.1--..*-1*--1.*--
*.110-.1***.*1-*..-.--1-.-
-.--0------**.-.0.*.--1--*
*.-0-*-**.-.*00.*1.-.--.*-
-0*-11-*010.0--..1.--*1---
-*1-0.-1-*0-01-.**--*...-.
00**-1--0001001--*-.-01..-
1-.11.----1*..1..*----1-.0
.-...-.*-10.-.*-1.1*-**.--
*11.--.-...0-1-0-1.*0.-.0.
-*...***1--.---*-1.--*-..*
-0.-.*..*....---..--*..-*0
0*-1*..-.-..-*.-.-**1--.1*
*.*0*--10*11.*1*01*.-*---*
****.-**.--.---.-**.***1-0
*0-..1-**-.*---*-.-11.-.10
---*..*1-*..-0-...*.0*..-*
*-.0*0*-00.-*1-*.**1001-0*
-1-**---01-*0*.-*.-.--***1
0-01*010-0--1-.-*1*--.-10-
***..-0-0--11---.-1---1**0
0-10--0----0110--00----1--
0-0..010----00-000-0------
-----01---------0-0---0---

Generation = 12, Population = 340.
-10*..*.*.-**.0----111--1-
.-..--..*.....0-0-010--1--
*.-0-.*1...***-10--1-----0
0...*0*-1..--*--*.--0-*.1-
*0***.0..--*--0--.*---01--
*-..*.-..00**.*--01*-**.*.
0*1*-.*.1.*1-..*-**-0*..10
.***-0*-..*.**-*..-.--*-.0
-*101----0-...0.1...-1*1-.
.*---*-*..0..-1**-*-.1-*.-
--.1---.1*-.-00*.-*--**01-
-.*11.0*-.101--.**10*...-.
-1..--0-11-*11-1-*1.-1-..1
*-.-*.-000*...-.**-0-0-1.-
*0**.-..-*-.-**1-.**1***11
***.-1.-.**---111*.*1.1.-.
-....***-1-.-11.-**10*1..*
--.1.*..*....1-0..0-**.1.1
-.1-.*.1.0*.1*.1*-*.---.-.
...-.1---*-***-*-*..0.-1-*
.....-...01*-01.-.....**0-
*--**--..-..000.0*0**.1**1
-11*...--**.-10.**..1.**1.
.-.1.-*0-1.-.*-.***-11-0-.
0-1..0---*-*-.*-..-.0-...-
1--*.-*1-111--.0*-*1-.0*10
*....--0--0-*-0-*1-0-1*..1
-0*11---0-0--*1--------*-0
1-1**--10-----011---0-00--
0-0-0-------00--10---1-0--

Generation = 13, Population = 328.
0*-....*..0..*111---**0--0
.1.*--*.*.....101-1---0--0
..1--.***...**1*10-*0-00--
-....-.0-..--*--**0---*.--
*-*...1*.0-*--111.*-0-1*1-
.1..*.-*.11.***-0--.0...**
-.*.-.**-..-1..*-*.11...--
....01*1..*.**0*.*1.01.-.1
1.*1*1010-0*..1.**..0-.-1.
.*---.-...-..-*.*-.0*--..-
-0.*-10.**0.-11..-.--*.1*1
-.****-.0.*1-10...--*..*0.
--*.-11----.**---.-.-*1..-
*0.-..-11-.*..1...-11-1*.-
.1.**1..-.0.0*.-1...*...-*
*..*0*.1.**0-1**-...*.-.0*
1**..*.*1*-.1--.-..*-.-**.
--.-.*....*..-01..-1...-**
-.--.*.-.-*.-..*.1*.-1-.-.
...-.*110.-...1*0*..-.-*0.
....*0...--.-1-.0...*...-0
.--**1-..-..1-1.-.-**.*..*
-*-....10**.-*-.....-...-*
.0.**-*1--.1**1.*.*-**11-.
1--**-1-0*1*0.*-..-.1-...1
-1-..-*---*---*1*1*--.-*--
*...*--1---1*111**11-*...-
01.*-0-01-10-.*--0-0000*-1
*0*..01*-00-00-----0-11100
1-1010-00--011---10---010-

Generation = 14, Population = 321.
1*0....*..-..***-101.*-011
**..10*.**..*.*-*0------11
..---.*.*...*.*.---*1-1100
0*...-.--..0-.11..---1..1-
.0....**.10*-0--*.*-1--.--
.-**.*0..-*.*..-1-1.-...**
-..*-...1**1-...0*.**...1-
.**.-*.*.**.*.1...*.1*.-.-
-**-.*1*1--**.-.....--.1-.
**--0.-...-*.-*.*-.1*--*.1
01.*1-1**.-*0-*..-.01**-.*
-*....0.1.**1*-...-0*...-*
0-*.--*---0...1--.-*0.-.*-
*-.1..-**0.*..-...0*-0-*.0
.*.*.-.*1.1.1..--...*..*-*
*...1..*...1--**-..**.-*-*
-***.*.*-.0.---.-..*-.1*..
10.-**..*.**.11-*.-**..-**
-.--**.1.0..-....-*.1-0*-*
...-..--1.1...*.1.*.0.0.1.
...*.1.*.--.--1.1*.***.*-1
.00*.-1.*0..---.0.0***..**
1.1....--**.1.0*....-..*1.
*1.**-*-0-.-..-*...-**-*0.
-11**--01**.-..-..-.*-.**-
1-0**0*-0-.1--.*.*.-0.0.10
*.*.*--*--0-*--*..*-0*.**1
1-.*1101*0--1..--101--1.0*
.1...1-.-1---------10---1-
*0----1-1--1*-0-1*1----*--

Generation = 15, Population = 328.
-.1..****.-..***1--*..-1*-
*.*.*-*.**..*..0*---0101**
..--0.*.**.**.*.100.*0*---
1*...-*01*.1-.-*..000-*.*-
*1...***.*1.1---*..----.-1
.-****-..1..*..1-0*.-...**
-*.*1*.**..*1*.*-...**..*-
.*.*0*......**-..**.-*.1.-
-..1**-**--.*.-*....-1**1.
..--1.-...0..0.*.1.-.--*.*
-*.*---.**-.-1**.-*1-.*-.*
1..*..-.*.*.*.0...11....-*
11*.-1*---1..*-1-.-.-*-.*1
*-.*..-..1.*..1...1.---*.1
*****-*.-.-.-..1-.*..*.*-*
*...-..*.**--1..1..***-*-.
1.**.*.*-*1.-1-.1.*.0***.*
*-.-...**.**.**-..-.*..1.*
0.-1***-.-.*-**..1*.---.-*
...0.*-1-*-.....*.*.-.1.-*
...**-**.01.-1*.*......*-*
.11**--**-*.1--.1.1..*...*
*.*.**.-0.*.-.1**...-...*.
*-..*-.111.-..-*...1**-.1*
1-*..-11-.*.-..-*.-**-...-
*11..-*-1-.---..*..1-.-.*-
*.*..10.0--1*11....1-....*
*-****-*.--0*..00*1-0--.1.
.**..*1.0*00--0-1-0-111-*-
*-1-------0*.---***-0-0.--

Generation = 16, Population = 320.
1***.**.**-..**.-10.**--.-
.*..*0....***..-.-1--*1*.*
*.101.*....****.---..1.--0
-*...-.1*..*1*-*..---1**.-
*-.*......*.*0-1*..01-1*1*
*1....-..*....**11..0...**
0*..-...*..*-...0..******-
....-.........1.*...-..*.-
-.*-..-..00**.1..**.0-..*.
..-0**-*..-.*1.*.-*1.10..*
-.**---.*.0*--.**-.-1..-.*
*..**.0**.***.1...--*...-*
*-**1*.01-*.**--0.-*0.1..*
.0....-..-*...-*..*.--1*.-
*.***-..-*1.-.*--**..*.*-.
*...1*.*.**10****.*...1*0.
-......*1.*.1--***..1..*..
*0*-...**..*...1..-.*..*.*
1.1-.*.1.0.*-***.***1-0.1*
..*-..-*-*-.*...*.*.-.-.1*
.....1...--*-*..*.....*.-*
.**..--..0*.---.-.-......*
*.*..**1-.**1.*.**.*1*..*.
*1..*-.-***-..-....-.*1.-*
-1**.0--1...-..-*.0..-..*1
*-**.-.1*1.110.*..*--.-..-
*....--.100-.-*....*-...**
*1....-..0-1...11.-11-1***
*....***1*11-0-1----*---.0
.0*0-01-1--*.-00*.*-111*0-

Generation = 17, Population = 303.
****.**..*-***..1*-***-1.1
.....-.*.**....-.-*1-.-.*.
*.*--.**......*.--0.*-.-01
1*..*-.*..*.-.1**.-0--...-
*1*.....***..-1*.*.1-0-.**
.-*...-..******.-**.-.....
-*..-.......1.*.-..****..-
.*..-....*..***.*.*.-....-
-..-*.-..1-**.*.***.--***.
..0-*.-.*.-..*.*.-**.*1.**
0.*.111.*.-.01.**1.-*..-**
......1.......-.*.--*...0*
*1*.**.---*.**---.-*-.***.
*-...*-.*-*..*-**.*.1--**1
*.***-..1.*.1..1-.**.*..-.
.*..-***...-1.....**.**.1.
-.......-...*--..*.***....
*-*1.......*.*.-..0.*.**.*
*.-1...-.1.*1***.**.---.-.
.*.0..1.-.1*....*.*.0*-.-.
.**..-..*--*1....*......-*
.**..-1..1..101*-*-.**..**
*.**.***-...*.......-**.**
*-..*0.-*.*-..1**.*1.***1*
1-...-1--..*0..-.*1..1..*-
*1.**0.*.-.*-1**.**--.-..-
*.*..--*--11.-*.*.**-....*
**....0..--**..-*.1---**..
*...**..*.-*--0-1-0-.---.1
.1*1---0*--**-11*..----*1-

Generation = 18, Population = 322.
.**...*.**0**...**0**.--*-
*..*.0.*.*****.-.-.-0*-*..
*..01.**.**...*.101.*1.1-*
*..*.0**..*.-**.**-1-1...-
****....*...*-*..*.*--1...
*1*...-.*...*...1*..0.*...
0**.-....*..-...0..***...-
....0.....*...*.*.*.1....-
-..1..-.**-*....*...--*.**
.*1-*.1***-*.....1.***-...
-*..---...-.1-.*.**-*..1..
*.*...**...*..-***--**..1.
*-..***-11.***11-*-*0**...
*-...*0..-*..*-****.---..*
*.***1..*...****-....*..-*
.***-***...1-*...*....*.-.
1**...*.-..**--..*......*.
.-*-......**...1*.1.*.*...
*.--*..-.-..-****.*.-10.-.
**.1..-.1**...***.**1.1.-.
*..*.-.*.--.-.**.***....-*
*....-*.*-..*--.-.1.****..
*.**...*-*.**....***-.....
*1.**-.-...-*****.**....-.
--.*.0--1.**1..-..*.**..*-
*****1.*.-..1***...--.-..0
..***1-*10**.-*.*..*0.....
*....*-*.--.**.1*.---0..*.
*..****.*.1.0011--11.-1-.-
.***-011*00**---**.---1.*-

Generation = 19, Population = 279.
.**...***.1..*...*-***--.1
*..*.-.......*.-.-.-1.-*..
***1*.........*.-1*..*.*-.
*....1....**-.*...0*0*...1
...**.*.**.**0*....*--*...
.-....-.**...*.*-*..1.*...
-.**1....*..1...-.*......-
.***-...*.*.....*...*....1
-.*-**1...0*...**.*.--....
.**0..**.*-**....*.***-**.
-..*1--...-*-1.*...1..*-..
*.....***.**..-...--...*-.
*1..*..0**.*.*-*-.1*1.*...
*0....-.*-*...-..***1-1...
*....*.....*...*-.*.....1.
....1..*...*-...*.......1.
*....***-....--..**..*.*..
*-*1......**.*.-..**..**..
*.1-...-.1.*1*....*.1*1*-.
*****.-.**..........*.*.-.
*.*..-.*.01.1**........*0.
*.**.1*.*-.**01.-.-.***...
*.***..*0..*..***...-**...
**...-.1**.1..***.......1.
--...11--...*..-***.*....-
.*...*.*.1..-.**...1-*-..-
*....*-*--**.1..*...1.....
.**...0..0-....-**1---....
*..*......*.11--1-**.-*1.-
.***1-*-*-1.*-1-***1-1**.0

Generation = 20, Population = 284.
.**....*..-.......-***01.-
*...*-.*.....**-.-.-*.1.*.
*.***........**.1**..*..0.
*....-...***-.**.*-.-*...-
....**.**..*.1.*....1-*...
.-*..*0*...*....-.**-*....
-*..*.....*.-...0*.*.*...0
.*..0.....*....**..*.....-
-..-**-.*.-.*..**.*.-1..*.
.*.-..**..0...**.*.***1*..
0*.**1-..*-.1-....**.**1*.
**.****....*..-...1-****1.
.-....*-...**.-.0*-.-.**..
.-....-**1***.-.**..--**..
**........**....-.*....**.
....-..*....1...*.*....**.
.*.*****1.***1-..***...**.
*-**..*...**.*.-........*.
*.-1*..-**.*-*....*.-.-.1.
*.....-.......*....**...1.
*....1**.-*.-.*.....*..*1.
*....**..-...1*.1.-.*.....
*...**..1..*....*...-.**..
*****0.-.******......*..-.
1-...-*11**..*.1.****....-
....**.**-**1***..*--*0..-
*.*..*0*10*..-*.*.**-.....
***...-..-1..*.1*.--1-....
*...**.*..*.-*-1--..*-.-*1
.****-.-.-*.*1--*..--*.**-

*** Life<Cell> 18x15 ***

Generation = 0, Population = 37.
-0-------------
-0-0-------0---
--0---0--0-----
-0-0-0-0-------
--0--0--0------
---00----------
-------0-------
---0----------0
-0----0--------
-0------0--0--0
0--------0-----
--0-----0----0-
-0--------0--0-
----------0-0-0
-------------0-
---------------
---------------
---------------

Generation = 2, Population = 82.
-*11--0--0-----
-------0-1---0-
010--0-0---1---
----0--0-1-0---
0-010----10----
--0---01------0
-00---1-10-----
---010--0--00--
1--10--110-----
--1---1-001-1--
0-1---00--11-1-
10--0-0-0---1--
1--0----11-10*-
--0-------*--0-
-0--------10-0-
----------0-0-0
-------------0-
---------------

Generation = 4, Population = 80.
1.1*--0-1*-----
-1--01---.-1---
*1*--000--1.-1-
-----1-*-.-*--0
00--0----1--0--
1--1---.------0
1-00--.----1---
-100**--0-1-*1-
-------.1----0-
-*.0-1.0----1-0
--.-11-*---.---
.--00-*--0--.-0
*----0---.*.*.-
-0----0--0.-001
1---------.--*-
--0-----0----0-
-0--------1--0-
----------0-0-0

*** Life<Cell> 10x29 ***

Generation = 0, Population = 37.
0-00-----0-------------------
0---0-0-0--------------------
----0----0-------------------
---0-00--0-------------------
-0--00--0--------------------
----00-0---------------------
--0-0----0-------------------
---000-000-------------------
-0--0--0---------------------
-00-0----0-------------------

Generation = 5, Population = 63.
.-**01-1-*----0--------------
.--*.---0..--0---------------
.0-..*-1*.---10--------------
0-1--0..1--1-10--------------
0--11.0.-00------------------
--*1.1---*0--0---------------
0--10-.0.----10--------------
*-0*1.-11*.1--0--------------
*.0-1-1*---1-----------------
**--..--1-000-0--------------

Generation = 10, Population = 89.
.*..0..1*.**00-0---0---------
.*1.*--0**.10..-010----------
.0-.*.-.*.0*1*010*-0---------
.111-1...--*1*-*---0---------
.11**.-.0*---*-0--0----------
1-...-0--.1*.*0-01-----------
11..-.*..*-*.*--0--0---------
*1-..*1.....*0.-1-10---------
*.*-.0..-1-*-----------------
.*--..*-***-.-0-1--0---------

Generation = 15, Population = 121.
....1**1....1.-1.*1000--0----
..*****1..*.1*.1-..--*10-----
.-*...1.***.*.0.**0*1.010----
****--..*11.*...-*1-01-10----
.-*...1...*0-.1.---00--------
.*.*.*.1-.**...*1*-*1*-0-----
.1*.0.*.**1*..0*-*--1--10----
.11*..1..*...1.-*0*1*-*-0----
...*...*1*..1-*-1-1---0------
..1-*.*-..*1..--1.-**00-0----

*** Life<Cell> 28x26 ***

Generation = 0, Population = 50.
0-0----------------0------
-------0------0---------0-
---0----0---------------00
0-------------0----0---00-
--------------------------
-----------------0--------
--0----------0--0-----0---
00-------0----------------
0----------------0--------
------00-------0----------
--------------------------
-----------0------------0-
--------------------------
--------------------------
--------------------------
-----------0-------------0
-------0------------------
0--------------0----------
-------------------0------
-------------0---0----0---
------0----0-------0------
-----0----------------0---
--------------------------
0-----------------00------
-------------------------0
---0---------------------0
--------------------------
--------------------------

*** Life<Cell> 36x18 ***

Generation = 0, Population = 39.
-----0----0-------
--------0------0--
---------------0--
----------0------0
0------0---------0
------------------
--0---0-----0-----
------------------
-000------00--0---
-------------0----
-0----------------
---------0--------
----0-----00-0--00
-----0---00-------
-------00-0-------
------------------
------0------0----
-0--------0----0--
------------------
------------------
------------------
------------------
------------------
------------------
------------------
------------------
------------------
------------------
------------------
------------------
------------------
------------------
------------------
------------------
------------------
------------------

Generation = 1, Population = 120.
----0-0-00-0---0--
-----0-0-00---010-
--------0-0---0100
0------0-0-0---001
-0----0-0-0-----01
0-0---00----0----0
-0-0-0-0---0-0----
-0-0--0---000-0---
01-10----0110--0--
--00------000-----
0-0------0---0----
-0--0---0--0-0--00
---0-----0-1--0011
------00-11--0--00
-----0011010------
------000-0--0----
-0---0-0--0-0-00--
0-0---0--0-0-00-0-
-0--------0----0--
------------------
------------------
------------------
------------------
------------------
------------------
------------------
------------------
------------------
------------------
------------------
------------------
------------------
------------------
------------------
------------------
------------------

Generation = 2, Population = 102.
---0-0-01-0-0--1--
------0------0----
0----0-0--1--0----
------------0----*
0----01--0--0----*
----------0------1
-101---10--1-----0
-------------0----
1-0*100-01--10--0-
---------0-1---0--
-01-0--------10-00
-----0-0-001-1----
-00---00-10*001--*
---0----0*-00-----
----01--*1-10---00
-0---0---0-----0--
----0--1--10---1--
---0----0---01---0
------0------0----
-0--------0----0--
------------------
------------------
------------------
------------------
------------------
------------------
------------------
------------------
------------------
------------------
------------------
------------------
------------------
------------------
------------------
------------------

Generation = 3, Population = 184.
--0---01*-----0-0-
0--0-0-00----101--
-0--0-0-00-0-10--0
------00-0001---0.
-0--01*00--010--0*
0000-0000---0---0-
0*-*0-0*10--00--01
00--0000-0-0-10-00
--1*--1-1-1-*-0--0
00-0-00--1------00
01*----0--0-0-1011
------01--1-0-0-0-
011---1-0*1.11*01.
-0---00--.111-0-0-
-0--1-01.*---0--11
0-0-0100-1--0-01-0
-0----0---*1-00*00
--0---0--00-1-000-
-0-0-0-00-0--100-0
0-0---0--0-0-00-0-
-0--------0----0--
------------------
------------------
------------------
------------------
------------------
------------------
------------------
------------------
------------------
------------------
------------------
------------------
------------------
------------------
------------------

Generation = 4, Population = 119.
00----1**0----11-0
----0---1--00--*-0
--0--01---110-----
------1------0001.
-1--1*.------1001*
--------1----0-0-1
1.0.--1.*-0----01-
---0-----10------1
-1**-0-0---1*0100-
---1-1----0------1
-**--0010-1-1-----
-----0-------1----
1**0---01.*.*-.-**
-----11-0.----10--
-1-0*-1-.*-10-0---
---------*--------
--0-0----0.*-1-.1-
-0----1--110--1--0
-------11-1-------
------------------
------0------0----
-0--------0----0--
------------------
------------------
------------------
------------------
------------------
------------------
------------------
------------------
------------------
------------------
------------------
------------------
------------------
------------------

*** Life<Cell> 30x13 ***

Generation = 0, Population = 18.
--0---------0
-------------
--------0-0--
---0-0----0-0
0----0-------
-------------
-0--0--------
-------------
-------------
----------0--
-0--0--------
--00-------0-
-------------
-------------
-------------
-------------
-------------
-------------
-------------
-------------
-------------
-------------
-------------
-------------
-------------
-------------
-------------
-------------
-------------
-------------

*** Life<Cell> 17x35 ***

Generation = 0, Population = 35.
-----------------------------------
----00-----------------------------
-----------------------------------
----00-----------------------------
--0-------00-0---------------------
-----------------------------------
--0---0-------0--------------------
0-------0-0-0---0------------------
0--0------0------------------------
------------0----------------------
0---------------0------------------
--0----0---------------------------
------------0--0-------------------
------0------0---------------------
--0--0----------0------------------
-----0----0------------------------
------0--------0-------------------

Generation = 4, Population = 106.
--1-11----00-0---------------------
01-1..1-10-------------------------
--0-000-------1--------------------
-1.-***--11-1---0------------------
---1---1-.*.--1*-0-----------------
----0*------0----------------------
--0.--1-----..--.-1----------------
*-.-00.00-----1-0---0--------------
----1-01--11*0*0.------------------
------0-0----0--.------------------
--1-011-----1-0.0---0--------------
*--0-*.-1--11---0------------------
*-.1--0-1-*0--.01--0---------------
--.------00-0----1-----------------
-1-------0--*--00---0--------------
-00--1**-10---0--------------------
-----0----000--*1--0---------------

Generation = 8, Population = 138.
.0-1..-01**---*--------------------
.*01...*..11-0---------------------
-0---.*-.-1-*111.------------------
.-.-..*1..11--110------------------
*-.*.---0...-*.*1-.*-0-------------
1-101.---1-.-1-0.-1----------------
.-0.--.-.--*.*--*011.-1------------
.-*0--.-*-.-1-.101--0---0----------
--0-*-0*-1.1.*.-.-*-.--------------
---0-0-.--.---1-.*-0.--------------
1--1..--1-01.10.--------0----------
.0-**..1.1--*0*-0*-----------------
.1**0--1.-*0.-.-*0.-1--0-----------
0-.1-1.*--1-.1-1.----1-------------
**---.0-*-*-*---*-------0----------
*-1*-1*.--0-00----0----------------
0--0-.*-.100.--**-*----0-----------

Generation = 12, Population = 176.
.-1...--****.-.*-100-0-------------
..0*.*.*....*..110-----------------
-.1*0..-*.1-.....11---1------------
*-*-.....*1**0*--.-0----0----------
.-**.1.1-...-.*.....0*-*-0---------
.-*-..*1-1-..1-..-*---1------------
*.-.-0.0.*1..*.1.*...011.-1--------
......*-...11....*--0-1-0---0------
---0.--..*.*.**.*..-**--.----------
0--*1-0*.-.---*-**1-.10-.----------
*1.1..-0*1.*.*1.-00*-0-.0---0------
*11.*....-1*.*.*0.-11---0----------
*...*1--.-.*.*.*.-*---.01--0-------
*...*1.*11.*.11*.*-10----1---------
**0--.1*.1.-.1-...-----00---0------
.-..0...11-*-*1.11.1*-0------------
---1-..***-*.*-..1..*10*1--0-------

Generation = 16, Population = 198.
.1*...--***..0...-0.*-*------------
.***....****..*-**--0011-----------
-...*.*1*..-*....*.-00*-.----------
.-..**.***...-.*-.-0-1-*11---------
.-...1.***..***.*.....1*1-.*-0-----
**.*...*-.-...*.*0.0*0..101--------
**-..-.......*****.*..-..011.-1----
**....*0.*.1....*.-*--.111--0---0--
*11..1.**.*..**......*1*.---.------
*--..-*..-.---....-*.*.1.*-0.------
****..*-*..*.*..*1..-*-.-0------0--
*.**.....-.*.****.-**11--.---------
**...-..***.*.*..0*010.-*0.-1--0---
*....1.**1...**...1.1.0-.----1-----
*.*.-....**-***...0--1-1*-------0--
.-..0...1.*.-....-*..-.--00--------
*-1**....**..*-***...-1**-*----0---

Generation = 20, Population = 215.
.*****1...**.-...-*...*--100-0-----
.*..*.....**...1*.11.*-..001-------
1.*...**..**.*.*...10-....-*--1----
**...**....*..***.1*-*-*..---0--0--
*.***.**......*.***.***.*-..-*-*-0-
..*....*-*-......0.0.1.*--*.*11----
.*...-*.......*......*1..-...-11.-1
..**...1*..1.**...-..**.**-1--1-0-0
.**..*.....*.*...........*-1.---.--
**...-***1*1-*..........*.0-.10-.--
*.*....0******......-.1.-.-.1--.0-0
.***..*...*.*...*.-....**.1--*--0--
.....-.**...*..****---*..**0--.01--
.....-.***.**.**..**..0**.010----1-
........***-*..*.*0--1-*.-0----00-0
*-..-.*.-*...*...*.....**-1*-00----
.****........*1*.*...-**...0--0*1--

*** Life<Cell> 14x24 ***

Generation = 0, Population = 4.
------------------------
------0-----------------
------------------------
------------0-----------
------------------------
------------------------
0-----------------------
------------------------
------------------------
------------------------
------------------------
------------------------
------------------------
--------0---------------

Generation = 1, Population = 14.
------0-----------------
-----0-0----------------
------0-----0-----------
-----------0-0----------
------------0-----------
0-----------------------
-0----------------------
0-----------------------
------------------------
------------------------
------------------------
------------------------
--------0---------------
-------0-0--------------

Generation = 2, Population = 15.
------------------------
----0---0---0-----------
------------------------
------0---0---0---------
0-----------------------
------------0-----------
0-0---------------------
------------------------
0-----------------------
------------------------
------------------------
--------0---------------
------------------------
------0-0-0-------------

Generation = 3, Population = 42.
----0---0---0-----------
---0-0-0-0-0-0----------
----0-0-0-0-0-0---------
0----0-0-0-0-0-0--------
-0----0---0-0-0---------
--0--------0-0----------
---0--------0-----------
--0---------------------
-0----------------------
0-----------------------
--------0---------------
-------0-0--------------
------0---0-------------
-----0-----0------------

Generation = 4, Population = 15.
------------------------
--0---0---0-------------
0-----------------------
--------0-------0-------
------------------------
------0-----------------
--0-0-------------------
------------0-----------
------------------------
--------0---------------
0-----------------------
--------0---------------
------------------------
----0-------0-----------

Generation = 5, Population = 52.
--0---0---0-------------
00-0-0-0-0-0------------
-00---0-0-0-----0-------
0------0-0-----0-0------
------0-0-------0-------
--0-00-0----------------
-0---00-----0-----------
--0-0------0-0----------
--------0---0-----------
0------0-0--------------
-0----------------------
0------0-0--------------
----0---0---0-----------
---0-0-----0-0----------

Generation = 6, Population = 47.
0-----------------------
1-------0---0---0-------
0-1---------------------
--0---0-------0---0-----
0-0-0-------------------
----1-------0---0-------
0-0-0-1-----------------
------0-0-0---0---------
0-0-0-------------------
------0-0-0-0-----------
0-0---------------------
----0-0-0-0-0-----------
0-----------------------
--0-0-0-0-0-0-0---------

Generation = 7, Population = 76.
10------0---0---0-------
-00----0-0-0-0-0-0------
1-*0--0-0---0-0-0-0-----
-0-000-0-----0-0-0-0----
--1-100-----0-0-0-0-----
---0-00----0-0-0-0------
----1-*00-0-0-0-0-------
-----01----0-0-0--------
-----0------0-0---------
----00-------0----------
---00-------------------
--00---------0----------
-00-----------0---------
00-------------0--------

Generation = 8, Population = 14.
*-----------------------
1-------------0---------
--.---------------------
----1-------0-------0---
------------------------
------1-0---------------
------.-1---------------
--------0---------------
------------------------
------0-----------------
------------------------
------------0-----------
------------------------
1---------------0-------

Generation = 9, Population = 44.
.0------------0---------
*0-----------0-0--------
1-.-0-------0-0-----0---
---0-0-----0-0-----0-0--
----1-0-0---0-------0---
-----0--10--------------
------.0-0--------------
-------010--------------
------0-0---------------
-----0-0----------------
------0-----0-----------
-----------0-0----------
0-----------0---0-------
-0-------------0-0------

Generation = 10, Population = 38.
*10---------------------
*-0-0-----------0---0---
*-.---------------------
0-0-----0-0-------0---0-
--------1---------------
----------0-0-------0---
-----0*1--0-------------
--------*-0-------------
--------1---------------
----0-------0-----------
------------------------
0-----0---0---0-0-------
------------------------
--0---------0-0-0-0-----

Generation = 11, Population = 97.
*--00-----------0---0---
*01--0---------0-0-0-0--
*0.-0---0-0-----0-0-0-0-
1--0---01--0-----0-0-0-0
0-1----0*0--0-----0-0-0-
-----010101--0-----0-0--
----11**-0-00-------0---
-----01-*-10------------
----0--0*00-0-----------
---0-0--0--0-0----------
0---0-0---0-0-0-0-------
-0---0-0-0-0-0---0------
0-0---0---0-0-----0-----
-0-0-------0-------0----

Generation = 12, Population = 44.
*--11-------------------
.1*-0-0-0-0---0---0-----
.-.-----1---------------
------0-*---------------
1----0-1.---------------
0-0---*-*-*-0-0---------
---0*-..-1--1-----------
----0---.---0-------0---
-----0-1.---------------
0-0-----1-0-----0-------
--------0---------------
0-----------------------
------------------------
--0-0-0-------------0---

Generation = 13, Population = 89.
.--*-00-0-0---0---0-----
.**01---1--0-0-0-0-0----
.0.-0--0-00---0---0-----
1------0*0--------------
*01-1---*-0-0-0---------
1---1-*0*0.-1--0--------
0--1*1..---0-00-----0---
----1--0.0-010-----0-0--
0-0-----.-0-0---0---0---
---0-0--*--0---0-0------
--0----0100-----0-------
-0------0---------------
0-0-0-0-------------0---
-0-----0-----------0-0--

Generation = 14, Population = 90.
.1-*111-1---------------
.*.1--0-*-0---------0---
*1.-1001--1-------------
*00---0-.-0-0-----0-----
*-*-*001.---1-----------
--0--0*-*1*-*-0-0---0---
100*.*..1-01--1---------
--0-*-1-.-1-*---0-0---0-
----00-1*---1-----------
0-0---0-*-0---0---0-0---
-----001--1-------------
--0-0-0-1-0-----0---0---
--------0---------------
----0---0---------0-0-0-

Generation = 15, Population = 144.
.*-*----*00---------0---
.*.*10-0*-10-------0-0--
.*.-*--*-0-00-----0-0---
.1-0-0-0.01-10---0-0----
*0*-*1-**0-0-00-0-0-0---
-----1.0*-*0*-1--0-0-0--
*--.....*11*10*0--0-0-0-
0-10.---*0*0*000---0-0-0
0--0-1-**0-0*00-0---0-0-
---0001-*-1000-0-0---0--
0----1-*10-0--0-0-0-----
-0---010*-10---0-0-0-0--
--0---00-00-----0-0---0-
---0-0-010-------0-----0

Generation = 16, Population = 57.
..-*-1--*---------------
**.**1--.-------------0-
**.0.00*11--------------
.-0--1--.1*---------0---
*1*0.*-..--1------------
-00--*.-.-.-.-----------
.00......*-.-1.-0-------
--*-*0--.-.-.-----------
10--0*0..--1.-----------
--0---*-.-*-1-----------
---0---.-1--------------
----0-*-.---0-----------
-----0-1----------------
------0-----------------

Generation = 17, Population = 79.
..0*1*10.0------------0-
**.*.*-0.0-----------0-0
*..1.1-*------------0-0-
.1101--0.-*--------0-0--
**.1.*0..0--1-------0---
-11-1..-.1.0.0--0-------
.-1.**....1.1-.0-0------
00*-*---.0.0.0--0-------
*100-.-..---.-----------
0---0-*0.-*0-0----------
-------.1---------------
-----0*-.0-0-0----------
--------0---0-----------
------------------------

Generation = 18, Population = 81.
.*1*-*--.10-------------
**....0-.11-------------
*..-.*-*111-------------
.---*1-1*-.01-----0-----
*..*.*1.*1------0-------
---0*.*-.*.-.-1-----0---
*0-.**...*-.-1*---0-----
-1.0*---.-*-*-0---------
.*110*0..00-.---0-------
1-0---.1.0.1--0---------
0---01-.--1-------------
----01.0*---0-0---------
-----001----------------
--------1---0-----------

Generation = 19, Population = 107.
**-.-.--.--0------------
*...**--.**0------------
**.-**0.**--0-----0-----
.---.*0-.1.1*0--00-0----
...*..-..-011-00-00-0---
-11-..*0.**-.-*00-00-0--
*-1......*-.-**0-0-00---
--.-.01-.0*-.0100-0-----
*.**1*1.*---.--0-0------
*01---.-*1.-10-00-------
1000--0*1---0-----------
0--0-*.-*010---0--------
--------0-----0---------
-----00--0-0-0----------

Generation = 20, Population = 99.
**1.1.--.1-10-----------
....*.--**.-------0-----
**.1..-**.-01---0-------
.1-0..-1**.-.1--1-------
..*..*-**1-*-0----------
-*--...1**.-*-.-1-----0-
.0*..*.*..1.1..1----1---
--*0.--0*-*0.-*-1---0---
*.**-.-.*00-*-----------
.1*000.-.*.1-1--1-------
*11-0-1.*11-1---0-------
1--1-.*-.--1----0-------
0--0--01100-------------
----0110----------------

Generation = 21, Population = 119.
.****.--**-*10----0-----
....*.--.*.-----00-0----
**.**.0...11*--0100-----
**11*.0*...-.*00*0------
.**...-..*-.110-------0-
1*1-...*...-*-.--0--00-0
.-.*......*.**.-0--0*00-
0-.-*01-.0.1*0.0-0-010--
....-.-*.1--*-0-----0---
.-.111.-...---00*0------
**--11*****----0-0------
---*-.*-.-1----010------
1001--1*--1-----0-------
1---1-*--00-------------

Generation = 22, Population = 108.
..***.-0**-.-10-0-------
*.....0-**.--0------0---
*.....1*..*-*-----1-----
..***.-*..*1..11.-----0-
......1**.0.-*--0---0---
*.--.......0.0*---0-----
*0*****...*...*--00-.-1-
-1.-*-*-*1.*.-.-1-------
...*-.-.**0-*0100---1---
.1.**-.-..*-11-1.-0-0---
..10-*.****0------0-----
---*-..0.--1--0-*-0-----
-----0**1--0----1-------
*-0---*-11-0----0-------

Generation = 23, Population = 166.
...*..-1.*0.1-1--0--0---
.*.*.*1-..*--1--0-00-0--
.*.*.*-...*1*-00-0-00-0-
...*.*0...******.-0-00-0
...*..****1.1*0--000-00-
*.10*....**-*-*01-100-0-
*1***.**.******1-1-0.0-0
-*.0.0*-*-.**0.-*-0-1-0-
...*1*1**.-1.1-1-000*0--
.-...-.1...1--0**01-10--
..*11.****.--00000-00---
---*0*.-.0--00--.-10----
1-0101..--1-0-00-00-----
.--0--*0-*-10--010------

*** Life<Cell> 33x23 ***

Generation = 0, Population = 17.
-----------------------
--------00----0--------
-0-----0---------------
--------------0---0----
--------------0--------
-----------------------
------0--0-------------
-----------------------
-0---------------------
-----------------------
-----------------------
-----------------------
-0---------------------
-------------0---------
-----------------------
-------------0---------
------------------0----
-----------------------
-----------------------
------------------0----
-----------------------
----------0------------
-----------------------
-----------------------
-----------------------
-----------------------
-----------------------
-----------------------
-----------------------
-----------------------
-----------------------
-----------------------
-----------------------

Generation = 1, Population = 60.
--------00----0--------
-0------110--0-0-------
0-0---0--0--------0----
-0-----0-----010-0-0---
-------------010--0----
------0--0----0--------
-----0-00-0------------
-0----0--0-------------
0-0--------------------
-0---------------------
-----------------------
-0---------------------
0-0----------0---------
-0----------0-0--------
-----------------------
------------0-0---0----
-------------0---0-0---
------------------0----
------------------0----
-----------------0-0---
----------0-------0----
---------0-0-----------
----------0------------
-----------------------
-----------------------
-----------------------
-----------------------
-----------------------
-----------------------
-----------------------
-----------------------
-----------------------
-----------------------

Generation = 2, Population = 58.
-0-----0---------------
------00--100-0-0-0----
---0-0---1----0--------
--------00--0-*-----0--
-0----00-0--0---0------
--------------1---0----
-0--0--11--0--0--------
-----------------------
---0--0--0-------------
-----------------------
-----------------------
-------------0---------
---0-------------------
-----------0-0-0-------
-0----------------0----
-----------0-0-0-------
----------------0---0--
-------------0----1----
------------------1----
----------0-----0---0--
-----------------------
--------0---0-----0----
-----------------------
----------0------------
-----------------------
-----------------------
-----------------------
-----------------------
-----------------------
-----------------------
-----------------------
-----------------------
-----------------------

Generation = 3, Population = 165.
0-0----10-000-0-0-0----
-0-0--1-1-*-1-1----0---
--0----0-*-0-0-00-0-0--
-0-0-00-11001-.00--0-0-
0-0--011010010-0-00-0--
----0-0-00-000*000-0---
0-00-00**00-0010--0----
-0-00-0000-0--0--------
--0-00-00-0------------
---0--0--0-------------
-------------0---------
---0--------0-0--------
--0-0------0---0-------
-0-0------0-----0-0----
0-0--------------0-0---
-0--------0-------0-0--
-----------0-----000-0-
------------0-0-00*00--
----------0--0--00*00--
---------0-0---0-000-0-
--------0-0-0---0-0-0--
-------0-0-0-0---0-0---
--------0-0-0-----0----
---------0-0-----------
----------0------------
-----------------------
-----------------------
-----------------------
-----------------------
-----------------------
-----------------------
-----------------------
-----------------------

*** Life<Cell> 1x18 ***

Generation = 0, Population = 1.
0-----------------

Generation = 3, Population = 1.
---0--------------

Generation = 6, Population = 4.
0-0-0-0-----------

Generation = 9, Population = 2.
-----0---0--------

Generation = 12, Population = 4.
--0-0-----0-0-----

Generation = 15, Population = 1.
---------------0--

*** Life<Cell> 17x36 ***

Generation = 0, Population = 27.
------0-----------------------------
------0-----------------------------
--0-00-----0-0----------------------
-0-0--0-00---0----------------------
------------------------------------
---0-----0------0-------------------
------------00----------------------
------------------------------------
-----0------0-----------------------
------------------------------------
----------0-----0-------------------
-0----------------------------------
----0-----0-------------------------
----------0-------------------------
--------------0---------------------
------------------------------------
------------------------------------

Generation = 5, Population = 156.
--0--**10--1-.0-0-------------------
--11*0.--*--0*----------------------
01-..*-*-1--0*1*010-----------------
0-*-1---.*.-*1001*0-----------------
-00-0*-00000*0---0--0---------------
--0--.11-1001*---0-0-0--------------
-0-0*.0--**.**1-0-0-0---------------
-0-*0---*10-0*0-10------------------
0-01-000---0-1-0.0------------------
-00---0----0-0-0*0--0---------------
-0-0---0-0--0-0-0--0-0--------------
--0-0*0-0---000-----0---------------
----0---.1.1.-10--------------------
0-----*01---00*00-0-----------------
-0----0---.---00---0----------------
0-0-0-----1---0-0-0-----------------
-0-0-0---0-0-0-0--------------------

Generation = 10, Population = 170.
0**1.*.*-..-0**0*1-0-0--------------
01-*...-0..--*0**.11-1--------------
-.1*....-1-0**..1.-*0*-0------------
--.-*.-0***0*-1...*0*.-00-----------
--.--.----*-.*.*-*0-0---------------
-..**.-*.**.*.-.-**0-10---0---------
1..-..**1.....----01*-10------------
*--.1---..0*-.01111-----0-----------
-*-*.-.*-*-***-1.0-*.10-0-----------
--.*-*.1--..11*-*01-1---------------
1.--.*.0--.*.1.---.1--0---0---------
-1-*-*.*-1-0*-*---------------------
---**---...*.*..--*-0-0-0-----------
01.0.*.-.*-1*0...---0---------------
--1---.011*0.-.---1-0---0-----------
--1--00-00--11-0--0-----------------
---010-0--1-01--0-0---0-------------

Generation = 15, Population = 239.
-**-*.***..-1***..*-**-001----------
-.-.....1.*0-.**.**.*.01011---------
**...***..*1......*.*.1*-*01--------
.1.-..**...1.-1*..*1..101.0-10------
11.0.*--01....*.-.*1-----0000-0-----
*.**..-...**..0.*..0-.0--*1--0-0----
*.............*.**1*.**1------0-----
..1.-.-*..*.-.*.**-**.1---0-10------
-.*.*1*.1*0...-..-*....-*01-10------
*-..-...1...1**-...**1--*--00-0-----
*.--**.-1*..**.*1..1*--0--10-0-0----
1.-.0****--**1.*1*-*--0010--0-0-----
.-*...*-.*...*.*10.1.0.0-0---0------
**...*.0****.1.*.-10--.0*0----------
.-.0--.-.**1.**1.*.110*-1----0------
01**11.*-1-*.-*11.---0*00---0-------
**11....1-*0-*1*1-.--00--0-0--------

Generation = 20, Population = 212.
..***...**.1.*....****.-.*0-0*------
-.***..**..01.*.**..**-.*-.011--0---
.....**.*...*...*.......*.-.1.0*-0--
.**-.***.**...**...-....*.-.1.1--1--
--....1........*-*.*.11.10-**0------
...***-*..*...1....0-.*00.**-.------
......**...*.***...***.*----.*---0--
....-**.....-***..1**..--.1--1------
.....*..-.-.*.*......*.*.*.*..*-*---
.*..-...-...1..-.**..*.-.-*-0---1---
.***...-.......*..*.**1**-.0-1------
**0....**-0*..*.*.1.----1-----------
.1..*..**..***...0.1*0.001.0*-0-----
*..***...*...-.**1..--.0*-----1-----
.-.*1-.****.***..****.*---.-----0-0-
-..***.*1**..-....--0.*-0-----------
*.*1....--*11***1**-0010--1---0-----

Generation = 25, Population = 242.
.*...........**........0**.1-..-----
*......****-.**...***...*1.-.-------
*.**......*.........**...*-.1.0.-.-1
.****......**.....*1*....*0..*.0-.0.
......*.**......-.**.**...-*..-0---0
.........*....**...0-*.***.*-**--1-0
.......*..**...*.......*-00*..**1-0-
......*.....-***...*...1**1-.**--0-0
...***..*.-**..*..*...*...**.****---
...***..*.****.*...*.*.*.-*0-0-1*010
.......**...****.***..-..-.*1*--1**0
..1*...**-**...*.***--101*1---*0-0--
*..****.*..*..**......*00**..*.*0010
*..*........****.****..0.-*---.*.0-0
*-...........**.*......110*-*0.0-010
**..*...*.**.*****..**.-*0*00---0-0-
......**.-**-***-..---.1-*-0-0-0-0--

*** Life<Cell> 1x2 ***

Generation = 0, Population = 1.
0-

Generation = 2, Population = 1.
0-

*** Life<Cell> 10x10 ***

Generation = 0, Population = 28.
-----0-0-0
00--------
--0-0-0-0-
--------0-
0--000-0-0
0------0--
-----0----
000-0-0---
00-----0--
---------0

Generation = 3, Population = 46.
00-1*-1-11
.-110-0---
0--1100-*0
-10---*11-
*--*1.0-*-
----*-*1--
-*0----*--
1--1--11-1
-0-------*
---0--1*00

Generation = 6, Population = 46.
1101*1.1*.
.-*1.*-*--
--0*.1.-.*
***-00.-.-
.1*.1.1*.-
.*01*-.*11
-.1----.--
*.*-0-*--*
01*---0--.
**----..-1

Generation = 9, Population = 33.
.1*..*.-*.
.-....0*-0
*0-..*.1*.
.*.0--.-.-
....*...*-
.*--*-..*.
-.-01--.10
*.*--1..-.
*.*---10-.
..----**0-

Generation = 12, Population = 49.
***..**1..
.-...*-.1-
.-1.*.*-*.
**.0-0.**1
.......*.1
.*-1.*****
*.11111.--
*..*0-..-*
.**0-1-1-*
..00--*.**

Generation = 15, Population = 36.
....******
.1***.-..*
.-*..**.**
*.*---*.*1
*........-
..*...*...
...*..-*.1
*...-...-.
*...--.-*.
..10*1*.*.

Generation = 18, Population = 31.
.*.*..***.
*.....-.*.
.-.****.*.
..*01-..*1
.......**1
..........
......-..-
....1.**1.
..*.-.**..
..*1.1*...

Generation = 21, Population = 39.
........**
..**..-...
.-..****.*
.**1*-*..1
..**.*..*-
......*.*.
.....*1.*1
....1**.**
..*.1...*.
..******..

Generation = 24, Population = 36.
....*.*...
...*..*...
***...*...
**.*.1*.**
.*.**.**.-
......*...
...*..**.-
..*.-***..
..*.-...*.
...******.

*** Life<Cell> 8x19 ***

Generation = 0, Population = 4.
-------------------
----0--------------
-------------------
--0----------------
----0--------------
------0------------
-------------------
-------------------

Generation = 4, Population = 13.
----0--------------
0---1-0-0----------
-------------------
0-----*------------
1-.---.-1----------
--*-.-----0--------
-------------------
--0---0------------

Generation = 8, Population = 27.
----.-*------------
--1-*-------0------
0111.1-1.----------
--0---.---*--------
.-.---..-1.-1------
10*0.-*-.-----0----
*1-0-0-1-----------
----0-0------------

Generation = 12, Population = 43.
0-1-.0..0-0-0------
.0...-.-.---1-0-0--
*-1..--*.----------
.**---.-0-.-1-*----
.**00...1*..-1.-1--
*..-.0.-.0*-.-----0
.1-----110-1-------
11-0-1-11-----0----

Generation = 16, Population = 63.
1-.-.-..----*1.----
*0.**1*-*-.0.-*---0
*1.**-1*.1-01---.--
*.*-10.*--.0-0*0--*
**.--***-*..1-.-111
...*.-.-*1*-.-0-*--
.*1----*.*11-011---
.-**1---*-0---0----

Generation = 20, Population = 63.
.0.-.-.*101-**.*--0
.1.**1*-***1**.----
.-.*.-*.*-1..-0-*--
..*-.-.**1*-***--0.
...0-**.....1-.-11-
.......-*..-.**1.1*
.*1--***..1.1--.1-0
.-*...1-*-.--0101--

*** Life<Cell> 31x32 ***

Generation = 0, Population = 47.
----0--------0----0-------------
--------------0-----------------
---------0--------------0-------
------0-----------------0-------
--------------------------------
-0------------------------------
---------0-----------0----------
-------------0----0---------0---
----------0---------------------
-----0-------0------------------
----------------------0---------
---------------0-------0--------
--------------------------------
-----------------0--0---------0-
-----------0-----------0--------
-----------------0--0-----------
--------------------------------
0---------0---------------------
--------0-------0---------------
----------------0-------------0-
--0-------------------------0---
--------------------0-----------
----------------0-----0---------
--------------------------------
--------------------------------
--------------------------------
-------00-----------0-----------
----0-------------------0-------
-------0--------0-0-------------
--------------------------------
------------------------------0-

Generation = 5, Population = 390.
-------0-00--0110----0--.0------
--0-00--0--0-010--10000-.---0---
-000.*0-0-0--00--0---*1----0-0--
-0-0-0----10010--0--1-------0---
-000-0---0100----0*00---.-------
0-0-00---00-01*0-00---0-10------
-0--0---0*.-0100010--0*0110-----
------*00*0----*-*0--0-*-0------
-----010-.---01--0--0-10------0-
------0--0-0--0---00---0--0--0-0
--------0--100----*01---00--0-0-
---------0-*--0-01-----0---110--
0----0---0*--0--000-00--0-000-0-
-0--0-000010----*1-11--1-----0-0
0----001*00--00--00-00------0---
--0----00---0--1---11-0110-000-0
-0*00-0------000-0---0-00--0-0--
-0.-1--0.--0-0-0-.0-0-00----00-0
--10100---.---10*0-0--110-0-----
1---0-0------0----1-0-0000-0.0-0
.0---0-0--0-0---00-----0100---.-
*0----00-0-00--0*01---.0*00-----
0---0-0-0-00-0-0--.0.----0-0--0-
--00-0------0--0-0-----0-00-00-0
-0-00-0.1------01--01---0--0-00-
--000--0---00---0-00-00-0---0-0-
0-0111..1.1*10-------0.--0--00-0
-0--0--0-0----0----010--0--0-0--
0-0-0---1-011--0---01--0----00-0
---0----0--00-0-0-0---0---0-----
-------0-0-----0-----0---0-0-0-0

*** Life<Cell> 14x16 ***

Generation = 0, Population = 6.
----------0-----
----------------
0---------------
----------------
-------------0--
----------------
----------------
---------0------
----------------
-----------0----
----------------
----0-----------
----------------
----------------

Generation = 5, Population = 73.
-0---0-0----0*10
0-0-0-0---0--00-
-0---0-----0----
--0-0---010----0
--------0-*---0-
0--------0--0--0
-0--00-----0-0--
0--0110-----0*0-
----00-0----0*00
------0-0----00-
0------000-----0
-0-----0110-----
0---0---00-0----
---0-0----0-0---

Generation = 10, Population = 81.
0-0-0-0-00*0*...
----0----11.0-0-
0-0-110-***11---
--0---1---010-0-
0-00--10.1*0-1--
-0--0--------100
0----0--0-.-0*--
---*1-----01**0-
1-------0-1-1.-*
---.-10------11-
0-1-------0--1-0
1--1------*.--0-
0----------1---0
--0----0-1--0---

*** Life<Cell> 1x21 ***

Generation = 0, Population = 1.
0--------------------

Generation = 1, Population = 1.
-0-------------------

Generation = 2, Population = 2.
0-0------------------

Generation = 3, Population = 1.
---0-----------------

Generation = 4, Population = 2.
--0-0----------------

Generation = 5, Population = 2.
-0---0---------------

Generation = 6, Population = 4.
0-0-0-0--------------

Generation = 7, Population = 1.
-------0-------------

Generation = 8, Population = 2.
------0-0------------

Generation = 9, Population = 2.
-----0---0-----------

Generation = 10, Population = 4.
----0-0-0-0----------

*** Life<Cell> 17x12 ***

Generation = 0, Population = 11.
------------
------------
------------
------------
------------
----0-----0-
0-----0-----
-0-----0--0-
------------
----------0-
---------0-0
-----0------
------------
------------
------------
------------
------------

Generation = 4, Population = 33.
------------
----0-----0-
0-----0-----
-0-----0--0-
------------
1-----1-0---
----.----010
-0-*--0---11
------------
----1-1-----
0----110-0-0
-------*-10-
------------
----------0-
---------0-0
-----0------
------------

Generation = 8, Population = 39.
0-----*-----
----1-------
----.----0-0
-----0------
------*---1-
*--0--1--0.-
----.-1--..-
-*1.-.---1--
-----0----1-
--*.1-.-..--
-1--*..1--1-
-0---.-.*1.-
-----*-.--0-
----1-----*-
0-----1-----
-0---0-*--0-
---------0-0

Generation = 12, Population = 92.
---0*-*1**-0
--*11*.-10--
.1--.*0----1
*-----0-0.0-
*00-*0*--01*
.-10.11..0..
-11*.0.--*.0
....-.--1--1
--1*-*.---1-
-*.*.-.*..1-
-*0....-***1
-11-0.-....1
-*-00**..--0
0-*-****1*.*
-0---*-0011*
---1-00.1-*-
0-----*.-1-0

Generation = 16, Population = 87.
0-1-.-....-1
11.....01---
*1-1.**---.1
*0--11-1-.--
*0-1*..1--*.
*..0..-..-..
1....-.1-..-
*...*.111-1.
1-..-..111*-
0..*....*.**
-*-....-.*.1
-*-*.**.*.*1
*.---....1*-
-*********.*
00-11.--**.*
----*-*..*.*
--01****111-

Generation = 20, Population = 60.
1.1-.1..*.0-
.1*...*..*0-
..-*.**..1.-
*1-.-**.-..1
.*--....-.*.
*..-..*..**.
*.....**-..-
*......-1...
-1..-..-1-*-
*....**.**.*
-....*.-.*.*
-.....**...-
..-1-.**.-.-
-.**..**....
-0.*..**....
-.-.**..*...
----...*-..0

Generation = 24, Population = 61.
**.**-.*...*
*.*....*.*-*
*.*.....*.*.
*1..*...-.*1
.*1.....-...
..**......**
......*.1..-
......*1***.
.-..1...*-.-
....*......*
-......**..*
0..*...*...-
..0.*......1
0.*...***...
--.*.***....
-*1*..**....
-1--....-..-

*** Life<Cell> 10x25 ***

Generation = 0, Population = 10.
---0----0----------------
-------------------------
---0---------------------
-------------------------
-----0-------------------
-0-----------------------
-------0-----------------
0------------------------
---0---------------------
-----0-0-----------------

Generation = 4, Population = 23.
---01*-0----0------------
-0-----------------------
---0----0----------------
1------------------------
-1------00---------------
-1-----0-----------------
-----------0-------------
-.*-1*-.-----------------
---1-.-.-----------------
0--1-----0-0-------------

Generation = 8, Population = 35.
0.-*-.1-*--0----0--------
-0-----------------------
---0*-*.---0-------------
-------------------------
-.-----*.----0-----------
....*01--1---------------
--0.--1-0------0---------
**.-..-.---.-------------
-10*-.-.-1-.-------------
110**-1------0-0---------

Generation = 12, Population = 62.
0**..*-1*..--*-0----0----
-11-.*-*--1--------------
-..-.0*.*1-0----0--------
-*-0-0-.*01--------------
-.----*..-11----00-------
....**.0-*-----0---------
--0*--.*-**00------0-----
.*.1..1.-.-.-0-.---------
1*-.-....10*01-.---------
..*..*1-*-1------0-0-----

Generation = 16, Population = 75.
**...*.1...--.--*--0----0
..--...*.-*-0-11---------
*..*.1...1--0--.---0-----
-.0--.-..--**-1----------
0.-011..**-.0*0-.----0---
...*.*.--.--11-1-1-------
.1.**.*.-.*-1-01-------0-
.**.....0.0*--1.10-.-----
.*-***.***..0.-.---.-----
...**..1*0*-*11*-----0-0-

Generation = 20, Population = 83.
.......*.*.--..-*-*1-**1-
..**.*...0.*.0..*-01-----
*....-*..1*--**.*.-0----0
..-.0*-*.--..-.1*01------
1.-0.1***.-...-1*111----0
......**-.-..-*.01-----0-
*.*...*.*....1-1--0----1-
*.......*.0.......*.-0-.-
*.1..*...**.*.**1--.01-.-
.*....****.-.--**------1-

*** Life<Cell> 10x20 ***

Generation = 0, Population = 37.
---00-00------------
-----0---0----------
-0----0-------------
---0-000-0----------
0------0------------
0-0--0-0-0----------
--000---------------
--0--00000----------
0------0-0----------
0--000--0-----------

Generation = 3, Population = 65.
-0*.1-..--00--------
0-0001---1--0-------
*-000-.-10----------
**-1--111---0-------
*-0--11-0-0---------
--1-110111--0-------
--*-.----1----------
-0*01.1*00*-0-------
*-0*-1-*-*-10-------
-**1-.*-0-1---------

Generation = 6, Population = 74.
--..*-..1-..11------
-0.*1*1-1.-1-0-0----
.-00--.---*-0-------
..1*111-.-0-00-0----
..*1--*1-010-0------
101-*.--.1-*00-0----
--.1.1*0-*---0------
-1**..**-0*01-10----
.-1.110*-.-*-*-0----
-..*-..-00*--00-----

Generation = 9, Population = 68.
--.*.-**.-...--*00--
--*.**.*..0--.000-0-
.--*0-.-1*.--01-----
.*..11**.-1*-11---0-
.*.*-1..-1.1----0---
.11-*.**.1-.-.-1--0-
--....*--*----0-0---
1*......0-.**1.1--0-
.-...-.*-.-.0.-.-10-
-.*.*..-10.0-01-----

Generation = 12, Population = 75.
-****-***-*..*-..111
--.......*-*1.-10*-0
.*0*.*.-*....-.0--0-
*...-*..*-.*-*--*-0-
...**...-.*.0----0-0
*-.*.***.--*-*1-*---
*-.**..1-.**01-00---
.*......0-.*..*-*1*-
.-...-.*-**.-.-.-.0-
-......1*1*-11.-----

*** Life<Cell> 29x28 ***

Generation = 0, Population = 8.
--------------------0-------
----------------------------
----------------------------
----------0--------------0--
----------------------------
----------------------------
----------------------------
-0--------------------------
----------------0-----------
----------------------------
----------------------------
----------------------------
----------------------------
----------------------------
----------------------------
----------------------------
----------------------------
----------------------------
----------------------------
------------------------0---
----------------------------
----------------------------
----------------------------
----------------0-----------
----------------------------
----------------------------
----------------------------
-------0--------------------
----------------------------

Generation = 3, Population = 110.
----------0------0-----0-0--
---------0-0------0---0-0-0-
--------0-0-0------0-0-0-0-0
-------0-0-0-0------0-0-0-0-
-0------0-0-0----------0-0-0
0-0------0-0----0-------0-0-
-0-0------0----0-0-------0--
--0-0---------0-0-0---------
-0-0---------0-0-0-0--------
0-0-----------0-0-0---------
-0-------------0-0----------
----------------0-----------
----------------------------
----------------------------
----------------------------
----------------------------
------------------------0---
-----------------------0-0--
----------------------0-0-0-
---------------------0-0-0-0
----------------0-----0-0-0-
---------------0-0-----0-0--
--------------0-0-0-----0---
-------------0-0-0-0--------
-------0------0-0-0---------
------0-0------0-0----------
-----0-0-0------0-----------
----0-0-0-0-----------------
-----0---0------------------

Generation = 6, Population = 85.
--------------0-0-0-0-0-0-0-
-0----0-------0------0-----0
------------------0-0-0-0---
---00---0---0---1--0---0-0-0
--------------1-----0-0-----
-----00---0---0------0---0-0
------------0---0-----------
-------00---1----------0---0
----------1---0---0---0-----
-----0----0--------------0--
------------0---0---0-------
---0------------------------
--------------0---0---------
-0----------------------0---
----------------0-----------
----------------------0---0-
----------------------------
----------------0---0---0---
----------------------------
--------------0-------0-----
----------------------------
-------0----0---0-------0---
----------------------------
-----0---00---0---0-------0-
----------------------------
---0-------00---0---0---0---
----------------------------
-0-----------00---0---------
----------------------------

Generation = 9, Population = 106.
-----------0-0-0-0----------
------------0---0-----------
--0-------0------00----0-0--
-0-1-----0-0----1*10--0---0-
--0-------0---.--00----0-0--
--------------------0-------
-----0---0---------0-0------
----0-0---0-.-----------0---
-----0-0--.--------0-0-0-0--
--------0-----------0---0---
----------0-------------00--
---------0-0-----------0110-
----------0-------------00--
----------------------------
-0--------------0-----------
0-0------------0*0----------
-0-------------0*0----------
----------------0-----------
-------0--------0-------0---
------0-0------0-0-----0-0--
-------0--------0-------0---
----------------------------
-------00---------------0---
------01*1-------------0-0--
-------00---------------0---
----------------------------
---------------00-------0---
--------------1*10-----0-0--
---------------00-------0---

Generation = 12, Population = 92.
--------0---0---0---0-------
----------------------------
------------*----0--1-------
0----1---1---1-*..*.--0-----
--------1---1-.--1--*---0---
----------------------------
----------1-1---0-------0---
-01--0---1-0.----00----01---
----0---1-.-0---0---0---1---
----------.-----------------
----------1---------0---.---
-0---00--1----0-0---11-.--.*
--------1-------1---0---1---
----------------------------
----------------.-----------
-0---0-0--0-0--1.1--0----0--
------------0---.---0-------
----------------------------
----------------------------
-0-0---01--00---1-------0---
----------------1-----------
----------------------------
--------11------------------
---01-.-...10--0----0-------
--------11------------------
----------------------------
--------------11------------
-------00--01...-.-1--------
--------------10------------

Generation = 15, Population = 373.
0------------0--1*---010----
-0--0-------0-1101---0-00---
--00-0-----0.01**10*10*-10--
--**1-0-----1--....*1-00-00-
-0-0-0-0-0----.----*.-0----0
1-100-1-0-1-0--1-.-0-0---0--
-00010-0-0--*0-0-1*-0---1-10
-1.010----01.1-1*--**--1.*10
00*00-0---*-1-0---0--000*-1-
-01000-0--.-00-------101.10-
--001000*0--0-----1-1-10*01-
---0*110*1-11-1-.0--.***11..
----00*-1000-0--.0--*-00-000
-----0-1011-1---*10---0-----
-----00010-0---0.000-00-----
----0--1*---*-******10-1--0-
---0---0----1-*0.0*-101-00-0
--0---00---1---111-0*000110-
-0---00-0-0-----*-00100-000-
0---00-1.0------.01000-0-0-0
---00-0--10-----.0100-0-0-0-
0-00-0----00---1-000-0-0-0--
--0-0---*.**0-0-1-0-0-0-0---
01*1.*.1....-0*--110-0-0----
-0000---*.**00--00000-0-----
--0110--.-0110-*-00110------
---0000--100**..*-0000------
----01*110--..**1.1-0-0-----
-----00----0*-.-*-0--0------

Generation = 18, Population = 268.
--0-0-0---1--011-..1011-----
----1----0--011.-.10--000-0-
---01-------*...*.-.*-*1----
--..*-00---011-.*...-1*1*01-
--00----1-0--0.1-1-**-*-1---
---00--0-1*11-.*-.-10---0-0-
----1-0-00--*-00-.*1--0-1---
-1.----1-*1...--*-*..-1...10
1-.---00-0*-.1110*-01-11*--1
---0-0-1-**0..--*10--11*.-.-
0-------.-.01----1-0-1.-.1-0
----.1--..**----*11-*.*.....
------.0*-.---11.--0***-.1-1
--------111-*0-1.*0--010-.-0
--------1---.11-.-1-00-----0
-----0-**-11.*.......*11-010
--------00-1.1.1.1.-.-1---0-
-------0-10----1.1-0.----1--
-------0---01---.-----------
--------.1**1-00.01----0---0
-----00-.---0-1-.1-0--------
00---10-.-*----*--0------0--
-100----..*.1-.-------------
...1...-*.*.--**-*1---------
-100----**..-10-.1-0--------
00---1--.-111.-.11-*1--0----
-----0---*-.***..-1-00------
------.---01*.....-**-1--0--
------01--0..-.**0*-00------

Generation = 21, Population = 337.
-0-------0-*10**-..--1*0*0--
0-*0----00*-0*-.-.*-*-*..---
01-1**--1-1-***...-..1*.**-0
0-*..*.*--01.*0..**.*..*.-**
1*-0----1---.**..-**.-*-*0-0
--*0---11-.-11*.0.0*0---01--
-0--*---11*1.-1-1**-1-.-*--*
--*-*--.1.1..*11.**.**-*...-
-0.0--**-*.-..1*-.0-.-...-1*
----010.-..1..-1.*.--**..1.-
-0---0*-.-.1.011---0...-.*-0
0---*1**.**.--*0*.*1..*.....
-0---0.-.-*-00*-.1-....-*1-.
0---0-0-.-*0.-1...1-1..1.*--
---0-----11-**.1.1*0*.--0**-
--0--11....***.*.*.....*-*.1
---0--10---.*..*...*.-.0----
-----------*-0**.*-0.--1-*1-
00----*-0---*001.-0*--1---10
1----***....*-11*1.---------
0--0*-0-*100*0*0..1--10----0
*0--*1-**-.--10.1-0---------
1100*-*-.***--*-1-0-0--0-0--
...-*.*-...**0..-*.00-0---0-
1100----*...-*-1.--.-0-0-0--
*0-*-*0****-1*1..1*.--00----
0-----*--*-**.*..-1**.1*---0
1----*.--0-*...**.*..----00-
00-0-0..10...-.**-**01-1---0

*** Life<Cell> 2x22 ***

Generation = 0, Population = 4.
00--------------------
00--------------------

Generation = 5, Population = 8.
*0.0--0---------------
*0.0--0---------------

Generation = 10, Population = 8.
...-...0-010----------
...-...0-010----------

Generation = 15, Population = 10.
...-...*.-.-*1*-0-----
...-...*.-.-*1*-0-----

Generation = 20, Population = 10.
...-.....-.-...*10.-10
...-.....-.-...*10.-10

*** Life<Cell> 17x16 ***

Generation = 0, Population = 37.
--0------0-----0
0-------00------
--0--------0----
-------------00-
----0--0-------0
------0---------
--0--0----------
0---0---------0-
-0-------0-0----
--0------------0
0-------0-------
-------0--------
000000----------
---------------0
-0-0------------
-------0--------
----------------

Generation = 5, Population = 134.
.0*-1*1*-.--010-
1-.0-*...-..1.10
-01---**0---0.-0
*-0---10--1-.-1.
1--*---0*10*0.0*
*--0--001*10--01
*.-100-01---00--
-0*----*-0--01-.
*-1*0-001-000*0-
*-0-------0-01-.
0--*0.10---1--00
*0-----*--0*-0-0
*--11****00-0000
-0*0000---01----
*1-01--110---0-0
-0-----00-0-0---
---0**0----0----

Generation = 10, Population = 127.
.**-***....1-1*-
1-.-.....-*.1*.1
1*1-0-*..1**.*-*
.-.0-*11.-...1.*
*1*.*-1-*.-.*...
***0-0-1-.*0*.1.
..***11**--11.-.
*1.-1.-**0*1..*.
**...-.*.*---.-*
..1*.1-*111--1.*
*1-*.*.1-11..-.-
*..-..-*1-1.-.-0
.-0..****0-11.--
1..--*---*-.--1.
*.*-1-1**-1-10-0
*.1-1.1-.--*-1.-
--.1******0--0--

*** Life<Cell> 20x36 ***

Generation = 0, Population = 4.
------------------------------------
--0---------------------------------
------------------------------------
------------------------------------
------------------------------------
------0-----------------------------
------------------------------------
------------------------------------
-----0------------------------------
------------------------------------
------------------------------------
------------------------------------
------------------------------------
------------------------------------
------------------------------------
------------------------------------
------------------------------------
------------------------------------
-------------------0----------------
------------------------------------

Generation = 1, Population = 16.
--0---------------------------------
-0-0--------------------------------
--0---------------------------------
------------------------------------
------0-----------------------------
-----0-0----------------------------
------0-----------------------------
-----0------------------------------
----0-0-----------------------------
-----0------------------------------
------------------------------------
------------------------------------
------------------------------------
------------------------------------
------------------------------------
------------------------------------
------------------------------------
-------------------0----------------
------------------0-0---------------
-------------------0----------------

Generation = 2, Population = 14.
------------------------------------
0---0-------------------------------
------------------------------------
--0---0-----------------------------
------------------------------------
----0---0---------------------------
-----0------------------------------
------0-----------------------------
---0---0----------------------------
------------------------------------
-----0------------------------------
------------------------------------
------------------------------------
------------------------------------
------------------------------------
------------------------------------
-------------------0----------------
------------------------------------
-----------------0---0--------------
------------------------------------

Generation = 3, Population = 43.
0---0-------------------------------
-0-0-0------------------------------
0-0-0-0-----------------------------
-0-0-0-0----------------------------
--0-0-0-0---------------------------
---0---0-0--------------------------
--------0---------------------------
---0--------------------------------
--0-0---0---------------------------
---0-0-0----------------------------
----0-0-----------------------------
-----0------------------------------
------------------------------------
------------------------------------
------------------------------------
-------------------0----------------
------------------0-0---------------
-----------------0-0-0--------------
----------------0-0-0-0-------------
-----------------0---0--------------

Generation = 4, Population = 12.
------------------------------------
0-0---------------------------------
------------------------------------
------------------------------------
-----0------------------------------
----------0-------------------------
------------------------------------
------------------------------------
-0-------0--------------------------
------0-----------------------------
------------------------------------
------------------------------------
-----0------------------------------
------------------------------------
-------------------0----------------
------------------------------------
------------------------------------
------------------------------------
---------------0---0---0------------
------------------------------------

*** Life<Cell> 22x25 ***

Generation = 0, Population = 16.
-------------------------
-------------0-------0---
--------0----------------
----0-----0--------------
----0--------------------
-------------------------
-------------------------
---0---------------------
--------0----------------
-------------------------
--------------------0----
-----------0-------------
-------------------------
-------------------------
-------------------------
-------------------------
---------------0---------
------------0------0-----
------------0------------
-------------------------
----0--0-----------------
-------------------------

Generation = 2, Population = 60.
--------0----------------
----0-----00---0---0---0-
----1-0---1--------------
--0---0-1---00-------0---
--0---0-0----------------
---01-----0--------------
----0---0----------------
-0---0-------------------
------0---0---------0----
---0-------0-------------
--------0---------0---0--
---------0---0-----------
--------------------0----
-----------0-------------
---------------0---------
------------0------0-----
------------10---0-------
----------0---0--0---0---
----0--0--0---00---------
------------1------0-----
--0--11--0--0------------
-------------------------

*** Life<Cell> 9x28 ***

Generation = 0, Population = 28.
0--0---00-------------------
0-0--0-0--------------------
00-0---00-------------------
------0---------------------
00--0-0---------------------
-000------------------------
0-----0---------------------
00------0-------------------
-----0--0-------------------

Generation = 3, Population = 56.
.-1-0-*-1-10----------------
-01-*-1-0-0-----------------
11*--0-1.*10----------------
1-0*-*-1--0-----------------
*-00-0-*0-------------------
0--*11-0-0------------------
--*---100-0-----------------
-.-0-0*-1010----------------
*-0---0*.-10----------------

*** Life<Cell> 16x4 ***

Generation = 0, Population = 9.
0--0
-000
00--
00--
----
----
----
----
----
----
----
----
----
----
----
----

Generation = 3, Population = 10.
---1
0---
0--0
----
**0-
--0-
00--
----
----
----
----
----
----
----
----
----

Generation = 6, Population = 23.
-10-
*0--
11--
-**0
*.0-
-*10
1*0-
00--
11--
00--
----
----
----
----
----
----

Generation = 9, Population = 19.
--*.
.*--
-*--
-..1
..--
*.-*
-*01
11--
.*-1
0---
-*-0
--0-
00--
----
----
----

Generation = 12, Population = 32.
1**.
**01
-*-*
-*.-
..01
..-.
*.--
*.--
..-1
---0
1**1
-*00
*.-0
-010
11--
00--

*** Life<Cell> 37x25 ***

Generation = 0, Population = 31.
0-----------0------0-----
-------------------------
--0------------0---------
--------------0----------
0------------------------
-0---------------------0-
-------------------------
-------------------------
-----------------0-------
----------------------0--
-----------0-0----------0
-------0-----------------
-------------------------
-------------------------
-0-----------------------
------------------------0
-------------------------
----------------------0--
-------0----------0-----0
-------00----------------
0------------------------
-------------0--------0--
-----0------------0---0--
----0--------------------
--------------0----------
-------------------------
-------------------------
-------------------------
-------------------------
-------------------------
-------------------------
-------------------------
-------------------------
-------------------------
-------------------------
-------------------------
-------------------------

Generation = 3, Population = 206.
---------0-----1------0--
0---0-----0---1------0---
---0-0-----0-1------0--0-
0-0-0------01------0--0-0
---0--------0--------0-0-
--0-0--------0---0--0-0--
---0----------0-0-0--000-
--0--------0-0-0-0-0-011-
-0-----0--0-----0-0---0-1
------0-00-------0---000-
-----0-001--------0-00*-1
-0--0-0-010----0-0---010-
0-0--0-0-00---0-------001
-0-0--0-0--0-0---------01
--0-0--0-----------------
-0-0---0----------0----01
0-0---01---------0-00--0*
00---00-1-------0-00100--
-0--01-1-1---0-0-0-01----
--0-01*-1-100-0-0---0----
---0-10*-000-0-0----00--1
--0---01100-0------0-010-
-0-----1---0---0-0--0-101
00----------------0--0*00
--0--------0---0---0-010-
---0--------0-0-0-0---0--
----0--------0-0---------
--------------0----------
-------------------------
-------------------------
-------------------------
-------------------------
-------------------------
-------------------------
-------------------------
-------------------------
-------------------------

*** Life<Cell> 23x28 ***

Generation = 0, Population = 45.
--0---------------0---------
------------------0-0-------
----------------00----------
----0-----------------0-----
------0---0-------0---------
0----------00---------------
-----0----------------------
-------------------0--------
----------------------------
----------0--------0-0------
--------------00------------
0-----00----------0---------
-------0---0----------------
--0-----0-------------0-----
---0---------0--------------
---------0------------------
-----0----------------------
------0---------------------
-----0-------------0--------
----------------------------
-----------0----------------
--0----0----00--------0-----
-------00-------------------

Generation = 5, Population = 248.
10-------0--001--**1.0100---
*00--0-----1-0*-*-.-*01--0--
-0.00-1-0----*-.11*1-1--0-0-
-01--0.0-00-00---0*1-00--0-0
0-0-1.---0*0.--001-00--0--0-
----.0-**111-.---0---*------
------*------0*-11000000----
---0----0000---*--*0-0110---
--0-001--0*---1---*0-----0--
------*1.001*-**--.0-011--0-
0--10--.0--.-*-1--1*0--0-0--
--01.1-00*.100----0.-0.0----
0-01-*-.0-01---.0-00-00---0-
-0---0--0**0-00---1---0--0-0
-----101-*--0-*1---100----0-
----0-.1.---0--0------------
-----0-.0---0-----0---------
-0----0*.---1-00-------0----
0-0-0-0*1----*--0-----0-0---
-0-0-0-10*0--0---------0----
0-000.0--0-00.0--00---0---0-
--1---0*-*-1**.-*-1--0-0-0-0
0----1--*.--*---00--0-0---0-

Generation = 10, Population = 262.
--01.-.010111111.**..-.*.0--
.-11-1--111.0*.0..***01---*-
10*.1-11--*1..-*-**1.-0-*-10
--.1.1*1---1.1-0-**....01-*-
**1--.--*..-..-*-**-.-*1-1.-
--.1.--........101--1..-1010
-**-10.*-1*0*..0.**--0.*-00-
-----01.-.*.---.0-**--...0-0
01.1.*--0..*01*.10**.11.10--
--.*0***.-..*-..--.1.1.*--00
1---.11..0-..*-.1-..**---0--
*--*..1--.*-*0**.--.0...--.-
--0--.-.--1.*0..00.*--.11---
--1-111-..*1----*-.00.----0-
---0-.-1-.1--*.*1-1.--10----
1--1--.*.0-.-1..0--0010---0-
-*-0---.**-01.0---0--1-----0
0001-*0.*---*-..0-100.-10---
-00-.-1..**-0.-.--1------0-0
------.1-.111.11*-*-------0-
110-.**-10.--*-.*.011------0
1-.-1--*..*-.***.***11*1----
---1*-*-.*--..-.*-1-1-------

Generation = 15, Population = 255.
-0-**-*****-..*-...**-**.-.*
*-.*.-1...*.0*.-.....0--*-.1
*-.*-*-.*1.-*...1.**.-..*.*.
.-.-.*.---1..*0*-*.*...0-*.-
.*.*-..-..*0..-.*..1.-.-1*.1
*0.-..*..*.....*-.-0*..-.-.*
-.*..-.*1..0....*.*-0-..-*1*
--..1.*.*...-.*..*.*0*.*.*01
*...**..-...*....0*..*.**0-1
0-...*.*.1**....0..*.**....1
*.-....*.1-*.*1..-.*.*-*-*1*
*-1..**.*..**-...*-.*.*.10.*
.-.-*..**0-*.-..1*..-1.*.0*-
*0...1*-....--11**.-**-1.-1-
*1-.0*...*.-*...*1..-.1*-01-
-...-1..**0*0...1*.-1*00----
*.-01.***.**-.--0-*.*.-*--01
*-..-.1..-**....10.1*...1-.*
*---.1**...1-*..*.1.-.1--.01
-11*1*.-1.-*1..*.1.---1-0---
-.**...1...*-....*-.--11--01
.1.***1....-.....****1...0.-
.*1**-.-..--***..**..01----0

Generation = 20, Population = 251.
*0-..-*.....***..**...**.-*.
*1..*......*1*.0*.**.01..1*.
.*..1**...**.*.*...**....*..
.*.-...*01.*.*-.0..*..*-1...
..*.-.*0***1..*.*..**-......
.***..........*.1*0-...1..*.
**.**0**..*-.....**--1*.1...
**........***.*..**.*****...
.......**.*...*..1.......0..
-**...****....**-****....***
*.-....*.*.*....*....*1.-.-.
*--*.*...*.*......-....**-..
.*.***...**..-.**......*.0*-
.1*.**.......**-*..1...-.***
.*0.*....*....*..*....*.01*0
1*....*.**-*1**...*.*...-*-.
...*.**....**.0---*...1.***1
..***.1.........*..*...*1-*.
.--*...*.*.-...**.1***..0.*-
-.***...*.*.**...*.1.-----00
*.**......*.0...*...*-*.--*.
*..*.*..*.****.**..**-**...-
..*..1*1..1****.....*-.-*.*1

Generation = 25, Population = 216.
.....****......**...***..-..
....******.....-.**.**1*.-*.
....**.......******.....***.
...1*..***..**1.**.....-*.**
..*.**...**-****...*.....***
.*****....*...***.*-*..-.***
..*..-..*..*.**.*.*......**.
........*.........*...*.***.
..*.*...*........******.**..
-*.*.*..*......*-*..........
*.-*.**.*.***.**..........-.
..*..**.**.......***...**1..
..*.***......-...***....*0.-
..*..*.....*.....**....***..
..**.......*.***...*.****-.-
..........1*.***....**....-.
.............*1.....***..*.*
*...........***....**....*.*
*-*....*...*..*.........*..*
.**.**.**.**.**....*...--*-*
.....*..*.**-**......-..*...
....**..**.*.*.......-.***..
..........-*.*.......-.-**..

*** Life<Cell> 31x15 ***

Generation = 0, Population = 8.
---------------
---------------
--0-----0------
-------0-------
-----------0---
---------------
--------0------
---------------
---------------
------------0--
---------------
---------------
---------------
0--------------
---------0-----
---------------
---------------
---------------
---------------
---------------
---------------
---------------
---------------
---------------
---------------
---------------
---------------
---------------
---------------
---------------
---------------

Generation = 4, Population = 30.
--0-----0--0---
---------------
0---0-0-0---1--
---0-------1---
-------1-------
------------0--
--0-0---0---0--
-------0-------
-----------0---
0-------1-----0
--------00-----
---------------
---------------
--0-0-------0--
-----0-------0-
---------------
---------------
0--------------
---------0-----
---------------
---------------
---------------
---------------
---------------
---------------
---------------
---------------
---------------
---------------
---------------
---------------

Generation = 8, Population = 34.
--------1*-----
------------0--
0---0-----**--0
-------1-.-----
--00--.-1.-1---
0------.-------
*--------1-.--0
------------.--
--------1---.--
----1--1.1*----
--0-------.----
-------0*------
-----------0---
------0-1------
-0------1----0-
---------------
---------------
------------0--
---------------
---------------
---------------
0--------------
---------0-----
---------------
---------------
---------------
---------------
---------------
---------------
---------------
---------------

Generation = 12, Population = 106.
0-01-0-..*.*-**
0------*-.----1
--*.1---**.*-*-
1--1-.011*--1--
-*---*.--.1*---
*----1-.0---*--
.110-01*11*.100
*-1----*1.*1.0-
00.11-------.*-
01.--.11*..-1-1
-11-.--10..---0
---10*11..-1---
------111.10---
--1----*.0*----
-01-01-0.---10-
-------0.------
-----------0---
0-----0-------0
-0------00---0-
---------------
---------------
--0-0-------0--
-----0-------0-
---------------
---------------
0--------------
---------0-----
---------------
---------------
---------------
---------------

*** Life<Cell> 33x18 ***

Generation = 0, Population = 37.
---0--0-----------
0------------0----
-0-----0---0----0-
------0------0----
00----------------
--00-----------0--
-----------0----0-
------------------
--------0-----0-0-
-0--0-0-------0-00
---------------0--
-----0------------
-----------------0
------------------
0------------0----
0-----------------
----0--0-0---0----
---0--------------
------------------
------------------
------------------
------------------
------------------
------------------
------------------
------------------
------------------
------------------
------------------
------------------
------------------
------------------
------------------

Generation = 3, Population = 148.
0--1--1-100100---0
10--00--0-0*-10---
1100-1-00---011---
---11-0--00--1----
..1-00-----0-0---0
*1--*-1-00---0----
-1-0-0-0110-0---10
----1-1000000--111
-0-----0001---.11-
-0*-----*00-10.*1*
-00--0--10---110-0
---1*-*1-----01---
1--00000----0----1
-00---00-0-0---0--
*-10--0-----------
*-11-00----0-----0
-01-0--1--0-0---0-
-1---1---------0--
00----0---0-0-0---
--0----0-0---0----
---0--------------
------------------
------------------
------------------
------------------
------------------
------------------
------------------
------------------
------------------
------------------
------------------
------------------

Generation = 6, Population = 168.
.0--*11110.*11000-
*00-.0*1-00.-*---0
-.-1-*0.-0-1-1---0
.-*-----0..-1-1-0-
*.-.1-*-0-110-*0*-
.*--.-1--01*1.-0*1
-.---1--11--.--0-0
-0--1-.10----0*1-*
-110----0-.-0*.**0
-1*1--10.011.1....
-1--0--01100-*.0-1
0-1-.-.*---00-----
-0--*1-*--100--0-1
-11*--1-10--0-*000
.0.--01-------0-1-
*-.*----------0-01
*-101.*---0------0
-10-0----1--------
.-0000-10------0--
*-00---1----------
1-0--110-0---0-0--
00---0------------
----0--0-0---0----
---0--------------
------------------
------------------
------------------
------------------
------------------
------------------
------------------
------------------
------------------

Generation = 9, Population = 182.
.11*****1-*.1.1010
*.1-.-.1-.-*1*--1*
*.*-0*-.--0--.110*
*-.*.0--1.*1..*-*-
..1.*-.-.*-*10...-
...-.1.0--..*.-..1
1.----10--0-.01-.-
-1-0-1**11--01...*
-..1---*10*0-....0
1..--0.-*-.1**..*.
0*--0-1*1.1*0..00*
--**.-.*010.--*-1*
-1-0.*-.0-**.--1-.
-.-.1*.-.1--10*111
.1.1*.--*00-0-0**-
.-..--10-0-00-10-1
.0*.-...-1----*--*
0*1---*-0-0--010--
.0.--.-----0-----0
.-1-010--------0-0
-0---1----------0-
-------------0---0
*0----------0-0---
10--0--0-0--------
0----00---0-0-0---
--0----0-0---0----
---0--------------
------------------
------------------
------------------
------------------
------------------
------------------

Generation = 12, Population = 210.
.*******.0.....-*1
*.-1*1*.-.1*..0-**
*..1-.-.-**-1.1--.
.***.*01*..**..-.0
..1.***0.*1*.*..*-
..*-.-.**-.**.-..-
1.1*0*1.--1-.1.-.0
110--.*..--1*1...*
**.**0-.-1*0.....*
*..*-1*0*1.......*
1*---0**..**-..1-.
-1.**1..---*-*.--.
*-*-..-*.0*..**.-.
*.**-..-..01*0*-..
.-**...0.-.0---.*-
.1*.*1.1---*0-*10.
.0..-*..-.--00.0**
1*-0-1.-0*--**..*1
.1*1**---0---**1--
***1-.-*00-------*
*0-0-.--00--1-000*
0*--0*1----1--0-00
*0*-00---0-----0-0
*0*-01------------
---0-1--00-0-0----
-------0----------
1------------0----
0-----------------
----0--0-0---0----
---0--------------
------------------
------------------
------------------

Generation = 15, Population = 211.
.*.....*.-..***-.1
*.1..**.**1**.11.*
**.-1*1.-..-...1-*
.**..*.......**-.1
..-..*...**......-
.*.*.-.*.**..**...
*...-.-.----*.*-.1
*.1.*....1*1.-....
.*...0..1*.0..***.
....0*.1.*.*...**.
1..-1.*.*...*..-*.
0*...-*.0**.1*.01.
.1.*..-*.-.***.*-.
....1..0**0*.1..*.
.-..*.*1*1.--.*..*
.-..*1*.--*.--..-.
.-*.1*..-.0---.-*.
.*.**-.--.**....*1
**.-.*0-*0-00...**
**..*.*.*--0*-11-*
**--0.*1---1*0-11*
-.---..0----1-.11.
*-.-*--0----10-0*.
*1*--.-------01--*
*0*--*.1------0--1
-*1---00-------0-0
.-1111--1-----0-0-
.-1------0---0----
-01-0-----0-0---0-
-1---1---------0--
00----0---0-0-0---
--0----0-0---0----
---0--------------

Generation = 18, Population = 209.
....***..*...**-**
**1......*1...*-..
*.*...-*....**..-*
*.*........*...-..
..1..*.**..*.....-
..**.1**..........
.****.-*--*-....*-
.*-*.*.*.-.**-*.**
*.**.*.*.*.0*...**
**.*-.*-.**..**..*
...-..*...***..***
-..**.*.-...*..0*.
**..*.-.**....*.1.
.....*....-.......
.1..*....1.--*....
.-*..*..--..--.*.*
.-**....-.--*0*-.*
.*.....1..*...*.**
...*..1*.1*1-..**.
.*****...*.1.-.1-.
.*.11.**-1*-..*...
-.00-..-*---*.*...
*-*-.-0-----*---..
.*.10*1-0----01--*
.1.-*...**000-.0**
-*.-0**01---0-*10*
.-.*-.--1----00-0-
.0-01*11------0-01
1----*-------0---0
0----1------------
*-0-0--0-0-0-0-0-0
*-0---------------
1-0-011--------0--

