*** Life<Cell> 20x20 ***

Generation = 0, Population = 90.
---00-0-----------0-
---0-00-0--0-------0
00----00------0---0-
0---0-0-0-----0----0
00-0----------------
----------0-0--0----
0---0------------0--
-------------0---0--
----0-----0------0--
0-0----------0-0----
------0-0-------0-0-
-0-0--0--0--00--0-0-
----0------0--0-----
---0--------0-------
0-0-000-0-0--0------
----------000------0
-00---0---0---0--0-0
---------0-0-0--0-0-
-00-0----00---------
---0-------0---0--0-

Generation = 5, Population = 169.
.-.1--.**0*----0-0-0
1--.-.*.--.-0----10-
-.-.-..-.0-1--*00---
*0011-.-*00-111.00-0
0*..-*-*-0-00-1--1*0
*-*--*0---1-0-*---01
---.1-1-----0-*1-.--
*-1-100-10-0*1*-*-10
**1*.---1--*----...1
-1*-.0.-01--.---.1-1
00--1*.-.00-*-1-.-*0
--*0-1-.-*.-..--**.0
*1*-1---1---.0---0--
*0-1--.-*.0---.*--10
0---*0..0-10*0*-1.-*
-10--01-.*.**1*-0**.
*.*--.---0--0.-*-1-1
010---0.0.1*-*--1*--
*.-.1-*-.0.--0.-0---
-*---00-0-----*--.0-

Generation = 10, Population = 160.
.-.*--.**1.1*..*-.0-
.-0*1.**-1..-...1*--
-...1*.*.111--.-0.--
..-*.-.-*0*-**..***.
-...1.-.-.-1-.-*0*.*
.**-*.-01-11-..*-00*
--....1.-.*0-1**-.-1
.**.*-11-*11.-*-*-*-
.....1.-1-*.0.-**..1
*.*-*.*.1-..*--0**--
*-00*..-*-.-.0*-.0.*
.**-**1**......1...*
*..-----.1*-.0**-.-.
**.*0**-..*0**..00*-
-.0*.-..*..-..*...0.
..*---*-.....**--...
...--..-**.1-.0.*1**
111---*.0...-.*--.-.
.*..-..*.-..*...-**-
-..*1.10-00.-1**0.00

Generation = 15, Population = 142.
.-*.1....-......1.-*
.*..1..*-1..-*.*....
1**.1..***..11.1*..*
..-*...1*1*-....*.*.
*.....*.-.**....**..
...*..-1.0-....**0*.
--...***-*..-*..-*-*
...**-1...-1*-.-.0*-
.*...*.-.*.**.1***.-
.*.-.**.*-**..*-**-*
.0*0..*0*-***..-**.*
......1.*...*.......
.*.**-.*...-*1*.-..*
*..*-.***..-....*-*-
*.1..1.***.*....*...
....-..***..***.-...
...1-*.0*..1*.-.*-..
...*-...**..-.**....
*....*...1.*...*...-
*..**...-**.*.....--

Generation = 20, Population = 126.
.0***.*..*.....*.*0.
.**.*.*.**..1..*..*.
...........*.1.1..*.
.**.**....**.....*..
........-*......*...
..*..**...1......-..
--**...*-...***.-.1.
.*.**-*.....*-*..**-
**....*-......*.*..*
.*.1*..*.1.....-.*-*
.1.1...1***....0....
.*..**.....*.**.....
***..*...*.1***.-...
*...-**..*.0**.*.-.-
.*-..**........***..
....-....**..**.*...
....0..-.*....**.-..
..**0...**..-..*....
...*.****1....*....-
....****.*........--

Generation = 25, Population = 120.
.-...............**.
.......*......****..
..**.****....1.*****
..**.*....**.**...*.
.**..**....*.....**.
....***...1*..**..*.
-*.*.****...*.*....*
.*..*0*.*......****-
*...*.*1......**....
*..-**.........-..*.
*1**...-.......-....
.***..........*.**..
..***.........*.-...
.*.****...*-*......-
**.....**...*.*....*
.*.*1*....**..*...*.
.*...*.1.......*.*..
..*.1.....*.-...*...
...*...*...*.......-
.........**.......--

Generation = 30, Population = 124.
.-.....**.....*.....
......***.....***...
.*....*..*....***...
**....***........*..
*.*....*....*...*...
*......**..******...
.*....***.........*.
....**.*..**...*****
..**...**..****....*
..***.............*.
.*...*.-......*.....
.*.*....***..*...*..
.*.***..****.*.**...
.*..*..**....*.*...-
.*.***.**..*.....*..
*...**.....*.*...*..
*.*..*.-...**.....*.
***..**....**..**.*.
.....**.........**.-
..................--

Generation = 35, Population = 96.
.-...........**.*...
......***....*.****.
**...*...*..*.....*.
**...........*.....*
......***....*.....*
...*............*..*
...**..............*
..*..**.........*..*
.***.*.**.*...*.....
..............*...*.
.****..-..****......
......****.*....**..
...........*.....*..
..*.*......*.......-
.....*...*****....*.
.*.......**..**.*.*.
.......-..*...*.....
*.***........**.**.*
.**................-
...............*..-1

Generation = 40, Population = 93.
.-....*.*...*.**.*..
............*.....*.
.*....***........*..
..*.................
*...................
....................
.***....*...........
*..***..*...........
**.*.**.**..........
.*.*...***..*.......
.*...*.1**.***......
..**.**.****.*......
......*...**..*..**.
.......*.*.*..*....-
........*..*..*..**.
..*........*.****.**
.*.*...-...*.*.**...
*...*.........*....*
.*.*...........*...*
..*...............-*

Generation = 45, Population = 83.
.-.....*............
.......*........***.
......*.*...........
.*.....*............
.**....*............
.*.**.*.............
....*.**............
.......**...........
***...***...**......
.**....**..*..*.....
..*...**.....*......
..*..**...*..*..**..
..*..*..............
.*...*.........*...*
..**........*.*.....
.**.......**.**....*
.......-....**.....*
**..***......**....*
*.*.*.........*.....
.**.............***.

Generation = 50, Population = 75.
.-....***........*..
....**.**........*..
***.**...........*..
***.*...*...........
..*....**...........
**.....*............
**....*.............
....*.*.............
...*................
...*..........*.....
....**.........*....
....**.......**.....
...........**.......
...***....*....*....
.*.......*..***.*...
..*..*...*..*.*..*..
......*1.***...**...
.**.*...............
....**..............
.***................

Generation = 55, Population = 66.
.-..*.*.**..........
....*...**......***.
.....*..**..........
.....*.***..........
......*..*..........
**..................
**...**.............
.**..*..............
..*.*...............
..*..*..............
...**...............
......*...**........
....*.....**........
.*.*.**...**........
.**.**......**......
.*..*.......****....
.**.*..........*....
..*......**.........
....*...............
....................

Generation = 60, Population = 51.
.-...****........*..
....**...**......*..
...*...**.**.....*..
....**.....*........
.....*..............
.......**...........
....................
....................
...**...............
.*....*.............
..*...*.............
...***..............
...*................
...***.*............
...*****............
....***.............
.*.*................
.*.*................
.***................
....................

Generation = 65, Population = 47.
.-.......****.......
...*.....*..*...***.
.***......*.*.......
..**.......*........
...***..............
....*...............
....................
....................
....................
.*....*.............
**...*.*............
.....*..*...........
**.....*............
.*..................
....................
....................
.***................
*****...............
.....*..............
.****...............

Generation = 70, Population = 49.
.-.......*****...*..
.........*....*..*..
***......**..**..*..
*...................
*..*................
.*...**.............
..*...*.............
...***..............
....................
**..................
**..................
**.....**...........
....................
..*.................
.*..................
....*...............
.**.**..............
..*..**.............
.....*..............
.*..*...............

Generation = 75, Population = 56.
**.......*.*****.*..
*........*.*.*...*..
.*............***...
**.............*....
**..................
*....**.............
.......*............
.....***............
.....**.............
....................
.***................
..**................
.*..................
....................
....................
......*.............
**...****...........
**...*..*...........
.***...**...........
..*...*.............

Generation = 80, Population = 29.
**..........**......
**..........*.****..
.............**..*..
..............*..*..
....................
....................
.......**...........
.......**...........
....................
....................
....................
....................
....................
....................
....................
....................
.*.**...*...........
***.*...............
....................
...*................

Generation = 85, Population = 25.
**..........**......
**..........*..**.*.
............*...*.*.
.............***.*..
....................
....................
.......**...........
.......**...........
....................
....................
....................
....................
....................
....................
....................
....................
...**...............
...**...............
....................
....................

Generation = 90, Population = 24.
**.........*........
**........*....*....
...........******...
............***.....
....................
....................
.......**...........
.......**...........
....................
....................
....................
....................
....................
....................
....................
....................
...**...............
...**...............
....................
....................

Generation = 95, Population = 22.
**..................
**.........**..**...
..........*..*.**...
...........**.......
....................
....................
.......**...........
.......**...........
....................
....................
....................
....................
....................
....................
....................
....................
...**...............
...**...............
....................
....................

Generation = 100, Population = 19.
**..................
**.............**...
...............**...
..........**........
............*.......
....................
.......**...........
.......**...........
....................
....................
....................
....................
....................
....................
....................
....................
...**...............
...**...............
....................
....................

*** Life<Cell> 10x1 ***

Generation = 0, Population = 6.
-
0
0
0
-
0
-
0
-
0

Generation = 1, Population = 3.
0
1
-
1
-
-
-
-
-
-

Generation = 2, Population = 3.
1
*
-
-
0
-
-
-
-
-

Generation = 3, Population = 4.
*
.
0
1
-
0
-
-
-
-

Generation = 4, Population = 3.
.
.
1
*
-
-
0
-
-
-

Generation = 5, Population = 4.
.
.
*
.
0
0
-
0
-
-

Generation = 6, Population = 3.
.
.
.
.
1
1
-
-
0
-

Generation = 7, Population = 5.
.
.
.
.
*
*
0
0
-
0

Generation = 8, Population = 2.
.
.
.
.
.
*
-
1
-
-

Generation = 9, Population = 1.
.
.
.
.
.
.
-
-
0
-

Generation = 10, Population = 2.
.
.
.
.
.
.
-
1
-
0

Generation = 11, Population = 1.
.
.
.
.
.
.
0
-
-
-

Generation = 12, Population = 1.
.
.
.
.
.
.
-
1
-
-

Generation = 13, Population = 2.
.
.
.
.
.
.
0
-
0
-

Generation = 14, Population = 1.
.
.
.
.
.
.
-
-
-
0

Generation = 15, Population = 1.
.
.
.
.
.
.
-
-
0
-

Generation = 16, Population = 2.
.
.
.
.
.
.
-
1
-
0

Generation = 17, Population = 1.
.
.
.
.
.
.
0
-
-
-

Generation = 18, Population = 1.
.
.
.
.
.
.
-
1
-
-

Generation = 19, Population = 2.
.
.
.
.
.
.
0
-
0
-

Generation = 20, Population = 1.
.
.
.
.
.
.
-
-
-
0

*** Life<Cell> 30x30 ***

Generation = 0, Population = 98.
-0-----0-----0------0---------
---0-----0---0-0--0----0---0--
0--0---0--00--0---------------
-------------0--------0-------
-0-0--------------------------
------------------------------
-0--0-------------------0-----
--0-----0----0---0------------
------0----------00-----------
-00-0--------0-----------0----
-------------0-0------0---0---
0---------------0---0-------00
--------------0------0--------
--0-0--------------0--0-------
---0-0------------------------
--------------0---------------
-------0------0------------0--
----------------0--0-----0----
--0----0--------0-------------
------------------------------
-------------0----------0----0
--------------0-0---------0--0
00---0----0---0----0-0--------
----0---------00--0---0---00--
---------------------------0--
------------0-----------------
--0-------0---0---------------
-0----0---------0---------0---
--0--------------0------------
---------------0-----00-------

Generation = 5, Population = 417.
.-0--.-*0..0-*1-------10-0---0
-1-1-*0.--010.11..-0.0-0----0-
1.-*-0*1.0**-*1------000-00--0
--1*-0---1-.0--0---0---.00-0--
-0--.*100---01000**--0-0-000--
0-.**000---0---10-10------0---
011*--01*-**0*---11010*----01-
--00-0----1---0-*.01--10--00-1
0*1*000-*0-0--0-*--100-0----0-
0..-.-.0*---1.*11*01--100-0-1.
0*0*--1-01-*1.*0-1--1.---0-0.0
-1--1-0---0--.*0*--*--0--*.*..
-00--0-100-011-.100*0--1011---
0-----10--0-011*--**0---0-*---
---00-0-----01--*0-001---0*000
--10------1---1-1-1---000-001*
0--*-----0-*1*---0*-0*0-*.0-00
---0-00----0*01-..--*----0-.--
0----1-0-0*---101---1-00---1-1
-0-0-000-0000-1-0------0--1---
----0-0------0----0-11--0-.*0.
----000--0-0-01-*-----.-*-11*.
.1.0*-1*1-000.0-.1-00--*--010.
11--0-10-01101*1-1--0-0--1.-1*
1--0--0---000-00--00-0--*10---
-10--0-0-0----*.00000-1-00-.0-
0*---*0-1-0-0--0-1-10-0----1-0
----*----0---0-1--10*.*0-01-0-
--101-*0--000--.--01-----0-10-
-----010--01*--0-*1-****--00--

Generation = 10, Population = 385.
.0-0**0.1*.1**-.*0*-***1----0-
-11.-*.*-1.-...***00..1.-1.*--
1*..-..**-..0.*010*0-1---0.--0
0..*00.0-.-..011*1-----*..-*.*
111*.*..*1-.-.1--...-.*-.-.111
*-.*..-.-.0.1-*.0..-11.*--.-*0
**..--1**-*.1*-.-*.--0.-100-.1
-.1--*.**1*---*1.*0.-*10---1**
1***0..0.*1.1-1-*0*.*.-0--.-.-
-..-.-.-.*-1..**.**.--.*-*-*..
1.*.-..1-*-.-*.1-.--1.-*-.-..-
1-*0*--0*0-10*..*--**.0-0***..
01**-----*0..1-.---.-***...001
---.-1.1-11.-.*.....*.10--.-..
.**-.**-11-*0-0*.1--..-11-..10
-.***0-0--*1-0.-.-*10*-*-*..*.
-*-.-*.----...**-..--.1...----
10.1*-.-.-1-.**1...*.--.--1.--
01-*.1-*.-.11-*-**-*.-.0.--1--
-*-.--1---.1.*.111.-.**1-1-.0*
..--*.-00--10*0--.*-..*11-**-*
-0-0.-*01-1*1-***-*-*-*-.-*.**
.*.-.....--*0.--..111-1.-1...*
1.--.-*1*-*.0-.***-*--010..-*.
.*010*-*-11.**.-01-10---...---
0**-.*.1-0.-0-.****-01.-1--.-*
..-10..-*110-1---*...1---1-.1-
0-...1--...--0.*1--1..*.--.0.0
--.-1*.110***10*-.1-*--*-.*-00
---*01.-1*-*.----*.-.**.*-*1--

Generation = 15, Population = 360.
.1*...-..........-..*....01--.
....-...-..-***..**....***..-1
-....*...1..0**0-0*-1..*.*.-..
0...*0.1...*.*-...--*1.......*
***...***.**-**-*.*.-*.*.*.*.*
.*....1*-....-..0*.**-..-*.0.*
.....0...0..-*1..**-.0*0.*.*.-
-..10......*.1..*.-*-.--.***..
..*.*.....-*.*-1.***.*--1..1*.
-**..-**..0-...*...*--..1.*...
.**..***-.0*-..*-.****-*0*1..-
-1..*.*-*1-.0*......*.11*..***
11.*0-010.....-*-0-.-....*.-1*
*-0**..*1...**..***....*--**.*
..*-...-.*.**.1.**-*..0*.*.**.
-*...1*-.1*1--.-*-..-.-*1*...*
..-.-.*-*--*..**-..1.*-.****-*
11.*.-*-*0**...**....--.-.-.11
...**-..*1.1*..-.*1**-.-.0.**.
1*-**0*.--.*..**.*..*....-.*..
**.1**---**...01**..*....-..-.
1-**.-*..0...-**..*1.-*-.0....
...1*..***-.*..1.....*-.01.*..
.*..*-.**1*.*-*...*...*1..*.*.
....0*-.01-..**11*0---....**-*
.....****1**.0*...*.*1.11**...
..0.1*.1*.*...01....**1*-.*...
*0....--.*..*1.***1-...*.0*-.*
-*.1....**.**.-.0.*..1-.-..-11
1-*..-.-1.*..0***.*-..*..0***0

Generation = 20, Population = 268.
......-.....**...........-**..
....-**.-..-**...*......**.*0-
.....**....*-..**-.-......*0..
-....-*....**.....-.......*...
..........*.*..*..***.*.......
...**.-.-**.*0..-...*.*.-..0..
.....0***1*.1..***.1*.*.....*-
-...0.***....-**.*..0**-....*.
......*.*.....-*.*.**..*......
-....-**..*-...*.*.*-*...**...
.****...1.*.1.....**....-.-.*1
.-.*...-****..................
-*..--*.......-.1.-*-......1..
..*..*..-.***......*..*.*1..**
*..***..*.....-.**....*..**.*.
*.*.***..-..--.-.*..-.-.......
..0.**....*.....-..1........1*
*.*...*-.........**...-.-.-.1*
...***..*1*....**.1....*.0....
-***....1-*.*.*........*.-*...
*.....-10...*.**.......*...**.
*-.*.*.*.1**.1......**.-.*..*.
...-.**...-***......*.-*--*.**
..***-...-...**...***.**....**
...*-.....1*...11..-.-.*.*.***
.....*......*-.*.....**1.**.*.
..-....-....***-..*...*.*..**.
.-..***1**....***.--...*...-..
.***....**.....*0*...*-.*.*.-*
***.*-*......**.**.**.......*.

Generation = 25, Population = 237.
......**....**...........0....
.....*.*0...**.***............
....***.**..1....0.........-..
-...*0*****..............*....
...***.*..****...........*....
...**.-***.**-..-.**.*.**..1..
...****...*..*..**.*....*....*
-...1.....*.....*...-...*...*.
...........*..1*.**.*..*......
-....-....*-........1**.......
.....*..*...-*..........-.-.*.
.-..*.....*.**.............*.*
-...-*........-...-.-....*.-*.
.......*......*.........**..*.
....*..*......**.......**.....
..*.**...*.*--***...0.0*......
..-.......**..**1..**......*-.
.......1..**.***....**-.-.-*-.
*........****.**...**...*-*...
*........-.**.*.....**.*.***..
*..***--0..****.*........***..
.-*..*..***..*..*....*.-.***..
...1....**-...*.........1.....
***..-...-....**.*............
.....*..*...**.1.**...........
..***.***...*-.........-....*.
.*1*..*.**.......**.........**
.****.*-...........**.***..1.*
...**.*........*-*...*.*....**
....**...........*...**.....*.

Generation = 30, Population = 206.
.......**..*.............-....
.......*-*.**.....*...........
.......**...**.**.*........-..
-....-.....**..**.............
...............*.*............
......-.......**-..........-..
...............*.*............
-..............**.**.*.**.....
...............**.*.*****.....
-..........-***.*.*.*...*.***.
............****......*.*...*.
.-..........*.......******...*
-...-.*......**...-.1**....*.*
...**..*..................***.
..*....*....*..*.......*.**...
..*....*....**.....*-*-....*..
..-...*.........-.*..**.*...*.
..**...-..........*****...-.-.
..***.****........*....**.*...
....*.....*........*....**....
.*....*...*........**.*****...
.*.******............**-*.*...
.*........-.**.........*-.....
...*.-...**.****........*.....
.****.......*.*.....**.**.....
.*.*.........-*.**.******...**
..-............****...*..*..**
................**.....***.-..
....**..........-.*..*.***..**
....**............*..*......**

Generation = 35, Population = 156.
.......***....**.........-....
......*.**......*.............
.......***...***...........-..
-....-........................
..............................
......-....................-..
..............................
-............*.....***.....*..
.............*.**.*......****.
-..........-..........****...*
...............*.*.**.....*..*
.-...*.........*......*....*.*
-...-.*....**..*..-*-......*.*
...**.***..**.**...........*..
...*.*...*...*................
..**..*.*.......**.**.-.....*.
..-**.**.*......**..........*.
...*....*.......*.....**....-.
........*.*......*.*...*..*...
.........**......**...........
.*......*..*..................
*.*.................**..**....
........*.0.**......*.*.**....
..*..-.....**.**....**........
.**.*..***..*.**...**.........
***.*****.....**..***.........
..1...*...........*..*........
...*...............**......*..
................-..........*..
....**........................

Generation = 40, Population = 182.
.........................-....
......**.**...**..............
......*...*..*.............-..
-....-.***....................
.......***....................
......-....................*..
..........................**..
-................*.....**..*.*
.............***..*....**....*
-..........-*..*..*.*.........
.............*.*.*..........*.
.-...........***.*..**.....**.
-....**.*.***.*.*..*......*...
.....**.****...*.***..........
....*......*.****..*..........
....******..***..****.-.......
..0*......*....**.**..........
.........*...**.**.*...*....-.
...***...*.*.*.*..**....*.....
...........***.*...*..*.......
.**.........**..*.*......*....
.*.*.........**..*.......*....
.*..*.....**.***.....*.*.*....
.*...-...***..*....******.....
.*...*...*.*......***.**......
*....**..**...*.*...*.........
.*.**.........*****.*.........
..*............*****..........
................-.............
..............................

Generation = 45, Population = 139.
..........**.............-....
.....***..*.*.................
............*..............-..
-....-......*.................
.......**..*..................
......-...*...................
.......***...*...*.........**.
-...........*.***..........**.
...........**.**.*............
-..........***..*.............
...........**..***........**..
.-...*......*.*.****..........
-...***......****...**........
...*..*.....*.......**........
..**.*........................
...**.................-.......
..1.*..............**.........
.***......***......**.......-.
.*...*....***.**..*..*........
**...*.......***..*..*........
..****............*.*....*....
.............**....*...**.....
............****.......***....
....***...**...*..**..........
....*.....**....*.............
....**........................
................*.............
...............**.............
...............**...*.........
................*.**..........

Generation = 50, Population = 121.
......*....*.*...........-....
......*....*..*...............
......*...**...............-..
-....-...*....*...............
.........*...**...............
......-...**.**...............
...........................**.
-..........................**.
............*.................
-..........*..................
.....**...***....*...*........
.-..*..*..*.....**...*........
-...*...*..***.*......*.......
.....*.*...*...**...**........
......*.........*.............
...........*...*...**.-.......
...*..*.......*..**...*.......
...*..*..**..*..*...........-.
..*..**.....*..*..***.*.......
.**.....*...*....*...**.......
........*...*.**..***.*.......
........*..........*..........
.....***......*.**.....*......
....*..**........*...**.......
...*..**.***..*.*.............
....**........................
..............................
.................*............
..................*...........
.................*............

Generation = 55, Population = 118.
..........**.............-....
.....**....*..................
........*..................-..
-....-.**.*...................
.........*...*.*..............
......-.......................
.............*.*...........**.
-..........................**.
..............................
-....***......................
.......*.........**...........
.-....*...........*****.......
-.***.**...******....*.*......
...........*..*****.**.**.....
.......*...*........*.........
......*...*....*..*...-.......
......*..*.........***........
.........*............**....-.
....*.***...**.....*..........
.....***.***.*....*.....*.....
...........*.**.*.......*.....
.....****.....*.***....*......
....**..*.*........****.......
...**....*......*.............
..*.......*.....**............
..........*......*............
...*.*........................
..............................
..............................
..............................

Generation = 60, Population = 114.
..........**.............-....
.........*..*.................
........*..*...............-..
-....-.*...*..................
.......***....................
......-.*.....................
...........................**.
-.....**...................**.
.....**.*.....*..*............
-.......*.....................
.......*..........**..**......
.-..............*..*.**.*.....
-..**............*.****.**....
...**...........**..*..**.....
.................***..........
...........*......*...-.......
........**.**.................
.......*.....**.............-.
.....*.*****.**.......***.....
....***..*.....*.....*...*....
...........*.*.**.............
..............*......**.**....
......**...***.........*......
.....*****.**.................
.....*******....**............
..........*.....**............
..............................
..............................
..............................
..............................

Generation = 65, Population = 95.
.........*.*.............-....
........*..*..................
.......**..................-..
-....-***.....................
......*.*.....................
......-.......................
........**.................**.
-....**....................**.
.....***......................
-................**...........
.................**...........
.-......................*.*...
-..**...................*..*..
...**.....*.............*.*...
.........***....*****....*....
........*.............-.......
......**.*.........**...*.....
.......*..........*....*....-.
....*..*.**....**......*......
.....**.....***...............
.....*...**.**................
..............*...............
............**.**.............
...........****.**............
.........**..*................
.......****.*...**............
...........*..................
..............................
..............................
..............................

Generation = 70, Population = 84.
.........................-....
.....**.**....................
.....*..*..................-..
-....-**......................
..............................
......-.......................
...........................**.
-...**.....................**.
.....*........................
-.....*..........**......*....
.................*.*....*.*...
.-................***.........
-..**..............*...*...*..
...***....**....**............
.....***...*...*.....*........
................*...*.-.***...
....*...*.*......***..........
....*.**.....**.............-.
...*.**.....*..*..............
...*..*......*..*.............
....*.*.......*...............
..............*...............
..................*...........
...........**...**............
........**....................
.......*......................
.......*.*....................
........*.....................
..............................
..............................

Generation = 75, Population = 69.
.....*...................-....
....******....................
....*....*.................-..
-....-...*....................
......*.*.....................
......1*......................
...........................**.
-..........................**.
..............................
-.............................
..............................
.-...............**..*........
-................*.*..*.......
.....*.....*...**....*........
...*....*..*...***..**...*....
..*..*..........*.....-..*....
..............**.........*....
.*..*.*.*....**.............-.
..*.....*...**................
...*..*....***................
...*..*.....*.**..............
.............***..............
..............*...............
..............................
..............................
..............................
..............................
..............................
..............................
..............................

Generation = 80, Population = 55.
....*....................-....
.....**...*...................
....*****..**..............-..
-....*.**.*...................
.........**...................
......-.**....................
...........................**.
-..........................**.
..............................
-.................**..........
.................*..*.........
.-...................*........
-...............*..*.**.......
.................*...***......
....................*..**.....
.............*......***..**...
.....................*........
...........*.*..............-.
...***.....*..................
..........*...................
...**.........................
..............................
..............................
..............................
..............................
..............................
..............................
..............................
..............................
..............................

Generation = 85, Population = 50.
.........................-....
..............................
....**.....................-..
-...**........................
..............................
......1**.*...................
.......*..*................**.
-.......***................**.
..............................
-....................**.......
...................*.**.......
.-.................*.***......
-......................**.....
...................**..**.....
...................**.........
...................**.........
............*.......***.......
...........*.*......***.....-.
..........*..*.......*........
...........**.................
..............................
..............................
..............................
..............................
..............................
..............................
..............................
..............................
..............................
..............................

Generation = 90, Population = 41.
.........................-....
..............................
...........................-..
-.............................
.........**...................
........**.*..................
...........*...............**.
-.........**...............**.
........*.**........**........
-.......***.........**........
.........*.........***........
.-............................
-................**...........
.................*..*.........
..................*.*.........
..................*.*.........
............*.................
...........*.*..............-.
..........*..*................
...........**.................
..............................
..............................
..............................
..............................
..............................
..............................
..............................
..............................
..............................
..............................

Generation = 95, Population = 41.
.........................-....
..............................
...........................-..
-.......***...................
........**.**.................
...........*.*................
...........***.............**.
-..........................**.
..............................
-....................**.......
........*.**.........**.......
.-......*..*......**..........
-.......***....**.............
................*.*...........
..............................
..............................
............*.................
...........*.*..............-.
..........*..*................
...........**.................
..............................
..............................
..............................
..............................
..............................
..............................
..............................
..............................
..............................
..............................

Generation = 100, Population = 51.
.........................-....
..............................
.........*.................-..
-........*....................
.............**...............
............***...............
.............*.............**.
-..........................**.
..........*...................
-.......**.**.................
..................*..*........
.-.....*.*.......**...*.......
-......*...*....**...*........
.......**..*...*..***.........
........***.....***...........
.........*.......*............
............*.................
...........*.*..............-.
..........*..*................
...........**.................
..............................
..............................
..............................
..............................
..............................
..............................
..............................
..............................
..............................
..............................

