*** Life<ConwayCell> 24x10 ***

Generation = 0, Population = 78.
**.*...*..
**...*..*.
*......*..
....*.*...
***..**.*.
***..*..*.
***.......
.*..*...*.
*.*....*..
..**.***..
..*...**..
*.....**..
.*.*......
.*.*...**.
*.....***.
....*..**.
*.*...***.
.*..*.*...
**........
*...**....
*.*....*..
.**....**.
.**.......
..........

Generation = 5, Population = 69.
.**...**..
*.*....**.
*....*.*..
.....*.*..
......*...
...*......
**.*...**.
.*.*...*.*
.........*
...*...*.*
...**..*..
..*..*....
..*....*.*
***...*.*.
*.*.**....
*..*......
*.........
*.....**..
*.*.*****.
...**.*.*.
....**....
*..*......
.***......
..........

Generation = 10, Population = 64.
.**....**.
*.*...*...
.*........
.*........
.**.......
**........
**....**..
*....*.**.
**..**....
.*.*..*...
**.*..*...
...*....**
..*..**..*
..*....**.
...*......
...***....
*.***.....
****....*.
.**.....*.
........*.
..........
..........
*..*......
*.**......

Generation = 15, Population = 43.
..........
.**.......
..........
..........
..........
..........
.......**.
........**
**.....***
*......**.
*.**...*..
*......**.
*..*...***
.*.*..*.**
.....**.*.
.....***..
....*.....
....***...
........**
..........
..........
..........
..........
..........

Generation = 20, Population = 25.
..........
..........
..........
..........
..........
..........
.......***
..........
***.......
*..*..**..
....***.*.
..*...***.
..**......
..........
..........
.......**.
..........
.....*.*..
.....*....
..........
..........
..........
..........
..........

Generation = 25, Population = 31.
..........
..........
..........
..........
..........
..........
**.....**.
**....*...
..*...*.*.
.**.....*.
*......***
.*.*......
.***......
..**......
..........
......**..
.....*..*.
.....*.*..
......*...
..........
..........
..........
..........
..........

Generation = 30, Population = 32.
..........
..........
..........
..........
..........
.*........
***.......
*.**......
**........
**.....***
*......*.*
.*.*...***
.*..*.....
...*......
..........
......**..
.....*..*.
.....*.*..
......*...
..........
..........
..........
..........
..........

Generation = 35, Population = 31.
..........
..........
..........
.*........
*.**......
..**......
..........
..........
.......**.
.....**.*.
.....**...
.*.*.**.*.
*......**.
.*.*......
..*.......
......**..
.....*..*.
.....*.*..
......*...
..........
..........
..........
..........
..........

Generation = 40, Population = 41.
..........
..........
..........
..........
...*......
....*.....
...*...*..
.....**.**
.....**.**
.....*.**.
..........
........*.
*.*....***
*..**..***
.....***..
.****.....
....**.**.
.....*.*..
......*...
..........
..........
..........
..........
..........

Generation = 45, Population = 21.
..........
..........
..........
..........
..........
..........
..........
..........
..........
..........
..........
........**
.......***
.......***
*.*.......
...*......
.*.**.....
....*.....
...***.**.
.......*..
..........
..........
..........
..........

Generation = 50, Population = 11.
..........
..........
..........
..........
..........
..........
..........
..........
..........
..........
..........
..........
..........
..........
..........
..........
..........
..**......
..*.*..**.
...**..**.
....*.....
..........
..........
..........

*** Life<ConwayCell> 125x111 ***

Generation = 0, Population = 96.
....*..............................*...........................................................................
.....................................*......*.................................................*................
...........................*.....................................................................*.............
..........*....................................................................................................
...............................................................................................................
...............................................................................................................
................................................*..............................................................
.......................................................*.......................................................
.............*..........................*......................................................................
...............................................................................................................
...............................................................................................................
....*..........................................................................................................
...*.........................................*.................................................................
...............................................................................................................
......*.....................*..................................................................................
........................................................................*.....*................................
...............................................................................................................
................................................................................*..............................
...............*..........................*....................................................................
...............................*...............................................................................
...................*............*......*.......................................................................
...............................................................................................................
...............................................................................................................
...............................................*...............................................................
.........*..........................................................*..........................................
...........*....................................................................*..............................
.....*.........................................................................................................
.....................................................................*.........................................
...............................................................................................................
.....*..............*.*..............................................*.*.......................................
...............................................................................................................
...............................................................................................................
...................*...*..*....................................................................................
...................................................................*...........................................
...............................................................................................................
...............................................................................................................
........*..................*...................................................................................
.............................*.................................................................................
.........**....................................................................................................
......................................*....*...................................................................
...............................................................................................................
.............................*.................................................................................
...*...............................*.............................................**............................
..............................................*......................................*.........................
.......**............................................................................*.........................
...........*........*.......................*..................................................................
...............................................................................................................
...*.......................*..............................*......*.............................................
..*...........................................................*.....................*..........................
..................*............................................................................*...............
............................................*................................................*.................
...............................................................................................................
...............................................................................................................
...............................................................................................................
...........................................................................*...................................
...............................................................................................................
...............................................................................................................
.......................................................................................*.......................
.......................................................................................*.......................
...............................................................................................................
...............................................................................................................
...............................................................................................................
...............................................................................................................
.........................................................*................*....................................
.........................*.....................................................................................
...............................................................................................................
............................................................................*..................................
...............................................................................................................
...............................................................................................................
...............................................................................................................
............*..................................................................................................
...............................................................................................................
...............................................................................................................
...............................................................................................................
...............................................................................................................
.....................................................*.........................................................
...............................................................................................................
...............................................................................................................
...................................................................................*...........................
...............................................................................................................
........................*......................................................................................
...............................................................................................*...............
................................................................................*..............................
...............................................................................................................
...............................................................................................................
...............................................................................................................
............................................*..................................................................
...............................................................................................................
...............................................................................................................
......................*........................................................................................
...............................................................................................................
...............................................................................................................
....................................................................*..........................................
...............................................................................................................
....................................................................*..........................................
....................................*.............................*............................................
...................................................................*...........................................
..........................................*....................................................................
*..........*...................................................................................................
...............................................................................................................
...............................................................................................................
...............................................................................................................
...............................................................................................................
...............................................................................................................
...............................................................................................................
...............................................................................................................
...............................................................................................................
...............................................................................................................
...............................................................................................................
...............................................................................................................
...............................................................................................................
...............................................................................................................
...............................................................................................................
...............................................................................................................
...............................................................................................................
...............................................................................................................
...............................................................................................................
...............................................................................................................
...............................................................................................................
...............................................................................................................
...............................................................................................................
...............................................................................................................
...............................................................................................................
...............................................................................................................
...............................................................................................................

Generation = 2, Population = 0.
...............................................................................................................
...............................................................................................................
...............................................................................................................
...............................................................................................................
...............................................................................................................
...............................................................................................................
...............................................................................................................
...............................................................................................................
...............................................................................................................
...............................................................................................................
...............................................................................................................
...............................................................................................................
...............................................................................................................
...............................................................................................................
...............................................................................................................
...............................................................................................................
...............................................................................................................
...............................................................................................................
...............................................................................................................
...............................................................................................................
...............................................................................................................
...............................................................................................................
...............................................................................................................
...............................................................................................................
...............................................................................................................
...............................................................................................................
...............................................................................................................
...............................................................................................................
...............................................................................................................
...............................................................................................................
...............................................................................................................
...............................................................................................................
...............................................................................................................
...............................................................................................................
...............................................................................................................
...............................................................................................................
...............................................................................................................
...............................................................................................................
...............................................................................................................
...............................................................................................................
...............................................................................................................
...............................................................................................................
...............................................................................................................
...............................................................................................................
...............................................................................................................
...............................................................................................................
...............................................................................................................
...............................................................................................................
...............................................................................................................
...............................................................................................................
...............................................................................................................
...............................................................................................................
...............................................................................................................
...............................................................................................................
...............................................................................................................
...............................................................................................................
...............................................................................................................
...............................................................................................................
...............................................................................................................
...............................................................................................................
...............................................................................................................
...............................................................................................................
...............................................................................................................
...............................................................................................................
...............................................................................................................
...............................................................................................................
...............................................................................................................
...............................................................................................................
...............................................................................................................
...............................................................................................................
...............................................................................................................
...............................................................................................................
...............................................................................................................
...............................................................................................................
...............................................................................................................
...............................................................................................................
...............................................................................................................
...............................................................................................................
...............................................................................................................
...............................................................................................................
...............................................................................................................
...............................................................................................................
...............................................................................................................
...............................................................................................................
...............................................................................................................
...............................................................................................................
...............................................................................................................
...............................................................................................................
...............................................................................................................
...............................................................................................................
...............................................................................................................
...............................................................................................................
...............................................................................................................
...............................................................................................................
...............................................................................................................
...............................................................................................................
...............................................................................................................
...............................................................................................................
...............................................................................................................
...............................................................................................................
...............................................................................................................
...............................................................................................................
...............................................................................................................
...............................................................................................................
...............................................................................................................
...............................................................................................................
...............................................................................................................
...............................................................................................................
...............................................................................................................
...............................................................................................................
...............................................................................................................
...............................................................................................................
...............................................................................................................
...............................................................................................................
...............................................................................................................
...............................................................................................................
...............................................................................................................
...............................................................................................................
...............................................................................................................
...............................................................................................................
...............................................................................................................
...............................................................................................................
...............................................................................................................
...............................................................................................................
...............................................................................................................

Generation = 4, Population = 0.
...............................................................................................................
...............................................................................................................
...............................................................................................................
...............................................................................................................
...............................................................................................................
...............................................................................................................
...............................................................................................................
...............................................................................................................
...............................................................................................................
...............................................................................................................
...............................................................................................................
...............................................................................................................
...............................................................................................................
...............................................................................................................
...............................................................................................................
...............................................................................................................
...............................................................................................................
...............................................................................................................
...............................................................................................................
...............................................................................................................
...............................................................................................................
...............................................................................................................
...............................................................................................................
...............................................................................................................
...............................................................................................................
...............................................................................................................
...............................................................................................................
...............................................................................................................
...............................................................................................................
...............................................................................................................
...............................................................................................................
...............................................................................................................
...............................................................................................................
...............................................................................................................
...............................................................................................................
...............................................................................................................
...............................................................................................................
...............................................................................................................
...............................................................................................................
...............................................................................................................
...............................................................................................................
...............................................................................................................
...............................................................................................................
...............................................................................................................
...............................................................................................................
...............................................................................................................
...............................................................................................................
...............................................................................................................
...............................................................................................................
...............................................................................................................
...............................................................................................................
...............................................................................................................
...............................................................................................................
...............................................................................................................
...............................................................................................................
...............................................................................................................
...............................................................................................................
...............................................................................................................
...............................................................................................................
...............................................................................................................
...............................................................................................................
...............................................................................................................
...............................................................................................................
...............................................................................................................
...............................................................................................................
...............................................................................................................
...............................................................................................................
...............................................................................................................
...............................................................................................................
...............................................................................................................
...............................................................................................................
...............................................................................................................
...............................................................................................................
...............................................................................................................
...............................................................................................................
...............................................................................................................
...............................................................................................................
...............................................................................................................
...............................................................................................................
...............................................................................................................
...............................................................................................................
...............................................................................................................
...............................................................................................................
...............................................................................................................
...............................................................................................................
...............................................................................................................
...............................................................................................................
...............................................................................................................
...............................................................................................................
...............................................................................................................
...............................................................................................................
...............................................................................................................
...............................................................................................................
...............................................................................................................
...............................................................................................................
...............................................................................................................
...............................................................................................................
...............................................................................................................
...............................................................................................................
...............................................................................................................
...............................................................................................................
...............................................................................................................
...............................................................................................................
...............................................................................................................
...............................................................................................................
...............................................................................................................
...............................................................................................................
...............................................................................................................
...............................................................................................................
...............................................................................................................
...............................................................................................................
...............................................................................................................
...............................................................................................................
...............................................................................................................
...............................................................................................................
...............................................................................................................
...............................................................................................................
...............................................................................................................
...............................................................................................................
...............................................................................................................
...............................................................................................................
...............................................................................................................
...............................................................................................................
...............................................................................................................
...............................................................................................................

*** Life<ConwayCell> 25x25 ***

Generation = 0, Population = 107.
..*..***.*....*.*........
**.*..*..**.*.*.*........
.*..*.*.***....**........
*.**..****..*...*........
*.*.**.....***..*........
.***...***.*.*...........
.*.*****.**.**.**........
**.*.*.*.*...*...........
...**.**..*.**.**........
...****...**.*...........
.***...*****.*..*........
*.*...*.....*.*.*........
....*.****..*..*.........
.........................
.........................
.........................
.........................
.........................
.........................
.........................
.........................
.........................
.........................
.........................
.........................

Generation = 4, Population = 74.
.....***..*.*..***.......
.....***.*..*..***.......
*.**.*....***..*..*......
*****...........*.*......
.......**....*.*.**......
....*****.*...*..........
.....**...***.*..........
.........*..*............
.........**.*..*.........
..........*.*............
......*****.*...*........
......*...*.*............
........**...............
.............***.........
.........................
.........................
.........................
.........................
.........................
.........................
.........................
.........................
.........................
.........................
.........................

Generation = 8, Population = 55.
......**........**.......
......**...**...*.**.....
.............*.**..*.....
.............**..*..*....
.................*.*.....
.......***..***...**.....
........*................
.......**.**.............
........*...*............
.....**...*..*...........
.....**.....*.*..........
.......*.**..............
..........***..*.........
............***..........
..............*..........
.........................
.........................
.........................
.........................
.........................
.........................
.........................
.........................
.........................
.........................

Generation = 12, Population = 72.
......**..........**.....
......**.....****..*.....
.......*....**.*..*......
..........*....*..**.....
.......**.*******...*....
...............***.......
.......**.**.......*.....
......*....*...*.........
.....**..***...*.........
....**.***.....*.........
....***...*....*.........
.........***.**..........
............*............
..........*.*............
...........*****.........
..............*..........
.........................
.........................
.........................
.........................
.........................
.........................
.........................
.........................
.........................

Generation = 16, Population = 55.
..............*.****.....
...........*....****.....
......*....****..........
......**...*...*.........
..............**.........
.........**..............
.........*.*..**.........
.........*.*..*..........
..............**.........
...***.......**..........
....**...*****.*.........
..............*..........
........*...*............
.........................
..........*.***..........
...........**............
............*............
.........................
.........................
.........................
.........................
.........................
.........................
.........................
.........................

Generation = 20, Population = 41.
...........***...*.......
...........******.*......
......*..*....*....*.....
.........*...*.**.*......
......*...*.**..**.......
..........*..***.........
........**...............
.........................
.........................
..........*..............
.........*.*.............
........*................
.........**..............
.........................
............***..........
.........................
.........................
.........................
.........................
.........................
.........................
.........................
.........................
.........................
.........................

*** Life<ConwayCell> 30x30 ***

Generation = 0, Population = 82.
*.*............*..............
.*......*.....*...............
...*..*.***....*..............
.*.*.*.**.....................
....*...........**............
.**..**..*.*.*................
..**...*......................
*..*......*...................
....*.**.......**.............
...**.....*...................
....*...*....*.......*........
.*..**..*.....*...............
*.......*......*..............
.........*........*.*.........
......*...*...................
..*.*...*.........*...........
......*..............*........
..............................
*..........*..................
....*.............*...........
...*..........................
.......*............*.........
..*..*........................
...*...*..*....**.............
............*.................
..............................
.*....*............*..........
..............................
..............................
..............................

Generation = 2, Population = 35.
.**...........................
.**....*......................
.*..*..........*..............
..*.....*.....................
.*......*.....................
.*....*.......................
.*............................
..*...**......................
..*....*......................
...***........................
...*.***.*....................
.......*..*...................
.......*..*...................
.........**...................
........*.....................
..............................
..............................
..............................
..............................
..............................
..............................
..............................
..............................
..............................
..............................
..............................
..............................
..............................
..............................
..............................

Generation = 4, Population = 35.
.**...........................
*..*..........................
**.*..........................
*..*..........................
...*..........................
*..*..**......................
...*..**......................
........*.....................
....**........................
..*..*........................
..**..........................
......**..**..................
.......*...*..................
........*..*..................
........***...................
..............................
..............................
..............................
..............................
..............................
..............................
..............................
..............................
..............................
..............................
..............................
..............................
..............................
..............................
..............................

Generation = 6, Population = 38.
.**...........................
*..**.........................
..............................
*....*........................
..............................
..*.*.**......................
........*.....................
....*..*......................
...*..........................
..*..**.......................
..**.***......................
.....*..*.***.................
.........*..*.................
......*....**.................
.......*..*...................
........***...................
..............................
..............................
..............................
..............................
..............................
..............................
..............................
..............................
..............................
..............................
..............................
..............................
..............................
..............................

Generation = 8, Population = 47.
.*.*..........................
.*..*.........................
..**..........................
.....*........................
......*.......................
....*..*......................
......**......................
...*...*......................
...****.......................
..*..*.*......................
..**.*.*.*.**.................
...**.**.*.**.................
.............*................
........*.***.................
.......**.....................
.......*..*...................
........***...................
..............................
..............................
..............................
..............................
..............................
..............................
..............................
..............................
..............................
..............................
..............................
..............................
..............................

Generation = 10, Population = 56.
..............................
.*..*.........................
..***.........................
...***........................
.....**.......................
.....*..*.....................
........*.....................
..***.........................
..***..*......................
.**.*..**.....................
.**..*.....**.................
..****....**.*................
...***...*.*.*................
......*....**.................
......*...*...................
.......*..**..................
........*.*...................
........***...................
..............................
..............................
..............................
..............................
..............................
..............................
..............................
..............................
..............................
..............................
..............................
..............................

Generation = 12, Population = 47.
..............................
...*..........................
.**...........................
..............................
..............................
....****......................
...**.*.......................
....**........................
...*....*.....................
....*...**.*..................
....*......**.................
......**...*.*................
......**.....*................
......*....***................
.....***..*.*.................
.........***..................
.......**.**..................
.......**.....................
.........*....................
..............................
..............................
..............................
..............................
..............................
..............................
..............................
..............................
..............................
..............................
..............................

Generation = 14, Population = 46.
..............................
..............................
..............................
..............................
....****......................
...**..*......................
...*.*.*......................
......*.*.....................
...*.*..*..*..................
...*.**....**.................
.....*........................
....**.**.**.**...............
.....*....**.**...............
.....*....*..*................
......*......*................
.......**...*.................
...........*..................
.......**.....................
..............................
..............................
..............................
..............................
..............................
..............................
..............................
..............................
..............................
..............................
..............................
..............................

Generation = 16, Population = 44.
..............................
..............................
..............................
.......*......................
...*....*.....................
..**..........................
.....*...*....................
.....*..*.....................
....*..*...**.................
.....**...*..*................
....*....*...**...............
....***..******...............
.........*...**...............
.....*.*...*.*................
.....*.*.....*................
......**....**................
..............................
..............................
..............................
..............................
..............................
..............................
..............................
..............................
..............................
..............................
..............................
..............................
..............................
..............................

*** Life<ConwayCell> 50x50 ***

Generation = 0, Population = 182.
...*....***..**.*......*..........................
.*....**.****.*...........*....*........*.........
.*.**...*...*...*.................................
**..***.......**..**...*.....................*....
...**..*.*.**.....................................
.**.*..*.*.***...*.*..........*...........*.......
.....**.*...*........*.............*......*.......
....*.......*.....................................
..........*.*.*....*..*...........................
........*.***.**...........*......*...............
..*.........................**....................
*.*....*****..................*...................
..*..*.......**........*...........*..............
.*.*...........*......*.......*...................
.........*...*.*...........................**.....
.......*....*..*..*...............................
.*.........*****.................**...............
...*..........*.**..*.........................*...
.....*..*...............*.........................
......**...*......................................
....**.***..*.......**...................*........
.*......*.........*.......*.......................
.*..*......*............*.........................
..**.*...*...*.....*..*...........................
..*....*..........................................
..*....*.........*...........*.......*....*.......
.......*....*..................*..................
.........*..*.........*.....*.................*...
..........*...............................*.......
..........*..................................*..*.
.............*...........*........................
...........................*...*..................
..............................*...................
.............................*..........*.........
...................*..........................*...
..................................................
..................................................
..................................................
..................................................
..................................................
..................................................
...............................................*..
..................................................
..................................................
..................................................
..................................................
..................................................
..................................................
..................................................
..................................................

Generation = 2, Population = 113.
.......**...*.**..................................
..***..*....*.....................................
**.****..**...**..................................
***...*........*..................................
*.........**..*...................................
....*.............................................
...*...**.........................................
.....*.***.*.*....................................
.........**.*.**..................................
........***.*.**............**....................
..*..........*..............**....................
.*.*...*..**................**....................
.*......*.*...*...................................
..**.....*.....**.................................
..................................................
...........**..*.*................................
...........***...*................................
...........***....................................
..................................................
.....**.*.........................................
.....**..**.......................................
...*.**.**........................................
.*......*.........................................
*...**............................................
.*...**.*.........................................
......*.**........................................
........*.........................................
.........*.*......................................
..........**......................................
..........*.......................................
..................................................
..................................................
..................................................
..................................................
..................................................
..................................................
..................................................
..................................................
..................................................
..................................................
..................................................
..................................................
..................................................
..................................................
..................................................
..................................................
..................................................
..................................................
..................................................
..................................................

Generation = 4, Population = 102.
..*....**.........................................
.**...........*...................................
.....***......**..................................
.*.*.***......**..................................
...*..............................................
..................................................
.....****...**....................................
.....*.....****...................................
......***......*..................................
.......***..*..*............**....................
........*...***............*..*...................
.*......*....**.............**....................
.*......*..*......................................
..*......**...***.................................
..............***.................................
..............*.*.................................
..........**.***..................................
...........***....................................
......*.....*.....................................
......*...........................................
....*...*.*.......................................
.....**.*.*.......................................
.........*........................................
....*.............................................
....*....*........................................
.....**...*.......................................
......**..*.......................................
.........*.*......................................
.........*.**.....................................
..........**......................................
..................................................
..................................................
..................................................
..................................................
..................................................
..................................................
..................................................
..................................................
..................................................
..................................................
..................................................
..................................................
..................................................
..................................................
..................................................
..................................................
..................................................
..................................................
..................................................
..................................................

Generation = 6, Population = 100.
.**...............................................
*..*..........*...................................
.*.***.**....*....................................
.**....*......*...................................
...*..............................................
..................................................
.....*.*..........................................
.....*.*...**.**..................................
.....**....**.**..................................
..........***.***...........**....................
.......*.*...***...........*..*...................
.......***...**.............**....................
.......*..*..***..................................
.........**..**...................................
...............***................................
................*.................................
..........**......................................
..........*.......................................
...........**.....................................
......*.....*.....................................
.....*..*.........................................
.....*.***........................................
......*.**........................................
..................................................
.....**...........................................
....*..*.*.*......................................
.....*......*.....................................
......**....*.....................................
........**...*....................................
..........***.....................................
...........*......................................
..................................................
..................................................
..................................................
..................................................
..................................................
..................................................
..................................................
..................................................
..................................................
..................................................
..................................................
..................................................
..................................................
..................................................
..................................................
..................................................
..................................................
..................................................
..................................................

Generation = 8, Population = 88.
.**...............................................
*..**..*..........................................
**.****.*.........................................
**.*.**.*.........................................
.......*..........................................
..................................................
..................................................
....**............................................
....*..*...*...*..................................
.....***..*.................**....................
.......*.*.*...............*..*...................
......**.*..*...............**....................
......**....**....................................
.........***.*....................................
..............*..*................................
..............*..*................................
..........**....*.................................
..........*.*.....................................
..........*..*....................................
..........***.....................................
..................................................
.....**.**........................................
.......*..........................................
.......*..........................................
....*..*..........................................
....*..*..........................................
.....*..*..***....................................
..........*..*....................................
......*......*....................................
.............*....................................
.........*..*.....................................
...........*......................................
..................................................
..................................................
..................................................
..................................................
..................................................
..................................................
..................................................
..................................................
..................................................
..................................................
..................................................
..................................................
..................................................
..................................................
..................................................
..................................................
..................................................
..................................................

Generation = 10, Population = 78.
.**...............................................
.**....*..........................................
**......*.........................................
........*.........................................
.......*..........................................
..................................................
..................................................
....**............................................
....*.............................................
....**..*.**................**....................
......*..*.................*..*...................
......*.**.*.*..............**....................
.........*........................................
.........***......................................
..........****..*.................................
..........**..***.................................
.........***....*.................................
............*.....................................
.............*....................................
............*.....................................
.......***..*.....................................
......*****.......................................
..................................................
..................................................
.........*........................................
.....*..*..***....................................
.....***...*..*...................................
...........*......................................
...........*......................................
...........*..*...................................
............**....................................
..................................................
..................................................
..................................................
..................................................
..................................................
..................................................
..................................................
..................................................
..................................................
..................................................
..................................................
..................................................
..................................................
..................................................
..................................................
..................................................
..................................................
..................................................
..................................................