*** Life<FredkinCell> 30x20 ***

Generation = 0, Population = 82.
0----000----------0-
----0---------0-0--0
-00--------0--------
-----00---------0---
-0-00---------0-----
-0---00-------------
-0--0-0-------------
000--000--0---------
----0---0-----------
------0--00---------
0--------------0----
0---000-------------
-0---------00---0---
----0-0-0-------0---
--------------0-----
--------0-----------
--0---0-------------
0-000----------00---
--0-----------------
000-0--------------0
---0----------------
00---0--0----------0
---0-------0--------
-0------------------
--------------------
0------0-------0----
--0-----------------
--------------------
---0----------------
-----0--------------

Generation = 6, Population = 274.
0132--1124011--12---
----021--1--00-3--0-
--------11---1--002-
-0-216---0-11-01-01-
--03-1--0-022-----0-
--1-----1-01-----110
01--1--1-1-01-1-10--
---3-----342--3-2-00
3-------20--10-01-00
0---0-30-------0--0-
-32-1010-1-0-13121-0
21--134-0-11-011----
-30--3-100-2-323-1-0
----012-2210103--120
1-40-1-01-1110-301--
-1-2-0--10002-01-0-0
-0---13--1-22111----
-22-2312----12-2-301
--2011-01012-1------
-1--2-20-0-1-0-----0
---1-31-11-0--00----
1103-----011-1----1-
--1---01-----0---1--
1111241-10--0--10--0
0--1--0----0---0----
0-13-1----0--------0
310510-110---0------
--101---00-----0----
11-0--1--1-0--------
--12-------0-0-0-0--

Generation = 12, Population = 249.
23641----51----1404-
----2--06--020-5-4-4
1---3--0---11-1--2-1
--1---4-2---2332-1--
323----1-5----0-3---
--31-33-55-3----33-2
--33---2-3---0-11021
-4--14--3--301--20--
---4--1--0--3---3--1
--2----033-33--1-04-
-----33--21--4-4---1
-------5-13--21-----
0---47--21--454332--
-12---4-33-13--2-4-1
--5-2122--21--1--21-
-2-342------5---3--0
--22-26-334-------01
-4---4---0----243--4
-230----1--3------0-
4-----2---2-2433-2--
1232-51---0-2-1-1---
514-2-2--0-302------
1-1----2--1----2-30-
13---5-25610---2---0
312---40--221---1---
---74211-13---------
4-----0-3--3-------0
4--1--1-13---1-1-2--
--21--22---2---0----
3323-13-0---0---10-0

Generation = 18, Population = 311.
-374-51-3-5---017462
33-0-790+5---3---53-
36--76-23--2--2----3
-3------3-11-4-5246-
--4-75---703-5--4---
936----18-44-1----4-
--45135-452-4--2-1--
---648-25-7-6164--00
-5-6--1-7135422-93--
--21-2--756--21-2-6-
-730-5612-1-2-7-261-
-3-325653--3-----0--
26--78-5--5--7755-23
4--17-81445---4-442-
-2--2-4--1-22---235-
---46646-1-17-----32
7-4233--54657-5-4---
---1-7--4218---4-+3-
43-36252225444--1-02
-453----32--4-----1-
-46638---3-4----102-
6368-3-51-----022212
-3433-3-------25-5--
-35326-4---112--30--
4---145---3-43-1--01
------35345--22---21
-4-5--1-6-1-430--1-1
--55-7--160--1----1-
--32----0-1-1--1-2-5
---4-25313-3--01-41-

*** Life<FredkinCell> 23x29 ***

Generation = 0, Population = 87.
-0-00-0-0-------0-0------0---
--------0-----0--------------
-0-----0--0-------------0-0--
00--00--00--0---------0------
-0-0-0--0---00---0--0---0----
00-------------0-------------
--0-0------------------------
-0--0------------------------
00--000---0------------------
--0--0000-----------0--------
-00-----0-----------0--------
------00-0-------------------
---0--0----------------0-----
-----------------------------
------0----------------------
--0----00-------0------------
0000---0---------------------
-0----0-0--------------------
-0-0-----------------0-------
---0-------0---0-------------
0------0---------------------
---0---00--------------------
--0----------------------0---

Generation = 5, Population = 271.
-1---0--1-00----0---0211-0-1-
--0-2--03--01022--2000---00--
-1211-204---0-201------00----
---02--0-------0-0-0-00-10-00
10-243-21--1---0---2-10032-0-
----2--21-0----002-22----00-0
---1-01100--0-0-----3000---0-
02021---10-01-0--0---0----0--
53---1-12--01-1---00-0-1-0---
-2---0-01-2-2--1----1----0---
15-002-010-01----0-----120---
-12-31032-110-0010-0----0--0-
----2-500-00-0--0-0-------0-0
0110-10---0---------2------0-
01---0-0-0-0---0---0110------
--1-3-0-2--0--0-0--01--0-----
---12-1-01-----0----0-0-0----
02--320-2--1-0---0-----0-----
0-3----10-000--0--00---------
00-301-411010-012-0-0----0---
32--11-3--0----00--0----0-0--
----1-20--0-20-----------0---
01---0-20--00----------------

Generation = 10, Population = 315.
--3320-2-3--2-1-0-10--23-3320
205-423---3-----4-------1---0
---242--44----3-2-4030-10-3--
252140021---4--1---2---04-2-3
412-562-22-10-2--1-3-4----222
-3223----1-1-10-13--321--0--1
--042---30003-2---0--2--1--00
---52-12--0120120-1----0----0
-8----244---6--10----2-111101
--24--22--3-52144-2---1---2-2
27113-2-2-0----031102-13-0-1-
1-4-66345011--30---03---1---1
---0--6--0-1-----412-2--0---1
--1-021----111141-----1-1----
--21-301-0---10-10--1--000---
-0-2---1-51-10-1310-3-1---0--
------2-1-1--10--1--2--0-0-0-
---3-213-0332-0----1--000----
33-40-1--400-0-2--0--101-0---
2-0-21-6-3---123----0----0---
---021--30-2-------111-2-----
151-21--4-1---10-000---1-----
342-3--5211-0----0-0-0---0-0-

Generation = 15, Population = 345.
3-----3-542----2---3255-45---
---4-2-2-2---24-4-5-5---42---
-46---5--6--5363---34-413-8-0
2-3-5-33-5-65-312312-12--04--
-2-4-+2--35---5-16--1---6--3-
332--75644412-30-33382-212---
24-451---31-5131-2---4-3100--
25-52132---33-4--24100--2-01-
-8---5-47220--5-32--5-2-12-33
-434-25-505------2----2-----3
-9--4--1----6-22-2--2-2--1--3
---477577122--40-3-33--03-102
1-2------1--32-2-6-3-2--0-0--
---1373204412445-2-160------1
44-2--2--2--440--0----1-3-00-
-3246--3-7---2---4-04-2--120-
1-82424-251-12---4035-0-10--1
------1--145-0--11----1030---
4-550--5--314--521-3322---1-0
-1355-294-0-122540---1-2--2--
3-3-26----1-1--11-0--3--12030
-7------516--34-3--20204--0-0
463-5--6-----22-22--31--0-010

Generation = 20, Population = 304.
33-45-4-8-3-223--3465--7-6---
+--4--6-6---426-52--------10-
-6-----2----8-----74564---+-0
3-645-----1-5-42-5426---624-6
6---6---456------9564721----6
54587--645---4-054--9---2--22
7--46-2--4---24-43--7---4-3--
--1-7---6-3-4----------4----1
99-1-6-59----58-6313--4-1----
2-3603-3--61--3-------2--1--4
6+-6----7311--2---6-3---6-3--
---7--5-8-3-4--1-32-41-16-20-
-2-4--72-452--432623-5-6-5---
1-2147---4--4566-2---111-----
7--3--5-----541--2-3---23----
5----2---72---056-----31-1-0-
15849--436----2---15-02---02-
1----63-32-6-231-2-2-0-25-0-1
-6570-38-7-2561-56-833-5---0-
--47-55-6303------------1----
-76-58---1--2-2-42---3-5-3-30
-+-----283--344241-5--3-1--20
5+6-6-6-56-42-2----3--0---1--

*** Life<FredkinCell> 100x50 ***

Generation = 0, Population = 96.
--0----------0---------------------0--------------
------------------------------------0---0---------
--0---------------0-------------------------------
------0-------0-------0---0-----------------------
-------------0------------------------------------
--------0-0----------------0----------------------
--------------------------------------------------
-----------------0-----------0--------------------
--------------------0------------------------0----
--------------------------------------------------
0---------0-00------------------------------------
------0-------------------------------------------
--------------------------------------------------
---------------0----------------------------------
--------------------------------------------------
------------------------------------------------0-
-----0--------------------------------------------
--------------------------------------0-----------
-------------0------------------------------------
--------------------------0-----------------------
--------------------------------------------------
0-------------------------------------------------
---------------0-------------0--------------------
-------------------0------------0-----------------
--------00----------------------------------------
--------0-----------------------------------------
--0-----------------------------------------------
------------------------------------0-------------
--------------------------------------------------
---------0----------------------------------------
------0-------------------------------------------
--------------------------------------------------
-----0--------------------------------------------
------0------------------------0------------------
------------0---------0-0-------------------------
-0------------------------------------------------
---0-------------------------0--------------------
-------0-----0------------------------------------
----------0----------0----------------------------
-----------------0--------------0-----------------
----------------0---------------------------------
-------0-----------00-------0---------------------
-------0-----0--------------------------0---------
---0----------0-----------0--0-------0--0---------
--------------------------------------------------
-0------------------------------------------------
--------------------------------------------------
-------------------0---0----0---------------------
--------------------------------------0-----------
-----------------------------0--------------------
---------------------------------0----------------
----------0---------------------------------------
--------0-----------------------------------------
-0-------------------------0----------------------
0-------------------------------------------------
--------------0-0---------------------------------
--------------------0--------------0--------------
--0-------------------------0---------------------
----------------0-0-------------------------------
0-------------------------------------------------
-----0---------------------0----------------------
-----------------0--------------------------------
-------------------------------0------------------
--------------------------------------------------
--------------------------------------------------
--------------------------------------------------
--------------------------------------------------
--------------------------------------------------
--------------------------------------------------
--------------------------------------------------
--------------------------------------------------
--------------------------------------------------
--------------------------------------------------
--------------------------------------------------
--------------------------------------------------
--------------------------------------------------
--------------------------------------------------
--------------------------------------------------
--------------------------------------------------
--------------------------------------------------
--------------------------------------------------
--------------------------------------------------
--------------------------------------------------
--------------------------------------------------
--------------------------------------------------
--------------------------------------------------
--------------------------------------------------
--------------------------------------------------
--------------------------------------------------
--------------------------------------------------
--------------------------------------------------
--------------------------------------------------
--------------------------------------------------
--------------------------------------------------
--------------------------------------------------
--------------------------------------------------
--------------------------------------------------
--------------------------------------------------
--------------------------------------------------
--------------------------------------------------

Generation = 3, Population = 883.
-0-0-00---0---0-00-0--0---0-----0-0---0---0-------
--0--0-0---0----0-0-00-0-0-0-------0-0---0-0------
----100---0-0-0010-0100---000-----------0-0-------
0--010---0-0-0--100010----0210-------0-0-0--------
-0-00---0-0-0------00-0--0000-------0---0---------
--0----0---0-0--0---00-00120-----------------0----
---------------0-0---00--00----0------------0-0---
0------0--100-0-0-----0-------0-0----------0-0-0--
-0----0-001-1100-----0-0-----0-0----------0-0-0-0-
--0--0-00--0-0000---0-0-----0-0------------0-0-0--
---00-001-1-3-2-00-0-0-------0--------------0-0---
--00-0-010-0-0-10---0------------------------0----
-0--0-0-00--1-00-0------------------------------0-
0------0--0--10-0-0----------------------------0-0
----0--------0-0-0--------------------0-------0-0-
---0-0-0-----00-0--------------------0-0-----0-0--
--0-0-0-0---0-00----------0---------0-0-0-----0-0-
---0-0-0---0-0-0---------0-0-------0-0-0-0-----0-0
0---0-0---0-0-0-0-------0-0-0-------0-0-0-------0-
-0---0-----0-0---------0-0-0---------0-0----------
--0---------0---0--0----0-0---0-0-----0-----------
---0----00-----0-00-0----0---0---0----------------
--0----0-10-0-0-0100-0------0-----0---------------
-00---0-2-00-0-0010-0-0----0-----0-0--------------
00-0-0-2-1-10-0-00-0-0------0---0-0-0-------------
0-0-001-1-1----0--0-0--------0-0-0-0-0------------
-0-0-000-----------0------------0-0-0-0-----------
0-0-0-00--0----------------------0-0-0-0----------
-0-0-0--00-0----------------------0-0-0-----------
--0-00----0-0----------------------0-0------------
---012-----0-------------------0----0-------------
---00-2---0-0---------0-0-----0-0-----------------
-00--0-1-0-0-0-------0---0---0-0-0----------------
0-00--0--00-0-0-----0-----0-010-0-0---------------
-0010--000-0---0---0-------00100-0----------------
-00200110-----------00----00-0010-----------------
020001-0---0---0-0--011--00-0-01------------------
0100010---0-0-0-0-00-0000--0-0---0----------------
-00-00-0-------0--0---0-0-------0-0---------------
---0---00-0--10---0----0---0-0-0-0-0----0---------
---0-00-0--00----010-1------00--0-0--0-010--------
--0--10101-0--1-00211-10----021--0--0--0200-------
---00-0101-----1-000000-0--0-0000--0--1-1010------
----01-200------100110-0-00-0-0-0-0-00-2-010------
-----0010-------0---0--00-0000-0---0-00-200-------
-------0-------0--0-0-0-00--110-----0--010--------
-0------------0--0-0---0-0--0-0--------00---------
0-0-------------0-0-----01100210-0--0-0-0---------
-0--------0------0-0---0-00000000-00-0-0-0--------
--------00-0------0-0-0-0-01200100-00-0-0---------
-0-----0100-0------0---0----00010-0-00-0----------
--0---002000-0------------0---00-0-0--0-----------
---0-0-000200-0-0--------0-0----0-0---------------
----0-0-0010-0---0--0---0-0-0-0--0-0--------------
-01----0-00-0-----00-0---0-000----0-0-------------
01-0----0--0----1--00-0---0110---0-0-0------------
--0-0-------0--0-00--0-0--000-0-0-0-0-0-----------
0--0---------01--00---0--0---0-0-0-0-0------------
0-----0------01-10-0----------0---0-0-------------
-0-0-0-0------0-0-0------0-----0---0--------------
--0-0-0-0--------0------0-0-----0-----------------
-0-0-0-0------0-----0----0-0---0-0----------------
0---0-0--------0-0-0------0---0-0-0---------------
-----0----------0-0--------0-0-0-0----------------
-----------------0------------0-0-----------------
-------------------------------0------------------
--------------------------------------------------
--------------------------------------------------
--------------------------------------------------
--------------------------------------------------
--------------------------------------------------
--------------------------------------------------
--------------------------------------------------
--------------------------------------------------
--------------------------------------------------
--------------------------------------------------
--------------------------------------------------
--------------------------------------------------
--------------------------------------------------
--------------------------------------------------
--------------------------------------------------
--------------------------------------------------
--------------------------------------------------
--------------------------------------------------
--------------------------------------------------
--------------------------------------------------
--------------------------------------------------
--------------------------------------------------
--------------------------------------------------
--------------------------------------------------
--------------------------------------------------
--------------------------------------------------
--------------------------------------------------
--------------------------------------------------
--------------------------------------------------
--------------------------------------------------
--------------------------------------------------
--------------------------------------------------
--------------------------------------------------
--------------------------------------------------

Generation = 6, Population = 906.
--0----100----1-13210-0------0-0-0-0-0-0-0--------
--0---0-0-0-0----1----1--01-------0-------0---0---
0-2---1-1--01--11-0-----0------0-0-0-0-0-----0----
1-----1-0-0-0-10---02--1------------0---0---0-----
0---1-10--1-0-0----1-------------0-0-0-----0---0--
----0-0-0-1-20--01------------1---0-------0-------
----1---01000-10-1------0----------0-----0---0---0
----0-0-0-20--3-1--01--1----0------00---0---------
0---0-0-102024-001----1---1------------0---0---0-0
--1---1-3---0-0------00---1------0--------------0-
0-2--0-02-203231--100---0----------------0---0---0
0---1-----010------------------0------0-------0---
0-101-10001-1-0-010---0--------------------0---0--
--0---0--00--1-------0----0--0------0---0---0-----
010--0--010-0-0-----0------------------------0----
1---0---0--0---0---0----0---0-----0---0-----------
0--0---0-0100--1-0-----------0--------------------
0-0---0------0---1-0--0---0---0-----0---0---------
-0---0-01--0-0-2-0-1-------0---0------------------
0-0-0---1------1-1--11--0---0-0-0-----0---0---0---
--10--1--21--0-0-0-1-----0---0---0----------------
0-2-0-----0----0---1--00--0-0-0-0---0---0-------0-
0-------1--00--1-1---0-1---0---0---0--------------
0-1-----20--10---1---0--100-0-0-------0-----------
1--1--12--1--21----0-----0---0---0----------------
3-----10--21--01---0---0--0-0-----------0---------
2-0-1---11--1----0---------0---0------------------
1---010-11--00---0---0---------0------0---0-------
0--0--0----00--0------0-0----0--------------------
-0-01-202-10---0---0---------0---0--0---0---------
-1-0-3----0-0-0-----0-0-0-0--0--------------------
--11-020011----------------0---0--01--0-----------
-3-0-0021--00---0-0-000-0-011--0------------------
0---0--011--1--0-0-------0---2--00--10------------
-1-10001-12-0-0----02-10010-120--0----------------
--12--12--10-0-0-0--1------01-02--00--------------
---1-4--110-00--01--111011101--2---0----0---------
-1-111-20--0--10--03--1-----0-1-11--00--1---------
---00--11100--0----1--103200-1---0----0---0-------
---3-01--0-012---1--0---1-00--1-0-01---1--0-------
-0-1-002-0-011----1--1--00-0---0----1---2---0-----
-------2--03-0-2---1--21--0--3--0-0--0--20--1-----
-1-3-0-114-0-1-20---1--0-----0----0-------1---0---
---1----10-000---1--2---0112-0--------22--21--0---
---0---1-010-00--01--0-----------0----------1-----
---0-0---0----00-----1--00--44-0----00--20--0-----
-----1--10-0---10--------------0--10--------------
-------11----0--1--01-1-314---21-010--11--1-------
0-----01--1--0---------------1--10--01------0-----
---0--0---0---000------0100-3--11--0-1--0---------
0-0-0---1---0-------0------1---1--0---10--0-------
-00-11--2-----0--11----0--010000-0----------------
0---0-1---2---0-1-----0------1------1---0---------
----1-10----1---1-1010-0-0013200-1----------------
1-4--00-0---1-0---3-----0--0----------00----------
-----10---0---0-112-1-001--210-10-----------------
0-001-01--0-1---1---1----11----0-----0---0--------
---0----1---1-201-101-1--11--00---0---------------
301--0--000-0-4---0---01---1-0---0-0---0----------
-0--0-------113-110--0--0--00---0-----------------
1--0---0---00-1-1---00---0-0-0-0---0-0------------
--0--------0--101--0---1--0---0-------------------
-0---0---0----0-0-0----0-0-0-0-0-0-0-0------------
0------------0---0---0------0---------------------
---0---0--------0-0------0-0-0-0---0--------------
0--------------0---0------------------------------
-----0---------------------0-0---0----------------
-----------------0--------------------------------
-------------------------------0------------------
--------------------------------------------------
--------------------------------------------------
--------------------------------------------------
--------------------------------------------------
--------------------------------------------------
--------------------------------------------------
--------------------------------------------------
--------------------------------------------------
--------------------------------------------------
--------------------------------------------------
--------------------------------------------------
--------------------------------------------------
--------------------------------------------------
--------------------------------------------------
--------------------------------------------------
--------------------------------------------------
--------------------------------------------------
--------------------------------------------------
--------------------------------------------------
--------------------------------------------------
--------------------------------------------------
--------------------------------------------------
--------------------------------------------------
--------------------------------------------------
--------------------------------------------------
--------------------------------------------------
--------------------------------------------------
--------------------------------------------------
--------------------------------------------------
--------------------------------------------------
--------------------------------------------------

Generation = 9, Population = 946.
---0111-1110-------1311---01----0---------0-0-0-0-
0----0-0---01-------00------10-0-0-------------0-0
30-0-01-102--12---0------02-0-0-0-0---------0---0-
200-1--0--1-00-0-210-0---022-2-0-0-0--------------
-0202---------1001--1-0---0---0---000---0---------
---0-0-------1013--200------------0-10-0-0--------
0010-----1--0-110-00-0---0--------03-0--0-------0-
-----0--0-3-0-------2-2-0-1-0-------120----------0
-0-01-0--0-1570------0---0-0-0----0-01--0-----0---
--2-0-2-3---0-------01------0--------0---0-----0--
1--02----1--3-4----031--------------0-0-0---------
-0--2-201-----------0--0--------------------------
------100-2-2-0-------00---0----------------------
-0----112--0-1-0------0-0-0-00--------------------
0------00-0---0-00-0---0---0020-0-------0---0-----
-0------10---0-10-----------0100-0-----0-0-0------
0-0----0-31-1-0--1---0-------00-0-------0---------
100--0-02-0-0-------00-------0-0---------------0--
---00---10--130---0-0-0-------0---0-0---------0---
0-1----0--0-00---1-0-2-----------0---0------------
--------03-----0--0---------------0-0-------------
-----020411---0-0----0-0-------------0------------
-----0-2-1-1---2----0------0--------0-0-0-------0-
00----00--0-1---02---1---11-0--------0-0-0-----0-0
-20---1----1---0-20-----0--0---0------0-0-------0-
4---20-0--2-10-22-----0-0-----0-0----0-0----------
20-0-00--1--410-0----0---00-0--1------0-----0-----
1-000-----0-11--------0-00-----------------0-0----
1-0-0--0-----0---0--------0---0-------------0-----
-301--2-3-1-0--10-0--0----------------------------
2------0-0-0--110--00-0-----0-0-------------------
01------111--000----00-------0--------------------
--0------40-0--0----1--0----2----------0----------
--1-1-0------010--02-00-0--0-30-1-----0-----------
01-1--14-1--121--0--31-0--1-1----1--00--10--------
---50-120-21--200---10---0-02---1--02-0020--------
-2020-----0-1-00----122---1--0-------20-1---------
0--22---1-01-01-0-1-111------0-------1------------
---1---1----1-10-1---0-042----0---------1---------
--0--01---0--2------0-012101----------01-0--------
----0--2---12--0---00---1--1-2-0----10-03---------
-----1-20-16-0152--1--3---01-6---0-0-00---------0-
-1-40-0---1021031-0------0-00----2--10-------0-010
0--20--31133---0-2-33--21---131020-02-3-----1-1010
--01000---10-0----2--10----0010-0-0--0-------0--0-
--010---0---0-0------2----0-55--------------------
-----2-1-----00100----0--------00---0-------------
0-----------013-42014-----5-0--220---0--------0---
--0----1---0--0-1----------0-1--1-1--1-------0-0--
-0-0--110----0-----1210--0----0----00-0-00----0---
0--0--022---0--0--2-00--0----1---------1-20-------
2-1122-0-------0-240--------0-0-----0-002---------
1-00022--0----10--00--------01-----0-0--0---------
--0-22----1---------1------2---1--0-0-------------
-0----3-1--------0----001---0-0-0--0--------------
-----13-20--0-----2-203-20--21-1------0----0------
----2-0-0-10-0-----01-001-13--------00-0--0-0-----
---1-0--20101------0-0--1-11--1--0-0-00----0------
----0-001--0--------0--2---2-1--0-0-0-------------
-1---0----20-1-----0----0-0------0-0--------------
110---002-0-0-1---0-1----0-1------0-0-------------
-10-------0--0-----0---20---0------0---0----------
---------0----1-1-----0-00-0----------0-0---------
0------------0---0--0--0-----------0---0----------
--0-----------0-0--0-0------0-----0-0-------------
-0-0------------0-0-0------0-0-----0--------------
0-0------------0---0--------0---------------------
-0---0----------0-0--------0----------------------
0---0-0----------0--------0-0---------------------
-----0----------0-0--------0---0------------------
-----------------0------------0-0-----------------
-------------------------------0------------------
--------------------------------------------------
--------------------------------------------------
--------------------------------------------------
--------------------------------------------------
--------------------------------------------------
--------------------------------------------------
--------------------------------------------------
--------------------------------------------------
--------------------------------------------------
--------------------------------------------------
--------------------------------------------------
--------------------------------------------------
--------------------------------------------------
--------------------------------------------------
--------------------------------------------------
--------------------------------------------------
--------------------------------------------------
--------------------------------------------------
--------------------------------------------------
--------------------------------------------------
--------------------------------------------------
--------------------------------------------------
--------------------------------------------------
--------------------------------------------------
--------------------------------------------------
--------------------------------------------------
--------------------------------------------------
--------------------------------------------------

Generation = 12, Population = 1033.
-03-142-222-1-2-252--2-2001----0-------0-0-----0-0
1-0-1-1-0-0-4-210-00---10--2---1---0------------0-
6----02---2--15-3---312----0--1----1-------0-0----
----4----1----1---2--1---12-------1--00---------0-
213-3-2--03-002--2--411--0-01------3-0-----0-0-0--
3-2-2-1-2-114-11---23-02---11--1------00--------0-
-----1--121-11---3--01----1----0-------1----------
-----1-------24--02--22--11--01--00------0--0---0-
001--23-4----8--121--1--0------110-----2-0-0-----0
--3----14-1----10-11---0---0----0-01------0-0-----
20--5---4-2-63-23-------01---1-----0--------------
----3----13------110-0---11--1--0----1--0---0---0-
-01--2--3---3----2--0-------1------0-0-------0-0--
--01--1-5--10-0----0---1---2--00----0-0-0-----0---
0-0-0-0-1-100------10----0-------0----------------
3------------0-2--1--210-0--0----10-0---0---0---0-
-1--0----3--4---02------0----------------0-------0
2---1-10-03-0--3-------1--01------0-------0-------
221-1-012-----130----2-0-0---1-------0------------
--1-------11--0--2-0--0-0--0-10-------0-0---0---0-
0-------13---0--12--1------------------------0----
1-4-212-5-4102--0--2----------00------0-------0---
0--103----01-----2-1-21-12-1-----0-------0--------
-0----10-------1--1-0--1--4----0--0---------0---0-
-31102------34------02-------0--------------------
72--5-10313-20-3-0--1------0------11------0-------
-------1-12----0310-0--0--1-12-------0------------
-1---1-----1-----1-0--0----1--2-1-----------------
2------113---3---0-------1-------0----------------
-432333042-0-11-12-101-1----0--0------00----------
----2-00---10---12010-1-1-----0-10------0---------
-4-2-1---1---133-----1-2----01------00--0---0-----
-4--2----4-1-1---0--20-------1-------0------------
0-42-0-3-21030--2015-1-2---0----1--1-------0------
3-32----31-0432010--32--1-1-2-----2---------0-----
-2---3-3--2--1---20---102---2-1-2---3----1--0-----
-3---7---3---0-132------22-------1----1--1--------
1-----1312--0122-1-----0-0-1-1-1----3--1----------
0---0002-30-22-322--01--73----0---------1-------0-
-0----2--002-210--011-142-0143----1-----3---00--1-
-1--1---01-23-------01------13----1--0----1-------
--1-----1-27-1-----4-3-1-0-----2-1-1----4---------
020---0-2521-4--14-223---12---------20------1---2-
-21--20--134--0-3-244-232213--205-----3-2---2---10
----10-11---0---2---0---20----0--2-1--1-------1---
--14--04----01-1-0-2-3-0---366------33------------
--0-1211----2001110--21-1-------01------20------1-
120---12----14615-015-115-530--3--311--------0--1-
0--1-0--1---0-------2---1-01-1-0--2----0--1-------
0--1--22---2-1-03--4---120-4-----1-1-----0--------
1--1--0-30020-2--1--1-0------1-2----02------11----
2-2-3--14-10---113401-1001-43-021--------0--0-----
-01-0----0------3------1---11-02---0--1----0--0---
--1-2--1-11----2---1---0-----5-2----00-1----------
--5-2--02---21--0-4-----1111-----2-1----10--------
1--00-6-3---1-20---03--03--224--1----1--1---------
01---0-------1-----0---04--4---10-00---1--1----0--
1----10-3-----3-12-1----4--2----10-1----1---------
5---0---2---1-5-----0-03----0212-----1-1----------
--1-0---1-2-2---1--0--111---1---------------------
-1--11---0-----0-0--1--0---20--0---0--00---0------
-20-1-----3--0------10-5----0--0----0-------------
--0-0---2-1-----1-02----1-10-----0-0-------0------
1-----0-0---0-----0-1-----------------------------
-0---0--0----0--1--0----1--1---0---0---0----------
10----0--0-------1------01-0----0-----------------
1-----------0-2-----0-00-------0-------0----------
--0-0---------1-1---------------------------------
-0-------0----------0--0-------0---0--------------
--0----------0-------0------0---------------------
----------------0-0--------0-------0--------------
0-------------------------------------------------
-----0---------------------0----------------------
-----------------0--------------------------------
-------------------------------0------------------
--------------------------------------------------
--------------------------------------------------
--------------------------------------------------
--------------------------------------------------
--------------------------------------------------
--------------------------------------------------
--------------------------------------------------
--------------------------------------------------
--------------------------------------------------
--------------------------------------------------
--------------------------------------------------
--------------------------------------------------
--------------------------------------------------
--------------------------------------------------
--------------------------------------------------
--------------------------------------------------
--------------------------------------------------
--------------------------------------------------
--------------------------------------------------
--------------------------------------------------
--------------------------------------------------
--------------------------------------------------
--------------------------------------------------
--------------------------------------------------
--------------------------------------------------

Generation = 15, Population = 1698.
1-3224-23--1--3---2--32-10-31--3--0-----------0---
-01----0120--2-1-20-113-03-31-1-00-1---------0-0-0
-0--432-5-3-3-83-0---2--1------1110-0-0-------0-0-
20205-21123-3-1--23--1-11--51--010-2---0-------0--
-1---0----4-1-3-1-225210-3-012--0-0---0-0-0-------
4--0---03----32--2---0--2---1-1-01---0-0---0---0--
1-1--4-01321-1-3---0-1--0-2-02---1--0-0----00-0-0-
2---2---0--1-371413-33510--------030-2----0-10-0-0
3-22----7--3-9-2-54-14---12-1----1-10----1-1--0-0-
2-400--2--20-0113------0-02-----101----00-1----0--
3--4613--1-----34-3-431-----2--0100-0-0101--------
0-----2-3--2--1-0---4-1--1-01-0010----0210-----0--
33-02---4-2-4320332010101-20--200----3-10-0---0-0-
-11212416--13-1-1-0-0-4-002--2-1----0-0--0-0-0-0-0
---01------1-12012113121----2-0----001--0-0---0-0-
-00----23-210-1-1-1-0-11-302-1----1-00-0-0-----0--
224-1-211-117112332013---0-00---02-00---0---------
302--121-1-0310-0-2-0--4011-1--0121------------0--
-3-2-1--3-3-24-431143--1-100020-000-------------0-
-----1---0-40-111----3-2--0-1230-0-0-------------0
---203-----1-1-2--02--012--2-200010-0-----0-------
--5---5--3521320-0151-3120--1033-210-0---0-0-----0
-1--3----301--0-12022--34522000-0-010-0-0-0-0---0-
1--1-02-5----3021222----43--12---1-210---0-0---0--
--22135---41344--21----------1--0-0001----0---0-0-
+211--41343--1--2---2--------112-2422-0--------0-0
5-2---22-----3-1--1-10--2------20102-0-1--0-----0-
-12--2-2-2--35---20--001-2---1---00-0-1--0-0------
-1--4--2--013--300-00--03---2323---1------0-0-----
27-3--407-2---22--021---0--210-011----1----0-0----
43----110-2-1212--04-0--2-101-1--321-2-0----0-0---
--22-2-14-3-0-4-11--3--30-11-1-----2--2-1----0-0--
2-12--2---0-012211-1--1----------1-20--1-0----0---
----30--5-1---3-3-------1-00-4--2---210-1-0-------
4-4-20-64-217-2-2--1---2--10-530-------0-2-0--10--
--3---242---115-133-3-4--0--5--3-0--402---3-10100-
04234-13-4---1---522----2-1----5--231-1----12-0010
4-1-4-----04------1---11-0-22-324-0--411---0---020
-015101---1323----0--41-8-2-03011-2--1002-10----1-
112--250-1-3-220-23221-4-211-321--2421336-1-1---2-
0-----14--036-23-030--1-51121-0-1----101--10-0-0-0
--4------23+32----2-1--101233742213---1--1-02---2-
153-0-3--634-7-3--03-3--0421--2-1-1-3-2-1-2-------
121-----3-6-12---2355-34334--731802---6--1------1-
-2-24-11-1--3022304-3-4--1--21--2--2-020--0-20---0
-31505071--0-1---1-22-0--3--7---2----4015---210---
0--04-22311-5--1-411--2142010--014-00-003101-000-0
-----2122-11--7------3---3---46-33-221-22--10-22--
0----02--2-113---0005--0-3-4-201---11200-----2--20
-0--01----2--2--41--3----3----13-22-25-----1--0-10
--141-3-------341---20-30113---5-201---3--1-12----
--5--4-2--1-1-3--4-1-01304-44--3--12-32-21-110--0-
--2-0-4-13----2-----2--11---25151----01011000-00-0
-111-42222--2222-2------1----5-304121-2-20-0-0000-
206021502-0-2-12-05-2---12---21-1---0111--0-00110-
2211-272-42-413-1-3----1-10-2-014-2---20---00000-0
-21-2-1-00-----2--202-0-7-1--21----14---1--0110-0-
---111116---40--25-42--1-335-0--2--4-03--02-00-0-0
-2-03-10---0418-22-301--112503-5-2120222-1110-0-0-
--1--1-0--305-6-----032-2203-----102-0001-0--0-0--
---1--304022-331-1---10--0-----30-0-1213-00---0---
----1-00-1632022--0--3-6-3-1--210210002-00--------
--------3-40-22-1--5031--2--0102010-01-00-----0---
----0-0--2--0----2-0-21-120-2-0210-0--00-----0----
---0---2------0-----1--3410--0-10-0---0-----0-----
--0-----00--20-1-1-----104-3--1--0---0-----0------
-0------1210115---1-0-3-0-0-01------0-----0-------
0------0-2--224--------011-110-----0-----0--------
------0-000--0-0--0-1--101010-0---0-----0---------
0----0-0-001-02-20---00-00-0-0-0-0-----0----------
----0-0-0-00--1010---001--0-0-0-------0-----------
---0-0-0-0--0---0-0-0-00---0-0---0---0------------
--0-0-0-0----0---0---0--0---0---0-0-0-------------
-0-0-0-0------0-----0----0-----0-0-0--------------
0---0-0--------0-0-0------0---0-0-0---------------
-----0----------0-0--------0-0-0-0----------------
-----------------0------------0-0-----------------
-------------------------------0------------------
--------------------------------------------------
--------------------------------------------------
--------------------------------------------------
--------------------------------------------------
--------------------------------------------------
--------------------------------------------------
--------------------------------------------------
--------------------------------------------------
--------------------------------------------------
--------------------------------------------------
--------------------------------------------------
--------------------------------------------------
--------------------------------------------------
--------------------------------------------------
--------------------------------------------------
--------------------------------------------------
--------------------------------------------------
--------------------------------------------------
--------------------------------------------------
--------------------------------------------------
--------------------------------------------------
--------------------------------------------------