*** Life<FredkinCell> 25x5 ***

Generation = 0, Population = 85.
0--0-
-00-0
00000
-00--
-00-0
0-00-
0-0-0
0-000
00-00
00-0-
0-000
0000-
000-0
-0-00
-0-00
--000
0-0-0
00-00
-0-00
--0--
0-000
000-0
000-0
-0000
00000

Generation = 155, Population = 57.
-++-+
--+--
-+-+-
++-+-
---+-
++---
+++++
-+--+
+--+-
+++++
+----
-+--+
+++--
--+-+
-----
---+-
+++-+
+++--
--+--
++-++
-++++
-+-+-
++---
--+-+
-----

Generation = 310, Population = 60.
-++++
+-++-
-+++-
+----
+++++
-+---
-+---
++-++
--++-
+----
++-+-
+-+-+
-+++-
--++-
-----
+-+-+
-+++-
---+-
----+
-++-+
---++
+-+++
+--+-
-+--+
-+-++

Generation = 465, Population = 53.
++---
-++++
+--+-
----+
++--+
--+--
----+
-+++-
+----
-----
-+--+
--++-
+++++
-----
+++-+
+-+--
-+--+
++-+-
-+--+
--+--
++---
--+-+
-----
+-+++
++-++

Generation = 620, Population = 60.
++-++
++++-
+-+++
--+--
-++--
+++-+
---+-
+--++
--+--
-+---
++-++
++---
+-++-
+--++
--++-
-++--
----+
-+---
+---+
-++++
--+++
-+-+-
-++--
----+
--+++

*** Life<FredkinCell> 30x4 ***

Generation = 0, Population = 38.
----
-0--
--0-
----
-0--
--0-
0--0
0---
----
--0-
---0
0000
--0-
0---
0---
-0--
0-0-
---0
-00-
--0-
0---
--0-
0--0
00--
-0--
0---
----
--00
0000
---0

Generation = 179, Population = 55.
+---
+++-
-+-+
+--+
----
+---
-+--
---+
+-++
++++
---+
+++-
-+-+
-+++
++++
--++
+--+
+---
+---
--+-
++-+
----
+---
-+-+
-+-+
++--
-+--
-+--
-++-
+++-

Generation = 358, Population = 63.
--++
-+++
--+-
---+
+-+-
--++
+-+-
++-+
++--
++-+
-+--
-+-+
++-+
---+
+-+-
+++-
-++-
++++
+-++
+--+
--+-
---+
-+-+
+--+
-++-
++-+
-+-+
--+-
+-++
-+-+

Generation = 537, Population = 53.
---+
-++-
-+--
+---
-++-
-+++
+--+
--+-
--++
+-+-
-+-+
+--+
---+
--++
--+-
-++-
-+-+
----
--+-
+++-
-+--
-+++
--+-
-++-
+---
++-+
++++
+-+-
+--+
-+--

Generation = 716, Population = 59.
+--+
----
--++
++-+
+--+
--+-
+++-
+++-
---+
++-+
-++-
+++-
-+-+
+---
+++-
-+++
--++
+-++
-+--
-++-
-+--
-++-
+--+
-+++
--+-
--+-
-+-+
--++
+-++
----

Generation = 895, Population = 57.
++--
+++-
----
+-++
+--+
-+++
+---
--+-
-+--
+-++
-+-+
+---
+---
+-+-
-+++
+-++
+---
--++
+--+
-+-+
+-+-
+-++
++-+
-+++
++--
----
+-++
++--
+---
----

*** Life<FredkinCell> 16x29 ***

Generation = 0, Population = 132.
0----0-------------00000--0--
-00--0-------0----0--0--0-0--
0-0--------0--0-----0000-----
0-----0--0---------0---0-----
--00-------0------00--0-0-00-
00--00--0-0-000-------0-0-0--
--0------0---0----00---0---00
0--0------0-----0-----0---0--
-00----0--00-0-0---000----00-
-0-------000-----0-00-----0--
00-----0--00--0---0--0-0-----
-0--0-----0------0--0----0-0-
-0--0----0-0---00-0------0---
0-0-0--0------00-0------0----
------0---0--0-----0-0-0-----
-0----0-0-00----0-----0--0-00

Generation = 182, Population = 223.
+--+-+-+---+--+--++-+-++-++-+
----+-++-+-+---++---+-+-+-+-+
+--+++---+-+++--+--+--+--+-+-
-------+--+++-+--++--++--+---
-+--++-----+--+-+++++----+++-
+--+--++++++--++---++--+----+
++-++-----+--+--+++--++-+-+-+
-++-+----+-+-+---+++--+-+---+
-+++++-++++-++++--+---++++-+-
++--+--+++-+++-++-++++--+++++
+--+++-++++-----+-+----+--++-
++-++-+++++++-+---+-+-++++++-
++++-----+---+--++-++--+---+-
-----+--++-+++-+---++-----+-+
-+-------+--+---++++---+-----
++++---+++-+++-++++-+-++--+--

Generation = 364, Population = 214.
+++++----+----++++--+++--+--+
--+-+++-+-+-+-----+-+++--+---
----++++-++--+-++++++++-++--+
+--+++-------+-++--+--++--++-
-++--+++--++-+++--+-+-++--+--
+-----+--+-++++-+-++-++-+-+--
+++--+++-++--+++-++++---+-+--
+++----+-++-+-+--+++--++-++++
+-+-++-+------++----------+-+
--+--++-+-+-++++++---+-++-+-+
-+-+++-+-+-+---+-+-+-++--+--+
---+-+-----+-++-+------++++-+
+-+-----+-+-+-+-------+---++-
--+++----++--+--+++--++--+++-
+++----+-+++-+-+--+----+-+-+-
+---+++-----------+--+-+-+---

*** Life<FredkinCell> 11x13 ***

Generation = 0, Population = 93.
0-0-0-00----0
-000-000-0--0
00000000--00-
00-00--00-00-
00000-0--0---
0000000-0-000
00000000-0-00
00--00000--00
000---0-0-0--
00000-0-0000-
0---00-00-0-0

*** Life<FredkinCell> 43x27 ***

Generation = 0, Population = 58.
--------0-----0------------
---------------------------
-----0---------------------
----0----------------------
-----------0--0-----0-----0
------0--------------------
----0-----00----0----------
--------00------------0----
---------0--------0--------
---------------------------
-------------0---------0---
---------------------------
-0------00-----------------
------------------0---0-0--
---------------------------
----0--------------------0-
-----------0--------------0
----0--0-------------------
-----0---------------------
-----0----0--0-------------
---------------------------
--0---------0--------------
--------------------------0
------0--------------------
--0-----------------0------
---------------------------
-----------------0---------
---0-----------------------
---------------------------
------------0--------------
----00---------------------
-------------0-------------
---------------------------
---------------------------
------0----0-------0-------
---------------------------
--------------------------0
---------0-0----------0----
---------------------------
---------------------------
---------------------------
--0------0-----------------
--------0------------------

Generation = 113, Population = 547.
-+-+-+---+++-+++-------+--+
+----+-+++-----++-+-+--+++-
++--+--+-+-+-++----+++--+-+
++++++---+----++++--+--+++-
--++-+--+--++--+--+--+-+--+
+-+----+++---++-+--++--+-++
--+----+++---+++----+-+----
-+--+++--+-+-+--+-++--+++-+
---+--++-+-+-+--+----+-+---
---+++++++-+-+++-++-+++++-+
--++---++-++-+-++--++++--+-
+---++++-+--+++-+---++-++++
-+--++-+-+-++++-+-+-----+--
++----+-+-+-+--++-+++----++
++---+--++----+-+---+--+---
---++-+-++-++---+-----++-+-
-+++++--+-+-++++++-++++-+-+
+-+++++-++---+-----+-++++--
+-+--+-+------+----++--+-+-
-+-++---9+-+++++-+++-++-+--
-++++++-----+---+--+----+-+
---+--+-++--+---++----++---
+----++-++--+---+--+-++-+--
---+--++--++------+--+----+
+-++---+----+-+-++--++-+-++
-+++-------------++--++--+-
-+----++---+++++-++--+-+--+
+++++--+-+-++-+7--++-+--++-
+-+--+-----+----+++++-+-+++
-++--+++-++++-++---+++--+--
--+-+-++++-+--+--+++--++-++
+---++----+-++-++----+--++-
-+++-+-++-+--+-++---+-++--+
+--++-+---------++-+-+-++++
--+-++--+-++++-++---+++--+-
+++-+++--+--++++------+----
+++++-+++-+---++++--++-+-+-
--+--++-+++++-++---+-+-++++
+++---+--++---++-++-+---++-
-+--+-+++--+++--+++--+-+--+
-+-----++-++++++-+++--+---+
--+----+-+-+--+++-----++++-
+-------++---+--+-+-+-----+

*** Life<FredkinCell> 43x5 ***

Generation = 0, Population = 107.
0000-
-00-0
000--
000--
0-0--
----0
-0-00
--000
0---0
-00-0
00---
0--00
----0
0--0-
0-000
000-0
-000-
0-000
---0-
00---
-00-0
0----
--0-0
00--0
--0--
00-0-
00-00
-0-0-
-00--
--0--
--0--
-0-00
--0--
000--
---00
0-0-0
-00-0
0-000
-0---
0-00-
00---
000--
-00-0

Generation = 128, Population = 107.
-+++-
--++-
+++--
-+--+
++-+-
+-+--
---+-
++-+-
+++-+
++++-
-++--
-++--
-++--
----+
---+-
++-+-
++-+-
+-++-
---++
+++++
+-+--
-+---
-++++
+++-+
---++
-++-+
+-+++
----+
---++
-+-++
-+++-
--+--
-++-+
-++++
---++
-++++
-+--+
---+-
--+++
+---+
++---
+----
--+-+

Generation = 256, Population = 107.
--+--
----+
+----
+--++
-+--+
-+-++
+-+++
++-+-
----+
+-+++
+--++
+-+++
-++-+
+-++-
-++--
+-++-
-+++-
+-+-+
----+
+-+--
-----
+--++
+-++-
-++++
++-++
--+--
++-+-
--+++
++--+
+-++-
+++--
+---+
-++-+
++-+-
-----
-+-+-
-++--
++-+-
+-+--
-+-++
----+
+-+++
---++

Generation = 384, Population = 108.
--+--
++--+
-+-+-
++--+
+++++
+--++
-+++-
+-+-+
+++--
-+++-
--++-
-++++
+-+++
-+---
-++++
-+---
+---+
--+-+
-++-+
--+++
++-++
---+-
---++
+-++-
----+
+-+--
---+-
--+--
-+-++
+-+--
+--++
+++-+
+-++-
+--+-
--+--
-+++-
++-+-
++--+
+---+
--+--
--+++
-+---
-++++

Generation = 512, Population = 111.
--+++
-+---
+++++
+-+++
----+
-+--+
-+-+-
++--+
++++-
+-++-
---+-
--+-+
--+--
-+++-
++---
---++
----+
+--++
+++-+
--+--
+-+--
+--++
--++-
-+---
++---
++++-
-+++-
++--+
+-+-+
+++++
++++-
+-+-+
+-+++
+++--
++--+
-++-+
---++
-+++-
-+--+
--+--
-++-+
---+-
++-+-

Generation = 640, Population = 105.
---++
--+--
+--++
-++++
+-+++
---+-
+----
-+---
-+--+
--+++
+-+--
+---+
--++-
++--+
---+-
-+-++
-++--
+++++
-+--+
-++--
--+++
++++-
-+-+-
---++
+--++
---++
-+-++
++---
+++++
-++++
----+
++-+-
+----
++-++
+++--
+++++
-+-++
--+-+
--+-+
-+---
-----
---++
+---+

*** Life<FredkinCell> 48x46 ***

Generation = 0, Population = 166.
0------0------0-0----------0---0--------------
-----0---------------------------------0------
----0----------------------------0------------
-----0----------------------------------------
--------0------------0----------0-------------
--------------0---0----0----------------------
------0---------------------------------------
-------------------------------0--------------
-------------00--------0-------0----0------0--
-------0---0---0-------0--0-------------------
--0---0---------------0-----------------------
-----------0------------------------------0---
------------0---------------------------------
--------00--------------------------0---------
--------------------------0--------0----------
-0----0-----0-----------------0------------0--
---0--------------0--------0------------------
----------------------------------------------
--------------------------------------------0-
-----0----------0------------0----------------
0-------------------------0-------------------
0---0-------------0---------0-----------------
--------------------0--0-0--------------------
----0-------------------------------0--------0
-------------0-----0---0--0--0-----------0----
--------0-----00-------0----------------------
---0----------------0-----------------------0-
----------------0----------------------0------
---0----0--------0---0----------0---------0---
--0----0------------0---0-----0--00-----0-0--0
-----0---------------------------------------0
---0---------0---0-----0------------0--------0
-------------------------------0--0-----------
---------------0------0------0-0--00----------
-0----------0----0----------------0-0---------
------0---------------------0--0--0------0----
0-----0---------0----------0--0--0------------
------0-------------0----------------0--0-----
-0-------0---------------------------0-0-0----
---0---------0--0----------0------------------
--0--------------------------------------0----
-----------0---------------------------------0
-----------------0---------------0------------
----0-----------------------0-----------------
---0--------------0------------------0-0--0---
-----------0-------0---0-----------------0----
-0---------------------------------0----------
--------------0--00--0-------0--------0-------

Generation = 31, Population = 1081.
54--4-----6+--+7---45--+65-736--6-+--58413--4-
655------52+86-5--75280--3-6----273649-5-4654-
-3-34---9445-7+-7362-8--9--2--5--508-762--3---
-26-17-9-95---5+4-4-2--6----74-41---4---4---5-
0-87-65-6-------86+7--8--9---27-7----465--+4-2
-3--6--5-4+---5-5-93678-8-647--72----8--5277--
------+2-9857974-1-86--+-64-2--+-9--31------54
----207--26--7651-38---8-5+94-674-1783-4455-37
--------8----5++-5+---8+--5+-+26335----9--8--6
--8--21---854-3--7--5678-5--2-4+8---9-48-523--
44-7853-457655+474+-8-55----34-8---5-667-54-16
-545-1----366-8---5-12---2798434-2--325----521
--------6-26-16----3-5-233--------2-87---4--+-
-68--9-5----74-6----14-4---55536-----4-93---6-
5576------837-+-3--75+3-461+---63-6--3-9---875
8-97-7-9-4+--4-3-4-5786685-7-+--2-4-16-7--763+
------7--3-56---5---3-7---96--6-364-5--4656---
8-6-----+838--------676-2--65----6--5-6---7-37
---5--54------6-6934-8---4--5-6--5-7--3-8-7-25
94--9786-222-3-----568----8-5--+76-8-35---2---
+-5-+-+--2-3--+-4+-6--68-+--74-----7---57--5-6
6546-8--68629---7127---+---5-5-2-+-26---576---
---3----93---36--3--4---968--+6------4-------4
85-64-----98---3-----3-97-4-6-44----8+5--9465-
95---5--3-2-7--795-----+69---4--7--9-74+86--+5
-3-55----7+--56---66-78-+6-----9-6--844-------
-1--9--4-+-5---48--5-8----52-48-6-5-3----8--6-
6-+-9+8-5----6-8-8-5----6-5--76494-63454-+97-4
-7---+-----+8-276--7---5--+-6-9-8++6+9-68--0--
----595-36-14-9+---6+----83-77-8-7--+-93----+7
3-287-6--9---7-3-----9--4686-7-427---44-46--55
8+3--+8--72994---+-+--+56-7-98-4----8--9+285--
----27--3-----3316--+---309-66---885-3-655----
-2-44-----592---3-6--57---6+-858+7++6---4--2--
9573-5---74-2-79+--6-56-48+834-2-847--479-6-9-
+37-717-+5-4+17--91--------2-++89-7--84-----4-
-1+27-337984+----+45786-6+954+7+----975----35-
769--2--83-7----+95---6------74-38885567---354
56---2--3--1--48-94---33-+1+---76---78----1-57
---53---445945++5---73---5-+6--3-15----+---85-
814-5--04--7--7-5+5382--4373342-4-8-255-3--837
6-7+3367-9-5---8----4-546967-56--8----69--5524
35-----23---76---486755352--3--5-------5-78-47
--8606+-4---8-8997------96-8----92-----7-6----
----8-3315--718---54572---8-2----65-8-74-64-22
4-3-7--276-6----7----54-5-5--6----85--8-----27
----1--4---2-7492688------78-63----48-7---3---
7-6-527+-57+-2--6--45+6-5-66-598-6-86-+8-+-7-9

Generation = 62, Population = 1118.
-+----+-+8--9+--+----++--+-+-+---+-+--+-5+6-+-
97----+-+8------+----+--9--+-+----+-+-+9-8-+9+
---7+--+-+--+++++++++-+-+--9+-+----+---++6+++-
8-+-+--++++8-8+--++5--7--+7+++--6--+++386+7--+
1-++-9++8-+--------+--+-----9+--++++---+-9+9--
+8+-++---++--6--++-+-----++++-++-----+++---+-+
---++-+4+++--++++6+++-+---+-7----++-6++9-+---+
+-++-+++-+-++-+------+9+9--++++--9----+--9++-+
+++-+++-++---++-----+++---+--+++-+-+++8+++++++
+9-+8+---9--+--+-+--+++-6++--+--+--++++--+-9+-
-+-+++-+-+--++-+----------8++--++----++----+-8
-+-+-+-+-99-+--+--+-+-+++-++++-+---++--879----
7--++++-8-+----+-++--+-+9-+-++9++-7-+-+++---+7
---+-+--8-+-++++++-5--++++++-+884-+8++++--+-+-
-+-------++------+--++9+++--9+--5+-8--+-+9+---
-----+--++++++++-+7-+9--+-++++4-----7-+++-+-9-
+-+-+-+7--+++----+--9--+-+++++++++-85+--+-++98
+----++--++-7-++-7--++----++-8-89--8+--+-+----
-5-+-99--8+-++++-+-6+-----+9++-----+-+57--++--
+9+++++-7+-8----+--+8++--9+--+++----+---+-+-+-
++8+-+++---+++--++++++++4-+-----8--+----+--+--
++--+-+--+-+-+-+---+--++--+++-----+----+++--+-
---+-++++5-+--+++9-+8--+-+-+++----+8+--5-9-8-+
+++--+-7--++---++--+-7+-++----+++----+++++-+-+
+-99+-7+--7--+++-+5-8++-+----+++-+++6+7-++++--
+8++-7--7+--+-+++++-+9-----+-++-++++++9+-++-+-
--++---8+--+----+-++++-++++----7-+-+7--+-++++-
+---++-9--8-+-+-++-+++-++--+++--+8----+---+---
++++---++-----++---+-++---+-9----+--++-+-++-8+
-++----+-+8---------+7-+----+-+++++--++8--+---
--7-+-+--++-9+---++--+--9---+---+--8-+-+++-+--
+----+---+-++-+-+-+--++-++-++---+--+---+-6--+-
-+-+5-7-7-+-+---4+-++9----+-+--+-+--98+8-+-++-
7+----++----6-----+++9+-+-++++++++--+99--+----
+--++-8+-++--++++-+---9+--+++++++++++-++-++---
-+-+-9+++-+++7---+-++-+9---8--++-++++-+7+++7+-
----+-+--++9++-+++++++----+9---+++-+++-------+
-+---+-------6+-++----+---++8+788+-+-+++-+-+9+
-+++8--------+++--+--++-++7++-3---+--+---+3+++
-+-+--+++----+-++++---+---4---99+8-+7-++-+7++-
+++8-6-89-++-+--+-+-+9+----9--7--9---+-++-+-6+
-+-+-8+-+++++-+9---+--++-++++------+-+---++8-+
---+---87-+-+---+-+++----9-7-8++--5---++9-+---
+--+-+-7++-+-++--+--+-++---+-9--+---++++++++--
--+--+++-+7-+-+--++------++++++-----+-+8++-+--
--7----+++---++---+-+9---+--+-++----+----+--8-
+-+--++-+-+5--++9-+-+-+-9-++----++--+++----+-+
---++++-++++++++--++-+-+--+-+-+--++-++-++-++--

Generation = 93, Population = 1146.
++-+----+---++++-------+++-+++--++++--+-+++--+
+-+++++++-++-++++++--+++--+---++-+-+-+++++++-+
--+-+-++-+--++--++-++++++--++----+-+-+---+-+++
--++-+-+--+-+-+++--++-+++-+++-+-+-++----++-+++
-++---+--++----+-+----++-+-+++--+---8+++++-9-+
-++-+-+-++-+-+--+-----+-++-++++--+-++---------
+---+--7-++-++----+---+-++--+++---+--+++9+-+++
+-+++----++------+---++--+-++---++7--+++++----
+-+---+-+--+++-+--+++++--++++-+-+-++++++-+--+-
++-++--+-++-+++-+++-+-+++++--+++-+++-+++-+--+-
--++----+++--+---++-+-+++-+++-----+++------+++
+++++----+++-+---++-+---++---+-----+-+-+-----+
+-++-+-+-+-++--+-++-+-+-+-++------+--+--------
+++++--++-+-+++++-+9-+--+++---++-++------++7--
++++++-+++----++++++-+--++---++-+-+-++++--+---
++---+---+---++--+++--+-+--+++7++-+--+--+++++-
++++++--+-+-+--+--+----++++----++-++++++++++++
--+---+-+-+++--+--+++++----+-+-+9---+--++-++-+
-9+---++++++--+-+--8++-----+--+--+-+++-+--+-+-
+-----+++-++--+-----++--+-++--+-++--+++--+-+--
+--+-+-++-+++-+---+++-+-+-+----+-++++-+---++--
------++-+-+--+---++++-+-8++---+++-+--+-----+-
++----++-+++---++--+--+++---++------+-+-+--+++
-+-+-+++-----+-++-+--++-+++-+++--+++++-+--+-++
+-+--++--+-+++++-+-++++++------+-++--++---+-++
---++-+-++-++-+--+-+-----+-++-+++--++------++-
----+++--++-----++++-+--+++--++-++++--++----+-
+--++---+---+++----+----++-+++++++-++++-+++++-
--+-+++++--+++-++++--++-----+++-+-+-+--+++--++
+-+--++-++++-+-+---++++++++------+---++-+-++++
+9+---+---++---++-+---+++---+-+++-++--+++-+-++
-+++++-++-9++--++--+++-++-+++--+++++--+-+++--+
-+----++---+-+---+--+---+--+---+--+++++---+--+
+-+--+-+-+-+---++---+++++---+++-++++-+++-+++++
--+-+--+--++++-++----------++++---+++--++--+++
++-+--+--+++++----+-+-+-+++---+--++----++++-+-
++---++---+----+--+++-+-+++++++-+-+---++---+--
+-++++++-+++-++++-+++-++--+++---+-+----+++-+++
+-+-+--++++-----+---+-+++++-++++++-+--++-+8-++
----+---+----+-++--+++++++---+++-+-++-+++-+-++
+-+-+8--++--++++--+--+-+-+-----------+-+-+---+
+----+++++-++-+-++-+---+----+-++++---+--+--+-+
++9+--------+-+++++++----++----+++-+-+++---+-+
+-+---+-++--++---------++-+-+-+--+++++++--++-+
+-+--+-++--+++-+-++-+-+++-+++++-++++++-++-+-+-
--+--+-+-+-++--+----+-+--+--++-----+-++-++++-+
+-+++-++++-8++--+++--------++++-++-+++--++-+++
++--++-++-++++++-+++-+--++-+++--++--+---+++-++

Generation = 124, Population = 1077.
+-+-+----++----++--++-+-++--++++--++--+++--+++
--+-------++--+-++--+-+++---++---+++++++++++-+
--+--+-++-----++-+-+++--++-+--++++-++-+-++---+
---++---+++++++-----+++-+-+-+-+--+-+--++++-++-
-+-++--++--+++------++-+++-+++-+--++-----++-++
+-++-+-+---++--++---+++-+++---++-+--++++-+-++-
-++---+-----++---++-+-+--+++-++-+--------++-+-
+---+++-+++-++-+----+--+-+-++-+-+-+-+--++-++--
+-++-+----+--+--++-+-++--+---+-+++--+-+---+---
++-+----+-+++--++--+++-+-+-++++++----++--+----
-+-----+-++--+-++-++-+---++-+++-++++-+--++--+-
---+-+--++-------++---+++---++-+-++--++-++---+
---+----++-+--+----+-++-++-+-+-+++-++-+++-----
++---+-+++--+++++----++-+--++-+--+----++-++-+-
---+-----++----+-+++-+++++++++-+--+---++-++--+
++----++--++-++++-++--+++-++-+-----+--+++---++
+-+-+-------+---++++--+--++--+-+-++-+++++--++-
+---+-+----+-+-+----++++---++------+-+--++-+++
---+-+---+++-+--++++++-++++---+++----+-++---++
-++-+-++---++--+--+++-+-++-++++------++++++--+
-++++++-++-+-++++-+++++++-+------++------+++-+
-+--++----+-++---+----+++++-+++-+---++-+++-++-
-+++-+---+--+-+++++--+-----++-++-+----+++++--+
+-+--+-+-----++--++-+---++--+--++---+++-+-----
++------+--++----+++--+-+--++----+-+-++-++-++-
-----+---------++++--+--++---+-++-----++-+--++
+----+--++---++---+---+----+-++--+-++---++----
+-+++--+--+++--+++++--++++--+-+--+++-+-+----++
----+---+--+++-+-----+-+----+---++-++--++--+--
----+-----+---+--+++---+-++++-+-++++---+----+-
--+++----+--+++++-+--+++-+-++-+++++-++----+-+-
+---++-+----+++-++-++-++-+----+--++++-----+-+-
----+------+--+-++++--+-++++-----+---+++-++--+
--+--++-+-+++----+++++--++++-+++---+--+----+-+
+-------+-+-+++-+-+-++-+++--+++--++--+-++---+-
-++--+++-+-+---++-+++----+-+-+--+++--+-+------
-------+--+++-++-+---+-++-++--++++----+++-++-+
-+++-+-++++-++++-++++-+--+-+-+-++--++--+-++-++
+-+++-+---+-+++-+--++++++++----++++---+-+-+++-
+++--+++-++--++--++--+-+--+++-++-++-+++-++++++
--+++--++-++-+-++--+++-++++++++-+++-----+-+-++
+---++-----++--+------+-+-+-+---+-++++++-+++++
+---++---++---+++-+-+-+---+-+++-++--+-------++
+++++-+--+-+----+--+++--+--+-+--+-+++--+---+-+
--+-+-+-+++++--++---+--++---------+-++++-++-++
+--+++----+++--+++---+-+++++-+--+++--+-+-++---
-+-+-+--++-+++++---+-++-++--+-+++---+++-+++---
+-+-++-+----+-+-+-+--+-++-++--+++-++-++---++++

Generation = 155, Population = 1094.
+---+-----++---+-+-++--+++--++++-----+++-----+
+-++---+----+--++---+---+--+++++---+-+---++-+-
+--------++-++++-++--++-++--+-+-+++-+----+-+-+
--++-+-+-++---++++---+++--++++++-+++----+-+--+
++-+-+++-+--+--+-++-----++-+-++++--+--+---++++
--++--+-+-+--+-+---+--+-----+++++-----+-+-+-+-
---++-++-----+--+-++-+-++--+--++++----+-+---++
--+-++++-+-+++-----++++----+++++-+----+---+-+-
----++--+++---+++---+--+---++----+-+++-+++-+++
++++--+++++---+-++-++-+++------+++-+--++-+--+-
--+----+++-+---+--+++-+++----+----+--+-+--+++-
-+--+-+-+---++++++++----+-+++-+-++-+--++++-+-+
-----+-++---+--++--++--++-----++++--++++-++++-
++++----+----+-++++---++++-+--+--+--+-+++++-+-
-++++-++-+---+++--++-+---+++-++-+-----+---+---
+--++-++++---+++++--+++++--+++++--------++-+-+
--+--+++------------++-+-+---+++----+-++----+-
++++-+-+--+------+--+-++++-+------+-+-+--+-+-+
+++++-+---+-+--+---+-+-+++---+--++++--+--+--++
--++--+-+--++-----+++-+++++++-++++--+-++-----+
++++++++++++----++-+-+++---++---+-++--+++--+++
+-++--+-+--+--++-++--+-+-++--+---+++++++-++-++
+---+-++--+-+-+----++-++-+---++-+-+++++++--++-
--+-+-+-+-+++++++-+++----++-+-+++++-+---++--+-
-++----+-+-+--+--+++-++-+--+----+-++---+---+-+
+++--+++-+--++++-+++----++-+++--+-+++----+---+
-+--+-++---+-++--+-+--+-++-+--+-+-+----+--+--+
--++++++---+--+-+-++----+-++++-++-+++++-+-+-++
+--+-+-+--+++--++-+---++-+------+++-+++-++-++-
+-----+++--+-+---------------+--+-------+--++-
++-++---+-+-++--++-+++--++--+--+++--+--+------
--+-+++++-++-++++-+--+-+-+++-+---+--++++-++-++
-+--+-++--+++++--++++--+++++++--+++++--++-+-++
-++--+-+++-+++--+-+--+-+-+++++--++---++--+++--
++-+--++--++++------+--++++++-+--+--+++-+++---
--++-+-+---+-+----+-+++-++--++---+-+-+++--+-+-
------+--++++--+--+-++----+----+-+-++++--+--+-
--+++--+--+-+-++--++++++-+-+-+-+++-----+-+--++
+-+-++-+-+--+-+-+++-+-+++--++-----+----+--+++-
--+++++-+--++-++++-+-+++-+--++++++--+++-+++-++
+--+--+--++-++-+-+++-+-+-+---+++-+++--++--++++
--+++------+-+-+++-+----+-++++--++--+--++---+-
---++++-----++++----+++--+++++--+-+-+-+---++-+
---++++-+----+-----+-+++++++-+++-+-+---+---++-
+--+++++++--+++--+-++-+--+-+++-++++++-------++
--+-++--+-++-+--+-+-+++----+++++++------+----+
++---+------++--+++------++---+---++++--+++-++
+++-+-+-+---++++-+-++--+--+-+++-++--+++--+-++-

Generation = 186, Population = 1099.
+-+++------+-+----+-+--+-++---++---++-+++-+-++
-+-++++++-------++++++---++--++++--++++-++---+
--+-+---++-+-++-+--++-+-+-+++-+-++-+-++---+-+-
---+--+-++-++-+++--+--+--+--++-++++---+-+++---
+----+++-++-+----+--++---+-++--+++-++--+-++---
-+-+--+-+++-----+--+-+-++-+++---++--++--+-----
+-++-++++----+--+-----+-+++-+-+-+++-++++++--+-
+++++-+++++--+--+----++++-+++++-+-+---+-+-++-+
+--++-++-+----++-+++-++-+--+--++--++---+-+----
++++-+-+-++++-+-+++-++---++------+-+++---+-+++
-+-+---+-+++--++-+++-+---++++--++++-++------+-
+++++----+-++-+++--+-+-++++---+--+---+--++-+-+
+--++-----++++++-----+-++-+++++--+++++++--+--+
+-+-++-++--+-++-+----+++-----++-+----++-----+-
+--+------+-+-+--+-+---+-+++--++-+++-+---+-++-
-++++---+-+---+------+++++--+-+++++-+--+-+-+--
++-+++++-+---+-+-+-+-+-------+-+++--+---+----+
---+++--+-+--+-++-++-++-+++++-++--+-++--+-+++-
++--+++++-+--+++------+++---++----+-+--++-+-+-
+--+----+-+----+++++--++------++-+++++++++---+
+-++-+----++--+--+++-++-+-+-+---+-++-++-+++-+-
+--++++-+---+---+--+-+-+-+--+--++-+-++--++++++
---++--+--+----++++++++++-----+---++++--+--++-
++--+---+--+++++-+++-+--+-+----++-+----++-----
+-+++++++++-+-+-----------+--+--+-+++++-+-+-+-
++----+----++++--++--+-+-+--+-+----++------+-+
+--++---+-++++++++--+----+++--+-++++---+++++-+
++++--+-+---++---++-++++-+-+-+++--+----+-+---+
++--++-----++++-+++---++----+----+---+-+-+--++
-++--+-++++++-++-+++----++----+-+-++++---+++--
-+++---++--+----+----+++--++-+--+-+---++-+----
----+-+--++-+--+------+++-+-+++-+-+---++++----
---+-++++---++--++--+---+-+++-++--+-+--+++--+-
-++-+-++--+-+---+-----+++++-+-++--+-++-+++-+--
++-+---+++--++-++-+--+++--+--++---+-++++-+++--
----+--+-+-+-++-+++--++---++--++-++-+-+--++---
-+------++++++----+-+--+-++-+-++---+--------+-
+-++++--+------+++--++--+--+--+++--+++-+-+--++
+++++++-+-++++--++--+--++--+--+-+-++-++-++++++
-+++++----+---+-+--+++-+-+++-+--+-+-+-+++--+--
++-++-++++-----+++-++-+--++--+-++++--++++-++++
-+++++-++--+----+-++---++++-----++++++--+++--+
-+++-+--+++-+-+--+-++++----++++++---+-++++--++
++-+--+----++++-+--------+--+-++-+-++--++-++--
++--++++----++------++-+++-+-+-+-+-++--+----+-
-+-+++-+-+------+-++-+--+--+++++-+++-++-++-+++
+-+-+--+-+-++++++-++-+--+++++-+--++-------+-++
-++-+-+-++-+++-+++++++++--------------+-++--+-

Generation = 217, Population = 1114.
-++-++-+-+-----++++-+-+--+-+-+--+++-++--++++-+
---+++--+-+++-+-+--+----++++----+-+-+--++-+-++
-----++--------+-++-+---++-+++++---+-+--+-+---
-++---+-++++---+++---+---+++++-++-+---+-+--+++
+---++++--++--++-----+++++-+--++-+--+-++-++--+
----+++--+--+--++-++------++-+-+--+--++-+++---
---+++-+++--+--+---+---+-+++-++-+-+-++++--+--+
--+++-++--+---++----+++++-++-+-+--+-+-+-+++---
+--++-++++-+-+---+---+-++----++--+++---+-++-+-
--+--------+++-----+--+--+--+--++++++-+++--+-+
-++++---++--+--+--+--------+-++-+++-++++-+-+--
++++++-+-++--+++++++-++--+++----++--+++++-++++
-+++-+-++---++--+-+-+--++-+-+-++++++-+--+--+-+
+-+-+----+++-+++--+------++-+-+-++-++--+-+---+
-+++-+++-+++-++---+-+-++-+--+++-++-++-+--+---+
+++---+--+++-++-+++++-+-++--+-++-+--++----++++
+--++++--+--+++++----+-+++++-+--+++-+------++-
+---+--+--++-+----+-++++++-------+----+--+--+-
+--+++-++--+-+-+---+-++--+---+----+-+++-+-+--+
+----++++--+++-+-+-++++--++-+--+-+-+-++-+++++-
+---+-+---+-------++---+--+++-+++---++--++++++
++-+-+--+----++--++++++----+++-+--+---++--++++
+++--++++-+--+---+---+-+-++++-+--+-+-+-+--++-+
--+++---++-+--+---+++++-----+-+-----+++++--+++
+-+--+++++------+++-+++---++++++++++--+--++++-
+-+++++--+-++++-++--+--+++++-++-+----+-+++--++
---+-+++++--+--++-+----++-+----++---+-++--+++-
+---+++---+-++++-+-++--++++--++-++-+---++--+++
---+-++--+++--+++--+-++-+++++---+--++-+--+-+++
+-+--+-+---++----++-+--+++--++----+--+------++
-++---+--+++-+--+-+--+-+-+++-+---+--+--+-++-+-
++----+++--+----+++++-+-+++-+++-+-++------+-++
+-+--+++++++-+--+--+++--+-+++++-+++++---+--++-
+++---++++++-+-++--+--++-++---+-++++------+---
++---++--+-++++-+++++-------+--++---+---+++-++
+-++--+++--++-+----+--+--+--+++-+-+--++------+
-+++++-+--+-+--+++-+----+-+-+-+-+-+---++---++-
+------+----+-++----+-+--+-+++-+++-++--+++--+-
+--+----++++++----+-++---++--+--+++--+--+-++-+
+++---+--++-++-++---+++++-+-+-+-++--+++-+++---
+++-+-+-----+--+++-+----++---+-++-+-++-+-+--++
++--++--++-++--+-+-++----+++++++--+--+----+-+-
++-++-++++--++-+-++++++--+-----+++--+-++--+-++
--+--+-+++--+++-+-+-----++++-+----++-----+--++
---++--+++-+-++-++++--++--+++------++--++-+-++
--+++---+++-++-++-+-+--+--++++-+-+-+-+--+-----
++--++-+++--+-++++-+++++++-++-+--+++-+++----+-
-+---+---++--+--+++++++-+-----+++---++--++-+-+

Generation = 248, Population = 1073.
+---+--+----++-+---+--+++-+-+++-+--+-++-+++-+-
--+-+-++-+---++-+++-+-+++--+-+-++++-+---+-+-+-
--+++-++-+++---+-+-+++-+--+++--+------++--++--
-+++--+-+-++++--+-+++-------++-++-+---++-+-+-+
-----+----+++--++++-+++---+-++-+-+++-----+---+
++--+++-+--+-+++-+--++-+--+++++-------+++++-+-
+-++++++++++--+-----+++-+-+------+---+---+----
+-+-+-+++-----+-+--+-+-++-+-+++-++-+-++-----+-
---+-++-+---+----++-++-++--+-+++---+-++-+---++
--++--+--+-+-+++----+++---++-+-+---++++-+++-+-
+-+-++---+-+-++++++-+++--+++---+---+---+-++---
-+-+--+--++--+++---++-++---+--+-++--+-+++-+--+
-+-+----+--++-+++---+--++-+--++-----+-++-+-+-+
--------+++----+------++++-+--++--++-++-+---+-
+--+-+-++-++++---+-----++++--+--++++--+++--++-
----++-+--+-+++---++-+-+++-----+++-+-++-+-++--
++---+-++++--++-----+--+++-+-+++----++-+++---+
--+--+----++++----+-++-++------+-+++--+-++-+++
--++-++---++--++-+-+---+++--+++-+--+--+----+-+
+------+-+++------+-+----+-++--+---+--+-+-++--
++--+-+++++-++--++----+-+---+-+++--+---+-+-++-
--+--++++-+--+-++++-+++-----+--+-++--------+--
++-----+-++--++--+++++++-+-+--++--++++-+++-+++
-++-++-++-++--+---+++-+--+-+++-+--+-++-++-++-+
-+++-+---+---+-----++---+-++-+++-+---+-++--+-+
-+----+--+--+++---++--++-++-+++--+----+--+---+
-++--+++--++------++---++-++--+-++--+-+-+++++-
--+------+--+-+-+-+---+---+++--+--+--++-++++++
++--+-+-++-+--+-++--+++--+---+-+++-+++-+++-+--
----++++--+-----+-+-++++++++++-+--+-+--+--++--
--++++++------+-++++-+--+--+-+----+-++-+--+-+-
++-+---++--++--+++---++-++-+++++---+-++-+-++--
-+--+--++--++-+++-+++-+-++--+-+-------+--+-++-
+-+-+++---++++--+---++++++++-+-+-+--+--+-+++++
+++------++--+-+++++-+++--++----+++++-----+--+
++-+--+--++---++---++-+++++-++-+++-++++--+--+-
+-+-+---+++-+++--+-+-------+++-+----++--++-++-
-+---++++----++++++-++-++-+--+---+---+-+++-++-
--+-+--+--+-++-++-+-+--++---+-++-------+-+++-+
+-+---+++--+-+++++--++-++---+-++-+----+-++--+-
++-++++++-++-+++-+---+-+----++++++---+++-+--++
+-+--+---++-++--+++++-+++-+-+--+-+-++++-+-++--
-----+-++---+-++-+++-+--+---+-++---+++-+-+++--
++++++-+------+-----++--+-++++--+--++---+-++-+
++---++-+-+-+---+--+-+--+++-+---++-+---+--+--+
++--++--+--++---+---++---++++--+++-+-+-++-+-+-
--+++-+++--+-+--++-+--++-+--+--+++----++-+-+++
+---++---++--+++-+-++++--+-+-----+-+-+---+--+-

Generation = 279, Population = 1133.
+++---++-++++-+--+--+-++-+----+-+++++-++---+-+
+-++++--+-+-+--+--+--+++---+--+++-----+++--++-
++-++++--++--++-++-++-++++++---+--+++----+-++-
-++++++++-+--+-++-++++++++------+--+-+---+-+-+
--+-+++++-+++--++++-+++-++++-+-+-+-+------+++-
+++------++++++-++-+++--++--+-+-++++++-++--+++
-++-------+++++++---+-++--+-+-+-+++++--+-+-+--
------++++-+-+++--++----++-+++--+-+---++-----+
+--+-+-+-----+-++----+-+++-++-+-+----+++-++-++
+-+++----++-+++--++-+-+--+--++++-+--++++++----
-+++++----+-+++----++++-+--++++-++-+-----+++++
+-++++-+++--++-+----+++----+--++++-+-+--++---+
-+++++++--++-+---+----++-+-++-++----++-+--++--
-+--++--++-+--+-+---+---+-+++--+-+++-+++---++-
+---+--+-+-+-+-+--++--+-+++-+-+++-+----+---+++
-+-++-----++++-----++-+++-+-+++-+-----+-+--++-
-+---+-++--+--+-+++----+++--++---+++-+++++-+-+
+-+++++-+---+--+--+++-++++++-+-+--++++----+--+
+--++-+-++++-+++++++-+---++---++++-++-+-++-+--
++-++------+--+-+-+-+--+-+++++++-----++-+-----
+++++++-+-++++-----+--+-----++++---++-++-+--++
------++---+-+-+-+---+-+---+-+++--++++------++
-+++-++-+-++-++---++--++++-+++++++-+++++---+-+
-++-+++-----------++--+-+-+++-++++++----++---+
++--+-++-+-+-+-+++-+-+++--+++-++++++---+---+-+
-++---+-+++----+--++-+-++-++-+-+-+++-+-++++-++
++++++-+--+++-+--+-+----+-+-+--+---+-+-+--++-+
+--++-+-++++++-----++----+----+++-+-++++-+++++
+-+-+++-++++-----++--++-+---+-+-+-+++---+--+++
+--++-+-++--++-+--+------+--++---+-+-+--+-+-+-
-++++--+++++--++--+-+-++----+--+++++++-+++++--
-+----++++--++----+---++---+++---+--+--+-----+
+--+---+++---++-+-+-+-++---++-++----+---+-----
-+--++--++-+-++++++-+---+++--+-++--++-+++-----
++----+--+----+---+-+++++--+-+++++-+++-++++-++
-+--++--+++++-++-++--+-+-+-++-+--++--++++-+-++
+-++---++-+-++---+-+++++--++-+-+++---++++-+---
++---+-+-+-+--+-+++---++-++-++--++--+++----+-+
+-+++--+++--+-+----++--++---+----+++--+++-+-++
+--+----+-+++++++++++++-+----+----+++-+++-+---
++-++---+---+--+++++-+--+--++++-+-+---++-++++-
----+--+--+-++--++-+-+----++++++--+--+-+-+-+-+
+++--+--+-+-++-+-----+-+----+--+-+----+-+-++--
-++-------++++-----++-++----++-++-+----+--+-++
+-----++++-+++----+---+---+++----++-++++-+--+-
-+----+--++-+-+-----+-++++-+--+-+-+-++-+++++-+
-+--+++--++--++-+----+--++---+---++++-++-+++--
+-++++--++-+----++-+-+-++-++-++-+-+-+-+-+++-++

Generation = 310, Population = 1085.
+-+----++--+---+--++--+-+--+-++-++-++-+--++--+
+----+-+-++-+++-+----+++--------++-++--+-++---
--+-++-++-++-----+-+--++++--+-+---++----+-++--
+-----+++---+-+--+-+++---++++++--++--+-++--+-+
--+-+++-++--+---+-+---+-+-+--+---++----+++--+-
+---+-++--+++++-+--+++---+---+-+---+-----+++--
+------+-+++--+---++--++--+----+----+-++-+--++
+++-+-++----+++++------+++-+--+-++---+++-+---+
----+--+-+--+--++++-++-++++++-++++++-++-+-++--
-++---++--+-+--++--+++-+++-----++++--+-+---++-
-+-+++++++-++-++-++++-+----+++-+++++++-++---+-
++--+-+++++-+++-++-++-++++-+-+-+----+++-++-+++
-+-+---++++++-++-++-++------+-++--+++++-+-+++-
+++----+-++++-+--+-++++++++--+++++++-----+--++
-+-+--+--++-+-+++--+++-+-----------+--+++---++
-++-+---+++-+----+-+++++-++---+++++----+-----+
--+++-+-----+-++-+++-----+-+---++++++++++---++
+--++----+++-+-++++++--+--++-++-+--++--+-++-++
++-+-+-+-+---+----+-----+-++-++++--+++---++++-
--+++++++-----+-+++-+-++++++---++-++--+--++-+-
+-++---++---++-+---+++---+-+++---+++-+-----+-+
---------+++---++---++-++++++---+-+---+++-----
+----+---+--++---++------+++-+--++--+-+---+++-
---+--+++++-+-+--++-----+++++-++--+++++++++--+
+++-+-+-++--+-++-++-++-++---+++---+-+-----++--
-+----++-++-++-+-++---++-+--++------++-++-++++
---+--++++-+--+-+---+-++-----+++++++++----+-++
++---+---+++--++---++-+++----+++-+++++-+----++
-++-+---+-++-++++++--+---++++-+--++-+---++--++
-+-+-+--++-+++---+++--+++---+-+--+----+-++--+-
--+-+-+++--+--+-+-++-+++-------+--+---+-+++--+
+++-+-++-+-+---+++---------+++-+-+--++++++-+++
++++++--++----++-+-+++--++---+-+-----+--++-+++
+-+--+++--+-----+++++-----+++----++-----++++--
++--+-++++-++-------++------++++-+--+-+++-++--
++++++--+++-++----+-+++++----------++-+-------
-++++-+++++++++-++--+-+----+-+-+--+-+-+++-----
--+-+--+++++--++---+--+-++-++---+++--++----++-
+++--+-++++++----+++-+--+--++++-+-++-+-+--++-+
-+-+++-+-++--+++---+--++-++---++----+++++----+
-++-+--++++-++------+-+--+++--++-++------+-+-+
+-++-+-+--+++++-+----+---+---------++---+---+-
-+-+--+--++---++--+--+----+---------+-+--+++--
-+-+---++-+------+++--++----+-++-++--++++--+--
+-+--++++-++-++--++-++--+--+-++--++++---+-+-++
+--++-++-+-+++++--+-++-+----+-+-++-+++-+---+++
-+++--+---++--+--+-+----+++-+++-++-----+-++-+-
-++-+---+-++--+-++-++-----++++-+---+--++++-++-

Generation = 341, Population = 1092.
--++++-+-+++-++++-++-++--++-+++++-+++-++++---+
+-+++-+++++++--+-+++++-+++++++-+-++--++++-+--+
--++++----+--++++-+----+-+----++-++--+++------
+++-+--++++-+++--+++-+--+-+--+-++---+-+-+-+++-
--+++-+--+++--+-+-+-+---+++-++--+-+---+--++++-
++----++-+-+++--+---+-+-++-----+-+--++----+++-
+++---+++++++--+---------+++++-++++-++-+-+---+
-++++---+-++-+-----++---+--+--+--+-++-+------+
--++------------+-+++-----++++--++++--++--+-++
+-+--+--++--+-+----+----+-+-++--+--++-++-+-+--
-+++++--++-+-+-+-+++-+----+++-++-+--++-+++--+-
----++-+++-+---+-+------+-++--+--+---+-+-++-++
-+-+-++-++-+-++-+++++--+++-++++++-+--+-+-++-+-
-++--+++--++----++-+-+++--++---++++-+--++--+--
+--+-++++-++++--++---+-+-++-+--+---++----+-++-
-+-++--+-+-+------++++-+--++++----++++---+--++
-++--+-+---+++++----++--++----++++-+--++------
---++------++-+----+----+--++++-----+-+---++++
+--+----+-++++---+--+-+-+--+--++++-+++-+-++++-
---+-+--+----+-+--+-+---+---++-----+++--++---+
-+--+++-+-----++-+--+---+----++--++++----++-+-
-+-+-++-++--+-++--+-+--+--+---++--++-+-+-+--++
-++--++----++-+--+++--+-+-++--++++++-+++--+---
-++--+--+++-++--+-+++-+----+++-+--+-+-----+---
-+----+--++-++-+++--+++--++---++-----+++-++--+
+++---+-++----+---+++++-+-++-+-++-+-+--+--++++
-+--+---+++----++-+---++-+++---+-+--+-++--+-++
+-+----+++--+++--+--+--++-+++-+--+-++-++-+-+-+
-+--++++-+-+++++-+----++++--+++++--++--+---+-+
+--++-+----+--+++-++-+--+-----++--+--+++-+--++
+-+-+++-+-+--++++-++-+---+--+++--+-+++-++++--+
++-++--+-++++--++--+---+--+-++-+----++++-+-++-
+++-+------+--+--++-++--+------++---++++-+---+
-++---+-+-+-+++--+--++++-+---++-+++-++-+++-+++
--+-+-+-+++-+---+++---++-+--+---++++--++-+++-+
+---+++++++++--+-+---+-++---+--+--+-+-+-+-----
+-++++---+-++---+---+--+++-+-+--+++--+++--+--+
+--+-+----++++-++-+--+-+----++-++-+--+++--+++-
-+-----++++++--+++--+-+-+--++-+++++--+--------
+++---+-+++++-++--++-+++-+++-+---+---++-++-+--
++-+++++-----+-----++++++-+--+-++++-+-++---+--
--+-++-------++-+-+++---+-----+-+-+-----+--+-+
++++++-+------+++-+++++--+-----++----+--+-+++-
-+++---+--+-+++-++++++++-+-+++----+-++++-+--++
--+-+-+--+-++-+---+-++-+-+-++---+-++-+++----+-
-++++-+---------+-++------+-+++++-+++++--+++--
-+-----+++-+-++++--+---+-++-+++--+--+-------++
-+++---+---+-+++++--+-++-+++-+---+--+++++++++-

Generation = 372, Population = 1123.
++-++---+-+---+------+--+-+----++----++++-+-++
++--++--+-+++++----+-----+--+-+++--+------++-+
++---++++++--+--++---+++-+-++--++++---++-+----
+-+--+++--+++--++--+--+-+--+++-++++--+-+-+++++
--++-+--++-++-----+---+-+-++++---++-+-+--+--++
+++-++------+++-+-----+-+---++++--+-+-+----+--
+-+--++-+-+--+++-++-+--+-+--++++-+++++--+-++-+
-++-----++----++++--+-+--+++++-++--+++-++-+++-
---++--+-++---++++--++-+----++-+++-+-++++--+++
-++-++--+-++++---+++++-++--+-+++---+-+-++--+-+
-+++++-+++--+----++-+--+++--+-+-+++-++++--+-++
+++-++++++-+++-++-+--+++++--+-+-++-+++-+--+-+-
-++-++++-+-++++-+----------++----++-++-++-+--+
+++-+++--++++++++++---++++---++-++-+----+++-++
-+-+-++-++----+--+----+++-++-+++---+------+-++
-++++--+-+--++---+++--++++--+---++-----+----+-
++++-+-++---+++-+++-++++-+-+++++--++++-++-++++
--+-+-+--+--+-+++++-+---+-+---+--+-------++-++
-+-++-+---++-++-+----+--+-++++--+++-+-++-++---
+++-+-+++++------+---+--+++++---++-+-+---+-+-+
++++---+--+++-+++----+----++++-+-+--+++-++-+++
+--+++-+++--+---+++--+-++++-+----+-+--+--+-+-+
+++-++-+++--+++-+++----+-+-++-++-----+-+--+-++
+--+--------++-+++---++---++++--+-+----+-++--+
+---+--++++++-++-++-----++---+-+-+--+-++++----
-+++-----++++--+++++--+++---+++-+++--+--+-+---
+-----++-+-+-++-+-+----++---+--+-+++--++---++-
---++-+--+-+--+---+-+-+-+--+++++++----+++-+-+-
--+--+++-++++--++------++---+--+-+++-+-+-+----
+-+++--+++++--+--+++----++++-+-+++----+-+++--+
+--++--+-+++--+--++--++++++++---++--+++++-+---
-++-+--++---+++---+-+++-+++--++--+--++-+----++
-++++-+--+--++--+---+---+-++--+-+++---++++-+-+
+++++----+++++-+--+--++-+--+-++---+-+++--++-++
+-++++----++---++---++-+--++--+-+-++-+-++++++-
+--++-+--+++++-++-++-++++-++-++++--++--+-+-+-+
+-++++++++--++--++--++--+++--++-+++--+--+++---
-+++++++--+-+---+-++-----++-+--++++++--+-+-++-
++-++-+-+++-+---+-+-+--------+-++++-++--+-----
-+-++-+---++--+---+-+--+-+-+-++-+++++-++---+-+
++----+-+++-+-+---+-++-++-+++-++-------++----+
-++-++-----++++----+-+-++++-+--+-+++++---+-+--
++--+++--+-+------+-+++--++-+++-++-+----+--+--
----++-+---++-+---++----+++++--++++----+--++++
++-+--++-+-------+------++--++-+--++-+--+-----
-+-++-------++++---+--+++--+++----++----+----+
-++-+-+-+----++--++---+-++-+-+-+-++---+-++++-+
---++-+--+-++++---++++++--++---+-+++-+--+-+-++

Generation = 403, Population = 1095.
+++---+++--+--+++-----++++-+--+---+----++-++--
++-++-----++++-+----++----++++-++---+++--++-++
-+--+-+--+-+++-+++-+---+++++++---+--+-+---+-+-
--+--+---++--++----+--+--++++-+-+++-++++-++-++
-----+++-++---+++-+-++-++++-+-++++-+-+--++--++
-----+-+-+--++++-+-+-++-++-++++-+++--+-++--+--
++--+---+--++--+-+--+-+----+-+++---+-++-++-++-
--+++-+-+-+++-+-----++-------++-++-+-++----+++
+---+-+++--+----++-+----+-++--+----++--+++----
++++---++---++-+-+--+-+++-++-++--+++---+--+-+-
--+--+++-+++--++--+--+-+--+-++++++--++---+--++
++-++-+++-+++---+-+++--++++-+-++-+++----+-+---
-++----+++---++++-+-++----+++--+++-+----++---+
++++++-------+-+--+-+-+++-+-+--+-+--+--+++++++
+-----+-+++-+--+++-+---+--++-+---++--+++-++-+-
+++-++--------++++--+-+--+----+-++-+--++------
+-+-+--+-++-+--+----++-+-+--++-++++++-+--+++--
-+++-+--++++-+-----++-++-+++---++++-+---++----
-+---+--+--++---+++++++--+-++-++-++++--+--+--+
-+--+-++-+++--+++--+-+----+-+-+----++-+--+++-+
+-+-+-+------+-+++++-++-+-+++-+-+-+++++++-+-+-
++-+--+--++-++--++--+--++---+++-++++---+-++-+-
-++++-++-+-+-+++--+++--+--+-++--++++---++--+-+
-++++++--++++--++----++--+--+-+--+-+-+---+++--
-++-++-++++--+++-+++++-+--++--+-+++----++-++-+
+++++-+-++---+----+--+++++++-+-+----+-++--++++
-+-+-+------+++-+--+++++++-+++---+-+++-+-+-+--
++---++-++++++--++--+++-+++-++-----+-++-+----+
-+-+--+++--++----+++++-+--+-+--++-++-+++++--++
-++--++--++-+-++--+-+--+--+-+-------+++---+-++
-++--++--+-----++-+++--+--++-++--++--+---++---
----++-+--++-++++-++++--+++--++-+-+-----++--+-
-------+--+-++-+-+-++++-+-+----+----+--+++-+-+
++-+-+--+++---+----++----++----+-+-----+--++-+
+--++-++----++--+--+--++-++---++-+---+-+-+---+
++-+++-+-+++------++--+-+-+--++++--+++---+----
---+--++---+---+--+--+-+-++-+-+--++----+-++-++
++--+-++++++++-+---+-+++--++--+-++++-+++-+++-+
++----+-----+-++++-+-+-++----++-++-+--+-++---+
+-+--++++-++-+--+-+++--+--++---++++-+++--+++--
+++-------++++++---+++--++-----++---+++-+--+-+
--++++-++-+------------++--++-+-+----+++-----+
--+-+-+----++++------+-+----+-+-+-+--++-+-++--
++-+----+++-++-+++-+++-+--+--++-----+++-++--++
-+--+++-+-----++-+---++-+-+-+-++++---++--+--+-
+-+--++--+--+-+++++++-++++++--+-----+--+-+-+--
---+-++++-+++-+-------++++-+++-+-+----+-+-++--
+-+++-+--++-+++++-----+---++-+--+++--++-+--+--

Generation = 434, Population = 1101.
--++++--+-+--+--++--+-+-+--++++++---+-+-++---+
+-++-++--+---+--+++-+----+--+-++--------++----
-+--+++++---+-+-+--+-+--++-++++--+++++-++----+
++++--++--+++++++-++--+++++--++++------++-----
+--++------++-+++-+-++-+-+-++-+++++---+-+-+--+
+-++--+++-++++--+--+---+++-+-+-+--++--++-++-+-
+----+--++-------+-++++-+-+--+++--+++++++--+--
+--+---+++--++-+-+----+----+++-+-++-+-+-++++++
--+---------++----++++-+----+-++++-++++---+-++
++-++--+-++-++-+----++--------+-+-+--+-+-++++-
+-+++-++--+----++-+-++---+++-++---+-++++---+-+
-+-+-++++-+----+-+++++-+--++--+--+++-++++--+-+
-++++-+++-++-++++-++--+--+---++++---+------+++
-++++++++-+-----+-+--+++--+++++-+--+++--+-+--+
----+-++++--++-+++++--++++--++---+--++----++-+
+++-++-+-+++---+--+-+++--++---++-+++++--+-+---
+-+--++--+-+++--++++-++--++++--+++--------+-+-
+++-++++---++++---++-+++-+--++++-+---+++-++---
+-++++--++++-+-+-++-++----++++-+-+------------
-+++--++--+-+---+++------+++++-+-++---+--+++-+
+-+-++--+++--+-+-+++---++----++-+-+--++----+++
---+-------+-+++--++-+++-+++-+++--++-++---++++
+-++-++++++-+++-++--+-+-+-+-+++--+++-----++-+-
---+++-+---++++++---+-++-------++---+++----++-
-+++-+--++++-+++-+-++--+---+++++---+-+++--+++-
+--++++-+++--+---++-------++----+-+++-+++-+-+-
++++-----+----+++++--++-+-++--+-+-++--+++-+++-
+++-+--++---+---+--+--+++++--+------+---++--+-
++-------++-+++-+++++----+---+++++----++--++--
++--+++-+--+++++-+---+++--+--++-+-++--+----+++
---++----+-+-++-+++--+---+--++++--+-+++-+++--+
--++-+++++-+++-+++-++---++-+---+---++++-++++++
++-+-++--+-+--+-+++-----+-+-+++++++-+--++---++
---+---+++--+++++------+--+-+++---+++-+++-++++
-++--+-+--+--+-+-++++---++++++-+-+--+--++-+-++
----++-+++-+++--++-+----++---+--+---++++--++++
-++-++--+-+--++++----++-++++++-+-----++----++-
-++++-+----+++++-++-+-++--+-----++---+-+--++-+
----+---+------+-+++-+-+++----+-+-++---+-+---+
+++---+--+-++----+-+-+-+-+-+--+--++++-++++----
+---+-+---+-+--+++++-++--+--+-+--++--+-+-+-++-
++-+++-++---++---+-+++--+++----++-----+--+-+--
+++--+-------++-+-+------+++-+++-+++-+----+-+-
--++++---+-+-++-++--+-+++-++-+-+-+----+-++-+--
-+--++--+++-+++-++-+-+++--++-+++--+--+-----++-
--+--+--+-++--++-+---+-+--+++--+---+--+----+-+
--++-++--+--+---+-++-------+--+-------+------+
+-+------+---++++-----+++-+++++-++------+++-+-

Generation = 465, Population = 1075.
-++--+++-+++-++----+-+++------+-+++-++-+---+--
-+--+-++--++-----+++---++--+--+++--+++-+++++++
+-+-++++--++-----+-+-++---+++---+-++-+++-+--+-
-++-++---+-+-+--++-++----+-+--+++-++-+--+--+-+
+++-+-++++++++----++++-------+++-+--+++-+---++
-----+-+-++++----+---+-----+++-+-+++-++-++-+++
-++---++--++---+-+-+----++-+++--+---+--+--++--
-++++-+++--+------+-+---+-++--+---+-+--+-+--+-
-+--++--+++--++--+-+-++----+-+-+-++-+--+-----+
+----++-+-++++-+-+-+----+-+-----++++++++---+++
+++-+-+--+------+-+-++--+---+++-+----+----++-+
+--+++--+------+++---------+--+-+-+-++-+++-+-+
--++++--+--+-+-++-+---++++--++--+--++-+++----+
-+---+++-+++++-+++++-++--+-+-+--++-++-+-++-+++
--++++++---+--+-+++--+------+++-+---+++-+-+-++
+--+++-+-++-++++----++-----+-+--++-+-+++-+--++
++++-++------+--+++---++-++-+-----+-+--+----++
++++++-+-+-++++++--+++---++-+-+-+---+---++----
----++++-+--+-++++++-+++++++---+-+-++---++-+++
+--+---+++++++++++-+-+---+--+-+--+----+--+--++
----+--+--+---+-++-+-++-+++---+----++-++++++--
---+-+-++++--+--+++--+--++++++++++-+--++++--+-
--+--++-++---++-+--++--++-+---+-++-+-+-+-+-+++
---+-+-+++--+++--+-++--++-+++++-+-+--+--+-+-++
++---+---+---+++--+-+-+-----------++++-+-++-++
---+-++++----+++----+--+-+--+-----+-+-+---+-+-
---+--+-++--+-+-+--++---+-+-+--+++--+-+--+-+-+
+-----+-+--++-+-++---++-+-+---+-+--+--++--++-+
+--++---++--+------+-+-+++-+-+-+--++-++-++-+--
++-++-++-+--++-+-+++++++++-++---++--+++-++++-+
+-----+++-++-+---+-+++-++---+-+-+-+-+-+---++-+
----+++-++-+-+-++-++-+++++++++-++----+-++-----
+--------+++----+++--+--+-++++-+--++-+++-+--+-
+-+--+++-++++--+--+++++-+--------++-++-++--+-+
++--+++----++--+--+++++++--+-+---+++---+-+-+-+
--++++------+-++-+--+-++--+-+-+--++++--+--+--+
-+-+++--+------+-++-+----+++++-++--++--++--+-+
+---+-+++++--+++-+++--+++--++-+---++----+++++-
+--++------+----+-+----+---+---++----+++---+--
+-++-+-+-+-+-+-+++--++++-++-+++--++--+--+---++
-+--+--++-+-++--++-+------+-+-++---++-+----+--
+--+-++++-+--++-+--++++-+-+-+--+----++-++++--+
-++--+-+-++--+-----+-+---+-+-+---+--+------+-+
++--+-++--++---++-+++-++++--+-+--+++--+-+--+-+
++--+----+-+++++-++++-+-----++-++----+++---+--
---+-+-+--++++-----++++--+-+-+-++-+++-+-+---+-
++--++++-++----+++-+-++-++----++---+------++--
++--+--+-++-+---+++----++--++--+-++-+---+++--+

Generation = 496, Population = 1086.
--+++++++++-++----------+------++--++-+------+
----++++--+-+-+---+-----------+------+---+----
-+-+-+--+++++---++++-+-++-++-++---++-+--+----+
-+-+-+-++++-+-+----+-+-+-+++-++--+++++--+++-++
-+--+-+++++-+-++-+---+-+-++-+-++--+--+-++-++-+
--+--+++-+++-+++--+++--++++++------+++--+-----
+---++---+---+++--++-++-+-------++--++---+--++
++-++-+-+-+-+-----+++--++-+-++-++++---++--+--+
-+---++++-+++----+--+---++----++--+-+---+----+
--+-----+-++++++----++++---+--+-+++--++-+--+-+
-++----+++-+--++---+-++-------+++++--++---+---
++-++--++++-+--+----++++-----++++++-+--+++--+-
++-++--++++-+--++-++++++++-+-+++--+-++-+---+--
--++++-+++-+-+---++++++-----++++-+-++------+-+
++-++-+-++--+-+--+-++--++++-++-----+-+++-++++-
+-++--+-+-+---+++++-+++-+++++--++++++-+--+--++
--++-+-+++++-++++++--+--++---+-+-+++++-++----+
+++++-----+--++-++++-+-+-++----+-+++---+---+-+
---+--++----+++++---+++-+---+++-++-++--++---++
-++---++-+--+-----+--+++---------+-+-+-+-+--+-
+---+-+++--+++---++------+--+--+-+--+++--+---+
+----++-+----+++++++-++-++-+-+++-+-++++++-++++
+-+--+-+++-++-+--+--++--+++-+--+--+++++++-++-+
+++-+-----++--++---++---+-+---+-+--+-+-----+--
+-++--+-----+-+-----+--++--+++-++---------+-++
++----+--++++-+++++++++------++--------++--+++
+++-+---+++--+--+++-----+--+---+---+--+-+---+-
++++-+---+--+-++--+--++--+++-++-++-++++--+-+-+
+----+-----+-+++-+-------+---++-+++-++--+++--+
--+-++---+-+++++-+---+-+++--+-+-+--++-+-+-+++-
-+---+--+-++-+-+-+--++-++-+----+-+++-+--+-+-+-
--+--+++-+-----+-++-+--++++--++--+-++-+++--+++
-+---+--+-++-+-+-+--++++++++--++-+++--+--+++--
--+--++--+++---+--+-+--+--+----++-++-+-+-+-+-+
--++---++++--++---++++++--++-+---+++-++-+--+--
-+-+--++-++--++---+--+++++++-++-+++++++++-++++
++-++--+---------+--------+---++---+-++-++--+-
---++-++-++-+-+-+++-----++--+-+-+---++-+--+---
+++--++-+++--+++-+---+--+-+-++--+++-+-+--++---
-+----+---++-++--+-+-+--+---+++-+-++--+++---++
+-+--++-+++-++-+--+++-+--++--+-+++-+-+-+---+-+
-++--++---++++-++++-+---+--------+--+++-+-++--
+++-++-++++-++--+++------++-++-+----+---++++--
---++-++++-+---+-++-----+--+++-++-+++++--++--+
+---+-+++++-++-++++--++---+----++-------++--+-
+--++-+++++--++-+--++--+++--+-+++-++-+-+-+--++
++--+--+--+-+--+-+--+---++++----+++-+++-+--++-
++--+-+++--++++-++-+--+-----++-+---+++-+-+++++

Generation = 527, Population = 1090.
-----++--------------++---+---+---++++--++----
+--+-+++-----+-+-++-------++--++-+-+-++-++-+-+
+++-++-++++-+++-+-+---+--+-+-+-----++-+-+++--+
-++----------+-+--++++-+++++-+--++--++-++--++-
---++-++-+++-++--+-+-----++-----+++--++--+-++-
+++---+--+---++-++-+-+++--++-+-++---+---+-+++-
-+-+-+---+++-----+-+++++-+-+-+-+-++--+---+-++-
+++++-+-+++--+++-+-++++-+++++++----+++++-+--+-
+++++++-++-+-+-+----++-+-+++---+-----+--+-+++-
++-+-+-++-++---++----+++-+--+-+---+----++++-++
+-+-+---+-+------++-++++--+--+-+--+----++-+---
++-+------+------+-++-+-+----+--++-+-++--+-+++
--++-----+------------++-++++-+-++-+--++-+++-+
++--+-+-+---+--+-+-+++++++++--+-++---++--+--++
---++-++--++++++-++-+----++---++-+---++-+-++-+
-+++-+-++++++-+-++---++-++---+++---+++-+-++++-
-+++-++++-+-+---+-+---+----+++---+-+++--++-+-+
-+-------+++++++-+-++---+-++----+-++---+----+-
-+-+++-+-++-+---+--+++++-++-++-++++-+++--+++-+
+++++++++-++-+--+-++--+++-++---+++-----+++-+--
++--+-++-+-+-+--+----+++++---++-+-++-+-+++-+--
+---++--++-------++-++++++--+-+++---++-+++-+++
--+--++-+-+++-----+-++-+--+-+++-+++-++-++---++
-++-+--+-++-+--+-+-+--++-------+---+++----++++
-++---+--++-+-+---+-+-+-+++--+-+--++-++-+---+-
-+---+-+--+-++++---+++++++--+-+++---++-++-+++-
-++-+++-+-------+----+++-++--+--+----+-++-+-++
------+-+++--+--+--+-+++---+++-++-+-+-++--++++
--+--++---+--++++++-----+++-+----+++----+++-+-
+++++---+-+-----+++++-+-++-+-+-+++---+--++-+-+
++--+-+-+----+++-+++---+-+++++++-+-+---++--+++
-++++--+--+-+-+--++-++-----+---+-+--+-+-+--+-+
+-++-++-+----+++-+++++-+-++-++++++--++++-+-+++
++-++--++-+-+-++-+--++++--+++--++++-----++-+-+
++++++-+---+--++-+---+--++------+-+---+++--+-+
-++---+---+----+-+-++---+-+--++-+++--------+++
-+-+---++------+--+-+-++----++-+++-++--++-++--
+-+++---++-+--++-----+---++--++-+---+++++++--+
+----+---+-+++----++-++--+---+++++----------++
---+-++-++----++-+-++--++-+-++---++++++-++--++
+++-+-+++-++---++-+++---+---++-+--+-+-++--+-++
++-++----++--++-+--++++---+++--++------++-+---
+-++--++-+-+++--++--++++----+++-++++-+--+-+++-
-+---++++----++---+-+-+-+-+---+-+--+-++-++--++
+---++--+--+-+-+-+-+--+-+--+-+++++++-+++++-+-+
++----+-+--+-+------+++-++++-++--+--+--+----+-
--+--+-----+-+---+--+-++++-+--++-+--+-++--++--
+-+----+++--+++-+---+--+-+---+-+-----+-++-+++-

Generation = 558, Population = 1057.
+--+-+--+++--+--+-++--+-+-+---+-++--++---+-+--
+-+-+-+++-+++-++--+-+--+--+--++--+---+-+-+--+-
-++++--++--+++--++-++-++---+-+-++-++-+++-+-+-+
++++---+---+-++++-----++--------+--+++--++++--
---+---+---+++---+-++++-+-+++-+-+--+-++-----++
----+++-+++-++--+-++--++++--+--++---++--++-+-+
--+--+++--+----+-+-+-+++-++---++++--+++-+---++
+----+--+-+--+---++--+++-+++++--------+++-+-++
++++--+---+-++--+++++--+++++-+-++-+-+-++++----
++--++-+--+++-++++----+---++-+--++--++----++++
++-++++--+--+++-++--+-+------------++-++-++--+
----+++-++---+-+-+-+++-+++++--++--+++--+--++++
+++-+----+++++-++--+++-+-+----++-++++----++-++
---+-+-+----+------+-++--++-++--+-+-+-+---++--
---+--+++-+++-+--+-+++-+-+-+-++---++-+---+--+-
+-+---+-+----+-++++++--+------+-+++--+--+++-+-
----+----++++--+-+-+-++-++--+-+++++++--+++--++
+------+--+-+-+++++--+-++--++++----++---+-+---
+---+-+-++-----+++-----++++---++--+-+++++-----
-+---++----++-+++--+----++--+--++-+---+-+----+
+++-++-+-----+-+-++++-+++----+--+-++-+-+-+----
+-++++--+-++-+--+++-++++-+++++-++--+----+---++
-+++--+---++----+-+--+--++---+-++++++----+--++
--+-+---+-+----++------++--++---+++-++++--+-+-
----+-------+-+--++-+-++---+-++++-+------+-+++
+++++-++-+-+---++-+---+-----++-+-++-+---------
-+-+++-+++--++-+-+++-+---+-++---+++-+---++----
--+++--+-++-+-----+++--+-+-+--+-+-++--+---++++
--++---++--+----+---+-+++++-+-++-+-+--+--+++-+
+-+---------+--++--+--+-+--+----+++---+-+-+---
-+---++-++--+-------++----++-+--++++--+-++++-+
-+-++--+-++-+++-++------++++----++-++++++--+-+
-+-++-++++++-----+-----+--++++--+++++-+--+-++-
-+-+---+++-+---+----++-----++++++-+--++-+++--+
+++--++++-+--+-+--+-------+--+---+---++-+--+++
-++-++++++++----++-+------+++---+-+--++++++-++
+-++++-+--++---++++--+++++-+++++---++--+----+-
++--+++--+----++--++--++--+-+----+-++---+++-++
+++--+-++--+----++++---++-----+---+-+++-++++-+
-+--+--++---+++++----+--+------+-++--+--+-++-+
+++++----++++----++--++-++-+-+---+++++-+--+---
---+----+++-+-+-+++-----++-+++--++++---+----+-
++-+-+---+-+--+-+++---++-+++--+-+++----+++--+-
-+--+--+--+-----+---+--+-++-+-+-+-+++-+-+--+-+
--+---+------++-++-++---++-+--++++++++++----++
++----+--++++-+-++-+++-+-----+-+---++-++-++-++
-++--+-+---++-++--++-++-----++-++++++-+-+++-+-
+-+-----------+-+++-+-++++--+---++-----++---++

Generation = 589, Population = 1103.
+-++----+-+--+-+--++++-+-+++--++----+---+-+-++
-++---+-+++-+-+-+-++-++-+--+++++--+---++--+-++
--+++--++-++++--+-+++-++--++-+-----+-+----+++-
--++++-++--++-++---+--+-++++--++--+-+-+-+++-++
+--+-++++-+-++---+-+-++----+-+++--++-++--+-+++
+--+-+-+---+----++++-+------+-++++-+-++--+++++
-++-+--+-+-++----++---+--+--++--++-+---+++++--
++-+++-+++--+++----++--+-+++-++++-----+++-+++-
+-+---++-++-++--+-++++-+-+----+-+++-++++-+-+-+
+-++-+-----+-++++---+--+-+++---+--+----+------
+-+-+--++-+-++----++++---+---++-++++--++-+++-+
+--+---+----++-++-+--+-+---+++++--++-++-----++
-++-+-+--+----+----+++++-+-+--+--++-++++-++-+-
--+--+-+-+++---+-+-----++++++-+-++++--+--+-+-+
+-++-++++-+-+--+-+---+++--+++----+-+-+++-++-++
+--+++-++-+-+--+--+--++---+---++--++--+--+++-+
+-+--+-+-+++++++-+++---+---+-+-+--+-+--++-+---
++--+--+-+--+-+-+------+----+-++-+-+--+-+-----
----++-++-+-+-+--+--+++++++---++------+--+--+-
+++++--+--+-+-+-+--++-++-+++-++-+++---++-++-++
++--+-++-+----++----+++-+-+-+-++-+--+--+--+---
--------+-+++----+---++++-+----+++-+--+---+--+
+-+---++---+-+++--+++-++-+-+---+--+++--+++-+++
+---++++-++--+----+++++--+--++-+---+++---++---
+-++--+-----+----+++--+-++-+++-++--++--+--+--+
---+++--++-++---+-+---++--+--------++++++-+-++
++--+-+---++++-+-+---+++-+--+++---+++---+-++-+
++---+-++-+-++-+-+-++++-+++-++++-+---++-++-+++
--+++-+++++-------+-+-+-+--+++-++-++++++++++-+
+--+-++-+++--+++-+----++---++++-++---++++---+-
-++-+--+--+--+-++++++++-------++-+-++-++++----
+-+-+--++++-+-+-+---+++---+---+--+++-----++-++
+++++++--+---+++----+-+++-+--+-+-----+--+-++++
-++--++-----++++--+---+--++-+--+-+++--+-+-+---
+-+--+-+----++++---++-+++-+-+++--+-+--+---+--+
-+--++++-+-+-++-++--++++---+++---+++++-+++-++-
++-+--+-+++-++---+-+--++-+--++---++--++-+-----
-+--++-++-++--++----+---++--+++---+--+-++++-++
--+-+--++-+---++-+++-------++-+--++-+--+-++---
++-+++-+--+---++---++-++--+---------++----+++-
+++--+---+++-++++----+--+-+-+-++-+-+++----+---
+-++-++---++++-+-+-++-++----+++-+-++--+-+-++++
+-++---++---++++++++-++-++++-+--+---+-++++----
-+-+++-+++-+++-+--+-+-++--++-+--+-+----++--+++
+------+---+++-+++---+---+---+++++--++----+-++
-+++--++--+-+-+++++-------+-+--+-++-+-----+---
-+-+-+++++-+-+++-++++---+++--+++-++--+++-++-+-
++++-+----+--+----+++-+-+--+----+++-+---++++--

Generation = 620, Population = 1123.
+-+-+-++--++-+-----+-+++-++-++++-++-+--++--+++
-------+-+---+----++--+--+-+--++++++++-+++--+-
+---+----------+------++--++++-+-+++-----+----
+----++---+-+-++---++++-++++++-+---+-++++++-++
+++++--+++---+-+--+-+--++--+-+--+-+-+---+-++-+
++++-+++---++-++-+++-+-++-+-+--++--++------+-+
-+--+-++--++-++---++---+++++---+-++++-+-+-++++
-++-+-+---+++-++-+---+-+-------+++-++-++---+++
+-+--++-+--+--+---++-+-+-++--++-+--++----+-+++
-+-++--+---++--++-++----+-++-+-+-+++-+--++++--
+-++--+-+---+-++-+---+--+----+++-++-+-++++---+
--+-+---+---+-++-++++++-++++-++--++-++----++-+
+--+-+---++-+--+-+-+-+----+--++++--+--++-++--+
--++++---+----+-++---+-----+-----+++----+-+-+-
-----+-+++++++--+--+-------++++++-+-+--++-+--+
+-+-+--+-+---+-+--+++--+-+-++---+++-+--+-+---+
++-+----+++--+-+--+++-+++-+--+-+-++-+-+++----+
+-+-+++++++-+--+-+---+-+---+-+++--++++-++++-+-
+++++-+----+-+--++---+++---++-+-++-++--+-+---+
+--+-++-++++--++++++-++--+++++--++-++--++++++-
-+-------+++--+++---+-+-+++-+++-++-+-++++----+
++++++-+-+-+++-+-++++++++++--+++-+----+-+-+-++
++++-+---+--++---+++----++--+-+--+-+++--+-++++
-+-+---+-++--+--+++-----++--+++--+---+--+++-++
-++-++-+-+-+++--++++++++-++-++++++-++-+-+--+--
++-++++++++--+-++-----++---+-++-+++++--+--+-++
+++---++-+++---+-+--+++--+-+--+-+-++-+--+++-+-
----+-++++------+---+++-++-+--+-++--+---+--+++
--+-+--+---+----+-+++++-++++--+---++----+++--+
-++-+-++-++--+----++-+---++---+---++--+-++-+++
++-+---+++-++-++++++-+---+--++-+-+----+---++-+
-++-+++-+-+-+-++-+-+-++++++++--+--+--+++++++++
+-+--+-+-+-++---++--++-+-+++--+--++--++-++++--
-+++-+++-+--+---+-++----+---+--+-----+-++-++-+
+++--+-+-+---+-------++---+----+-++-+-----+-+-
--+--++--++-++++--+++--+++++-+-+--+--+-+++----
---+++-++++-+++++-++----++--+--+++-+-+--+++---
+-++++-----++++++--++--+--+-+++++-+-+-++-++--+
+-+-+---+-+-+++-++----+-+-+---+----+--+-----++
++----++----++-++++--++++-+---+-+----++-+++-+-
+---+-+++-+-++----+-++--+--+-+++--+++-++-+-++-
-+++-++-+----+--+--++-+-++-------+-+-++-++++++
--++-+-++--+++---+++---++++++-+-+-++-----+-+-+
++-++---++-+-++-+-+++-++-+--++---++-+++---+--+
+------+++-++-++------++--+--++++----+---+-+++
--++--+-+++--++-++++++-+++++-+-----+--+-+++++-
-++----+---+---+++-+-+-++--+---+-++-+-+-++++++
++-+--++---++-++++-+-+----+--++--+--+----++++-

Generation = 651, Population = 1078.
-++--+++---+-++++---++-+++-----+--++---+-+-+--
----++-+-++-+-+--+++---+-+------++----+-+-+++-
----+++-----+-+-----+-++++++-+-++-++---+--++--
++-+--+++++-+++-++--+-++++-+-+-+-+--+++-+---+-
+----+--+--+--++-+-++--+---+-+-+---++-++++-+-+
+--+++-++-----++-----+---++++--+--+----++-+---
--+----++++--++---+++---++++----++-------++---
-++-+++-+++-+-++-++--+++-+++++-+--+++++-+--++-
+-----++-+++-+----++++--+-+-+---+---++++--++-+
------++-+-+++-----++++---+--+--+--+--++-+++++
--+----+-+-+----+-+---+-+--+-+-+++---+-+-+-+-+
+---++-+--+++-+--+--++-+-+++++----+--+++--++--
+------+-+-+-+--+--+-----++++----+++++------++
+++-++++++---++-+++++-+++--+--------+--+----+-
++-+-+--++-++-+++---+++--++++-++--+++---++-+--
++---+---+-++++++--+++-++---------+---------++
+--++----++-+--+++---+++-+-+-++++-++-+---+-+--
+--+++-+-++++-----+-------+++---++---+-+--+---
+++-++++++-+---+---+-+-+-------++---+++-+-+-++
+-+-+---++--+--+-+---+-+-++-+--+++-++-+++-+++-
-+-+-+-+-++-++-+++-+++---++-++++++--++++-+----
--+---+-++-+--+-++---+++-++++++-+-++-+++++++++
----++-+--+++++-+++--+-++-++++-+--+---++--+++-
-+-+-++++--++++++-++-+++++--+-+---+--+----+--+
--++-++++--+--+--++++-+-----+-+---++++-+++-+++
++-+-+--+----++--+-+++------+++-++-++-+---++--
+++-+----++--+-++--+-+-+---+-++--++---+++-++--
-------+---++--+++++--++-++++-++--+--++-++-+-+
+---+++-+--+---+++----+-+-++-+-+-+-+---++-++--
-++-----+-----++----++-+++++-+-+++-++-++--++-+
+++--++--++++---++----++++--++--+---+----+--++
+-++-+++-+-+-+----+-++++++---+++++--+++-+--++-
+-++++-----++-+--++-+++-+++----+-++--++--++++-
-++--+--+--+-+++-+-+---+---+-----++-+++-+++++-
----++++--++++++-+--+--+--+++-+++-+-+--++++---
-+---+---+---+---+++-+-+-+++-------+++-++++++-
--++--+---+---++-+----+----+---++++---++-+-+-+
---++-++--++++-+---+---+---+---+--++-+++--+-+-
+-++-+++-+--+-+-++-+-+-+---+-+-+-+-++++-++--+-
---++++-++-----+++---++--++++-+--++-+--+--++++
--++++-+-+-+----+-+--++--+---+++-+++-++---+-++
-+-++-----++-++-+-+-+++-+--++-+++-+++++-+-++--
+++++--+---+-+---+---+-+++--+-+-+---+----+---+
+--+++++---++-+----+----+--+-+-----+-+--+---++
-+-+-++-+++--+--+--++-----+++++-++--+-+++-++++
+--------++--+++++-+-+----++--+------+-+---+-+
++++---+--+-++++++-+++--++++-++---+--+-+-+-+--
+--+++--+++-++-+--++++++---++----------++-++--

Generation = 682, Population = 1085.
++++--+----+--++------+---+----+-+-++--+------
++++---+-++++++-+-+-++-+++-+-++++---+-+---+-++
+-+-+-+++++----+---+-+--+++++-----+--+--+--++-
+--+++---+++--+--+-----+-+-++----+-++--++---+-
+------+-+--++++-+-+-+--+++-++------++-+---+-+
-+--+++-+++-++-+-+-++--+-+++-++------+-++---+-
+++-+--++-+++--++-+-+---++++--+-+----+-+-+-+++
+-++-+++++----+-+---++--+++--+-+-+++-++++---++
++-+-+++++-+-++-+++---++++++--++-----+-+-+---+
+++--++-+-+--+++-+----++----+-+-+---------+--+
++--+---+-+---+---+-+++--+--++++-++-++--++--++
--+-+------+-+--++-+---+------++++----+++-+--+
+++----+-----++--++-++++-+++-++++-++++-+++--+-
-++---+++-++---+-++----++--++-+--+-+--+-++-+++
---+-------+-+-++-+-+-+++++-+-+--+-+-------+-+
+-+--++-+++--+-+---+-++-+-+-+-+--++-++--+-+-+-
-+++-+-+-++----+++-++-++---+-+-+-+-+-+++--++++
++----++++-++-+-+-+++++---+-++--+--++++-+++-+-
---+++-+--+++-+---+--+--+-+++----+-+-----++++-
----+---+-++-+-----+-+-++++-++--+-+--+-++++-++
++++--+++-+-+----+-+-+----+-++++-+++-++-+-+-++
++----+-+-++--++++-+-+++++---+-+---++--++-+++-
++-----++++-+-++-+++-+++---+-+--+--++-++--+++-
------+++----++-+++--+---+-----++----+-+--+---
-+++--+------++-++-+-++-+-+--+++---++-++--++--
-+-+++++-+-+++++++++--+-++-+---+--++++-+++++-+
-+-++-+----+----+-+-+---+++---+++++---+++++-+-
-+---+++-+--++---+-++--+-++++-+-+++---+++++--+
+-+--+--+-++-++++----++--+--+--+++-++-++---+-+
-++-+-++-++--++-+-+----++--++++-----+++-+-+-++
+---+-+-+-++--++-+++-+-+-+-++-++------++-+-+++
+-++++--+-+++-+-+--++--+--+++----++-+--+-++-+-
++-------+++++--++---+--+++---+---+---++--++-+
+++-+++++++--+--++-+--+-+++---+++++-+++----++-
+-+-++-++--+-+---+++++++--+-++++--+--+--+++-+-
---++-+-+-++---+---++++--+-+++-++++--+++-++-+-
--+--++--++--++++-++--++---++++-+-++++-+-----+
+-++++--+--++++++++--+--+++-+-+++++++--++-++--
+-+++-+++-++-+--+-+----+-++-+-+-+++-+-+-+-++--
-+-+------++---+-++--+-+-++---+-----+----+--+-
-+-+++---+-++--+----------+-+++-++++-+++-+++--
++------+-+-+++----+-+-++----+-+-------++-----
+++--+-+++--+-++--+++-++++-+--+--+-+-----+++-+
-++++-+-+-++--+-+++++--+-+-+-+------+-++--+++-
++---+--+-----+------+++-++----+-----+------++
-+++-++--+-----+---++----++++++-+----+---+---+
++--+--+-++-++-++---++---+-++-+--+++++-+--+-++
-+-------------++++----++-+------++++++------+

Generation = 713, Population = 1096.
-----+-++--+++-+-+--+-+--+++-++-+-+--+++------
---+--+-+-+++-+----+-+----+--+-++++-++-+++++++
++++-----+++---+-+---+--++----++++---++--++--+
+--++--++---+-+-----------+-++++--+-++++-+-+++
+-+++++-++-+---+---+--++----++++-+----+++--+++
+-+--+---+++-+++---+-+--++--+----++-++++-+-+++
+--+++++-++++--+-+---+-+--+--++--+-+-+--++++-+
-----+++++++++-++-+--+-++++++++-+---++---+-++-
+++++--+--+--+---+-+-+-++-+-+-------+--+-+--+-
+---+++--+-++++-+--+---++--+-----+-+++++++--+-
+------+----+-++---+-++-++---+--+++----++-++-+
-+-+--+-+---+-++-+--+-++---+-++++--+---++-+---
--++++-++++-++-++-++-++++++-+++-+---+---+-++++
+---+++---+++-+-+------------+-+-----++--+---+
--++--+-++--+++-+--+-----++-+-+-+-++--+---++++
+-++---+-+++--+-+-+-+++++++-+---+-+++++++---+-
--+-+-------+++++---+-----++++-++---++-++++--+
+++---++++++-+-+--+++-+--++-+++--------+---++-
-+--+-+++-++++-++++-++-++-+---++++----+++-++--
---+--++----+-+++-++++-+++++-+-+-+-+--++-+-+++
++++----++---+++-++--++-++---+++--+++++-+-++--
---++-----++++++-++-+-+-++-++++++---+-++-+-+++
----+++-++-+++--++--+-+-----+-+-+-+++-++-+-+-+
+++++-+----+--------+-+---+----+-+++--++++++--
-+++---+++++-++-+-+--+--+-++-+--+------+++++++
-+---+-+-----------++++++--+-+-+---++-+++----+
+++-++--++--------+------+-+------++--++++-+-+
+-++++-+++-++--+---+-+-----+---++++-----++-++-
+-++-++++-+---+--+++++----++-++----+---++-+-++
+++++-++---+++--+++-+--+---+-++--++--+-+-+++--
--+-+-+--+++++-+----++++--++-+----+---++++++++
-+-+--++-+-+++++-+-----+-+--+++----+---+-+-++-
---++-+-++-+--+-++++---+--+--++-+-+++++++---+-
++++-+--+---++++-----+++-+++-++++-++--+-++-+++
+-+--+--++-----+++---+--++--++-+--++-+-++-+--+
------++--+-+-+-+++--+++-++--+-+-++-+++-+++--+
++---++++---++----++-+--+++++++-++-----+-+--++
+----++-+--+--+-+---++++-++----++-+++-+-++-+--
++-+-++++-+++++-++++--++-----+-++---+-+--+--+-
+-++-++---+---++--+----++++++--+------+--+--++
+---++-+-+++---+++-+-++-+-+-+--+--+-----+---+-
-+-+----++-++--+---+---++-+--+----++---+--++--
+-+---++-+-++++---++++---++++-+++--+--+-+--++-
+---+--+-+--+++++++++--+--+-+--++--+---++--+-+
-+-----+++---+++-+--+----+---++++---++-+--+-++
--++---+-+-----+++++-+-++--+++++-+++-+-++-++++
--+-+---+--+-+-+--+++------+-++++-+-++-+--++++
+-++-----+-------+-++++---++++-++++----+++-+-+

Generation = 744, Population = 1105.
+++--++--+-+--+-++++--+--+-+---+-+----++-----+
++++-+--+----++----+-+++++++--++++--++--++++-+
++-+++++--+---++-+++++++------++++-++---++----
-+++-++----+--+-++-----++---+++--+-+++---++++-
-+++---++-+----+---++-++--+++--++++++--++-+++-
--+--+--++------+-++-++---+---+-+--++--+++-++-
+-+-----++-++++-+-++-+++-++---++---++-+-+-----
----+++-+++-+-+-+--+-----+---+-++--+-----+----
+----+-+-+-++++--+-++-+--+-++--+-++++--+-+--++
+++--+++-+--+---++--+---++---++----+---+++-+-+
--++++---+-+-++++-++++++++++++++--+-+-+--+++-+
-+++-+-+--++---+++++++++-+------+++--++--++---
--++-++-+++-++-+-+++-+--++-++--+-+----++-+-+--
-++-+++-+------++---+++-+---+--+----++-+-+++-+
-+--+----+-+++-+++--+-+-+--++--+--+--+-++--+-+
++---+--+-+----+-+--+-+---+-++++-+++-++-++--+-
--++--+----+++++---++---++++-+++--+---+++++--+
-++++++-+--++---+-+++-+--+++-+-+++-++-+--+--++
--+---+++-+++--+-+++-+--+--+--++++--++--++-++-
-+++-+-++--+---+-+++--++-+-++---+++--++----+--
+--+++-++-+++++++++---+-++----+++++++--+----+-
--+++---+-------+-++-+--++---+---++-+++++++-++
+---+-+----++++++--+-+++--+-++++---+++-+++++--
--+-+-----+++--+---++---++-+-+--++--++-+-++---
+++---+------+-+++++-----+++++--+----+---++++-
-+-+-+--+---+++++-++----+---+--++++-+-++----++
--+++-++-+++++---+++--+++--++-++++--------++-+
-+++---+-++++-++++-+-++--+++-++++++++++--+--+-
----+++-+-+--+++-+-+-+---+---++++-+-+-+-+--+--
+--+-+-+-+--+-+-+-----++-++++++++-+-++++-+-++-
++--+-++-+-++--++++--+--++--+-+----+++++--++--
+-++++-+---+-+-++-++-+--+-++++---+-----+++++++
+++-++++--+-+-+--+++---+-+--++--++--+--++-+---
-+++++-+----++-+++--++--+---+---+--+-----+--++
-----+-+-+--+++--++---++-+----++++-++++---++--
++++++--++-++----+-++-++-+++-++----++-++-+++--
++----++--+-+++++-----++---++---+--++-++-+-+-+
--+-++-+-+++-++------+----+-++++----++--+-+-++
--+----++++--+---+-----++-+--++---+++-+-++---+
++---++---+---+++-+-+-+++--+++-+++-+--+-+-+---
+-++---+----+-++-++---+++++--++-+-+-+-++----++
-++++++---++++-++-+++--++++++--+-++++++++-+--+
-+++++---------+-----+-+--+-++--+-+++-++--++--
---++--+----+---++-+--+---++++---+-+++--------
+-++----+---+-+--+------+++-++-----++-+--+++++
+-+--+---++++-++++--------++----+-----+-+--++-
+-++---++--+--++++++-+-+----+-+-++++-+++--+--+
+--++-+++++---+----++-+-+++-+++-----+++-+-++++

Generation = 775, Population = 1071.
--+-+--++--++-+-+---+--+++----+--++---+--++--+
--++-+-----+-----+-+------+++--++--+-+++-+----
+++-----++-+----++++-+-++--++-+---++--+++--+-+
++-+-+++----++-+-++--++++++-++---+---+-+++-+-+
---+-++++--+---+-++--+-++-+++-+-+----+-++++--+
++--+-+++-++++-+----+--+--+--+++++------+++-+-
+---++-+++--+++-+--+++-+-+----+------+---+--+-
++----+--+++++----++-------+-+--+++---++-+-+-+
-+-+--+--+------+++-+---+----+-++-++--+---+-+-
--+++--+--++--------------+---+-+-++++++-++---
+-+-++-+++++-++-+--+++---++----+-+++++--++----
-----------+-++---++-++++++------++++--+------
--+---+-++-+-+++-++---++-+-+---+-++-+-+-+--+++
+-++--+-+++-++-+-+--++---+-++--+--+------+--+-
+++-+-++----+++--+-+----+++---+------+++++++--
+----+-+++--+------+---+---+---+-++++-+--+-+--
-++---++-+-+-+--+-+++-+++-+++----+-+------+++-
++---+++-+----+---+++++++--++-+++--+++-+-+++--
++++++-++++--+-++++-++++-----+--+-+-+-++++-++-
+--++-+++--------+++-+-+++-+-+-+-+-----++--+-+
+----+-++++---+--+-+---+-+-+-----+--++++--+--+
--+----++++-++++-+++++++-+----+--+--++++++---+
-------+--++++--+-++-+++-----++-+--++-++-+++--
--+-+++--+++-+--+--++---++-+++--++-++-+++-++--
+-+----+-++-+--++++-+++-++-+++--++-++++-++-+--
++-+-+-++-+----+++-+-+++----+--++-+-+-+-+---++
-+--+-++----++++++-+--+----+++--++--+--+---+-+
-+---+-+++-+-+-+++-+++-+-----+++-++-+-+--+-+++
+--++-+++-++-+-+-++-++-+++-+--+++++++-+--+++--
-+--++-++-+-++--++--++-----+++-+--+++++++++---
-+++++--+-+++++-+-+-++-++--++++++-+-+++-+----+
++-+----+++-++-+------+-+--++-++-++++-+-+++++-
++++--+++-+++--+-+--+--------+++--+---+---++++
+++-+-+++----+++--++----++++++---+-++++--++---
+-+-+-+-++--++-++++---+++++++-+-++--+----+-+-+
+-+--+--+-++++-----++-+++-+---++-++++++--++-++
+--+-+---+++-+++++-++-++--+----+++++--+-+--+--
---+--+++-+++---+-++-----+--------++-+------++
----+-+++---++--++++-+++--+++-++-++-+-++-++-+-
-++-+-++-----+--+-++-+--+-+++---+---------+-+-
---+--++-++-+--+-+---++--+-----+-+-++---+++-++
-+---++++-+++--+---+-++-+---+++-+++-+++++---++
--++------+-+----++--+++-------++-+-+++--+-+-+
-+-++-++++---+--+-+--+-+-+--+---+---+-+-+---++
++----++-++--+-----+-+---+-+---++---++--++-+-+
-++---+++--+-+-+-+-----+------+-+++--++++---++
+-++-+------+-+++-++++-+-+---++----+++++----+-
-++-++-----++--++++-++++-+---+++----+-+++-+++-

Generation = 806, Population = 1132.
++-+-++++---+--+++-+--+--+-+-++-+++-++--+--++-
+-+-+++-+--+-+++--+-+--+-----+-----+-++-++-+-+
++-+-+--+--+--+++++-++++--+-+--+-++++++++--++-
++-+++---+--+-+-++-+-++-+----+++-+--+--++-+--+
++--+--+-+-+--+-++-+--++-----+++--++-+------+-
++--+-+++--+-++---+++++-+++-++-+-++++-+-+--+--
++++-+---++--+-+---+-+-+-+-++-++----++-+++-++-
-+++--+-+-++---+++++---+-+++---+++--+-+--+++--
++-++++--++---++----+--+++-++-+++-+--+-++----+
-+----++---+-+-+--++---++--+-+-+++--+-+-++-+++
--+-+---++++-+-++-++-+-+--+--+---++-++----+-+-
++----++++++++---+++---++--------+-++--+++-+-+
-++++----++-++++-++-+-+-+---+--+-----+++-----+
-+--+++-+----+--++++-++-+-+++++++----++++-++--
-+++--+-++-++++--+++++--+---+++-++-+--+---+++-
++--++--+++-++--+-+-+--++-++-+++++-+-++-+-++--
----+++++++-----++++----++-++-+---+--+---++---
-+-+-+---+-+---+++-+-+-+-+-+---------++-----++
-+++++-+---+-++++++---++++---+------+-----+-++
+++-++-----++++-+-+-++--+++++-+-+--+++-++---++
+-+--++--++-++++++-+-+-+----+--+--+--+-++---++
++---+++-+-+-+-+++--++--+---+++--++--+-+++++-+
+++---+++-+---+-+++++++++-+---+-++-+++++-++-+-
-+--+--+------++++--++---+-+-+-++-+-+++-+-+++-
-+++++-+-++---+++--+-+-++---+---+-+-++++--+---
+-+++-+++++-++-++--------+-+----+------+---++-
-+++++--+-+-++-+-++-+--+-++--+--+++++++++-+---
++-++--+-++++++-++-+---++--+-+++-++--++--+-+-+
++--++-+-+++----++++----++-++++-+-++---+++++--
--++++--+--+++-+-+--+++++-++--+--+-++-+--+--+-
-+++-+-+--+-+++-++-+-+++-++++----+--++-+-+-+++
--++--+-+++-++++---+---+---+-+-+++++++-+-++++-
--+-+-+--++++--+++-++--+++---+-+----++-++--++-
-+--+-++---++-++-+-+-++--------+++-+--++++++--
-+-+++-+-+---++--+++++-----++-+++-++++-+++-++-
--++-+--+-------+++++++-----+++-+-++++++-+--++
-+-----+-++++-+++--+++-+-+--++---++-++--+-+-++
+++----+++--+--++--+-+---+++-++++--+++-+-+++++
-+--++---+++--++---+---+-+--+-----++---++---++
-+--+-++-++----++-+--+------+-++++---+++----+-
-+-+--+-+-+-+++++---++-++++---+++--+-++++-+-++
-++-+----++-+---+++-+-+---+------+--++++------
+-+-++---+-+--+-----------++--+-+----++-------
-++--+-++-++-++-+-+++-+-+---++++++-+----+-+-+-
++-++-++++-++-+-+-+-++-+++++-+----++-+++--+-++
+--------+-++++-+--+---++--+-++----+--+-+++++-
++-+-+--+-+-++-+--+---++--+-+--+---+++-+++++++
+---++++++--+-+-++-++++---+-+++++-+-+-+---++--

*** Life<FredkinCell> 32x17 ***

Generation = 0, Population = 134.
-0--0-----00-----
-0---000-----00--
-----000---00--0-
0---0------------
-0---0--0-000--0-
------0-0---0--00
-0---0-----------
----0---0------0-
--0--0-000-----0-
---------0---00--
---0-----0----00-
000-0--000--0--0-
------0----------
----00----0-00---
--0----0-00----0-
-----0-0--------0
-0----00---------
--0--0----0-0----
-0-0-0-------00-0
------00---0----0
---0--0--0--0----
-0---------0--00-
-0----------0-0--
------0-----0--0-
-----00--00------
------0----0--0--
-00-0-------0--0-
---0-----00---0--
--0--------0----0
-0---0-00--0000--
--0-----0-------0
----0---------0--

Generation = 148, Population = 270.
+++++++++--+--++-
---+-+------+-++-
++--+++-++-++--+-
--++-----++-+----
++--+++++-++-----
+++++++++--+--+++
---++++-+---+----
-++----+-+-+--++-
+-+++++++--+-----
+-+-++-+--+-+++--
-+--+---+-----+-+
++-+---++++--++--
+---++--+-++++--+
-++-++-+---++++--
-+-++++++++-+--+-
+--++++++-----+-+
++++--+-+-+++++-+
---+++---+---+---
--+--+++---++-+++
-+++-+--++-++++--
-+--++++-++--+---
+--+++++-+-+-+++-
+++--+---+-+----+
--+-+-+-+--+-----
+--++++---++-++-+
++----++++-+----+
+-----+++-+++----
----+-+----++++--
---++--++-+++----
+--++--++-+-++++-
++-----+-++++++--
+++----+++--+--++

*** Life<FredkinCell> 1x6 ***

Generation = 0, Population = 6.
000000

Generation = 108, Population = 4.
+-++-+

*** Life<FredkinCell> 18x5 ***

Generation = 0, Population = 11.
-----
--0--
---0-
-----
-0--0
--0--
-----
-----
---0-
---0-
---0-
-00--
-----
-----
-----
-0---
-----
-----

Generation = 106, Population = 45.
+--+-
--++-
-+++-
+-+++
-+-++
+--++
+-++-
-++--
-++-+
-----
+-+++
-+++-
-++--
-+-+-
--++-
-++--
-+-++
-++--

Generation = 212, Population = 44.
+-+++
+--++
-+-++
++-++
-+--+
+-+-+
-----
--+--
++++-
--++-
---+-
--+--
++++-
-+++-
---+-
++--+
+-+-+
-+-+-

*** Life<FredkinCell> 19x44 ***

Generation = 0, Population = 172.
------0--00-----0-------0-00----0----------0
---------0----------0---0-0-----0-0-------0-
------0-0------0-----------00---00---0-0----
----0-0---------0----0---0----0-----0-0-0-0-
------0--0----------------0---------0--0--0-
----00-0-0---0-0----0-00------0-0-00----0--0
----0-----0---00-00-0----0--0---------------
0-------0--------------------0--00-0--------
-0--0-0-0---------------------0--0------0---
----0--0-00---0-00-------0---00----000----00
----000-0-0-0------00-----0-----0--0------0-
-----0------0-----------------00---0------00
-----------0-----0----0---0--0-----------0--
-0-----0-0---------0------00-0000-0-0-------
00-----0-0----------000---------------------
--00--------0--0---0--------------------00--
----0-----------------00----0--000---------0
0-------0--0-0----0---00----0--0-------0----
---0-0------0--0---0---0--00-----0---------0

Generation = 178, Population = 423.
-++++++--------+++------+-++-+-++--+--+----+
----++-+-+-+++-+--++-+--+-+--+-++--+--++--++
+--++--+---++--++-+++++-+-+-+-+-++-+---+++-+
+-+-+-+-----+-+---+----+-----++-+----++--+--
---+--++++-----+++--++-++--++++-----+++++++-
+++++++-+-+-+----++++--+--+++++---++++---+++
-+--+-+-+++--+-+-+++++--+-+++++-+----++-+++-
+----+-+-+-+----+-+-+++-++-++++++++---+++--+
--+-++-+++---++-+--++-+-+++++--+-+--++++-+++
-++-+--+----+-++-+++--++-++-+--++-++-+------
-+++--+---+-++-++---++++--+---+--+++------+-
-+---+-+++------++------++-----+-+-+-+++--++
--+-+-+-+-++--+++++-++-+++--+++++-++-+---++-
+-+++--+-+-----+++-++--++-+++---+--+++-+-+++
+++++++-++--+---+++-+++--++--+-+-+--+-+++---
+-----++-+-+----+---+--+--++-+---++--+-+++++
+-----++-+-++---+--+++-+--+++--+++-++-+--++-
++--++-++++-+-+---++--+--++--+--+-+-+++-++++
++++-+-+-++---+---+---+++++-+++-++++++------

Generation = 356, Population = 415.
-+--+--++-++--++-+---++++------+----++--+---
+-+++---++-+-+-+--+-++--+------++----+-+--++
-+-++--++++++-+++++--++--+-+-+-+++----+++-++
+--+-+---+-------+++-+++---+-++++------+----
-+-++----++-+-+-++-+--+-+++-+---++++--++-+--
+++-+-----------+-+----+--++---++--+++---+-+
-++-+-++++-+-+--+++------++-+--++-+-+-+---++
-------+--++-+++----+-++---------+++----+-++
+---++--++++--++-++------++---++-++-++---+-+
-----++-+++-+--+--++--+--+++-+-+--+-+---++++
---+-----+-+-++++++++++-+++-++--+----++-++-+
-+----+--+-++-+-+-++---++-+--+--++--+-+-++++
+++-+++++--++++--+++-++++-++++---+++-+-+++++
+++++-+++++++++++-+++++++-++-+++-+++--+-+---
+++++--+++--++--+++-+------+--++--+-+----++-
-+++-+--+---+--+--+-+-++-++--+++++-+++---+++
+----+-++--++---+++--+-+---+++-+--+--+---++-
-+++++-+----+++---+---+-+++++++-++++-+---+--
--++-++-+--+-+-++-----++-+-+--+---++--+-++++

*** Life<FredkinCell> 45x7 ***

Generation = 0, Population = 33.
0------
-------
-------
------0
0------
-------
-------
---0---
-------
--0----
-------
0--0---
------0
-------
----0--
-------
--0----
-------
------0
0---00-
-----00
-00----
-------
-------
-------
------0
------0
-------
-------
0------
-------
-------
0------
--00---
-------
-------
----0--
--0----
0------
-----0-
------0
0--0---
-------
------0
-----0-

Generation = 160, Population = 87.
+------
-++---+
+----+-
+--+++-
+-----+
+-+----
--+----
+--+--+
----+-+
--++---
----+-+
+------
--+-+--
--+----
+-----+
----+--
-----++
++++---
+---+--
-------
--+--+-
------+
+----+-
+---+++
+----++
-+++---
------+
-----++
+------
---+--+
----+-+
---+---
----+--
+-++---
-------
+--+-+-
+------
--+----
----+--
------+
--+-+++
--+---+
+----++
+---+-+
-----+-

*** Life<FredkinCell> 48x43 ***

Generation = 0, Population = 63.
---------------------------------0---------
-------------------------------------------
--0------0---0--------------------------0--
-----------------------0---0---------0---0-
-------------------------------------------
-------------------------------------------
--------------------------------0---------0
--------0------------------0---------------
-----------------------------------------0-
-------------------------------------------
-------------------------------------------
------------------------------0------------
-----------------------------0------0------
-------------------------------------0-----
---0------0------------------------------0-
--------------0----------------------------
---------0---------------------------------
--------0------0------------------------0--
-------------------------------------------
---0---------------------------------------
-----------------------0-------------------
-----0-------------------------------------
----------0---------------0----------------
-------0----0-------------0----------------
-----------0-------------------0-----------
-------------------------------------------
---------------0-0-------------------------
-------------------------------------------
-------------------------------------------
-------------------------------------------
-------------------------------------------
----------------------0--------------------
---------------------------------------0---
--------------------------0----------------
--0---0------------------------------------
--------------------0----------------------
--0--------------------0----------------0--
----0---------------------------------0----
----------------------------------------0--
--0-------0--------------------------------
-0-------------0---------------------------
---------------0---------------------0-----
-------------------------------------------
-------------------------------------------
-------------------------------------------
----------------0---------------------0----
---------0----------0-0-0------------------
-------------------------------------0-----

Generation = 171, Population = 1000.
+-++-++--++-+-+-----+--+-+-++++-+----+-+++-
--+++---+--+++-++-++-+----++-+++-+---+-----
-++++++--+-+--+----+-+---++-+--++--+--+++--
+---++++------+--++--+--+-------+----+-++--
--++----+-++-+--+++++---++--+-+++-+-++----+
---+--++---+-----++----+----+-+--+----+++++
-++++++-++--+++--+----+++----+++++-++++-+-+
-++--+-+-++++--+++----++-+--++---+--+-+--+-
-+--+-+++---++-+++---+-++-+--++--+--++++-++
-++--++---+--+-+++-+----+--+---++-+-+++-+++
++-----+--+--+-----+++--+--+------+++-+-+-+
++++-+-+----++--+-+--+++-+--------+-+++++++
--++-+++-++--+---+-+-+---+-----++---++--++-
+-++++--+-++-+-+----+++--+++-+-+--++----+--
+++++++-+-++--+++--+--------+-+++--+++--++-
-+--+++---+--+--++---+--+-+-++----++-+++---
+++-++-+-+++++------+---+-----++++++-++++++
---+++-++---+-++--++-+-++--+-+++++-+---+++-
+-+---+-+---+-++----++-----++--++-++-+-++-+
+----++--++++--+---+-+--+-+--+-+--+++-----+
-++-+++-+-+-+-+-++-+++--++-++-+-----+-+-+-+
------+++++---+-++-+-+++--++--+------------
+-++-+----+-+-++--+-+---+-+---+--+++-+-++--
++-++++-++---+-++++++-----+-+--++--+--+-+--
+-+--+-+-++--+++--+-+++-+-+-+-+-----+-++++-
-----+--+++++-+++++--++----++--+-+++-+--+-+
+-------++--++--+++-+-+--+++--++--++--+++++
-------+++++-++--+-++++---+---+++-++-------
++-+++++--+++-+-+-++--+--------+----++-+++-
-++-++++++---++-----+++-+---+-+-+--+--+++--
---+-++-++-+++--+-+-++-+++-+-+++++----+---+
-+++-+++--------+-+--+---+-+--+-++----+--+-
+---++++-+-++---+-++-++-+----+++++-+--+++--
-+---+-+-+---+--++-+++---+-+-+-+---++-+-+++
++++-+-+---++-+--+-+++-----+-++++-+-+++--+-
---+-+++-+-+-+-++---+--+---+----++-----+--+
+++++++++--++---+++-++-+--++---+++-+---+---
++----+++--+---+-+-++----+-+-++-+--+-+++-++
-+-----++-+--+++++-+++-++-+--++-++++++++--+
+++-+-+++--++++----+---++--+---++-+--+---++
+-+---+-+-++-+++-++--+++----+--+---+-++++-+
++-++-+-++--++++-+--+--+-++-+++++--++++--++
----+++---++-+--+---+---+---++--++----+----
+++++-+-+----++-+++++--+-+-----++-+++-+++-+
----+++-++-+++-+-+-+-+-++-+---++++---+----+
-++-+++-----+---++-+-+-+-+-+-++-+-+-++--+-+
--+--+-+--++++-+-+----+++--++++---++-++-++-
---++++++++++-+-++-+-+++-+++++-+++------++-

Generation = 342, Population = 986.
+--++-+-----+++++++---++---+-+++--++-++-+--
-+-------+++++-+-------++-+++---+++--++----
----+++++----+---++-+--++++--+--++++-++----
-+-----+--++--+-+--+-+-++-+--+++++-++-++-+-
++--++------+++-+--++-+-++---+++++++---++++
++----+-+-+-+-----+---+-+++-+-+-+-++++++---
--+---++++--+++-+++--------+-+--+-+-+---+--
-+-+----+++-++-+-++-++--+----++-++++-+-++--
-++--+--+++-+------++-++-+------+++++-----+
-+--++----++--+-+-----+--+-----++++--++++-+
------+++--+++-+++-+++++-+-++-+---++++++-+-
+--+++-+++-+--+++--+-----+--++---+++-++++--
---+--------+----+-+++-++-+-+-----+-+++-+-+
+---+-+-+++++-+----++-+---+-++--+++++--++-+
--++-----+---++++-++-+-++++--+--+--+--++---
+-+++++++-+-+++++---+-++-+----+-+--+-+++-++
-+--+--+--+-++------+----++--+++-+---++-++-
-----+----++---++--++--+--+-++--++---++--++
-+---+-++-----+-++---+----++++++-+-+------+
---+-+---+--++--++----++---++--+---++--++++
-+--+--+-++++++-++---++-----+++++-+--++-++-
-+---++--+--+------+--+--++-++--+++++------
+----++++-++-++-+-++-+++-+++-+--+--+-+-+--+
+-++--++++++-+++-++-+++--+-++++-+++-----+++
+---+---++++-+++++---++--++-+-+-+++--++----
------++--+--+-+--+++--++-+-++++++-+---+++-
---+--+-+--+--+-++++-----+-+--+--+-+++++-++
++-+-+++--+-+--+---++--+++-++++-+-+-+--++++
+++-++-+-----++-+++--+--++-++-+++++--+-+++-
-+-+++-++++-+------+-+-+-----++++++-++-----
+----++-++-+++-++--++++---+---+-+--+--+-+--
+-++-+-++++-+-++--+++++--+---+++-+-++++--++
+-----+++-++-+++--+++-+------+--++++---++--
+-++-----+++-+--+--+++---+++---+---++-+-++-
---+++--++++-++-+--+----+-+--+----+++---+--
-++-++++-------+-+-+++++-++---++-++++++++-+
++-+-----+-+++--+++++-+---++++--+-+-++--++-
-+----+++-+-+---+--++---++++-+-+---+----++-
+++++-----++--+-++++----+-+-----+-+++---+-+
++-+--+------++++++-+----++-++-+---++-+-+++
---+++--++++--+--+++-+-+-++--++--+-+-++----
---++-++++-+-+++-+++-++-++----+---+-+---+++
+--+--++-+----++---+-++---+---+--+---++----
----+-+--++-+--++-++--+-+-++-++-+-+--++++-+
--+-------++-----+-+-+--+-++-+-+--++---+---
+++---++-+--+--+-+-----+-----++++-+++++-+--
++++-+-+-----++-+-+------+-++-+-+--+-+-+---
+--+---------+-+--+--++-+--++++---++---+-+-

*** Life<FredkinCell> 26x34 ***

Generation = 0, Population = 88.
-----0--------0--------------0--0-
------0----------0--------0-------
---------0------------------------
---0-----0----------0-------------
---------------0---------0--------
-0-----0------------------------0-
----------------------------------
--0--------------00-------------0-
--0---------------0---------------
0---0-----0---0----------0-0--0---
---------0--0--------0-------00---
---------------0---------0--------
-0-0-----00--0-----------0---000--
--------------------0-------------
---0---0----------------0----0----
--0--------------------------0----
-------------------0--------------
---------0------0------0----------
--0-----------------0------------0
-0---------0--------0-----0-------
---------------------------0--0---
----0-0--0-------0------0--0-0--0-
-0----0--------0--0---------------
-----------0-0-0--------0---------
------0----0---------------0----0-
------------------0--0-------0----

Generation = 143, Population = 435.
+-+-+-+++-+----+--++-++---+-+----+
--++--+---+++---+++-+--+--++++-+-+
++-+++-----++++--+-+----+---+++-++
-+---+--++--+-+----+---+++---+--++
---++-+-+++--+-++-+++-+-+++++++++-
++-++-++-+-+-----+++--+++---++++++
++-+-+++-++-+-++-++++-++-+--++-+--
-+--+---++++-++--+--++++++---+++++
------+----+-++++++---+--++++-++-+
+----++++-+---+-+++++-+----+-+--++
--+-+++++++++----+-+--+-+---+++--+
+-+-++--+-------+----+--+++---+-+-
-+---++--+-+----------+-+++-----++
-+-++-+---+-+-----+++-+-++++-+-+-+
----+-+--+-+++--+-----++-+-+-----+
--+-++--+-+++-+++-++-------+--++--
-+----+--++++++-+----+++-+--+--+--
++--++-----+++++++-++---+-+-------
+++-+++-----+-+-----+--+-++++----+
-+++-+--++-++++++++-+-+--++----++-
+++++--+-+-+++--+++---+-+++----+++
---+-+--+-+-+++++--+-+-+-------+-+
-+-+-++------++---+++-+++----++-++
+-++--+--++-+---+-++++--++-+-+-+-+
++--+--+++-+-+---++++-+-++--+-+--+
++--++-+-+-+++-+--+-++++----++++++

Generation = 286, Population = 436.
-++++-+---++++-+-+--+++---++-+----
--+--++++--+-+----+-+++-++--+--+++
++-+-+---+-++---+-+----++++++++---
-++-+---+--+++--+-+++----++--++++-
--+-++--+--++--+----+----+-+---+++
---++++-++--+-++--+---+++-+-+---++
--+-+++--++---++------+++++-++-+-+
++-++++--+--+-+---+++--+----+-+-+-
+---++++----++++---++-+++--++-+-+-
+--++-+---+-++++++-+--+--+--++---+
++-++++++++-++-++-+++-++++++-+--++
-+-----++---++--+++++---++--++---+
-+++-----+++--+-----+---+--+---++-
++---+++++-+++-+--+-+-----+--++-+-
+++----+-++++------++-+---++-++-++
++++--+++-----+---++-++--+--++++--
-+-++-+-+-++++-+---+-+---+-+-+-+++
++-+---++--+-+--+--++--++++-+-++++
-+-++-+---+-+-------+++-++++--+++-
--+---+--++++++----+--+++++-++----
+++++-++++--+-+++-+-++----+-++--+-
++-----++-+---++--+--+++++-+--+-++
-+-++-+-++--+-+------++------+-++-
+-++++-++-+-----++-+++--++-++-++--
-+---++--+-+-+++--++-+-----+--+--+
---++--+++++---++--+-+-------++-+-

Generation = 429, Population = 438.
+--+-+++++-++-++--+-------+-+-+-+-
--++----+-+----+++--++---++++--+-+
+-+++++---+-+---+++++-++++-+-+++++
-+-----++++-+++--++++-+--+---++++-
+----+-+--+--+-+---+-----++--+-+++
+++-------+---+--+-++-+++-++--+-++
+---++---++---++++-++--++++-+-+--+
++-+-+-+-+++-++++++----+-++---+-++
+--+--+-+++++--+-++++-+++---++----
++-+-+--++----++-++-+-++---++++---
+--+--+-+-+-+++---+-++++++-++-+---
++-+-++---+-++-+-++++++--++++-+---
---+--++-+--------+-+--+---+--++-+
++-+-+--+++--++---++-+-+-++-+-+--+
-++--+++++---+-+++------++++-+-+--
---+-+-++----+-+-------+--+-+-----
++--+----+-++---------++-+++++---+
++-++--+-+--++-+----+++-+-++++-+-+
-++--+-----+--+---+-+--+++++--+---
-+-+++--++++++-+--+-++-+++++++----
--+++-++--+---++++++++--++----+--+
-++-++-+++---+-+----++-++-+-++++-+
+-++-+++------+++-++--++++-------+
----++-+----++-++-+++++-++----++--
++-++-++--+-+-+-++-+--+-+----++++-
-+-+-+-++++-+++-+---+----+--++--++

Generation = 572, Population = 434.
++++++-++---+---+--+++----++-+--++
-+--------+++-+----++-++-++----+-+
--+++-+-++---++--++---++-+----+--+
-+-++----++++----++--+-++-----+--+
-+-+---+-+-+--++----++--+------+++
+----++--+-----+++-+-+++++-++--+--
+-++--+-+--+++++-+-+--++-+-+-++---
---+--++---++++++----++-++--++++--
-+-++-+++--+-+-+-+---++-+-+--++-++
------+++--++-+-+-+-+++---+-++++++
+-+++---++-+---++-+---+++-+--+---+
++++++-+++++++++---+++-+-++----++-
----++--+--+-+++-+-+----++-+------
+---+++--++-+++-+-+-++-++--++-+-+-
++-+-+-+++--+++-++-+---+-++-+-++--
--+++++++----+-+-+-+-++-++-+-+-+--
++----+--+--+-----+++--+---++-++++
-++++-+-+--+---+++--+-++--+-+-++++
+++--+--+----++--+--++-+-+---+----
--+-++-+++-++---++-+-+-++----++-++
-+---++++-+++----++-+++++++++++-+-
+----+--+-++---+--++-++++-++-++++-
-+-+++---+--------++---+-++++--+-+
+---+-+-+---+++----+++++---+-+-+-+
+++-+--++--+----+--+-+++++--+--++-
-++--+-----++++---++++-+----+-++--

Generation = 715, Population = 404.
+++--++-----+--++-+-+-+++-+-++++++
+----+++---++++++-+--+--++-------+
---+---++--+--++-+++---+--++-+---+
---++------+---+---------+-++-++--
++++--+-+++---+-+-++---+-++---+-+-
+++-+----++---++-+-+++-++-+--+-+--
-++-+-+-----+++--+-++-++-+--+--+-+
++--+----+-+-+-+--++-++++++++++++-
++++-+-++++-+++--+-+-++-+---+-+---
+-++-+---+-+----++-++-+++-+++++++-
+-+--+--++-+-----------+--++-+-+-+
----+--+-++-----+-+++++------++---
+--+-+-++-+--++++++++-+-++---+-+--
+--+-+++-----+-+++-++-+-++-++-++-+
++-++++---++++----+-++-+++-+---+-+
++-++--+---+++++---+--+---+--+-+-+
++--++--+--+-++-+-+-+--+++--------
+-+-+++--++----++--+++-+--+-+-----
+--+--+--++--+-+-++-+---------++--
-------+-+-+++-------++++++++--+-+
-++-+++--+-+-+--+-+--+--+-++----+-
+--+---------+--+----+++++-+++++--
---+--+---+++---++-+-+-+--+---+---
+--+-+-++-+---+--++--++++-++------
----+-+--+----++---+-+--+--+----++
------+-+-+++++--++-+++++++-------

