*** Life<ConwayCell> 4x4 ***

Generation = 0, Population = 4.
....
.**.
.**.
....

Generation = 1, Population = 4.
....
.**.
.**.
....

*** Life<ConwayCell> 5x5 ***

Generation = 0, Population = 3.
.....
.....
.***.
.....
.....

Generation = 1, Population = 3.
.....
..*..
..*..
..*..
.....

Generation = 2, Population = 3.
.....
.....
.***.
.....
.....

*** Life<ConwayCell> 5x5 ***

Generation = 0, Population = 4.
.....
..*..
.*.*.
..*..
.....

Generation = 1, Population = 4.
.....
..*..
.*.*.
..*..
.....

*** Life<ConwayCell> 5x6 ***

Generation = 0, Population = 6.
......
..**..
.*..*.
..**..
......

Generation = 1, Population = 6.
......
..**..
.*..*.
..**..
......

*** Life<ConwayCell> 6x6 ***

Generation = 0, Population = 5.
......
..*...
...*..
.***..
......
......

Generation = 1, Population = 5.
......
......
.*.*..
..**..
..*...
......

Generation = 2, Population = 5.
......
......
...*..
.*.*..
..**..
......

Generation = 3, Population = 5.
......
......
..*...
...**.
..**..
......

Generation = 4, Population = 5.
......
......
...*..
....*.
..***.
......

*** Life<ConwayCell> 42x28 ***

Generation = 0, Population = 31.
*...*.......................
.......*....................
..................*.........
..........*.................
.*..........................
...........................*
...............*............
...........*................
..*........................*
.........*...........*......
............................
.......................*....
................*...........
............................
............................
.....*......................
............................
............................
..................*.........
...*........................
.................*..........
............................
......*................*....
............................
............................
............................
*.............*.............
............................
....*.......................
............*...............
..................*.........
............................
............................
............................
............................
.....*........*.............
............................
............................
......*.....................
...............*............
....................*.......
............................

Generation = 168, Population = 0.
............................
............................
............................
............................
............................
............................
............................
............................
............................
............................
............................
............................
............................
............................
............................
............................
............................
............................
............................
............................
............................
............................
............................
............................
............................
............................
............................
............................
............................
............................
............................
............................
............................
............................
............................
............................
............................
............................
............................
............................
............................
............................

Generation = 336, Population = 0.
............................
............................
............................
............................
............................
............................
............................
............................
............................
............................
............................
............................
............................
............................
............................
............................
............................
............................
............................
............................
............................
............................
............................
............................
............................
............................
............................
............................
............................
............................
............................
............................
............................
............................
............................
............................
............................
............................
............................
............................
............................
............................

Generation = 504, Population = 0.
............................
............................
............................
............................
............................
............................
............................
............................
............................
............................
............................
............................
............................
............................
............................
............................
............................
............................
............................
............................
............................
............................
............................
............................
............................
............................
............................
............................
............................
............................
............................
............................
............................
............................
............................
............................
............................
............................
............................
............................
............................
............................

Generation = 672, Population = 0.
............................
............................
............................
............................
............................
............................
............................
............................
............................
............................
............................
............................
............................
............................
............................
............................
............................
............................
............................
............................
............................
............................
............................
............................
............................
............................
............................
............................
............................
............................
............................
............................
............................
............................
............................
............................
............................
............................
............................
............................
............................
............................

Generation = 840, Population = 0.
............................
............................
............................
............................
............................
............................
............................
............................
............................
............................
............................
............................
............................
............................
............................
............................
............................
............................
............................
............................
............................
............................
............................
............................
............................
............................
............................
............................
............................
............................
............................
............................
............................
............................
............................
............................
............................
............................
............................
............................
............................
............................

*** Life<ConwayCell> 1x22 ***

Generation = 0, Population = 22.
**********************

Generation = 143, Population = 0.
......................

Generation = 286, Population = 0.
......................

Generation = 429, Population = 0.
......................

Generation = 572, Population = 0.
......................

*** Life<ConwayCell> 29x22 ***

Generation = 0, Population = 94.
...*...*............**
......................
*.............*.......
.......*****..*......*
............*.*.*.*.*.
...*............*...*.
...*.*.......*........
........*.*...**......
......................
.......*.......*.**...
...*....*...........*.
....*.*.......*.......
........*..**.*.......
.....*...**...........
..........*.*.*.......
.*............*.......
........*....*.*....*.
.............*...*....
......**..........***.
.**.......*.........*.
......................
.*.........**...*..*..
...*.....*.***........
...........*..........
*...*.........*.*.....
*.*........*.*...*....
......*.*..*...*......
....*.......*......*..
....**................

Generation = 31, Population = 65.
..*..**...............
.*....*...............
....*.................
*............**.......
........*.....*.......
.*.*...*.*...*........
.......*.*............
........*...***.......
.............*..*.....
..............**......
......................
..........*...........
.......*..**..........
.......****.*.........
.......*..............
........****..........
........***...........
.........*............
......................
......................
......................
......*......*........
......*......*........
......*.....*.....**..
............*.........
......*...*..*........
.....*.*..*.*.........
....*..*...*..........
.....**...............

Generation = 62, Population = 43.
......................
......................
......................
......................
......................
.....*.....**.........
....*.*....**.........
....*..*..............
.....**...............
......................
......................
......................
......................
......................
......................
......................
......................
......................
......................
......................
.....***..............
.....*..*.............
...**...*.............
...*****.*............
..**..................
..***.................
...*.*.*......**......
....****......**......
.....**...............

Generation = 93, Population = 15.
......................
......................
......................
......................
......................
.....*.....**.........
....*.*....**.........
....*..*..............
.....**...............
......................
......................
......................
......................
......................
......................
......................
......................
......................
......................
......................
......................
......................
......................
......................
......................
......................
..............**......
..............**......
......................

Generation = 124, Population = 15.
......................
......................
......................
......................
......................
.....*.....**.........
....*.*....**.........
....*..*..............
.....**...............
......................
......................
......................
......................
......................
......................
......................
......................
......................
......................
......................
......................
......................
......................
......................
......................
......................
..............**......
..............**......
......................

Generation = 155, Population = 15.
......................
......................
......................
......................
......................
.....*.....**.........
....*.*....**.........
....*..*..............
.....**...............
......................
......................
......................
......................
......................
......................
......................
......................
......................
......................
......................
......................
......................
......................
......................
......................
......................
..............**......
..............**......
......................

Generation = 186, Population = 15.
......................
......................
......................
......................
......................
.....*.....**.........
....*.*....**.........
....*..*..............
.....**...............
......................
......................
......................
......................
......................
......................
......................
......................
......................
......................
......................
......................
......................
......................
......................
......................
......................
..............**......
..............**......
......................

Generation = 217, Population = 15.
......................
......................
......................
......................
......................
.....*.....**.........
....*.*....**.........
....*..*..............
.....**...............
......................
......................
......................
......................
......................
......................
......................
......................
......................
......................
......................
......................
......................
......................
......................
......................
......................
..............**......
..............**......
......................

Generation = 248, Population = 15.
......................
......................
......................
......................
......................
.....*.....**.........
....*.*....**.........
....*..*..............
.....**...............
......................
......................
......................
......................
......................
......................
......................
......................
......................
......................
......................
......................
......................
......................
......................
......................
......................
..............**......
..............**......
......................

Generation = 279, Population = 15.
......................
......................
......................
......................
......................
.....*.....**.........
....*.*....**.........
....*..*..............
.....**...............
......................
......................
......................
......................
......................
......................
......................
......................
......................
......................
......................
......................
......................
......................
......................
......................
......................
..............**......
..............**......
......................

Generation = 310, Population = 15.
......................
......................
......................
......................
......................
.....*.....**.........
....*.*....**.........
....*..*..............
.....**...............
......................
......................
......................
......................
......................
......................
......................
......................
......................
......................
......................
......................
......................
......................
......................
......................
......................
..............**......
..............**......
......................

Generation = 341, Population = 15.
......................
......................
......................
......................
......................
.....*.....**.........
....*.*....**.........
....*..*..............
.....**...............
......................
......................
......................
......................
......................
......................
......................
......................
......................
......................
......................
......................
......................
......................
......................
......................
......................
..............**......
..............**......
......................

Generation = 372, Population = 15.
......................
......................
......................
......................
......................
.....*.....**.........
....*.*....**.........
....*..*..............
.....**...............
......................
......................
......................
......................
......................
......................
......................
......................
......................
......................
......................
......................
......................
......................
......................
......................
......................
..............**......
..............**......
......................

Generation = 403, Population = 15.
......................
......................
......................
......................
......................
.....*.....**.........
....*.*....**.........
....*..*..............
.....**...............
......................
......................
......................
......................
......................
......................
......................
......................
......................
......................
......................
......................
......................
......................
......................
......................
......................
..............**......
..............**......
......................

Generation = 434, Population = 15.
......................
......................
......................
......................
......................
.....*.....**.........
....*.*....**.........
....*..*..............
.....**...............
......................
......................
......................
......................
......................
......................
......................
......................
......................
......................
......................
......................
......................
......................
......................
......................
......................
..............**......
..............**......
......................

Generation = 465, Population = 15.
......................
......................
......................
......................
......................
.....*.....**.........
....*.*....**.........
....*..*..............
.....**...............
......................
......................
......................
......................
......................
......................
......................
......................
......................
......................
......................
......................
......................
......................
......................
......................
......................
..............**......
..............**......
......................

Generation = 496, Population = 15.
......................
......................
......................
......................
......................
.....*.....**.........
....*.*....**.........
....*..*..............
.....**...............
......................
......................
......................
......................
......................
......................
......................
......................
......................
......................
......................
......................
......................
......................
......................
......................
......................
..............**......
..............**......
......................

Generation = 527, Population = 15.
......................
......................
......................
......................
......................
.....*.....**.........
....*.*....**.........
....*..*..............
.....**...............
......................
......................
......................
......................
......................
......................
......................
......................
......................
......................
......................
......................
......................
......................
......................
......................
......................
..............**......
..............**......
......................

Generation = 558, Population = 15.
......................
......................
......................
......................
......................
.....*.....**.........
....*.*....**.........
....*..*..............
.....**...............
......................
......................
......................
......................
......................
......................
......................
......................
......................
......................
......................
......................
......................
......................
......................
......................
......................
..............**......
..............**......
......................

Generation = 589, Population = 15.
......................
......................
......................
......................
......................
.....*.....**.........
....*.*....**.........
....*..*..............
.....**...............
......................
......................
......................
......................
......................
......................
......................
......................
......................
......................
......................
......................
......................
......................
......................
......................
......................
..............**......
..............**......
......................

Generation = 620, Population = 15.
......................
......................
......................
......................
......................
.....*.....**.........
....*.*....**.........
....*..*..............
.....**...............
......................
......................
......................
......................
......................
......................
......................
......................
......................
......................
......................
......................
......................
......................
......................
......................
......................
..............**......
..............**......
......................

Generation = 651, Population = 15.
......................
......................
......................
......................
......................
.....*.....**.........
....*.*....**.........
....*..*..............
.....**...............
......................
......................
......................
......................
......................
......................
......................
......................
......................
......................
......................
......................
......................
......................
......................
......................
......................
..............**......
..............**......
......................

Generation = 682, Population = 15.
......................
......................
......................
......................
......................
.....*.....**.........
....*.*....**.........
....*..*..............
.....**...............
......................
......................
......................
......................
......................
......................
......................
......................
......................
......................
......................
......................
......................
......................
......................
......................
......................
..............**......
..............**......
......................

Generation = 713, Population = 15.
......................
......................
......................
......................
......................
.....*.....**.........
....*.*....**.........
....*..*..............
.....**...............
......................
......................
......................
......................
......................
......................
......................
......................
......................
......................
......................
......................
......................
......................
......................
......................
......................
..............**......
..............**......
......................

Generation = 744, Population = 15.
......................
......................
......................
......................
......................
.....*.....**.........
....*.*....**.........
....*..*..............
.....**...............
......................
......................
......................
......................
......................
......................
......................
......................
......................
......................
......................
......................
......................
......................
......................
......................
......................
..............**......
..............**......
......................

Generation = 775, Population = 15.
......................
......................
......................
......................
......................
.....*.....**.........
....*.*....**.........
....*..*..............
.....**...............
......................
......................
......................
......................
......................
......................
......................
......................
......................
......................
......................
......................
......................
......................
......................
......................
......................
..............**......
..............**......
......................

Generation = 806, Population = 15.
......................
......................
......................
......................
......................
.....*.....**.........
....*.*....**.........
....*..*..............
.....**...............
......................
......................
......................
......................
......................
......................
......................
......................
......................
......................
......................
......................
......................
......................
......................
......................
......................
..............**......
..............**......
......................

*** Life<ConwayCell> 47x24 ***

Generation = 0, Population = 187.
*.*....*...**..........*
..**..*...*.....*.......
.......*.*...****.......
*.........*.....*...*...
.*.....*...............*
......*...*....*...*..*.
.....*.....*............
......*...........**....
*.....**..**...........*
....**..........*.....*.
...*........*.........*.
..*..................*..
....*.....*.......*...**
.................*..**..
*.......................
....*.....***.*.*.......
..*....................*
.........*..............
...*.........*.....*.*..
.........*.*..........*.
........*...............
...*........*...*....*.*
....*...*..*..*.........
......*.........*.......
..*......*............*.
.*...*..*......*.*......
....*................**.
*.**...........*......*.
........*........*....*.
......*........*..*....*
.....*....*...*.........
.............*....*.**..
*.................*.....
....*...**.......*...*..
*.***.*...*.....*.....*.
.....*..*....*.....*....
.*..*.*.....**.....*....
.....*.*.......*...*...*
....*.*..........*......
..*.*...*...****........
....*....*.*......*.*...
....*...**........*....*
.............**..*.*..*.
........................
*...........***..*....*.
.***....*....*.....*....
*............*..*....*..

Generation = 30, Population = 113.
......**.**.......*.....
......*...*.**...*.*....
.....*..*.*.**..*...*...
......**...***...***....
...........*.*....*.....
............*..**.......
...***......**.*........
..............*.........
.*.....*................
.*.....*................
.*.....*.............*..
.....................**.
...***..............*..*
....................**..
...................*....
..................*..*.*
..................****..
......................*.
........................
........................
........................
........................
........................
........................
........................
........................
........***.............
...........*............
........*..*............
..............***.......
..........*.*.***.......
..........***....**.....
................*..*....
................*..*....
................*..*....
............**...**.....
............*..**.......
.............*..*.......
.............***........
..............**........
..............**........
..............**........
........................
........................
.**.....................
*..*....................
.**.....................

Generation = 60, Population = 97.
.........******.......*.
........*..*...**.....**
.............*.*........
........*.****.*..*...**
..............**......*.
.....*........*...*.....
.....*........*.........
..............*.........
.*.............*..*.....
.*....**........*.*.....
.*...*..................
.....*................**
...***.........**.....**
................**......
.................*......
........................
..............*.*.......
..............*.*.......
.............*.*........
........................
........................
........................
........................
........................
........................
........................
......***...............
........................
........................
........................
........**..............
.......*..*..***........
........**...****.......
............*..*.*......
................**......
.................*......
.................**.....
.................*......
..............***.......
...............*........
........................
........................
........................
........................
.**.....................
*..*....................
.**.....................

Generation = 90, Population = 103.
.........*............**
.........*....**......**
.........*...*..*.......
.............*..*.....**
..............**......**
........................
........................
........................
.*......................
.*......................
.*.................*....
.....*............*.*...
....*.*.............*...
....**........***...*...
............*****.......
...........*....*.**....
...........*..*....****.
...........***.....**..*
.......................*
................**.*..*.
................**..*...
........................
........................
........................
........................
........................
......***...............
........................
........................
..................*.*...
..................*.....
................*....**.
.................**..*..
.................**.**..
........................
..............*.........
..............**.***....
..............**.***....
........................
..................***...
...................**...
..................*.....
........................
........................
.**.....................
*..*....................
.**.....................

Generation = 120, Population = 93.
.........*............**
.........*....**......**
.........*...*..*.......
.............*..*.....**
..............**......**
........................
........................
........................
.*.....*...*............
.*..........*...........
.*.....*.....*..........
.......*....*...........
........****............
........................
........................
........................
........................
........................
........................
........................
........................
........................
........................
........................
........................
........................
......***...............
........................
....................**..
...................**...
........................
........................
........................
...............**.......
..............*...**.*..
...............*..*****.
.................*.**.*.
..............*.***...*.
..............***.*.**..
..............***.****..
........................
........................
....................***.
...................*..*.
.**..............*...*..
*..*.............*.**...
.**..............***....

Generation = 150, Population = 88.
.........*............**
.........*....**......**
.........*...*..*.......
.............*..*.....**
..............**......**
........................
........................
........................
.*................*.*...
.*................*.....
.*.......**............*
.........**........*...*
.....................*..
........................
........................
........................
........................
........................
........................
........................
........................
........................
........................
........................
........................
........................
......***...............
....................*...
...................*.*..
...................*.*..
....................*...
..............*.........
.............*.*........
............*..*........
.............**.........
........................
........................
.............**...**....
............*..***.*....
............*.*..*......
...........**...**......
..........*....*........
...........*.*.....*....
...........***....*.*...
.**.............*...*...
*..*............*..**...
.**.............**......

Generation = 180, Population = 61.
.........*............**
.........*....**......**
.........*...*..*.......
.............*..*.....**
..............**......**
........................
........................
........................
.*......................
.*......................
.*.......**.............
.........**.............
........................
........................
........................
........................
........................
........................
........................
........................
........................
........................
........................
........................
........................
........................
......***...............
....................*...
...................*.*..
..............**...*.*..
..............**....*...
........................
........................
........................
........................
........................
........................
........................
........................
........................
.....................*..
....................**.*
....................**.*
.....................*..
.**...............**.*..
*..*.............*..*...
.**..............***....

Generation = 210, Population = 56.
.........*............**
.........*....**......**
.........*...*..*.......
.............*..*.....**
..............**......**
........................
........................
........................
.*......................
.*......................
.*.......**.............
.........**.............
........................
........................
........................
........................
........................
........................
........................
........................
........................
........................
........................
........................
........................
........................
......***...............
....................*...
...................*.*..
..............**...*.*..
..............**....*...
........................
........................
........................
........................
........................
...................***..
..................*..*..
..................*..*..
.................*..*...
..................**....
........................
........................
........................
.**.....................
*..*....................
.**.....................

Generation = 240, Population = 60.
.........*............**
.........*....**......**
.........*...*..*.......
.............*..*.....**
..............**......**
........................
........................
........................
.*......................
.*......................
.*.......**.............
.........**.............
........................
........................
........................
........................
........................
........................
........................
........................
........................
........................
........................
........................
........................
........................
......***...............
........................
........................
........................
...............*.*......
..............*.........
........................
.................*......
..................**....
..................***.*.
......................*.
................*.*...*.
....................*...
.................**.*.*.
.................**.*..*
....................*.*.
........................
........................
.**.....................
*..*....................
.**.....................

Generation = 270, Population = 53.
.........*............**
.........*....**......**
.........*...*..*.......
.............*..*.....**
..............**......**
........................
........................
........................
.*......................
.*......................
.*.......**.............
.........**.............
........................
........................
........................
........................
........................
........................
........................
........................
........................
........................
........................
........................
........................
........................
......***...............
........................
........................
........................
........................
........................
........................
......................**
................*.**....
...............*.*.....*
................*.**..*.
....................**..
........................
........................
........................
........................
.............**.........
.............**.........
.**.....................
*..*....................
.**.....................

Generation = 300, Population = 46.
.........*............**
.........*....**......**
.........*...*..*.......
.............*..*.....**
..............**......**
........................
........................
........................
.*......................
.*......................
.*.......**.............
.........**.............
........................
........................
........................
........................
........................
........................
........................
........................
........................
........................
........................
........................
........................
........................
......***...............
........................
........................
........................
........................
........................
........................
........................
........................
........................
............***.......**
......................**
........................
........................
........................
........................
.............**.........
.............**.........
.**.....................
*..*....................
.**.....................

Generation = 330, Population = 46.
.........*............**
.........*....**......**
.........*...*..*.......
.............*..*.....**
..............**......**
........................
........................
........................
.*......................
.*......................
.*.......**.............
.........**.............
........................
........................
........................
........................
........................
........................
........................
........................
........................
........................
........................
........................
........................
........................
......***...............
........................
........................
........................
........................
........................
........................
........................
........................
........................
............***.......**
......................**
........................
........................
........................
........................
.............**.........
.............**.........
.**.....................
*..*....................
.**.....................

Generation = 360, Population = 46.
.........*............**
.........*....**......**
.........*...*..*.......
.............*..*.....**
..............**......**
........................
........................
........................
.*......................
.*......................
.*.......**.............
.........**.............
........................
........................
........................
........................
........................
........................
........................
........................
........................
........................
........................
........................
........................
........................
......***...............
........................
........................
........................
........................
........................
........................
........................
........................
........................
............***.......**
......................**
........................
........................
........................
........................
.............**.........
.............**.........
.**.....................
*..*....................
.**.....................

Generation = 390, Population = 46.
.........*............**
.........*....**......**
.........*...*..*.......
.............*..*.....**
..............**......**
........................
........................
........................
.*......................
.*......................
.*.......**.............
.........**.............
........................
........................
........................
........................
........................
........................
........................
........................
........................
........................
........................
........................
........................
........................
......***...............
........................
........................
........................
........................
........................
........................
........................
........................
........................
............***.......**
......................**
........................
........................
........................
........................
.............**.........
.............**.........
.**.....................
*..*....................
.**.....................

Generation = 420, Population = 46.
.........*............**
.........*....**......**
.........*...*..*.......
.............*..*.....**
..............**......**
........................
........................
........................
.*......................
.*......................
.*.......**.............
.........**.............
........................
........................
........................
........................
........................
........................
........................
........................
........................
........................
........................
........................
........................
........................
......***...............
........................
........................
........................
........................
........................
........................
........................
........................
........................
............***.......**
......................**
........................
........................
........................
........................
.............**.........
.............**.........
.**.....................
*..*....................
.**.....................

Generation = 450, Population = 46.
.........*............**
.........*....**......**
.........*...*..*.......
.............*..*.....**
..............**......**
........................
........................
........................
.*......................
.*......................
.*.......**.............
.........**.............
........................
........................
........................
........................
........................
........................
........................
........................
........................
........................
........................
........................
........................
........................
......***...............
........................
........................
........................
........................
........................
........................
........................
........................
........................
............***.......**
......................**
........................
........................
........................
........................
.............**.........
.............**.........
.**.....................
*..*....................
.**.....................

Generation = 480, Population = 46.
.........*............**
.........*....**......**
.........*...*..*.......
.............*..*.....**
..............**......**
........................
........................
........................
.*......................
.*......................
.*.......**.............
.........**.............
........................
........................
........................
........................
........................
........................
........................
........................
........................
........................
........................
........................
........................
........................
......***...............
........................
........................
........................
........................
........................
........................
........................
........................
........................
............***.......**
......................**
........................
........................
........................
........................
.............**.........
.............**.........
.**.....................
*..*....................
.**.....................

*** Life<ConwayCell> 17x19 ***

Generation = 0, Population = 155.
**.*.*..*....***.*.
...*.*..*.*...*...*
..*.**..**.**.**...
.**.*.**...*..**..*
*..**..*****.***.*.
......**..*.*.*.***
.*...*.*.**.****.*.
***......***.....**
.******.**..*..*.**
*.**..*.....*.*****
.*.*.**.*.*......**
**...******......*.
...*..*.**...**.*.*
..***.**..*...*.*..
**.***.*..**..**...
*.....**..*....**..
*****...*.*.*****.*

Generation = 107, Population = 11.
.**................
.**................
...................
...................
...................
...................
..**...............
..**...............
...................
...................
...................
.........***.......
...................
...................
...................
...................
...................

Generation = 214, Population = 11.
.**................
.**................
...................
...................
...................
...................
..**...............
..**...............
...................
...................
..........*........
..........*........
..........*........
...................
...................
...................
...................

Generation = 321, Population = 11.
.**................
.**................
...................
...................
...................
...................
..**...............
..**...............
...................
...................
...................
.........***.......
...................
...................
...................
...................
...................

Generation = 428, Population = 11.
.**................
.**................
...................
...................
...................
...................
..**...............
..**...............
...................
...................
..........*........
..........*........
..........*........
...................
...................
...................
...................

Generation = 535, Population = 11.
.**................
.**................
...................
...................
...................
...................
..**...............
..**...............
...................
...................
...................
.........***.......
...................
...................
...................
...................
...................

Generation = 642, Population = 11.
.**................
.**................
...................
...................
...................
...................
..**...............
..**...............
...................
...................
..........*........
..........*........
..........*........
...................
...................
...................
...................

Generation = 749, Population = 11.
.**................
.**................
...................
...................
...................
...................
..**...............
..**...............
...................
...................
...................
.........***.......
...................
...................
...................
...................
...................

*** Life<ConwayCell> 13x23 ***

Generation = 0, Population = 136.
*...*..*.**.***..***...
..**...*..*...*......*.
***.**.*..***.**.*..*.*
*.****..*..**.*..*....*
*.*.*...*...**.*...**..
*.******..*...**....*.*
..*....**...*.***....**
*.*.*....*.**.*....*.*.
***..*.*..*..*.**..*.*.
.*****...****...*...*.*
*..**..**...*..***.*.**
.**.*...*.***..**..*..*
*.*.*......**.*.*....**

Generation = 160, Population = 10.
.......................
.......................
.......................
.......................
.......................
.......................
.......................
.......................
..............**....**.
..............**...*..*
....................**.
.......................
.......................

Generation = 320, Population = 10.
.......................
.......................
.......................
.......................
.......................
.......................
.......................
.......................
..............**....**.
..............**...*..*
....................**.
.......................
.......................

Generation = 480, Population = 10.
.......................
.......................
.......................
.......................
.......................
.......................
.......................
.......................
..............**....**.
..............**...*..*
....................**.
.......................
.......................

Generation = 640, Population = 10.
.......................
.......................
.......................
.......................
.......................
.......................
.......................
.......................
..............**....**.
..............**...*..*
....................**.
.......................
.......................

*** Life<ConwayCell> 21x25 ***

Generation = 0, Population = 70.
..**.........*....*......
..................*.....*
..*.....*.....*..........
.*........*..*...*......*
..*........*.......*.....
.*.....*............*....
.........**..........*...
.*.............*.........
..**.....................
...*.....*.......**..*..*
...............*........*
.............*...*.......
...................*.....
.....*.......*...**......
..............*.*..*...*.
....*...*.............*..
...........*.......*..**.
*.......*.*..............
.**..*.....*............*
*.....*......**.......*..
...*...*.........**......

Generation = 46, Population = 9.
.........................
.........................
.........................
.........................
.........................
.........................
.........................
.........................
.........................
.........................
.........................
.........................
.........................
..............***........
.........................
......................**.
.....................*..*
......................**.
.........................
.........................
.........................

Generation = 92, Population = 9.
.........................
.........................
.........................
.........................
.........................
.........................
.........................
.........................
.........................
.........................
.........................
.........................
.........................
..............***........
.........................
......................**.
.....................*..*
......................**.
.........................
.........................
.........................

Generation = 138, Population = 9.
.........................
.........................
.........................
.........................
.........................
.........................
.........................
.........................
.........................
.........................
.........................
.........................
.........................
..............***........
.........................
......................**.
.....................*..*
......................**.
.........................
.........................
.........................

Generation = 184, Population = 9.
.........................
.........................
.........................
.........................
.........................
.........................
.........................
.........................
.........................
.........................
.........................
.........................
.........................
..............***........
.........................
......................**.
.....................*..*
......................**.
.........................
.........................
.........................

Generation = 230, Population = 9.
.........................
.........................
.........................
.........................
.........................
.........................
.........................
.........................
.........................
.........................
.........................
.........................
.........................
..............***........
.........................
......................**.
.....................*..*
......................**.
.........................
.........................
.........................

Generation = 276, Population = 9.
.........................
.........................
.........................
.........................
.........................
.........................
.........................
.........................
.........................
.........................
.........................
.........................
.........................
..............***........
.........................
......................**.
.....................*..*
......................**.
.........................
.........................
.........................

Generation = 322, Population = 9.
.........................
.........................
.........................
.........................
.........................
.........................
.........................
.........................
.........................
.........................
.........................
.........................
.........................
..............***........
.........................
......................**.
.....................*..*
......................**.
.........................
.........................
.........................

Generation = 368, Population = 9.
.........................
.........................
.........................
.........................
.........................
.........................
.........................
.........................
.........................
.........................
.........................
.........................
.........................
..............***........
.........................
......................**.
.....................*..*
......................**.
.........................
.........................
.........................

Generation = 414, Population = 9.
.........................
.........................
.........................
.........................
.........................
.........................
.........................
.........................
.........................
.........................
.........................
.........................
.........................
..............***........
.........................
......................**.
.....................*..*
......................**.
.........................
.........................
.........................

Generation = 460, Population = 9.
.........................
.........................
.........................
.........................
.........................
.........................
.........................
.........................
.........................
.........................
.........................
.........................
.........................
..............***........
.........................
......................**.
.....................*..*
......................**.
.........................
.........................
.........................

Generation = 506, Population = 9.
.........................
.........................
.........................
.........................
.........................
.........................
.........................
.........................
.........................
.........................
.........................
.........................
.........................
..............***........
.........................
......................**.
.....................*..*
......................**.
.........................
.........................
.........................

Generation = 552, Population = 9.
.........................
.........................
.........................
.........................
.........................
.........................
.........................
.........................
.........................
.........................
.........................
.........................
.........................
..............***........
.........................
......................**.
.....................*..*
......................**.
.........................
.........................
.........................

*** Life<ConwayCell> 25x39 ***

Generation = 0, Population = 87.
..*.*.....................*.......*.*..
.........*......................*......
...*.......*.......**............*....*
.............................*.........
....*.......*.............*............
................*......................
............*..........................
......*..*.....*.....................**
..................................**...
..*............................*.......
*...*.....*............*...............
..................*.........*..........
.*..............**......*........*.....
...*....................*............*.
.*.*...................................
...**....*........*....................
........*....**.............*..........
................*.........*.*.*...*....
.**...............................*....
.........*.....*.*.....................
..**........*....*..*..................
.*.........*...........................
..*.......*.......................*.*..
...**..............*.*...........*...*.
......*.....*...........*......***....*

Generation = 51, Population = 36.
.......................................
.......................................
.......................................
.......................................
.......................................
.......................................
.......................................
.......................................
.......................................
.......................................
.......................................
...*...................................
...*.*.***.............................
...*...................................
....*.*..**............................
....*.....***..........................
...*.*.*..***..........................
...**...**.**..........................
...**...*.*.....*......................
........*.*.....*......................
................*......................
.......................................
.......................................
.......................................
.......................................

Generation = 102, Population = 24.
.......................................
.......................................
.......................................
.......................................
.......................................
.......................................
.......................................
.......................................
.......................................
.............**........................
......**....*..*.......................
.......*.**..**........................
...........*...........................
...........*...........................
.........***...........................
.......................................
.......................................
........**.............................
.......*...............................
........**.....***.....................
.......................................
.......................................
.......................................
.......................................
.......................................

Generation = 153, Population = 7.
.......................................
.......................................
.......................................
.......................................
.......................................
.......................................
.......................................
.......................................
.......................................
.......................................
.......................................
.......................................
.......................................
.......................................
..........**...........................
..........**...........................
.......................................
.......................................
................*......................
................*......................
................*......................
.......................................
.......................................
.......................................
.......................................

Generation = 204, Population = 7.
.......................................
.......................................
.......................................
.......................................
.......................................
.......................................
.......................................
.......................................
.......................................
.......................................
.......................................
.......................................
.......................................
.......................................
..........**...........................
..........**...........................
.......................................
.......................................
.......................................
...............***.....................
.......................................
.......................................
.......................................
.......................................
.......................................

Generation = 255, Population = 7.
.......................................
.......................................
.......................................
.......................................
.......................................
.......................................
.......................................
.......................................
.......................................
.......................................
.......................................
.......................................
.......................................
.......................................
..........**...........................
..........**...........................
.......................................
.......................................
................*......................
................*......................
................*......................
.......................................
.......................................
.......................................
.......................................

Generation = 306, Population = 7.
.......................................
.......................................
.......................................
.......................................
.......................................
.......................................
.......................................
.......................................
.......................................
.......................................
.......................................
.......................................
.......................................
.......................................
..........**...........................
..........**...........................
.......................................
.......................................
.......................................
...............***.....................
.......................................
.......................................
.......................................
.......................................
.......................................

Generation = 357, Population = 7.
.......................................
.......................................
.......................................
.......................................
.......................................
.......................................
.......................................
.......................................
.......................................
.......................................
.......................................
.......................................
.......................................
.......................................
..........**...........................
..........**...........................
.......................................
.......................................
................*......................
................*......................
................*......................
.......................................
.......................................
.......................................
.......................................

*** Life<ConwayCell> 35x30 ***

Generation = 0, Population = 168.
..*...**.*....................
............*..............*..
...*...................*......
.....*..*..*.........*....*...
...........***...*..*......***
......................*.*.....
.......*.....................*
..*..............*.......*.*..
....*................**.......
..*......*......*..........*..
..*........**.................
..................***.....*...
...*...*........*......*....*.
..................*....*..*..*
..............*.*..*.*........
..................*.....*.....
.....**........*........*.....
........................**..*.
....*....*.............*......
..........*.....*.*...*.*...*.
....*.......*..*.**...........
.......*...*............***...
....**..*....*.............*.*
......*..*......*..*.......*..
*....*.....*..................
..............*..*...**.......
...*....*......*.....*.*...*..
..*..*......*....*.*.*...*.*..
.**..........*.....*..**......
*.*...*..**....*.....*....*...
*....*....*.........*....*....
.......*..*.*....*.........*.*
*....*....*..*...**.*...*.*.**
...*.....*...*...*......*..*..
.....***...*........*****.*...

Generation = 198, Population = 42.
..............................
..............................
..............................
...........**..............**.
..........*..*.............*.*
...........**...............*.
..............................
..............................
..............................
..............................
**............................
**............................
...............*..............
...............*..............
...............*..............
..............................
.........................**...
........................*..*..
........................*..*..
.........................**...
..............................
..............................
....................***.......
..............................
..................*...........
..................*...........
..................*...........
..**..........................
.*..*.........................
..**..........................
..............................
..............................
....**........................
....**........................
..............................

*** Life<ConwayCell> 29x44 ***

Generation = 0, Population = 79.
..........*...........**..........*.........
............................*.....*.........
............*.........................*.....
....*.................................*.....
..*......*..................................
*........*.*................................
...................*........................
...........*.....*...........*..............
............................................
............................*.*.............
........*..............*.....*............*.
...................*........................
........*.................*........*........
.*.....*....**..**....*..*......*...........
....*............................*..........
.............*.*.....*............*.........
............................................
................*............*..............
.............*.*............................
...................*..*....*......*......*..
............................................
..................*..*......................
..*............*.*..........................
.*..*.................*.....................
...*.....................................*..
..................................*......*..
........*..............................*....
*.....*...............*.......*..*....**....
.......*........................*....*.*..*.

Generation = 119, Population = 9.
............................................
............................................
............................................
............................................
..........*.................................
..........*.................................
..........*.................................
............................................
.............................*..............
.............................*..............
.............................*..............
............................................
............................................
............................................
............***.............................
............................................
............................................
............................................
............................................
............................................
............................................
............................................
............................................
............................................
............................................
............................................
............................................
............................................
............................................

