*** Life<FredkinCell> 9x9 ***

Generation = 0, Population = 3.
---------
---------
---------
---------
---000---
---------
---------
---------
---------

Generation = 1, Population = 10.
---------
---------
---------
---000---
--01-10--
---000---
---------
---------
---------

Generation = 2, Population = 12.
---------
---------
---000---
---------
-012-210-
---------
---000---
---------
---------

Generation = 3, Population = 30.
---------
---000---
--01-10--
-00-0-00-
01-3-3-10
-00-0-00-
--01-10--
---000---
---------

*** Life<FredkinCell> 10x10 ***

Generation = 0, Population = 4.
----------
----------
----------
----------
----00----
----00----
----------
----------
----------
----------

Generation = 1, Population = 8.
----------
----------
----------
----00----
---0--0---
---0--0---
----00----
----------
----------
----------

Generation = 2, Population = 16.
----------
----------
----00----
----11----
--01--10--
--01--10--
----11----
----00----
----------
----------

Generation = 3, Population = 16.
----------
----00----
---0--0---
--0----0--
-0------0-
-0------0-
--0----0--
---0--0---
----00----
----------

*** Life<FredkinCell> 16x85 ***

Generation = 0, Population = 24.
---------------0---------------------------------------------------------------------
--------0------------------------0-------0-------------------------------------------
-----------------------0------------------------------------------------0----0-------
-------------------------------------------------------------------------------------
---------0------------------------0-------------0---------------0-----------------0--
----------------0----------------------------------0---------------------------------
-------------------------------------------------------0-----------------------------
-------------------------------------------------------------------------------------
-------------------------------------------------------------------------------------
------------------------------------------------------------------------0------------
-------------------------------------------------------------------------------------
------------------------------------------------------------------0-----------------0
---------------------------------------0---------------------------------------------
-------------------------------------------------------------------------------------
0-----------------------------------------------0--0-------0-----------0-------------
-------------------------------------------------------------------------------------

Generation = 9, Population = 283.
0-----0-0-------------0-00-------0-------0-------0-0--0-0---------------1------------
-0-----0-0-----0-------00-0----00-------0-0---------0--0-------------0-0-0------0-0--
0-------0-0---0-0--------0----1-0--0-----0-----0---0--------------0-0-1-1------0---01
-0-------0-----0-0-----0--0----0--0----00-0-----0----------------0-0-0----0--0----00-
0-0-------------0-0---0--0-1-----0----0110-----------------2------1------1-00-10-0--1
00-------------0-0-------00-----0-0----1--0-0--00--0------020--0-------0--1--0--0----
-0------------0-0-------0--------0-------0-0--01300-2-----022-0-1-----1-2------------
0----------------------------------------------00--1-------0---0-------0-------------
--------0-----0-0----------------0-------1----------------------0---------------1----
0------0-0-----0-------0--------0-0-----0-0-----0--1-------0---0-0-----00----0-0-0---
-0------0-------------0-0--------0-------0-----0-22-0-------0---1-----01200-----0----
0--------0-------------0-------0--0----0-------0---1-----0------1------000---0-0--1--
--------0-0-----0-------------0-00-0--0-0-----0120-0------0----0-00-------0-0-0--0-00
------0-00-----0-0-------------0--0----00--0---00-010--00--0---000-------------0--00-
-----0---0------0----------------------0-01-0-----232-12200-0-0-0---0---0-----0-0---0
------0-0-------------------------------0--0-------0---00--0---0---0---0-0-----0-----

Generation = 18, Population = 283.
0-0----0---------------------0-2-1------------1--13--3--01-----------0---2---2----2--
----0---0------0---1--23--23-------------------3---0---2---0------0-----------------1
--2------0--------0------1-----22------1------2--0-1-02--01--1-10-1--0-222-4---0----4
2-----0----------0------11------1--0-------------0-------0------1-210---2---------5--
3--0------------0---1--3---3--2---0--1-1-3----2---250---0--5-00-1-2-1-2---2--14------
2-2---------------------------1--11--1--------------------------222-100-6-1-------0--
-----1------------0------1------2----0-1-1------4-2----1--------2-1--0--42------3----
1---------------0---------------0--0---------------1----0---------10--0-2-3-------2-1
---------0------------------------1----0--------3----0-1-0------0------1----------2--
--------------0-0-0------------------------------212-01---0---------2-0-0-------4-8-1
-------0-1-1--------------------0-1-0---------1-4-5--1---1----0-4-1-----2----1--2-4-1
--------3-----0-0-0--------------1-------1------01-710--3---------1-0-1-4-------1-2-2
-------0-1-0--001------0----------111------0--2-5-3--1---0----2---21--1-2-0--1-13-421
------1-1-0-----1--------------0-1-1---2-0-2------01----------------0-0-----------5--
---------1--222-310--0---0----0--1---2---2---2--2----2-4-2----0-211--01-1312---1-11--
------0---0--------------------0---1---0---1-----------------------------------------

*** Life<FredkinCell> 63x60 ***

Generation = 0, Population = 88.
----0-------------------------------------------------------
-------------0------------------------------------0---------
----------------------------------0-------------------------
------------------------------------------------------------
------------------------------0-----0-----------------------
------------------------------------------------------------
--0-------------------0-----0-------------------------------
------------------------------------------------------------
---------0------------0-------------------------------------
------------------------0-----------------------------------
---------------0---------------------0----------------------
------------------------------------------0-----------------
-------------------0-0----0------------------0--------------
----------------------------------------------------0-------
------------------------------------------------------------
-------------------------0----0-----------------------------
------0-------------------------------0---------------------
----------0----------------0-----------------------0--------
---------------------------------------0--------------------
----------------0--------------------0-0--------------------
----------0-------------------------------------------------
------------------------------------------------------------
-------------------------------------------0----------------
-0-------------------0-----------------0--------------------
--------------------------------------------0--------------0
--------0--0-------------------------------00---------------
---------------------------------------------0--------------
--------------0--0------------------------------------------
-0-----------------0----------------------------------------
------------------------------------------------------------
-------------0----------------------------------------------
------------------------------------------------------------
------------------------------------------------------------
------------0-----0-----------0-----------------------------
------------------------------------------------------------
-----0------------------------------------------------------
------------------------------------------------------------
-----------0--------------0--------------------00-----------
0-----------------------0------------------0----------------
------------------------------------------------------------
---------------0--------------------0-----------------------
-----------------0------0--------------------------0--------
--0------------------------------------0--------------------
------------------------------------------------------------
------------------------------------------------------------
----------------------------------0-------------------------
------------------------------------------------------------
----------------------------------------------------------0-
-----0------------------------------------------------------
------------0-----------------------0-----------------0--0--
------------------------------------------------------------
------------------------------------------------------------
----------------------------------------------------------0-
-------0----------------------------------------------------
------------------0-----------------------------------------
-0--0-------------------------0-------0---------------------
-------------------------------------------------------0----
-----------------0------------------------------------------
------------------------------------------------------------
------------------------0-----------0---------------------0-
-------------------------------------------------0----------
--0----------------------------------------0----------------
------------------------------------------------------------

Generation = 2, Population = 328.
--0-0-0---------------------------0-------------------------
-----------0---0--------------------------------0---0-------
----0-------------------------0-0---------------------------
-------------0------------------------------------0---------
--0-------------------0---------0-----0---------------------
------------------------------------------------------------
0---0----0----------0-0-0-0---------0-----------------------
------------------------0-----------------------------------
--0----0---0---0----0-0-1---0--------0----------------------
----------------------1---0---------------0-----------------
---------0---0---0-0-00---0--------0---0-----0--------------
------------------------0---------------0---0-------0-------
---------------0-0-0-0-00---0--------0-----0---0------------
-------------------------0----0-----------0-------0---0-----
------0------------0-0----0-----------0------0--------------
----------0------------0----0---0------------------00-------
----0---0---------------------------0--10-------------------
--------0---0---0------------00------0-1---------0---0------
------0---1--------------------------11--0------------------
----------1---0---0--------0-------0-0-2-0---------0--------
--------0---0--------------------------1---0----------------
-0--------------0----0---------------0----------------------
----------0------------------------------0--10-------------0
---0----0--0-------0---0-------------0---0-11---------------
------------------------------------------00-10----------0-0
-0----0--11--00--0---0-----------------0-01--00-------------
-0-----------------0-----------------------10--0-----------0
--------0--00--11--1-----------------------00---------------
---0---------0---1---0-----------------------0--------------
--------------0--0------------------------------------------
-0---------0---0---0----------------------------------------
------------0-----0-----------0-----------------------------
-------------0----------------------------------------------
-----0----0---0-0---0-------0---0---------------------------
------------------------------------------------------------
---0---0---00-----0-------0---0----------------00-----------
0-----------------------0------------------0----------------
-----0---0---0----------1---0----------------01--10---------
0-0------------0------0---1---------0----0---0--------------
-----------0-----0------1-0--------------------00--0--------
0-0----------0---1------1---------0---00---0----------------
---------------1---0--0---0----------------------0---0------
0---0----------0--------------------00---0------------------
-----------------0------0---------0----------------0--------
--0------------------------------------0--------------------
--------------------------------0---0---------------------0-
-----0------------------------------------------------------
------------0---------------------0-0-----------------0-01--
---0---0----------------------------------------------------
----------0---0-------------------0---0-------------0--11-10
-----0----------------------------------------------------0-
-------0----0-----------------------0-----------------0--0--
------------------0-------------------------------------0---
-0--00---0--------------------0-------0---------------------
----------------0---0----------------------------------0--0-
--11--00---------0----------0---0---0---0-------------------
------------------0----------------------------------0---0--
-0--0----------0---0----0-----0-----0-0-------------------0-
-------------------------------------------------0-----0----
--0--------------0----0---0-------0---0----0------------0---
-----------------------------------------------0---0--------
0---0-------------------0-----------0----0---0------------0-
-------------------------------------------------0----------

Generation = 4, Population = 315.
0-------0---------------------0---0-0-----------------------
---------0---0---0----------------------------0---0---0-----
--0-0-----------------0-----0-0-------0---------------------
------------------------------------------------------------
----0----0------------0---0-----0-0-----0-------------------
-------------0----------1-------------------------0---------
0-----0--------0--0-----2-0-----0-0--1----------------------
------------------------------------------0-----------------
-----0-------0----01-0--------0-----1--------0--------------
--------------------1-------1-----------------------0-------
--0--------0-------0--0-----0----0-------0------------------
-------------------------1----0-------0-------0-------------
------0--0-----0-0-----2-0----1-------1--0-------0----------
----------0-------------0--0--------------------0--1----0---
---------------0---------------------1-1--------------------
----------------0----1----1--1----0--0-1--0-----------------
--0----------------0-0----0-------0-------0--0--------------
------1-------0--------0-------1---------------0----1--0----
-----------------------------------1------------------------
-0----------1-------00---0----0--0-0---4-2-1----------------
--------------1-----------------------1-----1--------------0
--------1-10---------------0---------------11------0--------
---------------------------------------------2-0------------
-0---0--------0-0--------0---------0-0-0---1----------------
-1--------1--------1--------------------0-------0------0-0--
----0--1----1--1-----------------------00------00-----------
-------------1---------------------------1-1-----0----------
-1--------1--0----1--------------------0--------------------
-0---0---------1-------0--------------------0--------------0
--------0--10-----1-----------0------------00---------------
---------0-------1---------------------------0--------------
-----0--------0--1------------------------------------------
-0-----------------0----------------------------------------
--------0--1--0-0-----0-----------0------------00-----------
0------------0----------0------------------0----------------
-0-------0--------------------------------------------------
---------------0--------------------0-----------------------
-------0----1--1-00---1-3------------------11-------0-------
----0---------------0-------1------------------1------------
-----0------------------------------------------------------
-----------1-------1------------0-------1-------------------
-----------0-1------11----0-0-----1-------------1------0----
------0-----------------1----------1------------------------
----------------------------------------------------------0-
-----0---------0--------------------1-----------------------
------------0----0------0-----0-----0-0------------0--0--1--
--0------------------------------------0--------------------
------------------------------------------------------0---1-
-0-------0------------------------------------------------1-
-------10-------0---------------0-0-----0---------0--1----12
------------------0-----------------------------------------
-0--0-------------------------0-------0-------------------0-
-----1------------------------------------------------11--0-
---1-------00----0------------------0-----------------0--0--
--------------0-------0-------------------------------------
01---1--1---------------0-0---------0-----0---------------1-
-------------------------------------------------0-0------00
--1----0-----0-------0---------------------0----------------
------------------0-----------------------------------------
-1--0---------------0-------0-0-0-----0-0-------------0---0-
---------------------------------------------1-------0-0----
0-0---0----------0---------------------0---0---1------------
-------------------------------------------------0----------

Generation = 6, Population = 889.
----0-0-0-0-----------0-------------------------------------
-------0-----------0------------------------0-----------0---
--0---0-01----------0-0-0---0-------------------------------
---------1-------0------0---------------------0-------0-----
0---0--0---0---0--0-0-0-1-0---------00----0-----------------
-----------0---1------1---0---------------0-----0---0-------
0-0--1--00------110100--4---0------1---00----0--------------
-------------1------0---1---0-----------0---0-----0-0-------
0-00--10--------012-10202-0------0---10--0-0---0------------
------------------1---2--01-----------0---0---0---0---0-----
0---000--------0--100--1011---10---00-10-0-0-0---0----------
----------0---------0--12-------0---0---0---0------00---0---
--0-0--11----0---0---012-2-1----00--01--10-0---0---1--------
--------0---0---0----00-------1---0--111--0------01--00---0-
--0---0--0---0-0---0-1-0-01---0---10-303--1--0---0----------
------0---0-------01--------1---0--112-311--0--00--11--00---
0---0----------0-0-0-2-10---0---0--101-21--11--1------------
-0--0---1-----------01----1---2---11-1---010-1---00--11--0--
--0-----------1----0-1----0------11--22---0-00-------------0
---0--0-0--1------01--10----0---10-2---4----00-0---00--0----
------------1---0------------------10---0-0--100---------0-0
-----00-103--01-0---00---0---00--0---0----1--00--0---0------
-1--------1---1----0------------------0-0--012-010-----0-0-0
----1---0-10--000-0----0---------0-0----0--121-11--0--------
---0----0---10---0---0----------------0--101-100-10--0-0-0-0
--0---1--2------100------0---------0--1--112-01--00---------
-----0----10-------1---0---------------001-110-10--0---0-0-0
---00--0----2---2-1-0---------0------0-011-11--00-----------
-------0-0-----------0---0---------------000-10--0-------0-0
-1---10--01-----011-0-------0---0------0-01--00-------------
-----1-0---1-----------0-------------------10--0-----------0
---0---0------01--11--0-------0---0--------00--00-----------
1--0-----0---0-------0--0------------------0-0--------------
-1---00---1-10--010-0---1-------0---0--------01--10---------
000--------1-------0--1---0---------0----0---0--------------
---0----1---1-01000-----1---------0--------10--11---0-------
0---0------------1--0---2---0-----0---0----1---0------------
-0--------0--11302-1--1-3-0--------------01--12---1---0-----
--0---0----0---1--11--1---2---0-0---0---0----1---0----------
---0-------100-0-10-100-2-1-1-----0--------00---1---0--0----
----0-0--0---1---2--01--2---1-0---10--1---0----0------------
-----0---0-2-1-2--00--101-0-0-0-1---0---------0---0--0---00-
----01--0--1---1---0--0---1-----00--21--0-------------------
-----------000---0--00--1-0-0-0---0-1-0---------0--0--0001--
--00--10-----0---1------1---------01--10--------------------
----------0---01---0--0---0-0---0-0-2-0-0--------0--11011--0
01--00---0-----0--------------------10---0----------------1-
-------00---0---00------0-----0-0-0-0-0-0---------00010--331
--10---1---0------0--------------------0----------------0---
-1--001--00---0---1-------------0-0-0-----0-----0--11-1221-4
-1---0---0------1---0---------------------------------00----
--1---000--00---00----------0-----0---------------0--01-0121
---1---0------0---0---0-----------------------------01---0--
00--2---001--110---0----0-0---0---0-0-----0---------0--01--0
-----1------1---0---0---1------------------------0-0--10---0
2--2--2---0000---0---01-0-0-0-----0-0-0-0--10---------0-01--
--------------0---0---0------------------------0-0-0-0--01-2
--------10-0---0---01--00-0-0-0-0---0-0-001--0--------0-----
----------------0---1------------------------0---0-0-0-0--10
1-11---0-----0---01--10---0-0---0-0-0-000-0----0----0-------
------------------0------------------------1---1-0-0-0-0-0--
-00-0---0------0---00-------0-0-0----01-1--------1----0---0-
---------------------------------------------0-1-0-0-0-0----

Generation = 8, Population = 324.
---------0--0---------------0-------------------------------
-----0---------------0--1-----------------0---------------0-
---------------0----------0---0-----00----0-----------------
------------------------------------------1-----------------
-------------------0-02---2-0-----0---1-----00--------------
-------------0------------------------------------0-0-------
----------1---0-----2---------0-----1-----------------------
-------------------------1----0-----------------------------
-0--1-3-------0--1------------0-------0---------------------
----------0--0--1----------1----0-----------------01--------
-------1---------------1-----1----1----2-----0--------------
----------------0-----------------0--0-0----------1---------
----------10-0----1--------1-03---0-01---------------1------
--------------------------------------------0---------------
--0-------------------1-----1--------------1----------------
-0---------------0---20----------1----15--------------------
0--------0----1-------0-------1-------------1-1------------0
--0-----1--0------01----1----------1--------0--------------1
---------------1---------------0-----2-------2-1------------
--------0-----1--1------1----1-1----------0--2-2------------
-00---------------1--1----0------------------3--------------
----------------------------------------------------1-------
-------------0---------------------1---------------1--------
-----1---0---0-----------0---000---------------3------------
------1-----------------------------0-2------------010------
0--0------2-2---3-20-------0--0----01---------------0-------
-------------------------------------1-0-------------0------
-----01--1------2-----0--1-----------0-0--------------------
-----1---200---------------0--------------------------------
-----------2--------------0--------------------00-----------
0----3---------------0--1-----------------------------------
-0-------------------0-----------------0--------------------
---------------1--------------------1-------1--------------0
----1---0-12-----1--0-1-3-1-----------0----11------1--------
--2------------------------------------0-----2--------------
-1-----------02--2------------------------------------------
-0-----------------0----------------------------------------
---0--------------23-------------------00--------------10---
------0-0----0--0---------------0--1---------------0--------
----------------------------------------------------------0-
-----1-1---------------0----1---------------1---------------
---------2------1-2------0----2-3---2------0----------1--2-1
----2-----1--------------------1---------------0------------
-----1------------------------------------------------------
----------------------------------------------------------0-
-------1---1------------------------------0----01-----------
2-----------------0-----1------------------0----------------
-1--1-------------------------0-------0-----------2---2-----
-0-----------0-0--------------------0------------------0----
----2---------------1---0---0---------------0-0--1-3---4--1-
--0------------------------------------0--------------------
------------------------0-----------0---------------------2-
-------------------------------------------------01---1-----
--1------------2------------------0--------1----------------
----------0---------------0---------------------------------
--3--1---1--2---------1-------0-------0-------0-----------3-
-----0-----------------------------------------0---------1--
--1------2--1------------0----------0------1----------0--1--
-------------------------------------------------0----------
----------------0-------0---0---0---0-------0-----0---0---1-
-----------------------------------------0---------------00-
----0--1--0------0-----------------0---------------0--------
------------------0------------------------------------0----

Generation = 10, Population = 1005.
-------0-0110-00------------0-------00----1-----------------
---0---0-----------0--11--1-------------0-2-0-----------0---
---------1--00---0-0-10-2-0-----0--1---00----0--------------
-----0-------0-------1--0---------------0-3-1-----0-0-----0-
----------0---01-0-0-2-1----0-0-0----2--0--1--10------------
-----------1---2---------0----1-----------1-----0-0-0-0-----
-0--0-0-1-----0-2102-2----0---2-0-----0-----00--------------
----------1-----0------0----1----------------------00-------
--221-320-1-0-011--21--0----012-1-0----10----0--------------
--------0--11-011-1----------1-------0-1--------012-10------
-0--102--010-10--01--1---2---1-11-3---2--0-0---0-----0------
----------1--10-0-1--------1-------102-2-0--0---0-111-------
--0----211-200-01---0-22-2-1---1---02-3----0-0-----2---0----
-0--------------00---11----------02--32---1---0---2---------
----0----000-00---0-0-3-0-21-11---1-04---0--000------0-----0
--00----0--0---0--221--1-------0----24--32-----------------1
0------0---10--10---0-2-2------11----2----1230130--------0-2
11--1-1-101--01-01--2---1-2--1-2-----202-----211---------0-3
001------0---01--11--20---1--11--1-3---1---00-03-0---------1
--1---0-0-211--01-1---2-1-10-1-3-0-3----0--2-2-4-0--1------0
1--10--------0-01--11--01---0--1---1-0-----0-5-----0--------
-----1--20---21--0------00----1-----------2--2----0---0-----
-10---0----0---0--0--0----0------0--100------3---0-10-------
0---------2-1--01-00---0---0120210-11--------2---0----------
----0---1----2--------------------0020211--------11---10----
021--02-0-2-22---14-100--0--1-01001---32-------1--0---0-----
-----11--131---------------1-------10302-2----------00-0----
0---2---1-1-2-0-2--20--11-1---0-----12-2-2-----00---0-------
0--0-3--12-010-------0--01---0-------1-1-------------0------
-1---11------0--1----10-11--0--------0-------01--10---------
0-00-3-1-002---0---0--11--10--------0-------0--------------0
---10---0-0------2-21-101------------01--0-11--01--0--------
1-0--0-------1---1---1--2---------0---11--0--20----------0-0
--1-----003-3-01-12100----1-0-------2--0001--12--2---0------
11--1----------0---0----------------10---0-10--0-----------0
----0---1-0-2---122-0-0-2-0-----------010--11------0---00---
--11--0-0----1--02---0----------0--0---1-----0-----0--------
-----0-------31-1---10---------------01--22----------01--1--
-0--01000-01--12--22---0----1-0--11--0------0----0---0------
---0-----0------1--0-----0----0-1---0--00--1----------00-1-1
---01101120--1--1----1---10---201--1------0---00---0--------
-----2-1---3--0-1-2-2--1---02-2-3-----0--0---0------0--1121-
--0--1000---0----------0----00---1----------00---0--------0-
---0-----0-0----0-0------0----0-0---2-----00---10-----1--2-0
0---0-----0-------0-----2------0-----------0---1--------0---
-0--0--------0----------------0-------1-0---001--1----0-----
220----------0-10---0-0---0---------2----0---0---------0--2-
--111-00---0--------0---1-------0---2---0-0-0-00-1-1---01-4-
1-31-------0-0-0-01-----1---------0---10---0---------0---0--
-31-2-2-----------2-----0-----------1-0---0-0-011103--2-431-
03--1--------0-0--------------------10---0-------10---11----
--2-0----------0----0-0-0-0-0---------0----00-0--1-0---01-2-
--1-------0---------------0------------0-------01--1----0---
1-1-21---0--12---0----0-1-----0-0-----0--0---00-------------
-----2--0---3-----------1---0------------------0-00---1--0--
2--31----1112-00----0---10--0---0-0-----0---1---0-----1-01--
---0---0--0---------------0------------------0---------0---2
0-1-01-0-2111-0-0-----012--00-0-0-0-0----0--110---0-0-011--0
-----0-----------------------------------0---------0------3-
--2-0--0-00-0-0--21---1--1---------10-1---01--0-0--1--0--0--
------------------1--------------------0---1-----1------1--1
--1--11-11--0--01--1----0---0---00--11------0----11--00---1-
----------------0-0-0--------------------0-----------0-0--0-

*** Life<FredkinCell> 32x38 ***

Generation = 0, Population = 33.
------------------------0-------------
-------------------------------------0
--------------------------0-----------
-------------------------------0------
-----------------------------0--------
--------------------------------------
--------0----------0------------------
0-----------------------------0-------
--------------------------------------
----------------------------0---------
0-----------------0-------------------
0-------------------------------------
------------0-------------------------
--------------------------------------
-----------------------------------0--
-------0------------------------------
--------------0-------0---------------
--0--0--------------------------------
--------------------------------0-----
-----------------------------0--------
--------------0----------0------------
---------------------0----------------
--------------------------------------
-------------------0-0----------------
-----------------0--------------------
--------------------------------------
--------------------------------------
----------------------0---------------
------------------------------0-------
--------------------------------------
--------------------------------------
-------0--------------0------0--------

Generation = 3, Population = 324.
---------------------0---0-----0---0-0
----------------------0-0---000-0-0---
---------------------------01-00-0-0--
--------0----------0------00-2000-0-0-
0------0-0--------0-0----01100-200---0
-0----0-0-0------0-0-0----00--1-0-----
--0--0-0-0-0----0-0-0-0-----0--00-----
1--0--0-0-0------000-0-------0-0-0----
200----0-0-------0110-----0-----0-----
--0-----0---0---0-000----0-0----------
3-10-------0-0-0-0-0-0----0-0---------
--10------0-0-0-0-0-0------0-0-----0--
-00----0-0-0-0-0-0-0--------0-----0-0-
10----0-0-0-0-----0---0----------0-0-0
0-0----0-0-0---0-----0-0--------0-0-0-
-0-0----0-0---0-0---0-0-0-------00-0-0
0-000----0-0-0-0-0-0-0-0-0---0-0-00-0-
-00220------0---0---0-0-00--0---0-00--
0-0000-----------------00-00-----0-0--
-0-00-0-----0---0---0--0-0010-----0---
--0--0-----0-0-0-0----010-0100---0----
------------0-0-00--0--100-00-0-0-----
-------------0-00100-0--0-0--0--------
--------------0002-10-0-00------------
--------------0-000-0000--------------
---------------0-001-110------0-------
----------------0-00000-0----0-0------
-----------------0-0-0-0-0--0-0-0-----
-------0------------0---0--0---0-0----
------0-0-----------------------0-----
-----0---0----------0-0-0--0-0--------
----0-----0--------0-----00---0-0-----

*** Life<FredkinCell> 96x47 ***

Generation = 0, Population = 156.
---0---------------0---------------------------
-----------0----------------------0------------
-0---------------------------------------------
-----------------------------------------------
-------0---------------------------------------
----------------------------------------------0
---------------0-0---0-0-----------0-----------
-----------------------------------------------
------------------0----0-----------------------
----0-------------------------------------0--0-
--------------------------------------0--------
-----------------0-----------------------------
-----------------------------------------------
---0----0--------------------------------------
-----------------------------------------------
----------------------------------------0----0-
------------------------------0----------------
--------0------------0-------------------------
----------0------------------------------------
----0------------------------------------------
----------------------------------------0------
-----------------------------------------------
-----0-----0----------------------0------------
-------0-------------------0-------------------
-----------------------------------------------
----------0----------------------0-------------
----------------------------------------0----0-
----------------------------------0--0---------
----------------------------0------------------
--------0------------0-------------------------
-0-0------0---------------------0--------------
-------------------------------0---------------
-------0--------------------0---------------0--
-----------------------------------0----0---0--
-----------------------------------0-----------
---0---0-------------------------0-------------
-----------------------------------------------
---------0-------------------------------------
-----------------------------0--0--------------
--------0--0--------------0------0-------------
-----------------------------------0-----------
-----0---------------0----------------0--------
-------0----------0----------------------------
---------------------------------------0-------
------0-----0----0-----------0-----------------
-------------------------------0---0-----------
------------0----------------------------------
-------0-----------------0---------------------
-------------------0---------------------------
-------0------0--------------------------------
------------------------0----------------0--0--
-------------------------0---------------------
----------0---------------0----0---0----00-----
-0---------------------------------------------
-------0---------------------0----------------0
-----------------------------------------------
---------------------------------------0-------
-----------------------------0-----------------
------------------------0-------------------0--
-----------0-------------------0---------------
----------0------------------------------------
--------0--------------------------------------
0----------------------------------------------
---------------------------------------------0-
-------------------------0-------------------0-
------------------------------------------0----
-------------------0------0--------------------
-----------------0--------------0------------0-
------0---------------0------------------------
-0-0--0----------------------------------------
-------------------------------------0---------
-----------0-----------------------------------
------------------------------------0----------
-----------------------------------------------
--------------------------0--------------------
---------0-------------------------------------
--------------0--------------------------------
-----------0-----------------------------------
-----------------------------------------------
---0-------------------------------------------
-------------------------------------0-----0---
-------------0-----------------------0----0----
---------------------------------------------0-
-----------------------------------------------
---------------0--0---0-------0---------0------
-----------------------------------------------
-----------------------------------------------
--00-------------------------------------------
-------------------------0---------------------
--0--------------------0------------0----------
-----------------------------------------------
-----0------------------0----------------------
-----------0---------------------0---0---------
---------------------------------------0-------
------------0-------0---------0----------------
-------------0---------------------------------

Generation = 12, Population = 1470.
-2---2---0-0-012-2-0-000-0------------21-------
1---3--1---1---0---0--10--0---0---0---1-101-3-2
-2-0-4-3---3-----332-2-0-0---0-0--02------01---
-------------0-------1------------------2----2-
-1---2----14-----42--0----10--00---0-----------
--13----2--2---0---0-0----1---1---0-113--01--32
-1-6------1--2-0-4---1---1---101-0-0--31------1
----2----0-------1-------1----------1----4--32-
-1----1----0--1----3--12--11--4---02----0------
----0-01----2--1-2-------2-------11--01--1---4-
-1-1--11-0-1-11--0-2-4---001-0-1---3------203--
0----1-32----1-------5-----0-0--1----0--11---01
----------01---0--00--02--0---01----1-0-----0--
2-------2-12-4-10---00-------0---0---2---1---1-
--0----1-213-0-1-31--2---0-1---1-------00----10
--112----0-10----0-----1-0--0--1-14-1----24-24-
-------1------1---01--2---100---1-3-----2-1---0
--5-3-2-31-32-4-11--10---1---0---0---01--4---3-
3----22---02-301-1-1-122--0-----0--12----1--12-
1-----013----1-01--2-0-----0--1133-3-20-2----31
-------1----------2---010-----0-2---1-0---3----
1-1-2--32-4--0--020--1-------0---1-3----211-04-
--0---1--51---13-20---10----0-0-2--100--10---0-
--443--0---10--1-0-1---0--10-0-1-00521-0-31-2--
---2-------2--------0---0-1-0-----4-1----------
---31-4--0--111-21----0--1-----1----14-12---213
--01--1--24--10---11----1-1-21-1-22-20-044--52-
2--2-----------1---1--01-303-334---2-20213----0
-------4-------11---0---2---1-1-3--20---5-2----
----0---414-31---11-1------1----0--20-0-32213-0
3----52---1--00---1-0-0--1-1--4-01-2-12-30-1222
---2--------1------0--01-124--00-114---2-210-0-
------0----10---02-00---2---23-2----3-214-----5
0-----1-3----01-0----0-0-0--1---3-3424121---2-5
-202-----2023-1---1--001-----4-1--0-04-2-2--42-
0--3----3------01-1--1-0--11-404--13-111---1-1-
--0----41-0--0-30--001--02-12---20-2------002--
----0--4--1-100--3-------0---31202--0-122-102--
-4---24-1-2---01231-2---1034-----3-3----1--2-1-
--432-------3-2-----1-21---2--41-533--14-3---1-
1--51-1--0134-11-2--10--131-23--3--2-3-2-2----1
-1-2-2--2002-----32--1-1-212-----2362---4-13--0
-1-10-30--201-1----0-12-2---0-11-------0-----0-
1-------2------01110-2----20---5--26-2---1-----
0-0-20036-63-01-4244-73-23-10105-4--12---4-3-1-
-----204-----002---2-512---2--14------133--31-1
0--0---23-03---2--1-----0-3-0---11-1-----2--01-
---01-------02-1-1-1-12--1----0--------2-------
0-0-2-01-0--3-30-0--31---203-4-4010--1--35---12
--0--3--2115-----202---1--03---3-303---2--00---
0--00--1---1--01----311------3------2---32---71
--------0--1-0---3---2---011-2-------2-----1-1-
0-1-----2-21-02-1----2-2----014--4--245--5455--
-0--1-02-4--2110------0----1-2-3---1-101--0----
--0-0--11--3----010------42-------0-4-----4-12-
-------------------1-1-3-6---2-410-------0-----
------------2--2-00--11---3----1121----14--4--0
1----01-0011----121------1-----1-0-2--0--1----1
1-----320------------310-----13-2---11--2----22
-----------0-2-0---3---1-3-011-----011-----3---
1-3-------1------011-----132--1--1-2-----2--3--
----4-----2-0-1-----10-------0----0--3----1-2--
--303-----3-0---0-00-----0-2----0-0-3-------3--
---1---0---2---1-0-2---01------212-----11------
1-0---1------11---3--13---5--31101---------1-1-
-----14-11----1-1--------0----1--0----1-0-----0
2-----2-0-----01----0--2----4--0-----11-1----2-
-------1---4---3---312-----120---0-22-------1--
--3-2-2---2---3--01------21-1----22-2--0-3-101-
-21--7-2-34-1-----0----------1----1--2------2--
--4-0------1-------1----03-2-----0-------1--3--
-1---------0---1-------101-----11----3--0------
2---------0---11--2--11-1----3--23-----2-----33
00-0-01-0-----1--1-3-------------1-------1-----
0-------------10-------0-----1-------21--1-----
-00--2-------------3--------1-------0----0-----
-----------0--1---00--0-----01----32-0---------
-2--------0--1-2-----0-------1----1-13------10-
------------------00-------------11--3-------0-
21---02--0--------------1-------0------------3-
-------1--00---2--0--0-1-01--3-3-----41--0---40
0--------0-2-----0---------0--0-01----11-1---13
------------1-------0-0----------3-------3---1-
-12-03---213--------1-------0------------------
---1--12---2--20-421--1--4-10-1----1-----0--43-
--2-30-2--2----------1-0----10-1--3103----21-0-
--------0---0-------0---0-----2---0--1---1---1-
22---4133----20101------1-------2------2-------
---0---0--0--0-1--10-2-3-01-----12---3222----01
1----21-0-----0----0-------2---213-0--1221-----
----1---1-------------0-0-0-3-2---1---0--0---0-
-6-53----10114---0--21-2----2------2-------1---
-----------2--1--222-124-2-------03-12-----30--
-3-202---11----2----21-2---1---1---242----1-0--
0---2-------------1---2---0-1-1-1-1---0---1--0-
-----0-0-0---0--00-2----30-0---0-------10------

*** Life<FredkinCell> 93x59 ***

Generation = 0, Population = 73.
-------------------------------------------------0---------
----------------0---------------------------------------0--
-----------------------------------------------------------
-----------------------------------------------------------
-----------------------------------------------------------
-----------------------------------------------------------
-------------------------------------------0---------------
-----------------------------------------------------------
-----0-----------------------------------------------------
-----------------------------------------------------------
-----------------------------------------------------------
-----------------------------------------------------------
------------------------------0-----------0----------------
------------------------------0----------------------------
-----------------------------------------------------------
-----------------------------------------------------------
-----------------------------------------------------------
----------------------0-------------------------0----------
-------------0-----------------------------------0---------
-----------------0---------------------0-0-----------------
-------------------------------------0---------------------
-----------------------------------------------------------
0----------------------------------------------------------
-----------------------------------------------------------
----------0------------------------------------------------
-----------------------------------------------------------
-0------------------------------------0--------------------
-----------------------------------------------------------
-----------------------------------------------------------
-----------------------------------------------------------
-------------0---------------------------------------------
-----------------------------0-----------------------------
-----------------------------------------------------------
------0----------------------------------------------------
---------------------------------------------------------0-
----0-------------------------0----------------------------
-----------------------0-------0---------------------------
--------------0--------------------------------------------
---------------------------------0------------------------0
--------------------------------------0--------------------
-----------------------------------------------------------
----------0------------------------------------------------
-----------------------------------------------------------
--------------------------0----0---------------------------
----------------------------------------------------0------
----0------------------------------------------------------
-------------------------------------------------------0---
-----------------------------------------------------------
-----------------------------------------------------------
-----------------------------------------------------------
-----------------------------------------------------------
-----------------------------------------------------------
---------------------------------0-------------------------
-----------------------------------------------------------
-----------------------------------------------------------
-----------------------------------------------------------
-0---------------------0-----------------------------------
------0----------------------------------------------------
-------------------------------------------------0---------
---------------------------------------------0-------------
----------0------------------------------------------------
-----------------------0-----------------------------------
------------------------------0----------------------------
--------------------------0----------------------0---------
--------0--------------------------------------------------
---------------------------------------------0-----0-------
-----------------------------------------------------------
-----------------------------------------------------------
-----------------------------------------------------------
---------------------------------------------0-------------
-0---------------------------------------------------------
-----------------------------------------------------------
-----------------------------------------------------------
-----------------------------------------------------------
-----------------------------------------------------------
-----------------0-----------------------------------------
----------------------------------------0------------------
----------------0------------------------------------------
--------------00-------------------------------------------
------------------------------------------------------0----
-----------------------------------------------------------
--0------0------------------------------------0------------
0----------------------------------------------------------
--------------------------0--------------------------------
-------------------------------------------------------0---
------------------------0----------------------------------
-----0--------------------0--------------------------------
-----------------------------------------------------------
-----------------------------------------------------------
-----------------------------------------0-------0---------
---------------------------------0----------0--------------
-----------------------------------------------------------
-----------------------------------------------------------

Generation = 5, Population = 937.
------------0---0---0-----------------------0-0-------0-0-0
-----------0-0-0-0-0-0---------------------0-0---0-0---0---
------------0---0---0---------------------0-0---0-0-0---0-0
-----0-------------------------------------0---------------
----0-0---------0-------------------------------0-0-----0--
-----0---------0-0---------------------0-------0-0-----0-0-
----------------0---------------------0-0-----0-0-------0--
-0-------0--------------------0--------0--0----0-----------
0-0-----0-0------------------010---------0-0---------------
-0-------0-------------------020----------00---------------
------------------------------1-----------0-0--------------
-----0--------------------0-------0---0----0--0------------
----0-0---------------0--010-----010-0-0-----0-00----------
-----0-------0-------0-0-010-----010--0-------00-----------
------------0-0--0----0---0-------0----0-0--------0--------
-------------0--0-0-----------1------00----------0---------
-----------------00-------0--020----0-00---00-------0------
0--------0---------0-----0-0-010-----0----00-------0-------
-0------0-0--0--0----0----0---0----0-1-----0-10-------0----
0--------00-0-0--0--0-0----------00---0--00--10------0-----
---------0-0-0-------00---------0-00-0--0-00-0--0----------
-00-0-----0--0-------0-0---------0----0--0-----0-----------
011--0------0-0--0----0--------------0---0--------0--------
-00-0-0------00-0-0------------------0----0------0---------
-----0-0-----0-0-0------------------0-00-0-----------------
00---00------00-------------------0--0----0----------------
110-0-0-----0-0--------------0---0-0-----0-0---------------
00---0----0--0--------------0-0---0-------0----------------
------0--0-0-----------------0-----------------------------
-0---0-0-00------0--------------------0------------------0-
0-0-0-0-0-0-----0-0------0----0--0---0-0----------------0-0
-0-0-0---0-------0-----00-0--0--0-0---0------------------0-
--0-0-----0---0-------0-00------00-------------------------
-0-0-----0-0---0-------0-------0-0-------------------0---00
0-0-----0-0-0-------------0--0--0-----0-------------0-0-011
-0-----0-0---0-----0-----0-00-0------0-0-------------0---00
0-----0-0-----------0-----0--0------0-0--------------------
-----0-0---------0-----------0-----0-0----------------0-00-
----0-0-----------0-------0-0--0--0-0-0---0----------0--110
---0-0-----------------0-0-0--1-00-0-0---0-0--------0-0-00-
------0---------------0-0-0----20-0-------0--------0-0-----
---0---0---------------0-------0-0------------------0--0--0
----0-0---------------0----0--0-0-00--0---------------0-00-
---------------------0-0--0-11-0-00-00-0--------0------00-0
0-------0-0-----------0----0--0----0--0--------0-0-----1-0-
-0-----0---0------------------------------------0--0----0--
0-------0-0---------------0----0------------------0-1------
-------------------------0-0--0-00-----------------00------
----0---------------------0----00-0----------------0-0-----
---0-0---------------------------0------------------0--0---
----0-------------------------------------------------0-0--
-0---------------------0-----0-------0-----------------0---
0-0---0---------------0-0---0-0-----0-0--------------------
-0---0-0---------------0-----0-------0-----------0---------
------0--------------------------------------0--0-0--------
-0---0----0--------0-------0-----0----------0-0--0---------
0---0-0--010------0-0--0--0-0---0-0----------0-------------
---0-0---020-------0--0-0--0--0--0-----------0-------0-----
--0-------0------------1--0--0-0---------0--0-0-----0-0----
-0----0-0-----0--------1-0-0--0---------0-0--0-------0-----
0-0--02--0---0-0---0--0-0-00-------------0---0-----0-------
-0---0100-----0---0-0--0----0-----0---------0-0--10-0------
------0------------0--0--0----0--0-0---------0--0-00-0-----
----0-----0-0--------0-1--0--0-0--0--------------0--0-0----
---0-0---0---0--------00------0----------0---0-0-0---0-0---
-0--0-----0-0---------0-0-----0---------0-0-0-----0---0-0--
0-0--------------------0--0--0-0---------0---0-0-------0---
-0------0----------------0-0--0-----------------0-0--------
-------0-0----------------0--------------0---0-----0-------
-0---0--0-------------------------------0-0-0-0-0---0------
0-0-0-0----------0-----------------------0---0---0-0-------
-0---0----------0-0---------------------0------------------
----------------00---------------------0-0---0-------------
-0------------0--0----------------------0---0-0------------
0-0-----------12-----0-----------------------0--------0----
-0----------0--0----0-0-------------0-------0--------0-0---
--0------0--00------00-------------0-0-----0-00-------0----
00-0----0----0----1--0--------------0-------00-0-----------
-00-------12------11------0-------------------0---0-------0
0---------00----1--0-----0-0------------0--------0-0---0-0-
1----00------0--00------0-0------------0-00-----------0-0-0
-00---20----0----0-----0-00-------------00-0-----0-0---0---
10--2---------11------0-00-0--0-----------0-------0---0----
--1-00--------00-----0-0--0--0-0-------------------0-0-0---
--0------0----------0-0-----0-0----------0----0--00-0-0----
0--0----010--------0-00----0-00--0------0-0-00-00-00-------
11------010---------00-0--0-00-00-0------0-0-00--0---------
00-------0------------0--0-0--0--0----------0----------0---
------------------------0-0----------0---------------00-0--
-----0-----------------0-00--0------010-0-------0---0-00---
----0-0-----------------00-00-0-----0100-0-----0-0---0-----
-----0--------------------0--0---0---0--0---0---0----------
--------------------------------0-0--------0-0-------------

