*** Life<FredkinCell> 10x10 ***

Generation = 0, Population = 10.
-------0-0
----------
---------0
------0--0
----------
----------
0---------
----0-----
-------0--
0--------0

Generation = 1, Population = 26.
------0---
-------0--
------0-01
-----0-001
------0--0
0---------
-0--0-----
0--0-0-0--
0---0-0-00
-0-----00-

Generation = 2, Population = 25.
-----0----
------0--0
----------
----0--112
0--------1
----0-0--0
0-0----0--
1-0---0--0
1----0---1
--0-0--1--

Generation = 3, Population = 40.
----0----0
-------00-
----0-000-
0--0-002--
-0----00--
--00----01
1-100-0-0-
--10----01
20-----002
00----0-00

Generation = 4, Population = 24.
---0-0-0--
----------
0----0---1
--0-01-3--
---------1
0--------2
--2-1----0
------0-1-
---0---1-3
--0--0-1--

Generation = 5, Population = 47.
--0-----0-
0--0---0-0
-00--1000-
00--1---1-
0-0-00-002
-00-0---0-
10---00--1
--1000-0-1
----00-20-
-0--0--200

*** Life<FredkinCell> 5x5 ***

Generation = 0, Population = 3.
-----
-0--0
--0--
-----
-----

Generation = 1, Population = 7.
-0--0
0--0-
---00
--0--
-----

Generation = 2, Population = 9.
--0--
--010
0---1
-0--0
--0--

*** Life<FredkinCell> 50x50 ***

Generation = 0, Population = 100.
0--0000-----000--0-0--00-----------0---0------000-
------0000-0--0--0---00--00---0-0--0--0-0-0--0----
0-00------0-------------000-0-0---0--00---000-000-
00-0---0---0-0-0-0-00--0--00----000---0-0--0000-00
0-00-000------000-------0-00-00-0-0-----000-0-000-
--------------------------------------------------
--------------------------------------------------
--------------------------------------------------
--------------------------------------------------
--------------------------------------------------
--------------------------------------------------
--------------------------------------------------
--------------------------------------------------
--------------------------------------------------
--------------------------------------------------
--------------------------------------------------
--------------------------------------------------
--------------------------------------------------
--------------------------------------------------
--------------------------------------------------
--------------------------------------------------
--------------------------------------------------
--------------------------------------------------
--------------------------------------------------
--------------------------------------------------
--------------------------------------------------
--------------------------------------------------
--------------------------------------------------
--------------------------------------------------
--------------------------------------------------
--------------------------------------------------
--------------------------------------------------
--------------------------------------------------
--------------------------------------------------
--------------------------------------------------
--------------------------------------------------
--------------------------------------------------
--------------------------------------------------
--------------------------------------------------
--------------------------------------------------
--------------------------------------------------
--------------------------------------------------
--------------------------------------------------
--------------------------------------------------
--------------------------------------------------
--------------------------------------------------
--------------------------------------------------
--------------------------------------------------
--------------------------------------------------
--------------------------------------------------

Generation = 5, Population = 261.
14---2-11--0-1--2----1---2-------115-1-323----203-
0--12-3012-01--12-----0-0---21--2-0-20---2-01-400-
--21-311---0---2-3-2-202--301310-132011031-2-00033
2-13-1--110----123-2--104-221--4-0500--2-----1102-
34-0-2032-101--1-110--------12-3122--3--10-1---3--
2002--12--0-0-1203--1210-2220020--1200102--1-3---0
303-0-0-0--0-011---0000-1110--30--3-0120-0-2------
21--00-20-----020--1100-0-2--0-0--20--1-2-0---2-21
101--1--0--0--111--00--------11-1010--00--1010----
0-00-000------000-------0-00-00-0-0-----000-0-000-
--------------------------------------------------
--------------------------------------------------
--------------------------------------------------
--------------------------------------------------
--------------------------------------------------
--------------------------------------------------
--------------------------------------------------
--------------------------------------------------
--------------------------------------------------
--------------------------------------------------
--------------------------------------------------
--------------------------------------------------
--------------------------------------------------
--------------------------------------------------
--------------------------------------------------
--------------------------------------------------
--------------------------------------------------
--------------------------------------------------
--------------------------------------------------
--------------------------------------------------
--------------------------------------------------
--------------------------------------------------
--------------------------------------------------
--------------------------------------------------
--------------------------------------------------
--------------------------------------------------
--------------------------------------------------
--------------------------------------------------
--------------------------------------------------
--------------------------------------------------
--------------------------------------------------
--------------------------------------------------
--------------------------------------------------
--------------------------------------------------
--------------------------------------------------
--------------------------------------------------
--------------------------------------------------
--------------------------------------------------
--------------------------------------------------
--------------------------------------------------

Generation = 10, Population = 347.
--1605-2-0233--2--10314--5--1-3-242602---4---0513-
2---5330---32-2-53-6--13001-21-2-10--320-2--31-1-2
---------1310-24-8----02-24-16-11-4----331-5-022-4
3-2-2132-2---2-4-6-53-127-246--60-62-3-54--------5
4-4-03-63-3--44---1---1343--6-14---5--1-22-4--2-32
41-300-5--1-----0501-3--0--53--21-3---6-2--1252-1-
--4-1---3-0---24--01101-----0-4---4-1-2--0-43---2-
--------------------------------------------------
4322---13--0-2--4---1-02--1-1-2--023-103-040-24-21
20-2100-0-1-0---14-2---0--1---3-----10--1-3--23010
-1---1-01----1-210-1------2--1--1-4-----0---2---00
3201--0310----1--002-1--103-01-1--3------0101---32
21-----0100-002-200---0----002-0----00-10-2-2100-0
10-1---1---0-0-1-0-00--0--11----101---0-1--0101-10
0-00-000------000-------0-00-00-0-0-----000-0-000-
--------------------------------------------------
--------------------------------------------------
--------------------------------------------------
--------------------------------------------------
--------------------------------------------------
--------------------------------------------------
--------------------------------------------------
--------------------------------------------------
--------------------------------------------------
--------------------------------------------------
--------------------------------------------------
--------------------------------------------------
--------------------------------------------------
--------------------------------------------------
--------------------------------------------------
--------------------------------------------------
--------------------------------------------------
--------------------------------------------------
--------------------------------------------------
--------------------------------------------------
--------------------------------------------------
--------------------------------------------------
--------------------------------------------------
--------------------------------------------------
--------------------------------------------------
--------------------------------------------------
--------------------------------------------------
--------------------------------------------------
--------------------------------------------------
--------------------------------------------------
--------------------------------------------------
--------------------------------------------------
--------------------------------------------------
--------------------------------------------------
--------------------------------------------------

*** Life<FredkinCell> 8x8 ***

Generation = 0, Population = 9.
----0--0
-0------
-----00-
---0----
-0------
--------
------0-
---0----

Generation = 1, Population = 32.
-0-0-00-
0-0-0000
-0-00110
-00-000-
0-00----
-0----0-
---0-0-0
--0-0-0-

Generation = 2, Population = 12.
--0-0---
--------
-1-1----
-----1--
---1-0--
--------
-0--0---
-0-0-0--

Generation = 3, Population = 27.
-0---0--
-0000---
0---01--
-0--020-
--0--10-
-0-000--
010-----
01--0-0-

Generation = 4, Population = 21.
01-0--0-
-----0--
-10-1---
---0---0
-0--02-0
-1-1----
--1--00-
---0---0

Generation = 5, Population = 34.
12--0--0
0-00----
0211---0
----0201
010113-1
020---00
---0011-
----00--

Generation = 6, Population = 20.
-3---00-
--------
--2--1-1
---0-3-2
-21-2---
-3-1-0--
01-112--
--------

Generation = 7, Population = 34.
1-0-0110
-00---00
-2--12-2
-00-04-3
0-2--3-1
--02-10-
1-----1-
01-000--

*** Life<FredkinCell> 25x25 ***

Generation = 0, Population = 200.
0----0-----0-0---0--0----
---00--0---0--------00-00
----00-----0-00-------0--
--0----0--0-00-00---0-00-
0-0-00-0-------0-0-0---0-
------0-----0-0-0-------0
-0--0000---0-----0-0-----
----00-----0-----0-00----
0-0-00--0-000----0----0--
-0----000--0-0-00--0----0
--00----000---0--0-----0-
----0-----0---0--00--0---
0--0---0-0--0-0-0---00--0
0----0-000-000--0---00---
-0-00000-0--0--0----00000
-------00--0----0--------
-----0----0-00--0---00---
-0-----00--0-------0-0-0-
--00-0----000----0-------
-0----00-0-0---------0---
--0000000--00-0--0---0-00
--0---0--00--00--00-0-0--
--00-0--0----0---0-0----0
-0------0---0-0---------0
0---------0--00-------0--

Generation = 10, Population = 310.
--1--00--2---------63-20-
3--2--1-211-6--6324-44-2-
-2-0-25-0---2-25222----3-
-0---43--2141-316---3--45
2-2---212----0-7-----3-42
--4----222--4-0--24-71-4-
---0--4-1-3-3321--3--2-03
3----2---522352--22-32231
1-25--4-2353---41-5-5-252
--2--14-31--02-4-1-----31
--3----23-121--43-4------
-44-1322-434-2--51-1----3
6--332----4----3---74--31
324-4-3------322824-25-41
--2-------25--0--223---17
3-0-110-21--40-24610-0040
-----43---1-8---2-2252--6
1-1-2-5---------322-2-04-
-221---2-0--5211-45-6-4--
-3--2-0-2-30-5--4--2---13
24----54--322--2454-----1
-31--2-114-32--1---6-24-3
3---423-51-1--4--402-3251
14--3---14-2-------03--0-
11121314-1-405311-1431-51

Generation = 20, Population = 292.
-4-8613--7545273-3--3-4-6
-3775-----62+5-7875-6-6-7
--3-77----3----9--5-5--54
--544----95-1----44-5--5-
-9-----56-33230--0-46-5+-
-2------56---5-6-65-----2
-52--6-6--646--44-7+52-5-
-35-2-55--8467-52552-63-4
3--9-------94-286---8-3-5
33768347----48--3---8----
5----2--39--36-7---460+4-
--4--9---7---4-38-56-7---
8617-----2----9--27---4--
3676----3--+---59+-4--66-
7-3--647---7-8-01--438--+
4+-7-2--6-745--9-9--5-2--
---2-85-48---32-23--+-35+
-6--3+-38--20-5-3-57--3-3
6--437---4--974--6-5+----
342--54--------7---5-4253
-7----6---444----8---997-
24--3--248--6-5---5+-37-5
9-------+4----4-4---93--2
-5-1-7--7-4--3-2--66--4--
361-2---56--0-3--258-8-6-

*** Life<FredkinCell> 20x30 ***

Generation = 0, Population = 150.
-0-0--0-0---------0----0-0-0-0
0----00----00--0----0--0---0--
---0----0-----0--00---0-0---0-
--0--0--0---00-000---0---0--0-
0----------0------0---00-0----
-----0----00--0-0----------00-
----0----------------0-0----0-
-------------0-------0-------0
0--0-0--0-00-0-0---------0---0
000-------00--0-000-0----0----
----0000--000----0-0---0------
00---0---00-000-0----0-0-0----
--------00-0------00-----0----
----00----0-----0-0-0---0-----
0-----0----0---0----0--0000---
-------0-00------------0------
-------------0---0--0--0------
00--0--0--0------------------0
0--0--0----00---0--------0----
-------0---0-00----0--------00

Generation = 4, Population = 306.
101030-00-211----3-1-01-2---2-
21--3-0102-22-2-1---1---1--203
-1-0--112-2-211---2-0-1-000213
00--1-1-2--2----2--111--01--4-
001-0001--02-33----1-121--0--0
--2--2-0-3------11--0---01-200
1--10221--100-1--12---20-0-1--
122-----0-0---11-2-----3---10-
400---0-02-11-10-1---112-1-0-4
222--2-0--2102114-----0----011
-0312--4-02--1211--11--102101-
--0-2-1000--1-2-2-300--1-2-2--
3--01--12-100110-0--110--4----
302-1-0010-00-1--01-2-1-21--10
0--1-0-----2---0-0-3231140-120
12-1--01-41-000-2----2-0-1-100
--------0--2-0--101--3--32-0--
2102--203-0--1--1-121---01-031
---10---0-2----------0-10-0--1
10-10--0--31-----01-----01-324

Generation = 8, Population = 269.
3---5---21---02-14-1------034-
--1254211---6241-11----1---2-4
---112-2-1-22-1--3421---2-2-1-
--0--3-1------333----1---1-361
------4-4113---3------2-150411
00611---1-4131-03---2-1022-4--
5013----0--042----4-------01-4
-----2-1-11--2---------------5
8-13-2-3---1----1--21----1---5
-461--32--35---2-1141-21330-52
-0-13-1-31---1--33-11-1-0--031
----43-020-03-3-41721-2-24-4-2
-0-1------5-----1-33--03-55---
-2---5-42---------31----2-31-0
----2--01--3--10-114-5---12321
1-0-0--3--2--4---12--4-------1
2--1----42032----2--15-3----3-
312--2405--12-2331--31---3----
-----310--223-11---------100--
54-1200--0-32141--21-10--3-4--

Generation = 12, Population = 302.
4-326-42-3--2-4----1-3--62-58-
3-3468----3284------62-12-----
2-1-33----3-2---24-250-1----36
14-2-543----54---11322-23--361
---1--4-625-0--4-126-2451---31
--+-5---136-71-0-4312120-2----
5-2----1-2-0-6-0-44---41-34---
-530543-45--0433--43232-23-24-
+-1-1---2---2--1--2436---2--4-
-4--2--2---74--4---5--2-------
---1----324-125-4-13------3245
-231---2--41--3--28--14-25361-
-12---0-426----2245-3----5752-
9---4---4225---30-5523132372--
33---2---4-3---21-3-4-5--234-2
350-2-24-7-2---445--1-1-3--4-3
-212-02-4-4-2-23442--633--105-
----13-----53-2--125321---0---
-34325-0-03-5-3323----04----22
76---20-0-4-4--1--62054---2--6

Generation = 16, Population = 275.
5-3----453-4-1---6---55--3----
545668--15-2--4--41-8-2----42-
-231--2--2-3------7-5-2-2-44--
-63---55-2577-----3-----55-762
--1311---4541-7-02---667--24--
14+45--1-37293----3322---424-3
------312----7-1----25-1-----7
5---66-5--3----5-----5-4-----6
-2-6--2----3--3125--5---0-218-
-576-2-4---966---417---18--4--
-24-5-2-724----7--1----336--8-
-3-----24-6-5-418-+323-56-5-33
--31-52----2--1--8----1--7753-
+47---2-4--5-2652---4---23-63-
-3---2--35-54-2-34--676-63----
551-22----64--3-654-55-3--3---
24--3241--45-4-5--2--8-43----1
4---1551--57452-73---3----42-2
4-4-6----2-5----242--1-65--1--
883----32-85--8-34---7-0-----7

Generation = 20, Population = 306.
94749--5-356--413+--77-1753--0
--7--+24-7---5-645-1---1-2----
-4-------455-32-447---3-456-4-
-65647--3--9-5--6---7-3-57-8-4
3-35-5617-7-26---4-+---82---41
55+8---34--4+-4----36324---42-
--3-----43-17--21---4-8237653-
57-0+------5---633-786-6-566--
-46-263--505-4-3--56--3--5--+7
5---62-6-38+6+-7-63-5-3-+-35--
--4-5526724---6+55--41-7-8-5--
--5265645-83--6-+---2--5--6--7
-2354726-39---32588-453-3--9-6
--8556-9-466--65-2------2-8--2
75--3-22-9-7----5----9--7-45-3
5---26-82+65-4--7----7---3551-
3-3-4--15-69--35-7--3----613--
63-53-----574-4-734---3-56--3-
44----10-------5-54452------63
8--5-31---+58-84-4-3-9-1---8-7

*** Life<FredkinCell> 15x35 ***

Generation = 0, Population = 175.
--0-----000---0-0-----0--0--000-0--
--------0-----0--0--0-00---------00
---0---0-0----0--0-00---0---0-----0
--------------00-000--0-0---0-----0
---00-0----0----0-0---0-0---00-0-0-
-------0-00--0------0-0-0-----0-0-0
-------0000--0-0---0-00--0---0-----
--0-00--0-----00-0------0-0-0-0--00
0----000-0-----0-----0--000-0---0--
--000-00-0-0---00---0-0---0--0-000-
--00--0---0-00-0000-0---0--0--00--0
-000--0--0------------0--000-0-00--
0--0-----0-----00--0--0-0--000--0-0
0-0----00-0---0---0--0-00-------0--
--------0-0------0-0-00-00------0-0

Generation = 6, Population = 265.
----1221-0--11----0-0--2-2-020-2200
----0--0213-20-00-01421-0--320-2-11
-2-222-21-1-1--2--221---41-1---2---
0--123-12-20--030--2-522-1-1--1-1--
---2-2--1210-10------3---1----31-11
0-4-1--4-210210-113021-06-3--0--01-
--2-1-2-3242-31210302312--030433---
-0-1-121--2423---2-3-03-1---1----6-
-310----11-----0-121--0-042-4---2--
----3-11--3-31--2--33-01----2-1032-
-1-3-00-------10---3-5-3--0-511210-
--22---334-1-0-------12-3-2-1-----0
----0--32--2-0--2--1-14062--0--2020
-20-003---302-1-00---4-2-12303-1000
----2--0----1-0111122---22-121--4--

Generation = 12, Population = 263.
-1-434-1-24--1---1-4-07-4-22-1-2311
-1-2---2--44--1--6----4-4---401--1-
22--2--45-1522--7----2-055-3332-5--
--243413-25-----4---76--331--13--55
-2-3-32--45-1--2----3--2431-21-5--3
01--352------2-4--5---2-70-----1---
-254-3615-6-163331924-3--11------4-
6----244-536-31-132-634-3---2--2-9-
33--23--4-4-2304-----4121---6-115--
1--53-1-------3-3--6-204-2-1-2--521
--4-04-1-32654-212-52+-503-581-6---
2-4---3-5-040-07-3--3-2-4-84--22131
6455---5-2324--46----3---4----7-334
33-22------6---54-----2-355---120--
4-4---0-4-7-310-443----163-1--0--4-

Generation = 18, Population = 277.
352---3314-2-4-02-753-7463358535435
-14--3--55--5--11------4----402-3-4
-5366446-23924-2---2-31-6-0-43-66--
53675------------35-86-5641-2-3-1--
456-----4-9--34----5--5-55-8-1-72--
--6348695-5------37-63-1-68-4-258-6
34-------9-5-77--3-263--5238--3----
-43---646-3--44-25---651-2-4----2+-
67-344-55-6-67-74---181-18639---55-
---971-62-564-64--1++61--4-5-623--3
--57-5123---7-4-5--8-+59-3--+3--6-0
--4-4-33----2-2--76--4357---46-4-42
--7---85-5-3----73-5-3+4-6-40--34--
---3-351-48---566132-746-576---6-64
5-6-830--28152-----7----+-7--43---4

Generation = 24, Population = 265.
-945696-54-------5---4---45-+6---4-
4367354-7-+98-1-2+-6-7---23762--4--
79-975--73-9--2-8-5477--9--+7---8--
646---4-6-+22-26-56+----75363-6--+-
687-37--74+64-87-7--+8----3--3--4--
--8----9-56--75---+-8-64--8---38+-6
--7-----79-729+-53+-+5-8-25--55---4
-5---5--6-----4-475-8-+5-----4-5---
-8556-8-6-----2--6--18-6588--------
----+---447-+--654--+-355538-6267-7
-2----3-4---88-77-4+-+694---+459--0
47-568-58--5-16---7-87---7--765----
-98-44+-5--38-5-+5762--6+946-3+--8-
5-276---7--+--7--44338--6-97---8--4
647-+5--8--46----56---7-+49--87-+76

*** Life<FredkinCell> 30x30 ***

Generation = 0, Population = 200.
-----0--0--0-0-------0--------
-000-0------------0----0----0-
00--0-----0-0---0-00---------0
--00---0------------000-----00
--0------------0------0-000---
0-0---0-----------0-000--0----
-0---0----0----------0------0-
---0-0---0--0------0--------00
-0000-0-0-0---0-----0--00-----
---00-0---0--0-00----0--------
0---------0-------0----0--0-0-
0--00--00----0----0--0---00---
-------00----------000--------
---------0-00---0-0-----------
00--------------0--00-----0---
------000--0-----------0----00
--0-----0---0-0---0--0-0-----0
----0-0------------0---0---0--
--0-0-0---00--0-00-0--0-------
0-----0-----0--0-----0--------
-----------------------0------
-0----0------0----------0--0--
--0--------0---------0--------
----0----000--0---0----0------
-----00--0-0------------------
0---00----0------0-00----00---
-----0---0----------0-----0---
--0---------0----0----0-------
-000--0-0--00----0-00---0-0--0
0-0---0----00--0------00-----0

Generation = 25, Population = 444.
-8763+--4-67-42-9----3--5-----
-75+5-441--------15029826--6-8
75-9-----648--698-----+48+35--
73-+6--4--9--2-653-4-6---++4--
-76---73-31-75----6--5-6---7--
77--49+5+8255--+--5--6-32--7-+
7-2-----9698-----+-74-9--6-3-4
6---88----5----49--33---3----6
4--3--39-++-5508----4-8-56--6-
2+5-5-6+-48-----7---8-27--4457
---4+----1--714---5--6-27-88--
-+66--55--6---13-+9------8-75-
5--57-5------896----74+4-7-5+5
+-367-3--6---72-+9573+--2+----
++41--5-5779----8-----5-+6--8-
366-5-4-75891----4--643464--4-
7-+---8-9067-4+-69-----+-5--56
9+-86++4-78-8584---3-86-----27
60---55568-2-+-7+6----8---3--8
47856-5--6-7-3----76-+---65-4-
-7974--43-36426--6-746-1--4+-4
+8+--652-4442-72-153-7---9+69-
54-5-+-8--+---48-5--333---47--
--8-3--+65+-3-21--7+78----558-
0---++---86-6---44-------5---5
5---+-31-94+----73--5+20--8---
------2--9--47--+-4666----9-9-
8-+----56-878--16-37-+546756--
-+--32+--47-79+----7-7-6---4--
-4--38-1-39+4-9--8--+6----36--

Generation = 50, Population = 432.
--+-+-+-+--+--+----+5-87+++---
-+-+---8--77-9--+-+34------+-+
-++-++++---++--++-5--9---+--++
++-+-+-+---+888-9-++-+6-+++---
++--5++++8-7-----9--++--+-+8-+
--9---+---+9+9-++-+-+++-+-+-9+
--+---+9-++-+--+++-+----++++--
+---++--+----+-++--5-----+----
-+-----+-+--+-3++6--8-+---+-+8
9++5--+++-+--8---++7+-8-+++---
+8------8--++9+-+8-8--++-++---
++---+7-+++8+-------+-+---+-6+
-87++-++---+--+--++7+-++-++++-
-+---+7--+--++-+---++---5++-++
-+6---+---++----++++-+-------+
+++---+--++----9---+-++-+---++
-+--+-+--8-++----+-7--9-7+8+--
++++-++-----+9+----+-+--+++---
-3----------+++-----+7+----1-+
-----++----+-97----+-+---++-8+
-++--+++996-9-++-+---++-9---++
++-----9+----++-+-87----+--+++
999+--+--9+++--+-+------95+++6
+-++--8+9++--8+-6-+--+99--+++9
---------+--8-+8+--5-7-+-7-+7+
---+--8-+++----8++++---9+++++-
-+------+--+-++---8+-++-66----
-+---++++69+-++9+7---+8+7+-+89
++---9+9+++-++--9+---+--97+-+-
--+++---+-++-+++-+-++--++---+8

*** Life<FredkinCell> 2x2 ***

Generation = 0, Population = 2.
-0
0-

Generation = 1, Population = 0.
--
--

Generation = 2, Population = 0.
--
--

*** Life<FredkinCell> 40x40 ***

Generation = 0, Population = 100.
----------------------------0-----0-0---
----------------------------------------
---0-------------0-----------0----------
-------------------------0------0-------
---0----------------0--------0---------0
----0--0----------------------------0---
-------------------0-0------------------
---------------0------------------------
--------------0-------------------------
----0---------------------0--------0----
-------------------0---------------0--0-
-0-----------------------0--------------
-0--------------0-----------------------
----------------------0---0-------------
--------------------0-----------------0-
-----------------------0-------------0--
------------------------0---------------
----------------------------00----------
-----0----------0---0-------------------
---------0-----0-----------------------0
--0------------0--0------------------0--
----------------------------------------
----0------0-------------------0--------
-------------------------------0-----0--
--0------0------0--------0------0-00----
--0----------------0--00-000---------0--
--------------------------------0-------
--------0-000----0----------0----0------
------------------------0---------------
----------------------------------------
----0------------0-------0-----0-----0--
-----------------0-----------------0----
---------------------0-0-------------0-0
------------------------------------0--0
--------------------------------0-------
---------------------0--------------0---
-------------------------00-------------
---------------0------------0-----0----0
----------------------------------------
----------------0-----------------------

Generation = 8, Population = 318.
--------------0----000----2-2---------2-
-------2------------------0--------03---
---------2-2-------241---3---1-----1-100
-1---------------0------1-------21------
-0---------12---32---2------22-2-1---4--
--0---------1--3------0---1-1-------2---
-----------1-2------1------130----3-1-1-
-------2-----------------------------0--
------1---------------2-0---0-----2-1---
--1---------1-----1--------101----1--2--
---0-1-----1----21--2--------10---1--4--
-----2---------2-2-------0------11-----1
--11-4--00-----0--4-1---0----0-------0-0
----1--1------0---0-----------2---0-1---
----1------00------2-1------1-01--2-----
-----------------------------1-----0-0--
--1------3----3----------0--------21----
--0-1--------------13031-1-2-------00---
-3------1---22-----1----2---2---2--3--1-
-------30-120----------0-1--1--3--------
-0--0--1--------1------01-2--0-----0----
----------------------1---0-------------
--220-------3----2-02--1-1-----2-----201
-----------------0-----------1-------0-1
-0--0---0-3----------1-22-01-----2----11
----0-----33--32-023-------52-22-41-1--4
-----0----------2---1---1-------3-------
2-111----------44-00-3------------------
--2------------13-0------23-----6----6--
---------------2------------1-----3----2
--1-0----1-30----2-----3-1---0-0-1-5---1
---------0------0--------0-1---1--------
--1------0---3-30--------0------220-----
--1-------------1--1--00-3112--0-1--13--
------------------------3-------0-------
--------0-1011-3-0----------41---10-0--0
-----------------21-----411------00-----
-------0------------31-0--4----1-3----2-
----0------------0-------2-----02----1--
--------0--------0------2----------22--2

Generation = 16, Population = 307.
------------4-----5-----2---4-4-----2-5-
----------------------0---2-42----------
-----4-----5-0-----65------------6-7----
-4-------------20--------0------6-------
--0-1------3-4-2--2----0-4----------360-
----3--2--3------------0--1-3------1----
---413-----3--3----------------2---4-1--
---------------4---------------------1--
0-1------0------4--1-4---1----2-3-73----
--3-2--4------------3-33-457-1------363-
-------------------75-0---1-----4--3---4
--------022215-----------1--2---32-----5
4--3---------0----------2----2--1-------
------3---3-----------------------------
-----------------4----5--14-5--2--4--5--
-------4---------1---6-----1-------2---2
--------1------------4-4----2-----5-17-4
------------40---------------------3---3
3--44----4-------1---3-------4------0---
-----2---------------1-2-2-----34---3---
--23--------1-----4-24---183-1-3--4----4
----1--2-------6------------2-----1-3--8
---3------1----2---464-----2-----4------
----------------1----3-----0-----5------
6----7---3--3-6-0--3-----4---66--------2
---45-34-4563---2-4--2----47---------4--
----------------+--3------------5--1--4-
--314-4-----+--6-3------2223---1-21-1--1
-1------1-------5--------87-------------
---------------------24---6---------7---
-2-------43----7-----2-----1----2-----15
-2-----------------2---1-----1---5--52-4
-----0-3----------------51-3------------
-----------------2--4--4-4---4-----5----
----32-----------4--0----4-----23----4--
-----0---1-----3----0-------8--------1-0
--3------00----3--3-----8------------523
--------3-00-----43----2-3--1-25-7--2---
----1------2-------------------34-------
1-0----------------2--24-220---12-------

Generation = 24, Population = 712.
2-02-3---652--4----9-34--54-8--3-----55-
--3-------2---1---1--22--5-1731---41--3-
-63657------1--6--2-9677--4-8---5--+7-5-
-6---3-7--0643-423-----5----6----------3
4-2-3--4---55--5-8--23-33-6-6-273-4-7---
------6---3-3-------3-6---1474-3--2-65--
-61---4----6-6---449---51338-144--676-46
-----------------4---1-0---4-5---------5
-5--2-5-1-2340----2--7602-7--14--5+---37
--8-4-----3-331--136-97---7-5--1-3-667-5
2--233---8--146--34980--5---2433--737+--
2-307----------6--45---853-------------9
----384-2---31-33---42-83-24-2-35-0-4-34
2-3-------4---33--6----8--3-------469--4
----39---543---4-646-2-1-382-222--4-3522
---------4---2--3--6-7---8---2-5---3----
4-7--3------14633---67----2-34--277---57
--43332--3175---3-1---57-4-3-1-5-7--865-
-+98--6-+4-355--62--344--75-64------4944
-2436-5-3324-6---------3--05-3--666----4
11------1--43---5+6444-285+-5--96-74-448
--+---64--4-5--8----3556----4--6-3--4-3-
-485---7-42-51-4-545-565--2--4-34-57-62-
-2-----41----6---6---5-412-4-----7--34-+
----59-26--3-6------6--7-7--6--2--7-8-93
61--9---4-77--68-------8448--8----4----9
1--5-4--03-5--------36---4---5229-4-7---
2-92---3--37+-489418-4-5-44-------54-443
6--3-3--1-3-4--4623-43---+95-4-3-5---+1-
----6--42-41-10+-8-----5-5--54-2-2--7--7
-+1340-2-669-6-8-25-23-43--4-34-2-67----
4-5--2---1-2---54--4--44--5233-82--5+4-+
22---1---5--771+-5-------1---14-67-7---6
6-313-23--62---25474--76---38---14---7--
-06-4----2-3-5--35-4---558--45-6-4----55
--362-642-83-7-5-54-3---3-42-636-2135--4
----4--7211----7-3-----3+6---3105433-635
4-21-2----1-----7863-8-3-------7-7--2342
-13024---13-0--3-4-221-638-3---4-----31-
-0--4-3-5-37--24--4-+--+35-2--11--7-93--

Generation = 32, Population = 331.
------------5-6--7--55-8-6-----5-------8
------------------------------------6--6
-+-----------2-----8----5--6---79--+----
3----7--5-3+5---43---9-7----6----3--6---
-8-----6-+5--------+-----97++---9--+----
--5-7-------6--8---1--7--3-58-----4-+8--
--5--------6----2--------4-9-4--5-8+----
---------------74--------------4-1---4--
----4------5----7--------------6--+-----
---64--------3--+-----8---+---------8---
--64--7---3+-7-4--8----------6-------+--
-----8---5-------------+----77---54-----
-----8--------6-7---7----43--3--+7------
----5---4------------75---5-76------+---
------1-----------------4---6---4-------
-----+-5---8-----------7-+----------51-3
------4-------------97-63------------+5+
-26--------------3-27-7---6--------5----
-+--8-----3---4-78----------9--58-------
-4-----+-6-----6-----1---6-------6-----+
-----9-----84--5---4----+---9-3--2+6--6-
----2---4-825----4--------7-5----6-6----
--------------3--9-+------2-----5---88--
--6--4-----5---9-9-1--37-397---------7--
+--7-+---8---7-----6---8-8--8------6---5
---6----4------------568-6+-++-+--7-44--
1--95------7----+---7--------8-5-------9
-5+----------5-+--5+--7--7-----56---746-
--+5--+--------9-34-----7----6-------+--
---------5-----+-----------------------8
-----0-----+-+--74--3--9--4-+--6--+-----
---2------------------------37-+--------
-----7-----3------------93-46-----6-7---
----6--7-8--6----------6-------------8--
2--5------------5+--1--------6--------8-
----5----6--9---------6--986----6-------
-2-461----------+---6-74-----6---------+
-5--4----4----47----9----5-------+--6---
---------------------2-------------4--1-
----6---------45----------4-----7--+----

Generation = 40, Population = 683.
--5---1--+--6+-+-+--9-89---6+--8+--7---+
--83--------54-83--3-----+94---4-35-97--
-+8+--5+-----5-+5-5--+-+7986+9---------6
-9783-7-7-6+6--9-847-9--+---+--+--6-7--6
--4------+-5-++8+--------+9+-7-+--6-+9--
--8-9--5+-798-+--4-3-197---8--+--6----66
---+4-9-2-9-9-5-----7--788+++--+6+-+--8+
-----4--1--4-----------34----+-----7+4-6
--7+--7-5-----4--9-6---3-5+----8-----9-9
-5-7-7--9--34-2--5869+9-7-+-+-7---++---+
+-+--7-3--7+-9--+78----79-5789-------+--
6+---+-697487+--8---78-+--6-9--+-----57-
-----9774266-5-7-6+--58-3-366-+-+----588
4-------6-95887779+5++9--++399+--+-7+---
3-5--------+-----9-+8---65+5-4--7-+7-+--
-866-+-----9-5--8-----99-+8682-+-+-7+---
---477---5-32-75---3---8-4----++8+-----+
-----8--7-6+864-5-2--3-+-----187--------
9-+-97--+-7-++-+9-----78-8-----6----6+--
--+----+----------6+--6-----9---996-+82+
-58-4++8---+-356-+856-58+-----6--6+-+--+
8--2----8---9--+8--7-8+---997+----9--+--
-----6---9---5--9+7-8-++-93977-36--++---
-6--76---56--7++-+4--------+7-4--+7-4+-+
---+----+--+-8-+-------+-9-49-----+---+9
6779+--+-7-++6++4-7+-+9-----+-++-++---6+
36++8-2---37--5----++7-+9----+--+2---9++
-7-------8-++-7+-8----8-+---93--9-8+8---
+3-----2-+--+-89---3+4+-7++-5-3-++7--+5+
-------+2764+-3+----3--8-9+-+--9-8-8+---
-+-5-1--59--3+8+-98-4--967--+--+8-++-9-7
--9474--------4--5-9+38--3-6----6--8+--+
+5---8---+------37-98--5-67-----++----++
-468----6---8-85-7--+++6-+--+---2-4-+8--
3---8-5--8--9---8---5---9+--978+--7+-8+9
-9-------7--++--------9-5-----++7-5+-14-
---99-5-95-6-73-+78-94+7----8-6--8-----+
-+4-7543-5--8--+-------6--+3----9+--6---
3--3-7-----6-----------8--593-6+-----+3-
--567-5--3--------+---7-7--446-3--+-----
