*** Life<ConwayCell> 24x42 ***

Generation = 0, Population = 94.
..........................***.*....*......
.*.*.........................*.*.*........
...*......*..................*....*......*
.*.......*................................
........................*...........*...*.
...*................*.....*...............
.................*...*...............*....
................*.*.*........*...*........
*.................*.......................
......*.............*.....**.......**.....
........*......*...................*.*....
.*.*.....*..............................*.
..*.*........**...*..........*............
.....*...............*........*...........
........*......................*..........
..........*.......*.............*.........
.........**..........**..*.......*...*....
*..*...*....*..**...*........*..*........*
............*........................*...*
.............*.........*.........*........
.......*.................................*
..*.....*.........*..........*............
..........*....**....*....................
..........................................

Generation = 20, Population = 41.
..........................................
..........................................
..........................................
..........................................
..........................................
..........................................
..........................................
...........*..............................
..........***.............................
.........*..**..........*..........**.....
........***...........*.*..........**.....
.......................**.................
..........................................
..........................................
......***.**.*............................
......*..*.***............................
......**.**.**............................
.......***................................
........**................................
..........................................
..........................................
..........................................
..........................................
..........................................

Generation = 40, Population = 35.
..........**..............................
..........*..*............................
...........*..*...........................
..........*..*............................
.........*..*.............................
...........*..............................
..........................................
..........*.*.............................
...........**.............................
...................................**.....
...................................**.....
..........................................
..........................................
..........................................
........**.*.................*............
.........*...*.............*.*............
.........*....*.............**............
...............*..........................
.............***..........................
..........................................
..........................................
..........................................
..........................................
..........................................

Generation = 60, Population = 56.
..........................................
..........................................
..........................................
..........................................
..........................................
..........................................
..........................................
..........................................
..........................................
...................................**.....
...................................**.....
........***...............................
..........................................
......*..........*........................
......*.........***.......................
......*.*.*.*..**..*......................
........**...*......**....................
........*.*..*..**..**....................
.........*****..*.*.**....................
.........***.*...***..............*.......
...........**.....*.............*.*.......
.................................**.......
..........................................
..........................................

Generation = 80, Population = 18.
..........................................
..........................................
..........................................
..........................................
..........................................
..........................................
..........................................
..........................................
..........................................
...................................**.....
...................................**.....
..........................................
.............***..........................
..........**..*.*.........................
..........*....**.........................
..........................................
..........................................
..........................................
..........................................
..........................................
..........................................
..........................................
....................................**....
....................................**....

Generation = 100, Population = 40.
..........................................
..........................................
..........................................
..........................................
..........................................
..........................................
..........................................
..........................................
..........................................
...................................**.....
..............*..*.................**.....
..............*...........................
..............*.***.......................
..........***..**.........................
..............***.........................
..........****.**.........................
..............**.**.......................
.............*....*.......................
..............****........................
...............*..........................
..........................................
..........................................
....................................**....
....................................**....

*** Life<ConwayCell> 16x19 ***

Generation = 0, Population = 122.
....*....*.*...*.*.
*...*.*.*...*...**.
.*..*...*.*...*..**
*.......**.*.*...*.
..**.**..**....***.
.*.....*.*.....*.*.
.*****..**.*..***.*
.*.*..*...*.*....**
*.**..*.**......*.*
**..*..**...**.....
*....*..*..**......
****.*.*..*.**..***
*..*..***...*.*.*..
**....*.**......*..
*.*.*.......***.**.
.....*****.*..*.***

Generation = 9, Population = 55.
........**.........
....**...**........
...**.***..*.......
.......*...........
........**..*......
...*..*.*..****....
...*.*.***.*.*.*...
........**...*.*...
..**....*.*........
..**....**.*.......
.*......**.*.......
.*.................
.*.................
.....*.............
..****.............
...................

Generation = 18, Population = 37.
...................
...................
........****.......
........****.......
.......*.....*.....
.......*.*.........
.......*.*.........
.***....*.*..*.....
*..*...............
*..*...............
.***...............
....**.............
....***............
.......*...........
.......**..........
......**...........

Generation = 27, Population = 38.
........*..*.......
.......**..**......
........*....*.....
.*.......*..**.....
**...........*.....
*.*....*****.......
......*...*........
.......***.........
.......**..........
...................
...................
.......***.........
.......*.*.........
......*..*.........
.......**..........
...................

Generation = 36, Population = 38.
...................
......**.......**..
......**..*.*..*.*.
**........*..*.*.**
**........*.*..*.*.
...............*...
.........*.........
.........*.........
..........*........
..........*........
.......**..*.......
.......**..*.......
.....***...*.......
...................
...................
...................

Generation = 45, Population = 33.
.............*****.
.............*...*.
..............**...
**............**...
**............**.*.
..............**.**
...............*.*.
................*..
...................
...................
.....**............
....*..*...........
....*..*...........
.....**............
...................
...................

*** Life<ConwayCell> 21x51 ***

Generation = 0, Population = 187.
......*.....*....*......*.....*.*........*.........
*...*...***.....*...*.....*...*........**....*.....
...***....*..............**.......*..*.*.**........
.*.........*.*.*.*........*....................*.*.
..*...................*...*.......*...*....*...*...
.....*......................*...*.....*....*......*
............*....*....**...*....**........*........
...**..........*......**.......*..*................
............*..*..*..*..*...*...*.....**...........
......**...*.......*.....................*.*.......
..........*........**....*..*.*.*....*..*......*...
.*.........**.........*...*...*..*...*........*....
.*.......*.......*...*...*.*........*.....**..*....
............*..*.**.*......*..*..*.*..*...**...*...
..*....*.*.......*......*....................**...*
........*....*...*....*.....*......*..*..**........
..*.*..*.....*...*....*......**...*.......*....*...
.......*....*...*................*.....*..***.*....
....*..*..*.**..*.....*....*............*..*...*.*.
..**.......*....*........*.*.........**........*...
.....**....................**.......*............*.

Generation = 9, Population = 129.
.....*..................*****......................
....*.*................***...*...........**........
...*...*...............**..**..........**.*........
....*.*...................*...**.....******........
.....*...................**..*..**...*.**..........
.....................**..*...*...**...*............
....................**..**..**....**...............
.....................**..*...*.****................
......................***.....****.................
..................***..........**..................
.................*..*..............*...............
.................*...*............*.*..............
.................*..*...............*..........*...
...........**.....*.*.............**..*.*......*...
......................................*.*......*...
........................................*..........
..*****.................................*.**.......
.*..*.**...............................*...........
.*...............*......................*.*........
...*..............**.......**............*.........
.................**........**......................

Generation = 18, Population = 113.
...................................................
..*.....*..........................................
..***.***.............**...........................
..*.....*.............**..*........................
....................**...*.........................
.....*..............***..........*.................
.....*.....................*....***................
.....................*.***.**..**.**...............
....................*....*..*...***................
................****..**..**.....*....*............
...............**.**.**.*.*...........**...........
..............*..*...................*.*...........
.....*.........***.................................
...****........**.............................***..
...**...*..........................................
.**.***..*.........................................
.**......*.........................................
.***.**..*.........................................
......**................................**.........
..................**.......**...........**.........
..................**.......**......................

*** Life<ConwayCell> 75x12 ***

Generation = 0, Population = 22.
............
...*........
............
...*........
...........*
.*..........
............
.........*..
............
............
............
............
......*.....
............
............
............
............
............
..........*.
............
............
........*...
............
............
............
............
............
............
............
............
............
............
............
............
............
............
............
*...........
............
............
............
............
..*.........
............
............
............
............
............
............
............
.......*....
............
............
.......*....
............
........*...
............
............
............
..........*.
..........*.
...*.*......
*...........
......*.....
............
............
............
............
............
*.........*.
............
............
...........*
............
............

Generation = 3, Population = 0.
............
............
............
............
............
............
............
............
............
............
............
............
............
............
............
............
............
............
............
............
............
............
............
............
............
............
............
............
............
............
............
............
............
............
............
............
............
............
............
............
............
............
............
............
............
............
............
............
............
............
............
............
............
............
............
............
............
............
............
............
............
............
............
............
............
............
............
............
............
............
............
............
............
............
............

Generation = 6, Population = 0.
............
............
............
............
............
............
............
............
............
............
............
............
............
............
............
............
............
............
............
............
............
............
............
............
............
............
............
............
............
............
............
............
............
............
............
............
............
............
............
............
............
............
............
............
............
............
............
............
............
............
............
............
............
............
............
............
............
............
............
............
............
............
............
............
............
............
............
............
............
............
............
............
............
............
............

Generation = 9, Population = 0.
............
............
............
............
............
............
............
............
............
............
............
............
............
............
............
............
............
............
............
............
............
............
............
............
............
............
............
............
............
............
............
............
............
............
............
............
............
............
............
............
............
............
............
............
............
............
............
............
............
............
............
............
............
............
............
............
............
............
............
............
............
............
............
............
............
............
............
............
............
............
............
............
............
............
............

Generation = 12, Population = 0.
............
............
............
............
............
............
............
............
............
............
............
............
............
............
............
............
............
............
............
............
............
............
............
............
............
............
............
............
............
............
............
............
............
............
............
............
............
............
............
............
............
............
............
............
............
............
............
............
............
............
............
............
............
............
............
............
............
............
............
............
............
............
............
............
............
............
............
............
............
............
............
............
............
............
............

*** Life<ConwayCell> 33x33 ***

Generation = 0, Population = 198.
..........*......*.........*.....
.......*.*..*.....*..............
*....**.............*..*....*...*
..*..*..*...........*.**..*......
..*..*..*..*.......***.......*..*
.............*...........*....*.*
..............*...........*.*....
*..*............*................
.................*..........**...
**.....*......****....*..........
.*........***...**........**.*...
..**..*......*...*.*....*...*....
*..*.*....*..*.............*.*...
...*..........*..*....*....*...*.
...*..............*..........**.*
*.***.....*..***........*..*.....
*..*.....................**......
*.........*.......*..*.***.......
.*...*...*.*.............*.*.....
..**.............*........*.*....
.*........**...*......*...**.....
....*.................***.....*..
........*.*........*..*..*...*...
.*..**..*...*......*.........*...
....**.*.................*...*...
*...*...*.*.**...*.......*..*.*..
.*...*...*....*.*.......***......
.....*............*..........*...
......*.*...*................*...
**.....*.*.**.....*........*.*...
...*.*.....*..............****...
.......**..*........*.......*...*
.........*.*..................*..

Generation = 13, Population = 108.
.................................
...................*.............
...................*.............
......*............*.............
....**.**.....................**.
.....*.*........................*
......*....................**....
..................*........***...
.................*.*.*....*...***
..................****...........
.**..*...........................
......*..........................
..*.............****.............
...*.*.......*......**....*......
.............***.****.....*......
.............*...*........*......
...............**................
................*................
..........*...........**.........
.........**..*.*.....*..*........
.....................*.*.........
......................*..........
.............*.*.................
.**.........*...*................
.**..............*...............
.............*....*..............
.................**..............
..............**.................
............**.*.........*.......
...........***..........*.*......
.........**.**..........*..*.....
.........*...............**......
.........***.....................

Generation = 26, Population = 66.
.................................
.................................
..................***............
.................................
.................................
.................................
......*..........................
......*..........................
......*..........................
.................................
.....................*...........
....................*.*..........
...................**............
...........**....................
...........**..*..*..*...***.....
.....................*...........
...............*.................
..................**.............
.........**...........**.........
.........**..........*..*........
.....................*.*.........
......................*..........
.................................
.**..............................
.**...............*..............
..................*..............
..........*......................
........**.......................
.........**..............*.......
.........*......*.......*.*......
........*.**....*.......*..*.....
........*.*.....*........**......
........***......................

Generation = 39, Population = 55.
.................................
...................*.............
...................*.............
...................*.............
.................................
.................................
.................................
.....***.........................
.................*...............
................**...............
................*.*..............
.................................
.................................
...........**.............*......
...........**.............*......
..........................*......
.................................
.................................
.........**...........**.........
.........**..........*..*........
.....................*.*.........
......................*..........
.................................
.**..............................
.**..............................
.................................
.................................
..............*..................
.............*.*.........*.......
............*...*.......*.*......
.......**...*....*......*..*.....
.......**....*..*........**......
.............*..*................

Generation = 52, Population = 48.
.................................
.................................
..................***............
.................................
.................................
.............**..................
......*......*.*.................
......*......*...................
......*..........................
.................................
.................................
.................................
.................................
...........**....................
...........**............***.....
.................................
.................................
.................................
.........**...........**.........
.........**..........*..*........
.....................*.*.........
......................*..........
.................................
.**..............................
.**..............................
............**...................
............**...................
.................................
.........................*.......
........................*.*......
.......**...............*..*.....
.......**................**......
.................................

Generation = 65, Population = 48.
.................................
...................*.............
..........**.......*.............
.........**........*.............
...........*.....................
.................................
.................................
.....***.........................
.................................
.................................
.................................
.................................
.................................
...........**.............*......
...........**.............*......
..........................*......
.................................
.................................
.........**...........**.........
.........**..........*..*........
.....................*.*.........
......................*..........
.................................
.**..............................
.**..............................
............**...................
............**...................
.................................
.........................*.......
........................*.*......
.......**...............*..*.....
.......**................**......
.................................

*** Life<ConwayCell> 14x12 ***

Generation = 0, Population = 58.
*..*.*..*..*
....*.....**
**..*..*....
......*..*..
**.......**.
**.*.*.*.*..
.*..*...*.**
.*..*....*.*
.****.*..*.*
*...*..**...
*..***..*..*
*...*......*
*.....*....*
.*.....*....

Generation = 2, Population = 45.
...***....**
...*.*...*..
.....*......
.*......*..*
.*......*..*
*...*....*.*
****.*..**.*
.......*.*..
..**.**.....
...***....*.
...*.*.....*
...**.......
***.........
............

Generation = 4, Population = 40.
.....**.....
...*.**.....
....**......
............
**......**..
....*....*..
***..*...*..
.....*..***.
....***.....
..*****.....
..***.......
.*..*.......
**.**.......
.*..........

*** Life<ConwayCell> 4x4 ***

Generation = 0, Population = 8.
****
....
..*.
*.**

Generation = 3, Population = 2.
....
..*.
....
..*.

Generation = 6, Population = 0.
....
....
....
....

*** Life<ConwayCell> 67x41 ***

Generation = 0, Population = 143.
.......*.........*.......................
..*.....*......*...*.....................
......*.......*.*...................*..*.
...................................*.....
.............................*.....*.....
.*.......................................
.........*............*..................
.......................*.............*...
.............................*...........
......................................*..
.......*........................*.......*
..................................*...*..
......................**.*...............
.........................................
...*.............................*.......
..*............*.........*........*......
..*......*...............................
.........................................
....***.....*................*...*.......
.................................*....*..
.*..................*....................
.........................................
.*.......................................
.......................*...............*.
.........................................
......................................**.
..............*........*.......*......*..
.........................................
..........*....................*.........
.........................*.*.............
............................***..........
....*...........*..............*.........
........*..........*..*...........*......
...........*...................*........*
.........*................*..............
.........................................
....*...........*.......................*
.........................................
............................*.........*..
..........*.......................*......
....*....................................
......................................*..
............*.*........................*.
.................**..............*...*...
..*..*.*.................................
....**.........................*......*..
......................*..................
...*..........*.*...*....................
.....................*.........*.....*.*.
...*.........**..........................
.........................................
...............*.........................
......................**....*......**....
..................................*......
........................*..*.............
...*...*......................*..*.......
.....................................*...
.............................*...........
........................................*
....*.....*..........*.............*.....
.........................................
..................*................*.*...
..*.......................*..............
..........*......*.......................
.*...................*..............*....
.........................*...............
....................*................*...

Generation = 26, Population = 32.
.........................................
...............**........................
...............**........................
.........................................
.........................................
.........................................
.........................................
.........................................
.........................................
.........................................
.........................................
.........................................
.........................................
.........................................
.........................................
.........................................
.........................................
.........................................
....***..................................
.........................................
.........................................
.........................................
.........................................
.........................................
......................................**.
.....................................*..*
......................................**.
.........................................
.............................**..........
............................*..*.........
.............................*.*.........
..............................*..........
.........................................
.........................................
.........................................
.........................................
.........................................
.........................................
.........................................
.........................................
.........................................
.........................................
.........................................
.........................................
.........................................
.............***.........................
.........................................
...........*.....*.......................
...........*.....*.......................
...........*.....*.......................
.........................................
.............***.........................
.........................................
.........................................
.........................................
.........................................
.........................................
.........................................
.........................................
.........................................
.........................................
.........................................
.........................................
.........................................
.........................................
.........................................
.........................................

Generation = 52, Population = 32.
.........................................
...............**........................
...............**........................
.........................................
.........................................
.........................................
.........................................
.........................................
.........................................
.........................................
.........................................
.........................................
.........................................
.........................................
.........................................
.........................................
.........................................
.........................................
....***..................................
.........................................
.........................................
.........................................
.........................................
.........................................
......................................**.
.....................................*..*
......................................**.
.........................................
.............................**..........
............................*..*.........
.............................*.*.........
..............................*..........
.........................................
.........................................
.........................................
.........................................
.........................................
.........................................
.........................................
.........................................
.........................................
.........................................
.........................................
.........................................
.........................................
.............***.........................
.........................................
...........*.....*.......................
...........*.....*.......................
...........*.....*.......................
.........................................
.............***.........................
.........................................
.........................................
.........................................
.........................................
.........................................
.........................................
.........................................
.........................................
.........................................
.........................................
.........................................
.........................................
.........................................
.........................................
.........................................

Generation = 78, Population = 32.
.........................................
...............**........................
...............**........................
.........................................
.........................................
.........................................
.........................................
.........................................
.........................................
.........................................
.........................................
.........................................
.........................................
.........................................
.........................................
.........................................
.........................................
.........................................
....***..................................
.........................................
.........................................
.........................................
.........................................
.........................................
......................................**.
.....................................*..*
......................................**.
.........................................
.............................**..........
............................*..*.........
.............................*.*.........
..............................*..........
.........................................
.........................................
.........................................
.........................................
.........................................
.........................................
.........................................
.........................................
.........................................
.........................................
.........................................
.........................................
.........................................
.............***.........................
.........................................
...........*.....*.......................
...........*.....*.......................
...........*.....*.......................
.........................................
.............***.........................
.........................................
.........................................
.........................................
.........................................
.........................................
.........................................
.........................................
.........................................
.........................................
.........................................
.........................................
.........................................
.........................................
.........................................
.........................................

*** Life<ConwayCell> 26x84 ***

Generation = 0, Population = 130.
.............**.......*..............*.................*.*..........................
...................*...........................*......*.............................
..............*....*.......*.................*.........................*............
.....*........*............**..**...........*.*.*.......................*...........
......................*........*....................................................
..........................**..........................................*.........*...
........*.................*.......................*....................*............
....*...*.................*.........................................................
....*...................*...................*...*..........*........................
................*...........*...*..........*...*....................................
..*................*................................................*........*...*..
.......................................*............................................
.....................*....*.....*........................*.............*...*........
....................*......*........*...............................................
................*....................................*....................*.........
..*.......................*.......*........*..*..........................*..........
*..........*...........................*..........................................*.
.*..........................*.....*.....**.............**................*...*......
................*..*............................*................*...............**.
................*.....................*.............**........*.....................
.................*....*.............*....*.........................*...*....*.......
.*.........................................*................*....*..*............*..
..*..............................*..*................*.....*.........*...*...*......
.........*...*....**................................................................
..................*......*............*...*......*.*.............*..................
....*.............................*..........................*......................

Generation = 7, Population = 27.
....................................................................................
............................*.*..............**.....................................
..........................***..**...........*..*....................................
..............................*.*............**.....................................
..............................*.*...................................................
..............................*.*...................................................
.........................**.........................................................
.........................**.........................................................
....................................................................................
....................................................................................
....................................................................................
....................................................................................
....................................................................................
....................................................................................
....................................................................................
....................................................................................
....................................................................................
....................................................................................
....................................................................................
....................................................................................
....................................................................................
....................................................................................
....................................................................................
..................**................................................................
..................**................................................................
....................................................................................

Generation = 14, Population = 29.
..........................*.........................................................
.........................**..................**.....................................
........................**..*...............*..*....................................
.........................*.**.**.............**.....................................
..........................**........................................................
..............................*.....................................................
...........................***......................................................
...........................**.......................................................
....................................................................................
....................................................................................
....................................................................................
....................................................................................
....................................................................................
....................................................................................
....................................................................................
....................................................................................
....................................................................................
....................................................................................
....................................................................................
....................................................................................
....................................................................................
....................................................................................
....................................................................................
..................**................................................................
..................**................................................................
....................................................................................

Generation = 21, Population = 41.
........................*..*.*......................................................
......................**.*.*.*...............**.....................................
.....................**.**..................*..*....................................
......................****.*.................**.....................................
......................******........................................................
.......................**.**........................................................
........................*.*.........................................................
.........................**.........................................................
....................................................................................
....................................................................................
....................................................................................
....................................................................................
....................................................................................
....................................................................................
....................................................................................
....................................................................................
....................................................................................
....................................................................................
....................................................................................
....................................................................................
....................................................................................
....................................................................................
....................................................................................
..................**................................................................
..................**................................................................
....................................................................................

Generation = 28, Population = 10.
....................................................................................
.............................................**.....................................
............................................*..*....................................
.............................................**.....................................
....................................................................................
....................................................................................
....................................................................................
....................................................................................
....................................................................................
....................................................................................
....................................................................................
....................................................................................
....................................................................................
....................................................................................
....................................................................................
....................................................................................
....................................................................................
....................................................................................
....................................................................................
....................................................................................
....................................................................................
....................................................................................
....................................................................................
..................**................................................................
..................**................................................................
....................................................................................

Generation = 35, Population = 10.
....................................................................................
.............................................**.....................................
............................................*..*....................................
.............................................**.....................................
....................................................................................
....................................................................................
....................................................................................
....................................................................................
....................................................................................
....................................................................................
....................................................................................
....................................................................................
....................................................................................
....................................................................................
....................................................................................
....................................................................................
....................................................................................
....................................................................................
....................................................................................
....................................................................................
....................................................................................
....................................................................................
....................................................................................
..................**................................................................
..................**................................................................
....................................................................................

*** Life<ConwayCell> 89x98 ***

Generation = 0, Population = 199.
...........................................................................................*......
............................................................................................*.....
..................................................................................................
...........*.........................*........*.*.....*...........................................
...................................*....................................*.........................
..................................................................................................
...........................................*................................*.....................
...........................................................................*......................
.........................*.................................................................*......
...............................................................*.......................*..........
...............................................*............................*.....................
..........................*...............................................*...........*...........
..................................................................*...............................
........................................*.........................................................
.........................*.................................*......................................
.........*........................................................................................
.........**...........*.....................................*.......*.............................
....*......................................................................*......................
..................................................*..................*.................*..........
.....................................................*............................................
..................................................................................................
....................................*.............................................................
.................................................*................................................
...*............................*..*...............................*.............*................
.......*.....................................................*....................................
..............................................................*......*.................*..........
..................................................................................................
...............................*..................................................................
........................................................*.........................................
...................................................*..................*.........................*.
.....................................*..........................*......................*..........
.........................*............*...........................................................
*.............*..................................................................................*
...................................................................*......................*.......
............*.......................................*..................*...*......................
....................................................................................*.............
................*......*..........................................................................
......................*..*....................*...................................................
.................................................................................*...........*....
............*.....................................................................................
................*...............................................*...*.........................*...
..................................................................................................
.*.............................................................*........*....*....................
.............................*....................................................................
.................*..............................*......................*...........*.*............
.............*...............................*....................................................
..*...............................................................................................
.......................*.*.................................................................*......
..............................*..............*....................................................
..*......................*.....................*..................................................
.....*..........................................*..........*......................................
........................................*.....*...................................................
................*....................*......*...................**................................
..............................................*..............................................*....
...........................*......................................................................
.......................................*......*.............................*...*.................
....*....................................................................*......*.................
..................................................................................................
.....................................*..................*.........*...............................
....*...........................................................................................*.
...........................*..........................................**................*.........
.....................................................................*....................*...*...
.....................................................................................*............
........................*.....*.............................*....*................................
...............*.............................................................*....................
........................................................*...............*.........................
......................................................................*...*.......................
..........................*.*...........*.........................................................
...................................................*....................*.........................
......................................................*...........................................
............................................*.............................*....*.............*....
......*..........................................*..............*..................*..............
..............*..............................................*.......................*............
...................................*..............................................................
..................................................................................................
....*....................*................................................................*.......
..................................................................................................
..........................*..............................................*........................
..............*.............................................*.*...................................
...............*....*..............................................*..............................
..................................................................................................
..............................................................................*....*..............
...........................*....*......................*..........................*...............
.........*...............................................*......*......................*..........
..................................**.........................................*....................
..*....................................................*..........................................
........................................*.........*..........................*....*.........*.....
...................................*...........................................*..................
..............*..................................................*...........................*....

Generation = 428, Population = 4.
..................................................................................................
..................................................................................................
..................................................................................................
..................................................................................................
..................................................................................................
..................................................................................................
..................................................................................................
..................................................................................................
..................................................................................................
..................................................................................................
..................................................................................................
..................................................................................................
..................................................................................................
..................................................................................................
..................................................................................................
.........**.......................................................................................
.........**.......................................................................................
..................................................................................................
..................................................................................................
..................................................................................................
..................................................................................................
..................................................................................................
..................................................................................................
..................................................................................................
..................................................................................................
..................................................................................................
..................................................................................................
..................................................................................................
..................................................................................................
..................................................................................................
..................................................................................................
..................................................................................................
..................................................................................................
..................................................................................................
..................................................................................................
..................................................................................................
..................................................................................................
..................................................................................................
..................................................................................................
..................................................................................................
..................................................................................................
..................................................................................................
..................................................................................................
..................................................................................................
..................................................................................................
..................................................................................................
..................................................................................................
..................................................................................................
..................................................................................................
..................................................................................................
..................................................................................................
..................................................................................................
..................................................................................................
..................................................................................................
..................................................................................................
..................................................................................................
..................................................................................................
..................................................................................................
..................................................................................................
..................................................................................................
..................................................................................................
..................................................................................................
..................................................................................................
..................................................................................................
..................................................................................................
..................................................................................................
..................................................................................................
..................................................................................................
..................................................................................................
..................................................................................................
..................................................................................................
..................................................................................................
..................................................................................................
..................................................................................................
..................................................................................................
..................................................................................................
..................................................................................................
..................................................................................................
..................................................................................................
..................................................................................................
..................................................................................................
..................................................................................................
..................................................................................................
..................................................................................................
..................................................................................................
..................................................................................................
..................................................................................................
..................................................................................................
..................................................................................................

Generation = 856, Population = 4.
..................................................................................................
..................................................................................................
..................................................................................................
..................................................................................................
..................................................................................................
..................................................................................................
..................................................................................................
..................................................................................................
..................................................................................................
..................................................................................................
..................................................................................................
..................................................................................................
..................................................................................................
..................................................................................................
..................................................................................................
.........**.......................................................................................
.........**.......................................................................................
..................................................................................................
..................................................................................................
..................................................................................................
..................................................................................................
..................................................................................................
..................................................................................................
..................................................................................................
..................................................................................................
..................................................................................................
..................................................................................................
..................................................................................................
..................................................................................................
..................................................................................................
..................................................................................................
..................................................................................................
..................................................................................................
..................................................................................................
..................................................................................................
..................................................................................................
..................................................................................................
..................................................................................................
..................................................................................................
..................................................................................................
..................................................................................................
..................................................................................................
..................................................................................................
..................................................................................................
..................................................................................................
..................................................................................................
..................................................................................................
..................................................................................................
..................................................................................................
..................................................................................................
..................................................................................................
..................................................................................................
..................................................................................................
..................................................................................................
..................................................................................................
..................................................................................................
..................................................................................................
..................................................................................................
..................................................................................................
..................................................................................................
..................................................................................................
..................................................................................................
..................................................................................................
..................................................................................................
..................................................................................................
..................................................................................................
..................................................................................................
..................................................................................................
..................................................................................................
..................................................................................................
..................................................................................................
..................................................................................................
..................................................................................................
..................................................................................................
..................................................................................................
..................................................................................................
..................................................................................................
..................................................................................................
..................................................................................................
..................................................................................................
..................................................................................................
..................................................................................................
..................................................................................................
..................................................................................................
..................................................................................................
..................................................................................................
..................................................................................................
..................................................................................................
..................................................................................................

Generation = 1284, Population = 4.
..................................................................................................
..................................................................................................
..................................................................................................
..................................................................................................
..................................................................................................
..................................................................................................
..................................................................................................
..................................................................................................
..................................................................................................
..................................................................................................
..................................................................................................
..................................................................................................
..................................................................................................
..................................................................................................
..................................................................................................
.........**.......................................................................................
.........**.......................................................................................
..................................................................................................
..................................................................................................
..................................................................................................
..................................................................................................
..................................................................................................
..................................................................................................
..................................................................................................
..................................................................................................
..................................................................................................
..................................................................................................
..................................................................................................
..................................................................................................
..................................................................................................
..................................................................................................
..................................................................................................
..................................................................................................
..................................................................................................
..................................................................................................
..................................................................................................
..................................................................................................
..................................................................................................
..................................................................................................
..................................................................................................
..................................................................................................
..................................................................................................
..................................................................................................
..................................................................................................
..................................................................................................
..................................................................................................
..................................................................................................
..................................................................................................
..................................................................................................
..................................................................................................
..................................................................................................
..................................................................................................
..................................................................................................
..................................................................................................
..................................................................................................
..................................................................................................
..................................................................................................
..................................................................................................
..................................................................................................
..................................................................................................
..................................................................................................
..................................................................................................
..................................................................................................
..................................................................................................
..................................................................................................
..................................................................................................
..................................................................................................
..................................................................................................
..................................................................................................
..................................................................................................
..................................................................................................
..................................................................................................
..................................................................................................
..................................................................................................
..................................................................................................
..................................................................................................
..................................................................................................
..................................................................................................
..................................................................................................
..................................................................................................
..................................................................................................
..................................................................................................
..................................................................................................
..................................................................................................
..................................................................................................
..................................................................................................
..................................................................................................
..................................................................................................
..................................................................................................
